Tue Dec 19 14:50:32 PST 2017
Architecture:          x86_64
CPU op-mode(s):        32-bit, 64-bit
Byte Order:            Little Endian
CPU(s):                112
On-line CPU(s) list:   0-111
Thread(s) per core:    2
Core(s) per socket:    28
Socket(s):             2
NUMA node(s):          2
Vendor ID:             GenuineIntel
CPU family:            6
Model:                 85
Model name:            Intel(R) Xeon(R) Platinum 8180 CPU @ 2.50GHz
Stepping:              4
CPU MHz:               2501.000
BogoMIPS:              4993.64
Virtualization:        VT-x
L1d cache:             32K
L1i cache:             32K
L2 cache:              1024K
L3 cache:              39424K
NUMA node0 CPU(s):     0-27,56-83
NUMA node1 CPU(s):     28-55,84-111
Linux ortce-skl3 3.10.0-327.el7.x86_64 #1 SMP Thu Oct 29 17:29:29 EDT 2015 x86_64 x86_64 x86_64 GNU/Linux
available: 2 nodes (0-1)
node 0 cpus: 0 1 2 3 4 5 6 7 8 9 10 11 12 13 14 15 16 17 18 19 20 21 22 23 24 25 26 27 56 57 58 59 60 61 62 63 64 65 66 67 68 69 70 71 72 73 74 75 76 77 78 79 80 81 82 83
node 0 size: 96973 MB
node 0 free: 91412 MB
node 1 cpus: 28 29 30 31 32 33 34 35 36 37 38 39 40 41 42 43 44 45 46 47 48 49 50 51 52 53 54 55 84 85 86 87 88 89 90 91 92 93 94 95 96 97 98 99 100 101 102 103 104 105 106 107 108 109 110 111
node 1 size: 98304 MB
node 1 free: 93294 MB
node distances:
node   0   1 
  0:  10  21 
  1:  21  10 

Per-node system memory usage (in MBs):
                          Node 0          Node 1           Total
                 --------------- --------------- ---------------
MemTotal                96973.63        98304.00       195277.63
MemFree                 91412.84        93294.62       184707.46
MemUsed                  5560.79         5009.38        10570.17
Active                    251.25          425.64          676.89
Inactive                 1685.73         1972.93         3658.66
Active(anon)              194.03           12.54          206.57
Inactive(anon)           1550.94          678.25         2229.19
Active(file)               57.23          413.09          470.32
Inactive(file)            134.79         1294.68         1429.47
Unevictable                 0.00            0.00            0.00
Mlocked                     0.00            0.00            0.00
Dirty                       0.03            0.00            0.03
Writeback                   0.00            0.00            0.00
FilePages                1745.70         2377.33         4123.03
Mapped                     34.36           10.09           44.44
AnonPages                 266.39           25.19          291.58
Shmem                      14.05            2.33           16.39
KernelStack                33.23            9.48           42.72
PageTables                 28.26           22.30           50.55
NFS_Unstable                0.00            0.00            0.00
Bounce                      0.00            0.00            0.00
WritebackTmp                0.00            0.00            0.00
Slab                      380.20          312.55          692.75
SReclaimable              183.78          111.78          295.56
SUnreclaim                196.42          200.77          397.18
AnonHugePages              68.00            0.00           68.00
HugePages_Total             0.00            0.00            0.00
HugePages_Free              0.00            0.00            0.00
HugePages_Surp              0.00            0.00            0.00
top - 14:50:32 up 20 days,  5:39,  3 users,  load average: 46.61, 35.69, 29.09
Tasks: 1952 total,   1 running, 1951 sleeping,   0 stopped,   0 zombie
%Cpu(s):  4.9 us,  0.1 sy,  0.0 ni, 95.1 id,  0.0 wa,  0.0 hi,  0.0 si,  0.0 st
KiB Mem : 19652648+total, 18913756+free,  4717384 used,  2671536 buff/cache
KiB Swap: 50331644 total, 47096012 free,  3235632 used. 19104772+avail Mem 

   PID USER      PR  NI    VIRT    RES    SHR S  %CPU %MEM     TIME+ COMMAND
226780 cyount    20   0  152228   3932   1476 R   5.9  0.0   0:00.02 top
     1 root      20   0  197856   6204   1468 S   0.0  0.0   1:05.21 systemd
     2 root      20   0       0      0      0 S   0.0  0.0   0:00.28 kthreadd
     3 root      20   0       0      0      0 S   0.0  0.0   0:00.07 ksoftirqd/0
     5 root       0 -20       0      0      0 S   0.0  0.0   0:00.00 kworker/0:0H
     8 root      rt   0       0      0      0 S   0.0  0.0   0:01.43 migration/0
     9 root      20   0       0      0      0 S   0.0  0.0   0:00.00 rcu_bh
    10 root      20   0       0      0      0 S   0.0  0.0   0:00.00 rcuob/0
    11 root      20   0       0      0      0 S   0.0  0.0   0:00.00 rcuob/1
    12 root      20   0       0      0      0 S   0.0  0.0   0:00.00 rcuob/2
    13 root      20   0       0      0      0 S   0.0  0.0   0:00.00 rcuob/3
    14 root      20   0       0      0      0 S   0.0  0.0   0:00.00 rcuob/4
    15 root      20   0       0      0      0 S   0.0  0.0   0:00.00 rcuob/5
    16 root      20   0       0      0      0 S   0.0  0.0   0:00.00 rcuob/6
    17 root      20   0       0      0      0 S   0.0  0.0   0:00.00 rcuob/7
    18 root      20   0       0      0      0 S   0.0  0.0   0:00.00 rcuob/8
    19 root      20   0       0      0      0 S   0.0  0.0   0:00.00 rcuob/9
    20 root      20   0       0      0      0 S   0.0  0.0   0:00.00 rcuob/10
    21 root      20   0       0      0      0 S   0.0  0.0   0:00.00 rcuob/11
    22 root      20   0       0      0      0 S   0.0  0.0   0:00.00 rcuob/12
    23 root      20   0       0      0      0 S   0.0  0.0   0:00.00 rcuob/13
    24 root      20   0       0      0      0 S   0.0  0.0   0:00.00 rcuob/14
    25 root      20   0       0      0      0 S   0.0  0.0   0:00.00 rcuob/15
env DEVITO_PLATFORM=skx DEVITO_ISA=avx512 DEVITO_DLE_OPTIONS=blockinner:True DEVITO_AUTOTUNING=aggressive DEVITO_BACKEND=core DEVITO_OPENMP=1 DEVITO_ARCH=intel DEVITO_LOGGING=DEBUG DEVITO_YASK_AUTOTUNING=preemptive DEVITO_YASK_DUMP=devito.bench.2017-12-19/acoustic/core/bmO2/ortce-skl3/grid1024/so4 numactl --cpubind=1 python examples/seismic/benchmark.py bench -bm O2 -P acoustic -so 4 -to 2 -d 1024 1024 1024 --tn 1000 -x 3 -r devito.bench.2017-12-19/acoustic/core/bmO2/ortce-skl3/grid1024/so4
Allocating memory for m ((1044, 1044, 1044))
Allocating memory for damp ((1044, 1044, 1044))
Allocating memory for src ((329, 1))
Allocating memory for src_coords ((1, 3))
Allocating memory for nrec_coords ((1024, 3))
Applying Forward
Allocating memory for rec_coords ((1024, 3))
DSE: extract_time_invariants [flops: 51, elapsed: 0.00] >>
     eliminate_inter_stencil_redundancies [flops: 51, elapsed: 0.00] >>
     eliminate_intra_stencil_redundancies [flops: 42, elapsed: 0.00] >>
     factorize [flops: 32, elapsed: 0.01] >>
     finalize [flops: 36, elapsed: 0.00]
     [Total elapsed: 0.02 s]
DLE: avoid_denormals [elapsed: 0.00] >>
     loop_fission [elapsed: 0.00] >>
     loop_blocking [elapsed: 0.05] >>
     simdize [elapsed: 0.23] >>
     ompize [elapsed: 0.03] >>
     create_elemental_functions [elapsed: 0.07] >>
     minimize_remainders [elapsed: 0.01]
     [Total elapsed: 0.39 s]
Allocating memory for rec ((329, 1024))
Allocating memory for u ((3, 1044, 1044, 1044))
IntelCompiler: compiled /tmp/devito-0i_dbrtx/7de75c714735bf25dbb87102c5bf50b328ecdf49.c [0.85 s]
AutoTuner: Block shape <8,8,8> took 0.454464 (s) in 3 time steps
AutoTuner: Block shape <16,16,16> took 0.400851 (s) in 3 time steps
AutoTuner: Block shape <24,24,24> took 0.376950 (s) in 3 time steps
AutoTuner: Block shape <32,32,32> took 0.485066 (s) in 3 time steps
AutoTuner: Block shape <40,40,40> took 0.501372 (s) in 3 time steps
AutoTuner: Block shape <64,64,64> took 0.441964 (s) in 3 time steps
AutoTuner: Block shape <128,128,128> took 0.480456 (s) in 3 time steps
AutoTuner: Block shape <256,256,256> took 0.553864 (s) in 3 time steps
AutoTuner: Block shape <512,512,512> took 0.599170 (s) in 3 time steps
AutoTuner: Block shape <1024,1024,1024> took 2.926157 (s) in 3 time steps
AutoTuner: Block shape <1040,1040,1040> took 2.683977 (s) in 3 time steps
AutoTuner: Block shape <8,8,16> took 0.419206 (s) in 3 time steps
AutoTuner: Block shape <8,8,24> took 0.358895 (s) in 3 time steps
AutoTuner: Block shape <8,8,32> took 0.350924 (s) in 3 time steps
AutoTuner: Block shape <8,8,40> took 0.344959 (s) in 3 time steps
AutoTuner: Block shape <8,8,64> took 0.350692 (s) in 3 time steps
AutoTuner: Block shape <8,8,128> took 0.344444 (s) in 3 time steps
AutoTuner: Block shape <8,8,256> took 0.367769 (s) in 3 time steps
AutoTuner: Block shape <8,8,512> took 0.360959 (s) in 3 time steps
AutoTuner: Block shape <8,8,1024> took 0.317785 (s) in 3 time steps
AutoTuner: Block shape <8,8,1040> took 0.308596 (s) in 3 time steps
AutoTuner: Block shape <16,16,8> took 0.381413 (s) in 3 time steps
AutoTuner: Block shape <16,16,24> took 0.350252 (s) in 3 time steps
AutoTuner: Block shape <16,16,32> took 0.349300 (s) in 3 time steps
AutoTuner: Block shape <16,16,40> took 0.346550 (s) in 3 time steps
AutoTuner: Block shape <16,16,64> took 0.356907 (s) in 3 time steps
AutoTuner: Block shape <16,16,128> took 0.389312 (s) in 3 time steps
AutoTuner: Block shape <16,16,256> took 0.411401 (s) in 3 time steps
AutoTuner: Block shape <16,16,512> took 0.364960 (s) in 3 time steps
AutoTuner: Block shape <16,16,1024> took 0.322030 (s) in 3 time steps
AutoTuner: Block shape <16,16,1040> took 0.312318 (s) in 3 time steps
AutoTuner: Block shape <24,24,8> took 0.391502 (s) in 3 time steps
AutoTuner: Block shape <24,24,16> took 0.401919 (s) in 3 time steps
AutoTuner: Block shape <24,24,32> took 0.386551 (s) in 3 time steps
AutoTuner: Block shape <24,24,40> took 0.400303 (s) in 3 time steps
AutoTuner: Block shape <24,24,64> took 0.413672 (s) in 3 time steps
AutoTuner: Block shape <24,24,128> took 0.415963 (s) in 3 time steps
AutoTuner: Block shape <24,24,256> took 0.416580 (s) in 3 time steps
AutoTuner: Block shape <24,24,512> took 0.381183 (s) in 3 time steps
AutoTuner: Block shape <24,24,1024> took 0.327053 (s) in 3 time steps
AutoTuner: Block shape <24,24,1040> took 0.317523 (s) in 3 time steps
AutoTuner: Block shape <32,32,8> took 0.443907 (s) in 3 time steps
AutoTuner: Block shape <32,32,16> took 0.441339 (s) in 3 time steps
AutoTuner: Block shape <32,32,24> took 0.482511 (s) in 3 time steps
AutoTuner: Block shape <32,32,40> took 0.483546 (s) in 3 time steps
AutoTuner: Block shape <32,32,64> took 0.439699 (s) in 3 time steps
AutoTuner: Block shape <32,32,128> took 0.414567 (s) in 3 time steps
AutoTuner: Block shape <32,32,256> took 0.424853 (s) in 3 time steps
AutoTuner: Block shape <32,32,512> took 0.381526 (s) in 3 time steps
AutoTuner: Block shape <32,32,1024> took 0.353637 (s) in 3 time steps
AutoTuner: Block shape <32,32,1040> took 0.344164 (s) in 3 time steps
AutoTuner: Block shape <16,8,8> took 0.394331 (s) in 3 time steps
AutoTuner: Block shape <8,16,8> took 0.390599 (s) in 3 time steps
AutoTuner: Block shape <16,8,16> took 0.409662 (s) in 3 time steps
AutoTuner: Block shape <8,16,16> took 0.408898 (s) in 3 time steps
AutoTuner: Block shape <32,16,16> took 0.403033 (s) in 3 time steps
AutoTuner: Block shape <16,32,16> took 0.401161 (s) in 3 time steps
AutoTuner: Block shape <32,16,32> took 0.374667 (s) in 3 time steps
AutoTuner: Block shape <16,32,32> took 0.374492 (s) in 3 time steps
AutoTuner: Block shape <48,24,24> took 0.507622 (s) in 3 time steps
AutoTuner: Block shape <24,48,24> took 0.512063 (s) in 3 time steps
AutoTuner: Block shape <24,24,48> took 0.415433 (s) in 3 time steps
AutoTuner: Block shape <48,48,24> took 0.572353 (s) in 3 time steps
AutoTuner: Block shape <48,24,48> took 0.464018 (s) in 3 time steps
AutoTuner: Block shape <24,48,48> took 0.477744 (s) in 3 time steps
AutoTuner: Block shape <48,48,48> took 0.480226 (s) in 3 time steps
AutoTuner: Block shape <64,32,32> took 0.520995 (s) in 3 time steps
AutoTuner: Block shape <32,64,32> took 0.543962 (s) in 3 time steps
AutoTuner: Block shape <64,64,32> took 0.539874 (s) in 3 time steps
AutoTuner: Block shape <64,32,64> took 0.433634 (s) in 3 time steps
AutoTuner: Block shape <32,64,64> took 0.443100 (s) in 3 time steps
AutoTuner: Block shape <80,40,40> took 0.509920 (s) in 3 time steps
AutoTuner: Block shape <40,80,40> took 0.506307 (s) in 3 time steps
AutoTuner: Block shape <40,40,80> took 0.405009 (s) in 3 time steps
AutoTuner: Block shape <80,80,40> took 0.516964 (s) in 3 time steps
AutoTuner: Block shape <80,40,80> took 0.418412 (s) in 3 time steps
AutoTuner: Block shape <40,80,80> took 0.413013 (s) in 3 time steps
AutoTuner: Block shape <80,80,80> took 0.418190 (s) in 3 time steps
AutoTuner: Block shape <128,64,64> took 0.458017 (s) in 3 time steps
AutoTuner: Block shape <64,128,64> took 0.457209 (s) in 3 time steps
AutoTuner: Block shape <64,64,128> took 0.422718 (s) in 3 time steps
AutoTuner: Block shape <128,128,64> took 0.471277 (s) in 3 time steps
AutoTuner: Block shape <128,64,128> took 0.434859 (s) in 3 time steps
AutoTuner: Block shape <64,128,128> took 0.472907 (s) in 3 time steps
AutoTuner: Block shape <256,128,128> took 0.480834 (s) in 3 time steps
AutoTuner: Block shape <128,256,128> took 0.555557 (s) in 3 time steps
AutoTuner: Block shape <128,128,256> took 0.528357 (s) in 3 time steps
AutoTuner: Block shape <256,256,128> took 0.587757 (s) in 3 time steps
AutoTuner: Block shape <256,128,256> took 0.536507 (s) in 3 time steps
AutoTuner: Block shape <128,256,256> took 0.582635 (s) in 3 time steps
AutoTuner: Block shape <512,256,256> took 0.603427 (s) in 3 time steps
AutoTuner: Block shape <256,512,256> took 0.642721 (s) in 3 time steps
AutoTuner: Block shape <256,256,512> took 0.533541 (s) in 3 time steps
AutoTuner: Block shape <512,512,256> took 0.671535 (s) in 3 time steps
AutoTuner: Block shape <512,256,512> took 0.477795 (s) in 3 time steps
AutoTuner: Block shape <256,512,512> took 0.485463 (s) in 3 time steps
AutoTuner: Block shape <1024,512,512> took 0.956658 (s) in 3 time steps
AutoTuner: Block shape <512,1024,512> took 1.078294 (s) in 3 time steps
AutoTuner: Block shape <512,512,1024> took 0.931018 (s) in 3 time steps
AutoTuner: Block shape <1024,1024,512> took 1.794410 (s) in 3 time steps
AutoTuner: Block shape <1024,512,1024> took 1.524846 (s) in 3 time steps
AutoTuner: Block shape <512,1024,1024> took 1.743504 (s) in 3 time steps
Auto-tuned block shape: {'x0_block_size': 8, 'y0_block_size': 8, 'z0_block_size': 1040}
=========================================================================================
Section section_1<327,1> with OI=0.96 computed in 0.000 s [0.13 GFlops/s]
Section section_2<327,1024> with OI=2.09 computed in 0.014 s [2.01 GFlops/s]
Section main<327,1040,1040,1040> with OI=2.21 computed in 101.056 s [131.03 GFlops/s, 3.64 GPts/s]
=========================================================================================
Allocating memory for m ((1044, 1044, 1044))
Allocating memory for damp ((1044, 1044, 1044))
Allocating memory for src ((329, 1))
Allocating memory for src_coords ((1, 3))
Allocating memory for nrec_coords ((1024, 3))
Applying Forward
Allocating memory for rec_coords ((1024, 3))
DSE: extract_time_invariants [flops: 51, elapsed: 0.00] >>
     eliminate_inter_stencil_redundancies [flops: 51, elapsed: 0.00] >>
     eliminate_intra_stencil_redundancies [flops: 42, elapsed: 0.00] >>
     factorize [flops: 32, elapsed: 0.01] >>
     finalize [flops: 36, elapsed: 0.00]
     [Total elapsed: 0.02 s]
DLE: avoid_denormals [elapsed: 0.00] >>
     loop_fission [elapsed: 0.00] >>
     loop_blocking [elapsed: 0.05] >>
     simdize [elapsed: 0.01] >>
     ompize [elapsed: 0.03] >>
     create_elemental_functions [elapsed: 0.07] >>
     minimize_remainders [elapsed: 0.01]
     [Total elapsed: 0.17 s]
Allocating memory for rec ((329, 1024))
Allocating memory for u ((3, 1044, 1044, 1044))
IntelCompiler: compiled /tmp/devito-0i_dbrtx/7de75c714735bf25dbb87102c5bf50b328ecdf49.c [0.86 s]
AutoTuner: Block shape <8,8,8> took 0.406632 (s) in 3 time steps
AutoTuner: Block shape <16,16,16> took 0.402518 (s) in 3 time steps
AutoTuner: Block shape <24,24,24> took 0.377813 (s) in 3 time steps
AutoTuner: Block shape <32,32,32> took 0.474789 (s) in 3 time steps
AutoTuner: Block shape <40,40,40> took 0.496600 (s) in 3 time steps
AutoTuner: Block shape <64,64,64> took 0.435468 (s) in 3 time steps
AutoTuner: Block shape <128,128,128> took 0.474795 (s) in 3 time steps
AutoTuner: Block shape <256,256,256> took 0.551626 (s) in 3 time steps
AutoTuner: Block shape <512,512,512> took 0.600333 (s) in 3 time steps
AutoTuner: Block shape <1024,1024,1024> took 2.922514 (s) in 3 time steps
AutoTuner: Block shape <1040,1040,1040> took 2.691577 (s) in 3 time steps
AutoTuner: Block shape <8,8,16> took 0.420764 (s) in 3 time steps
AutoTuner: Block shape <8,8,24> took 0.359487 (s) in 3 time steps
AutoTuner: Block shape <8,8,32> took 0.351968 (s) in 3 time steps
AutoTuner: Block shape <8,8,40> took 0.345897 (s) in 3 time steps
AutoTuner: Block shape <8,8,64> took 0.351254 (s) in 3 time steps
AutoTuner: Block shape <8,8,128> took 0.343926 (s) in 3 time steps
AutoTuner: Block shape <8,8,256> took 0.367457 (s) in 3 time steps
AutoTuner: Block shape <8,8,512> took 0.361311 (s) in 3 time steps
AutoTuner: Block shape <8,8,1024> took 0.318171 (s) in 3 time steps
AutoTuner: Block shape <8,8,1040> took 0.308920 (s) in 3 time steps
AutoTuner: Block shape <16,16,8> took 0.382625 (s) in 3 time steps
AutoTuner: Block shape <16,16,24> took 0.354702 (s) in 3 time steps
AutoTuner: Block shape <16,16,32> took 0.348252 (s) in 3 time steps
AutoTuner: Block shape <16,16,40> took 0.344219 (s) in 3 time steps
AutoTuner: Block shape <16,16,64> took 0.358290 (s) in 3 time steps
AutoTuner: Block shape <16,16,128> took 0.387348 (s) in 3 time steps
AutoTuner: Block shape <16,16,256> took 0.411586 (s) in 3 time steps
AutoTuner: Block shape <16,16,512> took 0.364840 (s) in 3 time steps
AutoTuner: Block shape <16,16,1024> took 0.322429 (s) in 3 time steps
AutoTuner: Block shape <16,16,1040> took 0.313802 (s) in 3 time steps
AutoTuner: Block shape <24,24,8> took 0.390490 (s) in 3 time steps
AutoTuner: Block shape <24,24,16> took 0.402438 (s) in 3 time steps
AutoTuner: Block shape <24,24,32> took 0.382076 (s) in 3 time steps
AutoTuner: Block shape <24,24,40> took 0.394331 (s) in 3 time steps
AutoTuner: Block shape <24,24,64> took 0.406923 (s) in 3 time steps
AutoTuner: Block shape <24,24,128> took 0.401330 (s) in 3 time steps
AutoTuner: Block shape <24,24,256> took 0.413984 (s) in 3 time steps
AutoTuner: Block shape <24,24,512> took 0.378527 (s) in 3 time steps
AutoTuner: Block shape <24,24,1024> took 0.329308 (s) in 3 time steps
AutoTuner: Block shape <24,24,1040> took 0.319827 (s) in 3 time steps
AutoTuner: Block shape <32,32,8> took 0.440881 (s) in 3 time steps
AutoTuner: Block shape <32,32,16> took 0.438925 (s) in 3 time steps
AutoTuner: Block shape <32,32,24> took 0.470291 (s) in 3 time steps
AutoTuner: Block shape <32,32,40> took 0.469671 (s) in 3 time steps
AutoTuner: Block shape <32,32,64> took 0.426773 (s) in 3 time steps
AutoTuner: Block shape <32,32,128> took 0.402455 (s) in 3 time steps
AutoTuner: Block shape <32,32,256> took 0.419716 (s) in 3 time steps
AutoTuner: Block shape <32,32,512> took 0.382378 (s) in 3 time steps
AutoTuner: Block shape <32,32,1024> took 0.355175 (s) in 3 time steps
AutoTuner: Block shape <32,32,1040> took 0.345731 (s) in 3 time steps
AutoTuner: Block shape <16,8,8> took 0.394817 (s) in 3 time steps
AutoTuner: Block shape <8,16,8> took 0.390864 (s) in 3 time steps
AutoTuner: Block shape <16,8,16> took 0.411409 (s) in 3 time steps
AutoTuner: Block shape <8,16,16> took 0.410531 (s) in 3 time steps
AutoTuner: Block shape <32,16,16> took 0.402354 (s) in 3 time steps
AutoTuner: Block shape <16,32,16> took 0.401527 (s) in 3 time steps
AutoTuner: Block shape <32,16,32> took 0.371391 (s) in 3 time steps
AutoTuner: Block shape <16,32,32> took 0.372815 (s) in 3 time steps
AutoTuner: Block shape <48,24,24> took 0.504263 (s) in 3 time steps
AutoTuner: Block shape <24,48,24> took 0.497357 (s) in 3 time steps
AutoTuner: Block shape <24,24,48> took 0.412142 (s) in 3 time steps
AutoTuner: Block shape <48,48,24> took 0.567529 (s) in 3 time steps
AutoTuner: Block shape <48,24,48> took 0.456676 (s) in 3 time steps
AutoTuner: Block shape <24,48,48> took 0.460523 (s) in 3 time steps
AutoTuner: Block shape <48,48,48> took 0.462766 (s) in 3 time steps
AutoTuner: Block shape <64,32,32> took 0.520583 (s) in 3 time steps
AutoTuner: Block shape <32,64,32> took 0.529219 (s) in 3 time steps
AutoTuner: Block shape <64,64,32> took 0.527981 (s) in 3 time steps
AutoTuner: Block shape <64,32,64> took 0.427496 (s) in 3 time steps
AutoTuner: Block shape <32,64,64> took 0.436105 (s) in 3 time steps
AutoTuner: Block shape <80,40,40> took 0.498462 (s) in 3 time steps
AutoTuner: Block shape <40,80,40> took 0.496414 (s) in 3 time steps
AutoTuner: Block shape <40,40,80> took 0.398426 (s) in 3 time steps
AutoTuner: Block shape <80,80,40> took 0.509915 (s) in 3 time steps
AutoTuner: Block shape <80,40,80> took 0.399893 (s) in 3 time steps
AutoTuner: Block shape <40,80,80> took 0.404626 (s) in 3 time steps
AutoTuner: Block shape <80,80,80> took 0.410166 (s) in 3 time steps
AutoTuner: Block shape <128,64,64> took 0.439935 (s) in 3 time steps
AutoTuner: Block shape <64,128,64> took 0.452095 (s) in 3 time steps
AutoTuner: Block shape <64,64,128> took 0.412176 (s) in 3 time steps
AutoTuner: Block shape <128,128,64> took 0.462579 (s) in 3 time steps
AutoTuner: Block shape <128,64,128> took 0.413389 (s) in 3 time steps
AutoTuner: Block shape <64,128,128> took 0.468103 (s) in 3 time steps
AutoTuner: Block shape <256,128,128> took 0.475328 (s) in 3 time steps
AutoTuner: Block shape <128,256,128> took 0.556818 (s) in 3 time steps
AutoTuner: Block shape <128,128,256> took 0.530962 (s) in 3 time steps
AutoTuner: Block shape <256,256,128> took 0.563988 (s) in 3 time steps
AutoTuner: Block shape <256,128,256> took 0.521642 (s) in 3 time steps
AutoTuner: Block shape <128,256,256> took 0.567940 (s) in 3 time steps
AutoTuner: Block shape <512,256,256> took 0.560670 (s) in 3 time steps
AutoTuner: Block shape <256,512,256> took 0.609567 (s) in 3 time steps
AutoTuner: Block shape <256,256,512> took 0.521001 (s) in 3 time steps
AutoTuner: Block shape <512,512,256> took 0.559398 (s) in 3 time steps
AutoTuner: Block shape <512,256,512> took 0.440159 (s) in 3 time steps
AutoTuner: Block shape <256,512,512> took 0.488600 (s) in 3 time steps
AutoTuner: Block shape <1024,512,512> took 0.959330 (s) in 3 time steps
AutoTuner: Block shape <512,1024,512> took 1.078434 (s) in 3 time steps
AutoTuner: Block shape <512,512,1024> took 0.932343 (s) in 3 time steps
AutoTuner: Block shape <1024,1024,512> took 1.802644 (s) in 3 time steps
AutoTuner: Block shape <1024,512,1024> took 1.528912 (s) in 3 time steps
AutoTuner: Block shape <512,1024,1024> took 1.747210 (s) in 3 time steps
Auto-tuned block shape: {'x0_block_size': 8, 'y0_block_size': 8, 'z0_block_size': 1040}
=========================================================================================
Section section_1<327,1> with OI=0.96 computed in 0.000 s [0.13 GFlops/s]
Section section_2<327,1024> with OI=2.09 computed in 0.014 s [2.00 GFlops/s]
Section main<327,1040,1040,1040> with OI=2.21 computed in 101.051 s [131.04 GFlops/s, 3.64 GPts/s]
=========================================================================================
Allocating memory for m ((1044, 1044, 1044))
Allocating memory for damp ((1044, 1044, 1044))
Allocating memory for src ((329, 1))
Allocating memory for src_coords ((1, 3))
Allocating memory for nrec_coords ((1024, 3))
Applying Forward
Allocating memory for rec_coords ((1024, 3))
DSE: extract_time_invariants [flops: 51, elapsed: 0.00] >>
     eliminate_inter_stencil_redundancies [flops: 51, elapsed: 0.00] >>
     eliminate_intra_stencil_redundancies [flops: 42, elapsed: 0.00] >>
     factorize [flops: 32, elapsed: 0.01] >>
     finalize [flops: 36, elapsed: 0.00]
     [Total elapsed: 0.02 s]
DLE: avoid_denormals [elapsed: 0.00] >>
     loop_fission [elapsed: 0.00] >>
     loop_blocking [elapsed: 0.06] >>
     simdize [elapsed: 0.01] >>
     ompize [elapsed: 0.03] >>
     create_elemental_functions [elapsed: 0.07] >>
     minimize_remainders [elapsed: 0.01]
     [Total elapsed: 0.17 s]
Allocating memory for rec ((329, 1024))
Allocating memory for u ((3, 1044, 1044, 1044))
IntelCompiler: compiled /tmp/devito-0i_dbrtx/7de75c714735bf25dbb87102c5bf50b328ecdf49.c [0.86 s]
AutoTuner: Block shape <8,8,8> took 0.405402 (s) in 3 time steps
AutoTuner: Block shape <16,16,16> took 0.401059 (s) in 3 time steps
AutoTuner: Block shape <24,24,24> took 0.376939 (s) in 3 time steps
AutoTuner: Block shape <32,32,32> took 0.474163 (s) in 3 time steps
AutoTuner: Block shape <40,40,40> took 0.497382 (s) in 3 time steps
AutoTuner: Block shape <64,64,64> took 0.437340 (s) in 3 time steps
AutoTuner: Block shape <128,128,128> took 0.474865 (s) in 3 time steps
AutoTuner: Block shape <256,256,256> took 0.557106 (s) in 3 time steps
AutoTuner: Block shape <512,512,512> took 0.597066 (s) in 3 time steps
AutoTuner: Block shape <1024,1024,1024> took 2.901724 (s) in 3 time steps
AutoTuner: Block shape <1040,1040,1040> took 2.673262 (s) in 3 time steps
AutoTuner: Block shape <8,8,16> took 0.418884 (s) in 3 time steps
AutoTuner: Block shape <8,8,24> took 0.358738 (s) in 3 time steps
AutoTuner: Block shape <8,8,32> took 0.350871 (s) in 3 time steps
AutoTuner: Block shape <8,8,40> took 0.345009 (s) in 3 time steps
AutoTuner: Block shape <8,8,64> took 0.350563 (s) in 3 time steps
AutoTuner: Block shape <8,8,128> took 0.343332 (s) in 3 time steps
AutoTuner: Block shape <8,8,256> took 0.367019 (s) in 3 time steps
AutoTuner: Block shape <8,8,512> took 0.360991 (s) in 3 time steps
AutoTuner: Block shape <8,8,1024> took 0.318000 (s) in 3 time steps
AutoTuner: Block shape <8,8,1040> took 0.308891 (s) in 3 time steps
AutoTuner: Block shape <16,16,8> took 0.381954 (s) in 3 time steps
AutoTuner: Block shape <16,16,24> took 0.353844 (s) in 3 time steps
AutoTuner: Block shape <16,16,32> took 0.347358 (s) in 3 time steps
AutoTuner: Block shape <16,16,40> took 0.342874 (s) in 3 time steps
AutoTuner: Block shape <16,16,64> took 0.354866 (s) in 3 time steps
AutoTuner: Block shape <16,16,128> took 0.386660 (s) in 3 time steps
AutoTuner: Block shape <16,16,256> took 0.411388 (s) in 3 time steps
AutoTuner: Block shape <16,16,512> took 0.364507 (s) in 3 time steps
AutoTuner: Block shape <16,16,1024> took 0.322411 (s) in 3 time steps
AutoTuner: Block shape <16,16,1040> took 0.313346 (s) in 3 time steps
AutoTuner: Block shape <24,24,8> took 0.390116 (s) in 3 time steps
AutoTuner: Block shape <24,24,16> took 0.399903 (s) in 3 time steps
AutoTuner: Block shape <24,24,32> took 0.381161 (s) in 3 time steps
AutoTuner: Block shape <24,24,40> took 0.392382 (s) in 3 time steps
AutoTuner: Block shape <24,24,64> took 0.409293 (s) in 3 time steps
AutoTuner: Block shape <24,24,128> took 0.411102 (s) in 3 time steps
AutoTuner: Block shape <24,24,256> took 0.422664 (s) in 3 time steps
AutoTuner: Block shape <24,24,512> took 0.378787 (s) in 3 time steps
AutoTuner: Block shape <24,24,1024> took 0.328852 (s) in 3 time steps
AutoTuner: Block shape <24,24,1040> took 0.319752 (s) in 3 time steps
AutoTuner: Block shape <32,32,8> took 0.440077 (s) in 3 time steps
AutoTuner: Block shape <32,32,16> took 0.437808 (s) in 3 time steps
AutoTuner: Block shape <32,32,24> took 0.468046 (s) in 3 time steps
AutoTuner: Block shape <32,32,40> took 0.476412 (s) in 3 time steps
AutoTuner: Block shape <32,32,64> took 0.434492 (s) in 3 time steps
AutoTuner: Block shape <32,32,128> took 0.407241 (s) in 3 time steps
AutoTuner: Block shape <32,32,256> took 0.418938 (s) in 3 time steps
AutoTuner: Block shape <32,32,512> took 0.381305 (s) in 3 time steps
AutoTuner: Block shape <32,32,1024> took 0.355186 (s) in 3 time steps
AutoTuner: Block shape <32,32,1040> took 0.345915 (s) in 3 time steps
AutoTuner: Block shape <16,8,8> took 0.393966 (s) in 3 time steps
AutoTuner: Block shape <8,16,8> took 0.390746 (s) in 3 time steps
AutoTuner: Block shape <16,8,16> took 0.409362 (s) in 3 time steps
AutoTuner: Block shape <8,16,16> took 0.408484 (s) in 3 time steps
AutoTuner: Block shape <32,16,16> took 0.400922 (s) in 3 time steps
AutoTuner: Block shape <16,32,16> took 0.399263 (s) in 3 time steps
AutoTuner: Block shape <32,16,32> took 0.370513 (s) in 3 time steps
AutoTuner: Block shape <16,32,32> took 0.371595 (s) in 3 time steps
AutoTuner: Block shape <48,24,24> took 0.496444 (s) in 3 time steps
AutoTuner: Block shape <24,48,24> took 0.496275 (s) in 3 time steps
AutoTuner: Block shape <24,24,48> took 0.412243 (s) in 3 time steps
AutoTuner: Block shape <48,48,24> took 0.570908 (s) in 3 time steps
AutoTuner: Block shape <48,24,48> took 0.458179 (s) in 3 time steps
AutoTuner: Block shape <24,48,48> took 0.470961 (s) in 3 time steps
AutoTuner: Block shape <48,48,48> took 0.471446 (s) in 3 time steps
AutoTuner: Block shape <64,32,32> took 0.519062 (s) in 3 time steps
AutoTuner: Block shape <32,64,32> took 0.533535 (s) in 3 time steps
AutoTuner: Block shape <64,64,32> took 0.531823 (s) in 3 time steps
AutoTuner: Block shape <64,32,64> took 0.429256 (s) in 3 time steps
AutoTuner: Block shape <32,64,64> took 0.438797 (s) in 3 time steps
AutoTuner: Block shape <80,40,40> took 0.506245 (s) in 3 time steps
AutoTuner: Block shape <40,80,40> took 0.501104 (s) in 3 time steps
AutoTuner: Block shape <40,40,80> took 0.399339 (s) in 3 time steps
AutoTuner: Block shape <80,80,40> took 0.509523 (s) in 3 time steps
AutoTuner: Block shape <80,40,80> took 0.410320 (s) in 3 time steps
AutoTuner: Block shape <40,80,80> took 0.407666 (s) in 3 time steps
AutoTuner: Block shape <80,80,80> took 0.413075 (s) in 3 time steps
AutoTuner: Block shape <128,64,64> took 0.445940 (s) in 3 time steps
AutoTuner: Block shape <64,128,64> took 0.451234 (s) in 3 time steps
AutoTuner: Block shape <64,64,128> took 0.415688 (s) in 3 time steps
AutoTuner: Block shape <128,128,64> took 0.455066 (s) in 3 time steps
AutoTuner: Block shape <128,64,128> took 0.420537 (s) in 3 time steps
AutoTuner: Block shape <64,128,128> took 0.466969 (s) in 3 time steps
AutoTuner: Block shape <256,128,128> took 0.478292 (s) in 3 time steps
AutoTuner: Block shape <128,256,128> took 0.555587 (s) in 3 time steps
AutoTuner: Block shape <128,128,256> took 0.530948 (s) in 3 time steps
AutoTuner: Block shape <256,256,128> took 0.563424 (s) in 3 time steps
AutoTuner: Block shape <256,128,256> took 0.519891 (s) in 3 time steps
AutoTuner: Block shape <128,256,256> took 0.567597 (s) in 3 time steps
AutoTuner: Block shape <512,256,256> took 0.559571 (s) in 3 time steps
AutoTuner: Block shape <256,512,256> took 0.608672 (s) in 3 time steps
AutoTuner: Block shape <256,256,512> took 0.518913 (s) in 3 time steps
AutoTuner: Block shape <512,512,256> took 0.543556 (s) in 3 time steps
AutoTuner: Block shape <512,256,512> took 0.440145 (s) in 3 time steps
AutoTuner: Block shape <256,512,512> took 0.485044 (s) in 3 time steps
AutoTuner: Block shape <1024,512,512> took 0.956119 (s) in 3 time steps
AutoTuner: Block shape <512,1024,512> took 1.068079 (s) in 3 time steps
AutoTuner: Block shape <512,512,1024> took 0.929161 (s) in 3 time steps
AutoTuner: Block shape <1024,1024,512> took 1.785510 (s) in 3 time steps
AutoTuner: Block shape <1024,512,1024> took 1.517934 (s) in 3 time steps
AutoTuner: Block shape <512,1024,1024> took 1.737520 (s) in 3 time steps
Auto-tuned block shape: {'x0_block_size': 8, 'y0_block_size': 8, 'z0_block_size': 1040}
=========================================================================================
Section section_1<327,1> with OI=0.96 computed in 0.000 s [0.12 GFlops/s]
Section section_2<327,1024> with OI=2.09 computed in 0.014 s [1.96 GFlops/s]
Section main<327,1040,1040,1040> with OI=2.21 computed in 101.050 s [131.04 GFlops/s, 3.64 GPts/s]
=========================================================================================


OpesciBench: Running 3 repeats - parameters: arch: unknown, autotune: True, dle: advanced, dse: advanced, nbpml: 10, shape: (1024, 1024, 1024), space_order: 4, spacing: (20.0, 20.0, 20.0), time_order: 2, tn: 1000
OpesciBench [14:50:34]: --- Run 0 ---
OpesciBench [14:55:04]: --- Run 0 finished ---

OpesciBench [14:55:04]: --- Run 1 ---
OpesciBench [14:59:35]: --- Run 1 finished ---

OpesciBench [14:59:35]: --- Run 2 ---
OpesciBench [15:04:05]: --- Run 2 finished ---



Tue Dec 19 15:04:06 PST 2017
top - 15:04:06 up 20 days,  5:53,  3 users,  load average: 50.18, 34.16, 29.66
Tasks: 1953 total,   1 running, 1952 sleeping,   0 stopped,   0 zombie
%Cpu(s):  4.9 us,  0.1 sy,  0.0 ni, 95.1 id,  0.0 wa,  0.0 hi,  0.0 si,  0.0 st
KiB Mem : 19652648+total, 18914003+free,  4717644 used,  2668800 buff/cache
KiB Swap: 50331644 total, 47096024 free,  3235620 used. 19105030+avail Mem 

   PID USER      PR  NI    VIRT    RES    SHR S  %CPU %MEM     TIME+ COMMAND
228737 cyount    20   0  152228   3932   1476 R  11.8  0.0   0:00.03 top
     1 root      20   0  197856   6204   1468 S   0.0  0.0   1:05.25 systemd
     2 root      20   0       0      0      0 S   0.0  0.0   0:00.28 kthreadd
     3 root      20   0       0      0      0 S   0.0  0.0   0:00.07 ksoftirqd/0
     5 root       0 -20       0      0      0 S   0.0  0.0   0:00.00 kworker/0:0H
     8 root      rt   0       0      0      0 S   0.0  0.0   0:01.43 migration/0
     9 root      20   0       0      0      0 S   0.0  0.0   0:00.00 rcu_bh
    10 root      20   0       0      0      0 S   0.0  0.0   0:00.00 rcuob/0
    11 root      20   0       0      0      0 S   0.0  0.0   0:00.00 rcuob/1
    12 root      20   0       0      0      0 S   0.0  0.0   0:00.00 rcuob/2
    13 root      20   0       0      0      0 S   0.0  0.0   0:00.00 rcuob/3
    14 root      20   0       0      0      0 S   0.0  0.0   0:00.00 rcuob/4
    15 root      20   0       0      0      0 S   0.0  0.0   0:00.00 rcuob/5
    16 root      20   0       0      0      0 S   0.0  0.0   0:00.00 rcuob/6
    17 root      20   0       0      0      0 S   0.0  0.0   0:00.00 rcuob/7
    18 root      20   0       0      0      0 S   0.0  0.0   0:00.00 rcuob/8
    19 root      20   0       0      0      0 S   0.0  0.0   0:00.00 rcuob/9
    20 root      20   0       0      0      0 S   0.0  0.0   0:00.00 rcuob/10
    21 root      20   0       0      0      0 S   0.0  0.0   0:00.00 rcuob/11
    22 root      20   0       0      0      0 S   0.0  0.0   0:00.00 rcuob/12
    23 root      20   0       0      0      0 S   0.0  0.0   0:00.00 rcuob/13
    24 root      20   0       0      0      0 S   0.0  0.0   0:00.00 rcuob/14
    25 root      20   0       0      0      0 S   0.0  0.0   0:00.00 rcuob/15
