Tue Dec 19 14:15:22 PST 2017
Architecture:          x86_64
CPU op-mode(s):        32-bit, 64-bit
Byte Order:            Little Endian
CPU(s):                80
On-line CPU(s) list:   0-79
Thread(s) per core:    2
Core(s) per socket:    20
Socket(s):             2
NUMA node(s):          2
Vendor ID:             GenuineIntel
CPU family:            6
Model:                 85
Model name:            Intel(R) Xeon(R) Gold 6148 CPU @ 2.40GHz
Stepping:              4
CPU MHz:               3100.687
BogoMIPS:              4805.49
Virtualization:        VT-x
L1d cache:             32K
L1i cache:             32K
L2 cache:              1024K
L3 cache:              28160K
NUMA node0 CPU(s):     0-19,40-59
NUMA node1 CPU(s):     20-39,60-79
Linux ortce-skl1 3.10.0-514.el7.x86_64 #1 SMP Wed Oct 19 11:24:13 EDT 2016 x86_64 x86_64 x86_64 GNU/Linux
available: 2 nodes (0-1)
node 0 cpus: 0 1 2 3 4 5 6 7 8 9 10 11 12 13 14 15 16 17 18 19 40 41 42 43 44 45 46 47 48 49 50 51 52 53 54 55 56 57 58 59
node 0 size: 96973 MB
node 0 free: 90530 MB
node 1 cpus: 20 21 22 23 24 25 26 27 28 29 30 31 32 33 34 35 36 37 38 39 60 61 62 63 64 65 66 67 68 69 70 71 72 73 74 75 76 77 78 79
node 1 size: 98304 MB
node 1 free: 92927 MB
node distances:
node   0   1 
  0:  10  21 
  1:  21  10 

Per-node system memory usage (in MBs):
                          Node 0          Node 1           Total
                 --------------- --------------- ---------------
MemTotal                96973.63        98304.00       195277.63
MemFree                 90529.73        92927.48       183457.22
MemUsed                  6443.89         5376.52        11820.41
Active                    168.20          634.82          803.01
Inactive                 3216.15         2035.93         5252.07
Active(anon)                8.33            3.59           11.92
Inactive(anon)             31.37            4.12           35.49
Active(file)              159.86          631.23          791.09
Inactive(file)           3184.78         2031.80         5216.58
Unevictable                 0.00            0.00            0.00
Mlocked                     0.00            0.00            0.00
Dirty                       0.00            0.00            0.00
Writeback                   0.01            0.00            0.01
FilePages                3374.88         2666.63         6041.51
Mapped                     24.09            3.22           27.31
AnonPages                  12.63            5.85           18.48
Shmem                      15.59            0.08           15.67
KernelStack                10.02            8.89           18.91
PageTables                  3.50            3.55            7.05
NFS_Unstable                0.00            0.00            0.00
Bounce                      0.00            0.00            0.00
WritebackTmp                0.00            0.00            0.00
Slab                      301.41          299.68          601.10
SReclaimable              182.11          153.34          335.45
SUnreclaim                119.30          146.34          265.64
AnonHugePages               0.00            0.00            0.00
HugePages_Total             0.00            0.00            0.00
HugePages_Free              0.00            0.00            0.00
HugePages_Surp              0.00            0.00            0.00
top - 14:15:23 up 3 days, 23:38,  1 user,  load average: 0.39, 1.04, 0.55
Tasks: 715 total,   1 running, 714 sleeping,   0 stopped,   0 zombie
%Cpu(s):  8.7 us,  0.1 sy,  0.0 ni, 91.2 id,  0.0 wa,  0.0 hi,  0.0 si,  0.0 st
KiB Mem : 19652252+total, 18786032+free,  1878776 used,  6783428 buff/cache
KiB Swap:  4194300 total,  4124272 free,    70028 used. 19360470+avail Mem 

   PID USER      PR  NI    VIRT    RES    SHR S  %CPU %MEM     TIME+ COMMAND
     1 root      20   0  197536   2844   1516 S   0.0  0.0   0:27.51 systemd
     2 root      20   0       0      0      0 S   0.0  0.0   0:00.04 kthreadd
     3 root      20   0       0      0      0 S   0.0  0.0   0:00.26 ksoftirqd/0
     5 root       0 -20       0      0      0 S   0.0  0.0   0:00.00 kworker/0:0H
     6 root      20   0       0      0      0 S   0.0  0.0   0:14.39 kworker/u896:0
     8 root      rt   0       0      0      0 S   0.0  0.0   0:00.78 migration/0
     9 root      20   0       0      0      0 S   0.0  0.0   0:00.00 rcu_bh
    10 root      20   0       0      0      0 S   0.0  0.0   0:31.23 rcu_sched
    11 root      rt   0       0      0      0 S   0.0  0.0   0:01.60 watchdog/0
    12 root      rt   0       0      0      0 S   0.0  0.0   0:00.98 watchdog/1
    13 root      rt   0       0      0      0 S   0.0  0.0   0:00.78 migration/1
    14 root      20   0       0      0      0 S   0.0  0.0   0:00.01 ksoftirqd/1
    16 root       0 -20       0      0      0 S   0.0  0.0   0:00.00 kworker/1:0H
    17 root      rt   0       0      0      0 S   0.0  0.0   0:00.95 watchdog/2
    18 root      rt   0       0      0      0 S   0.0  0.0   0:00.78 migration/2
    19 root      20   0       0      0      0 S   0.0  0.0   0:00.01 ksoftirqd/2
    22 root      rt   0       0      0      0 S   0.0  0.0   0:01.01 watchdog/3
    23 root      rt   0       0      0      0 S   0.0  0.0   0:00.78 migration/3
    24 root      20   0       0      0      0 S   0.0  0.0   0:00.00 ksoftirqd/3
    27 root      rt   0       0      0      0 S   0.0  0.0   0:00.94 watchdog/4
    28 root      rt   0       0      0      0 S   0.0  0.0   0:00.78 migration/4
    29 root      20   0       0      0      0 S   0.0  0.0   0:00.00 ksoftirqd/4
    31 root       0 -20       0      0      0 S   0.0  0.0   0:00.00 kworker/4:0H
env DEVITO_PLATFORM=skx DEVITO_ISA=avx512 DEVITO_DLE_OPTIONS=blockinner:True DEVITO_AUTOTUNING=aggressive DEVITO_BACKEND=core DEVITO_OPENMP=1 DEVITO_ARCH=intel DEVITO_LOGGING=DEBUG DEVITO_YASK_AUTOTUNING=preemptive DEVITO_YASK_DUMP=devito.bench.2017-12-19/acoustic/core/bmO2/ortce-skl1/grid512/so4 numactl --cpubind=1 python examples/seismic/benchmark.py bench -bm O2 -P acoustic -so 4 -to 2 -d 512 512 512 --tn 1000 -x 3 -r devito.bench.2017-12-19/acoustic/core/bmO2/ortce-skl1/grid512/so4
Allocating memory for m ((532, 532, 532))
Allocating memory for damp ((532, 532, 532))
Allocating memory for src ((329, 1))
Allocating memory for src_coords ((1, 3))
Allocating memory for nrec_coords ((512, 3))
Applying Forward
Allocating memory for rec_coords ((512, 3))
DSE: extract_time_invariants [flops: 51, elapsed: 0.00] >>
     eliminate_inter_stencil_redundancies [flops: 51, elapsed: 0.00] >>
     eliminate_intra_stencil_redundancies [flops: 42, elapsed: 0.00] >>
     factorize [flops: 32, elapsed: 0.01] >>
     finalize [flops: 36, elapsed: 0.00]
     [Total elapsed: 0.02 s]
DLE: avoid_denormals [elapsed: 0.00] >>
     loop_fission [elapsed: 0.00] >>
     loop_blocking [elapsed: 0.06] >>
     simdize [elapsed: 0.18] >>
     ompize [elapsed: 0.02] >>
     create_elemental_functions [elapsed: 0.07] >>
     minimize_remainders [elapsed: 0.01]
     [Total elapsed: 0.34 s]
Allocating memory for rec ((329, 512))
Allocating memory for u ((3, 532, 532, 532))
IntelCompiler: compiled /tmp/devito-vbo4wrmn/7de75c714735bf25dbb87102c5bf50b328ecdf49.c [1.00 s]
AutoTuner: Block shape <8,8,8> took 0.093362 (s) in 3 time steps
AutoTuner: Block shape <16,16,16> took 0.061700 (s) in 3 time steps
AutoTuner: Block shape <24,24,24> took 0.059121 (s) in 3 time steps
AutoTuner: Block shape <32,32,32> took 0.072341 (s) in 3 time steps
AutoTuner: Block shape <40,40,40> took 0.073781 (s) in 3 time steps
AutoTuner: Block shape <64,64,64> took 0.069321 (s) in 3 time steps
AutoTuner: Block shape <128,128,128> took 0.078274 (s) in 3 time steps
AutoTuner: Block shape <256,256,256> took 0.089771 (s) in 3 time steps
AutoTuner: Block shape <512,512,512> took 0.404170 (s) in 3 time steps
AutoTuner: Block shape <528,528,528> took 0.344419 (s) in 3 time steps
AutoTuner: Block shape <8,8,16> took 0.063040 (s) in 3 time steps
AutoTuner: Block shape <8,8,24> took 0.054257 (s) in 3 time steps
AutoTuner: Block shape <8,8,32> took 0.054874 (s) in 3 time steps
AutoTuner: Block shape <8,8,40> took 0.054505 (s) in 3 time steps
AutoTuner: Block shape <8,8,64> took 0.052388 (s) in 3 time steps
AutoTuner: Block shape <8,8,128> took 0.049720 (s) in 3 time steps
AutoTuner: Block shape <8,8,256> took 0.049458 (s) in 3 time steps
AutoTuner: Block shape <8,8,512> took 0.044267 (s) in 3 time steps
AutoTuner: Block shape <8,8,528> took 0.041545 (s) in 3 time steps
AutoTuner: Block shape <16,16,8> took 0.067526 (s) in 3 time steps
AutoTuner: Block shape <16,16,24> took 0.053550 (s) in 3 time steps
AutoTuner: Block shape <16,16,32> took 0.055330 (s) in 3 time steps
AutoTuner: Block shape <16,16,40> took 0.055524 (s) in 3 time steps
AutoTuner: Block shape <16,16,64> took 0.055997 (s) in 3 time steps
AutoTuner: Block shape <16,16,128> took 0.064854 (s) in 3 time steps
AutoTuner: Block shape <16,16,256> took 0.055233 (s) in 3 time steps
AutoTuner: Block shape <16,16,512> took 0.042662 (s) in 3 time steps
AutoTuner: Block shape <16,16,528> took 0.039987 (s) in 3 time steps
AutoTuner: Block shape <24,24,8> took 0.070244 (s) in 3 time steps
AutoTuner: Block shape <24,24,16> took 0.063977 (s) in 3 time steps
AutoTuner: Block shape <24,24,32> took 0.061646 (s) in 3 time steps
AutoTuner: Block shape <24,24,40> took 0.063937 (s) in 3 time steps
AutoTuner: Block shape <24,24,64> took 0.064951 (s) in 3 time steps
AutoTuner: Block shape <24,24,128> took 0.066102 (s) in 3 time steps
AutoTuner: Block shape <24,24,256> took 0.055229 (s) in 3 time steps
AutoTuner: Block shape <24,24,512> took 0.043399 (s) in 3 time steps
AutoTuner: Block shape <24,24,528> took 0.040682 (s) in 3 time steps
AutoTuner: Block shape <32,32,8> took 0.077706 (s) in 3 time steps
AutoTuner: Block shape <32,32,16> took 0.070529 (s) in 3 time steps
AutoTuner: Block shape <32,32,24> took 0.072344 (s) in 3 time steps
AutoTuner: Block shape <32,32,40> took 0.072099 (s) in 3 time steps
AutoTuner: Block shape <32,32,64> took 0.069192 (s) in 3 time steps
AutoTuner: Block shape <32,32,128> took 0.066506 (s) in 3 time steps
AutoTuner: Block shape <32,32,256> took 0.055965 (s) in 3 time steps
AutoTuner: Block shape <32,32,512> took 0.046872 (s) in 3 time steps
AutoTuner: Block shape <32,32,528> took 0.043854 (s) in 3 time steps
AutoTuner: Block shape <16,8,8> took 0.070664 (s) in 3 time steps
AutoTuner: Block shape <8,16,8> took 0.068466 (s) in 3 time steps
AutoTuner: Block shape <16,8,16> took 0.062321 (s) in 3 time steps
AutoTuner: Block shape <8,16,16> took 0.062440 (s) in 3 time steps
AutoTuner: Block shape <32,16,16> took 0.063416 (s) in 3 time steps
AutoTuner: Block shape <16,32,16> took 0.062401 (s) in 3 time steps
AutoTuner: Block shape <32,16,32> took 0.060118 (s) in 3 time steps
AutoTuner: Block shape <16,32,32> took 0.059922 (s) in 3 time steps
AutoTuner: Block shape <48,24,24> took 0.075894 (s) in 3 time steps
AutoTuner: Block shape <24,48,24> took 0.075801 (s) in 3 time steps
AutoTuner: Block shape <24,24,48> took 0.064240 (s) in 3 time steps
AutoTuner: Block shape <48,48,24> took 0.084024 (s) in 3 time steps
AutoTuner: Block shape <48,24,48> took 0.069635 (s) in 3 time steps
AutoTuner: Block shape <24,48,48> took 0.069810 (s) in 3 time steps
AutoTuner: Block shape <48,48,48> took 0.070657 (s) in 3 time steps
AutoTuner: Block shape <64,32,32> took 0.078535 (s) in 3 time steps
AutoTuner: Block shape <32,64,32> took 0.078991 (s) in 3 time steps
AutoTuner: Block shape <64,64,32> took 0.079898 (s) in 3 time steps
AutoTuner: Block shape <64,32,64> took 0.068993 (s) in 3 time steps
AutoTuner: Block shape <32,64,64> took 0.068716 (s) in 3 time steps
AutoTuner: Block shape <80,40,40> took 0.075559 (s) in 3 time steps
AutoTuner: Block shape <40,80,40> took 0.075522 (s) in 3 time steps
AutoTuner: Block shape <40,40,80> took 0.071014 (s) in 3 time steps
AutoTuner: Block shape <80,80,40> took 0.076433 (s) in 3 time steps
AutoTuner: Block shape <80,40,80> took 0.071474 (s) in 3 time steps
AutoTuner: Block shape <40,80,80> took 0.072204 (s) in 3 time steps
AutoTuner: Block shape <80,80,80> took 0.072978 (s) in 3 time steps
AutoTuner: Block shape <128,64,64> took 0.070221 (s) in 3 time steps
AutoTuner: Block shape <64,128,64> took 0.073266 (s) in 3 time steps
AutoTuner: Block shape <64,64,128> took 0.071199 (s) in 3 time steps
AutoTuner: Block shape <128,128,64> took 0.077831 (s) in 3 time steps
AutoTuner: Block shape <128,64,128> took 0.069717 (s) in 3 time steps
AutoTuner: Block shape <64,128,128> took 0.076445 (s) in 3 time steps
AutoTuner: Block shape <256,128,128> took 0.077264 (s) in 3 time steps
AutoTuner: Block shape <128,256,128> took 0.084494 (s) in 3 time steps
AutoTuner: Block shape <128,128,256> took 0.067705 (s) in 3 time steps
AutoTuner: Block shape <256,256,128> took 0.108481 (s) in 3 time steps
AutoTuner: Block shape <256,128,256> took 0.087044 (s) in 3 time steps
AutoTuner: Block shape <128,256,256> took 0.093859 (s) in 3 time steps
AutoTuner: Block shape <512,256,256> took 0.158978 (s) in 3 time steps
AutoTuner: Block shape <256,512,256> took 0.174338 (s) in 3 time steps
AutoTuner: Block shape <256,256,512> took 0.117172 (s) in 3 time steps
AutoTuner: Block shape <512,512,256> took 0.295664 (s) in 3 time steps
AutoTuner: Block shape <512,256,512> took 0.218054 (s) in 3 time steps
AutoTuner: Block shape <256,512,512> took 0.221544 (s) in 3 time steps
Auto-tuned block shape: {'x0_block_size': 16, 'y0_block_size': 16, 'z0_block_size': 528}
=========================================================================================
Section section_1<327,1> with OI=0.96 computed in 0.000 s [0.20 GFlops/s]
Section section_2<327,512> with OI=2.09 computed in 0.004 s [3.89 GFlops/s]
Section main<327,528,528,528> with OI=2.19 computed in 13.096 s [132.31 GFlops/s, 3.68 GPts/s]
=========================================================================================
Allocating memory for m ((532, 532, 532))
Allocating memory for damp ((532, 532, 532))
Allocating memory for src ((329, 1))
Allocating memory for src_coords ((1, 3))
Allocating memory for nrec_coords ((512, 3))
Applying Forward
Allocating memory for rec_coords ((512, 3))
DSE: extract_time_invariants [flops: 51, elapsed: 0.00] >>
     eliminate_inter_stencil_redundancies [flops: 51, elapsed: 0.00] >>
     eliminate_intra_stencil_redundancies [flops: 42, elapsed: 0.00] >>
     factorize [flops: 32, elapsed: 0.01] >>
     finalize [flops: 36, elapsed: 0.00]
     [Total elapsed: 0.02 s]
DLE: avoid_denormals [elapsed: 0.00] >>
     loop_fission [elapsed: 0.00] >>
     loop_blocking [elapsed: 0.06] >>
     simdize [elapsed: 0.01] >>
     ompize [elapsed: 0.02] >>
     create_elemental_functions [elapsed: 0.07] >>
     minimize_remainders [elapsed: 0.01]
     [Total elapsed: 0.17 s]
Allocating memory for rec ((329, 512))
Allocating memory for u ((3, 532, 532, 532))
IntelCompiler: compiled /tmp/devito-vbo4wrmn/7de75c714735bf25dbb87102c5bf50b328ecdf49.c [1.10 s]
AutoTuner: Block shape <8,8,8> took 0.075879 (s) in 3 time steps
AutoTuner: Block shape <16,16,16> took 0.063021 (s) in 3 time steps
AutoTuner: Block shape <24,24,24> took 0.062939 (s) in 3 time steps
AutoTuner: Block shape <32,32,32> took 0.073296 (s) in 3 time steps
AutoTuner: Block shape <40,40,40> took 0.073861 (s) in 3 time steps
AutoTuner: Block shape <64,64,64> took 0.068662 (s) in 3 time steps
AutoTuner: Block shape <128,128,128> took 0.079076 (s) in 3 time steps
AutoTuner: Block shape <256,256,256> took 0.091030 (s) in 3 time steps
AutoTuner: Block shape <512,512,512> took 0.409348 (s) in 3 time steps
AutoTuner: Block shape <528,528,528> took 0.347383 (s) in 3 time steps
AutoTuner: Block shape <8,8,16> took 0.063484 (s) in 3 time steps
AutoTuner: Block shape <8,8,24> took 0.055584 (s) in 3 time steps
AutoTuner: Block shape <8,8,32> took 0.055782 (s) in 3 time steps
AutoTuner: Block shape <8,8,40> took 0.055238 (s) in 3 time steps
AutoTuner: Block shape <8,8,64> took 0.053356 (s) in 3 time steps
AutoTuner: Block shape <8,8,128> took 0.050357 (s) in 3 time steps
AutoTuner: Block shape <8,8,256> took 0.049919 (s) in 3 time steps
AutoTuner: Block shape <8,8,512> took 0.044542 (s) in 3 time steps
AutoTuner: Block shape <8,8,528> took 0.041833 (s) in 3 time steps
AutoTuner: Block shape <16,16,8> took 0.069079 (s) in 3 time steps
AutoTuner: Block shape <16,16,24> took 0.057349 (s) in 3 time steps
AutoTuner: Block shape <16,16,32> took 0.059014 (s) in 3 time steps
AutoTuner: Block shape <16,16,40> took 0.059085 (s) in 3 time steps
AutoTuner: Block shape <16,16,64> took 0.057599 (s) in 3 time steps
AutoTuner: Block shape <16,16,128> took 0.065335 (s) in 3 time steps
AutoTuner: Block shape <16,16,256> took 0.055730 (s) in 3 time steps
AutoTuner: Block shape <16,16,512> took 0.042868 (s) in 3 time steps
AutoTuner: Block shape <16,16,528> took 0.040081 (s) in 3 time steps
AutoTuner: Block shape <24,24,8> took 0.072530 (s) in 3 time steps
AutoTuner: Block shape <24,24,16> took 0.065793 (s) in 3 time steps
AutoTuner: Block shape <24,24,32> took 0.064321 (s) in 3 time steps
AutoTuner: Block shape <24,24,40> took 0.065423 (s) in 3 time steps
AutoTuner: Block shape <24,24,64> took 0.065382 (s) in 3 time steps
AutoTuner: Block shape <24,24,128> took 0.066652 (s) in 3 time steps
AutoTuner: Block shape <24,24,256> took 0.055921 (s) in 3 time steps
AutoTuner: Block shape <24,24,512> took 0.043656 (s) in 3 time steps
AutoTuner: Block shape <24,24,528> took 0.040873 (s) in 3 time steps
AutoTuner: Block shape <32,32,8> took 0.078388 (s) in 3 time steps
AutoTuner: Block shape <32,32,16> took 0.071403 (s) in 3 time steps
AutoTuner: Block shape <32,32,24> took 0.072651 (s) in 3 time steps
AutoTuner: Block shape <32,32,40> took 0.072262 (s) in 3 time steps
AutoTuner: Block shape <32,32,64> took 0.068075 (s) in 3 time steps
AutoTuner: Block shape <32,32,128> took 0.067054 (s) in 3 time steps
AutoTuner: Block shape <32,32,256> took 0.056782 (s) in 3 time steps
AutoTuner: Block shape <32,32,512> took 0.046990 (s) in 3 time steps
AutoTuner: Block shape <32,32,528> took 0.044000 (s) in 3 time steps
AutoTuner: Block shape <16,8,8> took 0.071302 (s) in 3 time steps
AutoTuner: Block shape <8,16,8> took 0.069117 (s) in 3 time steps
AutoTuner: Block shape <16,8,16> took 0.062778 (s) in 3 time steps
AutoTuner: Block shape <8,16,16> took 0.062788 (s) in 3 time steps
AutoTuner: Block shape <32,16,16> took 0.065476 (s) in 3 time steps
AutoTuner: Block shape <16,32,16> took 0.064208 (s) in 3 time steps
AutoTuner: Block shape <32,16,32> took 0.064185 (s) in 3 time steps
AutoTuner: Block shape <16,32,32> took 0.062172 (s) in 3 time steps
AutoTuner: Block shape <48,24,24> took 0.076509 (s) in 3 time steps
AutoTuner: Block shape <24,48,24> took 0.075557 (s) in 3 time steps
AutoTuner: Block shape <24,24,48> took 0.065705 (s) in 3 time steps
AutoTuner: Block shape <48,48,24> took 0.083969 (s) in 3 time steps
AutoTuner: Block shape <48,24,48> took 0.070194 (s) in 3 time steps
AutoTuner: Block shape <24,48,48> took 0.070173 (s) in 3 time steps
AutoTuner: Block shape <48,48,48> took 0.070825 (s) in 3 time steps
AutoTuner: Block shape <64,32,32> took 0.078694 (s) in 3 time steps
AutoTuner: Block shape <32,64,32> took 0.079415 (s) in 3 time steps
AutoTuner: Block shape <64,64,32> took 0.079955 (s) in 3 time steps
AutoTuner: Block shape <64,32,64> took 0.068426 (s) in 3 time steps
AutoTuner: Block shape <32,64,64> took 0.068762 (s) in 3 time steps
AutoTuner: Block shape <80,40,40> took 0.076030 (s) in 3 time steps
AutoTuner: Block shape <40,80,40> took 0.075668 (s) in 3 time steps
AutoTuner: Block shape <40,40,80> took 0.069740 (s) in 3 time steps
AutoTuner: Block shape <80,80,40> took 0.076484 (s) in 3 time steps
AutoTuner: Block shape <80,40,80> took 0.070011 (s) in 3 time steps
AutoTuner: Block shape <40,80,80> took 0.070758 (s) in 3 time steps
AutoTuner: Block shape <80,80,80> took 0.072885 (s) in 3 time steps
AutoTuner: Block shape <128,64,64> took 0.070312 (s) in 3 time steps
AutoTuner: Block shape <64,128,64> took 0.073753 (s) in 3 time steps
AutoTuner: Block shape <64,64,128> took 0.072349 (s) in 3 time steps
AutoTuner: Block shape <128,128,64> took 0.078270 (s) in 3 time steps
AutoTuner: Block shape <128,64,128> took 0.070760 (s) in 3 time steps
AutoTuner: Block shape <64,128,128> took 0.077030 (s) in 3 time steps
AutoTuner: Block shape <256,128,128> took 0.077560 (s) in 3 time steps
AutoTuner: Block shape <128,256,128> took 0.085413 (s) in 3 time steps
AutoTuner: Block shape <128,128,256> took 0.068645 (s) in 3 time steps
AutoTuner: Block shape <256,256,128> took 0.109278 (s) in 3 time steps
AutoTuner: Block shape <256,128,256> took 0.087911 (s) in 3 time steps
AutoTuner: Block shape <128,256,256> took 0.094791 (s) in 3 time steps
AutoTuner: Block shape <512,256,256> took 0.161188 (s) in 3 time steps
AutoTuner: Block shape <256,512,256> took 0.169502 (s) in 3 time steps
AutoTuner: Block shape <256,256,512> took 0.118637 (s) in 3 time steps
AutoTuner: Block shape <512,512,256> took 0.300145 (s) in 3 time steps
AutoTuner: Block shape <512,256,512> took 0.220982 (s) in 3 time steps
AutoTuner: Block shape <256,512,512> took 0.224221 (s) in 3 time steps
Auto-tuned block shape: {'x0_block_size': 16, 'y0_block_size': 16, 'z0_block_size': 528}
=========================================================================================
Section section_1<327,1> with OI=0.96 computed in 0.000 s [0.21 GFlops/s]
Section section_2<327,512> with OI=2.09 computed in 0.004 s [3.85 GFlops/s]
Section main<327,528,528,528> with OI=2.19 computed in 13.114 s [132.14 GFlops/s, 3.67 GPts/s]
=========================================================================================
Allocating memory for m ((532, 532, 532))
Allocating memory for damp ((532, 532, 532))
Allocating memory for src ((329, 1))
Allocating memory for src_coords ((1, 3))
Allocating memory for nrec_coords ((512, 3))
Applying Forward
Allocating memory for rec_coords ((512, 3))
DSE: extract_time_invariants [flops: 51, elapsed: 0.00] >>
     eliminate_inter_stencil_redundancies [flops: 51, elapsed: 0.00] >>
     eliminate_intra_stencil_redundancies [flops: 42, elapsed: 0.00] >>
     factorize [flops: 32, elapsed: 0.01] >>
     finalize [flops: 36, elapsed: 0.00]
     [Total elapsed: 0.02 s]
DLE: avoid_denormals [elapsed: 0.00] >>
     loop_fission [elapsed: 0.00] >>
     loop_blocking [elapsed: 0.06] >>
     simdize [elapsed: 0.01] >>
     ompize [elapsed: 0.02] >>
     create_elemental_functions [elapsed: 0.07] >>
     minimize_remainders [elapsed: 0.01]
     [Total elapsed: 0.17 s]
Allocating memory for rec ((329, 512))
Allocating memory for u ((3, 532, 532, 532))
IntelCompiler: compiled /tmp/devito-vbo4wrmn/7de75c714735bf25dbb87102c5bf50b328ecdf49.c [0.87 s]
AutoTuner: Block shape <8,8,8> took 0.072088 (s) in 3 time steps
AutoTuner: Block shape <16,16,16> took 0.063002 (s) in 3 time steps
AutoTuner: Block shape <24,24,24> took 0.062548 (s) in 3 time steps
AutoTuner: Block shape <32,32,32> took 0.073273 (s) in 3 time steps
AutoTuner: Block shape <40,40,40> took 0.073790 (s) in 3 time steps
AutoTuner: Block shape <64,64,64> took 0.068582 (s) in 3 time steps
AutoTuner: Block shape <128,128,128> took 0.079004 (s) in 3 time steps
AutoTuner: Block shape <256,256,256> took 0.090645 (s) in 3 time steps
AutoTuner: Block shape <512,512,512> took 0.409760 (s) in 3 time steps
AutoTuner: Block shape <528,528,528> took 0.347549 (s) in 3 time steps
AutoTuner: Block shape <8,8,16> took 0.063515 (s) in 3 time steps
AutoTuner: Block shape <8,8,24> took 0.055839 (s) in 3 time steps
AutoTuner: Block shape <8,8,32> took 0.055834 (s) in 3 time steps
AutoTuner: Block shape <8,8,40> took 0.055470 (s) in 3 time steps
AutoTuner: Block shape <8,8,64> took 0.053340 (s) in 3 time steps
AutoTuner: Block shape <8,8,128> took 0.050327 (s) in 3 time steps
AutoTuner: Block shape <8,8,256> took 0.049845 (s) in 3 time steps
AutoTuner: Block shape <8,8,512> took 0.044503 (s) in 3 time steps
AutoTuner: Block shape <8,8,528> took 0.041799 (s) in 3 time steps
AutoTuner: Block shape <16,16,8> took 0.068996 (s) in 3 time steps
AutoTuner: Block shape <16,16,24> took 0.057542 (s) in 3 time steps
AutoTuner: Block shape <16,16,32> took 0.059062 (s) in 3 time steps
AutoTuner: Block shape <16,16,40> took 0.059153 (s) in 3 time steps
AutoTuner: Block shape <16,16,64> took 0.057902 (s) in 3 time steps
AutoTuner: Block shape <16,16,128> took 0.065262 (s) in 3 time steps
AutoTuner: Block shape <16,16,256> took 0.055715 (s) in 3 time steps
AutoTuner: Block shape <16,16,512> took 0.042916 (s) in 3 time steps
AutoTuner: Block shape <16,16,528> took 0.040163 (s) in 3 time steps
AutoTuner: Block shape <24,24,8> took 0.072593 (s) in 3 time steps
AutoTuner: Block shape <24,24,16> took 0.065702 (s) in 3 time steps
AutoTuner: Block shape <24,24,32> took 0.064246 (s) in 3 time steps
AutoTuner: Block shape <24,24,40> took 0.065373 (s) in 3 time steps
AutoTuner: Block shape <24,24,64> took 0.064716 (s) in 3 time steps
AutoTuner: Block shape <24,24,128> took 0.066529 (s) in 3 time steps
AutoTuner: Block shape <24,24,256> took 0.055714 (s) in 3 time steps
AutoTuner: Block shape <24,24,512> took 0.043541 (s) in 3 time steps
AutoTuner: Block shape <24,24,528> took 0.040879 (s) in 3 time steps
AutoTuner: Block shape <32,32,8> took 0.078276 (s) in 3 time steps
AutoTuner: Block shape <32,32,16> took 0.071488 (s) in 3 time steps
AutoTuner: Block shape <32,32,24> took 0.072394 (s) in 3 time steps
AutoTuner: Block shape <32,32,40> took 0.072104 (s) in 3 time steps
AutoTuner: Block shape <32,32,64> took 0.067788 (s) in 3 time steps
AutoTuner: Block shape <32,32,128> took 0.067045 (s) in 3 time steps
AutoTuner: Block shape <32,32,256> took 0.056763 (s) in 3 time steps
AutoTuner: Block shape <32,32,512> took 0.047082 (s) in 3 time steps
AutoTuner: Block shape <32,32,528> took 0.044054 (s) in 3 time steps
AutoTuner: Block shape <16,8,8> took 0.071321 (s) in 3 time steps
AutoTuner: Block shape <8,16,8> took 0.069000 (s) in 3 time steps
AutoTuner: Block shape <16,8,16> took 0.062796 (s) in 3 time steps
AutoTuner: Block shape <8,16,16> took 0.062841 (s) in 3 time steps
AutoTuner: Block shape <32,16,16> took 0.065513 (s) in 3 time steps
AutoTuner: Block shape <16,32,16> took 0.064494 (s) in 3 time steps
AutoTuner: Block shape <32,16,32> took 0.063615 (s) in 3 time steps
AutoTuner: Block shape <16,32,32> took 0.062345 (s) in 3 time steps
AutoTuner: Block shape <48,24,24> took 0.076216 (s) in 3 time steps
AutoTuner: Block shape <24,48,24> took 0.075463 (s) in 3 time steps
AutoTuner: Block shape <24,24,48> took 0.064971 (s) in 3 time steps
AutoTuner: Block shape <48,48,24> took 0.084044 (s) in 3 time steps
AutoTuner: Block shape <48,24,48> took 0.070209 (s) in 3 time steps
AutoTuner: Block shape <24,48,48> took 0.069958 (s) in 3 time steps
AutoTuner: Block shape <48,48,48> took 0.070712 (s) in 3 time steps
AutoTuner: Block shape <64,32,32> took 0.078698 (s) in 3 time steps
AutoTuner: Block shape <32,64,32> took 0.079187 (s) in 3 time steps
AutoTuner: Block shape <64,64,32> took 0.079723 (s) in 3 time steps
AutoTuner: Block shape <64,32,64> took 0.068397 (s) in 3 time steps
AutoTuner: Block shape <32,64,64> took 0.068725 (s) in 3 time steps
AutoTuner: Block shape <80,40,40> took 0.075975 (s) in 3 time steps
AutoTuner: Block shape <40,80,40> took 0.075666 (s) in 3 time steps
AutoTuner: Block shape <40,40,80> took 0.069740 (s) in 3 time steps
AutoTuner: Block shape <80,80,40> took 0.076760 (s) in 3 time steps
AutoTuner: Block shape <80,40,80> took 0.070335 (s) in 3 time steps
AutoTuner: Block shape <40,80,80> took 0.070845 (s) in 3 time steps
AutoTuner: Block shape <80,80,80> took 0.073405 (s) in 3 time steps
AutoTuner: Block shape <128,64,64> took 0.070540 (s) in 3 time steps
AutoTuner: Block shape <64,128,64> took 0.073836 (s) in 3 time steps
AutoTuner: Block shape <64,64,128> took 0.071999 (s) in 3 time steps
AutoTuner: Block shape <128,128,64> took 0.078256 (s) in 3 time steps
AutoTuner: Block shape <128,64,128> took 0.070508 (s) in 3 time steps
AutoTuner: Block shape <64,128,128> took 0.077187 (s) in 3 time steps
AutoTuner: Block shape <256,128,128> took 0.077452 (s) in 3 time steps
AutoTuner: Block shape <128,256,128> took 0.084712 (s) in 3 time steps
AutoTuner: Block shape <128,128,256> took 0.068418 (s) in 3 time steps
AutoTuner: Block shape <256,256,128> took 0.109174 (s) in 3 time steps
AutoTuner: Block shape <256,128,256> took 0.087848 (s) in 3 time steps
AutoTuner: Block shape <128,256,256> took 0.094401 (s) in 3 time steps
AutoTuner: Block shape <512,256,256> took 0.161235 (s) in 3 time steps
AutoTuner: Block shape <256,512,256> took 0.174680 (s) in 3 time steps
AutoTuner: Block shape <256,256,512> took 0.118350 (s) in 3 time steps
AutoTuner: Block shape <512,512,256> took 0.300021 (s) in 3 time steps
AutoTuner: Block shape <512,256,512> took 0.220630 (s) in 3 time steps
AutoTuner: Block shape <256,512,512> took 0.224581 (s) in 3 time steps
Auto-tuned block shape: {'x0_block_size': 16, 'y0_block_size': 16, 'z0_block_size': 528}
=========================================================================================
Section section_1<327,1> with OI=0.96 computed in 0.000 s [0.24 GFlops/s]
Section section_2<327,512> with OI=2.09 computed in 0.004 s [3.65 GFlops/s]
Section main<327,528,528,528> with OI=2.19 computed in 13.116 s [132.11 GFlops/s, 3.67 GPts/s]
=========================================================================================


OpesciBench: Running 3 repeats - parameters: arch: unknown, autotune: True, dle: advanced, dse: advanced, nbpml: 10, shape: (512, 512, 512), space_order: 4, spacing: (20.0, 20.0, 20.0), time_order: 2, tn: 1000
OpesciBench [14:15:25]: --- Run 0 ---
OpesciBench [14:16:03]: --- Run 0 finished ---

OpesciBench [14:16:03]: --- Run 1 ---
OpesciBench [14:16:41]: --- Run 1 finished ---

OpesciBench [14:16:41]: --- Run 2 ---
OpesciBench [14:17:19]: --- Run 2 finished ---



Tue Dec 19 14:17:19 PST 2017
top - 14:17:19 up 3 days, 23:40,  1 user,  load average: 18.22, 6.69, 2.62
Tasks: 715 total,   1 running, 714 sleeping,   0 stopped,   0 zombie
%Cpu(s):  8.7 us,  0.1 sy,  0.0 ni, 91.2 id,  0.0 wa,  0.0 hi,  0.0 si,  0.0 st
KiB Mem : 19652252+total, 18786358+free,  1875260 used,  6783672 buff/cache
KiB Swap:  4194300 total,  4124272 free,    70028 used. 19360819+avail Mem 

   PID USER      PR  NI    VIRT    RES    SHR S  %CPU %MEM     TIME+ COMMAND
     1 root      20   0  197536   2844   1516 S   0.0  0.0   0:27.51 systemd
     2 root      20   0       0      0      0 S   0.0  0.0   0:00.04 kthreadd
     3 root      20   0       0      0      0 S   0.0  0.0   0:00.26 ksoftirqd/0
     5 root       0 -20       0      0      0 S   0.0  0.0   0:00.00 kworker/0:0H
     6 root      20   0       0      0      0 S   0.0  0.0   0:14.39 kworker/u896:0
     8 root      rt   0       0      0      0 S   0.0  0.0   0:00.78 migration/0
     9 root      20   0       0      0      0 S   0.0  0.0   0:00.00 rcu_bh
    10 root      20   0       0      0      0 S   0.0  0.0   0:31.25 rcu_sched
    11 root      rt   0       0      0      0 S   0.0  0.0   0:01.60 watchdog/0
    12 root      rt   0       0      0      0 S   0.0  0.0   0:00.98 watchdog/1
    13 root      rt   0       0      0      0 S   0.0  0.0   0:00.78 migration/1
    14 root      20   0       0      0      0 S   0.0  0.0   0:00.01 ksoftirqd/1
    16 root       0 -20       0      0      0 S   0.0  0.0   0:00.00 kworker/1:0H
    17 root      rt   0       0      0      0 S   0.0  0.0   0:00.95 watchdog/2
    18 root      rt   0       0      0      0 S   0.0  0.0   0:00.78 migration/2
    19 root      20   0       0      0      0 S   0.0  0.0   0:00.01 ksoftirqd/2
    22 root      rt   0       0      0      0 S   0.0  0.0   0:01.01 watchdog/3
    23 root      rt   0       0      0      0 S   0.0  0.0   0:00.78 migration/3
    24 root      20   0       0      0      0 S   0.0  0.0   0:00.00 ksoftirqd/3
    27 root      rt   0       0      0      0 S   0.0  0.0   0:00.94 watchdog/4
    28 root      rt   0       0      0      0 S   0.0  0.0   0:00.78 migration/4
    29 root      20   0       0      0      0 S   0.0  0.0   0:00.00 ksoftirqd/4
    31 root       0 -20       0      0      0 S   0.0  0.0   0:00.00 kworker/4:0H
