Tue Dec 19 14:22:37 PST 2017
Architecture:          x86_64
CPU op-mode(s):        32-bit, 64-bit
Byte Order:            Little Endian
CPU(s):                112
On-line CPU(s) list:   0-111
Thread(s) per core:    2
Core(s) per socket:    28
Socket(s):             2
NUMA node(s):          2
Vendor ID:             GenuineIntel
CPU family:            6
Model:                 85
Model name:            Intel(R) Xeon(R) Platinum 8180 CPU @ 2.50GHz
Stepping:              4
CPU MHz:               2501.000
BogoMIPS:              4993.64
Virtualization:        VT-x
L1d cache:             32K
L1i cache:             32K
L2 cache:              1024K
L3 cache:              39424K
NUMA node0 CPU(s):     0-27,56-83
NUMA node1 CPU(s):     28-55,84-111
Linux ortce-skl3 3.10.0-327.el7.x86_64 #1 SMP Thu Oct 29 17:29:29 EDT 2015 x86_64 x86_64 x86_64 GNU/Linux
available: 2 nodes (0-1)
node 0 cpus: 0 1 2 3 4 5 6 7 8 9 10 11 12 13 14 15 16 17 18 19 20 21 22 23 24 25 26 27 56 57 58 59 60 61 62 63 64 65 66 67 68 69 70 71 72 73 74 75 76 77 78 79 80 81 82 83
node 0 size: 96973 MB
node 0 free: 91469 MB
node 1 cpus: 28 29 30 31 32 33 34 35 36 37 38 39 40 41 42 43 44 45 46 47 48 49 50 51 52 53 54 55 84 85 86 87 88 89 90 91 92 93 94 95 96 97 98 99 100 101 102 103 104 105 106 107 108 109 110 111
node 1 size: 98304 MB
node 1 free: 93239 MB
node distances:
node   0   1 
  0:  10  21 
  1:  21  10 

Per-node system memory usage (in MBs):
                          Node 0          Node 1           Total
                 --------------- --------------- ---------------
MemTotal                96973.63        98304.00       195277.63
MemFree                 91469.46        93239.14       184708.61
MemUsed                  5504.16         5064.86        10569.02
Active                    207.48          469.37          676.85
Inactive                 1680.46         1978.10         3658.56
Active(anon)              150.30           56.70          207.00
Inactive(anon)           1545.74          683.46         2229.20
Active(file)               57.18          412.66          469.84
Inactive(file)            134.73         1294.64         1429.36
Unevictable                 0.00            0.00            0.00
Mlocked                     0.00            0.00            0.00
Dirty                       0.00            0.05            0.05
Writeback                   0.00            0.00            0.00
FilePages                1743.53         2378.93         4122.46
Mapped                     36.35           10.40           46.75
AnonPages                 217.76          106.43          324.19
Shmem                      14.05            2.32           16.38
KernelStack                33.20           10.34           43.55
PageTables                 28.20           22.68           50.88
NFS_Unstable                0.00            0.00            0.00
Bounce                      0.00            0.00            0.00
WritebackTmp                0.00            0.00            0.00
Slab                      374.91          311.17          686.08
SReclaimable              183.92          111.61          295.53
SUnreclaim                190.99          199.56          390.55
AnonHugePages              54.00           46.00          100.00
HugePages_Total             0.00            0.00            0.00
HugePages_Free              0.00            0.00            0.00
HugePages_Surp              0.00            0.00            0.00
top - 14:22:37 up 20 days,  5:11,  3 users,  load average: 34.97, 20.44, 9.11
Tasks: 1951 total,   1 running, 1950 sleeping,   0 stopped,   0 zombie
%Cpu(s):  4.8 us,  0.1 sy,  0.0 ni, 95.1 id,  0.0 wa,  0.0 hi,  0.0 si,  0.0 st
KiB Mem : 19652648+total, 18913934+free,  4723028 used,  2664112 buff/cache
KiB Swap: 50331644 total, 47095992 free,  3235652 used. 19104888+avail Mem 

   PID USER      PR  NI    VIRT    RES    SHR S  %CPU %MEM     TIME+ COMMAND
223463 cyount    20   0  152228   3928   1476 R   6.2  0.0   0:00.02 top
     1 root      20   0  197856   6196   1468 S   0.0  0.0   1:05.15 systemd
     2 root      20   0       0      0      0 S   0.0  0.0   0:00.28 kthreadd
     3 root      20   0       0      0      0 S   0.0  0.0   0:00.07 ksoftirqd/0
     5 root       0 -20       0      0      0 S   0.0  0.0   0:00.00 kworker/0:0H
     8 root      rt   0       0      0      0 S   0.0  0.0   0:01.43 migration/0
     9 root      20   0       0      0      0 S   0.0  0.0   0:00.00 rcu_bh
    10 root      20   0       0      0      0 S   0.0  0.0   0:00.00 rcuob/0
    11 root      20   0       0      0      0 S   0.0  0.0   0:00.00 rcuob/1
    12 root      20   0       0      0      0 S   0.0  0.0   0:00.00 rcuob/2
    13 root      20   0       0      0      0 S   0.0  0.0   0:00.00 rcuob/3
    14 root      20   0       0      0      0 S   0.0  0.0   0:00.00 rcuob/4
    15 root      20   0       0      0      0 S   0.0  0.0   0:00.00 rcuob/5
    16 root      20   0       0      0      0 S   0.0  0.0   0:00.00 rcuob/6
    17 root      20   0       0      0      0 S   0.0  0.0   0:00.00 rcuob/7
    18 root      20   0       0      0      0 S   0.0  0.0   0:00.00 rcuob/8
    19 root      20   0       0      0      0 S   0.0  0.0   0:00.00 rcuob/9
    20 root      20   0       0      0      0 S   0.0  0.0   0:00.00 rcuob/10
    21 root      20   0       0      0      0 S   0.0  0.0   0:00.00 rcuob/11
    22 root      20   0       0      0      0 S   0.0  0.0   0:00.00 rcuob/12
    23 root      20   0       0      0      0 S   0.0  0.0   0:00.00 rcuob/13
    24 root      20   0       0      0      0 S   0.0  0.0   0:00.00 rcuob/14
    25 root      20   0       0      0      0 S   0.0  0.0   0:00.00 rcuob/15
env DEVITO_PLATFORM=skx DEVITO_ISA=avx512 DEVITO_DLE_OPTIONS=blockinner:True DEVITO_AUTOTUNING=aggressive DEVITO_BACKEND=core DEVITO_OPENMP=1 DEVITO_ARCH=intel DEVITO_LOGGING=DEBUG DEVITO_YASK_AUTOTUNING=preemptive DEVITO_YASK_DUMP=devito.bench.2017-12-19/acoustic/core/bmO2/ortce-skl3/grid512/so16 numactl --cpubind=1 python examples/seismic/benchmark.py bench -bm O2 -P acoustic -so 16 -to 2 -d 512 512 512 --tn 1000 -x 3 -r devito.bench.2017-12-19/acoustic/core/bmO2/ortce-skl3/grid512/so16
Allocating memory for m ((532, 532, 532))
Allocating memory for damp ((532, 532, 532))
Allocating memory for src ((329, 1))
Allocating memory for src_coords ((1, 3))
Allocating memory for nrec_coords ((512, 3))
Applying Forward
Allocating memory for rec_coords ((512, 3))
DSE: extract_time_invariants [flops: 123, elapsed: 0.00] >>
     eliminate_inter_stencil_redundancies [flops: 123, elapsed: 0.00] >>
     eliminate_intra_stencil_redundancies [flops: 114, elapsed: 0.01] >>
     factorize [flops: 74, elapsed: 0.07] >>
     finalize [flops: 78, elapsed: 0.00]
     [Total elapsed: 0.08 s]
DLE: avoid_denormals [elapsed: 0.00] >>
     loop_fission [elapsed: 0.00] >>
     loop_blocking [elapsed: 0.06] >>
     simdize [elapsed: 0.13] >>
     ompize [elapsed: 0.03] >>
     create_elemental_functions [elapsed: 0.07] >>
     minimize_remainders [elapsed: 0.01]
     [Total elapsed: 0.30 s]
Allocating memory for rec ((329, 512))
Allocating memory for u ((3, 532, 532, 532))
IntelCompiler: compiled /tmp/devito-vv1mwi6i/f5bd60e5f3379d67dd6f9ed9828db576276e35f9.c [1.60 s]
AutoTuner: Block shape <8,8,8> took 0.096026 (s) in 3 time steps
AutoTuner: Block shape <16,16,16> took 0.073360 (s) in 3 time steps
AutoTuner: Block shape <24,24,24> took 0.069034 (s) in 3 time steps
AutoTuner: Block shape <32,32,32> took 0.076711 (s) in 3 time steps
AutoTuner: Block shape <40,40,40> took 0.077285 (s) in 3 time steps
AutoTuner: Block shape <64,64,64> took 0.071601 (s) in 3 time steps
AutoTuner: Block shape <128,128,128> took 0.107281 (s) in 3 time steps
AutoTuner: Block shape <256,256,256> took 0.149721 (s) in 3 time steps
AutoTuner: Block shape <512,512,512> took 0.703184 (s) in 3 time steps
AutoTuner: Block shape <516,516,516> took 0.647151 (s) in 3 time steps
AutoTuner: Block shape <8,8,16> took 0.078397 (s) in 3 time steps
AutoTuner: Block shape <8,8,24> took 0.068510 (s) in 3 time steps
AutoTuner: Block shape <8,8,32> took 0.065932 (s) in 3 time steps
AutoTuner: Block shape <8,8,40> took 0.065815 (s) in 3 time steps
AutoTuner: Block shape <8,8,64> took 0.062688 (s) in 3 time steps
AutoTuner: Block shape <8,8,128> took 0.065277 (s) in 3 time steps
AutoTuner: Block shape <8,8,256> took 0.063521 (s) in 3 time steps
AutoTuner: Block shape <8,8,512> took 0.053937 (s) in 3 time steps
AutoTuner: Block shape <8,8,516> took 0.052203 (s) in 3 time steps
AutoTuner: Block shape <16,16,8> took 0.083718 (s) in 3 time steps
AutoTuner: Block shape <16,16,24> took 0.065724 (s) in 3 time steps
AutoTuner: Block shape <16,16,32> took 0.064840 (s) in 3 time steps
AutoTuner: Block shape <16,16,40> took 0.064899 (s) in 3 time steps
AutoTuner: Block shape <16,16,64> took 0.067682 (s) in 3 time steps
AutoTuner: Block shape <16,16,128> took 0.075500 (s) in 3 time steps
AutoTuner: Block shape <16,16,256> took 0.067562 (s) in 3 time steps
AutoTuner: Block shape <16,16,512> took 0.064849 (s) in 3 time steps
AutoTuner: Block shape <16,16,516> took 0.063578 (s) in 3 time steps
AutoTuner: Block shape <24,24,8> took 0.086756 (s) in 3 time steps
AutoTuner: Block shape <24,24,16> took 0.074170 (s) in 3 time steps
AutoTuner: Block shape <24,24,32> took 0.069963 (s) in 3 time steps
AutoTuner: Block shape <24,24,40> took 0.071467 (s) in 3 time steps
AutoTuner: Block shape <24,24,64> took 0.071056 (s) in 3 time steps
AutoTuner: Block shape <24,24,128> took 0.073901 (s) in 3 time steps
AutoTuner: Block shape <24,24,256> took 0.062937 (s) in 3 time steps
AutoTuner: Block shape <24,24,512> took 0.073831 (s) in 3 time steps
AutoTuner: Block shape <24,24,516> took 0.073321 (s) in 3 time steps
AutoTuner: Block shape <32,32,8> took 0.093525 (s) in 3 time steps
AutoTuner: Block shape <32,32,16> took 0.077910 (s) in 3 time steps
AutoTuner: Block shape <32,32,24> took 0.077966 (s) in 3 time steps
AutoTuner: Block shape <32,32,40> took 0.074377 (s) in 3 time steps
AutoTuner: Block shape <32,32,64> took 0.070587 (s) in 3 time steps
AutoTuner: Block shape <32,32,128> took 0.067275 (s) in 3 time steps
AutoTuner: Block shape <32,32,256> took 0.064317 (s) in 3 time steps
AutoTuner: Block shape <32,32,512> took 0.090039 (s) in 3 time steps
AutoTuner: Block shape <32,32,516> took 0.089387 (s) in 3 time steps
AutoTuner: Block shape <16,8,8> took 0.086502 (s) in 3 time steps
AutoTuner: Block shape <8,16,8> took 0.085545 (s) in 3 time steps
AutoTuner: Block shape <16,8,16> took 0.076080 (s) in 3 time steps
AutoTuner: Block shape <8,16,16> took 0.077166 (s) in 3 time steps
AutoTuner: Block shape <32,16,16> took 0.074609 (s) in 3 time steps
AutoTuner: Block shape <16,32,16> took 0.074235 (s) in 3 time steps
AutoTuner: Block shape <32,16,32> took 0.069750 (s) in 3 time steps
AutoTuner: Block shape <16,32,32> took 0.069487 (s) in 3 time steps
AutoTuner: Block shape <48,24,24> took 0.080494 (s) in 3 time steps
AutoTuner: Block shape <24,48,24> took 0.080291 (s) in 3 time steps
AutoTuner: Block shape <24,24,48> took 0.071351 (s) in 3 time steps
AutoTuner: Block shape <48,48,24> took 0.085258 (s) in 3 time steps
AutoTuner: Block shape <48,24,48> took 0.074218 (s) in 3 time steps
AutoTuner: Block shape <24,48,48> took 0.073653 (s) in 3 time steps
AutoTuner: Block shape <48,48,48> took 0.075700 (s) in 3 time steps
AutoTuner: Block shape <64,32,32> took 0.079440 (s) in 3 time steps
AutoTuner: Block shape <32,64,32> took 0.079872 (s) in 3 time steps
AutoTuner: Block shape <64,64,32> took 0.081112 (s) in 3 time steps
AutoTuner: Block shape <64,32,64> took 0.071703 (s) in 3 time steps
AutoTuner: Block shape <32,64,64> took 0.072097 (s) in 3 time steps
AutoTuner: Block shape <80,40,40> took 0.080790 (s) in 3 time steps
AutoTuner: Block shape <40,80,40> took 0.083644 (s) in 3 time steps
AutoTuner: Block shape <40,40,80> took 0.072915 (s) in 3 time steps
AutoTuner: Block shape <80,80,40> took 0.083673 (s) in 3 time steps
AutoTuner: Block shape <80,40,80> took 0.075407 (s) in 3 time steps
AutoTuner: Block shape <40,80,80> took 0.077327 (s) in 3 time steps
AutoTuner: Block shape <80,80,80> took 0.075749 (s) in 3 time steps
AutoTuner: Block shape <128,64,64> took 0.072523 (s) in 3 time steps
AutoTuner: Block shape <64,128,64> took 0.083917 (s) in 3 time steps
AutoTuner: Block shape <64,64,128> took 0.071443 (s) in 3 time steps
AutoTuner: Block shape <128,128,64> took 0.092460 (s) in 3 time steps
AutoTuner: Block shape <128,64,128> took 0.077428 (s) in 3 time steps
AutoTuner: Block shape <64,128,128> took 0.116020 (s) in 3 time steps
AutoTuner: Block shape <256,128,128> took 0.120212 (s) in 3 time steps
AutoTuner: Block shape <128,256,128> took 0.156840 (s) in 3 time steps
AutoTuner: Block shape <128,128,256> took 0.137153 (s) in 3 time steps
AutoTuner: Block shape <256,256,128> took 0.218599 (s) in 3 time steps
AutoTuner: Block shape <256,128,256> took 0.197789 (s) in 3 time steps
AutoTuner: Block shape <128,256,256> took 0.225082 (s) in 3 time steps
AutoTuner: Block shape <512,256,256> took 0.268965 (s) in 3 time steps
AutoTuner: Block shape <256,512,256> took 0.278663 (s) in 3 time steps
AutoTuner: Block shape <256,256,512> took 0.218101 (s) in 3 time steps
AutoTuner: Block shape <512,512,256> took 0.499718 (s) in 3 time steps
AutoTuner: Block shape <512,256,512> took 0.374926 (s) in 3 time steps
AutoTuner: Block shape <256,512,512> took 0.390282 (s) in 3 time steps
Auto-tuned block shape: {'x0_block_size': 8, 'y0_block_size': 8, 'z0_block_size': 516}
=========================================================================================
Section section_1<327,1> with OI=0.96 computed in 0.000 s [0.22 GFlops/s]
Section section_2<327,512> with OI=2.09 computed in 0.002 s [5.63 GFlops/s]
Section main<327,516,516,516> with OI=4.42 computed in 17.311 s [202.43 GFlops/s, 2.60 GPts/s]
=========================================================================================
Allocating memory for m ((532, 532, 532))
Allocating memory for damp ((532, 532, 532))
Allocating memory for src ((329, 1))
Allocating memory for src_coords ((1, 3))
Allocating memory for nrec_coords ((512, 3))
Applying Forward
Allocating memory for rec_coords ((512, 3))
DSE: extract_time_invariants [flops: 123, elapsed: 0.00] >>
     eliminate_inter_stencil_redundancies [flops: 123, elapsed: 0.00] >>
     eliminate_intra_stencil_redundancies [flops: 114, elapsed: 0.01] >>
     factorize [flops: 74, elapsed: 0.07] >>
     finalize [flops: 78, elapsed: 0.00]
     [Total elapsed: 0.08 s]
DLE: avoid_denormals [elapsed: 0.00] >>
     loop_fission [elapsed: 0.00] >>
     loop_blocking [elapsed: 0.06] >>
     simdize [elapsed: 0.01] >>
     ompize [elapsed: 0.03] >>
     create_elemental_functions [elapsed: 0.07] >>
     minimize_remainders [elapsed: 0.01]
     [Total elapsed: 0.18 s]
Allocating memory for rec ((329, 512))
Allocating memory for u ((3, 532, 532, 532))
IntelCompiler: compiled /tmp/devito-vv1mwi6i/f5bd60e5f3379d67dd6f9ed9828db576276e35f9.c [1.63 s]
AutoTuner: Block shape <8,8,8> took 0.088763 (s) in 3 time steps
AutoTuner: Block shape <16,16,16> took 0.076422 (s) in 3 time steps
AutoTuner: Block shape <24,24,24> took 0.071412 (s) in 3 time steps
AutoTuner: Block shape <32,32,32> took 0.075952 (s) in 3 time steps
AutoTuner: Block shape <40,40,40> took 0.076880 (s) in 3 time steps
AutoTuner: Block shape <64,64,64> took 0.072634 (s) in 3 time steps
AutoTuner: Block shape <128,128,128> took 0.107758 (s) in 3 time steps
AutoTuner: Block shape <256,256,256> took 0.149891 (s) in 3 time steps
AutoTuner: Block shape <512,512,512> took 0.698254 (s) in 3 time steps
AutoTuner: Block shape <516,516,516> took 0.645578 (s) in 3 time steps
AutoTuner: Block shape <8,8,16> took 0.078693 (s) in 3 time steps
AutoTuner: Block shape <8,8,24> took 0.069965 (s) in 3 time steps
AutoTuner: Block shape <8,8,32> took 0.067114 (s) in 3 time steps
AutoTuner: Block shape <8,8,40> took 0.066983 (s) in 3 time steps
AutoTuner: Block shape <8,8,64> took 0.063550 (s) in 3 time steps
AutoTuner: Block shape <8,8,128> took 0.064382 (s) in 3 time steps
AutoTuner: Block shape <8,8,256> took 0.063458 (s) in 3 time steps
AutoTuner: Block shape <8,8,512> took 0.053802 (s) in 3 time steps
AutoTuner: Block shape <8,8,516> took 0.052033 (s) in 3 time steps
AutoTuner: Block shape <16,16,8> took 0.084417 (s) in 3 time steps
AutoTuner: Block shape <16,16,24> took 0.068536 (s) in 3 time steps
AutoTuner: Block shape <16,16,32> took 0.068041 (s) in 3 time steps
AutoTuner: Block shape <16,16,40> took 0.067405 (s) in 3 time steps
AutoTuner: Block shape <16,16,64> took 0.068607 (s) in 3 time steps
AutoTuner: Block shape <16,16,128> took 0.074879 (s) in 3 time steps
AutoTuner: Block shape <16,16,256> took 0.067035 (s) in 3 time steps
AutoTuner: Block shape <16,16,512> took 0.065713 (s) in 3 time steps
AutoTuner: Block shape <16,16,516> took 0.064615 (s) in 3 time steps
AutoTuner: Block shape <24,24,8> took 0.088460 (s) in 3 time steps
AutoTuner: Block shape <24,24,16> took 0.075782 (s) in 3 time steps
AutoTuner: Block shape <24,24,32> took 0.071273 (s) in 3 time steps
AutoTuner: Block shape <24,24,40> took 0.071518 (s) in 3 time steps
AutoTuner: Block shape <24,24,64> took 0.071283 (s) in 3 time steps
AutoTuner: Block shape <24,24,128> took 0.074886 (s) in 3 time steps
AutoTuner: Block shape <24,24,256> took 0.064282 (s) in 3 time steps
AutoTuner: Block shape <24,24,512> took 0.075108 (s) in 3 time steps
AutoTuner: Block shape <24,24,516> took 0.074432 (s) in 3 time steps
AutoTuner: Block shape <32,32,8> took 0.093967 (s) in 3 time steps
AutoTuner: Block shape <32,32,16> took 0.078814 (s) in 3 time steps
AutoTuner: Block shape <32,32,24> took 0.077067 (s) in 3 time steps
AutoTuner: Block shape <32,32,40> took 0.073831 (s) in 3 time steps
AutoTuner: Block shape <32,32,64> took 0.071583 (s) in 3 time steps
AutoTuner: Block shape <32,32,128> took 0.067889 (s) in 3 time steps
AutoTuner: Block shape <32,32,256> took 0.064869 (s) in 3 time steps
AutoTuner: Block shape <32,32,512> took 0.091027 (s) in 3 time steps
AutoTuner: Block shape <32,32,516> took 0.090391 (s) in 3 time steps
AutoTuner: Block shape <16,8,8> took 0.086446 (s) in 3 time steps
AutoTuner: Block shape <8,16,8> took 0.086085 (s) in 3 time steps
AutoTuner: Block shape <16,8,16> took 0.076422 (s) in 3 time steps
AutoTuner: Block shape <8,16,16> took 0.076686 (s) in 3 time steps
AutoTuner: Block shape <32,16,16> took 0.076483 (s) in 3 time steps
AutoTuner: Block shape <16,32,16> took 0.075475 (s) in 3 time steps
AutoTuner: Block shape <32,16,32> took 0.071785 (s) in 3 time steps
AutoTuner: Block shape <16,32,32> took 0.070445 (s) in 3 time steps
AutoTuner: Block shape <48,24,24> took 0.079898 (s) in 3 time steps
AutoTuner: Block shape <24,48,24> took 0.079164 (s) in 3 time steps
AutoTuner: Block shape <24,24,48> took 0.071632 (s) in 3 time steps
AutoTuner: Block shape <48,48,24> took 0.084426 (s) in 3 time steps
AutoTuner: Block shape <48,24,48> took 0.073955 (s) in 3 time steps
AutoTuner: Block shape <24,48,48> took 0.073432 (s) in 3 time steps
AutoTuner: Block shape <48,48,48> took 0.075595 (s) in 3 time steps
AutoTuner: Block shape <64,32,32> took 0.078619 (s) in 3 time steps
AutoTuner: Block shape <32,64,32> took 0.078994 (s) in 3 time steps
AutoTuner: Block shape <64,64,32> took 0.080367 (s) in 3 time steps
AutoTuner: Block shape <64,32,64> took 0.072394 (s) in 3 time steps
AutoTuner: Block shape <32,64,64> took 0.072893 (s) in 3 time steps
AutoTuner: Block shape <80,40,40> took 0.080514 (s) in 3 time steps
AutoTuner: Block shape <40,80,40> took 0.083464 (s) in 3 time steps
AutoTuner: Block shape <40,40,80> took 0.074987 (s) in 3 time steps
AutoTuner: Block shape <80,80,40> took 0.083749 (s) in 3 time steps
AutoTuner: Block shape <80,40,80> took 0.076956 (s) in 3 time steps
AutoTuner: Block shape <40,80,80> took 0.078259 (s) in 3 time steps
AutoTuner: Block shape <80,80,80> took 0.077041 (s) in 3 time steps
AutoTuner: Block shape <128,64,64> took 0.073179 (s) in 3 time steps
AutoTuner: Block shape <64,128,64> took 0.083985 (s) in 3 time steps
AutoTuner: Block shape <64,64,128> took 0.072620 (s) in 3 time steps
AutoTuner: Block shape <128,128,64> took 0.094116 (s) in 3 time steps
AutoTuner: Block shape <128,64,128> took 0.080698 (s) in 3 time steps
AutoTuner: Block shape <64,128,128> took 0.118368 (s) in 3 time steps
AutoTuner: Block shape <256,128,128> took 0.124231 (s) in 3 time steps
AutoTuner: Block shape <128,256,128> took 0.160090 (s) in 3 time steps
AutoTuner: Block shape <128,128,256> took 0.140411 (s) in 3 time steps
AutoTuner: Block shape <256,256,128> took 0.224233 (s) in 3 time steps
AutoTuner: Block shape <256,128,256> took 0.201369 (s) in 3 time steps
AutoTuner: Block shape <128,256,256> took 0.230141 (s) in 3 time steps
AutoTuner: Block shape <512,256,256> took 0.276397 (s) in 3 time steps
AutoTuner: Block shape <256,512,256> took 0.278242 (s) in 3 time steps
AutoTuner: Block shape <256,256,512> took 0.218159 (s) in 3 time steps
AutoTuner: Block shape <512,512,256> took 0.515875 (s) in 3 time steps
AutoTuner: Block shape <512,256,512> took 0.375330 (s) in 3 time steps
AutoTuner: Block shape <256,512,512> took 0.388207 (s) in 3 time steps
Auto-tuned block shape: {'x0_block_size': 8, 'y0_block_size': 8, 'z0_block_size': 516}
=========================================================================================
Section section_1<327,1> with OI=0.96 computed in 0.000 s [0.21 GFlops/s]
Section section_2<327,512> with OI=2.09 computed in 0.003 s [5.46 GFlops/s]
Section main<327,516,516,516> with OI=4.42 computed in 17.041 s [205.63 GFlops/s, 2.64 GPts/s]
=========================================================================================
Allocating memory for m ((532, 532, 532))
Allocating memory for damp ((532, 532, 532))
Allocating memory for src ((329, 1))
Allocating memory for src_coords ((1, 3))
Allocating memory for nrec_coords ((512, 3))
Applying Forward
Allocating memory for rec_coords ((512, 3))
DSE: extract_time_invariants [flops: 123, elapsed: 0.00] >>
     eliminate_inter_stencil_redundancies [flops: 123, elapsed: 0.00] >>
     eliminate_intra_stencil_redundancies [flops: 114, elapsed: 0.01] >>
     factorize [flops: 74, elapsed: 0.07] >>
     finalize [flops: 78, elapsed: 0.00]
     [Total elapsed: 0.08 s]
DLE: avoid_denormals [elapsed: 0.00] >>
     loop_fission [elapsed: 0.00] >>
     loop_blocking [elapsed: 0.06] >>
     simdize [elapsed: 0.01] >>
     ompize [elapsed: 0.03] >>
     create_elemental_functions [elapsed: 0.07] >>
     minimize_remainders [elapsed: 0.01]
     [Total elapsed: 0.18 s]
Allocating memory for rec ((329, 512))
Allocating memory for u ((3, 532, 532, 532))
IntelCompiler: compiled /tmp/devito-vv1mwi6i/f5bd60e5f3379d67dd6f9ed9828db576276e35f9.c [1.59 s]
AutoTuner: Block shape <8,8,8> took 0.088669 (s) in 3 time steps
AutoTuner: Block shape <16,16,16> took 0.075067 (s) in 3 time steps
AutoTuner: Block shape <24,24,24> took 0.071481 (s) in 3 time steps
AutoTuner: Block shape <32,32,32> took 0.075924 (s) in 3 time steps
AutoTuner: Block shape <40,40,40> took 0.076929 (s) in 3 time steps
AutoTuner: Block shape <64,64,64> took 0.071852 (s) in 3 time steps
AutoTuner: Block shape <128,128,128> took 0.107326 (s) in 3 time steps
AutoTuner: Block shape <256,256,256> took 0.150432 (s) in 3 time steps
AutoTuner: Block shape <512,512,512> took 0.697853 (s) in 3 time steps
AutoTuner: Block shape <516,516,516> took 0.645619 (s) in 3 time steps
AutoTuner: Block shape <8,8,16> took 0.078507 (s) in 3 time steps
AutoTuner: Block shape <8,8,24> took 0.069705 (s) in 3 time steps
AutoTuner: Block shape <8,8,32> took 0.067081 (s) in 3 time steps
AutoTuner: Block shape <8,8,40> took 0.066839 (s) in 3 time steps
AutoTuner: Block shape <8,8,64> took 0.063348 (s) in 3 time steps
AutoTuner: Block shape <8,8,128> took 0.064439 (s) in 3 time steps
AutoTuner: Block shape <8,8,256> took 0.063641 (s) in 3 time steps
AutoTuner: Block shape <8,8,512> took 0.053763 (s) in 3 time steps
AutoTuner: Block shape <8,8,516> took 0.052141 (s) in 3 time steps
AutoTuner: Block shape <16,16,8> took 0.084755 (s) in 3 time steps
AutoTuner: Block shape <16,16,24> took 0.068646 (s) in 3 time steps
AutoTuner: Block shape <16,16,32> took 0.068264 (s) in 3 time steps
AutoTuner: Block shape <16,16,40> took 0.067491 (s) in 3 time steps
AutoTuner: Block shape <16,16,64> took 0.068801 (s) in 3 time steps
AutoTuner: Block shape <16,16,128> took 0.075050 (s) in 3 time steps
AutoTuner: Block shape <16,16,256> took 0.067028 (s) in 3 time steps
AutoTuner: Block shape <16,16,512> took 0.065637 (s) in 3 time steps
AutoTuner: Block shape <16,16,516> took 0.064516 (s) in 3 time steps
AutoTuner: Block shape <24,24,8> took 0.088343 (s) in 3 time steps
AutoTuner: Block shape <24,24,16> took 0.075632 (s) in 3 time steps
AutoTuner: Block shape <24,24,32> took 0.071272 (s) in 3 time steps
AutoTuner: Block shape <24,24,40> took 0.071549 (s) in 3 time steps
AutoTuner: Block shape <24,24,64> took 0.071501 (s) in 3 time steps
AutoTuner: Block shape <24,24,128> took 0.074552 (s) in 3 time steps
AutoTuner: Block shape <24,24,256> took 0.064273 (s) in 3 time steps
AutoTuner: Block shape <24,24,512> took 0.075120 (s) in 3 time steps
AutoTuner: Block shape <24,24,516> took 0.074587 (s) in 3 time steps
AutoTuner: Block shape <32,32,8> took 0.094264 (s) in 3 time steps
AutoTuner: Block shape <32,32,16> took 0.078805 (s) in 3 time steps
AutoTuner: Block shape <32,32,24> took 0.077359 (s) in 3 time steps
AutoTuner: Block shape <32,32,40> took 0.073924 (s) in 3 time steps
AutoTuner: Block shape <32,32,64> took 0.071821 (s) in 3 time steps
AutoTuner: Block shape <32,32,128> took 0.067671 (s) in 3 time steps
AutoTuner: Block shape <32,32,256> took 0.064999 (s) in 3 time steps
AutoTuner: Block shape <32,32,512> took 0.090436 (s) in 3 time steps
AutoTuner: Block shape <32,32,516> took 0.090841 (s) in 3 time steps
AutoTuner: Block shape <16,8,8> took 0.086447 (s) in 3 time steps
AutoTuner: Block shape <8,16,8> took 0.086268 (s) in 3 time steps
AutoTuner: Block shape <16,8,16> took 0.076634 (s) in 3 time steps
AutoTuner: Block shape <8,16,16> took 0.076758 (s) in 3 time steps
AutoTuner: Block shape <32,16,16> took 0.076563 (s) in 3 time steps
AutoTuner: Block shape <16,32,16> took 0.075742 (s) in 3 time steps
AutoTuner: Block shape <32,16,32> took 0.071693 (s) in 3 time steps
AutoTuner: Block shape <16,32,32> took 0.070322 (s) in 3 time steps
AutoTuner: Block shape <48,24,24> took 0.079774 (s) in 3 time steps
AutoTuner: Block shape <24,48,24> took 0.079383 (s) in 3 time steps
AutoTuner: Block shape <24,24,48> took 0.071650 (s) in 3 time steps
AutoTuner: Block shape <48,48,24> took 0.084495 (s) in 3 time steps
AutoTuner: Block shape <48,24,48> took 0.073975 (s) in 3 time steps
AutoTuner: Block shape <24,48,48> took 0.073363 (s) in 3 time steps
AutoTuner: Block shape <48,48,48> took 0.075732 (s) in 3 time steps
AutoTuner: Block shape <64,32,32> took 0.078652 (s) in 3 time steps
AutoTuner: Block shape <32,64,32> took 0.079008 (s) in 3 time steps
AutoTuner: Block shape <64,64,32> took 0.080366 (s) in 3 time steps
AutoTuner: Block shape <64,32,64> took 0.072490 (s) in 3 time steps
AutoTuner: Block shape <32,64,64> took 0.072789 (s) in 3 time steps
AutoTuner: Block shape <80,40,40> took 0.080617 (s) in 3 time steps
AutoTuner: Block shape <40,80,40> took 0.083522 (s) in 3 time steps
AutoTuner: Block shape <40,40,80> took 0.074470 (s) in 3 time steps
AutoTuner: Block shape <80,80,40> took 0.083933 (s) in 3 time steps
AutoTuner: Block shape <80,40,80> took 0.077440 (s) in 3 time steps
AutoTuner: Block shape <40,80,80> took 0.078433 (s) in 3 time steps
AutoTuner: Block shape <80,80,80> took 0.077361 (s) in 3 time steps
AutoTuner: Block shape <128,64,64> took 0.073429 (s) in 3 time steps
AutoTuner: Block shape <64,128,64> took 0.083754 (s) in 3 time steps
AutoTuner: Block shape <64,64,128> took 0.072494 (s) in 3 time steps
AutoTuner: Block shape <128,128,64> took 0.093761 (s) in 3 time steps
AutoTuner: Block shape <128,64,128> took 0.080565 (s) in 3 time steps
AutoTuner: Block shape <64,128,128> took 0.117726 (s) in 3 time steps
AutoTuner: Block shape <256,128,128> took 0.124533 (s) in 3 time steps
AutoTuner: Block shape <128,256,128> took 0.159858 (s) in 3 time steps
AutoTuner: Block shape <128,128,256> took 0.140026 (s) in 3 time steps
AutoTuner: Block shape <256,256,128> took 0.223953 (s) in 3 time steps
AutoTuner: Block shape <256,128,256> took 0.200860 (s) in 3 time steps
AutoTuner: Block shape <128,256,256> took 0.231080 (s) in 3 time steps
AutoTuner: Block shape <512,256,256> took 0.275101 (s) in 3 time steps
AutoTuner: Block shape <256,512,256> took 0.278276 (s) in 3 time steps
AutoTuner: Block shape <256,256,512> took 0.218250 (s) in 3 time steps
AutoTuner: Block shape <512,512,256> took 0.517554 (s) in 3 time steps
AutoTuner: Block shape <512,256,512> took 0.375290 (s) in 3 time steps
AutoTuner: Block shape <256,512,512> took 0.388872 (s) in 3 time steps
Auto-tuned block shape: {'x0_block_size': 8, 'y0_block_size': 8, 'z0_block_size': 516}
=========================================================================================
Section section_1<327,1> with OI=0.96 computed in 0.000 s [0.22 GFlops/s]
Section section_2<327,512> with OI=2.09 computed in 0.002 s [5.77 GFlops/s]
Section main<327,516,516,516> with OI=4.42 computed in 17.049 s [205.54 GFlops/s, 2.64 GPts/s]
=========================================================================================


OpesciBench: Running 3 repeats - parameters: arch: unknown, autotune: True, dle: advanced, dse: advanced, nbpml: 10, shape: (512, 512, 512), space_order: 16, spacing: (20.0, 20.0, 20.0), time_order: 2, tn: 1000
OpesciBench [14:22:38]: --- Run 0 ---
OpesciBench [14:23:25]: --- Run 0 finished ---

OpesciBench [14:23:25]: --- Run 1 ---
OpesciBench [14:24:11]: --- Run 1 finished ---

OpesciBench [14:24:11]: --- Run 2 ---
OpesciBench [14:24:57]: --- Run 2 finished ---



Tue Dec 19 14:24:57 PST 2017
top - 14:24:58 up 20 days,  5:13,  3 users,  load average: 36.83, 25.25, 12.41
Tasks: 1952 total,   1 running, 1951 sleeping,   0 stopped,   0 zombie
%Cpu(s):  4.8 us,  0.1 sy,  0.0 ni, 95.1 id,  0.0 wa,  0.0 hi,  0.0 si,  0.0 st
KiB Mem : 19652648+total, 18914166+free,  4720464 used,  2664356 buff/cache
KiB Swap: 50331644 total, 47095992 free,  3235652 used. 19105152+avail Mem 

   PID USER      PR  NI    VIRT    RES    SHR S  %CPU %MEM     TIME+ COMMAND
223728 cyount    20   0  152228   3928   1476 R   6.2  0.0   0:00.02 top
     1 root      20   0  197856   6196   1468 S   0.0  0.0   1:05.16 systemd
     2 root      20   0       0      0      0 S   0.0  0.0   0:00.28 kthreadd
     3 root      20   0       0      0      0 S   0.0  0.0   0:00.07 ksoftirqd/0
     5 root       0 -20       0      0      0 S   0.0  0.0   0:00.00 kworker/0:0H
     8 root      rt   0       0      0      0 S   0.0  0.0   0:01.43 migration/0
     9 root      20   0       0      0      0 S   0.0  0.0   0:00.00 rcu_bh
    10 root      20   0       0      0      0 S   0.0  0.0   0:00.00 rcuob/0
    11 root      20   0       0      0      0 S   0.0  0.0   0:00.00 rcuob/1
    12 root      20   0       0      0      0 S   0.0  0.0   0:00.00 rcuob/2
    13 root      20   0       0      0      0 S   0.0  0.0   0:00.00 rcuob/3
    14 root      20   0       0      0      0 S   0.0  0.0   0:00.00 rcuob/4
    15 root      20   0       0      0      0 S   0.0  0.0   0:00.00 rcuob/5
    16 root      20   0       0      0      0 S   0.0  0.0   0:00.00 rcuob/6
    17 root      20   0       0      0      0 S   0.0  0.0   0:00.00 rcuob/7
    18 root      20   0       0      0      0 S   0.0  0.0   0:00.00 rcuob/8
    19 root      20   0       0      0      0 S   0.0  0.0   0:00.00 rcuob/9
    20 root      20   0       0      0      0 S   0.0  0.0   0:00.00 rcuob/10
    21 root      20   0       0      0      0 S   0.0  0.0   0:00.00 rcuob/11
    22 root      20   0       0      0      0 S   0.0  0.0   0:00.00 rcuob/12
    23 root      20   0       0      0      0 S   0.0  0.0   0:00.00 rcuob/13
    24 root      20   0       0      0      0 S   0.0  0.0   0:00.00 rcuob/14
    25 root      20   0       0      0      0 S   0.0  0.0   0:00.00 rcuob/15
