Thu Dec 21 17:03:48 PST 2017
Linux ortce-skl3 3.10.0-327.el7.x86_64 #1 SMP Thu Oct 29 17:29:29 EDT 2015 x86_64 x86_64 x86_64 GNU/Linux
Architecture:          x86_64
CPU op-mode(s):        32-bit, 64-bit
Byte Order:            Little Endian
CPU(s):                112
On-line CPU(s) list:   0-111
Thread(s) per core:    2
Core(s) per socket:    28
Socket(s):             2
NUMA node(s):          2
Vendor ID:             GenuineIntel
CPU family:            6
Model:                 85
Model name:            Intel(R) Xeon(R) Platinum 8180 CPU @ 2.50GHz
Stepping:              4
CPU MHz:               2501.000
BogoMIPS:              4993.64
Virtualization:        VT-x
L1d cache:             32K
L1i cache:             32K
L2 cache:              1024K
L3 cache:              39424K
NUMA node0 CPU(s):     0-27,56-83
NUMA node1 CPU(s):     28-55,84-111
Linux ortce-skl3 3.10.0-327.el7.x86_64 #1 SMP Thu Oct 29 17:29:29 EDT 2015 x86_64 x86_64 x86_64 GNU/Linux
available: 2 nodes (0-1)
node 0 cpus: 0 1 2 3 4 5 6 7 8 9 10 11 12 13 14 15 16 17 18 19 20 21 22 23 24 25 26 27 56 57 58 59 60 61 62 63 64 65 66 67 68 69 70 71 72 73 74 75 76 77 78 79 80 81 82 83
node 0 size: 96973 MB
node 0 free: 90371 MB
node 1 cpus: 28 29 30 31 32 33 34 35 36 37 38 39 40 41 42 43 44 45 46 47 48 49 50 51 52 53 54 55 84 85 86 87 88 89 90 91 92 93 94 95 96 97 98 99 100 101 102 103 104 105 106 107 108 109 110 111
node 1 size: 98304 MB
node 1 free: 92944 MB
node distances:
node   0   1 
  0:  10  21 
  1:  21  10 

Per-node system memory usage (in MBs):
                          Node 0          Node 1           Total
                 --------------- --------------- ---------------
MemTotal                96973.63        98304.00       195277.63
MemFree                 90371.11        92944.92       183316.03
MemUsed                  6602.52         5359.08        11961.60
Active                    387.58          560.38          947.96
Inactive                 2574.66         2163.56         4738.22
Active(anon)              211.96           13.71          225.66
Inactive(anon)           1563.42          672.33         2235.75
Active(file)              175.62          546.67          722.29
Inactive(file)           1011.24         1491.23         2502.47
Unevictable                 0.00            0.00            0.00
Mlocked                     0.00            0.00            0.00
Dirty                       0.00            0.00            0.00
Writeback                   0.00            0.00            0.00
FilePages                2720.82         2707.73         5428.55
Mapped                     40.97           11.27           52.23
AnonPages                 290.78           19.21          309.99
Shmem                      14.23            2.67           16.90
KernelStack                33.23            9.50           42.73
PageTables                 28.38           22.14           50.51
NFS_Unstable                0.00            0.00            0.00
Bounce                      0.00            0.00            0.00
WritebackTmp                0.00            0.00            0.00
Slab                      398.99          330.72          729.71
SReclaimable              203.79          141.28          345.07
SUnreclaim                195.20          189.44          384.64
AnonHugePages             102.00            2.00          104.00
HugePages_Total             0.00            0.00            0.00
HugePages_Free              0.00            0.00            0.00
HugePages_Surp              0.00            0.00            0.00
top - 17:03:49 up 22 days,  7:52,  3 users,  load average: 53.59, 46.03, 42.51
Tasks: 1952 total,   1 running, 1951 sleeping,   0 stopped,   0 zombie
%Cpu(s):  5.6 us,  0.1 sy,  0.0 ni, 94.3 id,  0.0 wa,  0.0 hi,  0.0 si,  0.0 st
KiB Mem : 19652648+total, 18771376+free,  4746048 used,  4066684 buff/cache
KiB Swap: 50331644 total, 47136812 free,  3194832 used. 19103139+avail Mem 

   PID USER      PR  NI    VIRT    RES    SHR S  %CPU %MEM     TIME+ COMMAND
 83633 cyount    20   0  152236   3932   1476 R   5.9  0.0   0:00.02 top
     1 root      20   0  197856   6604   1468 S   0.0  0.0   1:10.92 systemd
     2 root      20   0       0      0      0 S   0.0  0.0   0:00.29 kthreadd
     3 root      20   0       0      0      0 S   0.0  0.0   0:00.11 ksoftirqd/0
     5 root       0 -20       0      0      0 S   0.0  0.0   0:00.00 kworker/0:0H
     8 root      rt   0       0      0      0 S   0.0  0.0   0:01.43 migration/0
     9 root      20   0       0      0      0 S   0.0  0.0   0:00.00 rcu_bh
    10 root      20   0       0      0      0 S   0.0  0.0   0:00.00 rcuob/0
    11 root      20   0       0      0      0 S   0.0  0.0   0:00.00 rcuob/1
    12 root      20   0       0      0      0 S   0.0  0.0   0:00.00 rcuob/2
    13 root      20   0       0      0      0 S   0.0  0.0   0:00.00 rcuob/3
    14 root      20   0       0      0      0 S   0.0  0.0   0:00.00 rcuob/4
    15 root      20   0       0      0      0 S   0.0  0.0   0:00.00 rcuob/5
    16 root      20   0       0      0      0 S   0.0  0.0   0:00.00 rcuob/6
    17 root      20   0       0      0      0 S   0.0  0.0   0:00.00 rcuob/7
    18 root      20   0       0      0      0 S   0.0  0.0   0:00.00 rcuob/8
    19 root      20   0       0      0      0 S   0.0  0.0   0:00.00 rcuob/9
    20 root      20   0       0      0      0 S   0.0  0.0   0:00.00 rcuob/10
    21 root      20   0       0      0      0 S   0.0  0.0   0:00.00 rcuob/11
    22 root      20   0       0      0      0 S   0.0  0.0   0:00.00 rcuob/12
    23 root      20   0       0      0      0 S   0.0  0.0   0:00.00 rcuob/13
    24 root      20   0       0      0      0 S   0.0  0.0   0:00.00 rcuob/14
    25 root      20   0       0      0      0 S   0.0  0.0   0:00.00 rcuob/15
env DEVITO_PLATFORM=skx DEVITO_ISA=avx512 DEVITO_DEBUG_COMPILER=1 DEVITO_DLE_OPTIONS=blockinner:True DEVITO_AUTOTUNING=aggressive DEVITO_BACKEND=core DEVITO_OPENMP=1 DEVITO_ARCH=intel DEVITO_LOGGING=DEBUG DEVITO_YASK_AUTOTUNING=preemptive DEVITO_YASK_DUMP=devito.bench.2017-12-21/tti/core/bmdse/ortce-skl3/grid512/so12 numactl --cpubind=1 python examples/seismic/benchmark.py bench -bm dse -P tti -so 12 -to 2 -d 512 512 512 --tn 1000 -x 3 -r devito.bench.2017-12-21/tti/core/bmdse/ortce-skl3/grid512/so12
Allocating memory for m ((532, 532, 532))
Allocating memory for damp ((532, 532, 532))
Allocating memory for epsilon ((532, 532, 532))
Allocating memory for delta ((532, 532, 532))
Allocating memory for theta ((532, 532, 532))
Allocating memory for phi ((532, 532, 532))
Allocating memory for src ((417, 1))
Allocating memory for src_coords ((1, 3))
Allocating memory for nrec_coords ((101, 3))
Allocating memory for rec_coords ((101, 3))
DSE: eliminate_intra_stencil_redundancies [flops: 1701, elapsed: 0.98] >>
     finalize [flops: 1703, elapsed: 0.04]
     [Total elapsed: 1.02 s]
DLE: avoid_denormals [elapsed: 0.00] >>
     loop_fission [elapsed: 0.05] >>
     loop_blocking [elapsed: 0.22] >>
     simdize [elapsed: 0.26] >>
     ompize [elapsed: 0.07] >>
     create_elemental_functions [elapsed: 0.36] >>
     minimize_remainders [elapsed: 0.03]
     [Total elapsed: 0.99 s]
Allocating memory for rec ((417, 101))
Allocating memory for u ((3, 532, 532, 532))
Allocating memory for v ((3, 532, 532, 532))
IntelCompiler: compiled /tmp/devito-u_7f09ze/f6f81a1daf2df47448abcb13b4ab73d593ff4238.c [77.67 s]
AutoTuner: Block shape <8,8,8> took 0.842096 (s) in 3 time steps
AutoTuner: Block shape <16,16,16> took 0.741188 (s) in 3 time steps
AutoTuner: Block shape <24,24,24> took 0.744858 (s) in 3 time steps
AutoTuner: Block shape <32,32,32> took 0.749935 (s) in 3 time steps
AutoTuner: Block shape <40,40,40> took 0.766310 (s) in 3 time steps
AutoTuner: Block shape <64,64,64> took 0.880711 (s) in 3 time steps
AutoTuner: Block shape <128,128,128> took 1.295072 (s) in 3 time steps
AutoTuner: Block shape <256,256,256> took 3.854903 (s) in 3 time steps
AutoTuner: Block shape <512,512,512> took 24.206131 (s) in 3 time steps
AutoTuner: Block shape <520,520,520> took 24.233487 (s) in 3 time steps
AutoTuner: Block shape <8,8,16> took 0.761430 (s) in 3 time steps
AutoTuner: Block shape <8,8,24> took 0.737792 (s) in 3 time steps
AutoTuner: Block shape <8,8,32> took 0.721377 (s) in 3 time steps
AutoTuner: Block shape <8,8,40> took 0.722358 (s) in 3 time steps
AutoTuner: Block shape <8,8,64> took 0.727745 (s) in 3 time steps
AutoTuner: Block shape <8,8,128> took 0.738890 (s) in 3 time steps
AutoTuner: Block shape <8,8,256> took 0.779562 (s) in 3 time steps
AutoTuner: Block shape <8,8,512> took 0.849306 (s) in 3 time steps
AutoTuner: Block shape <8,8,520> took 0.848673 (s) in 3 time steps
AutoTuner: Block shape <16,16,8> took 0.788150 (s) in 3 time steps
AutoTuner: Block shape <16,16,24> took 0.751310 (s) in 3 time steps
AutoTuner: Block shape <16,16,32> took 0.747106 (s) in 3 time steps
AutoTuner: Block shape <16,16,40> took 0.737718 (s) in 3 time steps
AutoTuner: Block shape <16,16,64> took 0.739484 (s) in 3 time steps
AutoTuner: Block shape <16,16,128> took 0.760033 (s) in 3 time steps
AutoTuner: Block shape <16,16,256> took 0.815858 (s) in 3 time steps
AutoTuner: Block shape <16,16,512> took 0.980563 (s) in 3 time steps
AutoTuner: Block shape <16,16,520> took 0.980087 (s) in 3 time steps
AutoTuner: Block shape <24,24,8> took 0.801497 (s) in 3 time steps
AutoTuner: Block shape <24,24,16> took 0.779799 (s) in 3 time steps
AutoTuner: Block shape <24,24,32> took 0.748085 (s) in 3 time steps
AutoTuner: Block shape <24,24,40> took 0.741873 (s) in 3 time steps
AutoTuner: Block shape <24,24,64> took 0.751289 (s) in 3 time steps
AutoTuner: Block shape <24,24,128> took 0.797401 (s) in 3 time steps
AutoTuner: Block shape <24,24,256> took 0.901021 (s) in 3 time steps
AutoTuner: Block shape <24,24,512> took 1.080862 (s) in 3 time steps
AutoTuner: Block shape <24,24,520> took 1.080669 (s) in 3 time steps
AutoTuner: Block shape <32,32,8> took 0.839187 (s) in 3 time steps
AutoTuner: Block shape <32,32,16> took 0.794126 (s) in 3 time steps
AutoTuner: Block shape <32,32,24> took 0.764330 (s) in 3 time steps
AutoTuner: Block shape <32,32,40> took 0.753767 (s) in 3 time steps
AutoTuner: Block shape <32,32,64> took 0.764827 (s) in 3 time steps
AutoTuner: Block shape <32,32,128> took 0.820008 (s) in 3 time steps
AutoTuner: Block shape <32,32,256> took 0.980126 (s) in 3 time steps
AutoTuner: Block shape <32,32,512> took 1.098997 (s) in 3 time steps
AutoTuner: Block shape <32,32,520> took 1.100148 (s) in 3 time steps
AutoTuner: Block shape <16,8,8> took 0.786497 (s) in 3 time steps
AutoTuner: Block shape <8,16,8> took 0.791657 (s) in 3 time steps
AutoTuner: Block shape <16,8,16> took 0.766107 (s) in 3 time steps
AutoTuner: Block shape <8,16,16> took 0.761611 (s) in 3 time steps
AutoTuner: Block shape <32,16,16> took 0.785087 (s) in 3 time steps
AutoTuner: Block shape <16,32,16> took 0.782611 (s) in 3 time steps
AutoTuner: Block shape <32,16,32> took 0.749129 (s) in 3 time steps
AutoTuner: Block shape <16,32,32> took 0.758247 (s) in 3 time steps
AutoTuner: Block shape <48,24,24> took 0.770766 (s) in 3 time steps
AutoTuner: Block shape <24,48,24> took 0.797378 (s) in 3 time steps
AutoTuner: Block shape <24,24,48> took 0.753851 (s) in 3 time steps
AutoTuner: Block shape <48,48,24> took 0.825918 (s) in 3 time steps
AutoTuner: Block shape <48,24,48> took 0.776635 (s) in 3 time steps
AutoTuner: Block shape <24,48,48> took 0.814391 (s) in 3 time steps
AutoTuner: Block shape <48,48,48> took 0.841048 (s) in 3 time steps
AutoTuner: Block shape <64,32,32> took 0.762964 (s) in 3 time steps
AutoTuner: Block shape <32,64,32> took 0.814276 (s) in 3 time steps
AutoTuner: Block shape <64,64,32> took 0.826112 (s) in 3 time steps
AutoTuner: Block shape <64,32,64> took 0.779351 (s) in 3 time steps
AutoTuner: Block shape <32,64,64> took 0.853544 (s) in 3 time steps
AutoTuner: Block shape <80,40,40> took 0.786753 (s) in 3 time steps
AutoTuner: Block shape <40,80,40> took 0.849286 (s) in 3 time steps
AutoTuner: Block shape <40,40,80> took 0.806387 (s) in 3 time steps
AutoTuner: Block shape <80,80,40> took 0.904643 (s) in 3 time steps
AutoTuner: Block shape <80,40,80> took 0.861759 (s) in 3 time steps
AutoTuner: Block shape <40,80,80> took 0.985195 (s) in 3 time steps
AutoTuner: Block shape <80,80,80> took 1.062668 (s) in 3 time steps
AutoTuner: Block shape <128,64,64> took 0.884900 (s) in 3 time steps
AutoTuner: Block shape <64,128,64> took 1.045162 (s) in 3 time steps
AutoTuner: Block shape <64,64,128> took 0.995356 (s) in 3 time steps
AutoTuner: Block shape <128,128,64> took 1.116234 (s) in 3 time steps
AutoTuner: Block shape <128,64,128> took 1.069520 (s) in 3 time steps
AutoTuner: Block shape <64,128,128> took 1.145730 (s) in 3 time steps
AutoTuner: Block shape <256,128,128> took 1.610455 (s) in 3 time steps
AutoTuner: Block shape <128,256,128> took 1.738389 (s) in 3 time steps
AutoTuner: Block shape <128,128,256> took 1.672277 (s) in 3 time steps
AutoTuner: Block shape <256,256,128> took 2.075592 (s) in 3 time steps
AutoTuner: Block shape <256,128,256> took 1.984734 (s) in 3 time steps
AutoTuner: Block shape <128,256,256> took 2.369991 (s) in 3 time steps
AutoTuner: Block shape <512,256,256> took 6.653226 (s) in 3 time steps
AutoTuner: Block shape <256,512,256> took 7.503890 (s) in 3 time steps
AutoTuner: Block shape <256,256,512> took 7.229161 (s) in 3 time steps
AutoTuner: Block shape <512,512,256> took 12.267188 (s) in 3 time steps
AutoTuner: Block shape <512,256,512> took 12.168724 (s) in 3 time steps
AutoTuner: Block shape <256,512,512> took 13.847377 (s) in 3 time steps
Auto-tuned block shape: {'x0_block_size': 8, 'y0_block_size': 8, 'z0_block_size': 32}
=========================================================================================
Section section_1<415,1> with OI=0.64 computed in 0.000 s [0.13 GFlops/s]
Section section_2<415,101> with OI=1.27 computed in 0.004 s [1.03 GFlops/s]
Section main<415,520,520,520> with OI=39.57 computed in 308.385 s [322.24 GFlops/s, 0.19 GPts/s]
=========================================================================================
Allocating memory for m ((532, 532, 532))
Allocating memory for damp ((532, 532, 532))
Allocating memory for epsilon ((532, 532, 532))
Allocating memory for delta ((532, 532, 532))
Allocating memory for theta ((532, 532, 532))
Allocating memory for phi ((532, 532, 532))
Allocating memory for src ((417, 1))
Allocating memory for src_coords ((1, 3))
Allocating memory for nrec_coords ((101, 3))
Allocating memory for rec_coords ((101, 3))
DSE: eliminate_intra_stencil_redundancies [flops: 1701, elapsed: 0.98] >>
     finalize [flops: 1703, elapsed: 0.04]
     [Total elapsed: 1.02 s]
DLE: avoid_denormals [elapsed: 0.00] >>
     loop_fission [elapsed: 0.02] >>
     loop_blocking [elapsed: 0.22] >>
     simdize [elapsed: 0.17] >>
     ompize [elapsed: 0.07] >>
     create_elemental_functions [elapsed: 0.35] >>
     minimize_remainders [elapsed: 0.03]
     [Total elapsed: 0.87 s]
Allocating memory for rec ((417, 101))
Allocating memory for u ((3, 532, 532, 532))
Allocating memory for v ((3, 532, 532, 532))
IntelCompiler: compiled /tmp/devito-u_7f09ze/f6f81a1daf2df47448abcb13b4ab73d593ff4238.c [77.06 s]
AutoTuner: Block shape <8,8,8> took 0.805238 (s) in 3 time steps
AutoTuner: Block shape <16,16,16> took 0.745795 (s) in 3 time steps
AutoTuner: Block shape <24,24,24> took 0.744629 (s) in 3 time steps
AutoTuner: Block shape <32,32,32> took 0.753716 (s) in 3 time steps
AutoTuner: Block shape <40,40,40> took 0.778171 (s) in 3 time steps
AutoTuner: Block shape <64,64,64> took 0.882870 (s) in 3 time steps
AutoTuner: Block shape <128,128,128> took 1.303331 (s) in 3 time steps
AutoTuner: Block shape <256,256,256> took 3.924237 (s) in 3 time steps
AutoTuner: Block shape <512,512,512> took 24.951991 (s) in 3 time steps
AutoTuner: Block shape <520,520,520> took 25.086926 (s) in 3 time steps
AutoTuner: Block shape <8,8,16> took 0.763599 (s) in 3 time steps
AutoTuner: Block shape <8,8,24> took 0.740744 (s) in 3 time steps
AutoTuner: Block shape <8,8,32> took 0.724303 (s) in 3 time steps
AutoTuner: Block shape <8,8,40> took 0.724037 (s) in 3 time steps
AutoTuner: Block shape <8,8,64> took 0.728457 (s) in 3 time steps
AutoTuner: Block shape <8,8,128> took 0.733523 (s) in 3 time steps
AutoTuner: Block shape <8,8,256> took 0.781342 (s) in 3 time steps
AutoTuner: Block shape <8,8,512> took 0.851559 (s) in 3 time steps
AutoTuner: Block shape <8,8,520> took 0.849517 (s) in 3 time steps
AutoTuner: Block shape <16,16,8> took 0.792614 (s) in 3 time steps
AutoTuner: Block shape <16,16,24> took 0.754499 (s) in 3 time steps
AutoTuner: Block shape <16,16,32> took 0.750304 (s) in 3 time steps
AutoTuner: Block shape <16,16,40> took 0.738052 (s) in 3 time steps
AutoTuner: Block shape <16,16,64> took 0.751835 (s) in 3 time steps
AutoTuner: Block shape <16,16,128> took 0.767718 (s) in 3 time steps
AutoTuner: Block shape <16,16,256> took 0.821764 (s) in 3 time steps
AutoTuner: Block shape <16,16,512> took 0.977877 (s) in 3 time steps
AutoTuner: Block shape <16,16,520> took 0.978216 (s) in 3 time steps
AutoTuner: Block shape <24,24,8> took 0.806831 (s) in 3 time steps
AutoTuner: Block shape <24,24,16> took 0.786669 (s) in 3 time steps
AutoTuner: Block shape <24,24,32> took 0.751295 (s) in 3 time steps
AutoTuner: Block shape <24,24,40> took 0.752265 (s) in 3 time steps
AutoTuner: Block shape <24,24,64> took 0.769662 (s) in 3 time steps
AutoTuner: Block shape <24,24,128> took 0.802401 (s) in 3 time steps
AutoTuner: Block shape <24,24,256> took 0.904744 (s) in 3 time steps
AutoTuner: Block shape <24,24,512> took 1.077217 (s) in 3 time steps
AutoTuner: Block shape <24,24,520> took 1.077264 (s) in 3 time steps
AutoTuner: Block shape <32,32,8> took 0.840505 (s) in 3 time steps
AutoTuner: Block shape <32,32,16> took 0.792049 (s) in 3 time steps
AutoTuner: Block shape <32,32,24> took 0.765330 (s) in 3 time steps
AutoTuner: Block shape <32,32,40> took 0.763111 (s) in 3 time steps
AutoTuner: Block shape <32,32,64> took 0.777748 (s) in 3 time steps
AutoTuner: Block shape <32,32,128> took 0.822785 (s) in 3 time steps
AutoTuner: Block shape <32,32,256> took 0.980207 (s) in 3 time steps
AutoTuner: Block shape <32,32,512> took 1.088444 (s) in 3 time steps
AutoTuner: Block shape <32,32,520> took 1.089265 (s) in 3 time steps
AutoTuner: Block shape <16,8,8> took 0.788512 (s) in 3 time steps
AutoTuner: Block shape <8,16,8> took 0.789863 (s) in 3 time steps
AutoTuner: Block shape <16,8,16> took 0.771223 (s) in 3 time steps
AutoTuner: Block shape <8,16,16> took 0.764891 (s) in 3 time steps
AutoTuner: Block shape <32,16,16> took 0.790751 (s) in 3 time steps
AutoTuner: Block shape <16,32,16> took 0.788490 (s) in 3 time steps
AutoTuner: Block shape <32,16,32> took 0.752548 (s) in 3 time steps
AutoTuner: Block shape <16,32,32> took 0.761931 (s) in 3 time steps
AutoTuner: Block shape <48,24,24> took 0.770610 (s) in 3 time steps
AutoTuner: Block shape <24,48,24> took 0.798781 (s) in 3 time steps
AutoTuner: Block shape <24,24,48> took 0.765320 (s) in 3 time steps
AutoTuner: Block shape <48,48,24> took 0.821308 (s) in 3 time steps
AutoTuner: Block shape <48,24,48> took 0.789038 (s) in 3 time steps
AutoTuner: Block shape <24,48,48> took 0.823022 (s) in 3 time steps
AutoTuner: Block shape <48,48,48> took 0.851133 (s) in 3 time steps
AutoTuner: Block shape <64,32,32> took 0.779619 (s) in 3 time steps
AutoTuner: Block shape <32,64,32> took 0.819630 (s) in 3 time steps
AutoTuner: Block shape <64,64,32> took 0.827402 (s) in 3 time steps
AutoTuner: Block shape <64,32,64> took 0.787496 (s) in 3 time steps
AutoTuner: Block shape <32,64,64> took 0.855263 (s) in 3 time steps
AutoTuner: Block shape <80,40,40> took 0.792333 (s) in 3 time steps
AutoTuner: Block shape <40,80,40> took 0.853922 (s) in 3 time steps
AutoTuner: Block shape <40,40,80> took 0.812390 (s) in 3 time steps
AutoTuner: Block shape <80,80,40> took 0.910214 (s) in 3 time steps
AutoTuner: Block shape <80,40,80> took 0.870847 (s) in 3 time steps
AutoTuner: Block shape <40,80,80> took 0.985691 (s) in 3 time steps
AutoTuner: Block shape <80,80,80> took 1.066630 (s) in 3 time steps
AutoTuner: Block shape <128,64,64> took 0.889654 (s) in 3 time steps
AutoTuner: Block shape <64,128,64> took 1.052446 (s) in 3 time steps
AutoTuner: Block shape <64,64,128> took 1.003544 (s) in 3 time steps
AutoTuner: Block shape <128,128,64> took 1.121198 (s) in 3 time steps
AutoTuner: Block shape <128,64,128> took 1.075417 (s) in 3 time steps
AutoTuner: Block shape <64,128,128> took 1.151948 (s) in 3 time steps
AutoTuner: Block shape <256,128,128> took 1.666999 (s) in 3 time steps
AutoTuner: Block shape <128,256,128> took 1.723181 (s) in 3 time steps
AutoTuner: Block shape <128,128,256> took 1.672968 (s) in 3 time steps
AutoTuner: Block shape <256,256,128> took 2.132504 (s) in 3 time steps
AutoTuner: Block shape <256,128,256> took 2.000893 (s) in 3 time steps
AutoTuner: Block shape <128,256,256> took 2.131973 (s) in 3 time steps
AutoTuner: Block shape <512,256,256> took 6.621847 (s) in 3 time steps
AutoTuner: Block shape <256,512,256> took 7.639235 (s) in 3 time steps
AutoTuner: Block shape <256,256,512> took 7.592551 (s) in 3 time steps
AutoTuner: Block shape <512,512,256> took 12.565020 (s) in 3 time steps
AutoTuner: Block shape <512,256,512> took 12.518596 (s) in 3 time steps
AutoTuner: Block shape <256,512,512> took 14.530341 (s) in 3 time steps
Auto-tuned block shape: {'x0_block_size': 8, 'y0_block_size': 8, 'z0_block_size': 40}
=========================================================================================
Section section_1<415,1> with OI=0.64 computed in 0.000 s [0.13 GFlops/s]
Section section_2<415,101> with OI=1.27 computed in 0.004 s [1.03 GFlops/s]
Section main<415,520,520,520> with OI=39.57 computed in 303.627 s [327.29 GFlops/s, 0.19 GPts/s]
=========================================================================================
Allocating memory for m ((532, 532, 532))
Allocating memory for damp ((532, 532, 532))
Allocating memory for epsilon ((532, 532, 532))
Allocating memory for delta ((532, 532, 532))
Allocating memory for theta ((532, 532, 532))
Allocating memory for phi ((532, 532, 532))
Allocating memory for src ((417, 1))
Allocating memory for src_coords ((1, 3))
Allocating memory for nrec_coords ((101, 3))
Allocating memory for rec_coords ((101, 3))
DSE: eliminate_intra_stencil_redundancies [flops: 1701, elapsed: 0.98] >>
     finalize [flops: 1703, elapsed: 0.04]
     [Total elapsed: 1.02 s]
DLE: avoid_denormals [elapsed: 0.00] >>
     loop_fission [elapsed: 0.02] >>
     loop_blocking [elapsed: 0.22] >>
     simdize [elapsed: 0.17] >>
     ompize [elapsed: 0.07] >>
     create_elemental_functions [elapsed: 0.36] >>
     minimize_remainders [elapsed: 0.03]
     [Total elapsed: 0.87 s]
Allocating memory for rec ((417, 101))
Allocating memory for u ((3, 532, 532, 532))
Allocating memory for v ((3, 532, 532, 532))
IntelCompiler: compiled /tmp/devito-u_7f09ze/f6f81a1daf2df47448abcb13b4ab73d593ff4238.c [81.39 s]
AutoTuner: Block shape <8,8,8> took 0.797411 (s) in 3 time steps
AutoTuner: Block shape <16,16,16> took 0.745988 (s) in 3 time steps
AutoTuner: Block shape <24,24,24> took 0.746515 (s) in 3 time steps
AutoTuner: Block shape <32,32,32> took 0.759051 (s) in 3 time steps
AutoTuner: Block shape <40,40,40> took 0.772273 (s) in 3 time steps
AutoTuner: Block shape <64,64,64> took 0.885266 (s) in 3 time steps
AutoTuner: Block shape <128,128,128> took 1.300229 (s) in 3 time steps
AutoTuner: Block shape <256,256,256> took 3.912002 (s) in 3 time steps
AutoTuner: Block shape <512,512,512> took 24.589873 (s) in 3 time steps
AutoTuner: Block shape <520,520,520> took 24.689227 (s) in 3 time steps
AutoTuner: Block shape <8,8,16> took 0.762128 (s) in 3 time steps
AutoTuner: Block shape <8,8,24> took 0.740984 (s) in 3 time steps
AutoTuner: Block shape <8,8,32> took 0.722558 (s) in 3 time steps
AutoTuner: Block shape <8,8,40> took 0.726360 (s) in 3 time steps
AutoTuner: Block shape <8,8,64> took 0.727468 (s) in 3 time steps
AutoTuner: Block shape <8,8,128> took 0.730339 (s) in 3 time steps
AutoTuner: Block shape <8,8,256> took 0.780876 (s) in 3 time steps
AutoTuner: Block shape <8,8,512> took 0.847446 (s) in 3 time steps
AutoTuner: Block shape <8,8,520> took 0.843921 (s) in 3 time steps
AutoTuner: Block shape <16,16,8> took 0.792669 (s) in 3 time steps
AutoTuner: Block shape <16,16,24> took 0.753890 (s) in 3 time steps
AutoTuner: Block shape <16,16,32> took 0.748804 (s) in 3 time steps
AutoTuner: Block shape <16,16,40> took 0.737641 (s) in 3 time steps
AutoTuner: Block shape <16,16,64> took 0.743746 (s) in 3 time steps
AutoTuner: Block shape <16,16,128> took 0.765979 (s) in 3 time steps
AutoTuner: Block shape <16,16,256> took 0.817661 (s) in 3 time steps
AutoTuner: Block shape <16,16,512> took 0.976342 (s) in 3 time steps
AutoTuner: Block shape <16,16,520> took 0.976372 (s) in 3 time steps
AutoTuner: Block shape <24,24,8> took 0.804215 (s) in 3 time steps
AutoTuner: Block shape <24,24,16> took 0.785041 (s) in 3 time steps
AutoTuner: Block shape <24,24,32> took 0.752955 (s) in 3 time steps
AutoTuner: Block shape <24,24,40> took 0.748308 (s) in 3 time steps
AutoTuner: Block shape <24,24,64> took 0.769691 (s) in 3 time steps
AutoTuner: Block shape <24,24,128> took 0.799760 (s) in 3 time steps
AutoTuner: Block shape <24,24,256> took 0.903657 (s) in 3 time steps
AutoTuner: Block shape <24,24,512> took 1.056635 (s) in 3 time steps
AutoTuner: Block shape <24,24,520> took 1.057022 (s) in 3 time steps
AutoTuner: Block shape <32,32,8> took 0.839352 (s) in 3 time steps
AutoTuner: Block shape <32,32,16> took 0.793007 (s) in 3 time steps
AutoTuner: Block shape <32,32,24> took 0.764811 (s) in 3 time steps
AutoTuner: Block shape <32,32,40> took 0.760990 (s) in 3 time steps
AutoTuner: Block shape <32,32,64> took 0.778798 (s) in 3 time steps
AutoTuner: Block shape <32,32,128> took 0.820178 (s) in 3 time steps
AutoTuner: Block shape <32,32,256> took 0.978888 (s) in 3 time steps
AutoTuner: Block shape <32,32,512> took 1.084814 (s) in 3 time steps
AutoTuner: Block shape <32,32,520> took 1.086162 (s) in 3 time steps
AutoTuner: Block shape <16,8,8> took 0.787557 (s) in 3 time steps
AutoTuner: Block shape <8,16,8> took 0.791739 (s) in 3 time steps
AutoTuner: Block shape <16,8,16> took 0.770507 (s) in 3 time steps
AutoTuner: Block shape <8,16,16> took 0.763152 (s) in 3 time steps
AutoTuner: Block shape <32,16,16> took 0.789303 (s) in 3 time steps
AutoTuner: Block shape <16,32,16> took 0.787662 (s) in 3 time steps
AutoTuner: Block shape <32,16,32> took 0.750752 (s) in 3 time steps
AutoTuner: Block shape <16,32,32> took 0.763330 (s) in 3 time steps
AutoTuner: Block shape <48,24,24> took 0.770576 (s) in 3 time steps
AutoTuner: Block shape <24,48,24> took 0.797496 (s) in 3 time steps
AutoTuner: Block shape <24,24,48> took 0.765289 (s) in 3 time steps
AutoTuner: Block shape <48,48,24> took 0.817498 (s) in 3 time steps
AutoTuner: Block shape <48,24,48> took 0.786374 (s) in 3 time steps
AutoTuner: Block shape <24,48,48> took 0.819566 (s) in 3 time steps
AutoTuner: Block shape <48,48,48> took 0.850554 (s) in 3 time steps
AutoTuner: Block shape <64,32,32> took 0.769142 (s) in 3 time steps
AutoTuner: Block shape <32,64,32> took 0.818415 (s) in 3 time steps
AutoTuner: Block shape <64,64,32> took 0.827817 (s) in 3 time steps
AutoTuner: Block shape <64,32,64> took 0.787262 (s) in 3 time steps
AutoTuner: Block shape <32,64,64> took 0.854744 (s) in 3 time steps
AutoTuner: Block shape <80,40,40> took 0.800964 (s) in 3 time steps
AutoTuner: Block shape <40,80,40> took 0.849522 (s) in 3 time steps
AutoTuner: Block shape <40,40,80> took 0.810798 (s) in 3 time steps
AutoTuner: Block shape <80,80,40> took 0.874019 (s) in 3 time steps
AutoTuner: Block shape <80,40,80> took 0.835711 (s) in 3 time steps
AutoTuner: Block shape <40,80,80> took 0.960043 (s) in 3 time steps
AutoTuner: Block shape <80,80,80> took 1.063817 (s) in 3 time steps
AutoTuner: Block shape <128,64,64> took 0.890039 (s) in 3 time steps
AutoTuner: Block shape <64,128,64> took 1.051138 (s) in 3 time steps
AutoTuner: Block shape <64,64,128> took 1.000641 (s) in 3 time steps
AutoTuner: Block shape <128,128,64> took 1.117896 (s) in 3 time steps
AutoTuner: Block shape <128,64,128> took 1.070868 (s) in 3 time steps
AutoTuner: Block shape <64,128,128> took 1.148048 (s) in 3 time steps
AutoTuner: Block shape <256,128,128> took 1.602764 (s) in 3 time steps
AutoTuner: Block shape <128,256,128> took 1.704684 (s) in 3 time steps
AutoTuner: Block shape <128,128,256> took 1.713410 (s) in 3 time steps
AutoTuner: Block shape <256,256,128> took 2.137655 (s) in 3 time steps
AutoTuner: Block shape <256,128,256> took 1.999668 (s) in 3 time steps
AutoTuner: Block shape <128,256,256> took 2.129928 (s) in 3 time steps
AutoTuner: Block shape <512,256,256> took 6.674844 (s) in 3 time steps
AutoTuner: Block shape <256,512,256> took 7.624882 (s) in 3 time steps
AutoTuner: Block shape <256,256,512> took 7.585340 (s) in 3 time steps
AutoTuner: Block shape <512,512,256> took 12.402750 (s) in 3 time steps
AutoTuner: Block shape <512,256,512> took 12.191469 (s) in 3 time steps
AutoTuner: Block shape <256,512,512> took 14.282772 (s) in 3 time steps
Auto-tuned block shape: {'x0_block_size': 8, 'y0_block_size': 8, 'z0_block_size': 32}
=========================================================================================
Section section_1<415,1> with OI=0.64 computed in 0.000 s [0.14 GFlops/s]
Section section_2<415,101> with OI=1.27 computed in 0.004 s [1.00 GFlops/s]
Section main<415,520,520,520> with OI=39.57 computed in 308.999 s [321.60 GFlops/s, 0.19 GPts/s]
=========================================================================================
Allocating memory for m ((532, 532, 532))
Allocating memory for damp ((532, 532, 532))
Allocating memory for epsilon ((532, 532, 532))
Allocating memory for delta ((532, 532, 532))
Allocating memory for theta ((532, 532, 532))
Allocating memory for phi ((532, 532, 532))
Allocating memory for src ((417, 1))
Allocating memory for src_coords ((1, 3))
Allocating memory for nrec_coords ((101, 3))
Allocating memory for rec_coords ((101, 3))
DSE: extract_time_invariants [flops: 3257, elapsed: 0.27] >>
     eliminate_inter_stencil_redundancies [flops: 3131, elapsed: 0.40] >>
     eliminate_intra_stencil_redundancies [flops: 1533, elapsed: 0.52] >>
     factorize [flops: 1272, elapsed: 1.56] >>
     finalize [flops: 1274, elapsed: 0.03]
     [Total elapsed: 2.79 s]
DLE: avoid_denormals [elapsed: 0.00] >>
     loop_fission [elapsed: 0.02] >>
     loop_blocking [elapsed: 0.19] >>
     simdize [elapsed: 0.12] >>
     ompize [elapsed: 0.06] >>
     create_elemental_functions [elapsed: 0.32] >>
     minimize_remainders [elapsed: 0.02]
     [Total elapsed: 0.74 s]
Allocating memory for rec ((417, 101))
Allocating memory for u ((3, 532, 532, 532))
Allocating memory for v ((3, 532, 532, 532))
IntelCompiler: compiled /tmp/devito-u_7f09ze/5221bf17627bdc61352854762dd319e05041b67c.c [71.59 s]
AutoTuner: Block shape <8,8,8> took 0.575588 (s) in 3 time steps
AutoTuner: Block shape <16,16,16> took 0.486679 (s) in 3 time steps
AutoTuner: Block shape <24,24,24> took 0.487965 (s) in 3 time steps
AutoTuner: Block shape <32,32,32> took 0.518630 (s) in 3 time steps
AutoTuner: Block shape <40,40,40> took 0.500489 (s) in 3 time steps
AutoTuner: Block shape <64,64,64> took 0.596481 (s) in 3 time steps
AutoTuner: Block shape <128,128,128> took 0.870184 (s) in 3 time steps
AutoTuner: Block shape <256,256,256> took 2.483750 (s) in 3 time steps
AutoTuner: Block shape <512,512,512> took 16.651532 (s) in 3 time steps
AutoTuner: Block shape <520,520,520> took 16.739676 (s) in 3 time steps
AutoTuner: Block shape <8,8,16> took 0.501359 (s) in 3 time steps
AutoTuner: Block shape <8,8,24> took 0.488319 (s) in 3 time steps
AutoTuner: Block shape <8,8,32> took 0.482504 (s) in 3 time steps
AutoTuner: Block shape <8,8,40> took 0.474736 (s) in 3 time steps
AutoTuner: Block shape <8,8,64> took 0.476225 (s) in 3 time steps
AutoTuner: Block shape <8,8,128> took 0.494165 (s) in 3 time steps
AutoTuner: Block shape <8,8,256> took 0.512815 (s) in 3 time steps
AutoTuner: Block shape <8,8,512> took 0.593317 (s) in 3 time steps
AutoTuner: Block shape <8,8,520> took 0.593341 (s) in 3 time steps
AutoTuner: Block shape <16,16,8> took 0.517561 (s) in 3 time steps
AutoTuner: Block shape <16,16,24> took 0.479201 (s) in 3 time steps
AutoTuner: Block shape <16,16,32> took 0.478583 (s) in 3 time steps
AutoTuner: Block shape <16,16,40> took 0.483007 (s) in 3 time steps
AutoTuner: Block shape <16,16,64> took 0.501864 (s) in 3 time steps
AutoTuner: Block shape <16,16,128> took 0.496594 (s) in 3 time steps
AutoTuner: Block shape <16,16,256> took 0.554486 (s) in 3 time steps
AutoTuner: Block shape <16,16,512> took 0.688459 (s) in 3 time steps
AutoTuner: Block shape <16,16,520> took 0.688832 (s) in 3 time steps
AutoTuner: Block shape <24,24,8> took 0.535124 (s) in 3 time steps
AutoTuner: Block shape <24,24,16> took 0.500922 (s) in 3 time steps
AutoTuner: Block shape <24,24,32> took 0.496961 (s) in 3 time steps
AutoTuner: Block shape <24,24,40> took 0.500156 (s) in 3 time steps
AutoTuner: Block shape <24,24,64> took 0.510016 (s) in 3 time steps
AutoTuner: Block shape <24,24,128> took 0.515218 (s) in 3 time steps
AutoTuner: Block shape <24,24,256> took 0.630047 (s) in 3 time steps
AutoTuner: Block shape <24,24,512> took 0.755941 (s) in 3 time steps
AutoTuner: Block shape <24,24,520> took 0.758588 (s) in 3 time steps
AutoTuner: Block shape <32,32,8> took 0.576307 (s) in 3 time steps
AutoTuner: Block shape <32,32,16> took 0.526797 (s) in 3 time steps
AutoTuner: Block shape <32,32,24> took 0.512381 (s) in 3 time steps
AutoTuner: Block shape <32,32,40> took 0.511427 (s) in 3 time steps
AutoTuner: Block shape <32,32,64> took 0.498377 (s) in 3 time steps
AutoTuner: Block shape <32,32,128> took 0.554786 (s) in 3 time steps
AutoTuner: Block shape <32,32,256> took 0.673574 (s) in 3 time steps
AutoTuner: Block shape <32,32,512> took 0.762496 (s) in 3 time steps
AutoTuner: Block shape <32,32,520> took 0.763223 (s) in 3 time steps
AutoTuner: Block shape <16,8,8> took 0.530686 (s) in 3 time steps
AutoTuner: Block shape <8,16,8> took 0.521580 (s) in 3 time steps
AutoTuner: Block shape <16,8,16> took 0.499970 (s) in 3 time steps
AutoTuner: Block shape <8,16,16> took 0.495399 (s) in 3 time steps
AutoTuner: Block shape <32,16,16> took 0.506327 (s) in 3 time steps
AutoTuner: Block shape <16,32,16> took 0.513156 (s) in 3 time steps
AutoTuner: Block shape <32,16,32> took 0.482109 (s) in 3 time steps
AutoTuner: Block shape <16,32,32> took 0.504397 (s) in 3 time steps
AutoTuner: Block shape <48,24,24> took 0.503133 (s) in 3 time steps
AutoTuner: Block shape <24,48,24> took 0.533773 (s) in 3 time steps
AutoTuner: Block shape <24,24,48> took 0.511543 (s) in 3 time steps
AutoTuner: Block shape <48,48,24> took 0.542411 (s) in 3 time steps
AutoTuner: Block shape <48,24,48> took 0.522298 (s) in 3 time steps
AutoTuner: Block shape <24,48,48> took 0.527917 (s) in 3 time steps
AutoTuner: Block shape <48,48,48> took 0.541899 (s) in 3 time steps
AutoTuner: Block shape <64,32,32> took 0.533246 (s) in 3 time steps
AutoTuner: Block shape <32,64,32> took 0.532373 (s) in 3 time steps
AutoTuner: Block shape <64,64,32> took 0.535023 (s) in 3 time steps
AutoTuner: Block shape <64,32,64> took 0.504078 (s) in 3 time steps
AutoTuner: Block shape <32,64,64> took 0.589686 (s) in 3 time steps
AutoTuner: Block shape <80,40,40> took 0.509391 (s) in 3 time steps
AutoTuner: Block shape <40,80,40> took 0.574095 (s) in 3 time steps
AutoTuner: Block shape <40,40,80> took 0.525754 (s) in 3 time steps
AutoTuner: Block shape <80,80,40> took 0.607827 (s) in 3 time steps
AutoTuner: Block shape <80,40,80> took 0.561303 (s) in 3 time steps
AutoTuner: Block shape <40,80,80> took 0.675104 (s) in 3 time steps
AutoTuner: Block shape <80,80,80> took 0.710529 (s) in 3 time steps
AutoTuner: Block shape <128,64,64> took 0.605501 (s) in 3 time steps
AutoTuner: Block shape <64,128,64> took 0.736733 (s) in 3 time steps
AutoTuner: Block shape <64,64,128> took 0.694595 (s) in 3 time steps
AutoTuner: Block shape <128,128,64> took 0.762719 (s) in 3 time steps
AutoTuner: Block shape <128,64,128> took 0.715324 (s) in 3 time steps
AutoTuner: Block shape <64,128,128> took 0.801664 (s) in 3 time steps
AutoTuner: Block shape <256,128,128> took 1.029969 (s) in 3 time steps
AutoTuner: Block shape <128,256,128> took 1.125868 (s) in 3 time steps
AutoTuner: Block shape <128,128,256> took 1.084824 (s) in 3 time steps
AutoTuner: Block shape <256,256,128> took 1.398278 (s) in 3 time steps
AutoTuner: Block shape <256,128,256> took 1.336273 (s) in 3 time steps
AutoTuner: Block shape <128,256,256> took 1.416042 (s) in 3 time steps
AutoTuner: Block shape <512,256,256> took 4.223873 (s) in 3 time steps
AutoTuner: Block shape <256,512,256> took 4.889187 (s) in 3 time steps
AutoTuner: Block shape <256,256,512> took 4.802153 (s) in 3 time steps
AutoTuner: Block shape <512,512,256> took 8.433120 (s) in 3 time steps
AutoTuner: Block shape <512,256,512> took 8.311960 (s) in 3 time steps
AutoTuner: Block shape <256,512,512> took 9.223022 (s) in 3 time steps
Auto-tuned block shape: {'x0_block_size': 8, 'y0_block_size': 8, 'z0_block_size': 40}
=========================================================================================
Section section_0<526,526,526> with OI=0.34 computed in 0.076 s [13.33 GFlops/s]
Section section_2<415,1> with OI=0.64 computed in 0.000 s [0.16 GFlops/s]
Section section_3<415,101> with OI=1.27 computed in 0.003 s [1.11 GFlops/s]
Section main<415,520,520,520> with OI=26.91 computed in 165.870 s [448.19 GFlops/s, 0.35 GPts/s]
=========================================================================================
Allocating memory for m ((532, 532, 532))
Allocating memory for damp ((532, 532, 532))
Allocating memory for epsilon ((532, 532, 532))
Allocating memory for delta ((532, 532, 532))
Allocating memory for theta ((532, 532, 532))
Allocating memory for phi ((532, 532, 532))
Allocating memory for src ((417, 1))
Allocating memory for src_coords ((1, 3))
Allocating memory for nrec_coords ((101, 3))
Allocating memory for rec_coords ((101, 3))
DSE: extract_time_invariants [flops: 3257, elapsed: 0.27] >>
     eliminate_inter_stencil_redundancies [flops: 3131, elapsed: 0.40] >>
     eliminate_intra_stencil_redundancies [flops: 1533, elapsed: 0.52] >>
     factorize [flops: 1272, elapsed: 1.57] >>
     finalize [flops: 1274, elapsed: 0.03]
     [Total elapsed: 2.79 s]
DLE: avoid_denormals [elapsed: 0.00] >>
     loop_fission [elapsed: 0.02] >>
     loop_blocking [elapsed: 0.19] >>
     simdize [elapsed: 0.12] >>
     ompize [elapsed: 0.06] >>
     create_elemental_functions [elapsed: 0.32] >>
     minimize_remainders [elapsed: 0.02]
     [Total elapsed: 0.74 s]
Allocating memory for rec ((417, 101))
Allocating memory for u ((3, 532, 532, 532))
Allocating memory for v ((3, 532, 532, 532))
IntelCompiler: compiled /tmp/devito-u_7f09ze/5221bf17627bdc61352854762dd319e05041b67c.c [71.96 s]
AutoTuner: Block shape <8,8,8> took 0.531730 (s) in 3 time steps
AutoTuner: Block shape <16,16,16> took 0.487840 (s) in 3 time steps
AutoTuner: Block shape <24,24,24> took 0.488278 (s) in 3 time steps
AutoTuner: Block shape <32,32,32> took 0.516656 (s) in 3 time steps
AutoTuner: Block shape <40,40,40> took 0.506043 (s) in 3 time steps
AutoTuner: Block shape <64,64,64> took 0.597520 (s) in 3 time steps
AutoTuner: Block shape <128,128,128> took 0.870486 (s) in 3 time steps
AutoTuner: Block shape <256,256,256> took 2.490244 (s) in 3 time steps
AutoTuner: Block shape <512,512,512> took 16.654431 (s) in 3 time steps
AutoTuner: Block shape <520,520,520> took 16.708648 (s) in 3 time steps
AutoTuner: Block shape <8,8,16> took 0.502480 (s) in 3 time steps
AutoTuner: Block shape <8,8,24> took 0.488809 (s) in 3 time steps
AutoTuner: Block shape <8,8,32> took 0.481776 (s) in 3 time steps
AutoTuner: Block shape <8,8,40> took 0.474544 (s) in 3 time steps
AutoTuner: Block shape <8,8,64> took 0.473845 (s) in 3 time steps
AutoTuner: Block shape <8,8,128> took 0.494787 (s) in 3 time steps
AutoTuner: Block shape <8,8,256> took 0.511581 (s) in 3 time steps
AutoTuner: Block shape <8,8,512> took 0.593798 (s) in 3 time steps
AutoTuner: Block shape <8,8,520> took 0.594865 (s) in 3 time steps
AutoTuner: Block shape <16,16,8> took 0.518031 (s) in 3 time steps
AutoTuner: Block shape <16,16,24> took 0.477695 (s) in 3 time steps
AutoTuner: Block shape <16,16,32> took 0.480566 (s) in 3 time steps
AutoTuner: Block shape <16,16,40> took 0.482476 (s) in 3 time steps
AutoTuner: Block shape <16,16,64> took 0.502414 (s) in 3 time steps
AutoTuner: Block shape <16,16,128> took 0.498317 (s) in 3 time steps
AutoTuner: Block shape <16,16,256> took 0.556334 (s) in 3 time steps
AutoTuner: Block shape <16,16,512> took 0.687570 (s) in 3 time steps
AutoTuner: Block shape <16,16,520> took 0.687907 (s) in 3 time steps
AutoTuner: Block shape <24,24,8> took 0.534453 (s) in 3 time steps
AutoTuner: Block shape <24,24,16> took 0.500726 (s) in 3 time steps
AutoTuner: Block shape <24,24,32> took 0.497152 (s) in 3 time steps
AutoTuner: Block shape <24,24,40> took 0.498660 (s) in 3 time steps
AutoTuner: Block shape <24,24,64> took 0.509381 (s) in 3 time steps
AutoTuner: Block shape <24,24,128> took 0.514335 (s) in 3 time steps
AutoTuner: Block shape <24,24,256> took 0.631007 (s) in 3 time steps
AutoTuner: Block shape <24,24,512> took 0.756852 (s) in 3 time steps
AutoTuner: Block shape <24,24,520> took 0.755661 (s) in 3 time steps
AutoTuner: Block shape <32,32,8> took 0.574319 (s) in 3 time steps
AutoTuner: Block shape <32,32,16> took 0.525279 (s) in 3 time steps
AutoTuner: Block shape <32,32,24> took 0.510581 (s) in 3 time steps
AutoTuner: Block shape <32,32,40> took 0.509180 (s) in 3 time steps
AutoTuner: Block shape <32,32,64> took 0.498902 (s) in 3 time steps
AutoTuner: Block shape <32,32,128> took 0.554133 (s) in 3 time steps
AutoTuner: Block shape <32,32,256> took 0.673910 (s) in 3 time steps
AutoTuner: Block shape <32,32,512> took 0.761080 (s) in 3 time steps
AutoTuner: Block shape <32,32,520> took 0.763784 (s) in 3 time steps
AutoTuner: Block shape <16,8,8> took 0.532543 (s) in 3 time steps
AutoTuner: Block shape <8,16,8> took 0.523483 (s) in 3 time steps
AutoTuner: Block shape <16,8,16> took 0.500494 (s) in 3 time steps
AutoTuner: Block shape <8,16,16> took 0.495882 (s) in 3 time steps
AutoTuner: Block shape <32,16,16> took 0.505841 (s) in 3 time steps
AutoTuner: Block shape <16,32,16> took 0.510388 (s) in 3 time steps
AutoTuner: Block shape <32,16,32> took 0.483328 (s) in 3 time steps
AutoTuner: Block shape <16,32,32> took 0.507788 (s) in 3 time steps
AutoTuner: Block shape <48,24,24> took 0.504246 (s) in 3 time steps
AutoTuner: Block shape <24,48,24> took 0.533506 (s) in 3 time steps
AutoTuner: Block shape <24,24,48> took 0.511725 (s) in 3 time steps
AutoTuner: Block shape <48,48,24> took 0.543577 (s) in 3 time steps
AutoTuner: Block shape <48,24,48> took 0.522528 (s) in 3 time steps
AutoTuner: Block shape <24,48,48> took 0.527837 (s) in 3 time steps
AutoTuner: Block shape <48,48,48> took 0.542048 (s) in 3 time steps
AutoTuner: Block shape <64,32,32> took 0.535396 (s) in 3 time steps
AutoTuner: Block shape <32,64,32> took 0.532372 (s) in 3 time steps
AutoTuner: Block shape <64,64,32> took 0.535263 (s) in 3 time steps
AutoTuner: Block shape <64,32,64> took 0.504223 (s) in 3 time steps
AutoTuner: Block shape <32,64,64> took 0.590168 (s) in 3 time steps
AutoTuner: Block shape <80,40,40> took 0.509188 (s) in 3 time steps
AutoTuner: Block shape <40,80,40> took 0.573632 (s) in 3 time steps
AutoTuner: Block shape <40,40,80> took 0.528982 (s) in 3 time steps
AutoTuner: Block shape <80,80,40> took 0.609369 (s) in 3 time steps
AutoTuner: Block shape <80,40,80> took 0.561236 (s) in 3 time steps
AutoTuner: Block shape <40,80,80> took 0.674922 (s) in 3 time steps
AutoTuner: Block shape <80,80,80> took 0.709870 (s) in 3 time steps
AutoTuner: Block shape <128,64,64> took 0.605128 (s) in 3 time steps
AutoTuner: Block shape <64,128,64> took 0.735314 (s) in 3 time steps
AutoTuner: Block shape <64,64,128> took 0.692788 (s) in 3 time steps
AutoTuner: Block shape <128,128,64> took 0.763803 (s) in 3 time steps
AutoTuner: Block shape <128,64,128> took 0.715411 (s) in 3 time steps
AutoTuner: Block shape <64,128,128> took 0.799684 (s) in 3 time steps
AutoTuner: Block shape <256,128,128> took 1.029162 (s) in 3 time steps
AutoTuner: Block shape <128,256,128> took 1.123927 (s) in 3 time steps
AutoTuner: Block shape <128,128,256> took 1.085416 (s) in 3 time steps
AutoTuner: Block shape <256,256,128> took 1.398013 (s) in 3 time steps
AutoTuner: Block shape <256,128,256> took 1.335933 (s) in 3 time steps
AutoTuner: Block shape <128,256,256> took 1.417642 (s) in 3 time steps
AutoTuner: Block shape <512,256,256> took 4.217863 (s) in 3 time steps
AutoTuner: Block shape <256,512,256> took 4.883393 (s) in 3 time steps
AutoTuner: Block shape <256,256,512> took 4.817619 (s) in 3 time steps
AutoTuner: Block shape <512,512,256> took 8.425125 (s) in 3 time steps
AutoTuner: Block shape <512,256,512> took 8.327137 (s) in 3 time steps
AutoTuner: Block shape <256,512,512> took 9.251074 (s) in 3 time steps
Auto-tuned block shape: {'x0_block_size': 8, 'y0_block_size': 8, 'z0_block_size': 64}
=========================================================================================
Section section_0<526,526,526> with OI=0.34 computed in 0.076 s [13.35 GFlops/s]
Section section_2<415,1> with OI=0.64 computed in 0.000 s [0.16 GFlops/s]
Section section_3<415,101> with OI=1.27 computed in 0.004 s [0.92 GFlops/s]
Section main<415,520,520,520> with OI=26.91 computed in 166.659 s [446.07 GFlops/s, 0.35 GPts/s]
=========================================================================================
Allocating memory for m ((532, 532, 532))
Allocating memory for damp ((532, 532, 532))
Allocating memory for epsilon ((532, 532, 532))
Allocating memory for delta ((532, 532, 532))
Allocating memory for theta ((532, 532, 532))
Allocating memory for phi ((532, 532, 532))
Allocating memory for src ((417, 1))
Allocating memory for src_coords ((1, 3))
Allocating memory for nrec_coords ((101, 3))
Allocating memory for rec_coords ((101, 3))
DSE: extract_time_invariants [flops: 3257, elapsed: 0.27] >>
     eliminate_inter_stencil_redundancies [flops: 3131, elapsed: 0.40] >>
     eliminate_intra_stencil_redundancies [flops: 1533, elapsed: 0.52] >>
     factorize [flops: 1272, elapsed: 1.57] >>
     finalize [flops: 1274, elapsed: 0.03]
     [Total elapsed: 2.79 s]
DLE: avoid_denormals [elapsed: 0.00] >>
     loop_fission [elapsed: 0.02] >>
     loop_blocking [elapsed: 0.19] >>
     simdize [elapsed: 0.12] >>
     ompize [elapsed: 0.06] >>
     create_elemental_functions [elapsed: 0.32] >>
     minimize_remainders [elapsed: 0.02]
     [Total elapsed: 0.74 s]
Allocating memory for rec ((417, 101))
Allocating memory for u ((3, 532, 532, 532))
Allocating memory for v ((3, 532, 532, 532))
IntelCompiler: compiled /tmp/devito-u_7f09ze/5221bf17627bdc61352854762dd319e05041b67c.c [69.66 s]
AutoTuner: Block shape <8,8,8> took 0.530178 (s) in 3 time steps
AutoTuner: Block shape <16,16,16> took 0.488245 (s) in 3 time steps
AutoTuner: Block shape <24,24,24> took 0.487449 (s) in 3 time steps
AutoTuner: Block shape <32,32,32> took 0.517814 (s) in 3 time steps
AutoTuner: Block shape <40,40,40> took 0.500193 (s) in 3 time steps
AutoTuner: Block shape <64,64,64> took 0.596542 (s) in 3 time steps
AutoTuner: Block shape <128,128,128> took 0.870014 (s) in 3 time steps
AutoTuner: Block shape <256,256,256> took 2.493539 (s) in 3 time steps
AutoTuner: Block shape <512,512,512> took 16.748982 (s) in 3 time steps
AutoTuner: Block shape <520,520,520> took 16.758348 (s) in 3 time steps
AutoTuner: Block shape <8,8,16> took 0.501410 (s) in 3 time steps
AutoTuner: Block shape <8,8,24> took 0.488149 (s) in 3 time steps
AutoTuner: Block shape <8,8,32> took 0.483094 (s) in 3 time steps
AutoTuner: Block shape <8,8,40> took 0.474312 (s) in 3 time steps
AutoTuner: Block shape <8,8,64> took 0.470535 (s) in 3 time steps
AutoTuner: Block shape <8,8,128> took 0.493417 (s) in 3 time steps
AutoTuner: Block shape <8,8,256> took 0.511711 (s) in 3 time steps
AutoTuner: Block shape <8,8,512> took 0.593188 (s) in 3 time steps
AutoTuner: Block shape <8,8,520> took 0.592155 (s) in 3 time steps
AutoTuner: Block shape <16,16,8> took 0.516798 (s) in 3 time steps
AutoTuner: Block shape <16,16,24> took 0.479446 (s) in 3 time steps
AutoTuner: Block shape <16,16,32> took 0.479281 (s) in 3 time steps
AutoTuner: Block shape <16,16,40> took 0.480893 (s) in 3 time steps
AutoTuner: Block shape <16,16,64> took 0.499671 (s) in 3 time steps
AutoTuner: Block shape <16,16,128> took 0.496715 (s) in 3 time steps
AutoTuner: Block shape <16,16,256> took 0.554117 (s) in 3 time steps
AutoTuner: Block shape <16,16,512> took 0.688120 (s) in 3 time steps
AutoTuner: Block shape <16,16,520> took 0.687409 (s) in 3 time steps
AutoTuner: Block shape <24,24,8> took 0.535451 (s) in 3 time steps
AutoTuner: Block shape <24,24,16> took 0.501282 (s) in 3 time steps
AutoTuner: Block shape <24,24,32> took 0.501944 (s) in 3 time steps
AutoTuner: Block shape <24,24,40> took 0.500993 (s) in 3 time steps
AutoTuner: Block shape <24,24,64> took 0.508755 (s) in 3 time steps
AutoTuner: Block shape <24,24,128> took 0.514891 (s) in 3 time steps
AutoTuner: Block shape <24,24,256> took 0.629163 (s) in 3 time steps
AutoTuner: Block shape <24,24,512> took 0.755313 (s) in 3 time steps
AutoTuner: Block shape <24,24,520> took 0.756411 (s) in 3 time steps
AutoTuner: Block shape <32,32,8> took 0.574304 (s) in 3 time steps
AutoTuner: Block shape <32,32,16> took 0.530241 (s) in 3 time steps
AutoTuner: Block shape <32,32,24> took 0.509672 (s) in 3 time steps
AutoTuner: Block shape <32,32,40> took 0.508804 (s) in 3 time steps
AutoTuner: Block shape <32,32,64> took 0.498258 (s) in 3 time steps
AutoTuner: Block shape <32,32,128> took 0.551700 (s) in 3 time steps
AutoTuner: Block shape <32,32,256> took 0.672342 (s) in 3 time steps
AutoTuner: Block shape <32,32,512> took 0.761302 (s) in 3 time steps
AutoTuner: Block shape <32,32,520> took 0.763190 (s) in 3 time steps
AutoTuner: Block shape <16,8,8> took 0.530746 (s) in 3 time steps
AutoTuner: Block shape <8,16,8> took 0.522122 (s) in 3 time steps
AutoTuner: Block shape <16,8,16> took 0.499333 (s) in 3 time steps
AutoTuner: Block shape <8,16,16> took 0.497772 (s) in 3 time steps
AutoTuner: Block shape <32,16,16> took 0.505231 (s) in 3 time steps
AutoTuner: Block shape <16,32,16> took 0.515503 (s) in 3 time steps
AutoTuner: Block shape <32,16,32> took 0.483305 (s) in 3 time steps
AutoTuner: Block shape <16,32,32> took 0.506539 (s) in 3 time steps
AutoTuner: Block shape <48,24,24> took 0.505822 (s) in 3 time steps
AutoTuner: Block shape <24,48,24> took 0.530480 (s) in 3 time steps
AutoTuner: Block shape <24,24,48> took 0.511228 (s) in 3 time steps
AutoTuner: Block shape <48,48,24> took 0.541310 (s) in 3 time steps
AutoTuner: Block shape <48,24,48> took 0.527788 (s) in 3 time steps
AutoTuner: Block shape <24,48,48> took 0.528597 (s) in 3 time steps
AutoTuner: Block shape <48,48,48> took 0.541732 (s) in 3 time steps
AutoTuner: Block shape <64,32,32> took 0.534023 (s) in 3 time steps
AutoTuner: Block shape <32,64,32> took 0.532392 (s) in 3 time steps
AutoTuner: Block shape <64,64,32> took 0.535239 (s) in 3 time steps
AutoTuner: Block shape <64,32,64> took 0.505519 (s) in 3 time steps
AutoTuner: Block shape <32,64,64> took 0.589768 (s) in 3 time steps
AutoTuner: Block shape <80,40,40> took 0.514041 (s) in 3 time steps
AutoTuner: Block shape <40,80,40> took 0.574349 (s) in 3 time steps
AutoTuner: Block shape <40,40,80> took 0.524270 (s) in 3 time steps
AutoTuner: Block shape <80,80,40> took 0.607656 (s) in 3 time steps
AutoTuner: Block shape <80,40,80> took 0.559603 (s) in 3 time steps
AutoTuner: Block shape <40,80,80> took 0.674320 (s) in 3 time steps
AutoTuner: Block shape <80,80,80> took 0.710163 (s) in 3 time steps
AutoTuner: Block shape <128,64,64> took 0.604642 (s) in 3 time steps
AutoTuner: Block shape <64,128,64> took 0.735088 (s) in 3 time steps
AutoTuner: Block shape <64,64,128> took 0.693430 (s) in 3 time steps
AutoTuner: Block shape <128,128,64> took 0.762210 (s) in 3 time steps
AutoTuner: Block shape <128,64,128> took 0.717166 (s) in 3 time steps
AutoTuner: Block shape <64,128,128> took 0.800320 (s) in 3 time steps
AutoTuner: Block shape <256,128,128> took 1.028382 (s) in 3 time steps
AutoTuner: Block shape <128,256,128> took 1.123499 (s) in 3 time steps
AutoTuner: Block shape <128,128,256> took 1.090877 (s) in 3 time steps
AutoTuner: Block shape <256,256,128> took 1.399265 (s) in 3 time steps
AutoTuner: Block shape <256,128,256> took 1.336053 (s) in 3 time steps
AutoTuner: Block shape <128,256,256> took 1.411162 (s) in 3 time steps
AutoTuner: Block shape <512,256,256> took 4.233964 (s) in 3 time steps
AutoTuner: Block shape <256,512,256> took 4.892835 (s) in 3 time steps
AutoTuner: Block shape <256,256,512> took 4.803622 (s) in 3 time steps
AutoTuner: Block shape <512,512,256> took 8.437130 (s) in 3 time steps
AutoTuner: Block shape <512,256,512> took 8.331664 (s) in 3 time steps
AutoTuner: Block shape <256,512,512> took 9.248191 (s) in 3 time steps
Auto-tuned block shape: {'x0_block_size': 8, 'y0_block_size': 8, 'z0_block_size': 64}
=========================================================================================
Section section_0<526,526,526> with OI=0.34 computed in 0.077 s [13.15 GFlops/s]
Section section_2<415,1> with OI=0.64 computed in 0.000 s [0.15 GFlops/s]
Section section_3<415,101> with OI=1.27 computed in 0.004 s [0.91 GFlops/s]
Section main<415,520,520,520> with OI=26.91 computed in 166.518 s [446.44 GFlops/s, 0.35 GPts/s]
=========================================================================================
Allocating memory for m ((532, 532, 532))
Allocating memory for damp ((532, 532, 532))
Allocating memory for epsilon ((532, 532, 532))
Allocating memory for delta ((532, 532, 532))
Allocating memory for theta ((532, 532, 532))
Allocating memory for phi ((532, 532, 532))
Allocating memory for src ((417, 1))
Allocating memory for src_coords ((1, 3))
Allocating memory for nrec_coords ((101, 3))
Allocating memory for rec_coords ((101, 3))
DSE: extract_time_varying [flops: 2541, elapsed: 0.26] >>
     extract_time_invariants [flops: 2133, elapsed: 0.10] >>
     eliminate_inter_stencil_redundancies [flops: 939, elapsed: 0.28] >>
     extract_sum_of_products [flops: 681, elapsed: 0.05] >>
     eliminate_inter_stencil_redundancies [flops: 443, elapsed: 0.07] >>
     extract_sum_of_products [flops: 378, elapsed: 0.02] >>
     factorize [flops: 285, elapsed: 0.19] >>
     eliminate_intra_stencil_redundancies [flops: 233, elapsed: 0.05] >>
     finalize [flops: 234, elapsed: 0.00]
     [Total elapsed: 1.02 s]
DLE: avoid_denormals [elapsed: 0.00] >>
     loop_fission [elapsed: 0.01] >>
     loop_blocking [elapsed: 0.36] >>
     simdize [elapsed: 0.04] >>
     ompize [elapsed: 0.04] >>
     create_elemental_functions [elapsed: 0.28] >>
     minimize_remainders [elapsed: 0.02]
     [Total elapsed: 0.75 s]
Allocating memory for rec ((417, 101))
Allocating memory for u ((3, 532, 532, 532))
Allocating memory for v ((3, 532, 532, 532))
IntelCompiler: compiled /tmp/devito-u_7f09ze/2f4effdc633b5e690ea71e3cd8b0f453f623f808.c [4.14 s]
AutoTuner: Block shape <8,8,8> took 0.552211 (s) in 3 time steps
AutoTuner: Block shape <16,16,16> took 0.481522 (s) in 3 time steps
AutoTuner: Block shape <24,24,24> took 0.459601 (s) in 3 time steps
AutoTuner: Block shape <32,32,32> took 0.533544 (s) in 3 time steps
AutoTuner: Block shape <40,40,40> took 0.491399 (s) in 3 time steps
AutoTuner: Block shape <8,8,16> took 0.532395 (s) in 3 time steps
AutoTuner: Block shape <8,8,24> took 0.472917 (s) in 3 time steps
AutoTuner: Block shape <8,8,32> took 0.484163 (s) in 3 time steps
AutoTuner: Block shape <8,8,40> took 0.458719 (s) in 3 time steps
AutoTuner: Block shape <8,8,64> took 0.479244 (s) in 3 time steps
AutoTuner: Block shape <8,8,128> took 0.501432 (s) in 3 time steps
AutoTuner: Block shape <8,8,256> took 0.562173 (s) in 3 time steps
AutoTuner: Block shape <8,8,512> took 0.603560 (s) in 3 time steps
AutoTuner: Block shape <8,8,520> took 0.598028 (s) in 3 time steps
AutoTuner: Block shape <16,16,8> took 0.452101 (s) in 3 time steps
AutoTuner: Block shape <16,16,24> took 0.416398 (s) in 3 time steps
AutoTuner: Block shape <16,16,32> took 0.454422 (s) in 3 time steps
AutoTuner: Block shape <16,16,40> took 0.421260 (s) in 3 time steps
AutoTuner: Block shape <16,16,64> took 0.466970 (s) in 3 time steps
AutoTuner: Block shape <16,16,128> took 0.496040 (s) in 3 time steps
AutoTuner: Block shape <16,16,256> took 0.504557 (s) in 3 time steps
AutoTuner: Block shape <16,16,512> took 0.576956 (s) in 3 time steps
AutoTuner: Block shape <16,16,520> took 0.571033 (s) in 3 time steps
AutoTuner: Block shape <24,24,8> took 0.520904 (s) in 3 time steps
AutoTuner: Block shape <24,24,16> took 0.544560 (s) in 3 time steps
AutoTuner: Block shape <24,24,32> took 0.508020 (s) in 3 time steps
AutoTuner: Block shape <24,24,40> took 0.464970 (s) in 3 time steps
AutoTuner: Block shape <24,24,64> took 0.497126 (s) in 3 time steps
AutoTuner: Block shape <24,24,128> took 0.479297 (s) in 3 time steps
AutoTuner: Block shape <24,24,256> took 0.514775 (s) in 3 time steps
AutoTuner: Block shape <32,32,8> took 0.614665 (s) in 3 time steps
AutoTuner: Block shape <32,32,16> took 0.595739 (s) in 3 time steps
AutoTuner: Block shape <32,32,24> took 0.494584 (s) in 3 time steps
AutoTuner: Block shape <32,32,40> took 0.488290 (s) in 3 time steps
AutoTuner: Block shape <32,32,64> took 0.492697 (s) in 3 time steps
AutoTuner: Block shape <32,32,128> took 0.477834 (s) in 3 time steps
AutoTuner: Block shape <16,8,8> took 0.481812 (s) in 3 time steps
AutoTuner: Block shape <8,16,8> took 0.482078 (s) in 3 time steps
AutoTuner: Block shape <16,8,16> took 0.482254 (s) in 3 time steps
AutoTuner: Block shape <8,16,16> took 0.482947 (s) in 3 time steps
AutoTuner: Block shape <32,16,16> took 0.540424 (s) in 3 time steps
AutoTuner: Block shape <16,32,16> took 0.542513 (s) in 3 time steps
AutoTuner: Block shape <32,16,32> took 0.499767 (s) in 3 time steps
AutoTuner: Block shape <16,32,32> took 0.511611 (s) in 3 time steps
AutoTuner: Block shape <48,24,24> took 0.503617 (s) in 3 time steps
AutoTuner: Block shape <24,48,24> took 0.521312 (s) in 3 time steps
AutoTuner: Block shape <24,24,48> took 0.499023 (s) in 3 time steps
AutoTuner: Block shape <48,48,24> took 0.532339 (s) in 3 time steps
AutoTuner: Block shape <48,24,48> took 0.516004 (s) in 3 time steps
AutoTuner: Block shape <24,48,48> took 0.518692 (s) in 3 time steps
AutoTuner: Block shape <48,48,48> took 0.511578 (s) in 3 time steps
AutoTuner: Block shape <64,32,32> took 0.541145 (s) in 3 time steps
AutoTuner: Block shape <32,64,32> took 0.543563 (s) in 3 time steps
AutoTuner: Block shape <64,64,32> took 0.533753 (s) in 3 time steps
AutoTuner: Block shape <64,32,64> took 0.482817 (s) in 3 time steps
AutoTuner: Block shape <32,64,64> took 0.514584 (s) in 3 time steps
AutoTuner: Block shape <80,40,40> took 0.491584 (s) in 3 time steps
AutoTuner: Block shape <40,80,40> took 0.498558 (s) in 3 time steps
AutoTuner: Block shape <40,40,80> took 0.476717 (s) in 3 time steps
Auto-tuned block shape: {'x0_block_size': 16, 'y0_block_size': 16, 'z0_block_size': 24}
=========================================================================================
Section section_0<526,526,526> with OI=0.16 computed in 0.097 s [5.99 GFlops/s]
Section section_3<415,1> with OI=0.64 computed in 0.000 s [0.14 GFlops/s]
Section section_4<415,101> with OI=1.27 computed in 0.004 s [0.90 GFlops/s]
Section main<415,526,526,526> with OI=3.52 computed in 128.434 s [110.04 GFlops/s, 0.47 GPts/s]
=========================================================================================
Allocating memory for m ((532, 532, 532))
Allocating memory for damp ((532, 532, 532))
Allocating memory for epsilon ((532, 532, 532))
Allocating memory for delta ((532, 532, 532))
Allocating memory for theta ((532, 532, 532))
Allocating memory for phi ((532, 532, 532))
Allocating memory for src ((417, 1))
Allocating memory for src_coords ((1, 3))
Allocating memory for nrec_coords ((101, 3))
Allocating memory for rec_coords ((101, 3))
DSE: extract_time_varying [flops: 2541, elapsed: 0.22] >>
     extract_time_invariants [flops: 2133, elapsed: 0.10] >>
     eliminate_inter_stencil_redundancies [flops: 939, elapsed: 0.28] >>
     extract_sum_of_products [flops: 681, elapsed: 0.05] >>
     eliminate_inter_stencil_redundancies [flops: 443, elapsed: 0.07] >>
     extract_sum_of_products [flops: 378, elapsed: 0.02] >>
     factorize [flops: 285, elapsed: 0.19] >>
     eliminate_intra_stencil_redundancies [flops: 233, elapsed: 0.05] >>
     finalize [flops: 234, elapsed: 0.00]
     [Total elapsed: 0.99 s]
DLE: avoid_denormals [elapsed: 0.00] >>
     loop_fission [elapsed: 0.01] >>
     loop_blocking [elapsed: 0.36] >>
     simdize [elapsed: 0.04] >>
     ompize [elapsed: 0.04] >>
     create_elemental_functions [elapsed: 0.28] >>
     minimize_remainders [elapsed: 0.02]
     [Total elapsed: 0.75 s]
Allocating memory for rec ((417, 101))
Allocating memory for u ((3, 532, 532, 532))
Allocating memory for v ((3, 532, 532, 532))
IntelCompiler: compiled /tmp/devito-u_7f09ze/283cd1392cda3ac27a152d6be8b3ff2d17b51d7f.c [4.13 s]
AutoTuner: Block shape <8,8,8> took 0.552076 (s) in 3 time steps
AutoTuner: Block shape <16,16,16> took 0.480020 (s) in 3 time steps
AutoTuner: Block shape <24,24,24> took 0.459901 (s) in 3 time steps
AutoTuner: Block shape <32,32,32> took 0.532284 (s) in 3 time steps
AutoTuner: Block shape <40,40,40> took 0.491476 (s) in 3 time steps
AutoTuner: Block shape <8,8,16> took 0.535540 (s) in 3 time steps
AutoTuner: Block shape <8,8,24> took 0.471211 (s) in 3 time steps
AutoTuner: Block shape <8,8,32> took 0.481728 (s) in 3 time steps
AutoTuner: Block shape <8,8,40> took 0.463017 (s) in 3 time steps
AutoTuner: Block shape <8,8,64> took 0.478805 (s) in 3 time steps
AutoTuner: Block shape <8,8,128> took 0.502924 (s) in 3 time steps
AutoTuner: Block shape <8,8,256> took 0.563379 (s) in 3 time steps
AutoTuner: Block shape <8,8,512> took 0.603729 (s) in 3 time steps
AutoTuner: Block shape <8,8,520> took 0.597107 (s) in 3 time steps
AutoTuner: Block shape <16,16,8> took 0.454343 (s) in 3 time steps
AutoTuner: Block shape <16,16,24> took 0.416171 (s) in 3 time steps
AutoTuner: Block shape <16,16,32> took 0.454599 (s) in 3 time steps
AutoTuner: Block shape <16,16,40> took 0.421940 (s) in 3 time steps
AutoTuner: Block shape <16,16,64> took 0.467860 (s) in 3 time steps
AutoTuner: Block shape <16,16,128> took 0.495396 (s) in 3 time steps
AutoTuner: Block shape <16,16,256> took 0.502559 (s) in 3 time steps
AutoTuner: Block shape <16,16,512> took 0.576034 (s) in 3 time steps
AutoTuner: Block shape <16,16,520> took 0.570781 (s) in 3 time steps
AutoTuner: Block shape <24,24,8> took 0.520787 (s) in 3 time steps
AutoTuner: Block shape <24,24,16> took 0.544572 (s) in 3 time steps
AutoTuner: Block shape <24,24,32> took 0.506439 (s) in 3 time steps
AutoTuner: Block shape <24,24,40> took 0.463891 (s) in 3 time steps
AutoTuner: Block shape <24,24,64> took 0.496609 (s) in 3 time steps
AutoTuner: Block shape <24,24,128> took 0.479417 (s) in 3 time steps
AutoTuner: Block shape <24,24,256> took 0.514530 (s) in 3 time steps
AutoTuner: Block shape <32,32,8> took 0.613773 (s) in 3 time steps
AutoTuner: Block shape <32,32,16> took 0.596411 (s) in 3 time steps
AutoTuner: Block shape <32,32,24> took 0.492607 (s) in 3 time steps
AutoTuner: Block shape <32,32,40> took 0.484411 (s) in 3 time steps
AutoTuner: Block shape <32,32,64> took 0.491924 (s) in 3 time steps
AutoTuner: Block shape <32,32,128> took 0.477639 (s) in 3 time steps
AutoTuner: Block shape <16,8,8> took 0.491471 (s) in 3 time steps
AutoTuner: Block shape <8,16,8> took 0.482229 (s) in 3 time steps
AutoTuner: Block shape <16,8,16> took 0.483105 (s) in 3 time steps
AutoTuner: Block shape <8,16,16> took 0.480798 (s) in 3 time steps
AutoTuner: Block shape <32,16,16> took 0.541152 (s) in 3 time steps
AutoTuner: Block shape <16,32,16> took 0.541096 (s) in 3 time steps
AutoTuner: Block shape <32,16,32> took 0.499340 (s) in 3 time steps
AutoTuner: Block shape <16,32,32> took 0.510918 (s) in 3 time steps
AutoTuner: Block shape <48,24,24> took 0.502547 (s) in 3 time steps
AutoTuner: Block shape <24,48,24> took 0.521253 (s) in 3 time steps
AutoTuner: Block shape <24,24,48> took 0.500754 (s) in 3 time steps
AutoTuner: Block shape <48,48,24> took 0.531700 (s) in 3 time steps
AutoTuner: Block shape <48,24,48> took 0.515596 (s) in 3 time steps
AutoTuner: Block shape <24,48,48> took 0.517617 (s) in 3 time steps
AutoTuner: Block shape <48,48,48> took 0.511978 (s) in 3 time steps
AutoTuner: Block shape <64,32,32> took 0.541330 (s) in 3 time steps
AutoTuner: Block shape <32,64,32> took 0.542332 (s) in 3 time steps
AutoTuner: Block shape <64,64,32> took 0.532428 (s) in 3 time steps
AutoTuner: Block shape <64,32,64> took 0.482768 (s) in 3 time steps
AutoTuner: Block shape <32,64,64> took 0.513806 (s) in 3 time steps
AutoTuner: Block shape <80,40,40> took 0.489914 (s) in 3 time steps
AutoTuner: Block shape <40,80,40> took 0.498301 (s) in 3 time steps
AutoTuner: Block shape <40,40,80> took 0.477128 (s) in 3 time steps
Auto-tuned block shape: {'x0_block_size': 16, 'y0_block_size': 16, 'z0_block_size': 24}
=========================================================================================
Section section_0<526,526,526> with OI=0.16 computed in 0.097 s [6.02 GFlops/s]
Section section_3<415,1> with OI=0.64 computed in 0.000 s [0.16 GFlops/s]
Section section_4<415,101> with OI=1.27 computed in 0.004 s [1.07 GFlops/s]
Section main<415,526,526,526> with OI=3.52 computed in 127.989 s [110.42 GFlops/s, 0.47 GPts/s]
=========================================================================================
Allocating memory for m ((532, 532, 532))
Allocating memory for damp ((532, 532, 532))
Allocating memory for epsilon ((532, 532, 532))
Allocating memory for delta ((532, 532, 532))
Allocating memory for theta ((532, 532, 532))
Allocating memory for phi ((532, 532, 532))
Allocating memory for src ((417, 1))
Allocating memory for src_coords ((1, 3))
Allocating memory for nrec_coords ((101, 3))
Allocating memory for rec_coords ((101, 3))
DSE: extract_time_varying [flops: 2541, elapsed: 0.22] >>
     extract_time_invariants [flops: 2133, elapsed: 0.10] >>
     eliminate_inter_stencil_redundancies [flops: 939, elapsed: 0.28] >>
     extract_sum_of_products [flops: 681, elapsed: 0.05] >>
     eliminate_inter_stencil_redundancies [flops: 443, elapsed: 0.12] >>
     extract_sum_of_products [flops: 378, elapsed: 0.02] >>
     factorize [flops: 285, elapsed: 0.19] >>
     eliminate_intra_stencil_redundancies [flops: 233, elapsed: 0.05] >>
     finalize [flops: 234, elapsed: 0.00]
     [Total elapsed: 1.04 s]
DLE: avoid_denormals [elapsed: 0.00] >>
     loop_fission [elapsed: 0.01] >>
     loop_blocking [elapsed: 0.36] >>
     simdize [elapsed: 0.04] >>
     ompize [elapsed: 0.04] >>
     create_elemental_functions [elapsed: 0.28] >>
     minimize_remainders [elapsed: 0.02]
     [Total elapsed: 0.75 s]
Allocating memory for rec ((417, 101))
Allocating memory for u ((3, 532, 532, 532))
Allocating memory for v ((3, 532, 532, 532))
IntelCompiler: compiled /tmp/devito-u_7f09ze/afda3a5ade6b166b5fa4af28c754d797c0e18797.c [4.17 s]
AutoTuner: Block shape <8,8,8> took 0.549375 (s) in 3 time steps
AutoTuner: Block shape <16,16,16> took 0.479336 (s) in 3 time steps
AutoTuner: Block shape <24,24,24> took 0.459797 (s) in 3 time steps
AutoTuner: Block shape <32,32,32> took 0.534439 (s) in 3 time steps
AutoTuner: Block shape <40,40,40> took 0.491230 (s) in 3 time steps
AutoTuner: Block shape <8,8,16> took 0.531303 (s) in 3 time steps
AutoTuner: Block shape <8,8,24> took 0.471145 (s) in 3 time steps
AutoTuner: Block shape <8,8,32> took 0.481862 (s) in 3 time steps
AutoTuner: Block shape <8,8,40> took 0.459532 (s) in 3 time steps
AutoTuner: Block shape <8,8,64> took 0.479222 (s) in 3 time steps
AutoTuner: Block shape <8,8,128> took 0.501298 (s) in 3 time steps
AutoTuner: Block shape <8,8,256> took 0.562551 (s) in 3 time steps
AutoTuner: Block shape <8,8,512> took 0.603708 (s) in 3 time steps
AutoTuner: Block shape <8,8,520> took 0.596435 (s) in 3 time steps
AutoTuner: Block shape <16,16,8> took 0.451958 (s) in 3 time steps
AutoTuner: Block shape <16,16,24> took 0.418466 (s) in 3 time steps
AutoTuner: Block shape <16,16,32> took 0.453824 (s) in 3 time steps
AutoTuner: Block shape <16,16,40> took 0.422177 (s) in 3 time steps
AutoTuner: Block shape <16,16,64> took 0.468229 (s) in 3 time steps
AutoTuner: Block shape <16,16,128> took 0.495057 (s) in 3 time steps
AutoTuner: Block shape <16,16,256> took 0.503592 (s) in 3 time steps
AutoTuner: Block shape <16,16,512> took 0.575750 (s) in 3 time steps
AutoTuner: Block shape <16,16,520> took 0.571686 (s) in 3 time steps
AutoTuner: Block shape <24,24,8> took 0.520455 (s) in 3 time steps
AutoTuner: Block shape <24,24,16> took 0.544357 (s) in 3 time steps
AutoTuner: Block shape <24,24,32> took 0.506682 (s) in 3 time steps
AutoTuner: Block shape <24,24,40> took 0.463455 (s) in 3 time steps
AutoTuner: Block shape <24,24,64> took 0.497911 (s) in 3 time steps
AutoTuner: Block shape <24,24,128> took 0.479326 (s) in 3 time steps
AutoTuner: Block shape <24,24,256> took 0.513666 (s) in 3 time steps
AutoTuner: Block shape <32,32,8> took 0.614191 (s) in 3 time steps
AutoTuner: Block shape <32,32,16> took 0.596422 (s) in 3 time steps
AutoTuner: Block shape <32,32,24> took 0.494601 (s) in 3 time steps
AutoTuner: Block shape <32,32,40> took 0.486301 (s) in 3 time steps
AutoTuner: Block shape <32,32,64> took 0.493937 (s) in 3 time steps
AutoTuner: Block shape <32,32,128> took 0.477974 (s) in 3 time steps
AutoTuner: Block shape <16,8,8> took 0.483539 (s) in 3 time steps
AutoTuner: Block shape <8,16,8> took 0.478383 (s) in 3 time steps
AutoTuner: Block shape <16,8,16> took 0.482668 (s) in 3 time steps
AutoTuner: Block shape <8,16,16> took 0.479614 (s) in 3 time steps
AutoTuner: Block shape <32,16,16> took 0.540023 (s) in 3 time steps
AutoTuner: Block shape <16,32,16> took 0.540972 (s) in 3 time steps
AutoTuner: Block shape <32,16,32> took 0.499266 (s) in 3 time steps
AutoTuner: Block shape <16,32,32> took 0.511358 (s) in 3 time steps
AutoTuner: Block shape <48,24,24> took 0.503457 (s) in 3 time steps
AutoTuner: Block shape <24,48,24> took 0.520011 (s) in 3 time steps
AutoTuner: Block shape <24,24,48> took 0.499994 (s) in 3 time steps
AutoTuner: Block shape <48,48,24> took 0.532277 (s) in 3 time steps
AutoTuner: Block shape <48,24,48> took 0.516196 (s) in 3 time steps
AutoTuner: Block shape <24,48,48> took 0.518870 (s) in 3 time steps
AutoTuner: Block shape <48,48,48> took 0.510402 (s) in 3 time steps
AutoTuner: Block shape <64,32,32> took 0.541280 (s) in 3 time steps
AutoTuner: Block shape <32,64,32> took 0.544205 (s) in 3 time steps
AutoTuner: Block shape <64,64,32> took 0.532970 (s) in 3 time steps
AutoTuner: Block shape <64,32,64> took 0.482618 (s) in 3 time steps
AutoTuner: Block shape <32,64,64> took 0.515806 (s) in 3 time steps
AutoTuner: Block shape <80,40,40> took 0.491784 (s) in 3 time steps
AutoTuner: Block shape <40,80,40> took 0.497911 (s) in 3 time steps
AutoTuner: Block shape <40,40,80> took 0.477190 (s) in 3 time steps
Auto-tuned block shape: {'x0_block_size': 16, 'y0_block_size': 16, 'z0_block_size': 24}
=========================================================================================
Section section_0<526,526,526> with OI=0.16 computed in 0.097 s [6.01 GFlops/s]
Section section_3<415,1> with OI=0.64 computed in 0.000 s [0.16 GFlops/s]
Section section_4<415,101> with OI=1.27 computed in 0.004 s [1.09 GFlops/s]
Section main<415,526,526,526> with OI=3.52 computed in 127.956 s [110.45 GFlops/s, 0.47 GPts/s]
=========================================================================================


OpesciBench: Running 3 repeats - parameters: arch: unknown, autotune: True, dle: advanced, dse: basic, nbpml: 10, shape: (512, 512, 512), space_order: 12, spacing: (20.0, 20.0, 20.0), time_order: 2, tn: 1000
OpesciBench [17:03:50]: --- Run 0 ---
icc -O3 -g -fPIC -Wall -std=c99 -xhost -shared -qopenmp /tmp/devito-u_7f09ze/f6f81a1daf2df47448abcb13b4ab73d593ff4238.c -o /tmp/devito-u_7f09ze/f6f81a1daf2df47448abcb13b4ab73d593ff4238.so
OpesciBench [17:13:50]: --- Run 0 finished ---

OpesciBench [17:13:50]: --- Run 1 ---
icc -O3 -g -fPIC -Wall -std=c99 -xhost -shared -qopenmp /tmp/devito-u_7f09ze/f6f81a1daf2df47448abcb13b4ab73d593ff4238.c -o /tmp/devito-u_7f09ze/f6f81a1daf2df47448abcb13b4ab73d593ff4238.so
OpesciBench [17:23:47]: --- Run 1 finished ---

OpesciBench [17:23:47]: --- Run 2 ---
icc -O3 -g -fPIC -Wall -std=c99 -xhost -shared -qopenmp /tmp/devito-u_7f09ze/f6f81a1daf2df47448abcb13b4ab73d593ff4238.c -o /tmp/devito-u_7f09ze/f6f81a1daf2df47448abcb13b4ab73d593ff4238.so
OpesciBench [17:33:53]: --- Run 2 finished ---





OpesciBench: Running 3 repeats - parameters: arch: unknown, autotune: True, dle: advanced, dse: advanced, nbpml: 10, shape: (512, 512, 512), space_order: 12, spacing: (20.0, 20.0, 20.0), time_order: 2, tn: 1000
OpesciBench [17:33:53]: --- Run 0 ---
icc -O3 -g -fPIC -Wall -std=c99 -xhost -shared -qopenmp /tmp/devito-u_7f09ze/5221bf17627bdc61352854762dd319e05041b67c.c -o /tmp/devito-u_7f09ze/5221bf17627bdc61352854762dd319e05041b67c.so
OpesciBench [17:40:24]: --- Run 0 finished ---

OpesciBench [17:40:24]: --- Run 1 ---
icc -O3 -g -fPIC -Wall -std=c99 -xhost -shared -qopenmp /tmp/devito-u_7f09ze/5221bf17627bdc61352854762dd319e05041b67c.c -o /tmp/devito-u_7f09ze/5221bf17627bdc61352854762dd319e05041b67c.so
OpesciBench [17:46:57]: --- Run 1 finished ---

OpesciBench [17:46:57]: --- Run 2 ---
icc -O3 -g -fPIC -Wall -std=c99 -xhost -shared -qopenmp /tmp/devito-u_7f09ze/5221bf17627bdc61352854762dd319e05041b67c.c -o /tmp/devito-u_7f09ze/5221bf17627bdc61352854762dd319e05041b67c.so
OpesciBench [17:53:27]: --- Run 2 finished ---





OpesciBench: Running 3 repeats - parameters: arch: unknown, autotune: True, dle: advanced, dse: aggressive, nbpml: 10, shape: (512, 512, 512), space_order: 12, spacing: (20.0, 20.0, 20.0), time_order: 2, tn: 1000
OpesciBench [17:53:27]: --- Run 0 ---
icc -O3 -g -fPIC -Wall -std=c99 -xhost -shared -qopenmp /tmp/devito-u_7f09ze/2f4effdc633b5e690ea71e3cd8b0f453f623f808.c -o /tmp/devito-u_7f09ze/2f4effdc633b5e690ea71e3cd8b0f453f623f808.so
OpesciBench [17:56:34]: --- Run 0 finished ---

OpesciBench [17:56:34]: --- Run 1 ---
icc -O3 -g -fPIC -Wall -std=c99 -xhost -shared -qopenmp /tmp/devito-u_7f09ze/283cd1392cda3ac27a152d6be8b3ff2d17b51d7f.c -o /tmp/devito-u_7f09ze/283cd1392cda3ac27a152d6be8b3ff2d17b51d7f.so
OpesciBench [17:59:41]: --- Run 1 finished ---

OpesciBench [17:59:41]: --- Run 2 ---
icc -O3 -g -fPIC -Wall -std=c99 -xhost -shared -qopenmp /tmp/devito-u_7f09ze/afda3a5ade6b166b5fa4af28c754d797c0e18797.c -o /tmp/devito-u_7f09ze/afda3a5ade6b166b5fa4af28c754d797c0e18797.so
OpesciBench [18:02:47]: --- Run 2 finished ---



Thu Dec 21 18:02:48 PST 2017
top - 18:02:48 up 22 days,  8:51,  3 users,  load average: 54.50, 47.80, 40.72
Tasks: 1953 total,   1 running, 1952 sleeping,   0 stopped,   0 zombie
%Cpu(s):  5.6 us,  0.1 sy,  0.0 ni, 94.3 id,  0.0 wa,  0.0 hi,  0.0 si,  0.0 st
KiB Mem : 19652648+total, 18769556+free,  4764048 used,  4066868 buff/cache
KiB Swap: 50331644 total, 47136812 free,  3194832 used. 19101548+avail Mem 

   PID USER      PR  NI    VIRT    RES    SHR S  %CPU %MEM     TIME+ COMMAND
 87962 cyount    20   0  152236   3932   1476 R   5.9  0.0   0:00.02 top
     1 root      20   0  197856   6604   1468 S   0.0  0.0   1:11.03 systemd
     2 root      20   0       0      0      0 S   0.0  0.0   0:00.30 kthreadd
     3 root      20   0       0      0      0 S   0.0  0.0   0:00.11 ksoftirqd/0
     5 root       0 -20       0      0      0 S   0.0  0.0   0:00.00 kworker/0:0H
     8 root      rt   0       0      0      0 S   0.0  0.0   0:01.43 migration/0
     9 root      20   0       0      0      0 S   0.0  0.0   0:00.00 rcu_bh
    10 root      20   0       0      0      0 S   0.0  0.0   0:00.00 rcuob/0
    11 root      20   0       0      0      0 S   0.0  0.0   0:00.00 rcuob/1
    12 root      20   0       0      0      0 S   0.0  0.0   0:00.00 rcuob/2
    13 root      20   0       0      0      0 S   0.0  0.0   0:00.00 rcuob/3
    14 root      20   0       0      0      0 S   0.0  0.0   0:00.00 rcuob/4
    15 root      20   0       0      0      0 S   0.0  0.0   0:00.00 rcuob/5
    16 root      20   0       0      0      0 S   0.0  0.0   0:00.00 rcuob/6
    17 root      20   0       0      0      0 S   0.0  0.0   0:00.00 rcuob/7
    18 root      20   0       0      0      0 S   0.0  0.0   0:00.00 rcuob/8
    19 root      20   0       0      0      0 S   0.0  0.0   0:00.00 rcuob/9
    20 root      20   0       0      0      0 S   0.0  0.0   0:00.00 rcuob/10
    21 root      20   0       0      0      0 S   0.0  0.0   0:00.00 rcuob/11
    22 root      20   0       0      0      0 S   0.0  0.0   0:00.00 rcuob/12
    23 root      20   0       0      0      0 S   0.0  0.0   0:00.00 rcuob/13
    24 root      20   0       0      0      0 S   0.0  0.0   0:00.00 rcuob/14
    25 root      20   0       0      0      0 S   0.0  0.0   0:00.00 rcuob/15
