Tue Dec 19 14:24:58 PST 2017
Architecture:          x86_64
CPU op-mode(s):        32-bit, 64-bit
Byte Order:            Little Endian
CPU(s):                112
On-line CPU(s) list:   0-111
Thread(s) per core:    2
Core(s) per socket:    28
Socket(s):             2
NUMA node(s):          2
Vendor ID:             GenuineIntel
CPU family:            6
Model:                 85
Model name:            Intel(R) Xeon(R) Platinum 8180 CPU @ 2.50GHz
Stepping:              4
CPU MHz:               2501.000
BogoMIPS:              4993.64
Virtualization:        VT-x
L1d cache:             32K
L1i cache:             32K
L2 cache:              1024K
L3 cache:              39424K
NUMA node0 CPU(s):     0-27,56-83
NUMA node1 CPU(s):     28-55,84-111
Linux ortce-skl3 3.10.0-327.el7.x86_64 #1 SMP Thu Oct 29 17:29:29 EDT 2015 x86_64 x86_64 x86_64 GNU/Linux
available: 2 nodes (0-1)
node 0 cpus: 0 1 2 3 4 5 6 7 8 9 10 11 12 13 14 15 16 17 18 19 20 21 22 23 24 25 26 27 56 57 58 59 60 61 62 63 64 65 66 67 68 69 70 71 72 73 74 75 76 77 78 79 80 81 82 83
node 0 size: 96973 MB
node 0 free: 91466 MB
node 1 cpus: 28 29 30 31 32 33 34 35 36 37 38 39 40 41 42 43 44 45 46 47 48 49 50 51 52 53 54 55 84 85 86 87 88 89 90 91 92 93 94 95 96 97 98 99 100 101 102 103 104 105 106 107 108 109 110 111
node 1 size: 98304 MB
node 1 free: 93244 MB
node distances:
node   0   1 
  0:  10  21 
  1:  21  10 

Per-node system memory usage (in MBs):
                          Node 0          Node 1           Total
                 --------------- --------------- ---------------
MemTotal                96973.63        98304.00       195277.63
MemFree                 91466.29        93244.07       184710.36
MemUsed                  5507.34         5059.93        10567.27
Active                    211.89          464.90          676.79
Inactive                 1680.90         1977.68         3658.58
Active(anon)              154.71           52.13          206.84
Inactive(anon)           1546.17          683.03         2229.20
Active(file)               57.18          412.77          469.95
Inactive(file)            134.73         1294.65         1429.38
Unevictable                 0.00            0.00            0.00
Mlocked                     0.00            0.00            0.00
Dirty                       0.00            0.06            0.06
Writeback                   0.00            0.00            0.00
FilePages                1744.40         2378.18         4122.58
Mapped                     35.61           10.40           46.01
AnonPages                 221.07          100.05          321.13
Shmem                      14.05            2.32           16.38
KernelStack                33.20           10.36           43.56
PageTables                 28.20           22.67           50.88
NFS_Unstable                0.00            0.00            0.00
Bounce                      0.00            0.00            0.00
WritebackTmp                0.00            0.00            0.00
Slab                      374.77          311.43          686.20
SReclaimable              184.03          111.70          295.73
SUnreclaim                190.73          199.74          390.47
AnonHugePages              54.00           44.00           98.00
HugePages_Total             0.00            0.00            0.00
HugePages_Free              0.00            0.00            0.00
HugePages_Surp              0.00            0.00            0.00
top - 14:24:58 up 20 days,  5:13,  3 users,  load average: 36.83, 25.25, 12.41
Tasks: 1952 total,   1 running, 1951 sleeping,   0 stopped,   0 zombie
%Cpu(s):  4.8 us,  0.1 sy,  0.0 ni, 95.1 id,  0.0 wa,  0.0 hi,  0.0 si,  0.0 st
KiB Mem : 19652648+total, 18914112+free,  4721004 used,  2664356 buff/cache
KiB Swap: 50331644 total, 47095992 free,  3235652 used. 19105099+avail Mem 

   PID USER      PR  NI    VIRT    RES    SHR S  %CPU %MEM     TIME+ COMMAND
223751 cyount    20   0  152228   3932   1476 R  17.6  0.0   0:00.03 top
     1 root      20   0  197856   6196   1468 S   0.0  0.0   1:05.16 systemd
     2 root      20   0       0      0      0 S   0.0  0.0   0:00.28 kthreadd
     3 root      20   0       0      0      0 S   0.0  0.0   0:00.07 ksoftirqd/0
     5 root       0 -20       0      0      0 S   0.0  0.0   0:00.00 kworker/0:0H
     8 root      rt   0       0      0      0 S   0.0  0.0   0:01.43 migration/0
     9 root      20   0       0      0      0 S   0.0  0.0   0:00.00 rcu_bh
    10 root      20   0       0      0      0 S   0.0  0.0   0:00.00 rcuob/0
    11 root      20   0       0      0      0 S   0.0  0.0   0:00.00 rcuob/1
    12 root      20   0       0      0      0 S   0.0  0.0   0:00.00 rcuob/2
    13 root      20   0       0      0      0 S   0.0  0.0   0:00.00 rcuob/3
    14 root      20   0       0      0      0 S   0.0  0.0   0:00.00 rcuob/4
    15 root      20   0       0      0      0 S   0.0  0.0   0:00.00 rcuob/5
    16 root      20   0       0      0      0 S   0.0  0.0   0:00.00 rcuob/6
    17 root      20   0       0      0      0 S   0.0  0.0   0:00.00 rcuob/7
    18 root      20   0       0      0      0 S   0.0  0.0   0:00.00 rcuob/8
    19 root      20   0       0      0      0 S   0.0  0.0   0:00.00 rcuob/9
    20 root      20   0       0      0      0 S   0.0  0.0   0:00.00 rcuob/10
    21 root      20   0       0      0      0 S   0.0  0.0   0:00.00 rcuob/11
    22 root      20   0       0      0      0 S   0.0  0.0   0:00.00 rcuob/12
    23 root      20   0       0      0      0 S   0.0  0.0   0:00.00 rcuob/13
    24 root      20   0       0      0      0 S   0.0  0.0   0:00.00 rcuob/14
    25 root      20   0       0      0      0 S   0.0  0.0   0:00.00 rcuob/15
env DEVITO_PLATFORM=skx DEVITO_ISA=avx512 DEVITO_DLE_OPTIONS=blockinner:True DEVITO_AUTOTUNING=aggressive DEVITO_BACKEND=core DEVITO_OPENMP=1 DEVITO_ARCH=intel DEVITO_LOGGING=DEBUG DEVITO_YASK_AUTOTUNING=preemptive DEVITO_YASK_DUMP=devito.bench.2017-12-19/acoustic/core/bmO2/ortce-skl3/grid768/so4 numactl --cpubind=1 python examples/seismic/benchmark.py bench -bm O2 -P acoustic -so 4 -to 2 -d 768 768 768 --tn 1000 -x 3 -r devito.bench.2017-12-19/acoustic/core/bmO2/ortce-skl3/grid768/so4
Allocating memory for m ((788, 788, 788))
Allocating memory for damp ((788, 788, 788))
Allocating memory for src ((329, 1))
Allocating memory for src_coords ((1, 3))
Allocating memory for nrec_coords ((768, 3))
Applying Forward
Allocating memory for rec_coords ((768, 3))
DSE: extract_time_invariants [flops: 51, elapsed: 0.00] >>
     eliminate_inter_stencil_redundancies [flops: 51, elapsed: 0.00] >>
     eliminate_intra_stencil_redundancies [flops: 42, elapsed: 0.00] >>
     factorize [flops: 32, elapsed: 0.01] >>
     finalize [flops: 36, elapsed: 0.00]
     [Total elapsed: 0.02 s]
DLE: avoid_denormals [elapsed: 0.00] >>
     loop_fission [elapsed: 0.00] >>
     loop_blocking [elapsed: 0.05] >>
     simdize [elapsed: 0.64] >>
     ompize [elapsed: 0.03] >>
     create_elemental_functions [elapsed: 0.07] >>
     minimize_remainders [elapsed: 0.01]
     [Total elapsed: 0.80 s]
Allocating memory for rec ((329, 768))
Allocating memory for u ((3, 788, 788, 788))
IntelCompiler: compiled /tmp/devito-44avakoq/7de75c714735bf25dbb87102c5bf50b328ecdf49.c [0.83 s]
AutoTuner: Block shape <8,8,8> took 0.234763 (s) in 3 time steps
AutoTuner: Block shape <16,16,16> took 0.168806 (s) in 3 time steps
AutoTuner: Block shape <24,24,24> took 0.161245 (s) in 3 time steps
AutoTuner: Block shape <32,32,32> took 0.204147 (s) in 3 time steps
AutoTuner: Block shape <40,40,40> took 0.211484 (s) in 3 time steps
AutoTuner: Block shape <64,64,64> took 0.193948 (s) in 3 time steps
AutoTuner: Block shape <128,128,128> took 0.224914 (s) in 3 time steps
AutoTuner: Block shape <256,256,256> took 0.235697 (s) in 3 time steps
AutoTuner: Block shape <512,512,512> took 1.679713 (s) in 3 time steps
AutoTuner: Block shape <784,784,784> took 1.118784 (s) in 3 time steps
AutoTuner: Block shape <8,8,16> took 0.174978 (s) in 3 time steps
AutoTuner: Block shape <8,8,24> took 0.154075 (s) in 3 time steps
AutoTuner: Block shape <8,8,32> took 0.151903 (s) in 3 time steps
AutoTuner: Block shape <8,8,40> took 0.153345 (s) in 3 time steps
AutoTuner: Block shape <8,8,64> took 0.150761 (s) in 3 time steps
AutoTuner: Block shape <8,8,128> took 0.146705 (s) in 3 time steps
AutoTuner: Block shape <8,8,256> took 0.156639 (s) in 3 time steps
AutoTuner: Block shape <8,8,512> took 0.162385 (s) in 3 time steps
AutoTuner: Block shape <8,8,784> took 0.130692 (s) in 3 time steps
AutoTuner: Block shape <16,16,8> took 0.202955 (s) in 3 time steps
AutoTuner: Block shape <16,16,24> took 0.149853 (s) in 3 time steps
AutoTuner: Block shape <16,16,32> took 0.152356 (s) in 3 time steps
AutoTuner: Block shape <16,16,40> took 0.154142 (s) in 3 time steps
AutoTuner: Block shape <16,16,64> took 0.161940 (s) in 3 time steps
AutoTuner: Block shape <16,16,128> took 0.192952 (s) in 3 time steps
AutoTuner: Block shape <16,16,256> took 0.176314 (s) in 3 time steps
AutoTuner: Block shape <16,16,512> took 0.159028 (s) in 3 time steps
AutoTuner: Block shape <16,16,784> took 0.128194 (s) in 3 time steps
AutoTuner: Block shape <24,24,8> took 0.206792 (s) in 3 time steps
AutoTuner: Block shape <24,24,16> took 0.170538 (s) in 3 time steps
AutoTuner: Block shape <24,24,32> took 0.167163 (s) in 3 time steps
AutoTuner: Block shape <24,24,40> took 0.174866 (s) in 3 time steps
AutoTuner: Block shape <24,24,64> took 0.183662 (s) in 3 time steps
AutoTuner: Block shape <24,24,128> took 0.198168 (s) in 3 time steps
AutoTuner: Block shape <24,24,256> took 0.176527 (s) in 3 time steps
AutoTuner: Block shape <24,24,512> took 0.163839 (s) in 3 time steps
AutoTuner: Block shape <24,24,784> took 0.133187 (s) in 3 time steps
AutoTuner: Block shape <32,32,8> took 0.227325 (s) in 3 time steps
AutoTuner: Block shape <32,32,16> took 0.189027 (s) in 3 time steps
AutoTuner: Block shape <32,32,24> took 0.202997 (s) in 3 time steps
AutoTuner: Block shape <32,32,40> took 0.202352 (s) in 3 time steps
AutoTuner: Block shape <32,32,64> took 0.192833 (s) in 3 time steps
AutoTuner: Block shape <32,32,128> took 0.196666 (s) in 3 time steps
AutoTuner: Block shape <32,32,256> took 0.181452 (s) in 3 time steps
AutoTuner: Block shape <32,32,512> took 0.167839 (s) in 3 time steps
AutoTuner: Block shape <32,32,784> took 0.136194 (s) in 3 time steps
AutoTuner: Block shape <16,8,8> took 0.203158 (s) in 3 time steps
AutoTuner: Block shape <8,16,8> took 0.202884 (s) in 3 time steps
AutoTuner: Block shape <16,8,16> took 0.172679 (s) in 3 time steps
AutoTuner: Block shape <8,16,16> took 0.172402 (s) in 3 time steps
AutoTuner: Block shape <32,16,16> took 0.169961 (s) in 3 time steps
AutoTuner: Block shape <16,32,16> took 0.173422 (s) in 3 time steps
AutoTuner: Block shape <32,16,32> took 0.163638 (s) in 3 time steps
AutoTuner: Block shape <16,32,32> took 0.162029 (s) in 3 time steps
AutoTuner: Block shape <48,24,24> took 0.213368 (s) in 3 time steps
AutoTuner: Block shape <24,48,24> took 0.214185 (s) in 3 time steps
AutoTuner: Block shape <24,24,48> took 0.180361 (s) in 3 time steps
AutoTuner: Block shape <48,48,24> took 0.241085 (s) in 3 time steps
AutoTuner: Block shape <48,24,48> took 0.201014 (s) in 3 time steps
AutoTuner: Block shape <24,48,48> took 0.201421 (s) in 3 time steps
AutoTuner: Block shape <48,48,48> took 0.203798 (s) in 3 time steps
AutoTuner: Block shape <64,32,32> took 0.223288 (s) in 3 time steps
AutoTuner: Block shape <32,64,32> took 0.222806 (s) in 3 time steps
AutoTuner: Block shape <64,64,32> took 0.224917 (s) in 3 time steps
AutoTuner: Block shape <64,32,64> took 0.193361 (s) in 3 time steps
AutoTuner: Block shape <32,64,64> took 0.193610 (s) in 3 time steps
AutoTuner: Block shape <80,40,40> took 0.216922 (s) in 3 time steps
AutoTuner: Block shape <40,80,40> took 0.214107 (s) in 3 time steps
AutoTuner: Block shape <40,40,80> took 0.186239 (s) in 3 time steps
AutoTuner: Block shape <80,80,40> took 0.218852 (s) in 3 time steps
AutoTuner: Block shape <80,40,80> took 0.189289 (s) in 3 time steps
AutoTuner: Block shape <40,80,80> took 0.191485 (s) in 3 time steps
AutoTuner: Block shape <80,80,80> took 0.197290 (s) in 3 time steps
AutoTuner: Block shape <128,64,64> took 0.197120 (s) in 3 time steps
AutoTuner: Block shape <64,128,64> took 0.206676 (s) in 3 time steps
AutoTuner: Block shape <64,64,128> took 0.207822 (s) in 3 time steps
AutoTuner: Block shape <128,128,64> took 0.206045 (s) in 3 time steps
AutoTuner: Block shape <128,64,128> took 0.207336 (s) in 3 time steps
AutoTuner: Block shape <64,128,128> took 0.227993 (s) in 3 time steps
AutoTuner: Block shape <256,128,128> took 0.220803 (s) in 3 time steps
AutoTuner: Block shape <128,256,128> took 0.271344 (s) in 3 time steps
AutoTuner: Block shape <128,128,256> took 0.216103 (s) in 3 time steps
AutoTuner: Block shape <256,256,128> took 0.226685 (s) in 3 time steps
AutoTuner: Block shape <256,128,256> took 0.191775 (s) in 3 time steps
AutoTuner: Block shape <128,256,256> took 0.216600 (s) in 3 time steps
AutoTuner: Block shape <512,256,256> took 0.270240 (s) in 3 time steps
AutoTuner: Block shape <256,512,256> took 0.284476 (s) in 3 time steps
AutoTuner: Block shape <256,256,512> took 0.273097 (s) in 3 time steps
AutoTuner: Block shape <512,512,256> took 0.663493 (s) in 3 time steps
AutoTuner: Block shape <512,256,512> took 0.610218 (s) in 3 time steps
AutoTuner: Block shape <256,512,512> took 0.628947 (s) in 3 time steps
Auto-tuned block shape: {'x0_block_size': 16, 'y0_block_size': 16, 'z0_block_size': 784}
=========================================================================================
Section section_1<327,1> with OI=0.96 computed in 0.000 s [0.14 GFlops/s]
Section section_2<327,768> with OI=2.09 computed in 0.003 s [6.95 GFlops/s]
Section main<327,784,784,784> with OI=2.20 computed in 42.045 s [134.92 GFlops/s, 3.75 GPts/s]
=========================================================================================
Allocating memory for m ((788, 788, 788))
Allocating memory for damp ((788, 788, 788))
Allocating memory for src ((329, 1))
Allocating memory for src_coords ((1, 3))
Allocating memory for nrec_coords ((768, 3))
Applying Forward
Allocating memory for rec_coords ((768, 3))
DSE: extract_time_invariants [flops: 51, elapsed: 0.00] >>
     eliminate_inter_stencil_redundancies [flops: 51, elapsed: 0.00] >>
     eliminate_intra_stencil_redundancies [flops: 42, elapsed: 0.00] >>
     factorize [flops: 32, elapsed: 0.01] >>
     finalize [flops: 36, elapsed: 0.00]
     [Total elapsed: 0.02 s]
DLE: avoid_denormals [elapsed: 0.00] >>
     loop_fission [elapsed: 0.00] >>
     loop_blocking [elapsed: 0.06] >>
     simdize [elapsed: 0.01] >>
     ompize [elapsed: 0.03] >>
     create_elemental_functions [elapsed: 0.07] >>
     minimize_remainders [elapsed: 0.01]
     [Total elapsed: 0.17 s]
Allocating memory for rec ((329, 768))
Allocating memory for u ((3, 788, 788, 788))
IntelCompiler: compiled /tmp/devito-44avakoq/7de75c714735bf25dbb87102c5bf50b328ecdf49.c [0.85 s]
AutoTuner: Block shape <8,8,8> took 0.196501 (s) in 3 time steps
AutoTuner: Block shape <16,16,16> took 0.168839 (s) in 3 time steps
AutoTuner: Block shape <24,24,24> took 0.159356 (s) in 3 time steps
AutoTuner: Block shape <32,32,32> took 0.204067 (s) in 3 time steps
AutoTuner: Block shape <40,40,40> took 0.209871 (s) in 3 time steps
AutoTuner: Block shape <64,64,64> took 0.194366 (s) in 3 time steps
AutoTuner: Block shape <128,128,128> took 0.225197 (s) in 3 time steps
AutoTuner: Block shape <256,256,256> took 0.235681 (s) in 3 time steps
AutoTuner: Block shape <512,512,512> took 1.687511 (s) in 3 time steps
AutoTuner: Block shape <784,784,784> took 1.124343 (s) in 3 time steps
AutoTuner: Block shape <8,8,16> took 0.175475 (s) in 3 time steps
AutoTuner: Block shape <8,8,24> took 0.153089 (s) in 3 time steps
AutoTuner: Block shape <8,8,32> took 0.151182 (s) in 3 time steps
AutoTuner: Block shape <8,8,40> took 0.152787 (s) in 3 time steps
AutoTuner: Block shape <8,8,64> took 0.149730 (s) in 3 time steps
AutoTuner: Block shape <8,8,128> took 0.145347 (s) in 3 time steps
AutoTuner: Block shape <8,8,256> took 0.156164 (s) in 3 time steps
AutoTuner: Block shape <8,8,512> took 0.162649 (s) in 3 time steps
AutoTuner: Block shape <8,8,784> took 0.131174 (s) in 3 time steps
AutoTuner: Block shape <16,16,8> took 0.203790 (s) in 3 time steps
AutoTuner: Block shape <16,16,24> took 0.149072 (s) in 3 time steps
AutoTuner: Block shape <16,16,32> took 0.150841 (s) in 3 time steps
AutoTuner: Block shape <16,16,40> took 0.152639 (s) in 3 time steps
AutoTuner: Block shape <16,16,64> took 0.161031 (s) in 3 time steps
AutoTuner: Block shape <16,16,128> took 0.191966 (s) in 3 time steps
AutoTuner: Block shape <16,16,256> took 0.175540 (s) in 3 time steps
AutoTuner: Block shape <16,16,512> took 0.158703 (s) in 3 time steps
AutoTuner: Block shape <16,16,784> took 0.128767 (s) in 3 time steps
AutoTuner: Block shape <24,24,8> took 0.207139 (s) in 3 time steps
AutoTuner: Block shape <24,24,16> took 0.170564 (s) in 3 time steps
AutoTuner: Block shape <24,24,32> took 0.166818 (s) in 3 time steps
AutoTuner: Block shape <24,24,40> took 0.175192 (s) in 3 time steps
AutoTuner: Block shape <24,24,64> took 0.183592 (s) in 3 time steps
AutoTuner: Block shape <24,24,128> took 0.198230 (s) in 3 time steps
AutoTuner: Block shape <24,24,256> took 0.175858 (s) in 3 time steps
AutoTuner: Block shape <24,24,512> took 0.164208 (s) in 3 time steps
AutoTuner: Block shape <24,24,784> took 0.133854 (s) in 3 time steps
AutoTuner: Block shape <32,32,8> took 0.228183 (s) in 3 time steps
AutoTuner: Block shape <32,32,16> took 0.188696 (s) in 3 time steps
AutoTuner: Block shape <32,32,24> took 0.202471 (s) in 3 time steps
AutoTuner: Block shape <32,32,40> took 0.202439 (s) in 3 time steps
AutoTuner: Block shape <32,32,64> took 0.192414 (s) in 3 time steps
AutoTuner: Block shape <32,32,128> took 0.196972 (s) in 3 time steps
AutoTuner: Block shape <32,32,256> took 0.180078 (s) in 3 time steps
AutoTuner: Block shape <32,32,512> took 0.167342 (s) in 3 time steps
AutoTuner: Block shape <32,32,784> took 0.136379 (s) in 3 time steps
AutoTuner: Block shape <16,8,8> took 0.203806 (s) in 3 time steps
AutoTuner: Block shape <8,16,8> took 0.203584 (s) in 3 time steps
AutoTuner: Block shape <16,8,16> took 0.172252 (s) in 3 time steps
AutoTuner: Block shape <8,16,16> took 0.172343 (s) in 3 time steps
AutoTuner: Block shape <32,16,16> took 0.170341 (s) in 3 time steps
AutoTuner: Block shape <16,32,16> took 0.169974 (s) in 3 time steps
AutoTuner: Block shape <32,16,32> took 0.162273 (s) in 3 time steps
AutoTuner: Block shape <16,32,32> took 0.161123 (s) in 3 time steps
AutoTuner: Block shape <48,24,24> took 0.213910 (s) in 3 time steps
AutoTuner: Block shape <24,48,24> took 0.214156 (s) in 3 time steps
AutoTuner: Block shape <24,24,48> took 0.180418 (s) in 3 time steps
AutoTuner: Block shape <48,48,24> took 0.240567 (s) in 3 time steps
AutoTuner: Block shape <48,24,48> took 0.201499 (s) in 3 time steps
AutoTuner: Block shape <24,48,48> took 0.201194 (s) in 3 time steps
AutoTuner: Block shape <48,48,48> took 0.203292 (s) in 3 time steps
AutoTuner: Block shape <64,32,32> took 0.222884 (s) in 3 time steps
AutoTuner: Block shape <32,64,32> took 0.222837 (s) in 3 time steps
AutoTuner: Block shape <64,64,32> took 0.225156 (s) in 3 time steps
AutoTuner: Block shape <64,32,64> took 0.193324 (s) in 3 time steps
AutoTuner: Block shape <32,64,64> took 0.194023 (s) in 3 time steps
AutoTuner: Block shape <80,40,40> took 0.214574 (s) in 3 time steps
AutoTuner: Block shape <40,80,40> took 0.214291 (s) in 3 time steps
AutoTuner: Block shape <40,40,80> took 0.185481 (s) in 3 time steps
AutoTuner: Block shape <80,80,40> took 0.218505 (s) in 3 time steps
AutoTuner: Block shape <80,40,80> took 0.188523 (s) in 3 time steps
AutoTuner: Block shape <40,80,80> took 0.191814 (s) in 3 time steps
AutoTuner: Block shape <80,80,80> took 0.198015 (s) in 3 time steps
AutoTuner: Block shape <128,64,64> took 0.197207 (s) in 3 time steps
AutoTuner: Block shape <64,128,64> took 0.206959 (s) in 3 time steps
AutoTuner: Block shape <64,64,128> took 0.207208 (s) in 3 time steps
AutoTuner: Block shape <128,128,64> took 0.206169 (s) in 3 time steps
AutoTuner: Block shape <128,64,128> took 0.206540 (s) in 3 time steps
AutoTuner: Block shape <64,128,128> took 0.228436 (s) in 3 time steps
AutoTuner: Block shape <256,128,128> took 0.222494 (s) in 3 time steps
AutoTuner: Block shape <128,256,128> took 0.270325 (s) in 3 time steps
AutoTuner: Block shape <128,128,256> took 0.217274 (s) in 3 time steps
AutoTuner: Block shape <256,256,128> took 0.229160 (s) in 3 time steps
AutoTuner: Block shape <256,128,256> took 0.192861 (s) in 3 time steps
AutoTuner: Block shape <128,256,256> took 0.217370 (s) in 3 time steps
AutoTuner: Block shape <512,256,256> took 0.272307 (s) in 3 time steps
AutoTuner: Block shape <256,512,256> took 0.275387 (s) in 3 time steps
AutoTuner: Block shape <256,256,512> took 0.273104 (s) in 3 time steps
AutoTuner: Block shape <512,512,256> took 0.731594 (s) in 3 time steps
AutoTuner: Block shape <512,256,512> took 0.613872 (s) in 3 time steps
AutoTuner: Block shape <256,512,512> took 0.631556 (s) in 3 time steps
Auto-tuned block shape: {'x0_block_size': 16, 'y0_block_size': 16, 'z0_block_size': 784}
=========================================================================================
Section section_1<327,1> with OI=0.96 computed in 0.000 s [0.20 GFlops/s]
Section section_2<327,768> with OI=2.09 computed in 0.003 s [7.46 GFlops/s]
Section main<327,784,784,784> with OI=2.20 computed in 42.155 s [134.57 GFlops/s, 3.74 GPts/s]
=========================================================================================
Allocating memory for m ((788, 788, 788))
Allocating memory for damp ((788, 788, 788))
Allocating memory for src ((329, 1))
Allocating memory for src_coords ((1, 3))
Allocating memory for nrec_coords ((768, 3))
Applying Forward
Allocating memory for rec_coords ((768, 3))
DSE: extract_time_invariants [flops: 51, elapsed: 0.00] >>
     eliminate_inter_stencil_redundancies [flops: 51, elapsed: 0.00] >>
     eliminate_intra_stencil_redundancies [flops: 42, elapsed: 0.00] >>
     factorize [flops: 32, elapsed: 0.01] >>
     finalize [flops: 36, elapsed: 0.00]
     [Total elapsed: 0.02 s]
DLE: avoid_denormals [elapsed: 0.00] >>
     loop_fission [elapsed: 0.00] >>
     loop_blocking [elapsed: 0.06] >>
     simdize [elapsed: 0.01] >>
     ompize [elapsed: 0.03] >>
     create_elemental_functions [elapsed: 0.07] >>
     minimize_remainders [elapsed: 0.01]
     [Total elapsed: 0.17 s]
Allocating memory for rec ((329, 768))
Allocating memory for u ((3, 788, 788, 788))
IntelCompiler: compiled /tmp/devito-44avakoq/7de75c714735bf25dbb87102c5bf50b328ecdf49.c [0.84 s]
AutoTuner: Block shape <8,8,8> took 0.196387 (s) in 3 time steps
AutoTuner: Block shape <16,16,16> took 0.169073 (s) in 3 time steps
AutoTuner: Block shape <24,24,24> took 0.159757 (s) in 3 time steps
AutoTuner: Block shape <32,32,32> took 0.204356 (s) in 3 time steps
AutoTuner: Block shape <40,40,40> took 0.210189 (s) in 3 time steps
AutoTuner: Block shape <64,64,64> took 0.194290 (s) in 3 time steps
AutoTuner: Block shape <128,128,128> took 0.225359 (s) in 3 time steps
AutoTuner: Block shape <256,256,256> took 0.235907 (s) in 3 time steps
AutoTuner: Block shape <512,512,512> took 1.687564 (s) in 3 time steps
AutoTuner: Block shape <784,784,784> took 1.124508 (s) in 3 time steps
AutoTuner: Block shape <8,8,16> took 0.175710 (s) in 3 time steps
AutoTuner: Block shape <8,8,24> took 0.153369 (s) in 3 time steps
AutoTuner: Block shape <8,8,32> took 0.151574 (s) in 3 time steps
AutoTuner: Block shape <8,8,40> took 0.152992 (s) in 3 time steps
AutoTuner: Block shape <8,8,64> took 0.150045 (s) in 3 time steps
AutoTuner: Block shape <8,8,128> took 0.145543 (s) in 3 time steps
AutoTuner: Block shape <8,8,256> took 0.156200 (s) in 3 time steps
AutoTuner: Block shape <8,8,512> took 0.162657 (s) in 3 time steps
AutoTuner: Block shape <8,8,784> took 0.131095 (s) in 3 time steps
AutoTuner: Block shape <16,16,8> took 0.204016 (s) in 3 time steps
AutoTuner: Block shape <16,16,24> took 0.149353 (s) in 3 time steps
AutoTuner: Block shape <16,16,32> took 0.151367 (s) in 3 time steps
AutoTuner: Block shape <16,16,40> took 0.152954 (s) in 3 time steps
AutoTuner: Block shape <16,16,64> took 0.161481 (s) in 3 time steps
AutoTuner: Block shape <16,16,128> took 0.192096 (s) in 3 time steps
AutoTuner: Block shape <16,16,256> took 0.175747 (s) in 3 time steps
AutoTuner: Block shape <16,16,512> took 0.158827 (s) in 3 time steps
AutoTuner: Block shape <16,16,784> took 0.129013 (s) in 3 time steps
AutoTuner: Block shape <24,24,8> took 0.207681 (s) in 3 time steps
AutoTuner: Block shape <24,24,16> took 0.171091 (s) in 3 time steps
AutoTuner: Block shape <24,24,32> took 0.167095 (s) in 3 time steps
AutoTuner: Block shape <24,24,40> took 0.175729 (s) in 3 time steps
AutoTuner: Block shape <24,24,64> took 0.183830 (s) in 3 time steps
AutoTuner: Block shape <24,24,128> took 0.197968 (s) in 3 time steps
AutoTuner: Block shape <24,24,256> took 0.175904 (s) in 3 time steps
AutoTuner: Block shape <24,24,512> took 0.163785 (s) in 3 time steps
AutoTuner: Block shape <24,24,784> took 0.133629 (s) in 3 time steps
AutoTuner: Block shape <32,32,8> took 0.228064 (s) in 3 time steps
AutoTuner: Block shape <32,32,16> took 0.188797 (s) in 3 time steps
AutoTuner: Block shape <32,32,24> took 0.202585 (s) in 3 time steps
AutoTuner: Block shape <32,32,40> took 0.202450 (s) in 3 time steps
AutoTuner: Block shape <32,32,64> took 0.192417 (s) in 3 time steps
AutoTuner: Block shape <32,32,128> took 0.197080 (s) in 3 time steps
AutoTuner: Block shape <32,32,256> took 0.180179 (s) in 3 time steps
AutoTuner: Block shape <32,32,512> took 0.167435 (s) in 3 time steps
AutoTuner: Block shape <32,32,784> took 0.136651 (s) in 3 time steps
AutoTuner: Block shape <16,8,8> took 0.204154 (s) in 3 time steps
AutoTuner: Block shape <8,16,8> took 0.203847 (s) in 3 time steps
AutoTuner: Block shape <16,8,16> took 0.172520 (s) in 3 time steps
AutoTuner: Block shape <8,16,16> took 0.172391 (s) in 3 time steps
AutoTuner: Block shape <32,16,16> took 0.170572 (s) in 3 time steps
AutoTuner: Block shape <16,32,16> took 0.170090 (s) in 3 time steps
AutoTuner: Block shape <32,16,32> took 0.162256 (s) in 3 time steps
AutoTuner: Block shape <16,32,32> took 0.161779 (s) in 3 time steps
AutoTuner: Block shape <48,24,24> took 0.213686 (s) in 3 time steps
AutoTuner: Block shape <24,48,24> took 0.214270 (s) in 3 time steps
AutoTuner: Block shape <24,24,48> took 0.180818 (s) in 3 time steps
AutoTuner: Block shape <48,48,24> took 0.240393 (s) in 3 time steps
AutoTuner: Block shape <48,24,48> took 0.201577 (s) in 3 time steps
AutoTuner: Block shape <24,48,48> took 0.201548 (s) in 3 time steps
AutoTuner: Block shape <48,48,48> took 0.203372 (s) in 3 time steps
AutoTuner: Block shape <64,32,32> took 0.222839 (s) in 3 time steps
AutoTuner: Block shape <32,64,32> took 0.222965 (s) in 3 time steps
AutoTuner: Block shape <64,64,32> took 0.225332 (s) in 3 time steps
AutoTuner: Block shape <64,32,64> took 0.193314 (s) in 3 time steps
AutoTuner: Block shape <32,64,64> took 0.193961 (s) in 3 time steps
AutoTuner: Block shape <80,40,40> took 0.214274 (s) in 3 time steps
AutoTuner: Block shape <40,80,40> took 0.214178 (s) in 3 time steps
AutoTuner: Block shape <40,40,80> took 0.185444 (s) in 3 time steps
AutoTuner: Block shape <80,80,40> took 0.218652 (s) in 3 time steps
AutoTuner: Block shape <80,40,80> took 0.188589 (s) in 3 time steps
AutoTuner: Block shape <40,80,80> took 0.191476 (s) in 3 time steps
AutoTuner: Block shape <80,80,80> took 0.198104 (s) in 3 time steps
AutoTuner: Block shape <128,64,64> took 0.197141 (s) in 3 time steps
AutoTuner: Block shape <64,128,64> took 0.206667 (s) in 3 time steps
AutoTuner: Block shape <64,64,128> took 0.207427 (s) in 3 time steps
AutoTuner: Block shape <128,128,64> took 0.206034 (s) in 3 time steps
AutoTuner: Block shape <128,64,128> took 0.206516 (s) in 3 time steps
AutoTuner: Block shape <64,128,128> took 0.228217 (s) in 3 time steps
AutoTuner: Block shape <256,128,128> took 0.222383 (s) in 3 time steps
AutoTuner: Block shape <128,256,128> took 0.272204 (s) in 3 time steps
AutoTuner: Block shape <128,128,256> took 0.217038 (s) in 3 time steps
AutoTuner: Block shape <256,256,128> took 0.236830 (s) in 3 time steps
AutoTuner: Block shape <256,128,256> took 0.192418 (s) in 3 time steps
AutoTuner: Block shape <128,256,256> took 0.215840 (s) in 3 time steps
AutoTuner: Block shape <512,256,256> took 0.255064 (s) in 3 time steps
AutoTuner: Block shape <256,512,256> took 0.307279 (s) in 3 time steps
AutoTuner: Block shape <256,256,512> took 0.273752 (s) in 3 time steps
AutoTuner: Block shape <512,512,256> took 0.683887 (s) in 3 time steps
AutoTuner: Block shape <512,256,512> took 0.613552 (s) in 3 time steps
AutoTuner: Block shape <256,512,512> took 0.631593 (s) in 3 time steps
Auto-tuned block shape: {'x0_block_size': 16, 'y0_block_size': 16, 'z0_block_size': 784}
=========================================================================================
Section section_1<327,1> with OI=0.96 computed in 0.000 s [0.18 GFlops/s]
Section section_2<327,768> with OI=2.09 computed in 0.003 s [7.21 GFlops/s]
Section main<327,784,784,784> with OI=2.20 computed in 42.145 s [134.60 GFlops/s, 3.74 GPts/s]
=========================================================================================


OpesciBench: Running 3 repeats - parameters: arch: unknown, autotune: True, dle: advanced, dse: advanced, nbpml: 10, shape: (768, 768, 768), space_order: 4, spacing: (20.0, 20.0, 20.0), time_order: 2, tn: 1000
OpesciBench [14:24:59]: --- Run 0 ---
OpesciBench [14:26:49]: --- Run 0 finished ---

OpesciBench [14:26:49]: --- Run 1 ---
OpesciBench [14:28:39]: --- Run 1 finished ---

OpesciBench [14:28:39]: --- Run 2 ---
OpesciBench [14:30:29]: --- Run 2 finished ---



Tue Dec 19 14:30:29 PST 2017
top - 14:30:29 up 20 days,  5:19,  3 users,  load average: 38.64, 28.38, 17.15
Tasks: 1952 total,   1 running, 1951 sleeping,   0 stopped,   0 zombie
%Cpu(s):  4.9 us,  0.1 sy,  0.0 ni, 95.1 id,  0.0 wa,  0.0 hi,  0.0 si,  0.0 st
KiB Mem : 19652648+total, 18914179+free,  4716296 used,  2668396 buff/cache
KiB Swap: 50331644 total, 47096004 free,  3235640 used. 19105169+avail Mem 

   PID USER      PR  NI    VIRT    RES    SHR S  %CPU %MEM     TIME+ COMMAND
225520 cyount    20   0  152228   3932   1476 R   6.2  0.0   0:00.02 top
     1 root      20   0  197856   6200   1468 S   0.0  0.0   1:05.19 systemd
     2 root      20   0       0      0      0 S   0.0  0.0   0:00.28 kthreadd
     3 root      20   0       0      0      0 S   0.0  0.0   0:00.07 ksoftirqd/0
     5 root       0 -20       0      0      0 S   0.0  0.0   0:00.00 kworker/0:0H
     8 root      rt   0       0      0      0 S   0.0  0.0   0:01.43 migration/0
     9 root      20   0       0      0      0 S   0.0  0.0   0:00.00 rcu_bh
    10 root      20   0       0      0      0 S   0.0  0.0   0:00.00 rcuob/0
    11 root      20   0       0      0      0 S   0.0  0.0   0:00.00 rcuob/1
    12 root      20   0       0      0      0 S   0.0  0.0   0:00.00 rcuob/2
    13 root      20   0       0      0      0 S   0.0  0.0   0:00.00 rcuob/3
    14 root      20   0       0      0      0 S   0.0  0.0   0:00.00 rcuob/4
    15 root      20   0       0      0      0 S   0.0  0.0   0:00.00 rcuob/5
    16 root      20   0       0      0      0 S   0.0  0.0   0:00.00 rcuob/6
    17 root      20   0       0      0      0 S   0.0  0.0   0:00.00 rcuob/7
    18 root      20   0       0      0      0 S   0.0  0.0   0:00.00 rcuob/8
    19 root      20   0       0      0      0 S   0.0  0.0   0:00.00 rcuob/9
    20 root      20   0       0      0      0 S   0.0  0.0   0:00.00 rcuob/10
    21 root      20   0       0      0      0 S   0.0  0.0   0:00.00 rcuob/11
    22 root      20   0       0      0      0 S   0.0  0.0   0:00.00 rcuob/12
    23 root      20   0       0      0      0 S   0.0  0.0   0:00.00 rcuob/13
    24 root      20   0       0      0      0 S   0.0  0.0   0:00.00 rcuob/14
    25 root      20   0       0      0      0 S   0.0  0.0   0:00.00 rcuob/15
