Fri Dec 22 01:40:40 PST 2017
Linux ortce-skl1 3.10.0-514.el7.x86_64 #1 SMP Wed Oct 19 11:24:13 EDT 2016 x86_64 x86_64 x86_64 GNU/Linux
Architecture:          x86_64
CPU op-mode(s):        32-bit, 64-bit
Byte Order:            Little Endian
CPU(s):                80
On-line CPU(s) list:   0-79
Thread(s) per core:    2
Core(s) per socket:    20
Socket(s):             2
NUMA node(s):          2
Vendor ID:             GenuineIntel
CPU family:            6
Model:                 85
Model name:            Intel(R) Xeon(R) Gold 6148 CPU @ 2.40GHz
Stepping:              4
CPU MHz:               3100.218
BogoMIPS:              4805.49
Virtualization:        VT-x
L1d cache:             32K
L1i cache:             32K
L2 cache:              1024K
L3 cache:              28160K
NUMA node0 CPU(s):     0-19,40-59
NUMA node1 CPU(s):     20-39,60-79
Linux ortce-skl1 3.10.0-514.el7.x86_64 #1 SMP Wed Oct 19 11:24:13 EDT 2016 x86_64 x86_64 x86_64 GNU/Linux
available: 2 nodes (0-1)
node 0 cpus: 0 1 2 3 4 5 6 7 8 9 10 11 12 13 14 15 16 17 18 19 40 41 42 43 44 45 46 47 48 49 50 51 52 53 54 55 56 57 58 59
node 0 size: 96973 MB
node 0 free: 88688 MB
node 1 cpus: 20 21 22 23 24 25 26 27 28 29 30 31 32 33 34 35 36 37 38 39 60 61 62 63 64 65 66 67 68 69 70 71 72 73 74 75 76 77 78 79
node 1 size: 98304 MB
node 1 free: 92063 MB
node distances:
node   0   1 
  0:  10  21 
  1:  21  10 

Per-node system memory usage (in MBs):
                          Node 0          Node 1           Total
                 --------------- --------------- ---------------
MemTotal                96973.63        98304.00       195277.63
MemFree                 88688.65        92063.58       180752.23
MemUsed                  8284.98         6240.42        14525.40
Active                   1785.09         1092.65         2877.74
Inactive                 3397.40         2430.73         5828.13
Active(anon)                9.97            8.68           18.66
Inactive(anon)             39.42            4.11           43.52
Active(file)             1775.12         1083.97         2859.09
Inactive(file)           3357.98         2426.62         5784.61
Unevictable                 0.00            0.00            0.00
Mlocked                     0.00            0.00            0.00
Dirty                       0.00            0.00            0.00
Writeback                   0.00            0.00            0.00
FilePages                5171.31         3514.22         8685.54
Mapped                     29.39            4.00           33.39
AnonPages                  14.09          322.36          336.45
Shmem                      23.79            0.07           23.87
KernelStack                10.08            9.48           19.56
PageTables                  3.55            3.75            7.29
NFS_Unstable                0.00            0.00            0.00
Bounce                      0.00            0.00            0.00
WritebackTmp                0.00            0.00            0.00
Slab                      339.90          333.54          673.45
SReclaimable              216.51          188.28          404.79
SUnreclaim                123.39          145.26          268.66
AnonHugePages               0.00          312.00          312.00
HugePages_Total             0.00            0.00            0.00
HugePages_Free              0.00            0.00            0.00
HugePages_Surp              0.00            0.00            0.00
top - 01:40:40 up 6 days, 11:03,  1 user,  load average: 40.02, 38.20, 35.89
Tasks: 715 total,   1 running, 714 sleeping,   0 stopped,   0 zombie
%Cpu(s): 12.0 us,  0.2 sy,  0.0 ni, 87.8 id,  0.0 wa,  0.0 hi,  0.0 si,  0.0 st
KiB Mem : 19652252+total, 18508916+free,  1868164 used,  9565192 buff/cache
KiB Swap:  4194300 total,  4124520 free,    69780 used. 19360384+avail Mem 

   PID USER      PR  NI    VIRT    RES    SHR S  %CPU %MEM     TIME+ COMMAND
457245 cyount    20   0  162572   2968   1888 R   6.7  0.0   0:00.03 top
     1 root      20   0  197536   2864   1516 S   0.0  0.0   0:30.75 systemd
     2 root      20   0       0      0      0 S   0.0  0.0   0:00.06 kthreadd
     3 root      20   0       0      0      0 S   0.0  0.0   0:00.32 ksoftirqd/0
     5 root       0 -20       0      0      0 S   0.0  0.0   0:00.00 kworker/0:0H
     6 root      20   0       0      0      0 S   0.0  0.0   0:14.39 kworker/u896:0
     8 root      rt   0       0      0      0 S   0.0  0.0   0:00.78 migration/0
     9 root      20   0       0      0      0 S   0.0  0.0   0:00.00 rcu_bh
    10 root      20   0       0      0      0 S   0.0  0.0   0:52.93 rcu_sched
    11 root      rt   0       0      0      0 S   0.0  0.0   0:02.20 watchdog/0
    12 root      rt   0       0      0      0 S   0.0  0.0   0:01.57 watchdog/1
    13 root      rt   0       0      0      0 S   0.0  0.0   0:00.83 migration/1
    14 root      20   0       0      0      0 S   0.0  0.0   0:00.02 ksoftirqd/1
    16 root       0 -20       0      0      0 S   0.0  0.0   0:00.00 kworker/1:0H
    17 root      rt   0       0      0      0 S   0.0  0.0   0:01.53 watchdog/2
    18 root      rt   0       0      0      0 S   0.0  0.0   0:00.78 migration/2
    19 root      20   0       0      0      0 S   0.0  0.0   0:00.02 ksoftirqd/2
    22 root      rt   0       0      0      0 S   0.0  0.0   0:01.59 watchdog/3
    23 root      rt   0       0      0      0 S   0.0  0.0   0:00.84 migration/3
    24 root      20   0       0      0      0 S   0.0  0.0   0:00.01 ksoftirqd/3
    27 root      rt   0       0      0      0 S   0.0  0.0   0:01.52 watchdog/4
    28 root      rt   0       0      0      0 S   0.0  0.0   0:00.81 migration/4
    29 root      20   0       0      0      0 S   0.0  0.0   0:00.01 ksoftirqd/4
env DEVITO_PLATFORM=skx DEVITO_ISA=avx512 DEVITO_DEBUG_COMPILER=1 DEVITO_DLE_OPTIONS=blockinner:True DEVITO_AUTOTUNING=aggressive DEVITO_BACKEND=core DEVITO_OPENMP=1 DEVITO_ARCH=intel DEVITO_LOGGING=DEBUG DEVITO_YASK_AUTOTUNING=preemptive DEVITO_YASK_DUMP=devito.bench.2017-12-22/tti/core/bmdse/ortce-skl1/grid768/so12 numactl --cpubind=1 python examples/seismic/benchmark.py bench -bm dse -P tti -so 12 -to 2 -d 768 768 768 --tn 1000 -x 3 -r devito.bench.2017-12-22/tti/core/bmdse/ortce-skl1/grid768/so12
Allocating memory for m ((788, 788, 788))
Allocating memory for damp ((788, 788, 788))
Allocating memory for epsilon ((788, 788, 788))
Allocating memory for delta ((788, 788, 788))
Allocating memory for theta ((788, 788, 788))
Allocating memory for phi ((788, 788, 788))
Allocating memory for src ((417, 1))
Allocating memory for src_coords ((1, 3))
Allocating memory for nrec_coords ((101, 3))
Allocating memory for rec_coords ((101, 3))
DSE: eliminate_intra_stencil_redundancies [flops: 1701, elapsed: 1.01] >>
     finalize [flops: 1703, elapsed: 0.04]
     [Total elapsed: 1.05 s]
DLE: avoid_denormals [elapsed: 0.00] >>
     loop_fission [elapsed: 0.02] >>
     loop_blocking [elapsed: 0.26] >>
     simdize [elapsed: 0.35] >>
     ompize [elapsed: 0.07] >>
     create_elemental_functions [elapsed: 0.37] >>
     minimize_remainders [elapsed: 0.03]
     [Total elapsed: 1.09 s]
Allocating memory for rec ((417, 101))
Allocating memory for u ((3, 788, 788, 788))
Allocating memory for v ((3, 788, 788, 788))
IntelCompiler: compiled /tmp/devito-yge3vynx/f6f81a1daf2df47448abcb13b4ab73d593ff4238.c [81.42 s]
AutoTuner: Block shape <8,8,8> took 3.902297 (s) in 3 time steps
AutoTuner: Block shape <16,16,16> took 3.601166 (s) in 3 time steps
AutoTuner: Block shape <24,24,24> took 3.608326 (s) in 3 time steps
AutoTuner: Block shape <32,32,32> took 3.569908 (s) in 3 time steps
AutoTuner: Block shape <40,40,40> took 3.612215 (s) in 3 time steps
AutoTuner: Block shape <64,64,64> took 3.968530 (s) in 3 time steps
AutoTuner: Block shape <128,128,128> took 4.838336 (s) in 3 time steps
AutoTuner: Block shape <256,256,256> took 6.217131 (s) in 3 time steps
AutoTuner: Block shape <512,512,512> took 80.074314 (s) in 3 time steps
AutoTuner: Block shape <776,776,776> took 91.496312 (s) in 3 time steps
AutoTuner: Block shape <8,8,16> took 3.737275 (s) in 3 time steps
AutoTuner: Block shape <8,8,24> took 3.680910 (s) in 3 time steps
AutoTuner: Block shape <8,8,32> took 3.643341 (s) in 3 time steps
AutoTuner: Block shape <8,8,40> took 3.599466 (s) in 3 time steps
AutoTuner: Block shape <8,8,64> took 3.528452 (s) in 3 time steps
AutoTuner: Block shape <8,8,128> took 3.623745 (s) in 3 time steps
AutoTuner: Block shape <8,8,256> took 3.822581 (s) in 3 time steps
AutoTuner: Block shape <8,8,512> took 3.991458 (s) in 3 time steps
AutoTuner: Block shape <8,8,776> took 4.736890 (s) in 3 time steps
AutoTuner: Block shape <16,16,8> took 3.738221 (s) in 3 time steps
AutoTuner: Block shape <16,16,24> took 3.582353 (s) in 3 time steps
AutoTuner: Block shape <16,16,32> took 3.564982 (s) in 3 time steps
AutoTuner: Block shape <16,16,40> took 3.526344 (s) in 3 time steps
AutoTuner: Block shape <16,16,64> took 3.500738 (s) in 3 time steps
AutoTuner: Block shape <16,16,128> took 3.614126 (s) in 3 time steps
AutoTuner: Block shape <16,16,256> took 3.861481 (s) in 3 time steps
AutoTuner: Block shape <16,16,512> took 4.425300 (s) in 3 time steps
AutoTuner: Block shape <16,16,776> took 5.105249 (s) in 3 time steps
AutoTuner: Block shape <24,24,8> took 3.900824 (s) in 3 time steps
AutoTuner: Block shape <24,24,16> took 3.712221 (s) in 3 time steps
AutoTuner: Block shape <24,24,32> took 3.568396 (s) in 3 time steps
AutoTuner: Block shape <24,24,40> took 3.522543 (s) in 3 time steps
AutoTuner: Block shape <24,24,64> took 3.518374 (s) in 3 time steps
AutoTuner: Block shape <24,24,128> took 3.675627 (s) in 3 time steps
AutoTuner: Block shape <24,24,256> took 4.212289 (s) in 3 time steps
AutoTuner: Block shape <24,24,512> took 4.661256 (s) in 3 time steps
AutoTuner: Block shape <24,24,776> took 5.168900 (s) in 3 time steps
AutoTuner: Block shape <32,32,8> took 4.080733 (s) in 3 time steps
AutoTuner: Block shape <32,32,16> took 3.761203 (s) in 3 time steps
AutoTuner: Block shape <32,32,24> took 3.643289 (s) in 3 time steps
AutoTuner: Block shape <32,32,40> took 3.568123 (s) in 3 time steps
AutoTuner: Block shape <32,32,64> took 3.623001 (s) in 3 time steps
AutoTuner: Block shape <32,32,128> took 3.800940 (s) in 3 time steps
AutoTuner: Block shape <32,32,256> took 4.447244 (s) in 3 time steps
AutoTuner: Block shape <32,32,512> took 4.904119 (s) in 3 time steps
AutoTuner: Block shape <32,32,776> took 5.307808 (s) in 3 time steps
AutoTuner: Block shape <16,8,8> took 3.822156 (s) in 3 time steps
AutoTuner: Block shape <8,16,8> took 3.795710 (s) in 3 time steps
AutoTuner: Block shape <16,8,16> took 3.679537 (s) in 3 time steps
AutoTuner: Block shape <8,16,16> took 3.664214 (s) in 3 time steps
AutoTuner: Block shape <32,16,16> took 3.724749 (s) in 3 time steps
AutoTuner: Block shape <16,32,16> took 3.712032 (s) in 3 time steps
AutoTuner: Block shape <32,16,32> took 3.583176 (s) in 3 time steps
AutoTuner: Block shape <16,32,32> took 3.606933 (s) in 3 time steps
AutoTuner: Block shape <48,24,24> took 3.626270 (s) in 3 time steps
AutoTuner: Block shape <24,48,24> took 3.712590 (s) in 3 time steps
AutoTuner: Block shape <24,24,48> took 3.504362 (s) in 3 time steps
AutoTuner: Block shape <48,48,24> took 3.722085 (s) in 3 time steps
AutoTuner: Block shape <48,24,48> took 3.493896 (s) in 3 time steps
AutoTuner: Block shape <24,48,48> took 3.744465 (s) in 3 time steps
AutoTuner: Block shape <48,48,48> took 3.713608 (s) in 3 time steps
AutoTuner: Block shape <64,32,32> took 3.590029 (s) in 3 time steps
AutoTuner: Block shape <32,64,32> took 3.831639 (s) in 3 time steps
AutoTuner: Block shape <64,64,32> took 3.807004 (s) in 3 time steps
AutoTuner: Block shape <64,32,64> took 3.591711 (s) in 3 time steps
AutoTuner: Block shape <32,64,64> took 3.957948 (s) in 3 time steps
AutoTuner: Block shape <80,40,40> took 3.661345 (s) in 3 time steps
AutoTuner: Block shape <40,80,40> took 3.963932 (s) in 3 time steps
AutoTuner: Block shape <40,40,80> took 3.751017 (s) in 3 time steps
AutoTuner: Block shape <80,80,40> took 4.032386 (s) in 3 time steps
AutoTuner: Block shape <80,40,80> took 3.812440 (s) in 3 time steps
AutoTuner: Block shape <40,80,80> took 4.503348 (s) in 3 time steps
AutoTuner: Block shape <80,80,80> took 4.850444 (s) in 3 time steps
AutoTuner: Block shape <128,64,64> took 3.936374 (s) in 3 time steps
AutoTuner: Block shape <64,128,64> took 4.629881 (s) in 3 time steps
AutoTuner: Block shape <64,64,128> took 4.447577 (s) in 3 time steps
AutoTuner: Block shape <128,128,64> took 4.657531 (s) in 3 time steps
AutoTuner: Block shape <128,64,128> took 4.471651 (s) in 3 time steps
AutoTuner: Block shape <64,128,128> took 4.682205 (s) in 3 time steps
AutoTuner: Block shape <256,128,128> took 5.039147 (s) in 3 time steps
AutoTuner: Block shape <128,256,128> took 5.207744 (s) in 3 time steps
AutoTuner: Block shape <128,128,256> took 5.108517 (s) in 3 time steps
AutoTuner: Block shape <256,256,128> took 5.733148 (s) in 3 time steps
AutoTuner: Block shape <256,128,256> took 5.573561 (s) in 3 time steps
AutoTuner: Block shape <128,256,256> took 5.700655 (s) in 3 time steps
AutoTuner: Block shape <512,256,256> took 11.703550 (s) in 3 time steps
AutoTuner: Block shape <256,512,256> took 12.072969 (s) in 3 time steps
AutoTuner: Block shape <256,256,512> took 11.864610 (s) in 3 time steps
AutoTuner: Block shape <512,512,256> took 31.513692 (s) in 3 time steps
AutoTuner: Block shape <512,256,512> took 31.372016 (s) in 3 time steps
AutoTuner: Block shape <256,512,512> took 32.681738 (s) in 3 time steps
Auto-tuned block shape: {'x0_block_size': 48, 'y0_block_size': 24, 'z0_block_size': 48}
=========================================================================================
Section section_1<415,1> with OI=0.64 computed in 0.000 s [0.12 GFlops/s]
Section section_2<415,101> with OI=1.27 computed in 0.004 s [0.99 GFlops/s]
Section main<415,776,776,776> with OI=40.46 computed in 1451.486 s [227.53 GFlops/s, 0.13 GPts/s]
=========================================================================================
Allocating memory for m ((788, 788, 788))
Allocating memory for damp ((788, 788, 788))
Allocating memory for epsilon ((788, 788, 788))
Allocating memory for delta ((788, 788, 788))
Allocating memory for theta ((788, 788, 788))
Allocating memory for phi ((788, 788, 788))
Allocating memory for src ((417, 1))
Allocating memory for src_coords ((1, 3))
Allocating memory for nrec_coords ((101, 3))
Allocating memory for rec_coords ((101, 3))
DSE: eliminate_intra_stencil_redundancies [flops: 1701, elapsed: 1.01] >>
     finalize [flops: 1703, elapsed: 0.04]
     [Total elapsed: 1.05 s]
DLE: avoid_denormals [elapsed: 0.00] >>
     loop_fission [elapsed: 0.02] >>
     loop_blocking [elapsed: 0.23] >>
     simdize [elapsed: 0.18] >>
     ompize [elapsed: 0.07] >>
     create_elemental_functions [elapsed: 0.37] >>
     minimize_remainders [elapsed: 0.03]
     [Total elapsed: 0.89 s]
Allocating memory for rec ((417, 101))
Allocating memory for u ((3, 788, 788, 788))
Allocating memory for v ((3, 788, 788, 788))
IntelCompiler: compiled /tmp/devito-yge3vynx/f6f81a1daf2df47448abcb13b4ab73d593ff4238.c [82.21 s]
AutoTuner: Block shape <8,8,8> took 3.912923 (s) in 3 time steps
AutoTuner: Block shape <16,16,16> took 3.616742 (s) in 3 time steps
AutoTuner: Block shape <24,24,24> took 3.626561 (s) in 3 time steps
AutoTuner: Block shape <32,32,32> took 3.596438 (s) in 3 time steps
AutoTuner: Block shape <40,40,40> took 3.642316 (s) in 3 time steps
AutoTuner: Block shape <64,64,64> took 3.932656 (s) in 3 time steps
AutoTuner: Block shape <128,128,128> took 4.802316 (s) in 3 time steps
AutoTuner: Block shape <256,256,256> took 6.304125 (s) in 3 time steps
AutoTuner: Block shape <512,512,512> took 80.484226 (s) in 3 time steps
AutoTuner: Block shape <776,776,776> took 92.209186 (s) in 3 time steps
AutoTuner: Block shape <8,8,16> took 3.740793 (s) in 3 time steps
AutoTuner: Block shape <8,8,24> took 3.682875 (s) in 3 time steps
AutoTuner: Block shape <8,8,32> took 3.644174 (s) in 3 time steps
AutoTuner: Block shape <8,8,40> took 3.603030 (s) in 3 time steps
AutoTuner: Block shape <8,8,64> took 3.534848 (s) in 3 time steps
AutoTuner: Block shape <8,8,128> took 3.650499 (s) in 3 time steps
AutoTuner: Block shape <8,8,256> took 3.828932 (s) in 3 time steps
AutoTuner: Block shape <8,8,512> took 3.993187 (s) in 3 time steps
AutoTuner: Block shape <8,8,776> took 4.726851 (s) in 3 time steps
AutoTuner: Block shape <16,16,8> took 3.744657 (s) in 3 time steps
AutoTuner: Block shape <16,16,24> took 3.577711 (s) in 3 time steps
AutoTuner: Block shape <16,16,32> took 3.562656 (s) in 3 time steps
AutoTuner: Block shape <16,16,40> took 3.529748 (s) in 3 time steps
AutoTuner: Block shape <16,16,64> took 3.514484 (s) in 3 time steps
AutoTuner: Block shape <16,16,128> took 3.618816 (s) in 3 time steps
AutoTuner: Block shape <16,16,256> took 3.867683 (s) in 3 time steps
AutoTuner: Block shape <16,16,512> took 4.432928 (s) in 3 time steps
AutoTuner: Block shape <16,16,776> took 5.100548 (s) in 3 time steps
AutoTuner: Block shape <24,24,8> took 3.888277 (s) in 3 time steps
AutoTuner: Block shape <24,24,16> took 3.710876 (s) in 3 time steps
AutoTuner: Block shape <24,24,32> took 3.577152 (s) in 3 time steps
AutoTuner: Block shape <24,24,40> took 3.536393 (s) in 3 time steps
AutoTuner: Block shape <24,24,64> took 3.536657 (s) in 3 time steps
AutoTuner: Block shape <24,24,128> took 3.671250 (s) in 3 time steps
AutoTuner: Block shape <24,24,256> took 4.211062 (s) in 3 time steps
AutoTuner: Block shape <24,24,512> took 4.680742 (s) in 3 time steps
AutoTuner: Block shape <24,24,776> took 5.182543 (s) in 3 time steps
AutoTuner: Block shape <32,32,8> took 4.083005 (s) in 3 time steps
AutoTuner: Block shape <32,32,16> took 3.768034 (s) in 3 time steps
AutoTuner: Block shape <32,32,24> took 3.658238 (s) in 3 time steps
AutoTuner: Block shape <32,32,40> took 3.587150 (s) in 3 time steps
AutoTuner: Block shape <32,32,64> took 3.626333 (s) in 3 time steps
AutoTuner: Block shape <32,32,128> took 3.824977 (s) in 3 time steps
AutoTuner: Block shape <32,32,256> took 4.449231 (s) in 3 time steps
AutoTuner: Block shape <32,32,512> took 4.921174 (s) in 3 time steps
AutoTuner: Block shape <32,32,776> took 5.270268 (s) in 3 time steps
AutoTuner: Block shape <16,8,8> took 3.828335 (s) in 3 time steps
AutoTuner: Block shape <8,16,8> took 3.806413 (s) in 3 time steps
AutoTuner: Block shape <16,8,16> took 3.684335 (s) in 3 time steps
AutoTuner: Block shape <8,16,16> took 3.671047 (s) in 3 time steps
AutoTuner: Block shape <32,16,16> took 3.719713 (s) in 3 time steps
AutoTuner: Block shape <16,32,16> took 3.710732 (s) in 3 time steps
AutoTuner: Block shape <32,16,32> took 3.583742 (s) in 3 time steps
AutoTuner: Block shape <16,32,32> took 3.620762 (s) in 3 time steps
AutoTuner: Block shape <48,24,24> took 3.628050 (s) in 3 time steps
AutoTuner: Block shape <24,48,24> took 3.734620 (s) in 3 time steps
AutoTuner: Block shape <24,24,48> took 3.519853 (s) in 3 time steps
AutoTuner: Block shape <48,48,24> took 3.741219 (s) in 3 time steps
AutoTuner: Block shape <48,24,48> took 3.510194 (s) in 3 time steps
AutoTuner: Block shape <24,48,48> took 3.741725 (s) in 3 time steps
AutoTuner: Block shape <48,48,48> took 3.699008 (s) in 3 time steps
AutoTuner: Block shape <64,32,32> took 3.609485 (s) in 3 time steps
AutoTuner: Block shape <32,64,32> took 3.825861 (s) in 3 time steps
AutoTuner: Block shape <64,64,32> took 3.792083 (s) in 3 time steps
AutoTuner: Block shape <64,32,64> took 3.594054 (s) in 3 time steps
AutoTuner: Block shape <32,64,64> took 3.944672 (s) in 3 time steps
AutoTuner: Block shape <80,40,40> took 3.677507 (s) in 3 time steps
AutoTuner: Block shape <40,80,40> took 3.953131 (s) in 3 time steps
AutoTuner: Block shape <40,40,80> took 3.740933 (s) in 3 time steps
AutoTuner: Block shape <80,80,40> took 4.042779 (s) in 3 time steps
AutoTuner: Block shape <80,40,80> took 3.822619 (s) in 3 time steps
AutoTuner: Block shape <40,80,80> took 4.501789 (s) in 3 time steps
AutoTuner: Block shape <80,80,80> took 4.842536 (s) in 3 time steps
AutoTuner: Block shape <128,64,64> took 3.953344 (s) in 3 time steps
AutoTuner: Block shape <64,128,64> took 4.646578 (s) in 3 time steps
AutoTuner: Block shape <64,64,128> took 4.465906 (s) in 3 time steps
AutoTuner: Block shape <128,128,64> took 4.646976 (s) in 3 time steps
AutoTuner: Block shape <128,64,128> took 4.466526 (s) in 3 time steps
AutoTuner: Block shape <64,128,128> took 4.678001 (s) in 3 time steps
AutoTuner: Block shape <256,128,128> took 5.063522 (s) in 3 time steps
AutoTuner: Block shape <128,256,128> took 5.217825 (s) in 3 time steps
AutoTuner: Block shape <128,128,256> took 5.136589 (s) in 3 time steps
AutoTuner: Block shape <256,256,128> took 5.692398 (s) in 3 time steps
AutoTuner: Block shape <256,128,256> took 5.525365 (s) in 3 time steps
AutoTuner: Block shape <128,256,256> took 5.656206 (s) in 3 time steps
AutoTuner: Block shape <512,256,256> took 11.724314 (s) in 3 time steps
AutoTuner: Block shape <256,512,256> took 12.049698 (s) in 3 time steps
AutoTuner: Block shape <256,256,512> took 11.852699 (s) in 3 time steps
AutoTuner: Block shape <512,512,256> took 31.491413 (s) in 3 time steps
AutoTuner: Block shape <512,256,512> took 31.175993 (s) in 3 time steps
AutoTuner: Block shape <256,512,512> took 32.391779 (s) in 3 time steps
Auto-tuned block shape: {'x0_block_size': 48, 'y0_block_size': 24, 'z0_block_size': 48}
=========================================================================================
Section section_1<415,1> with OI=0.64 computed in 0.000 s [0.12 GFlops/s]
Section section_2<415,101> with OI=1.27 computed in 0.004 s [0.97 GFlops/s]
Section main<415,776,776,776> with OI=40.46 computed in 1446.941 s [228.24 GFlops/s, 0.13 GPts/s]
=========================================================================================
Allocating memory for m ((788, 788, 788))
Allocating memory for damp ((788, 788, 788))
Allocating memory for epsilon ((788, 788, 788))
Allocating memory for delta ((788, 788, 788))
Allocating memory for theta ((788, 788, 788))
Allocating memory for phi ((788, 788, 788))
Allocating memory for src ((417, 1))
Allocating memory for src_coords ((1, 3))
Allocating memory for nrec_coords ((101, 3))
Allocating memory for rec_coords ((101, 3))
DSE: eliminate_intra_stencil_redundancies [flops: 1701, elapsed: 1.01] >>
     finalize [flops: 1703, elapsed: 0.04]
     [Total elapsed: 1.05 s]
DLE: avoid_denormals [elapsed: 0.00] >>
     loop_fission [elapsed: 0.02] >>
     loop_blocking [elapsed: 0.22] >>
     simdize [elapsed: 0.18] >>
     ompize [elapsed: 0.07] >>
     create_elemental_functions [elapsed: 0.36] >>
     minimize_remainders [elapsed: 0.03]
     [Total elapsed: 0.89 s]
Allocating memory for rec ((417, 101))
Allocating memory for u ((3, 788, 788, 788))
Allocating memory for v ((3, 788, 788, 788))
IntelCompiler: compiled /tmp/devito-yge3vynx/f6f81a1daf2df47448abcb13b4ab73d593ff4238.c [80.82 s]
AutoTuner: Block shape <8,8,8> took 3.899125 (s) in 3 time steps
AutoTuner: Block shape <16,16,16> took 3.598160 (s) in 3 time steps
AutoTuner: Block shape <24,24,24> took 3.609200 (s) in 3 time steps
AutoTuner: Block shape <32,32,32> took 3.576932 (s) in 3 time steps
AutoTuner: Block shape <40,40,40> took 3.618057 (s) in 3 time steps
AutoTuner: Block shape <64,64,64> took 3.936491 (s) in 3 time steps
AutoTuner: Block shape <128,128,128> took 4.758128 (s) in 3 time steps
AutoTuner: Block shape <256,256,256> took 6.201974 (s) in 3 time steps
AutoTuner: Block shape <512,512,512> took 79.922301 (s) in 3 time steps
AutoTuner: Block shape <776,776,776> took 91.235679 (s) in 3 time steps
AutoTuner: Block shape <8,8,16> took 3.736028 (s) in 3 time steps
AutoTuner: Block shape <8,8,24> took 3.674805 (s) in 3 time steps
AutoTuner: Block shape <8,8,32> took 3.630976 (s) in 3 time steps
AutoTuner: Block shape <8,8,40> took 3.589676 (s) in 3 time steps
AutoTuner: Block shape <8,8,64> took 3.518929 (s) in 3 time steps
AutoTuner: Block shape <8,8,128> took 3.635158 (s) in 3 time steps
AutoTuner: Block shape <8,8,256> took 3.807666 (s) in 3 time steps
AutoTuner: Block shape <8,8,512> took 3.975878 (s) in 3 time steps
AutoTuner: Block shape <8,8,776> took 4.721500 (s) in 3 time steps
AutoTuner: Block shape <16,16,8> took 3.734638 (s) in 3 time steps
AutoTuner: Block shape <16,16,24> took 3.566957 (s) in 3 time steps
AutoTuner: Block shape <16,16,32> took 3.550529 (s) in 3 time steps
AutoTuner: Block shape <16,16,40> took 3.517295 (s) in 3 time steps
AutoTuner: Block shape <16,16,64> took 3.500300 (s) in 3 time steps
AutoTuner: Block shape <16,16,128> took 3.617186 (s) in 3 time steps
AutoTuner: Block shape <16,16,256> took 3.843118 (s) in 3 time steps
AutoTuner: Block shape <16,16,512> took 4.429118 (s) in 3 time steps
AutoTuner: Block shape <16,16,776> took 5.118229 (s) in 3 time steps
AutoTuner: Block shape <24,24,8> took 3.874030 (s) in 3 time steps
AutoTuner: Block shape <24,24,16> took 3.699833 (s) in 3 time steps
AutoTuner: Block shape <24,24,32> took 3.559709 (s) in 3 time steps
AutoTuner: Block shape <24,24,40> took 3.519094 (s) in 3 time steps
AutoTuner: Block shape <24,24,64> took 3.519347 (s) in 3 time steps
AutoTuner: Block shape <24,24,128> took 3.675427 (s) in 3 time steps
AutoTuner: Block shape <24,24,256> took 4.202190 (s) in 3 time steps
AutoTuner: Block shape <24,24,512> took 4.665925 (s) in 3 time steps
AutoTuner: Block shape <24,24,776> took 5.172354 (s) in 3 time steps
AutoTuner: Block shape <32,32,8> took 4.064696 (s) in 3 time steps
AutoTuner: Block shape <32,32,16> took 3.755855 (s) in 3 time steps
AutoTuner: Block shape <32,32,24> took 3.644936 (s) in 3 time steps
AutoTuner: Block shape <32,32,40> took 3.579743 (s) in 3 time steps
AutoTuner: Block shape <32,32,64> took 3.617429 (s) in 3 time steps
AutoTuner: Block shape <32,32,128> took 3.816039 (s) in 3 time steps
AutoTuner: Block shape <32,32,256> took 4.429459 (s) in 3 time steps
AutoTuner: Block shape <32,32,512> took 4.907050 (s) in 3 time steps
AutoTuner: Block shape <32,32,776> took 5.298462 (s) in 3 time steps
AutoTuner: Block shape <16,8,8> took 3.818772 (s) in 3 time steps
AutoTuner: Block shape <8,16,8> took 3.798098 (s) in 3 time steps
AutoTuner: Block shape <16,8,16> took 3.672579 (s) in 3 time steps
AutoTuner: Block shape <8,16,16> took 3.661593 (s) in 3 time steps
AutoTuner: Block shape <32,16,16> took 3.710655 (s) in 3 time steps
AutoTuner: Block shape <16,32,16> took 3.700336 (s) in 3 time steps
AutoTuner: Block shape <32,16,32> took 3.568472 (s) in 3 time steps
AutoTuner: Block shape <16,32,32> took 3.604842 (s) in 3 time steps
AutoTuner: Block shape <48,24,24> took 3.613549 (s) in 3 time steps
AutoTuner: Block shape <24,48,24> took 3.720243 (s) in 3 time steps
AutoTuner: Block shape <24,24,48> took 3.504865 (s) in 3 time steps
AutoTuner: Block shape <48,48,24> took 3.728505 (s) in 3 time steps
AutoTuner: Block shape <48,24,48> took 3.495914 (s) in 3 time steps
AutoTuner: Block shape <24,48,48> took 3.730732 (s) in 3 time steps
AutoTuner: Block shape <48,48,48> took 3.700342 (s) in 3 time steps
AutoTuner: Block shape <64,32,32> took 3.593772 (s) in 3 time steps
AutoTuner: Block shape <32,64,32> took 3.811411 (s) in 3 time steps
AutoTuner: Block shape <64,64,32> took 3.791125 (s) in 3 time steps
AutoTuner: Block shape <64,32,64> took 3.588737 (s) in 3 time steps
AutoTuner: Block shape <32,64,64> took 3.942022 (s) in 3 time steps
AutoTuner: Block shape <80,40,40> took 3.651696 (s) in 3 time steps
AutoTuner: Block shape <40,80,40> took 3.945286 (s) in 3 time steps
AutoTuner: Block shape <40,40,80> took 3.731713 (s) in 3 time steps
AutoTuner: Block shape <80,80,40> took 4.043575 (s) in 3 time steps
AutoTuner: Block shape <80,40,80> took 3.826143 (s) in 3 time steps
AutoTuner: Block shape <40,80,80> took 4.511476 (s) in 3 time steps
AutoTuner: Block shape <80,80,80> took 4.839347 (s) in 3 time steps
AutoTuner: Block shape <128,64,64> took 3.956254 (s) in 3 time steps
AutoTuner: Block shape <64,128,64> took 4.641633 (s) in 3 time steps
AutoTuner: Block shape <64,64,128> took 4.457661 (s) in 3 time steps
AutoTuner: Block shape <128,128,64> took 4.641089 (s) in 3 time steps
AutoTuner: Block shape <128,64,128> took 4.461645 (s) in 3 time steps
AutoTuner: Block shape <64,128,128> took 4.673578 (s) in 3 time steps
AutoTuner: Block shape <256,128,128> took 5.004850 (s) in 3 time steps
AutoTuner: Block shape <128,256,128> took 5.182240 (s) in 3 time steps
AutoTuner: Block shape <128,128,256> took 5.130450 (s) in 3 time steps
AutoTuner: Block shape <256,256,128> took 5.674176 (s) in 3 time steps
AutoTuner: Block shape <256,128,256> took 5.558582 (s) in 3 time steps
AutoTuner: Block shape <128,256,256> took 5.670242 (s) in 3 time steps
AutoTuner: Block shape <512,256,256> took 11.727021 (s) in 3 time steps
AutoTuner: Block shape <256,512,256> took 12.067447 (s) in 3 time steps
AutoTuner: Block shape <256,256,512> took 11.865430 (s) in 3 time steps
AutoTuner: Block shape <512,512,256> took 31.532416 (s) in 3 time steps
AutoTuner: Block shape <512,256,512> took 31.186789 (s) in 3 time steps
AutoTuner: Block shape <256,512,512> took 32.429447 (s) in 3 time steps
Auto-tuned block shape: {'x0_block_size': 48, 'y0_block_size': 24, 'z0_block_size': 48}
=========================================================================================
Section section_1<415,1> with OI=0.64 computed in 0.000 s [0.12 GFlops/s]
Section section_2<415,101> with OI=1.27 computed in 0.004 s [0.97 GFlops/s]
Section main<415,776,776,776> with OI=40.46 computed in 1446.479 s [228.32 GFlops/s, 0.13 GPts/s]
=========================================================================================
Allocating memory for m ((788, 788, 788))
Allocating memory for damp ((788, 788, 788))
Allocating memory for epsilon ((788, 788, 788))
Allocating memory for delta ((788, 788, 788))
Allocating memory for theta ((788, 788, 788))
Allocating memory for phi ((788, 788, 788))
Allocating memory for src ((417, 1))
Allocating memory for src_coords ((1, 3))
Allocating memory for nrec_coords ((101, 3))
Allocating memory for rec_coords ((101, 3))
DSE: extract_time_invariants [flops: 3257, elapsed: 0.28] >>
     eliminate_inter_stencil_redundancies [flops: 3131, elapsed: 0.41] >>
     eliminate_intra_stencil_redundancies [flops: 1533, elapsed: 0.53] >>
     factorize [flops: 1272, elapsed: 1.59] >>
     finalize [flops: 1274, elapsed: 0.03]
     [Total elapsed: 2.83 s]
DLE: avoid_denormals [elapsed: 0.00] >>
     loop_fission [elapsed: 0.02] >>
     loop_blocking [elapsed: 0.19] >>
     simdize [elapsed: 0.12] >>
     ompize [elapsed: 0.05] >>
     create_elemental_functions [elapsed: 0.33] >>
     minimize_remainders [elapsed: 0.02]
     [Total elapsed: 0.74 s]
Allocating memory for rec ((417, 101))
Allocating memory for u ((3, 788, 788, 788))
Allocating memory for v ((3, 788, 788, 788))
IntelCompiler: compiled /tmp/devito-yge3vynx/5221bf17627bdc61352854762dd319e05041b67c.c [72.43 s]
AutoTuner: Block shape <8,8,8> took 2.468379 (s) in 3 time steps
AutoTuner: Block shape <16,16,16> took 2.225614 (s) in 3 time steps
AutoTuner: Block shape <24,24,24> took 2.216642 (s) in 3 time steps
AutoTuner: Block shape <32,32,32> took 2.219940 (s) in 3 time steps
AutoTuner: Block shape <40,40,40> took 2.258929 (s) in 3 time steps
AutoTuner: Block shape <64,64,64> took 2.685124 (s) in 3 time steps
AutoTuner: Block shape <128,128,128> took 3.294348 (s) in 3 time steps
AutoTuner: Block shape <256,256,256> took 4.157685 (s) in 3 time steps
AutoTuner: Block shape <512,512,512> took 53.401984 (s) in 3 time steps
AutoTuner: Block shape <776,776,776> took 61.408346 (s) in 3 time steps
AutoTuner: Block shape <8,8,16> took 2.314420 (s) in 3 time steps
AutoTuner: Block shape <8,8,24> took 2.273437 (s) in 3 time steps
AutoTuner: Block shape <8,8,32> took 2.251470 (s) in 3 time steps
AutoTuner: Block shape <8,8,40> took 2.233885 (s) in 3 time steps
AutoTuner: Block shape <8,8,64> took 2.208028 (s) in 3 time steps
AutoTuner: Block shape <8,8,128> took 2.317095 (s) in 3 time steps
AutoTuner: Block shape <8,8,256> took 2.412966 (s) in 3 time steps
AutoTuner: Block shape <8,8,512> took 2.634276 (s) in 3 time steps
AutoTuner: Block shape <8,8,776> took 3.275637 (s) in 3 time steps
AutoTuner: Block shape <16,16,8> took 2.351679 (s) in 3 time steps
AutoTuner: Block shape <16,16,24> took 2.199423 (s) in 3 time steps
AutoTuner: Block shape <16,16,32> took 2.175442 (s) in 3 time steps
AutoTuner: Block shape <16,16,40> took 2.155008 (s) in 3 time steps
AutoTuner: Block shape <16,16,64> took 2.149922 (s) in 3 time steps
AutoTuner: Block shape <16,16,128> took 2.253881 (s) in 3 time steps
AutoTuner: Block shape <16,16,256> took 2.529163 (s) in 3 time steps
AutoTuner: Block shape <16,16,512> took 2.990474 (s) in 3 time steps
AutoTuner: Block shape <16,16,776> took 3.483105 (s) in 3 time steps
AutoTuner: Block shape <24,24,8> took 2.473333 (s) in 3 time steps
AutoTuner: Block shape <24,24,16> took 2.294486 (s) in 3 time steps
AutoTuner: Block shape <24,24,32> took 2.169904 (s) in 3 time steps
AutoTuner: Block shape <24,24,40> took 2.149285 (s) in 3 time steps
AutoTuner: Block shape <24,24,64> took 2.182829 (s) in 3 time steps
AutoTuner: Block shape <24,24,128> took 2.306907 (s) in 3 time steps
AutoTuner: Block shape <24,24,256> took 2.861266 (s) in 3 time steps
AutoTuner: Block shape <24,24,512> took 3.174937 (s) in 3 time steps
AutoTuner: Block shape <24,24,776> took 3.485432 (s) in 3 time steps
AutoTuner: Block shape <32,32,8> took 2.618923 (s) in 3 time steps
AutoTuner: Block shape <32,32,16> took 2.320228 (s) in 3 time steps
AutoTuner: Block shape <32,32,24> took 2.232132 (s) in 3 time steps
AutoTuner: Block shape <32,32,40> took 2.216507 (s) in 3 time steps
AutoTuner: Block shape <32,32,64> took 2.237773 (s) in 3 time steps
AutoTuner: Block shape <32,32,128> took 2.519568 (s) in 3 time steps
AutoTuner: Block shape <32,32,256> took 3.017644 (s) in 3 time steps
AutoTuner: Block shape <32,32,512> took 3.324437 (s) in 3 time steps
AutoTuner: Block shape <32,32,776> took 3.550086 (s) in 3 time steps
AutoTuner: Block shape <16,8,8> took 2.392467 (s) in 3 time steps
AutoTuner: Block shape <8,16,8> took 2.363231 (s) in 3 time steps
AutoTuner: Block shape <16,8,16> took 2.265849 (s) in 3 time steps
AutoTuner: Block shape <8,16,16> took 2.253499 (s) in 3 time steps
AutoTuner: Block shape <32,16,16> took 2.314459 (s) in 3 time steps
AutoTuner: Block shape <16,32,16> took 2.319575 (s) in 3 time steps
AutoTuner: Block shape <32,16,32> took 2.186648 (s) in 3 time steps
AutoTuner: Block shape <16,32,32> took 2.243543 (s) in 3 time steps
AutoTuner: Block shape <48,24,24> took 2.210526 (s) in 3 time steps
AutoTuner: Block shape <24,48,24> took 2.347587 (s) in 3 time steps
AutoTuner: Block shape <24,24,48> took 2.158007 (s) in 3 time steps
AutoTuner: Block shape <48,48,24> took 2.325050 (s) in 3 time steps
AutoTuner: Block shape <48,24,48> took 2.140697 (s) in 3 time steps
AutoTuner: Block shape <24,48,48> took 2.359404 (s) in 3 time steps
AutoTuner: Block shape <48,48,48> took 2.343555 (s) in 3 time steps
AutoTuner: Block shape <64,32,32> took 2.220604 (s) in 3 time steps
AutoTuner: Block shape <32,64,32> took 2.431725 (s) in 3 time steps
AutoTuner: Block shape <64,64,32> took 2.424955 (s) in 3 time steps
AutoTuner: Block shape <64,32,64> took 2.242185 (s) in 3 time steps
AutoTuner: Block shape <32,64,64> took 2.701732 (s) in 3 time steps
AutoTuner: Block shape <80,40,40> took 2.270388 (s) in 3 time steps
AutoTuner: Block shape <40,80,40> took 2.654667 (s) in 3 time steps
AutoTuner: Block shape <40,40,80> took 2.394594 (s) in 3 time steps
AutoTuner: Block shape <80,80,40> took 2.685488 (s) in 3 time steps
AutoTuner: Block shape <80,40,80> took 2.446421 (s) in 3 time steps
AutoTuner: Block shape <40,80,80> took 3.067014 (s) in 3 time steps
AutoTuner: Block shape <80,80,80> took 3.217983 (s) in 3 time steps
AutoTuner: Block shape <128,64,64> took 2.684194 (s) in 3 time steps
AutoTuner: Block shape <64,128,64> took 3.197499 (s) in 3 time steps
AutoTuner: Block shape <64,64,128> took 3.042547 (s) in 3 time steps
AutoTuner: Block shape <128,128,64> took 3.205256 (s) in 3 time steps
AutoTuner: Block shape <128,64,128> took 3.051187 (s) in 3 time steps
AutoTuner: Block shape <64,128,128> took 3.170973 (s) in 3 time steps
AutoTuner: Block shape <256,128,128> took 3.452783 (s) in 3 time steps
AutoTuner: Block shape <128,256,128> took 3.541573 (s) in 3 time steps
AutoTuner: Block shape <128,128,256> took 3.516590 (s) in 3 time steps
AutoTuner: Block shape <256,256,128> took 3.851723 (s) in 3 time steps
AutoTuner: Block shape <256,128,256> took 3.735696 (s) in 3 time steps
AutoTuner: Block shape <128,256,256> took 3.827078 (s) in 3 time steps
AutoTuner: Block shape <512,256,256> took 7.761100 (s) in 3 time steps
AutoTuner: Block shape <256,512,256> took 8.076608 (s) in 3 time steps
AutoTuner: Block shape <256,256,512> took 7.913935 (s) in 3 time steps
AutoTuner: Block shape <512,512,256> took 21.204423 (s) in 3 time steps
AutoTuner: Block shape <512,256,512> took 21.118697 (s) in 3 time steps
AutoTuner: Block shape <256,512,512> took 22.001340 (s) in 3 time steps
Auto-tuned block shape: {'x0_block_size': 48, 'y0_block_size': 24, 'z0_block_size': 48}
=========================================================================================
Section section_0<782,782,782> with OI=0.34 computed in 0.284 s [11.78 GFlops/s]
Section section_2<415,1> with OI=0.64 computed in 0.000 s [0.13 GFlops/s]
Section section_3<415,101> with OI=1.27 computed in 0.004 s [1.01 GFlops/s]
Section main<415,776,776,776> with OI=27.52 computed in 760.679 s [324.79 GFlops/s, 0.25 GPts/s]
=========================================================================================
Allocating memory for m ((788, 788, 788))
Allocating memory for damp ((788, 788, 788))
Allocating memory for epsilon ((788, 788, 788))
Allocating memory for delta ((788, 788, 788))
Allocating memory for theta ((788, 788, 788))
Allocating memory for phi ((788, 788, 788))
Allocating memory for src ((417, 1))
Allocating memory for src_coords ((1, 3))
Allocating memory for nrec_coords ((101, 3))
Allocating memory for rec_coords ((101, 3))
DSE: extract_time_invariants [flops: 3257, elapsed: 0.28] >>
     eliminate_inter_stencil_redundancies [flops: 3131, elapsed: 0.41] >>
     eliminate_intra_stencil_redundancies [flops: 1533, elapsed: 0.53] >>
     factorize [flops: 1272, elapsed: 1.59] >>
     finalize [flops: 1274, elapsed: 0.03]
     [Total elapsed: 2.84 s]
DLE: avoid_denormals [elapsed: 0.00] >>
     loop_fission [elapsed: 0.02] >>
     loop_blocking [elapsed: 0.19] >>
     simdize [elapsed: 0.12] >>
     ompize [elapsed: 0.05] >>
     create_elemental_functions [elapsed: 0.33] >>
     minimize_remainders [elapsed: 0.02]
     [Total elapsed: 0.74 s]
Allocating memory for rec ((417, 101))
Allocating memory for u ((3, 788, 788, 788))
Allocating memory for v ((3, 788, 788, 788))
IntelCompiler: compiled /tmp/devito-yge3vynx/5221bf17627bdc61352854762dd319e05041b67c.c [72.59 s]
AutoTuner: Block shape <8,8,8> took 2.454993 (s) in 3 time steps
AutoTuner: Block shape <16,16,16> took 2.228853 (s) in 3 time steps
AutoTuner: Block shape <24,24,24> took 2.216499 (s) in 3 time steps
AutoTuner: Block shape <32,32,32> took 2.209989 (s) in 3 time steps
AutoTuner: Block shape <40,40,40> took 2.260522 (s) in 3 time steps
AutoTuner: Block shape <64,64,64> took 2.696620 (s) in 3 time steps
AutoTuner: Block shape <128,128,128> took 3.312194 (s) in 3 time steps
AutoTuner: Block shape <256,256,256> took 4.165992 (s) in 3 time steps
AutoTuner: Block shape <512,512,512> took 53.407175 (s) in 3 time steps
AutoTuner: Block shape <776,776,776> took 61.438591 (s) in 3 time steps
AutoTuner: Block shape <8,8,16> took 2.319726 (s) in 3 time steps
AutoTuner: Block shape <8,8,24> took 2.271674 (s) in 3 time steps
AutoTuner: Block shape <8,8,32> took 2.255845 (s) in 3 time steps
AutoTuner: Block shape <8,8,40> took 2.241549 (s) in 3 time steps
AutoTuner: Block shape <8,8,64> took 2.206854 (s) in 3 time steps
AutoTuner: Block shape <8,8,128> took 2.300023 (s) in 3 time steps
AutoTuner: Block shape <8,8,256> took 2.417268 (s) in 3 time steps
AutoTuner: Block shape <8,8,512> took 2.642565 (s) in 3 time steps
AutoTuner: Block shape <8,8,776> took 3.273197 (s) in 3 time steps
AutoTuner: Block shape <16,16,8> took 2.349864 (s) in 3 time steps
AutoTuner: Block shape <16,16,24> took 2.200092 (s) in 3 time steps
AutoTuner: Block shape <16,16,32> took 2.174151 (s) in 3 time steps
AutoTuner: Block shape <16,16,40> took 2.153676 (s) in 3 time steps
AutoTuner: Block shape <16,16,64> took 2.145117 (s) in 3 time steps
AutoTuner: Block shape <16,16,128> took 2.239867 (s) in 3 time steps
AutoTuner: Block shape <16,16,256> took 2.559073 (s) in 3 time steps
AutoTuner: Block shape <16,16,512> took 2.995148 (s) in 3 time steps
AutoTuner: Block shape <16,16,776> took 3.495039 (s) in 3 time steps
AutoTuner: Block shape <24,24,8> took 2.475277 (s) in 3 time steps
AutoTuner: Block shape <24,24,16> took 2.294378 (s) in 3 time steps
AutoTuner: Block shape <24,24,32> took 2.171784 (s) in 3 time steps
AutoTuner: Block shape <24,24,40> took 2.149901 (s) in 3 time steps
AutoTuner: Block shape <24,24,64> took 2.181346 (s) in 3 time steps
AutoTuner: Block shape <24,24,128> took 2.310901 (s) in 3 time steps
AutoTuner: Block shape <24,24,256> took 2.851509 (s) in 3 time steps
AutoTuner: Block shape <24,24,512> took 3.182068 (s) in 3 time steps
AutoTuner: Block shape <24,24,776> took 3.490669 (s) in 3 time steps
AutoTuner: Block shape <32,32,8> took 2.619092 (s) in 3 time steps
AutoTuner: Block shape <32,32,16> took 2.320577 (s) in 3 time steps
AutoTuner: Block shape <32,32,24> took 2.234370 (s) in 3 time steps
AutoTuner: Block shape <32,32,40> took 2.209730 (s) in 3 time steps
AutoTuner: Block shape <32,32,64> took 2.247243 (s) in 3 time steps
AutoTuner: Block shape <32,32,128> took 2.519203 (s) in 3 time steps
AutoTuner: Block shape <32,32,256> took 3.014145 (s) in 3 time steps
AutoTuner: Block shape <32,32,512> took 3.308467 (s) in 3 time steps
AutoTuner: Block shape <32,32,776> took 3.522072 (s) in 3 time steps
AutoTuner: Block shape <16,8,8> took 2.389349 (s) in 3 time steps
AutoTuner: Block shape <8,16,8> took 2.369251 (s) in 3 time steps
AutoTuner: Block shape <16,8,16> took 2.266204 (s) in 3 time steps
AutoTuner: Block shape <8,16,16> took 2.261740 (s) in 3 time steps
AutoTuner: Block shape <32,16,16> took 2.316960 (s) in 3 time steps
AutoTuner: Block shape <16,32,16> took 2.324327 (s) in 3 time steps
AutoTuner: Block shape <32,16,32> took 2.186859 (s) in 3 time steps
AutoTuner: Block shape <16,32,32> took 2.239519 (s) in 3 time steps
AutoTuner: Block shape <48,24,24> took 2.219767 (s) in 3 time steps
AutoTuner: Block shape <24,48,24> took 2.344784 (s) in 3 time steps
AutoTuner: Block shape <24,24,48> took 2.169172 (s) in 3 time steps
AutoTuner: Block shape <48,48,24> took 2.332386 (s) in 3 time steps
AutoTuner: Block shape <48,24,48> took 2.148134 (s) in 3 time steps
AutoTuner: Block shape <24,48,48> took 2.367412 (s) in 3 time steps
AutoTuner: Block shape <48,48,48> took 2.345022 (s) in 3 time steps
AutoTuner: Block shape <64,32,32> took 2.222166 (s) in 3 time steps
AutoTuner: Block shape <32,64,32> took 2.443391 (s) in 3 time steps
AutoTuner: Block shape <64,64,32> took 2.422787 (s) in 3 time steps
AutoTuner: Block shape <64,32,64> took 2.242406 (s) in 3 time steps
AutoTuner: Block shape <32,64,64> took 2.694289 (s) in 3 time steps
AutoTuner: Block shape <80,40,40> took 2.276916 (s) in 3 time steps
AutoTuner: Block shape <40,80,40> took 2.641379 (s) in 3 time steps
AutoTuner: Block shape <40,40,80> took 2.389868 (s) in 3 time steps
AutoTuner: Block shape <80,80,40> took 2.659894 (s) in 3 time steps
AutoTuner: Block shape <80,40,80> took 2.430606 (s) in 3 time steps
AutoTuner: Block shape <40,80,80> took 3.052867 (s) in 3 time steps
AutoTuner: Block shape <80,80,80> took 3.217040 (s) in 3 time steps
AutoTuner: Block shape <128,64,64> took 2.691971 (s) in 3 time steps
AutoTuner: Block shape <64,128,64> took 3.205639 (s) in 3 time steps
AutoTuner: Block shape <64,64,128> took 3.046615 (s) in 3 time steps
AutoTuner: Block shape <128,128,64> took 3.212999 (s) in 3 time steps
AutoTuner: Block shape <128,64,128> took 3.052901 (s) in 3 time steps
AutoTuner: Block shape <64,128,128> took 3.174577 (s) in 3 time steps
AutoTuner: Block shape <256,128,128> took 3.482703 (s) in 3 time steps
AutoTuner: Block shape <128,256,128> took 3.542800 (s) in 3 time steps
AutoTuner: Block shape <128,128,256> took 3.507521 (s) in 3 time steps
AutoTuner: Block shape <256,256,128> took 3.893603 (s) in 3 time steps
AutoTuner: Block shape <256,128,256> took 3.784376 (s) in 3 time steps
AutoTuner: Block shape <128,256,256> took 3.839875 (s) in 3 time steps
AutoTuner: Block shape <512,256,256> took 7.772823 (s) in 3 time steps
AutoTuner: Block shape <256,512,256> took 8.072043 (s) in 3 time steps
AutoTuner: Block shape <256,256,512> took 7.919492 (s) in 3 time steps
AutoTuner: Block shape <512,512,256> took 21.463498 (s) in 3 time steps
AutoTuner: Block shape <512,256,512> took 21.134701 (s) in 3 time steps
AutoTuner: Block shape <256,512,512> took 22.015057 (s) in 3 time steps
Auto-tuned block shape: {'x0_block_size': 16, 'y0_block_size': 16, 'z0_block_size': 64}
=========================================================================================
Section section_0<782,782,782> with OI=0.34 computed in 0.278 s [12.04 GFlops/s]
Section section_2<415,1> with OI=0.64 computed in 0.000 s [0.13 GFlops/s]
Section section_3<415,101> with OI=1.27 computed in 0.004 s [0.98 GFlops/s]
Section main<415,776,776,776> with OI=27.52 computed in 774.403 s [319.03 GFlops/s, 0.25 GPts/s]
=========================================================================================
Allocating memory for m ((788, 788, 788))
Allocating memory for damp ((788, 788, 788))
Allocating memory for epsilon ((788, 788, 788))
Allocating memory for delta ((788, 788, 788))
Allocating memory for theta ((788, 788, 788))
Allocating memory for phi ((788, 788, 788))
Allocating memory for src ((417, 1))
Allocating memory for src_coords ((1, 3))
Allocating memory for nrec_coords ((101, 3))
Allocating memory for rec_coords ((101, 3))
DSE: extract_time_invariants [flops: 3257, elapsed: 0.28] >>
     eliminate_inter_stencil_redundancies [flops: 3131, elapsed: 0.41] >>
     eliminate_intra_stencil_redundancies [flops: 1533, elapsed: 0.53] >>
     factorize [flops: 1272, elapsed: 1.60] >>
     finalize [flops: 1274, elapsed: 0.03]
     [Total elapsed: 2.85 s]
DLE: avoid_denormals [elapsed: 0.00] >>
     loop_fission [elapsed: 0.02] >>
     loop_blocking [elapsed: 0.19] >>
     simdize [elapsed: 0.12] >>
     ompize [elapsed: 0.05] >>
     create_elemental_functions [elapsed: 0.33] >>
     minimize_remainders [elapsed: 0.02]
     [Total elapsed: 0.74 s]
Allocating memory for rec ((417, 101))
Allocating memory for u ((3, 788, 788, 788))
Allocating memory for v ((3, 788, 788, 788))
IntelCompiler: compiled /tmp/devito-yge3vynx/5221bf17627bdc61352854762dd319e05041b67c.c [72.10 s]
AutoTuner: Block shape <8,8,8> took 2.461469 (s) in 3 time steps
AutoTuner: Block shape <16,16,16> took 2.232617 (s) in 3 time steps
AutoTuner: Block shape <24,24,24> took 2.220071 (s) in 3 time steps
AutoTuner: Block shape <32,32,32> took 2.220882 (s) in 3 time steps
AutoTuner: Block shape <40,40,40> took 2.260798 (s) in 3 time steps
AutoTuner: Block shape <64,64,64> took 2.705828 (s) in 3 time steps
AutoTuner: Block shape <128,128,128> took 3.259307 (s) in 3 time steps
AutoTuner: Block shape <256,256,256> took 4.202730 (s) in 3 time steps
AutoTuner: Block shape <512,512,512> took 53.376001 (s) in 3 time steps
AutoTuner: Block shape <776,776,776> took 61.390492 (s) in 3 time steps
AutoTuner: Block shape <8,8,16> took 2.321061 (s) in 3 time steps
AutoTuner: Block shape <8,8,24> took 2.278831 (s) in 3 time steps
AutoTuner: Block shape <8,8,32> took 2.260519 (s) in 3 time steps
AutoTuner: Block shape <8,8,40> took 2.247156 (s) in 3 time steps
AutoTuner: Block shape <8,8,64> took 2.215835 (s) in 3 time steps
AutoTuner: Block shape <8,8,128> took 2.306775 (s) in 3 time steps
AutoTuner: Block shape <8,8,256> took 2.423927 (s) in 3 time steps
AutoTuner: Block shape <8,8,512> took 2.653221 (s) in 3 time steps
AutoTuner: Block shape <8,8,776> took 3.276864 (s) in 3 time steps
AutoTuner: Block shape <16,16,8> took 2.353663 (s) in 3 time steps
AutoTuner: Block shape <16,16,24> took 2.198504 (s) in 3 time steps
AutoTuner: Block shape <16,16,32> took 2.181541 (s) in 3 time steps
AutoTuner: Block shape <16,16,40> took 2.156667 (s) in 3 time steps
AutoTuner: Block shape <16,16,64> took 2.164366 (s) in 3 time steps
AutoTuner: Block shape <16,16,128> took 2.243300 (s) in 3 time steps
AutoTuner: Block shape <16,16,256> took 2.549701 (s) in 3 time steps
AutoTuner: Block shape <16,16,512> took 3.007743 (s) in 3 time steps
AutoTuner: Block shape <16,16,776> took 3.502520 (s) in 3 time steps
AutoTuner: Block shape <24,24,8> took 2.478455 (s) in 3 time steps
AutoTuner: Block shape <24,24,16> took 2.300465 (s) in 3 time steps
AutoTuner: Block shape <24,24,32> took 2.172748 (s) in 3 time steps
AutoTuner: Block shape <24,24,40> took 2.156767 (s) in 3 time steps
AutoTuner: Block shape <24,24,64> took 2.186303 (s) in 3 time steps
AutoTuner: Block shape <24,24,128> took 2.312267 (s) in 3 time steps
AutoTuner: Block shape <24,24,256> took 2.874595 (s) in 3 time steps
AutoTuner: Block shape <24,24,512> took 3.199016 (s) in 3 time steps
AutoTuner: Block shape <24,24,776> took 3.498851 (s) in 3 time steps
AutoTuner: Block shape <32,32,8> took 2.622919 (s) in 3 time steps
AutoTuner: Block shape <32,32,16> took 2.324075 (s) in 3 time steps
AutoTuner: Block shape <32,32,24> took 2.245596 (s) in 3 time steps
AutoTuner: Block shape <32,32,40> took 2.224733 (s) in 3 time steps
AutoTuner: Block shape <32,32,64> took 2.248748 (s) in 3 time steps
AutoTuner: Block shape <32,32,128> took 2.527498 (s) in 3 time steps
AutoTuner: Block shape <32,32,256> took 3.027297 (s) in 3 time steps
AutoTuner: Block shape <32,32,512> took 3.329697 (s) in 3 time steps
AutoTuner: Block shape <32,32,776> took 3.559773 (s) in 3 time steps
AutoTuner: Block shape <16,8,8> took 2.393664 (s) in 3 time steps
AutoTuner: Block shape <8,16,8> took 2.371840 (s) in 3 time steps
AutoTuner: Block shape <16,8,16> took 2.277636 (s) in 3 time steps
AutoTuner: Block shape <8,16,16> took 2.263082 (s) in 3 time steps
AutoTuner: Block shape <32,16,16> took 2.319614 (s) in 3 time steps
AutoTuner: Block shape <16,32,16> took 2.324486 (s) in 3 time steps
AutoTuner: Block shape <32,16,32> took 2.190764 (s) in 3 time steps
AutoTuner: Block shape <16,32,32> took 2.247133 (s) in 3 time steps
AutoTuner: Block shape <48,24,24> took 2.216583 (s) in 3 time steps
AutoTuner: Block shape <24,48,24> took 2.347374 (s) in 3 time steps
AutoTuner: Block shape <24,24,48> took 2.161996 (s) in 3 time steps
AutoTuner: Block shape <48,48,24> took 2.334275 (s) in 3 time steps
AutoTuner: Block shape <48,24,48> took 2.148386 (s) in 3 time steps
AutoTuner: Block shape <24,48,48> took 2.368247 (s) in 3 time steps
AutoTuner: Block shape <48,48,48> took 2.349347 (s) in 3 time steps
AutoTuner: Block shape <64,32,32> took 2.220598 (s) in 3 time steps
AutoTuner: Block shape <32,64,32> took 2.449166 (s) in 3 time steps
AutoTuner: Block shape <64,64,32> took 2.429737 (s) in 3 time steps
AutoTuner: Block shape <64,32,64> took 2.246333 (s) in 3 time steps
AutoTuner: Block shape <32,64,64> took 2.711843 (s) in 3 time steps
AutoTuner: Block shape <80,40,40> took 2.274455 (s) in 3 time steps
AutoTuner: Block shape <40,80,40> took 2.655191 (s) in 3 time steps
AutoTuner: Block shape <40,40,80> took 2.392557 (s) in 3 time steps
AutoTuner: Block shape <80,80,40> took 2.679317 (s) in 3 time steps
AutoTuner: Block shape <80,40,80> took 2.430499 (s) in 3 time steps
AutoTuner: Block shape <40,80,80> took 3.066189 (s) in 3 time steps
AutoTuner: Block shape <80,80,80> took 3.225563 (s) in 3 time steps
AutoTuner: Block shape <128,64,64> took 2.702921 (s) in 3 time steps
AutoTuner: Block shape <64,128,64> took 3.215456 (s) in 3 time steps
AutoTuner: Block shape <64,64,128> took 3.058692 (s) in 3 time steps
AutoTuner: Block shape <128,128,64> took 3.216741 (s) in 3 time steps
AutoTuner: Block shape <128,64,128> took 3.062148 (s) in 3 time steps
AutoTuner: Block shape <64,128,128> took 3.184232 (s) in 3 time steps
AutoTuner: Block shape <256,128,128> took 3.461285 (s) in 3 time steps
AutoTuner: Block shape <128,256,128> took 3.552037 (s) in 3 time steps
AutoTuner: Block shape <128,128,256> took 3.507470 (s) in 3 time steps
AutoTuner: Block shape <256,256,128> took 3.887352 (s) in 3 time steps
AutoTuner: Block shape <256,128,256> took 3.754561 (s) in 3 time steps
AutoTuner: Block shape <128,256,256> took 3.851722 (s) in 3 time steps
AutoTuner: Block shape <512,256,256> took 7.769670 (s) in 3 time steps
AutoTuner: Block shape <256,512,256> took 8.092718 (s) in 3 time steps
AutoTuner: Block shape <256,256,512> took 7.914695 (s) in 3 time steps
AutoTuner: Block shape <512,512,256> took 21.450500 (s) in 3 time steps
AutoTuner: Block shape <512,256,512> took 21.169165 (s) in 3 time steps
AutoTuner: Block shape <256,512,512> took 22.019442 (s) in 3 time steps
Auto-tuned block shape: {'x0_block_size': 48, 'y0_block_size': 24, 'z0_block_size': 48}
=========================================================================================
Section section_0<782,782,782> with OI=0.34 computed in 0.294 s [11.39 GFlops/s]
Section section_2<415,1> with OI=0.64 computed in 0.001 s [0.08 GFlops/s]
Section section_3<415,101> with OI=1.27 computed in 0.005 s [0.84 GFlops/s]
Section main<415,776,776,776> with OI=27.52 computed in 760.178 s [325.00 GFlops/s, 0.26 GPts/s]
=========================================================================================
Allocating memory for m ((788, 788, 788))
Allocating memory for damp ((788, 788, 788))
Allocating memory for epsilon ((788, 788, 788))
Allocating memory for delta ((788, 788, 788))
Allocating memory for theta ((788, 788, 788))
Allocating memory for phi ((788, 788, 788))
Allocating memory for src ((417, 1))
Allocating memory for src_coords ((1, 3))
Allocating memory for nrec_coords ((101, 3))
Allocating memory for rec_coords ((101, 3))
DSE: extract_time_varying [flops: 2541, elapsed: 0.23] >>
     extract_time_invariants [flops: 2133, elapsed: 0.10] >>
     eliminate_inter_stencil_redundancies [flops: 939, elapsed: 0.29] >>
     extract_sum_of_products [flops: 681, elapsed: 0.05] >>
     eliminate_inter_stencil_redundancies [flops: 443, elapsed: 0.07] >>
     extract_sum_of_products [flops: 378, elapsed: 0.02] >>
     factorize [flops: 285, elapsed: 0.19] >>
     eliminate_intra_stencil_redundancies [flops: 233, elapsed: 0.05] >>
     finalize [flops: 234, elapsed: 0.00]
     [Total elapsed: 1.01 s]
DLE: avoid_denormals [elapsed: 0.00] >>
     loop_fission [elapsed: 0.01] >>
     loop_blocking [elapsed: 0.37] >>
     simdize [elapsed: 0.05] >>
     ompize [elapsed: 0.04] >>
     create_elemental_functions [elapsed: 0.29] >>
     minimize_remainders [elapsed: 0.02]
     [Total elapsed: 0.76 s]
Allocating memory for rec ((417, 101))
Allocating memory for u ((3, 788, 788, 788))
Allocating memory for v ((3, 788, 788, 788))
IntelCompiler: compiled /tmp/devito-yge3vynx/2f4effdc633b5e690ea71e3cd8b0f453f623f808.c [4.33 s]
AutoTuner: Block shape <8,8,8> took 2.233357 (s) in 3 time steps
AutoTuner: Block shape <16,16,16> took 2.051504 (s) in 3 time steps
AutoTuner: Block shape <24,24,24> took 1.823219 (s) in 3 time steps
AutoTuner: Block shape <32,32,32> took 1.974317 (s) in 3 time steps
AutoTuner: Block shape <40,40,40> took 1.815459 (s) in 3 time steps
AutoTuner: Block shape <8,8,16> took 2.205413 (s) in 3 time steps
AutoTuner: Block shape <8,8,24> took 1.952682 (s) in 3 time steps
AutoTuner: Block shape <8,8,32> took 2.037167 (s) in 3 time steps
AutoTuner: Block shape <8,8,40> took 1.912790 (s) in 3 time steps
AutoTuner: Block shape <8,8,64> took 2.016347 (s) in 3 time steps
AutoTuner: Block shape <8,8,128> took 2.063706 (s) in 3 time steps
AutoTuner: Block shape <8,8,256> took 2.196629 (s) in 3 time steps
AutoTuner: Block shape <8,8,512> took 2.269374 (s) in 3 time steps
AutoTuner: Block shape <8,8,776> took 2.407432 (s) in 3 time steps
AutoTuner: Block shape <16,16,8> took 1.927819 (s) in 3 time steps
AutoTuner: Block shape <16,16,24> took 1.739685 (s) in 3 time steps
AutoTuner: Block shape <16,16,32> took 1.883098 (s) in 3 time steps
AutoTuner: Block shape <16,16,40> took 1.718744 (s) in 3 time steps
AutoTuner: Block shape <16,16,64> took 1.836819 (s) in 3 time steps
AutoTuner: Block shape <16,16,128> took 1.883371 (s) in 3 time steps
AutoTuner: Block shape <16,16,256> took 1.919686 (s) in 3 time steps
AutoTuner: Block shape <16,16,512> took 2.088868 (s) in 3 time steps
AutoTuner: Block shape <24,24,8> took 2.210254 (s) in 3 time steps
AutoTuner: Block shape <24,24,16> took 2.216161 (s) in 3 time steps
AutoTuner: Block shape <24,24,32> took 1.934297 (s) in 3 time steps
AutoTuner: Block shape <24,24,40> took 1.749482 (s) in 3 time steps
AutoTuner: Block shape <24,24,64> took 1.840066 (s) in 3 time steps
AutoTuner: Block shape <24,24,128> took 1.804433 (s) in 3 time steps
AutoTuner: Block shape <24,24,256> took 1.922746 (s) in 3 time steps
AutoTuner: Block shape <32,32,8> took 2.437890 (s) in 3 time steps
AutoTuner: Block shape <32,32,16> took 2.279694 (s) in 3 time steps
AutoTuner: Block shape <32,32,24> took 1.863466 (s) in 3 time steps
AutoTuner: Block shape <32,32,40> took 1.792318 (s) in 3 time steps
AutoTuner: Block shape <32,32,64> took 1.841617 (s) in 3 time steps
AutoTuner: Block shape <32,32,128> took 1.806786 (s) in 3 time steps
AutoTuner: Block shape <16,8,8> took 2.030875 (s) in 3 time steps
AutoTuner: Block shape <8,16,8> took 1.999596 (s) in 3 time steps
AutoTuner: Block shape <16,8,16> took 2.057307 (s) in 3 time steps
AutoTuner: Block shape <8,16,16> took 2.029280 (s) in 3 time steps
AutoTuner: Block shape <32,16,16> took 2.226729 (s) in 3 time steps
AutoTuner: Block shape <16,32,16> took 2.221747 (s) in 3 time steps
AutoTuner: Block shape <32,16,32> took 1.949891 (s) in 3 time steps
AutoTuner: Block shape <16,32,32> took 1.968972 (s) in 3 time steps
AutoTuner: Block shape <48,24,24> took 1.877561 (s) in 3 time steps
AutoTuner: Block shape <24,48,24> took 1.923394 (s) in 3 time steps
AutoTuner: Block shape <24,24,48> took 1.857215 (s) in 3 time steps
AutoTuner: Block shape <48,48,24> took 1.937194 (s) in 3 time steps
AutoTuner: Block shape <48,24,48> took 1.857823 (s) in 3 time steps
AutoTuner: Block shape <24,48,48> took 1.938221 (s) in 3 time steps
AutoTuner: Block shape <48,48,48> took 1.878703 (s) in 3 time steps
AutoTuner: Block shape <64,32,32> took 1.970011 (s) in 3 time steps
AutoTuner: Block shape <32,64,32> took 2.052527 (s) in 3 time steps
AutoTuner: Block shape <64,64,32> took 1.992965 (s) in 3 time steps
AutoTuner: Block shape <64,32,64> took 1.801557 (s) in 3 time steps
AutoTuner: Block shape <32,64,64> took 1.911400 (s) in 3 time steps
AutoTuner: Block shape <80,40,40> took 1.802209 (s) in 3 time steps
AutoTuner: Block shape <40,80,40> took 1.874586 (s) in 3 time steps
AutoTuner: Block shape <40,40,80> took 1.805440 (s) in 3 time steps
Auto-tuned block shape: {'x0_block_size': 16, 'y0_block_size': 16, 'z0_block_size': 40}
=========================================================================================
Section section_0<782,782,782> with OI=0.16 computed in 0.323 s [5.93 GFlops/s]
Section section_3<415,1> with OI=0.64 computed in 0.000 s [0.14 GFlops/s]
Section section_4<415,101> with OI=1.27 computed in 0.004 s [1.00 GFlops/s]
Section main<415,782,782,782> with OI=3.56 computed in 557.192 s [83.34 GFlops/s, 0.36 GPts/s]
=========================================================================================
Allocating memory for m ((788, 788, 788))
Allocating memory for damp ((788, 788, 788))
Allocating memory for epsilon ((788, 788, 788))
Allocating memory for delta ((788, 788, 788))
Allocating memory for theta ((788, 788, 788))
Allocating memory for phi ((788, 788, 788))
Allocating memory for src ((417, 1))
Allocating memory for src_coords ((1, 3))
Allocating memory for nrec_coords ((101, 3))
Allocating memory for rec_coords ((101, 3))
DSE: extract_time_varying [flops: 2541, elapsed: 0.23] >>
     extract_time_invariants [flops: 2133, elapsed: 0.10] >>
     eliminate_inter_stencil_redundancies [flops: 939, elapsed: 0.29] >>
     extract_sum_of_products [flops: 681, elapsed: 0.05] >>
     eliminate_inter_stencil_redundancies [flops: 443, elapsed: 0.07] >>
     extract_sum_of_products [flops: 378, elapsed: 0.02] >>
     factorize [flops: 285, elapsed: 0.19] >>
     eliminate_intra_stencil_redundancies [flops: 233, elapsed: 0.05] >>
     finalize [flops: 234, elapsed: 0.00]
     [Total elapsed: 1.01 s]
DLE: avoid_denormals [elapsed: 0.00] >>
     loop_fission [elapsed: 0.01] >>
     loop_blocking [elapsed: 0.37] >>
     simdize [elapsed: 0.04] >>
     ompize [elapsed: 0.04] >>
     create_elemental_functions [elapsed: 0.29] >>
     minimize_remainders [elapsed: 0.02]
     [Total elapsed: 0.76 s]
Allocating memory for rec ((417, 101))
Allocating memory for u ((3, 788, 788, 788))
Allocating memory for v ((3, 788, 788, 788))
IntelCompiler: compiled /tmp/devito-yge3vynx/283cd1392cda3ac27a152d6be8b3ff2d17b51d7f.c [4.33 s]
AutoTuner: Block shape <8,8,8> took 2.219015 (s) in 3 time steps
AutoTuner: Block shape <16,16,16> took 2.050259 (s) in 3 time steps
AutoTuner: Block shape <24,24,24> took 1.824350 (s) in 3 time steps
AutoTuner: Block shape <32,32,32> took 1.975670 (s) in 3 time steps
AutoTuner: Block shape <40,40,40> took 1.815762 (s) in 3 time steps
AutoTuner: Block shape <8,8,16> took 2.188442 (s) in 3 time steps
AutoTuner: Block shape <8,8,24> took 1.944713 (s) in 3 time steps
AutoTuner: Block shape <8,8,32> took 2.045769 (s) in 3 time steps
AutoTuner: Block shape <8,8,40> took 1.910220 (s) in 3 time steps
AutoTuner: Block shape <8,8,64> took 2.004967 (s) in 3 time steps
AutoTuner: Block shape <8,8,128> took 2.063495 (s) in 3 time steps
AutoTuner: Block shape <8,8,256> took 2.196382 (s) in 3 time steps
AutoTuner: Block shape <8,8,512> took 2.266408 (s) in 3 time steps
AutoTuner: Block shape <8,8,776> took 2.413872 (s) in 3 time steps
AutoTuner: Block shape <16,16,8> took 1.926922 (s) in 3 time steps
AutoTuner: Block shape <16,16,24> took 1.733797 (s) in 3 time steps
AutoTuner: Block shape <16,16,32> took 1.883575 (s) in 3 time steps
AutoTuner: Block shape <16,16,40> took 1.717529 (s) in 3 time steps
AutoTuner: Block shape <16,16,64> took 1.841710 (s) in 3 time steps
AutoTuner: Block shape <16,16,128> took 1.883667 (s) in 3 time steps
AutoTuner: Block shape <16,16,256> took 1.919204 (s) in 3 time steps
AutoTuner: Block shape <16,16,512> took 2.087595 (s) in 3 time steps
AutoTuner: Block shape <24,24,8> took 2.206240 (s) in 3 time steps
AutoTuner: Block shape <24,24,16> took 2.214160 (s) in 3 time steps
AutoTuner: Block shape <24,24,32> took 1.936996 (s) in 3 time steps
AutoTuner: Block shape <24,24,40> took 1.749853 (s) in 3 time steps
AutoTuner: Block shape <24,24,64> took 1.841487 (s) in 3 time steps
AutoTuner: Block shape <24,24,128> took 1.804376 (s) in 3 time steps
AutoTuner: Block shape <24,24,256> took 1.920448 (s) in 3 time steps
AutoTuner: Block shape <32,32,8> took 2.434003 (s) in 3 time steps
AutoTuner: Block shape <32,32,16> took 2.279424 (s) in 3 time steps
AutoTuner: Block shape <32,32,24> took 1.861173 (s) in 3 time steps
AutoTuner: Block shape <32,32,40> took 1.792141 (s) in 3 time steps
AutoTuner: Block shape <32,32,64> took 1.841331 (s) in 3 time steps
AutoTuner: Block shape <32,32,128> took 1.805198 (s) in 3 time steps
AutoTuner: Block shape <16,8,8> took 2.033839 (s) in 3 time steps
AutoTuner: Block shape <8,16,8> took 2.003321 (s) in 3 time steps
AutoTuner: Block shape <16,8,16> took 2.058857 (s) in 3 time steps
AutoTuner: Block shape <8,16,16> took 2.028555 (s) in 3 time steps
AutoTuner: Block shape <32,16,16> took 2.224768 (s) in 3 time steps
AutoTuner: Block shape <16,32,16> took 2.218838 (s) in 3 time steps
AutoTuner: Block shape <32,16,32> took 1.952106 (s) in 3 time steps
AutoTuner: Block shape <16,32,32> took 1.970123 (s) in 3 time steps
AutoTuner: Block shape <48,24,24> took 1.878871 (s) in 3 time steps
AutoTuner: Block shape <24,48,24> took 1.924870 (s) in 3 time steps
AutoTuner: Block shape <24,24,48> took 1.857734 (s) in 3 time steps
AutoTuner: Block shape <48,48,24> took 1.937915 (s) in 3 time steps
AutoTuner: Block shape <48,24,48> took 1.855124 (s) in 3 time steps
AutoTuner: Block shape <24,48,48> took 1.938500 (s) in 3 time steps
AutoTuner: Block shape <48,48,48> took 1.876619 (s) in 3 time steps
AutoTuner: Block shape <64,32,32> took 1.971343 (s) in 3 time steps
AutoTuner: Block shape <32,64,32> took 2.051919 (s) in 3 time steps
AutoTuner: Block shape <64,64,32> took 1.992444 (s) in 3 time steps
AutoTuner: Block shape <64,32,64> took 1.799210 (s) in 3 time steps
AutoTuner: Block shape <32,64,64> took 1.913587 (s) in 3 time steps
AutoTuner: Block shape <80,40,40> took 1.798953 (s) in 3 time steps
AutoTuner: Block shape <40,80,40> took 1.877190 (s) in 3 time steps
AutoTuner: Block shape <40,40,80> took 1.804648 (s) in 3 time steps
Auto-tuned block shape: {'x0_block_size': 16, 'y0_block_size': 16, 'z0_block_size': 40}
=========================================================================================
Section section_0<782,782,782> with OI=0.16 computed in 0.324 s [5.91 GFlops/s]
Section section_3<415,1> with OI=0.64 computed in 0.000 s [0.12 GFlops/s]
Section section_4<415,101> with OI=1.27 computed in 0.004 s [0.99 GFlops/s]
Section main<415,782,782,782> with OI=3.56 computed in 556.756 s [83.41 GFlops/s, 0.36 GPts/s]
=========================================================================================
Allocating memory for m ((788, 788, 788))
Allocating memory for damp ((788, 788, 788))
Allocating memory for epsilon ((788, 788, 788))
Allocating memory for delta ((788, 788, 788))
Allocating memory for theta ((788, 788, 788))
Allocating memory for phi ((788, 788, 788))
Allocating memory for src ((417, 1))
Allocating memory for src_coords ((1, 3))
Allocating memory for nrec_coords ((101, 3))
Allocating memory for rec_coords ((101, 3))
DSE: extract_time_varying [flops: 2541, elapsed: 0.23] >>
     extract_time_invariants [flops: 2133, elapsed: 0.10] >>
     eliminate_inter_stencil_redundancies [flops: 939, elapsed: 0.29] >>
     extract_sum_of_products [flops: 681, elapsed: 0.05] >>
     eliminate_inter_stencil_redundancies [flops: 443, elapsed: 0.12] >>
     extract_sum_of_products [flops: 378, elapsed: 0.02] >>
     factorize [flops: 285, elapsed: 0.19] >>
     eliminate_intra_stencil_redundancies [flops: 233, elapsed: 0.05] >>
     finalize [flops: 234, elapsed: 0.00]
     [Total elapsed: 1.06 s]
DLE: avoid_denormals [elapsed: 0.00] >>
     loop_fission [elapsed: 0.01] >>
     loop_blocking [elapsed: 0.37] >>
     simdize [elapsed: 0.05] >>
     ompize [elapsed: 0.04] >>
     create_elemental_functions [elapsed: 0.29] >>
     minimize_remainders [elapsed: 0.02]
     [Total elapsed: 0.76 s]
Allocating memory for rec ((417, 101))
Allocating memory for u ((3, 788, 788, 788))
Allocating memory for v ((3, 788, 788, 788))
IntelCompiler: compiled /tmp/devito-yge3vynx/afda3a5ade6b166b5fa4af28c754d797c0e18797.c [4.32 s]
AutoTuner: Block shape <8,8,8> took 2.228283 (s) in 3 time steps
AutoTuner: Block shape <16,16,16> took 2.051433 (s) in 3 time steps
AutoTuner: Block shape <24,24,24> took 1.831055 (s) in 3 time steps
AutoTuner: Block shape <32,32,32> took 1.975526 (s) in 3 time steps
AutoTuner: Block shape <40,40,40> took 1.814932 (s) in 3 time steps
AutoTuner: Block shape <8,8,16> took 2.191616 (s) in 3 time steps
AutoTuner: Block shape <8,8,24> took 1.943995 (s) in 3 time steps
AutoTuner: Block shape <8,8,32> took 2.035872 (s) in 3 time steps
AutoTuner: Block shape <8,8,40> took 1.910205 (s) in 3 time steps
AutoTuner: Block shape <8,8,64> took 2.008199 (s) in 3 time steps
AutoTuner: Block shape <8,8,128> took 2.068069 (s) in 3 time steps
AutoTuner: Block shape <8,8,256> took 2.199666 (s) in 3 time steps
AutoTuner: Block shape <8,8,512> took 2.268051 (s) in 3 time steps
AutoTuner: Block shape <8,8,776> took 2.399075 (s) in 3 time steps
AutoTuner: Block shape <16,16,8> took 1.926358 (s) in 3 time steps
AutoTuner: Block shape <16,16,24> took 1.735097 (s) in 3 time steps
AutoTuner: Block shape <16,16,32> took 1.887287 (s) in 3 time steps
AutoTuner: Block shape <16,16,40> took 1.723809 (s) in 3 time steps
AutoTuner: Block shape <16,16,64> took 1.842314 (s) in 3 time steps
AutoTuner: Block shape <16,16,128> took 1.886647 (s) in 3 time steps
AutoTuner: Block shape <16,16,256> took 1.920922 (s) in 3 time steps
AutoTuner: Block shape <16,16,512> took 2.089155 (s) in 3 time steps
AutoTuner: Block shape <24,24,8> took 2.210077 (s) in 3 time steps
AutoTuner: Block shape <24,24,16> took 2.225117 (s) in 3 time steps
AutoTuner: Block shape <24,24,32> took 1.941537 (s) in 3 time steps
AutoTuner: Block shape <24,24,40> took 1.750962 (s) in 3 time steps
AutoTuner: Block shape <24,24,64> took 1.841954 (s) in 3 time steps
AutoTuner: Block shape <24,24,128> took 1.804586 (s) in 3 time steps
AutoTuner: Block shape <24,24,256> took 1.923861 (s) in 3 time steps
AutoTuner: Block shape <32,32,8> took 2.438397 (s) in 3 time steps
AutoTuner: Block shape <32,32,16> took 2.284942 (s) in 3 time steps
AutoTuner: Block shape <32,32,24> took 1.866607 (s) in 3 time steps
AutoTuner: Block shape <32,32,40> took 1.790682 (s) in 3 time steps
AutoTuner: Block shape <32,32,64> took 1.843387 (s) in 3 time steps
AutoTuner: Block shape <32,32,128> took 1.808297 (s) in 3 time steps
AutoTuner: Block shape <16,8,8> took 2.036174 (s) in 3 time steps
AutoTuner: Block shape <8,16,8> took 2.002031 (s) in 3 time steps
AutoTuner: Block shape <16,8,16> took 2.060598 (s) in 3 time steps
AutoTuner: Block shape <8,16,16> took 2.029024 (s) in 3 time steps
AutoTuner: Block shape <32,16,16> took 2.234014 (s) in 3 time steps
AutoTuner: Block shape <16,32,16> took 2.227306 (s) in 3 time steps
AutoTuner: Block shape <32,16,32> took 1.955468 (s) in 3 time steps
AutoTuner: Block shape <16,32,32> took 1.973797 (s) in 3 time steps
AutoTuner: Block shape <48,24,24> took 1.881126 (s) in 3 time steps
AutoTuner: Block shape <24,48,24> took 1.928652 (s) in 3 time steps
AutoTuner: Block shape <24,24,48> took 1.857811 (s) in 3 time steps
AutoTuner: Block shape <48,48,24> took 1.936640 (s) in 3 time steps
AutoTuner: Block shape <48,24,48> took 1.858218 (s) in 3 time steps
AutoTuner: Block shape <24,48,48> took 1.941890 (s) in 3 time steps
AutoTuner: Block shape <48,48,48> took 1.879063 (s) in 3 time steps
AutoTuner: Block shape <64,32,32> took 1.971490 (s) in 3 time steps
AutoTuner: Block shape <32,64,32> took 2.055469 (s) in 3 time steps
AutoTuner: Block shape <64,64,32> took 1.994294 (s) in 3 time steps
AutoTuner: Block shape <64,32,64> took 1.798993 (s) in 3 time steps
AutoTuner: Block shape <32,64,64> took 1.916545 (s) in 3 time steps
AutoTuner: Block shape <80,40,40> took 1.801194 (s) in 3 time steps
AutoTuner: Block shape <40,80,40> took 1.878117 (s) in 3 time steps
AutoTuner: Block shape <40,40,80> took 1.805976 (s) in 3 time steps
Auto-tuned block shape: {'x0_block_size': 16, 'y0_block_size': 16, 'z0_block_size': 40}
=========================================================================================
Section section_0<782,782,782> with OI=0.16 computed in 0.323 s [5.93 GFlops/s]
Section section_3<415,1> with OI=0.64 computed in 0.000 s [0.12 GFlops/s]
Section section_4<415,101> with OI=1.27 computed in 0.004 s [1.02 GFlops/s]
Section main<415,782,782,782> with OI=3.56 computed in 557.586 s [83.29 GFlops/s, 0.36 GPts/s]
=========================================================================================


OpesciBench: Running 3 repeats - parameters: arch: unknown, autotune: True, dle: advanced, dse: basic, nbpml: 10, shape: (768, 768, 768), space_order: 12, spacing: (20.0, 20.0, 20.0), time_order: 2, tn: 1000
OpesciBench [01:40:42]: --- Run 0 ---
icc -O3 -g -fPIC -Wall -std=c99 -xhost -shared -qopenmp /tmp/devito-yge3vynx/f6f81a1daf2df47448abcb13b4ab73d593ff4238.c -o /tmp/devito-yge3vynx/f6f81a1daf2df47448abcb13b4ab73d593ff4238.so
OpesciBench [02:17:55]: --- Run 0 finished ---

OpesciBench [02:17:55]: --- Run 1 ---
icc -O3 -g -fPIC -Wall -std=c99 -xhost -shared -qopenmp /tmp/devito-yge3vynx/f6f81a1daf2df47448abcb13b4ab73d593ff4238.c -o /tmp/devito-yge3vynx/f6f81a1daf2df47448abcb13b4ab73d593ff4238.so
OpesciBench [02:55:05]: --- Run 1 finished ---

OpesciBench [02:55:05]: --- Run 2 ---
icc -O3 -g -fPIC -Wall -std=c99 -xhost -shared -qopenmp /tmp/devito-yge3vynx/f6f81a1daf2df47448abcb13b4ab73d593ff4238.c -o /tmp/devito-yge3vynx/f6f81a1daf2df47448abcb13b4ab73d593ff4238.so
OpesciBench [03:32:11]: --- Run 2 finished ---





OpesciBench: Running 3 repeats - parameters: arch: unknown, autotune: True, dle: advanced, dse: advanced, nbpml: 10, shape: (768, 768, 768), space_order: 12, spacing: (20.0, 20.0, 20.0), time_order: 2, tn: 1000
OpesciBench [03:32:11]: --- Run 0 ---
icc -O3 -g -fPIC -Wall -std=c99 -xhost -shared -qopenmp /tmp/devito-yge3vynx/5221bf17627bdc61352854762dd319e05041b67c.c -o /tmp/devito-yge3vynx/5221bf17627bdc61352854762dd319e05041b67c.so
OpesciBench [03:54:07]: --- Run 0 finished ---

OpesciBench [03:54:07]: --- Run 1 ---
icc -O3 -g -fPIC -Wall -std=c99 -xhost -shared -qopenmp /tmp/devito-yge3vynx/5221bf17627bdc61352854762dd319e05041b67c.c -o /tmp/devito-yge3vynx/5221bf17627bdc61352854762dd319e05041b67c.so
OpesciBench [04:16:18]: --- Run 1 finished ---

OpesciBench [04:16:18]: --- Run 2 ---
icc -O3 -g -fPIC -Wall -std=c99 -xhost -shared -qopenmp /tmp/devito-yge3vynx/5221bf17627bdc61352854762dd319e05041b67c.c -o /tmp/devito-yge3vynx/5221bf17627bdc61352854762dd319e05041b67c.so
OpesciBench [04:38:15]: --- Run 2 finished ---





OpesciBench: Running 3 repeats - parameters: arch: unknown, autotune: True, dle: advanced, dse: aggressive, nbpml: 10, shape: (768, 768, 768), space_order: 12, spacing: (20.0, 20.0, 20.0), time_order: 2, tn: 1000
OpesciBench [04:38:15]: --- Run 0 ---
icc -O3 -g -fPIC -Wall -std=c99 -xhost -shared -qopenmp /tmp/devito-yge3vynx/2f4effdc633b5e690ea71e3cd8b0f453f623f808.c -o /tmp/devito-yge3vynx/2f4effdc633b5e690ea71e3cd8b0f453f623f808.so
OpesciBench [04:50:31]: --- Run 0 finished ---

OpesciBench [04:50:31]: --- Run 1 ---
icc -O3 -g -fPIC -Wall -std=c99 -xhost -shared -qopenmp /tmp/devito-yge3vynx/283cd1392cda3ac27a152d6be8b3ff2d17b51d7f.c -o /tmp/devito-yge3vynx/283cd1392cda3ac27a152d6be8b3ff2d17b51d7f.so
OpesciBench [05:02:46]: --- Run 1 finished ---

OpesciBench [05:02:46]: --- Run 2 ---
icc -O3 -g -fPIC -Wall -std=c99 -xhost -shared -qopenmp /tmp/devito-yge3vynx/afda3a5ade6b166b5fa4af28c754d797c0e18797.c -o /tmp/devito-yge3vynx/afda3a5ade6b166b5fa4af28c754d797c0e18797.so
OpesciBench [05:15:03]: --- Run 2 finished ---



Fri Dec 22 05:15:03 PST 2017
top - 05:15:03 up 6 days, 14:38,  1 user,  load average: 40.03, 39.20, 37.51
Tasks: 714 total,   1 running, 713 sleeping,   0 stopped,   0 zombie
%Cpu(s): 12.6 us,  0.2 sy,  0.0 ni, 87.1 id,  0.0 wa,  0.0 hi,  0.0 si,  0.0 st
KiB Mem : 19652252+total, 18507968+free,  1873984 used,  9568852 buff/cache
KiB Swap:  4194300 total,  4124520 free,    69780 used. 19359630+avail Mem 

   PID USER      PR  NI    VIRT    RES    SHR S  %CPU %MEM     TIME+ COMMAND
  2486 cyount    20   0  162568   2912   1888 R  12.5  0.0   0:00.03 top
     1 root      20   0  197536   2864   1516 S   0.0  0.0   0:30.93 systemd
     2 root      20   0       0      0      0 S   0.0  0.0   0:00.06 kthreadd
     3 root      20   0       0      0      0 S   0.0  0.0   0:00.33 ksoftirqd/0
     5 root       0 -20       0      0      0 S   0.0  0.0   0:00.00 kworker/0:0H
     6 root      20   0       0      0      0 S   0.0  0.0   0:14.39 kworker/u896:0
     8 root      rt   0       0      0      0 S   0.0  0.0   0:00.78 migration/0
     9 root      20   0       0      0      0 S   0.0  0.0   0:00.00 rcu_bh
    10 root      20   0       0      0      0 S   0.0  0.0   0:53.76 rcu_sched
    11 root      rt   0       0      0      0 S   0.0  0.0   0:02.24 watchdog/0
    12 root      rt   0       0      0      0 S   0.0  0.0   0:01.61 watchdog/1
    13 root      rt   0       0      0      0 S   0.0  0.0   0:00.83 migration/1
    14 root      20   0       0      0      0 S   0.0  0.0   0:00.02 ksoftirqd/1
    16 root       0 -20       0      0      0 S   0.0  0.0   0:00.00 kworker/1:0H
    17 root      rt   0       0      0      0 S   0.0  0.0   0:01.56 watchdog/2
    18 root      rt   0       0      0      0 S   0.0  0.0   0:00.78 migration/2
    19 root      20   0       0      0      0 S   0.0  0.0   0:00.02 ksoftirqd/2
    22 root      rt   0       0      0      0 S   0.0  0.0   0:01.62 watchdog/3
    23 root      rt   0       0      0      0 S   0.0  0.0   0:00.84 migration/3
    24 root      20   0       0      0      0 S   0.0  0.0   0:00.01 ksoftirqd/3
    27 root      rt   0       0      0      0 S   0.0  0.0   0:01.56 watchdog/4
    28 root      rt   0       0      0      0 S   0.0  0.0   0:00.81 migration/4
    29 root      20   0       0      0      0 S   0.0  0.0   0:00.01 ksoftirqd/4
