Fri Dec 22 09:29:15 PST 2017
Linux ortce-knl8 3.10.0-327.el7.x86_64 #1 SMP Thu Oct 29 17:29:29 EDT 2015 x86_64 x86_64 x86_64 GNU/Linux
Architecture:          x86_64
CPU op-mode(s):        32-bit, 64-bit
Byte Order:            Little Endian
CPU(s):                272
On-line CPU(s) list:   0-271
Thread(s) per core:    4
Core(s) per socket:    68
Socket(s):             1
NUMA node(s):          2
Vendor ID:             GenuineIntel
CPU family:            6
Model:                 87
Model name:            Intel(R) Xeon Phi(TM) CPU 7250 @ 1.40GHz
Stepping:              1
CPU MHz:               1395.625
BogoMIPS:              2793.75
L1d cache:             32K
L1i cache:             32K
L2 cache:              1024K
NUMA node0 CPU(s):     0-271
NUMA node1 CPU(s):     
Linux ortce-knl8 3.10.0-327.el7.x86_64 #1 SMP Thu Oct 29 17:29:29 EDT 2015 x86_64 x86_64 x86_64 GNU/Linux
available: 2 nodes (0-1)
node 0 cpus: 0 1 2 3 4 5 6 7 8 9 10 11 12 13 14 15 16 17 18 19 20 21 22 23 24 25 26 27 28 29 30 31 32 33 34 35 36 37 38 39 40 41 42 43 44 45 46 47 48 49 50 51 52 53 54 55 56 57 58 59 60 61 62 63 64 65 66 67 68 69 70 71 72 73 74 75 76 77 78 79 80 81 82 83 84 85 86 87 88 89 90 91 92 93 94 95 96 97 98 99 100 101 102 103 104 105 106 107 108 109 110 111 112 113 114 115 116 117 118 119 120 121 122 123 124 125 126 127 128 129 130 131 132 133 134 135 136 137 138 139 140 141 142 143 144 145 146 147 148 149 150 151 152 153 154 155 156 157 158 159 160 161 162 163 164 165 166 167 168 169 170 171 172 173 174 175 176 177 178 179 180 181 182 183 184 185 186 187 188 189 190 191 192 193 194 195 196 197 198 199 200 201 202 203 204 205 206 207 208 209 210 211 212 213 214 215 216 217 218 219 220 221 222 223 224 225 226 227 228 229 230 231 232 233 234 235 236 237 238 239 240 241 242 243 244 245 246 247 248 249 250 251 252 253 254 255 256 257 258 259 260 261 262 263 264 265 266 267 268 269 270 271
node 0 size: 98200 MB
node 0 free: 94068 MB
node 1 cpus:
node 1 size: 16384 MB
node 1 free: 15049 MB
node distances:
node   0   1 
  0:  10  31 
  1:  31  10 

Per-node system memory usage (in MBs):
                          Node 0          Node 1           Total
                 --------------- --------------- ---------------
MemTotal                98200.81        16384.00       114584.81
MemFree                 94068.93        15049.78       109118.71
MemUsed                  4131.88         1334.22         5466.10
Active                    384.84          222.32          607.16
Inactive                  558.69          304.71          863.41
Active(anon)               83.12            1.15           84.27
Inactive(anon)             25.59            0.00           25.59
Active(file)              301.72          221.17          522.89
Inactive(file)            533.10          304.71          837.82
Unevictable                 0.00            0.00            0.00
Mlocked                     0.00            0.00            0.00
Dirty                       0.00            0.00            0.00
Writeback                   0.00            0.00            0.00
FilePages                 860.48          525.89         1386.37
Mapped                     44.58            0.77           45.35
AnonPages                  82.44            1.15           83.59
Shmem                      25.66            0.00           25.66
KernelStack                40.50            0.00           40.50
PageTables                  6.75            0.06            6.81
NFS_Unstable                0.00            0.00            0.00
Bounce                      0.00            0.00            0.00
WritebackTmp                0.00            0.00            0.00
Slab                      617.21          217.62          834.83
SReclaimable              231.56           85.13          316.70
SUnreclaim                385.64          132.49          518.13
AnonHugePages              10.00            0.00           10.00
HugePages_Total             0.00            0.00            0.00
HugePages_Free              0.00            0.00            0.00
HugePages_Surp              0.00            0.00            0.00
top - 09:29:16 up 4 days, 35 min,  1 user,  load average: 236.15, 181.62, 161.16
Tasks: 2267 total,   1 running, 2266 sleeping,   0 stopped,   0 zombie
%Cpu(s): 25.2 us,  1.6 sy,  0.0 ni, 73.2 id,  0.0 wa,  0.0 hi,  0.0 si,  0.0 st
KiB Mem : 11538529+total, 11173625+free,  1374468 used,  2274564 buff/cache
KiB Swap: 58593276 total, 58593276 free,        0 used. 11311603+avail Mem 

   PID USER      PR  NI    VIRT    RES    SHR S  %CPU %MEM     TIME+ COMMAND
152085 cyount    20   0  152536   4076   1460 R  58.3  0.0   0:00.42 top
   281 root      20   0       0      0      0 S   2.8  0.0   7:59.43 rcu_sched
     1 root      20   0   51548  13932   2384 S   0.0  0.0   1:58.77 systemd
     2 root      20   0       0      0      0 S   0.0  0.0   0:00.15 kthreadd
     3 root      20   0       0      0      0 S   0.0  0.0   0:00.05 ksoftirqd/0
     4 root      20   0       0      0      0 S   0.0  0.0   9:41.25 kworker/0:0
     5 root       0 -20       0      0      0 S   0.0  0.0   0:00.00 kworker/0:0H
     7 root      rt   0       0      0      0 S   0.0  0.0   0:04.67 migration/0
     8 root      20   0       0      0      0 S   0.0  0.0   0:00.00 rcu_bh
     9 root      20   0       0      0      0 S   0.0  0.0   0:00.00 rcuob/0
    10 root      20   0       0      0      0 S   0.0  0.0   0:00.00 rcuob/1
    11 root      20   0       0      0      0 S   0.0  0.0   0:00.00 rcuob/2
    12 root      20   0       0      0      0 S   0.0  0.0   0:00.00 rcuob/3
    13 root      20   0       0      0      0 S   0.0  0.0   0:00.00 rcuob/4
    14 root      20   0       0      0      0 S   0.0  0.0   0:00.00 rcuob/5
    15 root      20   0       0      0      0 S   0.0  0.0   0:00.00 rcuob/6
    16 root      20   0       0      0      0 S   0.0  0.0   0:00.00 rcuob/7
    17 root      20   0       0      0      0 S   0.0  0.0   0:00.00 rcuob/8
    18 root      20   0       0      0      0 S   0.0  0.0   0:00.00 rcuob/9
    19 root      20   0       0      0      0 S   0.0  0.0   0:00.00 rcuob/10
    20 root      20   0       0      0      0 S   0.0  0.0   0:00.00 rcuob/11
    21 root      20   0       0      0      0 S   0.0  0.0   0:00.00 rcuob/12
    22 root      20   0       0      0      0 S   0.0  0.0   0:00.00 rcuob/13
env DEVITO_PLATFORM=knl DEVITO_ISA=avx512 DEVITO_DEBUG_COMPILER=1 DEVITO_DLE_OPTIONS=blockinner:True DEVITO_AUTOTUNING=aggressive DEVITO_BACKEND=core DEVITO_OPENMP=1 DEVITO_ARCH=intel DEVITO_LOGGING=DEBUG DEVITO_YASK_AUTOTUNING=preemptive DEVITO_YASK_DUMP=devito.bench.2017-12-22/tti/core/bmdse/ortce-knl8/grid768/so4 numactl --preferred=1 python examples/seismic/benchmark.py bench -bm dse -P tti -so 4 -to 2 -d 768 768 768 --tn 1000 -x 3 -r devito.bench.2017-12-22/tti/core/bmdse/ortce-knl8/grid768/so4
Allocating memory for m ((788, 788, 788))
Allocating memory for damp ((788, 788, 788))
Allocating memory for epsilon ((788, 788, 788))
Allocating memory for delta ((788, 788, 788))
Allocating memory for theta ((788, 788, 788))
Allocating memory for phi ((788, 788, 788))
Allocating memory for src ((417, 1))
Allocating memory for src_coords ((1, 3))
Allocating memory for nrec_coords ((101, 3))
Allocating memory for rec_coords ((101, 3))
DSE: eliminate_intra_stencil_redundancies [flops: 297, elapsed: 1.25] >>
     finalize [flops: 299, elapsed: 0.10]
     [Total elapsed: 1.35 s]
DLE: avoid_denormals [elapsed: 0.00] >>
     loop_fission [elapsed: 0.12] >>
     loop_blocking [elapsed: 1.18] >>
     simdize [elapsed: 1.64] >>
     ompize [elapsed: 0.72] >>
     create_elemental_functions [elapsed: 2.09] >>
     minimize_remainders [elapsed: 0.15]
     [Total elapsed: 5.90 s]
Allocating memory for rec ((417, 101))
Allocating memory for u ((3, 788, 788, 788))
Allocating memory for v ((3, 788, 788, 788))
IntelCompiler: compiled /tmp/devito-y8bkivxt/e76a5e5431156145bcabff0eed0bfc122ac5460b.c [12.41 s]
AutoTuner: Block shape <8,8,8> took 3.897717 (s) in 3 time steps
AutoTuner: Block shape <16,16,16> took 1.355446 (s) in 3 time steps
AutoTuner: Block shape <24,24,24> took 1.941182 (s) in 3 time steps
AutoTuner: Block shape <32,32,32> took 1.145452 (s) in 3 time steps
AutoTuner: Block shape <40,40,40> took 1.492499 (s) in 3 time steps
AutoTuner: Block shape <64,64,64> took 0.870862 (s) in 3 time steps
AutoTuner: Block shape <128,128,128> took 0.820107 (s) in 3 time steps
AutoTuner: Block shape <256,256,256> took 2.018421 (s) in 3 time steps
AutoTuner: Block shape <512,512,512> took 32.744103 (s) in 3 time steps
AutoTuner: Block shape <784,784,784> took 28.930060 (s) in 3 time steps
AutoTuner: Block shape <8,8,16> took 1.133503 (s) in 3 time steps
AutoTuner: Block shape <8,8,24> took 1.608734 (s) in 3 time steps
AutoTuner: Block shape <8,8,32> took 0.790330 (s) in 3 time steps
AutoTuner: Block shape <8,8,40> took 1.491291 (s) in 3 time steps
AutoTuner: Block shape <8,8,64> took 0.647982 (s) in 3 time steps
AutoTuner: Block shape <8,8,128> took 0.536844 (s) in 3 time steps
AutoTuner: Block shape <8,8,256> took 0.606789 (s) in 3 time steps
AutoTuner: Block shape <8,8,512> took 0.665792 (s) in 3 time steps
AutoTuner: Block shape <8,8,784> took 0.782244 (s) in 3 time steps
AutoTuner: Block shape <16,16,8> took 3.774444 (s) in 3 time steps
AutoTuner: Block shape <16,16,24> took 1.815050 (s) in 3 time steps
AutoTuner: Block shape <16,16,32> took 0.906987 (s) in 3 time steps
AutoTuner: Block shape <16,16,40> took 1.343783 (s) in 3 time steps
AutoTuner: Block shape <16,16,64> took 0.755517 (s) in 3 time steps
AutoTuner: Block shape <16,16,128> took 0.617561 (s) in 3 time steps
AutoTuner: Block shape <16,16,256> took 0.611353 (s) in 3 time steps
AutoTuner: Block shape <16,16,512> took 0.692891 (s) in 3 time steps
AutoTuner: Block shape <16,16,784> took 0.802546 (s) in 3 time steps
AutoTuner: Block shape <24,24,8> took 3.853293 (s) in 3 time steps
AutoTuner: Block shape <24,24,16> took 1.692337 (s) in 3 time steps
AutoTuner: Block shape <24,24,32> took 1.085319 (s) in 3 time steps
AutoTuner: Block shape <24,24,40> took 1.414270 (s) in 3 time steps
AutoTuner: Block shape <24,24,64> took 0.818328 (s) in 3 time steps
AutoTuner: Block shape <24,24,128> took 0.640341 (s) in 3 time steps
AutoTuner: Block shape <24,24,256> took 0.645109 (s) in 3 time steps
AutoTuner: Block shape <24,24,512> took 0.767096 (s) in 3 time steps
AutoTuner: Block shape <24,24,784> took 0.877085 (s) in 3 time steps
AutoTuner: Block shape <32,32,8> took 3.877595 (s) in 3 time steps
AutoTuner: Block shape <32,32,16> took 1.829808 (s) in 3 time steps
AutoTuner: Block shape <32,32,24> took 1.962147 (s) in 3 time steps
AutoTuner: Block shape <32,32,40> took 1.442465 (s) in 3 time steps
AutoTuner: Block shape <32,32,64> took 0.839858 (s) in 3 time steps
AutoTuner: Block shape <32,32,128> took 0.647301 (s) in 3 time steps
AutoTuner: Block shape <32,32,256> took 0.664533 (s) in 3 time steps
AutoTuner: Block shape <32,32,512> took 0.862262 (s) in 3 time steps
AutoTuner: Block shape <32,32,784> took 0.968821 (s) in 3 time steps
AutoTuner: Block shape <16,8,8> took 3.745345 (s) in 3 time steps
AutoTuner: Block shape <8,16,8> took 3.786304 (s) in 3 time steps
AutoTuner: Block shape <16,8,16> took 1.144707 (s) in 3 time steps
AutoTuner: Block shape <8,16,16> took 1.373050 (s) in 3 time steps
AutoTuner: Block shape <32,16,16> took 1.397888 (s) in 3 time steps
AutoTuner: Block shape <16,32,16> took 1.833731 (s) in 3 time steps
AutoTuner: Block shape <32,16,32> took 0.917114 (s) in 3 time steps
AutoTuner: Block shape <16,32,32> took 1.138365 (s) in 3 time steps
AutoTuner: Block shape <48,24,24> took 1.951259 (s) in 3 time steps
AutoTuner: Block shape <24,48,24> took 1.978535 (s) in 3 time steps
AutoTuner: Block shape <24,24,48> took 0.908836 (s) in 3 time steps
AutoTuner: Block shape <48,48,24> took 2.172442 (s) in 3 time steps
AutoTuner: Block shape <48,24,48> took 0.910735 (s) in 3 time steps
AutoTuner: Block shape <24,48,48> took 0.939317 (s) in 3 time steps
AutoTuner: Block shape <48,48,48> took 0.942702 (s) in 3 time steps
AutoTuner: Block shape <64,32,32> took 1.151107 (s) in 3 time steps
AutoTuner: Block shape <32,64,32> took 1.172869 (s) in 3 time steps
AutoTuner: Block shape <64,64,32> took 1.172302 (s) in 3 time steps
AutoTuner: Block shape <64,32,64> took 0.844874 (s) in 3 time steps
AutoTuner: Block shape <32,64,64> took 0.845951 (s) in 3 time steps
AutoTuner: Block shape <80,40,40> took 1.552665 (s) in 3 time steps
AutoTuner: Block shape <40,80,40> took 1.568409 (s) in 3 time steps
AutoTuner: Block shape <40,40,80> took 0.768172 (s) in 3 time steps
AutoTuner: Block shape <80,80,40> took 1.876418 (s) in 3 time steps
AutoTuner: Block shape <80,40,80> took 0.847372 (s) in 3 time steps
AutoTuner: Block shape <40,80,80> took 0.849389 (s) in 3 time steps
AutoTuner: Block shape <80,80,80> took 1.079705 (s) in 3 time steps
AutoTuner: Block shape <128,64,64> took 0.910704 (s) in 3 time steps
AutoTuner: Block shape <64,128,64> took 0.920293 (s) in 3 time steps
AutoTuner: Block shape <64,64,128> took 0.718125 (s) in 3 time steps
AutoTuner: Block shape <128,128,64> took 0.989680 (s) in 3 time steps
AutoTuner: Block shape <128,64,128> took 0.789384 (s) in 3 time steps
AutoTuner: Block shape <64,128,128> took 0.800871 (s) in 3 time steps
AutoTuner: Block shape <256,128,128> took 1.053187 (s) in 3 time steps
AutoTuner: Block shape <128,256,128> took 1.050401 (s) in 3 time steps
AutoTuner: Block shape <128,128,256> took 0.982423 (s) in 3 time steps
AutoTuner: Block shape <256,256,128> took 1.334220 (s) in 3 time steps
AutoTuner: Block shape <256,128,256> took 1.283563 (s) in 3 time steps
AutoTuner: Block shape <128,256,256> took 1.283551 (s) in 3 time steps
AutoTuner: Block shape <512,256,256> took 5.158378 (s) in 3 time steps
AutoTuner: Block shape <256,512,256> took 5.159231 (s) in 3 time steps
AutoTuner: Block shape <256,256,512> took 4.635785 (s) in 3 time steps
AutoTuner: Block shape <512,512,256> took 13.897951 (s) in 3 time steps
AutoTuner: Block shape <512,256,512> took 12.372469 (s) in 3 time steps
AutoTuner: Block shape <256,512,512> took 12.323746 (s) in 3 time steps
Auto-tuned block shape: {'x0_block_size': 8, 'y0_block_size': 8, 'z0_block_size': 128}
=========================================================================================
Section section_1<415,1> with OI=0.64 computed in 0.001 s [0.03 GFlops/s]
Section section_2<415,101> with OI=1.27 computed in 0.023 s [0.17 GFlops/s]
Section main<415,784,784,784> with OI=7.33 computed in 177.145 s [337.55 GFlops/s, 1.13 GPts/s]
=========================================================================================
Allocating memory for m ((788, 788, 788))
Allocating memory for damp ((788, 788, 788))
Allocating memory for epsilon ((788, 788, 788))
Allocating memory for delta ((788, 788, 788))
Allocating memory for theta ((788, 788, 788))
Allocating memory for phi ((788, 788, 788))
Allocating memory for src ((417, 1))
Allocating memory for src_coords ((1, 3))
Allocating memory for nrec_coords ((101, 3))
Allocating memory for rec_coords ((101, 3))
DSE: eliminate_intra_stencil_redundancies [flops: 297, elapsed: 1.29] >>
     finalize [flops: 299, elapsed: 0.10]
     [Total elapsed: 1.39 s]
DLE: avoid_denormals [elapsed: 0.00] >>
     loop_fission [elapsed: 0.12] >>
     loop_blocking [elapsed: 1.22] >>
     simdize [elapsed: 0.52] >>
     ompize [elapsed: 0.71] >>
     create_elemental_functions [elapsed: 2.11] >>
     minimize_remainders [elapsed: 0.16]
     [Total elapsed: 4.85 s]
Allocating memory for rec ((417, 101))
Allocating memory for u ((3, 788, 788, 788))
Allocating memory for v ((3, 788, 788, 788))
IntelCompiler: compiled /tmp/devito-y8bkivxt/e76a5e5431156145bcabff0eed0bfc122ac5460b.c [12.66 s]
AutoTuner: Block shape <8,8,8> took 3.696812 (s) in 3 time steps
AutoTuner: Block shape <16,16,16> took 1.341073 (s) in 3 time steps
AutoTuner: Block shape <24,24,24> took 1.927102 (s) in 3 time steps
AutoTuner: Block shape <32,32,32> took 1.139708 (s) in 3 time steps
AutoTuner: Block shape <40,40,40> took 1.483693 (s) in 3 time steps
AutoTuner: Block shape <64,64,64> took 0.872923 (s) in 3 time steps
AutoTuner: Block shape <128,128,128> took 0.819252 (s) in 3 time steps
AutoTuner: Block shape <256,256,256> took 1.923155 (s) in 3 time steps
AutoTuner: Block shape <512,512,512> took 30.699775 (s) in 3 time steps
AutoTuner: Block shape <784,784,784> took 28.020626 (s) in 3 time steps
AutoTuner: Block shape <8,8,16> took 1.140931 (s) in 3 time steps
AutoTuner: Block shape <8,8,24> took 1.580052 (s) in 3 time steps
AutoTuner: Block shape <8,8,32> took 0.792900 (s) in 3 time steps
AutoTuner: Block shape <8,8,40> took 1.192000 (s) in 3 time steps
AutoTuner: Block shape <8,8,64> took 0.633704 (s) in 3 time steps
AutoTuner: Block shape <8,8,128> took 0.512439 (s) in 3 time steps
AutoTuner: Block shape <8,8,256> took 0.600093 (s) in 3 time steps
AutoTuner: Block shape <8,8,512> took 0.634372 (s) in 3 time steps
AutoTuner: Block shape <8,8,784> took 0.764823 (s) in 3 time steps
AutoTuner: Block shape <16,16,8> took 3.717662 (s) in 3 time steps
AutoTuner: Block shape <16,16,24> took 1.778014 (s) in 3 time steps
AutoTuner: Block shape <16,16,32> took 0.889069 (s) in 3 time steps
AutoTuner: Block shape <16,16,40> took 1.320378 (s) in 3 time steps
AutoTuner: Block shape <16,16,64> took 0.749203 (s) in 3 time steps
AutoTuner: Block shape <16,16,128> took 0.616876 (s) in 3 time steps
AutoTuner: Block shape <16,16,256> took 0.592969 (s) in 3 time steps
AutoTuner: Block shape <16,16,512> took 0.613234 (s) in 3 time steps
AutoTuner: Block shape <16,16,784> took 0.747249 (s) in 3 time steps
AutoTuner: Block shape <24,24,8> took 3.778026 (s) in 3 time steps
AutoTuner: Block shape <24,24,16> took 1.686817 (s) in 3 time steps
AutoTuner: Block shape <24,24,32> took 1.074384 (s) in 3 time steps
AutoTuner: Block shape <24,24,40> took 1.407299 (s) in 3 time steps
AutoTuner: Block shape <24,24,64> took 0.817047 (s) in 3 time steps
AutoTuner: Block shape <24,24,128> took 0.636290 (s) in 3 time steps
AutoTuner: Block shape <24,24,256> took 0.626555 (s) in 3 time steps
AutoTuner: Block shape <24,24,512> took 0.704853 (s) in 3 time steps
AutoTuner: Block shape <24,24,784> took 0.817143 (s) in 3 time steps
AutoTuner: Block shape <32,32,8> took 4.077819 (s) in 3 time steps
AutoTuner: Block shape <32,32,16> took 1.816584 (s) in 3 time steps
AutoTuner: Block shape <32,32,24> took 1.951201 (s) in 3 time steps
AutoTuner: Block shape <32,32,40> took 1.435186 (s) in 3 time steps
AutoTuner: Block shape <32,32,64> took 0.839250 (s) in 3 time steps
AutoTuner: Block shape <32,32,128> took 0.643745 (s) in 3 time steps
AutoTuner: Block shape <32,32,256> took 0.656227 (s) in 3 time steps
AutoTuner: Block shape <32,32,512> took 0.801095 (s) in 3 time steps
AutoTuner: Block shape <32,32,784> took 0.917205 (s) in 3 time steps
AutoTuner: Block shape <16,8,8> took 3.685839 (s) in 3 time steps
AutoTuner: Block shape <8,16,8> took 3.718343 (s) in 3 time steps
AutoTuner: Block shape <16,8,16> took 1.133894 (s) in 3 time steps
AutoTuner: Block shape <8,16,16> took 1.349935 (s) in 3 time steps
AutoTuner: Block shape <32,16,16> took 1.349321 (s) in 3 time steps
AutoTuner: Block shape <16,32,16> took 1.826311 (s) in 3 time steps
AutoTuner: Block shape <32,16,32> took 0.884253 (s) in 3 time steps
AutoTuner: Block shape <16,32,32> took 1.135257 (s) in 3 time steps
AutoTuner: Block shape <48,24,24> took 1.934397 (s) in 3 time steps
AutoTuner: Block shape <24,48,24> took 1.969144 (s) in 3 time steps
AutoTuner: Block shape <24,24,48> took 0.903089 (s) in 3 time steps
AutoTuner: Block shape <48,48,24> took 1.990392 (s) in 3 time steps
AutoTuner: Block shape <48,24,48> took 0.903365 (s) in 3 time steps
AutoTuner: Block shape <24,48,48> took 0.937461 (s) in 3 time steps
AutoTuner: Block shape <48,48,48> took 0.938776 (s) in 3 time steps
AutoTuner: Block shape <64,32,32> took 1.144506 (s) in 3 time steps
AutoTuner: Block shape <32,64,32> took 1.171423 (s) in 3 time steps
AutoTuner: Block shape <64,64,32> took 1.189029 (s) in 3 time steps
AutoTuner: Block shape <64,32,64> took 0.842011 (s) in 3 time steps
AutoTuner: Block shape <32,64,64> took 0.845875 (s) in 3 time steps
AutoTuner: Block shape <80,40,40> took 1.547873 (s) in 3 time steps
AutoTuner: Block shape <40,80,40> took 1.546727 (s) in 3 time steps
AutoTuner: Block shape <40,40,80> took 0.765671 (s) in 3 time steps
AutoTuner: Block shape <80,80,40> took 1.865678 (s) in 3 time steps
AutoTuner: Block shape <80,40,80> took 0.845165 (s) in 3 time steps
AutoTuner: Block shape <40,80,80> took 0.844134 (s) in 3 time steps
AutoTuner: Block shape <80,80,80> took 1.080781 (s) in 3 time steps
AutoTuner: Block shape <128,64,64> took 0.910294 (s) in 3 time steps
AutoTuner: Block shape <64,128,64> took 0.919739 (s) in 3 time steps
AutoTuner: Block shape <64,64,128> took 0.709098 (s) in 3 time steps
AutoTuner: Block shape <128,128,64> took 0.994984 (s) in 3 time steps
AutoTuner: Block shape <128,64,128> took 0.780986 (s) in 3 time steps
AutoTuner: Block shape <64,128,128> took 0.794885 (s) in 3 time steps
AutoTuner: Block shape <256,128,128> took 0.989680 (s) in 3 time steps
AutoTuner: Block shape <128,256,128> took 1.008262 (s) in 3 time steps
AutoTuner: Block shape <128,128,256> took 0.929210 (s) in 3 time steps
AutoTuner: Block shape <256,256,128> took 1.257772 (s) in 3 time steps
AutoTuner: Block shape <256,128,256> took 1.216877 (s) in 3 time steps
AutoTuner: Block shape <128,256,256> took 1.224699 (s) in 3 time steps
AutoTuner: Block shape <512,256,256> took 4.985684 (s) in 3 time steps
AutoTuner: Block shape <256,512,256> took 4.991514 (s) in 3 time steps
AutoTuner: Block shape <256,256,512> took 4.449082 (s) in 3 time steps
AutoTuner: Block shape <512,512,256> took 13.384923 (s) in 3 time steps
AutoTuner: Block shape <512,256,512> took 11.852632 (s) in 3 time steps
AutoTuner: Block shape <256,512,512> took 11.845638 (s) in 3 time steps
Auto-tuned block shape: {'x0_block_size': 8, 'y0_block_size': 8, 'z0_block_size': 128}
=========================================================================================
Section section_1<415,1> with OI=0.64 computed in 0.001 s [0.04 GFlops/s]
Section section_2<415,101> with OI=1.27 computed in 0.023 s [0.16 GFlops/s]
Section main<415,784,784,784> with OI=7.33 computed in 180.516 s [331.25 GFlops/s, 1.11 GPts/s]
=========================================================================================
Allocating memory for m ((788, 788, 788))
Allocating memory for damp ((788, 788, 788))
Allocating memory for epsilon ((788, 788, 788))
Allocating memory for delta ((788, 788, 788))
Allocating memory for theta ((788, 788, 788))
Allocating memory for phi ((788, 788, 788))
Allocating memory for src ((417, 1))
Allocating memory for src_coords ((1, 3))
Allocating memory for nrec_coords ((101, 3))
Allocating memory for rec_coords ((101, 3))
DSE: eliminate_intra_stencil_redundancies [flops: 297, elapsed: 1.29] >>
     finalize [flops: 299, elapsed: 0.10]
     [Total elapsed: 1.39 s]
DLE: avoid_denormals [elapsed: 0.00] >>
     loop_fission [elapsed: 0.12] >>
     loop_blocking [elapsed: 1.23] >>
     simdize [elapsed: 0.53] >>
     ompize [elapsed: 0.72] >>
     create_elemental_functions [elapsed: 2.12] >>
     minimize_remainders [elapsed: 0.16]
     [Total elapsed: 4.88 s]
Allocating memory for rec ((417, 101))
Allocating memory for u ((3, 788, 788, 788))
Allocating memory for v ((3, 788, 788, 788))
IntelCompiler: compiled /tmp/devito-y8bkivxt/e76a5e5431156145bcabff0eed0bfc122ac5460b.c [12.97 s]
AutoTuner: Block shape <8,8,8> took 3.697717 (s) in 3 time steps
AutoTuner: Block shape <16,16,16> took 1.342171 (s) in 3 time steps
AutoTuner: Block shape <24,24,24> took 1.924630 (s) in 3 time steps
AutoTuner: Block shape <32,32,32> took 1.139300 (s) in 3 time steps
AutoTuner: Block shape <40,40,40> took 1.483646 (s) in 3 time steps
AutoTuner: Block shape <64,64,64> took 0.873508 (s) in 3 time steps
AutoTuner: Block shape <128,128,128> took 0.818242 (s) in 3 time steps
AutoTuner: Block shape <256,256,256> took 1.931643 (s) in 3 time steps
AutoTuner: Block shape <512,512,512> took 30.703364 (s) in 3 time steps
AutoTuner: Block shape <784,784,784> took 28.054215 (s) in 3 time steps
AutoTuner: Block shape <8,8,16> took 1.140787 (s) in 3 time steps
AutoTuner: Block shape <8,8,24> took 1.580518 (s) in 3 time steps
AutoTuner: Block shape <8,8,32> took 0.792734 (s) in 3 time steps
AutoTuner: Block shape <8,8,40> took 1.191820 (s) in 3 time steps
AutoTuner: Block shape <8,8,64> took 0.634705 (s) in 3 time steps
AutoTuner: Block shape <8,8,128> took 0.512362 (s) in 3 time steps
AutoTuner: Block shape <8,8,256> took 0.601143 (s) in 3 time steps
AutoTuner: Block shape <8,8,512> took 0.674136 (s) in 3 time steps
AutoTuner: Block shape <8,8,784> took 0.797280 (s) in 3 time steps
AutoTuner: Block shape <16,16,8> took 3.719345 (s) in 3 time steps
AutoTuner: Block shape <16,16,24> took 1.776503 (s) in 3 time steps
AutoTuner: Block shape <16,16,32> took 0.889022 (s) in 3 time steps
AutoTuner: Block shape <16,16,40> took 1.320073 (s) in 3 time steps
AutoTuner: Block shape <16,16,64> took 0.749940 (s) in 3 time steps
AutoTuner: Block shape <16,16,128> took 0.617501 (s) in 3 time steps
AutoTuner: Block shape <16,16,256> took 0.594359 (s) in 3 time steps
AutoTuner: Block shape <16,16,512> took 0.612896 (s) in 3 time steps
AutoTuner: Block shape <16,16,784> took 0.746742 (s) in 3 time steps
AutoTuner: Block shape <24,24,8> took 3.782151 (s) in 3 time steps
AutoTuner: Block shape <24,24,16> took 1.683986 (s) in 3 time steps
AutoTuner: Block shape <24,24,32> took 1.073945 (s) in 3 time steps
AutoTuner: Block shape <24,24,40> took 1.408284 (s) in 3 time steps
AutoTuner: Block shape <24,24,64> took 0.817799 (s) in 3 time steps
AutoTuner: Block shape <24,24,128> took 0.636229 (s) in 3 time steps
AutoTuner: Block shape <24,24,256> took 0.625673 (s) in 3 time steps
AutoTuner: Block shape <24,24,512> took 0.704253 (s) in 3 time steps
AutoTuner: Block shape <24,24,784> took 0.816367 (s) in 3 time steps
AutoTuner: Block shape <32,32,8> took 3.834289 (s) in 3 time steps
AutoTuner: Block shape <32,32,16> took 1.816735 (s) in 3 time steps
AutoTuner: Block shape <32,32,24> took 1.949750 (s) in 3 time steps
AutoTuner: Block shape <32,32,40> took 1.435109 (s) in 3 time steps
AutoTuner: Block shape <32,32,64> took 0.838991 (s) in 3 time steps
AutoTuner: Block shape <32,32,128> took 0.642255 (s) in 3 time steps
AutoTuner: Block shape <32,32,256> took 0.647103 (s) in 3 time steps
AutoTuner: Block shape <32,32,512> took 0.798768 (s) in 3 time steps
AutoTuner: Block shape <32,32,784> took 0.913507 (s) in 3 time steps
AutoTuner: Block shape <16,8,8> took 3.689827 (s) in 3 time steps
AutoTuner: Block shape <8,16,8> took 3.721740 (s) in 3 time steps
AutoTuner: Block shape <16,8,16> took 1.133558 (s) in 3 time steps
AutoTuner: Block shape <8,16,16> took 1.346003 (s) in 3 time steps
AutoTuner: Block shape <32,16,16> took 1.348516 (s) in 3 time steps
AutoTuner: Block shape <16,32,16> took 1.825350 (s) in 3 time steps
AutoTuner: Block shape <32,16,32> took 0.885169 (s) in 3 time steps
AutoTuner: Block shape <16,32,32> took 1.135376 (s) in 3 time steps
AutoTuner: Block shape <48,24,24> took 2.152983 (s) in 3 time steps
AutoTuner: Block shape <24,48,24> took 1.969802 (s) in 3 time steps
AutoTuner: Block shape <24,24,48> took 0.903018 (s) in 3 time steps
AutoTuner: Block shape <48,48,24> took 1.990858 (s) in 3 time steps
AutoTuner: Block shape <48,24,48> took 0.903621 (s) in 3 time steps
AutoTuner: Block shape <24,48,48> took 0.938261 (s) in 3 time steps
AutoTuner: Block shape <48,48,48> took 0.938819 (s) in 3 time steps
AutoTuner: Block shape <64,32,32> took 1.143666 (s) in 3 time steps
AutoTuner: Block shape <32,64,32> took 1.171097 (s) in 3 time steps
AutoTuner: Block shape <64,64,32> took 1.170478 (s) in 3 time steps
AutoTuner: Block shape <64,32,64> took 0.841090 (s) in 3 time steps
AutoTuner: Block shape <32,64,64> took 0.846280 (s) in 3 time steps
AutoTuner: Block shape <80,40,40> took 1.548252 (s) in 3 time steps
AutoTuner: Block shape <40,80,40> took 1.547388 (s) in 3 time steps
AutoTuner: Block shape <40,40,80> took 0.766133 (s) in 3 time steps
AutoTuner: Block shape <80,80,40> took 1.867317 (s) in 3 time steps
AutoTuner: Block shape <80,40,80> took 0.845897 (s) in 3 time steps
AutoTuner: Block shape <40,80,80> took 0.842629 (s) in 3 time steps
AutoTuner: Block shape <80,80,80> took 1.069659 (s) in 3 time steps
AutoTuner: Block shape <128,64,64> took 0.911409 (s) in 3 time steps
AutoTuner: Block shape <64,128,64> took 0.922003 (s) in 3 time steps
AutoTuner: Block shape <64,64,128> took 0.708635 (s) in 3 time steps
AutoTuner: Block shape <128,128,64> took 0.998169 (s) in 3 time steps
AutoTuner: Block shape <128,64,128> took 0.780866 (s) in 3 time steps
AutoTuner: Block shape <64,128,128> took 0.793539 (s) in 3 time steps
AutoTuner: Block shape <256,128,128> took 0.981062 (s) in 3 time steps
AutoTuner: Block shape <128,256,128> took 1.008934 (s) in 3 time steps
AutoTuner: Block shape <128,128,256> took 0.933627 (s) in 3 time steps
AutoTuner: Block shape <256,256,128> took 1.249141 (s) in 3 time steps
AutoTuner: Block shape <256,128,256> took 1.217889 (s) in 3 time steps
AutoTuner: Block shape <128,256,256> took 1.228089 (s) in 3 time steps
AutoTuner: Block shape <512,256,256> took 4.988127 (s) in 3 time steps
AutoTuner: Block shape <256,512,256> took 4.989650 (s) in 3 time steps
AutoTuner: Block shape <256,256,512> took 4.452824 (s) in 3 time steps
AutoTuner: Block shape <512,512,256> took 13.387720 (s) in 3 time steps
AutoTuner: Block shape <512,256,512> took 11.856994 (s) in 3 time steps
AutoTuner: Block shape <256,512,512> took 11.847062 (s) in 3 time steps
Auto-tuned block shape: {'x0_block_size': 8, 'y0_block_size': 8, 'z0_block_size': 128}
=========================================================================================
Section section_1<415,1> with OI=0.64 computed in 0.001 s [0.04 GFlops/s]
Section section_2<415,101> with OI=1.27 computed in 0.031 s [0.13 GFlops/s]
Section main<415,784,784,784> with OI=7.33 computed in 180.948 s [330.46 GFlops/s, 1.11 GPts/s]
=========================================================================================
Allocating memory for m ((788, 788, 788))
Allocating memory for damp ((788, 788, 788))
Allocating memory for epsilon ((788, 788, 788))
Allocating memory for delta ((788, 788, 788))
Allocating memory for theta ((788, 788, 788))
Allocating memory for phi ((788, 788, 788))
Allocating memory for src ((417, 1))
Allocating memory for src_coords ((1, 3))
Allocating memory for nrec_coords ((101, 3))
Allocating memory for rec_coords ((101, 3))
DSE: extract_time_invariants [flops: 533, elapsed: 0.72] >>
     eliminate_inter_stencil_redundancies [flops: 491, elapsed: 1.27] >>
     eliminate_intra_stencil_redundancies [flops: 241, elapsed: 0.98] >>
     factorize [flops: 226, elapsed: 1.01] >>
     finalize [flops: 228, elapsed: 0.07]
     [Total elapsed: 4.05 s]
DLE: avoid_denormals [elapsed: 0.00] >>
     loop_fission [elapsed: 0.11] >>
     loop_blocking [elapsed: 1.08] >>
     simdize [elapsed: 0.49] >>
     ompize [elapsed: 0.70] >>
     create_elemental_functions [elapsed: 2.04] >>
     minimize_remainders [elapsed: 0.14]
     [Total elapsed: 4.57 s]
Allocating memory for rec ((417, 101))
Allocating memory for u ((3, 788, 788, 788))
Allocating memory for v ((3, 788, 788, 788))
IntelCompiler: compiled /tmp/devito-y8bkivxt/1a300a6eae984663d1c29483feabc8e5c918b4e1.c [18.18 s]
AutoTuner: Block shape <8,8,8> took 2.551125 (s) in 3 time steps
AutoTuner: Block shape <16,16,16> took 1.961234 (s) in 3 time steps
AutoTuner: Block shape <24,24,24> took 1.917254 (s) in 3 time steps
AutoTuner: Block shape <32,32,32> took 1.549820 (s) in 3 time steps
AutoTuner: Block shape <40,40,40> took 1.504335 (s) in 3 time steps
AutoTuner: Block shape <64,64,64> took 1.234858 (s) in 3 time steps
AutoTuner: Block shape <128,128,128> took 1.129906 (s) in 3 time steps
AutoTuner: Block shape <256,256,256> took 1.579244 (s) in 3 time steps
AutoTuner: Block shape <512,512,512> took 13.390918 (s) in 3 time steps
AutoTuner: Block shape <784,784,784> took 10.790486 (s) in 3 time steps
AutoTuner: Block shape <8,8,16> took 1.576671 (s) in 3 time steps
AutoTuner: Block shape <8,8,24> took 1.478112 (s) in 3 time steps
AutoTuner: Block shape <8,8,32> took 1.208973 (s) in 3 time steps
AutoTuner: Block shape <8,8,40> took 1.230919 (s) in 3 time steps
AutoTuner: Block shape <8,8,64> took 1.056743 (s) in 3 time steps
AutoTuner: Block shape <8,8,128> took 1.021104 (s) in 3 time steps
AutoTuner: Block shape <8,8,256> took 1.033458 (s) in 3 time steps
AutoTuner: Block shape <8,8,512> took 1.080076 (s) in 3 time steps
AutoTuner: Block shape <8,8,784> took 1.222115 (s) in 3 time steps
AutoTuner: Block shape <16,16,8> took 3.095964 (s) in 3 time steps
AutoTuner: Block shape <16,16,24> took 1.782553 (s) in 3 time steps
AutoTuner: Block shape <16,16,32> took 1.427723 (s) in 3 time steps
AutoTuner: Block shape <16,16,40> took 1.410644 (s) in 3 time steps
AutoTuner: Block shape <16,16,64> took 1.166614 (s) in 3 time steps
AutoTuner: Block shape <16,16,128> took 1.055186 (s) in 3 time steps
AutoTuner: Block shape <16,16,256> took 1.023310 (s) in 3 time steps
AutoTuner: Block shape <16,16,512> took 1.058552 (s) in 3 time steps
AutoTuner: Block shape <16,16,784> took 1.211740 (s) in 3 time steps
AutoTuner: Block shape <24,24,8> took 3.520719 (s) in 3 time steps
AutoTuner: Block shape <24,24,16> took 2.159034 (s) in 3 time steps
AutoTuner: Block shape <24,24,32> took 1.547600 (s) in 3 time steps
AutoTuner: Block shape <24,24,40> took 1.474441 (s) in 3 time steps
AutoTuner: Block shape <24,24,64> took 1.195045 (s) in 3 time steps
AutoTuner: Block shape <24,24,128> took 1.049067 (s) in 3 time steps
AutoTuner: Block shape <24,24,256> took 1.023459 (s) in 3 time steps
AutoTuner: Block shape <24,24,512> took 1.088047 (s) in 3 time steps
AutoTuner: Block shape <24,24,784> took 1.207191 (s) in 3 time steps
AutoTuner: Block shape <32,32,8> took 3.755114 (s) in 3 time steps
AutoTuner: Block shape <32,32,16> took 2.237177 (s) in 3 time steps
AutoTuner: Block shape <32,32,24> took 1.958886 (s) in 3 time steps
AutoTuner: Block shape <32,32,40> took 1.494634 (s) in 3 time steps
AutoTuner: Block shape <32,32,64> took 1.203624 (s) in 3 time steps
AutoTuner: Block shape <32,32,128> took 1.056866 (s) in 3 time steps
AutoTuner: Block shape <32,32,256> took 1.040676 (s) in 3 time steps
AutoTuner: Block shape <32,32,512> took 1.610978 (s) in 3 time steps
AutoTuner: Block shape <32,32,784> took 1.209061 (s) in 3 time steps
AutoTuner: Block shape <16,8,8> took 2.644414 (s) in 3 time steps
AutoTuner: Block shape <8,16,8> took 3.123029 (s) in 3 time steps
AutoTuner: Block shape <16,8,16> took 1.617166 (s) in 3 time steps
AutoTuner: Block shape <8,16,16> took 1.920047 (s) in 3 time steps
AutoTuner: Block shape <32,16,16> took 1.997424 (s) in 3 time steps
AutoTuner: Block shape <16,32,16> took 2.229529 (s) in 3 time steps
AutoTuner: Block shape <32,16,32> took 1.438369 (s) in 3 time steps
AutoTuner: Block shape <16,32,32> took 1.577425 (s) in 3 time steps
AutoTuner: Block shape <48,24,24> took 1.916420 (s) in 3 time steps
AutoTuner: Block shape <24,48,24> took 1.968672 (s) in 3 time steps
AutoTuner: Block shape <24,24,48> took 1.310158 (s) in 3 time steps
AutoTuner: Block shape <48,48,24> took 1.965842 (s) in 3 time steps
AutoTuner: Block shape <48,24,48> took 1.309675 (s) in 3 time steps
AutoTuner: Block shape <24,48,48> took 1.322575 (s) in 3 time steps
AutoTuner: Block shape <48,48,48> took 1.315278 (s) in 3 time steps
AutoTuner: Block shape <64,32,32> took 1.547864 (s) in 3 time steps
AutoTuner: Block shape <32,64,32> took 1.564414 (s) in 3 time steps
AutoTuner: Block shape <64,64,32> took 1.573029 (s) in 3 time steps
AutoTuner: Block shape <64,32,64> took 1.214485 (s) in 3 time steps
AutoTuner: Block shape <32,64,64> took 1.210805 (s) in 3 time steps
AutoTuner: Block shape <80,40,40> took 1.507222 (s) in 3 time steps
AutoTuner: Block shape <40,80,40> took 1.497559 (s) in 3 time steps
AutoTuner: Block shape <40,40,80> took 1.146441 (s) in 3 time steps
AutoTuner: Block shape <80,80,40> took 1.529992 (s) in 3 time steps
AutoTuner: Block shape <80,40,80> took 1.180195 (s) in 3 time steps
AutoTuner: Block shape <40,80,80> took 1.186961 (s) in 3 time steps
AutoTuner: Block shape <80,80,80> took 1.283737 (s) in 3 time steps
AutoTuner: Block shape <128,64,64> took 1.277032 (s) in 3 time steps
AutoTuner: Block shape <64,128,64> took 1.268321 (s) in 3 time steps
AutoTuner: Block shape <64,64,128> took 1.096607 (s) in 3 time steps
AutoTuner: Block shape <128,128,64> took 1.299567 (s) in 3 time steps
AutoTuner: Block shape <128,64,128> took 1.124003 (s) in 3 time steps
AutoTuner: Block shape <64,128,128> took 1.133374 (s) in 3 time steps
AutoTuner: Block shape <256,128,128> took 1.293713 (s) in 3 time steps
AutoTuner: Block shape <128,256,128> took 1.273999 (s) in 3 time steps
AutoTuner: Block shape <128,128,256> took 1.219324 (s) in 3 time steps
AutoTuner: Block shape <256,256,128> took 1.513919 (s) in 3 time steps
AutoTuner: Block shape <256,128,256> took 1.357320 (s) in 3 time steps
AutoTuner: Block shape <128,256,256> took 1.337817 (s) in 3 time steps
AutoTuner: Block shape <512,256,256> took 3.077407 (s) in 3 time steps
AutoTuner: Block shape <256,512,256> took 3.075470 (s) in 3 time steps
AutoTuner: Block shape <256,256,512> took 2.509516 (s) in 3 time steps
AutoTuner: Block shape <512,512,256> took 7.675760 (s) in 3 time steps
AutoTuner: Block shape <512,256,512> took 6.222615 (s) in 3 time steps
AutoTuner: Block shape <256,512,512> took 6.219832 (s) in 3 time steps
Auto-tuned block shape: {'x0_block_size': 8, 'y0_block_size': 8, 'z0_block_size': 128}
=========================================================================================
Section section_0<786,786,786> with OI=0.35 computed in 0.330 s [10.30 GFlops/s]
Section section_2<415,1> with OI=0.64 computed in 0.001 s [0.04 GFlops/s]
Section section_3<415,101> with OI=1.27 computed in 0.038 s [0.10 GFlops/s]
Section main<415,784,784,784> with OI=5.08 computed in 173.182 s [263.29 GFlops/s, 1.15 GPts/s]
=========================================================================================
Allocating memory for m ((788, 788, 788))
Allocating memory for damp ((788, 788, 788))
Allocating memory for epsilon ((788, 788, 788))
Allocating memory for delta ((788, 788, 788))
Allocating memory for theta ((788, 788, 788))
Allocating memory for phi ((788, 788, 788))
Allocating memory for src ((417, 1))
Allocating memory for src_coords ((1, 3))
Allocating memory for nrec_coords ((101, 3))
Allocating memory for rec_coords ((101, 3))
DSE: extract_time_invariants [flops: 533, elapsed: 0.72] >>
     eliminate_inter_stencil_redundancies [flops: 491, elapsed: 1.27] >>
     eliminate_intra_stencil_redundancies [flops: 241, elapsed: 0.98] >>
     factorize [flops: 226, elapsed: 1.00] >>
     finalize [flops: 228, elapsed: 0.07]
     [Total elapsed: 4.03 s]
DLE: avoid_denormals [elapsed: 0.00] >>
     loop_fission [elapsed: 0.11] >>
     loop_blocking [elapsed: 1.08] >>
     simdize [elapsed: 0.50] >>
     ompize [elapsed: 0.70] >>
     create_elemental_functions [elapsed: 2.05] >>
     minimize_remainders [elapsed: 0.14]
     [Total elapsed: 4.58 s]
Allocating memory for rec ((417, 101))
Allocating memory for u ((3, 788, 788, 788))
Allocating memory for v ((3, 788, 788, 788))
IntelCompiler: compiled /tmp/devito-y8bkivxt/1a300a6eae984663d1c29483feabc8e5c918b4e1.c [17.93 s]
AutoTuner: Block shape <8,8,8> took 2.543732 (s) in 3 time steps
AutoTuner: Block shape <16,16,16> took 1.955098 (s) in 3 time steps
AutoTuner: Block shape <24,24,24> took 1.915578 (s) in 3 time steps
AutoTuner: Block shape <32,32,32> took 1.550586 (s) in 3 time steps
AutoTuner: Block shape <40,40,40> took 1.498450 (s) in 3 time steps
AutoTuner: Block shape <64,64,64> took 1.232290 (s) in 3 time steps
AutoTuner: Block shape <128,128,128> took 1.129640 (s) in 3 time steps
AutoTuner: Block shape <256,256,256> took 1.576310 (s) in 3 time steps
AutoTuner: Block shape <512,512,512> took 13.393193 (s) in 3 time steps
AutoTuner: Block shape <784,784,784> took 10.784240 (s) in 3 time steps
AutoTuner: Block shape <8,8,16> took 1.574808 (s) in 3 time steps
AutoTuner: Block shape <8,8,24> took 1.480455 (s) in 3 time steps
AutoTuner: Block shape <8,8,32> took 1.206783 (s) in 3 time steps
AutoTuner: Block shape <8,8,40> took 1.230157 (s) in 3 time steps
AutoTuner: Block shape <8,8,64> took 1.066675 (s) in 3 time steps
AutoTuner: Block shape <8,8,128> took 1.015248 (s) in 3 time steps
AutoTuner: Block shape <8,8,256> took 1.030673 (s) in 3 time steps
AutoTuner: Block shape <8,8,512> took 1.080686 (s) in 3 time steps
AutoTuner: Block shape <8,8,784> took 1.223437 (s) in 3 time steps
AutoTuner: Block shape <16,16,8> took 3.095152 (s) in 3 time steps
AutoTuner: Block shape <16,16,24> took 1.809412 (s) in 3 time steps
AutoTuner: Block shape <16,16,32> took 1.425066 (s) in 3 time steps
AutoTuner: Block shape <16,16,40> took 1.409194 (s) in 3 time steps
AutoTuner: Block shape <16,16,64> took 1.162074 (s) in 3 time steps
AutoTuner: Block shape <16,16,128> took 1.053197 (s) in 3 time steps
AutoTuner: Block shape <16,16,256> took 1.024858 (s) in 3 time steps
AutoTuner: Block shape <16,16,512> took 1.060352 (s) in 3 time steps
AutoTuner: Block shape <16,16,784> took 1.209916 (s) in 3 time steps
AutoTuner: Block shape <24,24,8> took 3.519052 (s) in 3 time steps
AutoTuner: Block shape <24,24,16> took 2.155237 (s) in 3 time steps
AutoTuner: Block shape <24,24,32> took 1.522742 (s) in 3 time steps
AutoTuner: Block shape <24,24,40> took 1.477564 (s) in 3 time steps
AutoTuner: Block shape <24,24,64> took 1.197915 (s) in 3 time steps
AutoTuner: Block shape <24,24,128> took 1.051364 (s) in 3 time steps
AutoTuner: Block shape <24,24,256> took 1.055704 (s) in 3 time steps
AutoTuner: Block shape <24,24,512> took 1.085615 (s) in 3 time steps
AutoTuner: Block shape <24,24,784> took 1.205876 (s) in 3 time steps
AutoTuner: Block shape <32,32,8> took 3.751371 (s) in 3 time steps
AutoTuner: Block shape <32,32,16> took 2.235093 (s) in 3 time steps
AutoTuner: Block shape <32,32,24> took 1.958635 (s) in 3 time steps
AutoTuner: Block shape <32,32,40> took 1.491730 (s) in 3 time steps
AutoTuner: Block shape <32,32,64> took 1.205939 (s) in 3 time steps
AutoTuner: Block shape <32,32,128> took 1.058497 (s) in 3 time steps
AutoTuner: Block shape <32,32,256> took 1.034663 (s) in 3 time steps
AutoTuner: Block shape <32,32,512> took 1.089043 (s) in 3 time steps
AutoTuner: Block shape <32,32,784> took 1.208773 (s) in 3 time steps
AutoTuner: Block shape <16,8,8> took 2.764164 (s) in 3 time steps
AutoTuner: Block shape <8,16,8> took 3.259311 (s) in 3 time steps
AutoTuner: Block shape <16,8,16> took 1.616373 (s) in 3 time steps
AutoTuner: Block shape <8,16,16> took 1.919558 (s) in 3 time steps
AutoTuner: Block shape <32,16,16> took 1.993491 (s) in 3 time steps
AutoTuner: Block shape <16,32,16> took 2.229577 (s) in 3 time steps
AutoTuner: Block shape <32,16,32> took 1.438618 (s) in 3 time steps
AutoTuner: Block shape <16,32,32> took 1.555155 (s) in 3 time steps
AutoTuner: Block shape <48,24,24> took 1.913918 (s) in 3 time steps
AutoTuner: Block shape <24,48,24> took 1.969712 (s) in 3 time steps
AutoTuner: Block shape <24,24,48> took 1.339911 (s) in 3 time steps
AutoTuner: Block shape <48,48,24> took 1.959347 (s) in 3 time steps
AutoTuner: Block shape <48,24,48> took 1.307505 (s) in 3 time steps
AutoTuner: Block shape <24,48,48> took 1.321988 (s) in 3 time steps
AutoTuner: Block shape <48,48,48> took 1.320214 (s) in 3 time steps
AutoTuner: Block shape <64,32,32> took 1.548960 (s) in 3 time steps
AutoTuner: Block shape <32,64,32> took 1.569227 (s) in 3 time steps
AutoTuner: Block shape <64,64,32> took 1.571197 (s) in 3 time steps
AutoTuner: Block shape <64,32,64> took 1.209826 (s) in 3 time steps
AutoTuner: Block shape <32,64,64> took 1.206847 (s) in 3 time steps
AutoTuner: Block shape <80,40,40> took 1.504703 (s) in 3 time steps
AutoTuner: Block shape <40,80,40> took 1.502669 (s) in 3 time steps
AutoTuner: Block shape <40,40,80> took 1.144940 (s) in 3 time steps
AutoTuner: Block shape <80,80,40> took 1.529391 (s) in 3 time steps
AutoTuner: Block shape <80,40,80> took 1.182564 (s) in 3 time steps
AutoTuner: Block shape <40,80,80> took 1.183203 (s) in 3 time steps
AutoTuner: Block shape <80,80,80> took 1.285355 (s) in 3 time steps
AutoTuner: Block shape <128,64,64> took 1.257517 (s) in 3 time steps
AutoTuner: Block shape <64,128,64> took 1.267007 (s) in 3 time steps
AutoTuner: Block shape <64,64,128> took 1.095669 (s) in 3 time steps
AutoTuner: Block shape <128,128,64> took 1.296522 (s) in 3 time steps
AutoTuner: Block shape <128,64,128> took 1.118947 (s) in 3 time steps
AutoTuner: Block shape <64,128,128> took 1.132242 (s) in 3 time steps
AutoTuner: Block shape <256,128,128> took 1.248906 (s) in 3 time steps
AutoTuner: Block shape <128,256,128> took 1.234623 (s) in 3 time steps
AutoTuner: Block shape <128,128,256> took 1.202087 (s) in 3 time steps
AutoTuner: Block shape <256,256,128> took 1.621267 (s) in 3 time steps
AutoTuner: Block shape <256,128,256> took 1.290926 (s) in 3 time steps
AutoTuner: Block shape <128,256,256> took 1.345651 (s) in 3 time steps
AutoTuner: Block shape <512,256,256> took 3.093424 (s) in 3 time steps
AutoTuner: Block shape <256,512,256> took 3.075463 (s) in 3 time steps
AutoTuner: Block shape <256,256,512> took 2.507357 (s) in 3 time steps
AutoTuner: Block shape <512,512,256> took 7.676557 (s) in 3 time steps
AutoTuner: Block shape <512,256,512> took 6.225691 (s) in 3 time steps
AutoTuner: Block shape <256,512,512> took 6.216902 (s) in 3 time steps
Auto-tuned block shape: {'x0_block_size': 8, 'y0_block_size': 8, 'z0_block_size': 128}
=========================================================================================
Section section_0<786,786,786> with OI=0.35 computed in 0.332 s [10.24 GFlops/s]
Section section_2<415,1> with OI=0.64 computed in 0.001 s [0.04 GFlops/s]
Section section_3<415,101> with OI=1.27 computed in 0.060 s [0.06 GFlops/s]
Section main<415,784,784,784> with OI=5.08 computed in 173.163 s [263.31 GFlops/s, 1.15 GPts/s]
=========================================================================================
Allocating memory for m ((788, 788, 788))
Allocating memory for damp ((788, 788, 788))
Allocating memory for epsilon ((788, 788, 788))
Allocating memory for delta ((788, 788, 788))
Allocating memory for theta ((788, 788, 788))
Allocating memory for phi ((788, 788, 788))
Allocating memory for src ((417, 1))
Allocating memory for src_coords ((1, 3))
Allocating memory for nrec_coords ((101, 3))
Allocating memory for rec_coords ((101, 3))
DSE: extract_time_invariants [flops: 533, elapsed: 0.72] >>
     eliminate_inter_stencil_redundancies [flops: 491, elapsed: 1.27] >>
     eliminate_intra_stencil_redundancies [flops: 241, elapsed: 0.98] >>
     factorize [flops: 226, elapsed: 1.00] >>
     finalize [flops: 228, elapsed: 0.07]
     [Total elapsed: 4.04 s]
DLE: avoid_denormals [elapsed: 0.00] >>
     loop_fission [elapsed: 0.11] >>
     loop_blocking [elapsed: 1.08] >>
     simdize [elapsed: 0.50] >>
     ompize [elapsed: 0.71] >>
     create_elemental_functions [elapsed: 2.05] >>
     minimize_remainders [elapsed: 0.14]
     [Total elapsed: 4.60 s]
Allocating memory for rec ((417, 101))
Allocating memory for u ((3, 788, 788, 788))
Allocating memory for v ((3, 788, 788, 788))
IntelCompiler: compiled /tmp/devito-y8bkivxt/1a300a6eae984663d1c29483feabc8e5c918b4e1.c [18.76 s]
AutoTuner: Block shape <8,8,8> took 2.544280 (s) in 3 time steps
AutoTuner: Block shape <16,16,16> took 1.955929 (s) in 3 time steps
AutoTuner: Block shape <24,24,24> took 1.915006 (s) in 3 time steps
AutoTuner: Block shape <32,32,32> took 1.553623 (s) in 3 time steps
AutoTuner: Block shape <40,40,40> took 1.496352 (s) in 3 time steps
AutoTuner: Block shape <64,64,64> took 1.233571 (s) in 3 time steps
AutoTuner: Block shape <128,128,128> took 1.133538 (s) in 3 time steps
AutoTuner: Block shape <256,256,256> took 1.562465 (s) in 3 time steps
AutoTuner: Block shape <512,512,512> took 13.390970 (s) in 3 time steps
AutoTuner: Block shape <784,784,784> took 10.787856 (s) in 3 time steps
AutoTuner: Block shape <8,8,16> took 1.577718 (s) in 3 time steps
AutoTuner: Block shape <8,8,24> took 1.473020 (s) in 3 time steps
AutoTuner: Block shape <8,8,32> took 1.339823 (s) in 3 time steps
AutoTuner: Block shape <8,8,40> took 1.425305 (s) in 3 time steps
AutoTuner: Block shape <8,8,64> took 1.177240 (s) in 3 time steps
AutoTuner: Block shape <8,8,128> took 1.019039 (s) in 3 time steps
AutoTuner: Block shape <8,8,256> took 1.030964 (s) in 3 time steps
AutoTuner: Block shape <8,8,512> took 1.080769 (s) in 3 time steps
AutoTuner: Block shape <8,8,784> took 1.222330 (s) in 3 time steps
AutoTuner: Block shape <16,16,8> took 3.093904 (s) in 3 time steps
AutoTuner: Block shape <16,16,24> took 1.779568 (s) in 3 time steps
AutoTuner: Block shape <16,16,32> took 1.419652 (s) in 3 time steps
AutoTuner: Block shape <16,16,40> took 1.405839 (s) in 3 time steps
AutoTuner: Block shape <16,16,64> took 1.163158 (s) in 3 time steps
AutoTuner: Block shape <16,16,128> took 1.052683 (s) in 3 time steps
AutoTuner: Block shape <16,16,256> took 1.021145 (s) in 3 time steps
AutoTuner: Block shape <16,16,512> took 1.057550 (s) in 3 time steps
AutoTuner: Block shape <16,16,784> took 1.211738 (s) in 3 time steps
AutoTuner: Block shape <24,24,8> took 3.520656 (s) in 3 time steps
AutoTuner: Block shape <24,24,16> took 2.152496 (s) in 3 time steps
AutoTuner: Block shape <24,24,32> took 1.545122 (s) in 3 time steps
AutoTuner: Block shape <24,24,40> took 1.477185 (s) in 3 time steps
AutoTuner: Block shape <24,24,64> took 1.195782 (s) in 3 time steps
AutoTuner: Block shape <24,24,128> took 1.052448 (s) in 3 time steps
AutoTuner: Block shape <24,24,256> took 1.022336 (s) in 3 time steps
AutoTuner: Block shape <24,24,512> took 1.086736 (s) in 3 time steps
AutoTuner: Block shape <24,24,784> took 1.207605 (s) in 3 time steps
AutoTuner: Block shape <32,32,8> took 3.757295 (s) in 3 time steps
AutoTuner: Block shape <32,32,16> took 2.233127 (s) in 3 time steps
AutoTuner: Block shape <32,32,24> took 1.949891 (s) in 3 time steps
AutoTuner: Block shape <32,32,40> took 1.492654 (s) in 3 time steps
AutoTuner: Block shape <32,32,64> took 1.206558 (s) in 3 time steps
AutoTuner: Block shape <32,32,128> took 1.079916 (s) in 3 time steps
AutoTuner: Block shape <32,32,256> took 1.035648 (s) in 3 time steps
AutoTuner: Block shape <32,32,512> took 1.095169 (s) in 3 time steps
AutoTuner: Block shape <32,32,784> took 1.205615 (s) in 3 time steps
AutoTuner: Block shape <16,8,8> took 2.643922 (s) in 3 time steps
AutoTuner: Block shape <8,16,8> took 3.116923 (s) in 3 time steps
AutoTuner: Block shape <16,8,16> took 1.617132 (s) in 3 time steps
AutoTuner: Block shape <8,16,16> took 1.917662 (s) in 3 time steps
AutoTuner: Block shape <32,16,16> took 1.987288 (s) in 3 time steps
AutoTuner: Block shape <16,32,16> took 2.324469 (s) in 3 time steps
AutoTuner: Block shape <32,16,32> took 1.622846 (s) in 3 time steps
AutoTuner: Block shape <16,32,32> took 1.596153 (s) in 3 time steps
AutoTuner: Block shape <48,24,24> took 1.917550 (s) in 3 time steps
AutoTuner: Block shape <24,48,24> took 1.969998 (s) in 3 time steps
AutoTuner: Block shape <24,24,48> took 1.307861 (s) in 3 time steps
AutoTuner: Block shape <48,48,24> took 1.957162 (s) in 3 time steps
AutoTuner: Block shape <48,24,48> took 1.311884 (s) in 3 time steps
AutoTuner: Block shape <24,48,48> took 1.319469 (s) in 3 time steps
AutoTuner: Block shape <48,48,48> took 1.316812 (s) in 3 time steps
AutoTuner: Block shape <64,32,32> took 1.553569 (s) in 3 time steps
AutoTuner: Block shape <32,64,32> took 1.562693 (s) in 3 time steps
AutoTuner: Block shape <64,64,32> took 1.567659 (s) in 3 time steps
AutoTuner: Block shape <64,32,64> took 1.203662 (s) in 3 time steps
AutoTuner: Block shape <32,64,64> took 1.210379 (s) in 3 time steps
AutoTuner: Block shape <80,40,40> took 1.503048 (s) in 3 time steps
AutoTuner: Block shape <40,80,40> took 1.497955 (s) in 3 time steps
AutoTuner: Block shape <40,40,80> took 1.144035 (s) in 3 time steps
AutoTuner: Block shape <80,80,40> took 1.537335 (s) in 3 time steps
AutoTuner: Block shape <80,40,80> took 1.183083 (s) in 3 time steps
AutoTuner: Block shape <40,80,80> took 1.179303 (s) in 3 time steps
AutoTuner: Block shape <80,80,80> took 1.278937 (s) in 3 time steps
AutoTuner: Block shape <128,64,64> took 1.272134 (s) in 3 time steps
AutoTuner: Block shape <64,128,64> took 1.262777 (s) in 3 time steps
AutoTuner: Block shape <64,64,128> took 1.096637 (s) in 3 time steps
AutoTuner: Block shape <128,128,64> took 1.295061 (s) in 3 time steps
AutoTuner: Block shape <128,64,128> took 1.121223 (s) in 3 time steps
AutoTuner: Block shape <64,128,128> took 1.133066 (s) in 3 time steps
AutoTuner: Block shape <256,128,128> took 1.252862 (s) in 3 time steps
AutoTuner: Block shape <128,256,128> took 1.257528 (s) in 3 time steps
AutoTuner: Block shape <128,128,256> took 1.224553 (s) in 3 time steps
AutoTuner: Block shape <256,256,128> took 1.431112 (s) in 3 time steps
AutoTuner: Block shape <256,128,256> took 1.331329 (s) in 3 time steps
AutoTuner: Block shape <128,256,256> took 1.304333 (s) in 3 time steps
AutoTuner: Block shape <512,256,256> took 3.070200 (s) in 3 time steps
AutoTuner: Block shape <256,512,256> took 3.067492 (s) in 3 time steps
AutoTuner: Block shape <256,256,512> took 2.516608 (s) in 3 time steps
AutoTuner: Block shape <512,512,256> took 7.687284 (s) in 3 time steps
AutoTuner: Block shape <512,256,512> took 6.223831 (s) in 3 time steps
AutoTuner: Block shape <256,512,512> took 6.212317 (s) in 3 time steps
Auto-tuned block shape: {'x0_block_size': 8, 'y0_block_size': 8, 'z0_block_size': 128}
=========================================================================================
Section section_0<786,786,786> with OI=0.35 computed in 0.331 s [10.26 GFlops/s]
Section section_2<415,1> with OI=0.64 computed in 0.001 s [0.03 GFlops/s]
Section section_3<415,101> with OI=1.27 computed in 0.023 s [0.17 GFlops/s]
Section main<415,784,784,784> with OI=5.08 computed in 173.060 s [263.47 GFlops/s, 1.16 GPts/s]
=========================================================================================
Allocating memory for m ((788, 788, 788))
Allocating memory for damp ((788, 788, 788))
Allocating memory for epsilon ((788, 788, 788))
Allocating memory for delta ((788, 788, 788))
Allocating memory for theta ((788, 788, 788))
Allocating memory for phi ((788, 788, 788))
Allocating memory for src ((417, 1))
Allocating memory for src_coords ((1, 3))
Allocating memory for nrec_coords ((101, 3))
Allocating memory for rec_coords ((101, 3))
DSE: extract_time_varying [flops: 581, elapsed: 0.50] >>
     extract_time_invariants [flops: 445, elapsed: 0.34] >>
     eliminate_inter_stencil_redundancies [flops: 331, elapsed: 1.11] >>
     extract_sum_of_products [flops: 241, elapsed: 0.22] >>
     eliminate_inter_stencil_redundancies [flops: 171, elapsed: 0.43] >>
     extract_sum_of_products [flops: 150, elapsed: 0.11] >>
     factorize [flops: 119, elapsed: 0.47] >>
     eliminate_intra_stencil_redundancies [flops: 101, elapsed: 0.33] >>
     finalize [flops: 102, elapsed: 0.03]
     [Total elapsed: 3.55 s]
DLE: avoid_denormals [elapsed: 0.00] >>
     loop_fission [elapsed: 0.10] >>
     loop_blocking [elapsed: 3.11] >>
     simdize [elapsed: 0.49] >>
     ompize [elapsed: 0.71] >>
     create_elemental_functions [elapsed: 3.63] >>
     minimize_remainders [elapsed: 0.20]
     [Total elapsed: 8.24 s]
Allocating memory for rec ((417, 101))
Allocating memory for u ((3, 788, 788, 788))
Allocating memory for v ((3, 788, 788, 788))
IntelCompiler: compiled /tmp/devito-y8bkivxt/ebbc18cbc297027e8c587ed24c6e5830c49e727b.c [13.26 s]
AutoTuner: Block shape <8,8,8> took 3.655620 (s) in 3 time steps
AutoTuner: Block shape <16,16,16> took 2.847110 (s) in 3 time steps
AutoTuner: Block shape <24,24,24> took 2.346381 (s) in 3 time steps
AutoTuner: Block shape <32,32,32> took 2.159223 (s) in 3 time steps
AutoTuner: Block shape <40,40,40> took 1.953656 (s) in 3 time steps
AutoTuner: Block shape <8,8,16> took 2.821931 (s) in 3 time steps
AutoTuner: Block shape <8,8,24> took 2.292883 (s) in 3 time steps
AutoTuner: Block shape <8,8,32> took 2.201592 (s) in 3 time steps
AutoTuner: Block shape <8,8,40> took 1.985810 (s) in 3 time steps
AutoTuner: Block shape <8,8,64> took 1.870585 (s) in 3 time steps
AutoTuner: Block shape <8,8,128> took 1.744401 (s) in 3 time steps
AutoTuner: Block shape <8,8,256> took 1.711742 (s) in 3 time steps
AutoTuner: Block shape <8,8,512> took 1.662190 (s) in 3 time steps
AutoTuner: Block shape <8,8,784> took 1.683170 (s) in 3 time steps
AutoTuner: Block shape <16,16,8> took 3.974282 (s) in 3 time steps
AutoTuner: Block shape <16,16,24> took 2.315833 (s) in 3 time steps
AutoTuner: Block shape <16,16,32> took 2.158900 (s) in 3 time steps
AutoTuner: Block shape <16,16,40> took 1.955972 (s) in 3 time steps
AutoTuner: Block shape <16,16,64> took 1.803374 (s) in 3 time steps
AutoTuner: Block shape <16,16,128> took 1.670310 (s) in 3 time steps
AutoTuner: Block shape <16,16,256> took 1.601532 (s) in 3 time steps
AutoTuner: Block shape <16,16,512> took 1.555973 (s) in 3 time steps
AutoTuner: Block shape <16,16,784> took 1.699311 (s) in 3 time steps
AutoTuner: Block shape <24,24,8> took 4.138154 (s) in 3 time steps
AutoTuner: Block shape <24,24,16> took 2.871208 (s) in 3 time steps
AutoTuner: Block shape <24,24,32> took 2.176165 (s) in 3 time steps
AutoTuner: Block shape <24,24,40> took 1.968022 (s) in 3 time steps
AutoTuner: Block shape <24,24,64> took 1.789888 (s) in 3 time steps
AutoTuner: Block shape <24,24,128> took 1.634167 (s) in 3 time steps
AutoTuner: Block shape <24,24,256> took 1.570556 (s) in 3 time steps
AutoTuner: Block shape <32,32,8> took 4.149620 (s) in 3 time steps
AutoTuner: Block shape <32,32,16> took 2.891236 (s) in 3 time steps
AutoTuner: Block shape <32,32,24> took 2.345384 (s) in 3 time steps
AutoTuner: Block shape <32,32,40> took 1.950753 (s) in 3 time steps
AutoTuner: Block shape <32,32,64> took 1.756996 (s) in 3 time steps
AutoTuner: Block shape <32,32,128> took 1.607900 (s) in 3 time steps
AutoTuner: Block shape <16,8,8> took 3.857776 (s) in 3 time steps
AutoTuner: Block shape <8,16,8> took 4.047060 (s) in 3 time steps
AutoTuner: Block shape <16,8,16> took 2.813837 (s) in 3 time steps
AutoTuner: Block shape <8,16,16> took 2.940544 (s) in 3 time steps
AutoTuner: Block shape <32,16,16> took 2.812422 (s) in 3 time steps
AutoTuner: Block shape <16,32,16> took 2.934687 (s) in 3 time steps
AutoTuner: Block shape <32,16,32> took 2.136075 (s) in 3 time steps
AutoTuner: Block shape <16,32,32> took 2.196228 (s) in 3 time steps
AutoTuner: Block shape <48,24,24> took 2.320306 (s) in 3 time steps
AutoTuner: Block shape <24,48,24> took 2.367668 (s) in 3 time steps
AutoTuner: Block shape <24,24,48> took 1.956867 (s) in 3 time steps
AutoTuner: Block shape <48,48,24> took 2.371999 (s) in 3 time steps
AutoTuner: Block shape <48,24,48> took 2.077262 (s) in 3 time steps
AutoTuner: Block shape <24,48,48> took 2.030554 (s) in 3 time steps
AutoTuner: Block shape <48,48,48> took 1.903916 (s) in 3 time steps
AutoTuner: Block shape <64,32,32> took 2.137394 (s) in 3 time steps
AutoTuner: Block shape <32,64,32> took 2.153538 (s) in 3 time steps
AutoTuner: Block shape <64,64,32> took 2.155484 (s) in 3 time steps
AutoTuner: Block shape <64,32,64> took 1.741302 (s) in 3 time steps
AutoTuner: Block shape <32,64,64> took 1.746882 (s) in 3 time steps
AutoTuner: Block shape <80,40,40> took 1.942397 (s) in 3 time steps
AutoTuner: Block shape <40,80,40> took 1.954010 (s) in 3 time steps
AutoTuner: Block shape <40,40,80> took 1.693055 (s) in 3 time steps
Auto-tuned block shape: {'x0_block_size': 16, 'y0_block_size': 16, 'z0_block_size': 512}
=========================================================================================
Section section_0<786,786,786> with OI=0.17 computed in 0.411 s [4.73 GFlops/s]
Section section_3<415,1> with OI=0.64 computed in 0.001 s [0.04 GFlops/s]
Section section_4<415,101> with OI=1.27 computed in 0.077 s [0.05 GFlops/s]
Section main<415,786,786,786> with OI=1.57 computed in 329.814 s [62.32 GFlops/s, 0.61 GPts/s]
=========================================================================================
Allocating memory for m ((788, 788, 788))
Allocating memory for damp ((788, 788, 788))
Allocating memory for epsilon ((788, 788, 788))
Allocating memory for delta ((788, 788, 788))
Allocating memory for theta ((788, 788, 788))
Allocating memory for phi ((788, 788, 788))
Allocating memory for src ((417, 1))
Allocating memory for src_coords ((1, 3))
Allocating memory for nrec_coords ((101, 3))
Allocating memory for rec_coords ((101, 3))
DSE: extract_time_varying [flops: 581, elapsed: 0.50] >>
     extract_time_invariants [flops: 445, elapsed: 0.34] >>
     eliminate_inter_stencil_redundancies [flops: 331, elapsed: 1.11] >>
     extract_sum_of_products [flops: 241, elapsed: 0.22] >>
     eliminate_inter_stencil_redundancies [flops: 171, elapsed: 0.44] >>
     extract_sum_of_products [flops: 150, elapsed: 0.11] >>
     factorize [flops: 119, elapsed: 0.46] >>
     eliminate_intra_stencil_redundancies [flops: 101, elapsed: 0.33] >>
     finalize [flops: 102, elapsed: 0.03]
     [Total elapsed: 3.55 s]
DLE: avoid_denormals [elapsed: 0.00] >>
     loop_fission [elapsed: 0.10] >>
     loop_blocking [elapsed: 3.11] >>
     simdize [elapsed: 0.48] >>
     ompize [elapsed: 0.71] >>
     create_elemental_functions [elapsed: 3.64] >>
     minimize_remainders [elapsed: 0.20]
     [Total elapsed: 8.24 s]
Allocating memory for rec ((417, 101))
Allocating memory for u ((3, 788, 788, 788))
Allocating memory for v ((3, 788, 788, 788))
IntelCompiler: compiled /tmp/devito-y8bkivxt/d5b1d8894f51f9dd0d0e75bf7c569abf04f8d37e.c [12.69 s]
AutoTuner: Block shape <8,8,8> took 3.654854 (s) in 3 time steps
AutoTuner: Block shape <16,16,16> took 2.834809 (s) in 3 time steps
AutoTuner: Block shape <24,24,24> took 2.347432 (s) in 3 time steps
AutoTuner: Block shape <32,32,32> took 2.161460 (s) in 3 time steps
AutoTuner: Block shape <40,40,40> took 1.956409 (s) in 3 time steps
AutoTuner: Block shape <8,8,16> took 2.811045 (s) in 3 time steps
AutoTuner: Block shape <8,8,24> took 2.299677 (s) in 3 time steps
AutoTuner: Block shape <8,8,32> took 2.261017 (s) in 3 time steps
AutoTuner: Block shape <8,8,40> took 2.111793 (s) in 3 time steps
AutoTuner: Block shape <8,8,64> took 1.877305 (s) in 3 time steps
AutoTuner: Block shape <8,8,128> took 1.743059 (s) in 3 time steps
AutoTuner: Block shape <8,8,256> took 1.709829 (s) in 3 time steps
AutoTuner: Block shape <8,8,512> took 1.661109 (s) in 3 time steps
AutoTuner: Block shape <8,8,784> took 1.683461 (s) in 3 time steps
AutoTuner: Block shape <16,16,8> took 3.976750 (s) in 3 time steps
AutoTuner: Block shape <16,16,24> took 2.329028 (s) in 3 time steps
AutoTuner: Block shape <16,16,32> took 2.158654 (s) in 3 time steps
AutoTuner: Block shape <16,16,40> took 1.952391 (s) in 3 time steps
AutoTuner: Block shape <16,16,64> took 1.803858 (s) in 3 time steps
AutoTuner: Block shape <16,16,128> took 1.667364 (s) in 3 time steps
AutoTuner: Block shape <16,16,256> took 1.607073 (s) in 3 time steps
AutoTuner: Block shape <16,16,512> took 1.570576 (s) in 3 time steps
AutoTuner: Block shape <16,16,784> took 1.606671 (s) in 3 time steps
AutoTuner: Block shape <24,24,8> took 4.064899 (s) in 3 time steps
AutoTuner: Block shape <24,24,16> took 2.870452 (s) in 3 time steps
AutoTuner: Block shape <24,24,32> took 2.175195 (s) in 3 time steps
AutoTuner: Block shape <24,24,40> took 1.968450 (s) in 3 time steps
AutoTuner: Block shape <24,24,64> took 1.792981 (s) in 3 time steps
AutoTuner: Block shape <24,24,128> took 1.634034 (s) in 3 time steps
AutoTuner: Block shape <24,24,256> took 1.579308 (s) in 3 time steps
AutoTuner: Block shape <32,32,8> took 4.150982 (s) in 3 time steps
AutoTuner: Block shape <32,32,16> took 2.892235 (s) in 3 time steps
AutoTuner: Block shape <32,32,24> took 2.345911 (s) in 3 time steps
AutoTuner: Block shape <32,32,40> took 1.949103 (s) in 3 time steps
AutoTuner: Block shape <32,32,64> took 1.758140 (s) in 3 time steps
AutoTuner: Block shape <32,32,128> took 1.610108 (s) in 3 time steps
AutoTuner: Block shape <16,8,8> took 3.924857 (s) in 3 time steps
AutoTuner: Block shape <8,16,8> took 4.101346 (s) in 3 time steps
AutoTuner: Block shape <16,8,16> took 2.815972 (s) in 3 time steps
AutoTuner: Block shape <8,16,16> took 2.940427 (s) in 3 time steps
AutoTuner: Block shape <32,16,16> took 2.810882 (s) in 3 time steps
AutoTuner: Block shape <16,32,16> took 2.937080 (s) in 3 time steps
AutoTuner: Block shape <32,16,32> took 2.142374 (s) in 3 time steps
AutoTuner: Block shape <16,32,32> took 2.195017 (s) in 3 time steps
AutoTuner: Block shape <48,24,24> took 2.323851 (s) in 3 time steps
AutoTuner: Block shape <24,48,24> took 2.372201 (s) in 3 time steps
AutoTuner: Block shape <24,24,48> took 1.959821 (s) in 3 time steps
AutoTuner: Block shape <48,48,24> took 2.331933 (s) in 3 time steps
AutoTuner: Block shape <48,24,48> took 1.912887 (s) in 3 time steps
AutoTuner: Block shape <24,48,48> took 1.942902 (s) in 3 time steps
AutoTuner: Block shape <48,48,48> took 1.903531 (s) in 3 time steps
AutoTuner: Block shape <64,32,32> took 2.131732 (s) in 3 time steps
AutoTuner: Block shape <32,64,32> took 2.153396 (s) in 3 time steps
AutoTuner: Block shape <64,64,32> took 2.154812 (s) in 3 time steps
AutoTuner: Block shape <64,32,64> took 1.741429 (s) in 3 time steps
AutoTuner: Block shape <32,64,64> took 1.747335 (s) in 3 time steps
AutoTuner: Block shape <80,40,40> took 1.944214 (s) in 3 time steps
AutoTuner: Block shape <40,80,40> took 1.953639 (s) in 3 time steps
AutoTuner: Block shape <40,40,80> took 1.696050 (s) in 3 time steps
Auto-tuned block shape: {'x0_block_size': 16, 'y0_block_size': 16, 'z0_block_size': 512}
=========================================================================================
Section section_0<786,786,786> with OI=0.17 computed in 0.411 s [4.73 GFlops/s]
Section section_3<415,1> with OI=0.64 computed in 0.001 s [0.03 GFlops/s]
Section section_4<415,101> with OI=1.27 computed in 0.052 s [0.07 GFlops/s]
Section main<415,786,786,786> with OI=1.57 computed in 327.536 s [62.76 GFlops/s, 0.62 GPts/s]
=========================================================================================
Allocating memory for m ((788, 788, 788))
Allocating memory for damp ((788, 788, 788))
Allocating memory for epsilon ((788, 788, 788))
Allocating memory for delta ((788, 788, 788))
Allocating memory for theta ((788, 788, 788))
Allocating memory for phi ((788, 788, 788))
Allocating memory for src ((417, 1))
Allocating memory for src_coords ((1, 3))
Allocating memory for nrec_coords ((101, 3))
Allocating memory for rec_coords ((101, 3))
DSE: extract_time_varying [flops: 581, elapsed: 0.50] >>
     extract_time_invariants [flops: 445, elapsed: 0.34] >>
     eliminate_inter_stencil_redundancies [flops: 331, elapsed: 1.11] >>
     extract_sum_of_products [flops: 241, elapsed: 0.22] >>
     eliminate_inter_stencil_redundancies [flops: 171, elapsed: 0.44] >>
     extract_sum_of_products [flops: 150, elapsed: 0.11] >>
     factorize [flops: 119, elapsed: 0.46] >>
     eliminate_intra_stencil_redundancies [flops: 101, elapsed: 0.33] >>
     finalize [flops: 102, elapsed: 0.03]
     [Total elapsed: 3.55 s]
DLE: avoid_denormals [elapsed: 0.00] >>
     loop_fission [elapsed: 0.10] >>
     loop_blocking [elapsed: 3.11] >>
     simdize [elapsed: 0.48] >>
     ompize [elapsed: 0.71] >>
     create_elemental_functions [elapsed: 3.65] >>
     minimize_remainders [elapsed: 0.20]
     [Total elapsed: 8.25 s]
Allocating memory for rec ((417, 101))
Allocating memory for u ((3, 788, 788, 788))
Allocating memory for v ((3, 788, 788, 788))
IntelCompiler: compiled /tmp/devito-y8bkivxt/1431b3a6af446e7c4402b3eb09d2a6b6c758550f.c [12.76 s]
AutoTuner: Block shape <8,8,8> took 3.655919 (s) in 3 time steps
AutoTuner: Block shape <16,16,16> took 2.837224 (s) in 3 time steps
AutoTuner: Block shape <24,24,24> took 2.347713 (s) in 3 time steps
AutoTuner: Block shape <32,32,32> took 2.162639 (s) in 3 time steps
AutoTuner: Block shape <40,40,40> took 1.964887 (s) in 3 time steps
AutoTuner: Block shape <8,8,16> took 2.813843 (s) in 3 time steps
AutoTuner: Block shape <8,8,24> took 2.291810 (s) in 3 time steps
AutoTuner: Block shape <8,8,32> took 2.200812 (s) in 3 time steps
AutoTuner: Block shape <8,8,40> took 1.986097 (s) in 3 time steps
AutoTuner: Block shape <8,8,64> took 1.869111 (s) in 3 time steps
AutoTuner: Block shape <8,8,128> took 1.741694 (s) in 3 time steps
AutoTuner: Block shape <8,8,256> took 1.709443 (s) in 3 time steps
AutoTuner: Block shape <8,8,512> took 1.661981 (s) in 3 time steps
AutoTuner: Block shape <8,8,784> took 1.683512 (s) in 3 time steps
AutoTuner: Block shape <16,16,8> took 3.973171 (s) in 3 time steps
AutoTuner: Block shape <16,16,24> took 2.315778 (s) in 3 time steps
AutoTuner: Block shape <16,16,32> took 2.158993 (s) in 3 time steps
AutoTuner: Block shape <16,16,40> took 1.953245 (s) in 3 time steps
AutoTuner: Block shape <16,16,64> took 1.808780 (s) in 3 time steps
AutoTuner: Block shape <16,16,128> took 1.670451 (s) in 3 time steps
AutoTuner: Block shape <16,16,256> took 1.600511 (s) in 3 time steps
AutoTuner: Block shape <16,16,512> took 1.567899 (s) in 3 time steps
AutoTuner: Block shape <16,16,784> took 1.606026 (s) in 3 time steps
AutoTuner: Block shape <24,24,8> took 4.162586 (s) in 3 time steps
AutoTuner: Block shape <24,24,16> took 2.957799 (s) in 3 time steps
AutoTuner: Block shape <24,24,32> took 2.174040 (s) in 3 time steps
AutoTuner: Block shape <24,24,40> took 1.969372 (s) in 3 time steps
AutoTuner: Block shape <24,24,64> took 1.791372 (s) in 3 time steps
AutoTuner: Block shape <24,24,128> took 1.636161 (s) in 3 time steps
AutoTuner: Block shape <24,24,256> took 1.570047 (s) in 3 time steps
AutoTuner: Block shape <32,32,8> took 4.147502 (s) in 3 time steps
AutoTuner: Block shape <32,32,16> took 2.892433 (s) in 3 time steps
AutoTuner: Block shape <32,32,24> took 2.344837 (s) in 3 time steps
AutoTuner: Block shape <32,32,40> took 1.949459 (s) in 3 time steps
AutoTuner: Block shape <32,32,64> took 1.757617 (s) in 3 time steps
AutoTuner: Block shape <32,32,128> took 1.622776 (s) in 3 time steps
AutoTuner: Block shape <16,8,8> took 3.857255 (s) in 3 time steps
AutoTuner: Block shape <8,16,8> took 4.047639 (s) in 3 time steps
AutoTuner: Block shape <16,8,16> took 2.817175 (s) in 3 time steps
AutoTuner: Block shape <8,16,16> took 2.938284 (s) in 3 time steps
AutoTuner: Block shape <32,16,16> took 2.809766 (s) in 3 time steps
AutoTuner: Block shape <16,32,16> took 2.933548 (s) in 3 time steps
AutoTuner: Block shape <32,16,32> took 2.136528 (s) in 3 time steps
AutoTuner: Block shape <16,32,32> took 2.195879 (s) in 3 time steps
AutoTuner: Block shape <48,24,24> took 2.321989 (s) in 3 time steps
AutoTuner: Block shape <24,48,24> took 2.369505 (s) in 3 time steps
AutoTuner: Block shape <24,24,48> took 1.957451 (s) in 3 time steps
AutoTuner: Block shape <48,48,24> took 2.330451 (s) in 3 time steps
AutoTuner: Block shape <48,24,48> took 2.374842 (s) in 3 time steps
AutoTuner: Block shape <24,48,48> took 1.948073 (s) in 3 time steps
AutoTuner: Block shape <48,48,48> took 1.902832 (s) in 3 time steps
AutoTuner: Block shape <64,32,32> took 2.130030 (s) in 3 time steps
AutoTuner: Block shape <32,64,32> took 2.152251 (s) in 3 time steps
AutoTuner: Block shape <64,64,32> took 2.155114 (s) in 3 time steps
AutoTuner: Block shape <64,32,64> took 1.742591 (s) in 3 time steps
AutoTuner: Block shape <32,64,64> took 1.768283 (s) in 3 time steps
AutoTuner: Block shape <80,40,40> took 1.945735 (s) in 3 time steps
AutoTuner: Block shape <40,80,40> took 1.954237 (s) in 3 time steps
AutoTuner: Block shape <40,40,80> took 1.696150 (s) in 3 time steps
Auto-tuned block shape: {'x0_block_size': 16, 'y0_block_size': 16, 'z0_block_size': 512}
=========================================================================================
Section section_0<786,786,786> with OI=0.17 computed in 0.409 s [4.75 GFlops/s]
Section section_3<415,1> with OI=0.64 computed in 0.001 s [0.04 GFlops/s]
Section section_4<415,101> with OI=1.27 computed in 0.047 s [0.08 GFlops/s]
Section main<415,786,786,786> with OI=1.57 computed in 327.170 s [62.83 GFlops/s, 0.62 GPts/s]
=========================================================================================


OpesciBench: Running 3 repeats - parameters: arch: unknown, autotune: True, dle: advanced, dse: basic, nbpml: 10, shape: (768, 768, 768), space_order: 4, spacing: (20.0, 20.0, 20.0), time_order: 2, tn: 1000
OpesciBench [09:29:25]: --- Run 0 ---
icc -O3 -g -fPIC -Wall -std=c99 -xhost -shared -qopenmp /tmp/devito-y8bkivxt/e76a5e5431156145bcabff0eed0bfc122ac5460b.c -o /tmp/devito-y8bkivxt/e76a5e5431156145bcabff0eed0bfc122ac5460b.so
OpesciBench [09:38:04]: --- Run 0 finished ---

OpesciBench [09:38:04]: --- Run 1 ---
icc -O3 -g -fPIC -Wall -std=c99 -xhost -shared -qopenmp /tmp/devito-y8bkivxt/e76a5e5431156145bcabff0eed0bfc122ac5460b.c -o /tmp/devito-y8bkivxt/e76a5e5431156145bcabff0eed0bfc122ac5460b.so
OpesciBench [09:46:42]: --- Run 1 finished ---

OpesciBench [09:46:42]: --- Run 2 ---
icc -O3 -g -fPIC -Wall -std=c99 -xhost -shared -qopenmp /tmp/devito-y8bkivxt/e76a5e5431156145bcabff0eed0bfc122ac5460b.c -o /tmp/devito-y8bkivxt/e76a5e5431156145bcabff0eed0bfc122ac5460b.so
OpesciBench [09:55:21]: --- Run 2 finished ---





OpesciBench: Running 3 repeats - parameters: arch: unknown, autotune: True, dle: advanced, dse: advanced, nbpml: 10, shape: (768, 768, 768), space_order: 4, spacing: (20.0, 20.0, 20.0), time_order: 2, tn: 1000
OpesciBench [09:55:21]: --- Run 0 ---
icc -O3 -g -fPIC -Wall -std=c99 -xhost -shared -qopenmp /tmp/devito-y8bkivxt/1a300a6eae984663d1c29483feabc8e5c918b4e1.c -o /tmp/devito-y8bkivxt/1a300a6eae984663d1c29483feabc8e5c918b4e1.so
OpesciBench [10:03:26]: --- Run 0 finished ---

OpesciBench [10:03:26]: --- Run 1 ---
icc -O3 -g -fPIC -Wall -std=c99 -xhost -shared -qopenmp /tmp/devito-y8bkivxt/1a300a6eae984663d1c29483feabc8e5c918b4e1.c -o /tmp/devito-y8bkivxt/1a300a6eae984663d1c29483feabc8e5c918b4e1.so
OpesciBench [10:11:30]: --- Run 1 finished ---

OpesciBench [10:11:30]: --- Run 2 ---
icc -O3 -g -fPIC -Wall -std=c99 -xhost -shared -qopenmp /tmp/devito-y8bkivxt/1a300a6eae984663d1c29483feabc8e5c918b4e1.c -o /tmp/devito-y8bkivxt/1a300a6eae984663d1c29483feabc8e5c918b4e1.so
OpesciBench [10:19:35]: --- Run 2 finished ---





OpesciBench: Running 3 repeats - parameters: arch: unknown, autotune: True, dle: advanced, dse: aggressive, nbpml: 10, shape: (768, 768, 768), space_order: 4, spacing: (20.0, 20.0, 20.0), time_order: 2, tn: 1000
OpesciBench [10:19:35]: --- Run 0 ---
icc -O3 -g -fPIC -Wall -std=c99 -xhost -shared -qopenmp /tmp/devito-y8bkivxt/ebbc18cbc297027e8c587ed24c6e5830c49e727b.c -o /tmp/devito-y8bkivxt/ebbc18cbc297027e8c587ed24c6e5830c49e727b.so
OpesciBench [10:29:33]: --- Run 0 finished ---

OpesciBench [10:29:33]: --- Run 1 ---
icc -O3 -g -fPIC -Wall -std=c99 -xhost -shared -qopenmp /tmp/devito-y8bkivxt/d5b1d8894f51f9dd0d0e75bf7c569abf04f8d37e.c -o /tmp/devito-y8bkivxt/d5b1d8894f51f9dd0d0e75bf7c569abf04f8d37e.so
OpesciBench [10:39:28]: --- Run 1 finished ---

OpesciBench [10:39:28]: --- Run 2 ---
icc -O3 -g -fPIC -Wall -std=c99 -xhost -shared -qopenmp /tmp/devito-y8bkivxt/1431b3a6af446e7c4402b3eb09d2a6b6c758550f.c -o /tmp/devito-y8bkivxt/1431b3a6af446e7c4402b3eb09d2a6b6c758550f.so
OpesciBench [10:49:23]: --- Run 2 finished ---



Fri Dec 22 10:49:24 PST 2017
top - 10:49:25 up 4 days,  1:55,  1 user,  load average: 272.10, 264.95, 254.48
Tasks: 2266 total,   1 running, 2265 sleeping,   0 stopped,   0 zombie
%Cpu(s): 25.7 us,  1.7 sy,  0.0 ni, 72.6 id,  0.0 wa,  0.0 hi,  0.0 si,  0.0 st
KiB Mem : 11538529+total, 11171140+free,  1396288 used,  2277592 buff/cache
KiB Swap: 58593276 total, 58593276 free,        0 used. 11309294+avail Mem 

   PID USER      PR  NI    VIRT    RES    SHR S  %CPU %MEM     TIME+ COMMAND
155618 cyount    20   0  152536   4072   1460 R  54.1  0.0   0:00.42 top
   281 root      20   0       0      0      0 S   2.7  0.0   8:06.65 rcu_sched
  2120 root      20   0       0      0      0 S   2.7  0.0   0:01.10 kworker/179:1
     1 root      20   0   51548  13932   2384 S   0.0  0.0   2:00.65 systemd
     2 root      20   0       0      0      0 S   0.0  0.0   0:00.15 kthreadd
     3 root      20   0       0      0      0 S   0.0  0.0   0:00.05 ksoftirqd/0
     4 root      20   0       0      0      0 S   0.0  0.0   9:57.10 kworker/0:0
     5 root       0 -20       0      0      0 S   0.0  0.0   0:00.00 kworker/0:0H
     7 root      rt   0       0      0      0 S   0.0  0.0   0:04.67 migration/0
     8 root      20   0       0      0      0 S   0.0  0.0   0:00.00 rcu_bh
     9 root      20   0       0      0      0 S   0.0  0.0   0:00.00 rcuob/0
    10 root      20   0       0      0      0 S   0.0  0.0   0:00.00 rcuob/1
    11 root      20   0       0      0      0 S   0.0  0.0   0:00.00 rcuob/2
    12 root      20   0       0      0      0 S   0.0  0.0   0:00.00 rcuob/3
    13 root      20   0       0      0      0 S   0.0  0.0   0:00.00 rcuob/4
    14 root      20   0       0      0      0 S   0.0  0.0   0:00.00 rcuob/5
    15 root      20   0       0      0      0 S   0.0  0.0   0:00.00 rcuob/6
    16 root      20   0       0      0      0 S   0.0  0.0   0:00.00 rcuob/7
    17 root      20   0       0      0      0 S   0.0  0.0   0:00.00 rcuob/8
    18 root      20   0       0      0      0 S   0.0  0.0   0:00.00 rcuob/9
    19 root      20   0       0      0      0 S   0.0  0.0   0:00.00 rcuob/10
    20 root      20   0       0      0      0 S   0.0  0.0   0:00.00 rcuob/11
    21 root      20   0       0      0      0 S   0.0  0.0   0:00.00 rcuob/12
