Thu Dec 21 11:47:15 PST 2017
Linux ortce-skl3 3.10.0-327.el7.x86_64 #1 SMP Thu Oct 29 17:29:29 EDT 2015 x86_64 x86_64 x86_64 GNU/Linux
Architecture:          x86_64
CPU op-mode(s):        32-bit, 64-bit
Byte Order:            Little Endian
CPU(s):                112
On-line CPU(s) list:   0-111
Thread(s) per core:    2
Core(s) per socket:    28
Socket(s):             2
NUMA node(s):          2
Vendor ID:             GenuineIntel
CPU family:            6
Model:                 85
Model name:            Intel(R) Xeon(R) Platinum 8180 CPU @ 2.50GHz
Stepping:              4
CPU MHz:               2501.000
BogoMIPS:              4993.64
Virtualization:        VT-x
L1d cache:             32K
L1i cache:             32K
L2 cache:              1024K
L3 cache:              39424K
NUMA node0 CPU(s):     0-27,56-83
NUMA node1 CPU(s):     28-55,84-111
Linux ortce-skl3 3.10.0-327.el7.x86_64 #1 SMP Thu Oct 29 17:29:29 EDT 2015 x86_64 x86_64 x86_64 GNU/Linux
available: 2 nodes (0-1)
node 0 cpus: 0 1 2 3 4 5 6 7 8 9 10 11 12 13 14 15 16 17 18 19 20 21 22 23 24 25 26 27 56 57 58 59 60 61 62 63 64 65 66 67 68 69 70 71 72 73 74 75 76 77 78 79 80 81 82 83
node 0 size: 96973 MB
node 0 free: 90395 MB
node 1 cpus: 28 29 30 31 32 33 34 35 36 37 38 39 40 41 42 43 44 45 46 47 48 49 50 51 52 53 54 55 84 85 86 87 88 89 90 91 92 93 94 95 96 97 98 99 100 101 102 103 104 105 106 107 108 109 110 111
node 1 size: 98304 MB
node 1 free: 92939 MB
node distances:
node   0   1 
  0:  10  21 
  1:  21  10 

Per-node system memory usage (in MBs):
                          Node 0          Node 1           Total
                 --------------- --------------- ---------------
MemTotal                96973.63        98304.00       195277.63
MemFree                 90395.31        92939.12       183334.43
MemUsed                  6578.32         5364.88        11943.20
Active                    368.86          558.20          927.05
Inactive                 2571.34         2164.61         4735.95
Active(anon)              193.61           16.31          209.92
Inactive(anon)           1560.53          674.87         2235.40
Active(file)              175.25          541.89          717.13
Inactive(file)           1010.80         1489.75         2500.55
Unevictable                 0.00            0.00            0.00
Mlocked                     0.00            0.00            0.00
Dirty                       0.00            0.01            0.01
Writeback                   0.00            0.00            0.00
FilePages                2719.66         2701.79         5421.45
Mapped                     40.36           11.27           51.62
AnonPages                 269.20           25.03          294.23
Shmem                      14.22            2.65           16.87
KernelStack                33.17           10.42           43.59
PageTables                 28.15           22.36           50.51
NFS_Unstable                0.00            0.00            0.00
Bounce                      0.00            0.00            0.00
WritebackTmp                0.00            0.00            0.00
Slab                      398.92          335.82          734.74
SReclaimable              203.34          141.21          344.55
SUnreclaim                195.57          194.61          390.19
AnonHugePages              88.00            2.00           90.00
HugePages_Total             0.00            0.00            0.00
HugePages_Free              0.00            0.00            0.00
HugePages_Surp              0.00            0.00            0.00
top - 11:47:16 up 22 days,  2:36,  3 users,  load average: 56.00, 53.87, 51.20
Tasks: 1952 total,   1 running, 1951 sleeping,   0 stopped,   0 zombie
%Cpu(s):  5.2 us,  0.1 sy,  0.0 ni, 94.7 id,  0.0 wa,  0.0 hi,  0.0 si,  0.0 st
KiB Mem : 19652648+total, 18773331+free,  4728608 used,  4064560 buff/cache
KiB Swap: 50331644 total, 47136388 free,  3195256 used. 19104316+avail Mem 

   PID USER      PR  NI    VIRT    RES    SHR S  %CPU %MEM     TIME+ COMMAND
 59364 cyount    20   0  152236   3928   1472 R  11.8  0.0   0:00.02 top
     1 root      20   0  197856   6604   1468 S   0.0  0.0   1:10.31 systemd
     2 root      20   0       0      0      0 S   0.0  0.0   0:00.29 kthreadd
     3 root      20   0       0      0      0 S   0.0  0.0   0:00.10 ksoftirqd/0
     5 root       0 -20       0      0      0 S   0.0  0.0   0:00.00 kworker/0:0H
     8 root      rt   0       0      0      0 S   0.0  0.0   0:01.43 migration/0
     9 root      20   0       0      0      0 S   0.0  0.0   0:00.00 rcu_bh
    10 root      20   0       0      0      0 S   0.0  0.0   0:00.00 rcuob/0
    11 root      20   0       0      0      0 S   0.0  0.0   0:00.00 rcuob/1
    12 root      20   0       0      0      0 S   0.0  0.0   0:00.00 rcuob/2
    13 root      20   0       0      0      0 S   0.0  0.0   0:00.00 rcuob/3
    14 root      20   0       0      0      0 S   0.0  0.0   0:00.00 rcuob/4
    15 root      20   0       0      0      0 S   0.0  0.0   0:00.00 rcuob/5
    16 root      20   0       0      0      0 S   0.0  0.0   0:00.00 rcuob/6
    17 root      20   0       0      0      0 S   0.0  0.0   0:00.00 rcuob/7
    18 root      20   0       0      0      0 S   0.0  0.0   0:00.00 rcuob/8
    19 root      20   0       0      0      0 S   0.0  0.0   0:00.00 rcuob/9
    20 root      20   0       0      0      0 S   0.0  0.0   0:00.00 rcuob/10
    21 root      20   0       0      0      0 S   0.0  0.0   0:00.00 rcuob/11
    22 root      20   0       0      0      0 S   0.0  0.0   0:00.00 rcuob/12
    23 root      20   0       0      0      0 S   0.0  0.0   0:00.00 rcuob/13
    24 root      20   0       0      0      0 S   0.0  0.0   0:00.00 rcuob/14
    25 root      20   0       0      0      0 S   0.0  0.0   0:00.00 rcuob/15
env DEVITO_PLATFORM=skx DEVITO_ISA=avx512 DEVITO_DEBUG_COMPILER=1 DEVITO_DLE_OPTIONS=blockinner:True DEVITO_AUTOTUNING=aggressive DEVITO_BACKEND=core DEVITO_OPENMP=1 DEVITO_ARCH=intel DEVITO_LOGGING=DEBUG DEVITO_YASK_AUTOTUNING=preemptive DEVITO_YASK_DUMP=devito.bench.2017-12-21/tti/core/bmO3/ortce-skl3/grid768/so16 numactl --cpubind=1 python examples/seismic/benchmark.py bench -bm O3 -P tti -so 16 -to 2 -d 768 768 768 --tn 1000 -x 3 -r devito.bench.2017-12-21/tti/core/bmO3/ortce-skl3/grid768/so16
Allocating memory for m ((788, 788, 788))
Allocating memory for damp ((788, 788, 788))
Allocating memory for epsilon ((788, 788, 788))
Allocating memory for delta ((788, 788, 788))
Allocating memory for theta ((788, 788, 788))
Allocating memory for phi ((788, 788, 788))
Allocating memory for src ((417, 1))
Allocating memory for src_coords ((1, 3))
Allocating memory for nrec_coords ((101, 3))
Allocating memory for rec_coords ((101, 3))
DSE: extract_time_varying [flops: 3953, elapsed: 0.37] >>
     extract_time_invariants [flops: 3409, elapsed: 0.15] >>
     eliminate_inter_stencil_redundancies [flops: 1243, elapsed: 0.40] >>
     extract_sum_of_products [flops: 901, elapsed: 0.06] >>
     eliminate_inter_stencil_redundancies [flops: 579, elapsed: 0.09] >>
     extract_sum_of_products [flops: 492, elapsed: 0.03] >>
     factorize [flops: 368, elapsed: 0.28] >>
     eliminate_intra_stencil_redundancies [flops: 299, elapsed: 0.06] >>
     finalize [flops: 300, elapsed: 0.00]
     [Total elapsed: 1.45 s]
DLE: avoid_denormals [elapsed: 0.00] >>
     loop_fission [elapsed: 0.01] >>
     loop_blocking [elapsed: 0.42] >>
     simdize [elapsed: 0.21] >>
     ompize [elapsed: 0.04] >>
     create_elemental_functions [elapsed: 0.29] >>
     minimize_remainders [elapsed: 0.02]
     [Total elapsed: 0.99 s]
Allocating memory for rec ((417, 101))
Allocating memory for u ((3, 788, 788, 788))
Allocating memory for v ((3, 788, 788, 788))
IntelCompiler: compiled /tmp/devito-j6xk8qzj/3c2461b87c0f87f56ef4c5a12f17b533d3514453.c [6.71 s]
AutoTuner: Block shape <8,8,8> took 2.524631 (s) in 3 time steps
AutoTuner: Block shape <16,16,16> took 1.849736 (s) in 3 time steps
AutoTuner: Block shape <24,24,24> took 1.998906 (s) in 3 time steps
AutoTuner: Block shape <32,32,32> took 1.772645 (s) in 3 time steps
AutoTuner: Block shape <40,40,40> took 1.794539 (s) in 3 time steps
AutoTuner: Block shape <8,8,16> took 1.914250 (s) in 3 time steps
AutoTuner: Block shape <8,8,24> took 2.038701 (s) in 3 time steps
AutoTuner: Block shape <8,8,32> took 1.859601 (s) in 3 time steps
AutoTuner: Block shape <8,8,40> took 2.047898 (s) in 3 time steps
AutoTuner: Block shape <8,8,64> took 1.950334 (s) in 3 time steps
AutoTuner: Block shape <8,8,128> took 2.140087 (s) in 3 time steps
AutoTuner: Block shape <8,8,256> took 2.339497 (s) in 3 time steps
AutoTuner: Block shape <8,8,512> took 2.497357 (s) in 3 time steps
AutoTuner: Block shape <8,8,772> took 2.992601 (s) in 3 time steps
AutoTuner: Block shape <16,16,8> took 2.626015 (s) in 3 time steps
AutoTuner: Block shape <16,16,24> took 1.999272 (s) in 3 time steps
AutoTuner: Block shape <16,16,32> took 1.737625 (s) in 3 time steps
AutoTuner: Block shape <16,16,40> took 1.850023 (s) in 3 time steps
AutoTuner: Block shape <16,16,64> took 1.690228 (s) in 3 time steps
AutoTuner: Block shape <16,16,128> took 1.769918 (s) in 3 time steps
AutoTuner: Block shape <16,16,256> took 1.889940 (s) in 3 time steps
AutoTuner: Block shape <24,24,8> took 3.165405 (s) in 3 time steps
AutoTuner: Block shape <24,24,16> took 1.993301 (s) in 3 time steps
AutoTuner: Block shape <24,24,32> took 1.737744 (s) in 3 time steps
AutoTuner: Block shape <24,24,40> took 1.814741 (s) in 3 time steps
AutoTuner: Block shape <24,24,64> took 1.686650 (s) in 3 time steps
AutoTuner: Block shape <24,24,128> took 1.639713 (s) in 3 time steps
AutoTuner: Block shape <32,32,8> took 3.236938 (s) in 3 time steps
AutoTuner: Block shape <32,32,16> took 2.037959 (s) in 3 time steps
AutoTuner: Block shape <32,32,24> took 2.000613 (s) in 3 time steps
AutoTuner: Block shape <32,32,40> took 1.829076 (s) in 3 time steps
AutoTuner: Block shape <32,32,64> took 1.633504 (s) in 3 time steps
AutoTuner: Block shape <32,32,128> took 1.694937 (s) in 3 time steps
AutoTuner: Block shape <16,8,8> took 2.367937 (s) in 3 time steps
AutoTuner: Block shape <8,16,8> took 2.370899 (s) in 3 time steps
AutoTuner: Block shape <16,8,16> took 1.829568 (s) in 3 time steps
AutoTuner: Block shape <8,16,16> took 1.819986 (s) in 3 time steps
AutoTuner: Block shape <32,16,16> took 2.027814 (s) in 3 time steps
AutoTuner: Block shape <16,32,16> took 2.018792 (s) in 3 time steps
AutoTuner: Block shape <32,16,32> took 1.756250 (s) in 3 time steps
AutoTuner: Block shape <16,32,32> took 1.803480 (s) in 3 time steps
AutoTuner: Block shape <48,24,24> took 1.992559 (s) in 3 time steps
AutoTuner: Block shape <24,48,24> took 2.123946 (s) in 3 time steps
AutoTuner: Block shape <24,24,48> took 1.692030 (s) in 3 time steps
AutoTuner: Block shape <48,48,24> took 2.017161 (s) in 3 time steps
AutoTuner: Block shape <48,24,48> took 1.661932 (s) in 3 time steps
AutoTuner: Block shape <24,48,48> took 1.745052 (s) in 3 time steps
AutoTuner: Block shape <48,48,48> took 1.633768 (s) in 3 time steps
AutoTuner: Block shape <64,32,32> took 1.746978 (s) in 3 time steps
AutoTuner: Block shape <32,64,32> took 1.822709 (s) in 3 time steps
AutoTuner: Block shape <64,64,32> took 1.725821 (s) in 3 time steps
AutoTuner: Block shape <64,32,64> took 1.549714 (s) in 3 time steps
AutoTuner: Block shape <32,64,64> took 1.851929 (s) in 3 time steps
AutoTuner: Block shape <40,40,80> took 1.596987 (s) in 3 time steps
Auto-tuned block shape: {'x0_block_size': 64, 'y0_block_size': 32, 'z0_block_size': 64}
=========================================================================================
Section section_0<780,780,780> with OI=0.16 computed in 0.312 s [6.09 GFlops/s]
Section section_3<415,1> with OI=0.64 computed in 0.000 s [0.15 GFlops/s]
Section section_4<415,101> with OI=1.27 computed in 0.004 s [0.98 GFlops/s]
Section main<415,780,780,780> with OI=4.52 computed in 503.371 s [117.37 GFlops/s, 0.39 GPts/s]
=========================================================================================
Allocating memory for m ((788, 788, 788))
Allocating memory for damp ((788, 788, 788))
Allocating memory for epsilon ((788, 788, 788))
Allocating memory for delta ((788, 788, 788))
Allocating memory for theta ((788, 788, 788))
Allocating memory for phi ((788, 788, 788))
Allocating memory for src ((417, 1))
Allocating memory for src_coords ((1, 3))
Allocating memory for nrec_coords ((101, 3))
Allocating memory for rec_coords ((101, 3))
DSE: extract_time_varying [flops: 3953, elapsed: 0.37] >>
     extract_time_invariants [flops: 3409, elapsed: 0.15] >>
     eliminate_inter_stencil_redundancies [flops: 1243, elapsed: 0.41] >>
     extract_sum_of_products [flops: 901, elapsed: 0.06] >>
     eliminate_inter_stencil_redundancies [flops: 579, elapsed: 0.09] >>
     extract_sum_of_products [flops: 492, elapsed: 0.03] >>
     factorize [flops: 368, elapsed: 0.28] >>
     eliminate_intra_stencil_redundancies [flops: 299, elapsed: 0.06] >>
     finalize [flops: 300, elapsed: 0.00]
     [Total elapsed: 1.45 s]
DLE: avoid_denormals [elapsed: 0.00] >>
     loop_fission [elapsed: 0.01] >>
     loop_blocking [elapsed: 0.45] >>
     simdize [elapsed: 0.04] >>
     ompize [elapsed: 0.04] >>
     create_elemental_functions [elapsed: 0.29] >>
     minimize_remainders [elapsed: 0.02]
     [Total elapsed: 0.85 s]
Allocating memory for rec ((417, 101))
Allocating memory for u ((3, 788, 788, 788))
Allocating memory for v ((3, 788, 788, 788))
IntelCompiler: compiled /tmp/devito-j6xk8qzj/f824d1b66bbc1803e1adf3abf04cb2527daf5eaf.c [6.69 s]
AutoTuner: Block shape <8,8,8> took 2.528974 (s) in 3 time steps
AutoTuner: Block shape <16,16,16> took 1.859570 (s) in 3 time steps
AutoTuner: Block shape <24,24,24> took 2.008155 (s) in 3 time steps
AutoTuner: Block shape <32,32,32> took 1.780845 (s) in 3 time steps
AutoTuner: Block shape <40,40,40> took 1.798254 (s) in 3 time steps
AutoTuner: Block shape <8,8,16> took 1.926293 (s) in 3 time steps
AutoTuner: Block shape <8,8,24> took 2.063389 (s) in 3 time steps
AutoTuner: Block shape <8,8,32> took 1.876573 (s) in 3 time steps
AutoTuner: Block shape <8,8,40> took 2.067044 (s) in 3 time steps
AutoTuner: Block shape <8,8,64> took 1.963503 (s) in 3 time steps
AutoTuner: Block shape <8,8,128> took 2.139533 (s) in 3 time steps
AutoTuner: Block shape <8,8,256> took 2.343910 (s) in 3 time steps
AutoTuner: Block shape <8,8,512> took 2.506495 (s) in 3 time steps
AutoTuner: Block shape <8,8,772> took 2.987636 (s) in 3 time steps
AutoTuner: Block shape <16,16,8> took 2.652670 (s) in 3 time steps
AutoTuner: Block shape <16,16,24> took 1.998306 (s) in 3 time steps
AutoTuner: Block shape <16,16,32> took 1.739672 (s) in 3 time steps
AutoTuner: Block shape <16,16,40> took 1.863006 (s) in 3 time steps
AutoTuner: Block shape <16,16,64> took 1.695832 (s) in 3 time steps
AutoTuner: Block shape <16,16,128> took 1.773329 (s) in 3 time steps
AutoTuner: Block shape <16,16,256> took 1.892026 (s) in 3 time steps
AutoTuner: Block shape <24,24,8> took 3.185694 (s) in 3 time steps
AutoTuner: Block shape <24,24,16> took 2.002781 (s) in 3 time steps
AutoTuner: Block shape <24,24,32> took 1.742166 (s) in 3 time steps
AutoTuner: Block shape <24,24,40> took 1.823763 (s) in 3 time steps
AutoTuner: Block shape <24,24,64> took 1.693240 (s) in 3 time steps
AutoTuner: Block shape <24,24,128> took 1.643027 (s) in 3 time steps
AutoTuner: Block shape <32,32,8> took 3.252869 (s) in 3 time steps
AutoTuner: Block shape <32,32,16> took 2.047848 (s) in 3 time steps
AutoTuner: Block shape <32,32,24> took 2.011575 (s) in 3 time steps
AutoTuner: Block shape <32,32,40> took 1.838529 (s) in 3 time steps
AutoTuner: Block shape <32,32,64> took 1.636727 (s) in 3 time steps
AutoTuner: Block shape <32,32,128> took 1.698166 (s) in 3 time steps
AutoTuner: Block shape <16,8,8> took 2.402980 (s) in 3 time steps
AutoTuner: Block shape <8,16,8> took 2.402664 (s) in 3 time steps
AutoTuner: Block shape <16,8,16> took 1.839608 (s) in 3 time steps
AutoTuner: Block shape <8,16,16> took 1.845404 (s) in 3 time steps
AutoTuner: Block shape <32,16,16> took 2.037840 (s) in 3 time steps
AutoTuner: Block shape <16,32,16> took 2.030095 (s) in 3 time steps
AutoTuner: Block shape <32,16,32> took 1.765555 (s) in 3 time steps
AutoTuner: Block shape <16,32,32> took 1.811578 (s) in 3 time steps
AutoTuner: Block shape <48,24,24> took 2.001092 (s) in 3 time steps
AutoTuner: Block shape <24,48,24> took 2.140987 (s) in 3 time steps
AutoTuner: Block shape <24,24,48> took 1.699240 (s) in 3 time steps
AutoTuner: Block shape <48,48,24> took 2.025078 (s) in 3 time steps
AutoTuner: Block shape <48,24,48> took 1.667054 (s) in 3 time steps
AutoTuner: Block shape <24,48,48> took 1.748926 (s) in 3 time steps
AutoTuner: Block shape <48,48,48> took 1.639622 (s) in 3 time steps
AutoTuner: Block shape <64,32,32> took 1.751687 (s) in 3 time steps
AutoTuner: Block shape <32,64,32> took 1.827309 (s) in 3 time steps
AutoTuner: Block shape <64,64,32> took 1.732471 (s) in 3 time steps
AutoTuner: Block shape <64,32,64> took 1.554460 (s) in 3 time steps
AutoTuner: Block shape <32,64,64> took 1.857187 (s) in 3 time steps
AutoTuner: Block shape <40,40,80> took 1.602405 (s) in 3 time steps
Auto-tuned block shape: {'x0_block_size': 64, 'y0_block_size': 32, 'z0_block_size': 64}
=========================================================================================
Section section_0<780,780,780> with OI=0.16 computed in 0.312 s [6.09 GFlops/s]
Section section_3<415,1> with OI=0.64 computed in 0.000 s [0.15 GFlops/s]
Section section_4<415,101> with OI=1.27 computed in 0.004 s [1.01 GFlops/s]
Section main<415,780,780,780> with OI=4.52 computed in 502.388 s [117.60 GFlops/s, 0.39 GPts/s]
=========================================================================================
Allocating memory for m ((788, 788, 788))
Allocating memory for damp ((788, 788, 788))
Allocating memory for epsilon ((788, 788, 788))
Allocating memory for delta ((788, 788, 788))
Allocating memory for theta ((788, 788, 788))
Allocating memory for phi ((788, 788, 788))
Allocating memory for src ((417, 1))
Allocating memory for src_coords ((1, 3))
Allocating memory for nrec_coords ((101, 3))
Allocating memory for rec_coords ((101, 3))
DSE: extract_time_varying [flops: 3953, elapsed: 0.40] >>
     extract_time_invariants [flops: 3409, elapsed: 0.15] >>
     eliminate_inter_stencil_redundancies [flops: 1243, elapsed: 0.41] >>
     extract_sum_of_products [flops: 901, elapsed: 0.06] >>
     eliminate_inter_stencil_redundancies [flops: 579, elapsed: 0.09] >>
     extract_sum_of_products [flops: 492, elapsed: 0.03] >>
     factorize [flops: 368, elapsed: 0.28] >>
     eliminate_intra_stencil_redundancies [flops: 299, elapsed: 0.06] >>
     finalize [flops: 300, elapsed: 0.00]
     [Total elapsed: 1.48 s]
DLE: avoid_denormals [elapsed: 0.00] >>
     loop_fission [elapsed: 0.01] >>
     loop_blocking [elapsed: 0.42] >>
     simdize [elapsed: 0.04] >>
     ompize [elapsed: 0.04] >>
     create_elemental_functions [elapsed: 0.33] >>
     minimize_remainders [elapsed: 0.02]
     [Total elapsed: 0.86 s]
Allocating memory for rec ((417, 101))
Allocating memory for u ((3, 788, 788, 788))
Allocating memory for v ((3, 788, 788, 788))
IntelCompiler: compiled /tmp/devito-j6xk8qzj/abff3cf8af7bc5b526108879b20a729f1ef62139.c [6.69 s]
AutoTuner: Block shape <8,8,8> took 2.523695 (s) in 3 time steps
AutoTuner: Block shape <16,16,16> took 1.865137 (s) in 3 time steps
AutoTuner: Block shape <24,24,24> took 2.010872 (s) in 3 time steps
AutoTuner: Block shape <32,32,32> took 1.784401 (s) in 3 time steps
AutoTuner: Block shape <40,40,40> took 1.799423 (s) in 3 time steps
AutoTuner: Block shape <8,8,16> took 1.933792 (s) in 3 time steps
AutoTuner: Block shape <8,8,24> took 2.064500 (s) in 3 time steps
AutoTuner: Block shape <8,8,32> took 1.876808 (s) in 3 time steps
AutoTuner: Block shape <8,8,40> took 2.064566 (s) in 3 time steps
AutoTuner: Block shape <8,8,64> took 1.965177 (s) in 3 time steps
AutoTuner: Block shape <8,8,128> took 2.147304 (s) in 3 time steps
AutoTuner: Block shape <8,8,256> took 2.345294 (s) in 3 time steps
AutoTuner: Block shape <8,8,512> took 2.506620 (s) in 3 time steps
AutoTuner: Block shape <8,8,772> took 2.991002 (s) in 3 time steps
AutoTuner: Block shape <16,16,8> took 2.646168 (s) in 3 time steps
AutoTuner: Block shape <16,16,24> took 2.008313 (s) in 3 time steps
AutoTuner: Block shape <16,16,32> took 1.738043 (s) in 3 time steps
AutoTuner: Block shape <16,16,40> took 1.862857 (s) in 3 time steps
AutoTuner: Block shape <16,16,64> took 1.698183 (s) in 3 time steps
AutoTuner: Block shape <16,16,128> took 1.772620 (s) in 3 time steps
AutoTuner: Block shape <16,16,256> took 1.890553 (s) in 3 time steps
AutoTuner: Block shape <24,24,8> took 3.187577 (s) in 3 time steps
AutoTuner: Block shape <24,24,16> took 2.001957 (s) in 3 time steps
AutoTuner: Block shape <24,24,32> took 1.740652 (s) in 3 time steps
AutoTuner: Block shape <24,24,40> took 1.822341 (s) in 3 time steps
AutoTuner: Block shape <24,24,64> took 1.694156 (s) in 3 time steps
AutoTuner: Block shape <24,24,128> took 1.646962 (s) in 3 time steps
AutoTuner: Block shape <32,32,8> took 3.253802 (s) in 3 time steps
AutoTuner: Block shape <32,32,16> took 2.050752 (s) in 3 time steps
AutoTuner: Block shape <32,32,24> took 2.013943 (s) in 3 time steps
AutoTuner: Block shape <32,32,40> took 1.839243 (s) in 3 time steps
AutoTuner: Block shape <32,32,64> took 1.638674 (s) in 3 time steps
AutoTuner: Block shape <32,32,128> took 1.700345 (s) in 3 time steps
AutoTuner: Block shape <16,8,8> took 2.405901 (s) in 3 time steps
AutoTuner: Block shape <8,16,8> took 2.405524 (s) in 3 time steps
AutoTuner: Block shape <16,8,16> took 1.842745 (s) in 3 time steps
AutoTuner: Block shape <8,16,16> took 1.842037 (s) in 3 time steps
AutoTuner: Block shape <32,16,16> took 2.037001 (s) in 3 time steps
AutoTuner: Block shape <16,32,16> took 2.030507 (s) in 3 time steps
AutoTuner: Block shape <32,16,32> took 1.766485 (s) in 3 time steps
AutoTuner: Block shape <16,32,32> took 1.811320 (s) in 3 time steps
AutoTuner: Block shape <48,24,24> took 2.000252 (s) in 3 time steps
AutoTuner: Block shape <24,48,24> took 2.143015 (s) in 3 time steps
AutoTuner: Block shape <24,24,48> took 1.700966 (s) in 3 time steps
AutoTuner: Block shape <48,48,24> took 2.028600 (s) in 3 time steps
AutoTuner: Block shape <48,24,48> took 1.667485 (s) in 3 time steps
AutoTuner: Block shape <24,48,48> took 1.747894 (s) in 3 time steps
AutoTuner: Block shape <48,48,48> took 1.640317 (s) in 3 time steps
AutoTuner: Block shape <64,32,32> took 1.750330 (s) in 3 time steps
AutoTuner: Block shape <32,64,32> took 1.828019 (s) in 3 time steps
AutoTuner: Block shape <64,64,32> took 1.732480 (s) in 3 time steps
AutoTuner: Block shape <64,32,64> took 1.554594 (s) in 3 time steps
AutoTuner: Block shape <32,64,64> took 1.858556 (s) in 3 time steps
AutoTuner: Block shape <40,40,80> took 1.604708 (s) in 3 time steps
Auto-tuned block shape: {'x0_block_size': 64, 'y0_block_size': 32, 'z0_block_size': 64}
=========================================================================================
Section section_0<780,780,780> with OI=0.16 computed in 0.312 s [6.09 GFlops/s]
Section section_3<415,1> with OI=0.64 computed in 0.000 s [0.13 GFlops/s]
Section section_4<415,101> with OI=1.27 computed in 0.004 s [0.98 GFlops/s]
Section main<415,780,780,780> with OI=4.52 computed in 502.578 s [117.56 GFlops/s, 0.39 GPts/s]
=========================================================================================


OpesciBench: Running 3 repeats - parameters: arch: unknown, autotune: True, dle: advanced, dse: aggressive, nbpml: 10, shape: (768, 768, 768), space_order: 16, spacing: (20.0, 20.0, 20.0), time_order: 2, tn: 1000
OpesciBench [11:47:17]: --- Run 0 ---
icc -O3 -g -fPIC -Wall -std=c99 -xhost -shared -qopenmp /tmp/devito-j6xk8qzj/3c2461b87c0f87f56ef4c5a12f17b533d3514453.c -o /tmp/devito-j6xk8qzj/3c2461b87c0f87f56ef4c5a12f17b533d3514453.so
OpesciBench [11:58:37]: --- Run 0 finished ---

OpesciBench [11:58:37]: --- Run 1 ---
icc -O3 -g -fPIC -Wall -std=c99 -xhost -shared -qopenmp /tmp/devito-j6xk8qzj/f824d1b66bbc1803e1adf3abf04cb2527daf5eaf.c -o /tmp/devito-j6xk8qzj/f824d1b66bbc1803e1adf3abf04cb2527daf5eaf.so
OpesciBench [12:09:56]: --- Run 1 finished ---

OpesciBench [12:09:56]: --- Run 2 ---
icc -O3 -g -fPIC -Wall -std=c99 -xhost -shared -qopenmp /tmp/devito-j6xk8qzj/abff3cf8af7bc5b526108879b20a729f1ef62139.c -o /tmp/devito-j6xk8qzj/abff3cf8af7bc5b526108879b20a729f1ef62139.so
OpesciBench [12:21:16]: --- Run 2 finished ---



Thu Dec 21 12:21:17 PST 2017
top - 12:21:17 up 22 days,  3:10,  3 users,  load average: 56.05, 54.35, 51.92
Tasks: 1952 total,   1 running, 1951 sleeping,   0 stopped,   0 zombie
%Cpu(s):  5.3 us,  0.1 sy,  0.0 ni, 94.6 id,  0.0 wa,  0.0 hi,  0.0 si,  0.0 st
KiB Mem : 19652648+total, 18772185+free,  4742020 used,  4062612 buff/cache
KiB Swap: 50331644 total, 47136392 free,  3195252 used. 19103256+avail Mem 

   PID USER      PR  NI    VIRT    RES    SHR S  %CPU %MEM     TIME+ COMMAND
   480 root      20   0       0      0      0 S   5.9  0.0   0:36.34 rcuos/21
 61846 cyount    20   0  152236   3928   1476 R   5.9  0.0   0:00.02 top
     1 root      20   0  197856   6604   1468 S   0.0  0.0   1:10.38 systemd
     2 root      20   0       0      0      0 S   0.0  0.0   0:00.29 kthreadd
     3 root      20   0       0      0      0 S   0.0  0.0   0:00.10 ksoftirqd/0
     5 root       0 -20       0      0      0 S   0.0  0.0   0:00.00 kworker/0:0H
     8 root      rt   0       0      0      0 S   0.0  0.0   0:01.43 migration/0
     9 root      20   0       0      0      0 S   0.0  0.0   0:00.00 rcu_bh
    10 root      20   0       0      0      0 S   0.0  0.0   0:00.00 rcuob/0
    11 root      20   0       0      0      0 S   0.0  0.0   0:00.00 rcuob/1
    12 root      20   0       0      0      0 S   0.0  0.0   0:00.00 rcuob/2
    13 root      20   0       0      0      0 S   0.0  0.0   0:00.00 rcuob/3
    14 root      20   0       0      0      0 S   0.0  0.0   0:00.00 rcuob/4
    15 root      20   0       0      0      0 S   0.0  0.0   0:00.00 rcuob/5
    16 root      20   0       0      0      0 S   0.0  0.0   0:00.00 rcuob/6
    17 root      20   0       0      0      0 S   0.0  0.0   0:00.00 rcuob/7
    18 root      20   0       0      0      0 S   0.0  0.0   0:00.00 rcuob/8
    19 root      20   0       0      0      0 S   0.0  0.0   0:00.00 rcuob/9
    20 root      20   0       0      0      0 S   0.0  0.0   0:00.00 rcuob/10
    21 root      20   0       0      0      0 S   0.0  0.0   0:00.00 rcuob/11
    22 root      20   0       0      0      0 S   0.0  0.0   0:00.00 rcuob/12
    23 root      20   0       0      0      0 S   0.0  0.0   0:00.00 rcuob/13
    24 root      20   0       0      0      0 S   0.0  0.0   0:00.00 rcuob/14
