Fri Dec 22 01:28:18 PST 2017
Linux ortce-skl3 3.10.0-327.el7.x86_64 #1 SMP Thu Oct 29 17:29:29 EDT 2015 x86_64 x86_64 x86_64 GNU/Linux
Architecture:          x86_64
CPU op-mode(s):        32-bit, 64-bit
Byte Order:            Little Endian
CPU(s):                112
On-line CPU(s) list:   0-111
Thread(s) per core:    2
Core(s) per socket:    28
Socket(s):             2
NUMA node(s):          2
Vendor ID:             GenuineIntel
CPU family:            6
Model:                 85
Model name:            Intel(R) Xeon(R) Platinum 8180 CPU @ 2.50GHz
Stepping:              4
CPU MHz:               2501.000
BogoMIPS:              4993.64
Virtualization:        VT-x
L1d cache:             32K
L1i cache:             32K
L2 cache:              1024K
L3 cache:              39424K
NUMA node0 CPU(s):     0-27,56-83
NUMA node1 CPU(s):     28-55,84-111
Linux ortce-skl3 3.10.0-327.el7.x86_64 #1 SMP Thu Oct 29 17:29:29 EDT 2015 x86_64 x86_64 x86_64 GNU/Linux
available: 2 nodes (0-1)
node 0 cpus: 0 1 2 3 4 5 6 7 8 9 10 11 12 13 14 15 16 17 18 19 20 21 22 23 24 25 26 27 56 57 58 59 60 61 62 63 64 65 66 67 68 69 70 71 72 73 74 75 76 77 78 79 80 81 82 83
node 0 size: 96973 MB
node 0 free: 90360 MB
node 1 cpus: 28 29 30 31 32 33 34 35 36 37 38 39 40 41 42 43 44 45 46 47 48 49 50 51 52 53 54 55 84 85 86 87 88 89 90 91 92 93 94 95 96 97 98 99 100 101 102 103 104 105 106 107 108 109 110 111
node 1 size: 98304 MB
node 1 free: 92940 MB
node distances:
node   0   1 
  0:  10  21 
  1:  21  10 

Per-node system memory usage (in MBs):
                          Node 0          Node 1           Total
                 --------------- --------------- ---------------
MemTotal                96973.63        98304.00       195277.63
MemFree                 90360.82        92940.30       183301.12
MemUsed                  6612.81         5363.70        11976.51
Active                    391.34          566.17          957.51
Inactive                 2577.55         2162.25         4739.79
Active(anon)              213.68           14.39          228.07
Inactive(anon)           1564.94          671.34         2236.28
Active(file)              177.66          551.79          729.44
Inactive(file)           1012.61         1490.91         2503.52
Unevictable                 0.00            0.00            0.00
Mlocked                     0.00            0.00            0.00
Dirty                       0.00            0.01            0.01
Writeback                   0.00            0.00            0.00
FilePages                2724.89         2712.46         5437.36
Mapped                     41.42           12.16           53.58
AnonPages                 292.82           72.88          365.70
Shmem                      14.24            2.69           16.93
KernelStack                33.28           10.23           43.52
PageTables                 28.35           22.62           50.98
NFS_Unstable                0.00            0.00            0.00
Bounce                      0.00            0.00            0.00
WritebackTmp                0.00            0.00            0.00
Slab                      397.45          326.24          723.69
SReclaimable              202.42          140.91          343.34
SUnreclaim                195.03          185.32          380.36
AnonHugePages             104.00           54.00          158.00
HugePages_Total             0.00            0.00            0.00
HugePages_Free              0.00            0.00            0.00
HugePages_Surp              0.00            0.00            0.00
top - 01:28:19 up 22 days, 16:17,  3 users,  load average: 55.99, 53.87, 50.45
Tasks: 1954 total,   1 running, 1953 sleeping,   0 stopped,   0 zombie
%Cpu(s):  6.0 us,  0.1 sy,  0.0 ni, 93.9 id,  0.0 wa,  0.0 hi,  0.0 si,  0.0 st
KiB Mem : 19652648+total, 18769787+free,  4759664 used,  4068944 buff/cache
KiB Swap: 50331644 total, 47136868 free,  3194776 used. 19102212+avail Mem 

   PID USER      PR  NI    VIRT    RES    SHR S  %CPU %MEM     TIME+ COMMAND
   462 root      20   0       0      0      0 S   5.9  0.0   0:38.63 rcuos/3
120879 cyount    20   0  152236   3932   1476 R   5.9  0.0   0:00.02 top
356612 tbcosta   20   0  152480   3124    652 S   5.9  0.0  81:16.36 top
     1 root      20   0  197856   6616   1468 S   0.0  0.0   1:11.87 systemd
     2 root      20   0       0      0      0 S   0.0  0.0   0:00.30 kthreadd
     3 root      20   0       0      0      0 S   0.0  0.0   0:00.12 ksoftirqd/0
     5 root       0 -20       0      0      0 S   0.0  0.0   0:00.00 kworker/0:0H
     8 root      rt   0       0      0      0 S   0.0  0.0   0:01.43 migration/0
     9 root      20   0       0      0      0 S   0.0  0.0   0:00.00 rcu_bh
    10 root      20   0       0      0      0 S   0.0  0.0   0:00.00 rcuob/0
    11 root      20   0       0      0      0 S   0.0  0.0   0:00.00 rcuob/1
    12 root      20   0       0      0      0 S   0.0  0.0   0:00.00 rcuob/2
    13 root      20   0       0      0      0 S   0.0  0.0   0:00.00 rcuob/3
    14 root      20   0       0      0      0 S   0.0  0.0   0:00.00 rcuob/4
    15 root      20   0       0      0      0 S   0.0  0.0   0:00.00 rcuob/5
    16 root      20   0       0      0      0 S   0.0  0.0   0:00.00 rcuob/6
    17 root      20   0       0      0      0 S   0.0  0.0   0:00.00 rcuob/7
    18 root      20   0       0      0      0 S   0.0  0.0   0:00.00 rcuob/8
    19 root      20   0       0      0      0 S   0.0  0.0   0:00.00 rcuob/9
    20 root      20   0       0      0      0 S   0.0  0.0   0:00.00 rcuob/10
    21 root      20   0       0      0      0 S   0.0  0.0   0:00.00 rcuob/11
    22 root      20   0       0      0      0 S   0.0  0.0   0:00.00 rcuob/12
    23 root      20   0       0      0      0 S   0.0  0.0   0:00.00 rcuob/13
env DEVITO_PLATFORM=skx DEVITO_ISA=avx512 DEVITO_DEBUG_COMPILER=1 DEVITO_DLE_OPTIONS=blockinner:True DEVITO_AUTOTUNING=aggressive DEVITO_BACKEND=core DEVITO_OPENMP=1 DEVITO_ARCH=intel DEVITO_LOGGING=DEBUG DEVITO_YASK_AUTOTUNING=preemptive DEVITO_YASK_DUMP=devito.bench.2017-12-22/tti/core/bmdse/ortce-skl3/grid768/so16 numactl --cpubind=1 python examples/seismic/benchmark.py bench -bm dse -P tti -so 16 -to 2 -d 768 768 768 --tn 1000 -x 3 -r devito.bench.2017-12-22/tti/core/bmdse/ortce-skl3/grid768/so16
Allocating memory for m ((788, 788, 788))
Allocating memory for damp ((788, 788, 788))
Allocating memory for epsilon ((788, 788, 788))
Allocating memory for delta ((788, 788, 788))
Allocating memory for theta ((788, 788, 788))
Allocating memory for phi ((788, 788, 788))
Allocating memory for src ((417, 1))
Allocating memory for src_coords ((1, 3))
Allocating memory for nrec_coords ((101, 3))
Allocating memory for rec_coords ((101, 3))
DSE: eliminate_intra_stencil_redundancies [flops: 2835, elapsed: 1.90] >>
     finalize [flops: 2837, elapsed: 0.06]
     [Total elapsed: 1.96 s]
DLE: avoid_denormals [elapsed: 0.00] >>
     loop_fission [elapsed: 0.03] >>
     loop_blocking [elapsed: 0.30] >>
     simdize [elapsed: 0.37] >>
     ompize [elapsed: 0.09] >>
     create_elemental_functions [elapsed: 0.54] >>
     minimize_remainders [elapsed: 0.04]
     [Total elapsed: 1.36 s]
Allocating memory for rec ((417, 101))
Allocating memory for u ((3, 788, 788, 788))
Allocating memory for v ((3, 788, 788, 788))
IntelCompiler: compiled /tmp/devito-2tlp9tla/3fd64013e5691d1cd9ca08fe7c65c27f84bdcf2f.c [518.20 s]
AutoTuner: Block shape <8,8,8> took 4.009824 (s) in 3 time steps
AutoTuner: Block shape <16,16,16> took 3.829149 (s) in 3 time steps
AutoTuner: Block shape <24,24,24> took 3.780735 (s) in 3 time steps
AutoTuner: Block shape <32,32,32> took 3.798093 (s) in 3 time steps
AutoTuner: Block shape <40,40,40> took 3.902912 (s) in 3 time steps
AutoTuner: Block shape <64,64,64> took 4.291597 (s) in 3 time steps
AutoTuner: Block shape <128,128,128> took 4.771837 (s) in 3 time steps
AutoTuner: Block shape <256,256,256> took 6.362277 (s) in 3 time steps
AutoTuner: Block shape <512,512,512> took 111.098018 (s) in 3 time steps
AutoTuner: Block shape <772,772,772> took 130.429839 (s) in 3 time steps
AutoTuner: Block shape <8,8,16> took 3.814053 (s) in 3 time steps
AutoTuner: Block shape <8,8,24> took 3.832065 (s) in 3 time steps
AutoTuner: Block shape <8,8,32> took 3.793329 (s) in 3 time steps
AutoTuner: Block shape <8,8,40> took 3.783500 (s) in 3 time steps
AutoTuner: Block shape <8,8,64> took 3.771627 (s) in 3 time steps
AutoTuner: Block shape <8,8,128> took 3.847115 (s) in 3 time steps
AutoTuner: Block shape <8,8,256> took 4.068791 (s) in 3 time steps
AutoTuner: Block shape <8,8,512> took 4.461458 (s) in 3 time steps
AutoTuner: Block shape <8,8,772> took 5.182236 (s) in 3 time steps
AutoTuner: Block shape <16,16,8> took 3.985175 (s) in 3 time steps
AutoTuner: Block shape <16,16,24> took 3.784156 (s) in 3 time steps
AutoTuner: Block shape <16,16,32> took 3.755922 (s) in 3 time steps
AutoTuner: Block shape <16,16,40> took 3.736705 (s) in 3 time steps
AutoTuner: Block shape <16,16,64> took 3.727598 (s) in 3 time steps
AutoTuner: Block shape <16,16,128> took 3.862208 (s) in 3 time steps
AutoTuner: Block shape <16,16,256> took 4.257952 (s) in 3 time steps
AutoTuner: Block shape <16,16,512> took 4.769265 (s) in 3 time steps
AutoTuner: Block shape <16,16,772> took 5.271591 (s) in 3 time steps
AutoTuner: Block shape <24,24,8> took 4.095582 (s) in 3 time steps
AutoTuner: Block shape <24,24,16> took 3.881403 (s) in 3 time steps
AutoTuner: Block shape <24,24,32> took 3.751193 (s) in 3 time steps
AutoTuner: Block shape <24,24,40> took 3.743427 (s) in 3 time steps
AutoTuner: Block shape <24,24,64> took 3.797119 (s) in 3 time steps
AutoTuner: Block shape <24,24,128> took 3.926925 (s) in 3 time steps
AutoTuner: Block shape <24,24,256> took 4.537903 (s) in 3 time steps
AutoTuner: Block shape <24,24,512> took 4.941648 (s) in 3 time steps
AutoTuner: Block shape <24,24,772> took 5.277711 (s) in 3 time steps
AutoTuner: Block shape <32,32,8> took 4.166935 (s) in 3 time steps
AutoTuner: Block shape <32,32,16> took 3.914109 (s) in 3 time steps
AutoTuner: Block shape <32,32,24> took 3.833813 (s) in 3 time steps
AutoTuner: Block shape <32,32,40> took 3.836305 (s) in 3 time steps
AutoTuner: Block shape <32,32,64> took 3.883836 (s) in 3 time steps
AutoTuner: Block shape <32,32,128> took 4.101632 (s) in 3 time steps
AutoTuner: Block shape <32,32,256> took 4.672507 (s) in 3 time steps
AutoTuner: Block shape <32,32,512> took 5.043477 (s) in 3 time steps
AutoTuner: Block shape <32,32,772> took 5.288007 (s) in 3 time steps
AutoTuner: Block shape <16,8,8> took 4.002291 (s) in 3 time steps
AutoTuner: Block shape <8,16,8> took 4.010384 (s) in 3 time steps
AutoTuner: Block shape <16,8,16> took 3.862437 (s) in 3 time steps
AutoTuner: Block shape <8,16,16> took 3.855503 (s) in 3 time steps
AutoTuner: Block shape <32,16,16> took 3.888545 (s) in 3 time steps
AutoTuner: Block shape <16,32,16> took 3.897134 (s) in 3 time steps
AutoTuner: Block shape <32,16,32> took 3.742292 (s) in 3 time steps
AutoTuner: Block shape <16,32,32> took 3.820234 (s) in 3 time steps
AutoTuner: Block shape <48,24,24> took 3.797029 (s) in 3 time steps
AutoTuner: Block shape <24,48,24> took 3.967755 (s) in 3 time steps
AutoTuner: Block shape <24,24,48> took 3.735580 (s) in 3 time steps
AutoTuner: Block shape <48,48,24> took 3.968996 (s) in 3 time steps
AutoTuner: Block shape <48,24,48> took 3.733535 (s) in 3 time steps
AutoTuner: Block shape <24,48,48> took 3.995872 (s) in 3 time steps
AutoTuner: Block shape <48,48,48> took 3.987304 (s) in 3 time steps
AutoTuner: Block shape <64,32,32> took 3.825889 (s) in 3 time steps
AutoTuner: Block shape <32,64,32> took 4.068999 (s) in 3 time steps
AutoTuner: Block shape <64,64,32> took 4.055441 (s) in 3 time steps
AutoTuner: Block shape <64,32,64> took 3.880683 (s) in 3 time steps
AutoTuner: Block shape <32,64,64> took 4.312656 (s) in 3 time steps
AutoTuner: Block shape <80,40,40> took 3.993992 (s) in 3 time steps
AutoTuner: Block shape <40,80,40> took 4.340563 (s) in 3 time steps
AutoTuner: Block shape <40,40,80> took 4.083424 (s) in 3 time steps
AutoTuner: Block shape <80,80,40> took 4.485926 (s) in 3 time steps
AutoTuner: Block shape <80,40,80> took 4.201269 (s) in 3 time steps
AutoTuner: Block shape <40,80,80> took 4.675005 (s) in 3 time steps
AutoTuner: Block shape <80,80,80> took 5.025487 (s) in 3 time steps
AutoTuner: Block shape <128,64,64> took 4.352107 (s) in 3 time steps
AutoTuner: Block shape <64,128,64> took 4.666962 (s) in 3 time steps
AutoTuner: Block shape <64,64,128> took 4.518068 (s) in 3 time steps
AutoTuner: Block shape <128,128,64> took 4.762147 (s) in 3 time steps
AutoTuner: Block shape <128,64,128> took 4.593933 (s) in 3 time steps
AutoTuner: Block shape <64,128,128> took 4.716412 (s) in 3 time steps
AutoTuner: Block shape <256,128,128> took 4.858645 (s) in 3 time steps
AutoTuner: Block shape <128,256,128> took 4.886892 (s) in 3 time steps
AutoTuner: Block shape <128,128,256> took 4.997595 (s) in 3 time steps
AutoTuner: Block shape <256,256,128> took 4.999377 (s) in 3 time steps
AutoTuner: Block shape <256,128,256> took 5.237525 (s) in 3 time steps
AutoTuner: Block shape <128,256,256> took 5.177903 (s) in 3 time steps
AutoTuner: Block shape <512,256,256> took 15.976229 (s) in 3 time steps
AutoTuner: Block shape <256,512,256> took 16.360468 (s) in 3 time steps
AutoTuner: Block shape <256,256,512> took 15.742570 (s) in 3 time steps
AutoTuner: Block shape <512,512,256> took 44.387930 (s) in 3 time steps
AutoTuner: Block shape <512,256,512> took 42.226429 (s) in 3 time steps
AutoTuner: Block shape <256,512,512> took 44.081527 (s) in 3 time steps
Auto-tuned block shape: {'x0_block_size': 16, 'y0_block_size': 16, 'z0_block_size': 64}
=========================================================================================
Section section_1<415,1> with OI=0.64 computed in 0.000 s [0.11 GFlops/s]
Section section_2<415,101> with OI=1.27 computed in 0.005 s [0.83 GFlops/s]
Section main<415,772,772,772> with OI=66.37 computed in 1525.604 s [355.07 GFlops/s, 0.13 GPts/s]
=========================================================================================
Allocating memory for m ((788, 788, 788))
Allocating memory for damp ((788, 788, 788))
Allocating memory for epsilon ((788, 788, 788))
Allocating memory for delta ((788, 788, 788))
Allocating memory for theta ((788, 788, 788))
Allocating memory for phi ((788, 788, 788))
Allocating memory for src ((417, 1))
Allocating memory for src_coords ((1, 3))
Allocating memory for nrec_coords ((101, 3))
Allocating memory for rec_coords ((101, 3))
DSE: eliminate_intra_stencil_redundancies [flops: 2835, elapsed: 1.90] >>
     finalize [flops: 2837, elapsed: 0.06]
     [Total elapsed: 1.96 s]
DLE: avoid_denormals [elapsed: 0.00] >>
     loop_fission [elapsed: 0.03] >>
     loop_blocking [elapsed: 0.30] >>
     simdize [elapsed: 0.20] >>
     ompize [elapsed: 0.09] >>
     create_elemental_functions [elapsed: 0.49] >>
     minimize_remainders [elapsed: 0.07]
     [Total elapsed: 1.18 s]
Allocating memory for rec ((417, 101))
Allocating memory for u ((3, 788, 788, 788))
Allocating memory for v ((3, 788, 788, 788))
IntelCompiler: compiled /tmp/devito-2tlp9tla/3fd64013e5691d1cd9ca08fe7c65c27f84bdcf2f.c [490.74 s]
AutoTuner: Block shape <8,8,8> took 3.985443 (s) in 3 time steps
AutoTuner: Block shape <16,16,16> took 3.821674 (s) in 3 time steps
AutoTuner: Block shape <24,24,24> took 3.782648 (s) in 3 time steps
AutoTuner: Block shape <32,32,32> took 3.803461 (s) in 3 time steps
AutoTuner: Block shape <40,40,40> took 3.900578 (s) in 3 time steps
AutoTuner: Block shape <64,64,64> took 4.301751 (s) in 3 time steps
AutoTuner: Block shape <128,128,128> took 4.784789 (s) in 3 time steps
AutoTuner: Block shape <256,256,256> took 6.315743 (s) in 3 time steps
AutoTuner: Block shape <512,512,512> took 110.884091 (s) in 3 time steps
AutoTuner: Block shape <772,772,772> took 131.166505 (s) in 3 time steps
AutoTuner: Block shape <8,8,16> took 3.813207 (s) in 3 time steps
AutoTuner: Block shape <8,8,24> took 3.828766 (s) in 3 time steps
AutoTuner: Block shape <8,8,32> took 3.796475 (s) in 3 time steps
AutoTuner: Block shape <8,8,40> took 3.782126 (s) in 3 time steps
AutoTuner: Block shape <8,8,64> took 3.777424 (s) in 3 time steps
AutoTuner: Block shape <8,8,128> took 3.851838 (s) in 3 time steps
AutoTuner: Block shape <8,8,256> took 4.051136 (s) in 3 time steps
AutoTuner: Block shape <8,8,512> took 4.464146 (s) in 3 time steps
AutoTuner: Block shape <8,8,772> took 5.187634 (s) in 3 time steps
AutoTuner: Block shape <16,16,8> took 3.984311 (s) in 3 time steps
AutoTuner: Block shape <16,16,24> took 3.774521 (s) in 3 time steps
AutoTuner: Block shape <16,16,32> took 3.755260 (s) in 3 time steps
AutoTuner: Block shape <16,16,40> took 3.730852 (s) in 3 time steps
AutoTuner: Block shape <16,16,64> took 3.721947 (s) in 3 time steps
AutoTuner: Block shape <16,16,128> took 3.855796 (s) in 3 time steps
AutoTuner: Block shape <16,16,256> took 4.254631 (s) in 3 time steps
AutoTuner: Block shape <16,16,512> took 4.764746 (s) in 3 time steps
AutoTuner: Block shape <16,16,772> took 5.264717 (s) in 3 time steps
AutoTuner: Block shape <24,24,8> took 4.080524 (s) in 3 time steps
AutoTuner: Block shape <24,24,16> took 3.886006 (s) in 3 time steps
AutoTuner: Block shape <24,24,32> took 3.755954 (s) in 3 time steps
AutoTuner: Block shape <24,24,40> took 3.748327 (s) in 3 time steps
AutoTuner: Block shape <24,24,64> took 3.794784 (s) in 3 time steps
AutoTuner: Block shape <24,24,128> took 3.923871 (s) in 3 time steps
AutoTuner: Block shape <24,24,256> took 4.516163 (s) in 3 time steps
AutoTuner: Block shape <24,24,512> took 4.936338 (s) in 3 time steps
AutoTuner: Block shape <24,24,772> took 5.273738 (s) in 3 time steps
AutoTuner: Block shape <32,32,8> took 4.167357 (s) in 3 time steps
AutoTuner: Block shape <32,32,16> took 3.919530 (s) in 3 time steps
AutoTuner: Block shape <32,32,24> took 3.844836 (s) in 3 time steps
AutoTuner: Block shape <32,32,40> took 3.835967 (s) in 3 time steps
AutoTuner: Block shape <32,32,64> took 3.881525 (s) in 3 time steps
AutoTuner: Block shape <32,32,128> took 4.084603 (s) in 3 time steps
AutoTuner: Block shape <32,32,256> took 4.658991 (s) in 3 time steps
AutoTuner: Block shape <32,32,512> took 5.071332 (s) in 3 time steps
AutoTuner: Block shape <32,32,772> took 5.323014 (s) in 3 time steps
AutoTuner: Block shape <16,8,8> took 4.002355 (s) in 3 time steps
AutoTuner: Block shape <8,16,8> took 4.012275 (s) in 3 time steps
AutoTuner: Block shape <16,8,16> took 3.855701 (s) in 3 time steps
AutoTuner: Block shape <8,16,16> took 3.852216 (s) in 3 time steps
AutoTuner: Block shape <32,16,16> took 3.882810 (s) in 3 time steps
AutoTuner: Block shape <16,32,16> took 3.890102 (s) in 3 time steps
AutoTuner: Block shape <32,16,32> took 3.739209 (s) in 3 time steps
AutoTuner: Block shape <16,32,32> took 3.819510 (s) in 3 time steps
AutoTuner: Block shape <48,24,24> took 3.801367 (s) in 3 time steps
AutoTuner: Block shape <24,48,24> took 3.966750 (s) in 3 time steps
AutoTuner: Block shape <24,24,48> took 3.739547 (s) in 3 time steps
AutoTuner: Block shape <48,48,24> took 3.968615 (s) in 3 time steps
AutoTuner: Block shape <48,24,48> took 3.741361 (s) in 3 time steps
AutoTuner: Block shape <24,48,48> took 3.993405 (s) in 3 time steps
AutoTuner: Block shape <48,48,48> took 3.985000 (s) in 3 time steps
AutoTuner: Block shape <64,32,32> took 3.830773 (s) in 3 time steps
AutoTuner: Block shape <32,64,32> took 4.069818 (s) in 3 time steps
AutoTuner: Block shape <64,64,32> took 4.047633 (s) in 3 time steps
AutoTuner: Block shape <64,32,64> took 3.868338 (s) in 3 time steps
AutoTuner: Block shape <32,64,64> took 4.295517 (s) in 3 time steps
AutoTuner: Block shape <80,40,40> took 4.001014 (s) in 3 time steps
AutoTuner: Block shape <40,80,40> took 4.353264 (s) in 3 time steps
AutoTuner: Block shape <40,40,80> took 4.091229 (s) in 3 time steps
AutoTuner: Block shape <80,80,40> took 4.507586 (s) in 3 time steps
AutoTuner: Block shape <80,40,80> took 4.216175 (s) in 3 time steps
AutoTuner: Block shape <40,80,80> took 4.688685 (s) in 3 time steps
AutoTuner: Block shape <80,80,80> took 5.077820 (s) in 3 time steps
AutoTuner: Block shape <128,64,64> took 4.371438 (s) in 3 time steps
AutoTuner: Block shape <64,128,64> took 4.684827 (s) in 3 time steps
AutoTuner: Block shape <64,64,128> took 4.518090 (s) in 3 time steps
AutoTuner: Block shape <128,128,64> took 4.752442 (s) in 3 time steps
AutoTuner: Block shape <128,64,128> took 4.592183 (s) in 3 time steps
AutoTuner: Block shape <64,128,128> took 4.671559 (s) in 3 time steps
AutoTuner: Block shape <256,128,128> took 4.836804 (s) in 3 time steps
AutoTuner: Block shape <128,256,128> took 4.894881 (s) in 3 time steps
AutoTuner: Block shape <128,128,256> took 4.996243 (s) in 3 time steps
AutoTuner: Block shape <256,256,128> took 5.164813 (s) in 3 time steps
AutoTuner: Block shape <256,128,256> took 5.243379 (s) in 3 time steps
AutoTuner: Block shape <128,256,256> took 5.277481 (s) in 3 time steps
AutoTuner: Block shape <512,256,256> took 15.972905 (s) in 3 time steps
AutoTuner: Block shape <256,512,256> took 16.345224 (s) in 3 time steps
AutoTuner: Block shape <256,256,512> took 15.744996 (s) in 3 time steps
AutoTuner: Block shape <512,512,256> took 44.520556 (s) in 3 time steps
AutoTuner: Block shape <512,256,512> took 42.226046 (s) in 3 time steps
AutoTuner: Block shape <256,512,512> took 44.133248 (s) in 3 time steps
Auto-tuned block shape: {'x0_block_size': 16, 'y0_block_size': 16, 'z0_block_size': 64}
=========================================================================================
Section section_1<415,1> with OI=0.64 computed in 0.000 s [0.11 GFlops/s]
Section section_2<415,101> with OI=1.27 computed in 0.005 s [0.82 GFlops/s]
Section main<415,772,772,772> with OI=66.37 computed in 1525.606 s [355.07 GFlops/s, 0.13 GPts/s]
=========================================================================================
Allocating memory for m ((788, 788, 788))
Allocating memory for damp ((788, 788, 788))
Allocating memory for epsilon ((788, 788, 788))
Allocating memory for delta ((788, 788, 788))
Allocating memory for theta ((788, 788, 788))
Allocating memory for phi ((788, 788, 788))
Allocating memory for src ((417, 1))
Allocating memory for src_coords ((1, 3))
Allocating memory for nrec_coords ((101, 3))
Allocating memory for rec_coords ((101, 3))
DSE: eliminate_intra_stencil_redundancies [flops: 2835, elapsed: 1.90] >>
     finalize [flops: 2837, elapsed: 0.06]
     [Total elapsed: 1.96 s]
DLE: avoid_denormals [elapsed: 0.00] >>
     loop_fission [elapsed: 0.03] >>
     loop_blocking [elapsed: 0.30] >>
     simdize [elapsed: 0.20] >>
     ompize [elapsed: 0.09] >>
     create_elemental_functions [elapsed: 0.49] >>
     minimize_remainders [elapsed: 0.04]
     [Total elapsed: 1.14 s]
Allocating memory for rec ((417, 101))
Allocating memory for u ((3, 788, 788, 788))
Allocating memory for v ((3, 788, 788, 788))
IntelCompiler: compiled /tmp/devito-2tlp9tla/3fd64013e5691d1cd9ca08fe7c65c27f84bdcf2f.c [498.41 s]
AutoTuner: Block shape <8,8,8> took 3.986272 (s) in 3 time steps
AutoTuner: Block shape <16,16,16> took 3.820843 (s) in 3 time steps
AutoTuner: Block shape <24,24,24> took 3.784126 (s) in 3 time steps
AutoTuner: Block shape <32,32,32> took 3.810033 (s) in 3 time steps
AutoTuner: Block shape <40,40,40> took 3.910545 (s) in 3 time steps
AutoTuner: Block shape <64,64,64> took 4.303881 (s) in 3 time steps
AutoTuner: Block shape <128,128,128> took 4.715840 (s) in 3 time steps
AutoTuner: Block shape <256,256,256> took 6.330318 (s) in 3 time steps
AutoTuner: Block shape <512,512,512> took 111.138733 (s) in 3 time steps
AutoTuner: Block shape <772,772,772> took 131.156866 (s) in 3 time steps
AutoTuner: Block shape <8,8,16> took 3.817238 (s) in 3 time steps
AutoTuner: Block shape <8,8,24> took 3.828810 (s) in 3 time steps
AutoTuner: Block shape <8,8,32> took 3.799901 (s) in 3 time steps
AutoTuner: Block shape <8,8,40> took 3.786830 (s) in 3 time steps
AutoTuner: Block shape <8,8,64> took 3.774410 (s) in 3 time steps
AutoTuner: Block shape <8,8,128> took 3.860465 (s) in 3 time steps
AutoTuner: Block shape <8,8,256> took 4.065701 (s) in 3 time steps
AutoTuner: Block shape <8,8,512> took 4.464138 (s) in 3 time steps
AutoTuner: Block shape <8,8,772> took 5.192203 (s) in 3 time steps
AutoTuner: Block shape <16,16,8> took 3.986221 (s) in 3 time steps
AutoTuner: Block shape <16,16,24> took 3.783403 (s) in 3 time steps
AutoTuner: Block shape <16,16,32> took 3.756437 (s) in 3 time steps
AutoTuner: Block shape <16,16,40> took 3.739750 (s) in 3 time steps
AutoTuner: Block shape <16,16,64> took 3.723958 (s) in 3 time steps
AutoTuner: Block shape <16,16,128> took 3.852711 (s) in 3 time steps
AutoTuner: Block shape <16,16,256> took 4.257900 (s) in 3 time steps
AutoTuner: Block shape <16,16,512> took 4.768424 (s) in 3 time steps
AutoTuner: Block shape <16,16,772> took 5.267894 (s) in 3 time steps
AutoTuner: Block shape <24,24,8> took 4.087858 (s) in 3 time steps
AutoTuner: Block shape <24,24,16> took 3.886136 (s) in 3 time steps
AutoTuner: Block shape <24,24,32> took 3.760464 (s) in 3 time steps
AutoTuner: Block shape <24,24,40> took 3.750815 (s) in 3 time steps
AutoTuner: Block shape <24,24,64> took 3.793349 (s) in 3 time steps
AutoTuner: Block shape <24,24,128> took 3.923819 (s) in 3 time steps
AutoTuner: Block shape <24,24,256> took 4.538100 (s) in 3 time steps
AutoTuner: Block shape <24,24,512> took 4.942230 (s) in 3 time steps
AutoTuner: Block shape <24,24,772> took 5.271499 (s) in 3 time steps
AutoTuner: Block shape <32,32,8> took 4.165442 (s) in 3 time steps
AutoTuner: Block shape <32,32,16> took 3.920663 (s) in 3 time steps
AutoTuner: Block shape <32,32,24> took 3.845524 (s) in 3 time steps
AutoTuner: Block shape <32,32,40> took 3.831476 (s) in 3 time steps
AutoTuner: Block shape <32,32,64> took 3.888287 (s) in 3 time steps
AutoTuner: Block shape <32,32,128> took 4.095189 (s) in 3 time steps
AutoTuner: Block shape <32,32,256> took 4.687161 (s) in 3 time steps
AutoTuner: Block shape <32,32,512> took 5.034785 (s) in 3 time steps
AutoTuner: Block shape <32,32,772> took 5.288916 (s) in 3 time steps
AutoTuner: Block shape <16,8,8> took 4.006338 (s) in 3 time steps
AutoTuner: Block shape <8,16,8> took 4.017908 (s) in 3 time steps
AutoTuner: Block shape <16,8,16> took 3.861338 (s) in 3 time steps
AutoTuner: Block shape <8,16,16> took 3.858707 (s) in 3 time steps
AutoTuner: Block shape <32,16,16> took 3.887837 (s) in 3 time steps
AutoTuner: Block shape <16,32,16> took 3.900982 (s) in 3 time steps
AutoTuner: Block shape <32,16,32> took 3.743323 (s) in 3 time steps
AutoTuner: Block shape <16,32,32> took 3.826931 (s) in 3 time steps
AutoTuner: Block shape <48,24,24> took 3.803828 (s) in 3 time steps
AutoTuner: Block shape <24,48,24> took 3.968369 (s) in 3 time steps
AutoTuner: Block shape <24,24,48> took 3.744797 (s) in 3 time steps
AutoTuner: Block shape <48,48,24> took 3.971735 (s) in 3 time steps
AutoTuner: Block shape <48,24,48> took 3.746227 (s) in 3 time steps
AutoTuner: Block shape <24,48,48> took 3.993672 (s) in 3 time steps
AutoTuner: Block shape <48,48,48> took 3.988877 (s) in 3 time steps
AutoTuner: Block shape <64,32,32> took 3.834031 (s) in 3 time steps
AutoTuner: Block shape <32,64,32> took 4.069991 (s) in 3 time steps
AutoTuner: Block shape <64,64,32> took 4.051578 (s) in 3 time steps
AutoTuner: Block shape <64,32,64> took 3.863597 (s) in 3 time steps
AutoTuner: Block shape <32,64,64> took 4.308116 (s) in 3 time steps
AutoTuner: Block shape <80,40,40> took 3.994147 (s) in 3 time steps
AutoTuner: Block shape <40,80,40> took 4.346901 (s) in 3 time steps
AutoTuner: Block shape <40,40,80> took 4.087188 (s) in 3 time steps
AutoTuner: Block shape <80,80,40> took 4.489283 (s) in 3 time steps
AutoTuner: Block shape <80,40,80> took 4.203418 (s) in 3 time steps
AutoTuner: Block shape <40,80,80> took 4.675942 (s) in 3 time steps
AutoTuner: Block shape <80,80,80> took 5.021737 (s) in 3 time steps
AutoTuner: Block shape <128,64,64> took 4.345843 (s) in 3 time steps
AutoTuner: Block shape <64,128,64> took 4.673305 (s) in 3 time steps
AutoTuner: Block shape <64,64,128> took 4.525444 (s) in 3 time steps
AutoTuner: Block shape <128,128,64> took 4.704460 (s) in 3 time steps
AutoTuner: Block shape <128,64,128> took 4.540305 (s) in 3 time steps
AutoTuner: Block shape <64,128,128> took 4.665024 (s) in 3 time steps
AutoTuner: Block shape <256,128,128> took 4.939259 (s) in 3 time steps
AutoTuner: Block shape <128,256,128> took 5.042080 (s) in 3 time steps
AutoTuner: Block shape <128,128,256> took 5.053131 (s) in 3 time steps
AutoTuner: Block shape <256,256,128> took 5.111493 (s) in 3 time steps
AutoTuner: Block shape <256,128,256> took 5.239785 (s) in 3 time steps
AutoTuner: Block shape <128,256,256> took 5.242717 (s) in 3 time steps
AutoTuner: Block shape <512,256,256> took 15.990659 (s) in 3 time steps
AutoTuner: Block shape <256,512,256> took 16.361335 (s) in 3 time steps
AutoTuner: Block shape <256,256,512> took 15.757071 (s) in 3 time steps
AutoTuner: Block shape <512,512,256> took 44.541808 (s) in 3 time steps
AutoTuner: Block shape <512,256,512> took 42.318837 (s) in 3 time steps
AutoTuner: Block shape <256,512,512> took 44.159543 (s) in 3 time steps
Auto-tuned block shape: {'x0_block_size': 16, 'y0_block_size': 16, 'z0_block_size': 64}
=========================================================================================
Section section_1<415,1> with OI=0.64 computed in 0.000 s [0.12 GFlops/s]
Section section_2<415,101> with OI=1.27 computed in 0.005 s [0.84 GFlops/s]
Section main<415,772,772,772> with OI=66.37 computed in 1531.056 s [353.81 GFlops/s, 0.12 GPts/s]
=========================================================================================
Allocating memory for m ((788, 788, 788))
Allocating memory for damp ((788, 788, 788))
Allocating memory for epsilon ((788, 788, 788))
Allocating memory for delta ((788, 788, 788))
Allocating memory for theta ((788, 788, 788))
Allocating memory for phi ((788, 788, 788))
Allocating memory for src ((417, 1))
Allocating memory for src_coords ((1, 3))
Allocating memory for nrec_coords ((101, 3))
Allocating memory for rec_coords ((101, 3))
DSE: extract_time_invariants [flops: 5483, elapsed: 0.48] >>
     eliminate_inter_stencil_redundancies [flops: 5315, elapsed: 0.71] >>
     eliminate_intra_stencil_redundancies [flops: 2611, elapsed: 0.88] >>
     factorize [flops: 2119, elapsed: 3.07] >>
     finalize [flops: 2121, elapsed: 0.05]
     [Total elapsed: 5.19 s]
DLE: avoid_denormals [elapsed: 0.00] >>
     loop_fission [elapsed: 0.03] >>
     loop_blocking [elapsed: 0.25] >>
     simdize [elapsed: 0.17] >>
     ompize [elapsed: 0.07] >>
     create_elemental_functions [elapsed: 0.48] >>
     minimize_remainders [elapsed: 0.03]
     [Total elapsed: 1.03 s]
Allocating memory for rec ((417, 101))
Allocating memory for u ((3, 788, 788, 788))
Allocating memory for v ((3, 788, 788, 788))
IntelCompiler: compiled /tmp/devito-2tlp9tla/2d3a0b46ca3d2e22c51e1de8c4f4a04a6d591a3d.c [501.75 s]
AutoTuner: Block shape <8,8,8> took 2.534580 (s) in 3 time steps
AutoTuner: Block shape <16,16,16> took 2.339053 (s) in 3 time steps
AutoTuner: Block shape <24,24,24> took 2.278110 (s) in 3 time steps
AutoTuner: Block shape <32,32,32> took 2.295151 (s) in 3 time steps
AutoTuner: Block shape <40,40,40> took 2.353872 (s) in 3 time steps
AutoTuner: Block shape <64,64,64> took 2.766161 (s) in 3 time steps
AutoTuner: Block shape <128,128,128> took 3.188874 (s) in 3 time steps
AutoTuner: Block shape <256,256,256> took 4.292675 (s) in 3 time steps
AutoTuner: Block shape <512,512,512> took 68.208548 (s) in 3 time steps
AutoTuner: Block shape <772,772,772> took 86.919006 (s) in 3 time steps
AutoTuner: Block shape <8,8,16> took 2.367789 (s) in 3 time steps
AutoTuner: Block shape <8,8,24> took 2.350611 (s) in 3 time steps
AutoTuner: Block shape <8,8,32> took 2.337304 (s) in 3 time steps
AutoTuner: Block shape <8,8,40> took 2.324382 (s) in 3 time steps
AutoTuner: Block shape <8,8,64> took 2.322329 (s) in 3 time steps
AutoTuner: Block shape <8,8,128> took 2.364848 (s) in 3 time steps
AutoTuner: Block shape <8,8,256> took 2.548936 (s) in 3 time steps
AutoTuner: Block shape <8,8,512> took 2.992371 (s) in 3 time steps
AutoTuner: Block shape <8,8,772> took 3.639277 (s) in 3 time steps
AutoTuner: Block shape <16,16,8> took 2.486004 (s) in 3 time steps
AutoTuner: Block shape <16,16,24> took 2.295077 (s) in 3 time steps
AutoTuner: Block shape <16,16,32> took 2.262322 (s) in 3 time steps
AutoTuner: Block shape <16,16,40> took 2.253840 (s) in 3 time steps
AutoTuner: Block shape <16,16,64> took 2.256956 (s) in 3 time steps
AutoTuner: Block shape <16,16,128> took 2.344712 (s) in 3 time steps
AutoTuner: Block shape <16,16,256> took 2.770711 (s) in 3 time steps
AutoTuner: Block shape <16,16,512> took 3.208805 (s) in 3 time steps
AutoTuner: Block shape <16,16,772> took 3.679792 (s) in 3 time steps
AutoTuner: Block shape <24,24,8> took 2.559327 (s) in 3 time steps
AutoTuner: Block shape <24,24,16> took 2.363036 (s) in 3 time steps
AutoTuner: Block shape <24,24,32> took 2.267609 (s) in 3 time steps
AutoTuner: Block shape <24,24,40> took 2.267620 (s) in 3 time steps
AutoTuner: Block shape <24,24,64> took 2.300818 (s) in 3 time steps
AutoTuner: Block shape <24,24,128> took 2.471508 (s) in 3 time steps
AutoTuner: Block shape <24,24,256> took 3.040046 (s) in 3 time steps
AutoTuner: Block shape <24,24,512> took 3.380524 (s) in 3 time steps
AutoTuner: Block shape <24,24,772> took 3.673964 (s) in 3 time steps
AutoTuner: Block shape <32,32,8> took 2.603644 (s) in 3 time steps
AutoTuner: Block shape <32,32,16> took 2.377080 (s) in 3 time steps
AutoTuner: Block shape <32,32,24> took 2.324802 (s) in 3 time steps
AutoTuner: Block shape <32,32,40> took 2.321672 (s) in 3 time steps
AutoTuner: Block shape <32,32,64> took 2.351728 (s) in 3 time steps
AutoTuner: Block shape <32,32,128> took 2.664734 (s) in 3 time steps
AutoTuner: Block shape <32,32,256> took 3.175108 (s) in 3 time steps
AutoTuner: Block shape <32,32,512> took 3.479741 (s) in 3 time steps
AutoTuner: Block shape <32,32,772> took 3.703705 (s) in 3 time steps
AutoTuner: Block shape <16,8,8> took 2.522335 (s) in 3 time steps
AutoTuner: Block shape <8,16,8> took 2.484961 (s) in 3 time steps
AutoTuner: Block shape <16,8,16> took 2.384650 (s) in 3 time steps
AutoTuner: Block shape <8,16,16> took 2.357599 (s) in 3 time steps
AutoTuner: Block shape <32,16,16> took 2.380899 (s) in 3 time steps
AutoTuner: Block shape <16,32,16> took 2.371098 (s) in 3 time steps
AutoTuner: Block shape <32,16,32> took 2.251631 (s) in 3 time steps
AutoTuner: Block shape <16,32,32> took 2.318639 (s) in 3 time steps
AutoTuner: Block shape <48,24,24> took 2.284501 (s) in 3 time steps
AutoTuner: Block shape <24,48,24> took 2.412660 (s) in 3 time steps
AutoTuner: Block shape <24,24,48> took 2.262993 (s) in 3 time steps
AutoTuner: Block shape <48,48,24> took 2.398955 (s) in 3 time steps
AutoTuner: Block shape <48,24,48> took 2.253281 (s) in 3 time steps
AutoTuner: Block shape <24,48,48> took 2.443495 (s) in 3 time steps
AutoTuner: Block shape <48,48,48> took 2.426518 (s) in 3 time steps
AutoTuner: Block shape <64,32,32> took 2.300012 (s) in 3 time steps
AutoTuner: Block shape <32,64,32> took 2.488762 (s) in 3 time steps
AutoTuner: Block shape <64,64,32> took 2.482913 (s) in 3 time steps
AutoTuner: Block shape <64,32,64> took 2.337147 (s) in 3 time steps
AutoTuner: Block shape <32,64,64> took 2.787731 (s) in 3 time steps
AutoTuner: Block shape <80,40,40> took 2.392714 (s) in 3 time steps
AutoTuner: Block shape <40,80,40> took 2.765597 (s) in 3 time steps
AutoTuner: Block shape <40,40,80> took 2.556924 (s) in 3 time steps
AutoTuner: Block shape <80,80,40> took 2.832399 (s) in 3 time steps
AutoTuner: Block shape <80,40,80> took 2.605879 (s) in 3 time steps
AutoTuner: Block shape <40,80,80> took 3.062249 (s) in 3 time steps
AutoTuner: Block shape <80,80,80> took 3.265034 (s) in 3 time steps
AutoTuner: Block shape <128,64,64> took 2.799614 (s) in 3 time steps
AutoTuner: Block shape <64,128,64> took 3.150379 (s) in 3 time steps
AutoTuner: Block shape <64,64,128> took 3.030848 (s) in 3 time steps
AutoTuner: Block shape <128,128,64> took 3.190003 (s) in 3 time steps
AutoTuner: Block shape <128,64,128> took 3.056066 (s) in 3 time steps
AutoTuner: Block shape <64,128,128> took 3.169347 (s) in 3 time steps
AutoTuner: Block shape <256,128,128> took 3.309445 (s) in 3 time steps
AutoTuner: Block shape <128,256,128> took 3.360610 (s) in 3 time steps
AutoTuner: Block shape <128,128,256> took 3.528571 (s) in 3 time steps
AutoTuner: Block shape <256,256,128> took 3.371803 (s) in 3 time steps
AutoTuner: Block shape <256,128,256> took 3.535986 (s) in 3 time steps
AutoTuner: Block shape <128,256,256> took 3.572904 (s) in 3 time steps
AutoTuner: Block shape <512,256,256> took 10.228847 (s) in 3 time steps
AutoTuner: Block shape <256,512,256> took 10.531608 (s) in 3 time steps
AutoTuner: Block shape <256,256,512> took 10.175631 (s) in 3 time steps
AutoTuner: Block shape <512,512,256> took 28.225225 (s) in 3 time steps
AutoTuner: Block shape <512,256,512> took 26.978882 (s) in 3 time steps
AutoTuner: Block shape <256,512,512> took 28.224418 (s) in 3 time steps
Auto-tuned block shape: {'x0_block_size': 32, 'y0_block_size': 16, 'z0_block_size': 32}
=========================================================================================
Section section_0<780,780,780> with OI=0.34 computed in 0.246 s [13.53 GFlops/s]
Section section_2<415,1> with OI=0.64 computed in 0.000 s [0.13 GFlops/s]
Section section_3<415,101> with OI=1.27 computed in 0.004 s [0.91 GFlops/s]
Section main<415,772,772,772> with OI=45.11 computed in 825.549 s [490.57 GFlops/s, 0.23 GPts/s]
=========================================================================================
Allocating memory for m ((788, 788, 788))
Allocating memory for damp ((788, 788, 788))
Allocating memory for epsilon ((788, 788, 788))
Allocating memory for delta ((788, 788, 788))
Allocating memory for theta ((788, 788, 788))
Allocating memory for phi ((788, 788, 788))
Allocating memory for src ((417, 1))
Allocating memory for src_coords ((1, 3))
Allocating memory for nrec_coords ((101, 3))
Allocating memory for rec_coords ((101, 3))
DSE: extract_time_invariants [flops: 5483, elapsed: 0.44] >>
     eliminate_inter_stencil_redundancies [flops: 5315, elapsed: 0.70] >>
     eliminate_intra_stencil_redundancies [flops: 2611, elapsed: 0.88] >>
     factorize [flops: 2119, elapsed: 3.11] >>
     finalize [flops: 2121, elapsed: 0.05]
     [Total elapsed: 5.18 s]
DLE: avoid_denormals [elapsed: 0.00] >>
     loop_fission [elapsed: 0.03] >>
     loop_blocking [elapsed: 0.25] >>
     simdize [elapsed: 0.17] >>
     ompize [elapsed: 0.07] >>
     create_elemental_functions [elapsed: 0.44] >>
     minimize_remainders [elapsed: 0.03]
     [Total elapsed: 0.99 s]
Allocating memory for rec ((417, 101))
Allocating memory for u ((3, 788, 788, 788))
Allocating memory for v ((3, 788, 788, 788))
IntelCompiler: compiled /tmp/devito-2tlp9tla/2d3a0b46ca3d2e22c51e1de8c4f4a04a6d591a3d.c [497.07 s]
AutoTuner: Block shape <8,8,8> took 2.558606 (s) in 3 time steps
AutoTuner: Block shape <16,16,16> took 2.337676 (s) in 3 time steps
AutoTuner: Block shape <24,24,24> took 2.282785 (s) in 3 time steps
AutoTuner: Block shape <32,32,32> took 2.301535 (s) in 3 time steps
AutoTuner: Block shape <40,40,40> took 2.359529 (s) in 3 time steps
AutoTuner: Block shape <64,64,64> took 2.769190 (s) in 3 time steps
AutoTuner: Block shape <128,128,128> took 3.191079 (s) in 3 time steps
AutoTuner: Block shape <256,256,256> took 4.276357 (s) in 3 time steps
AutoTuner: Block shape <512,512,512> took 68.051065 (s) in 3 time steps
AutoTuner: Block shape <772,772,772> took 86.727546 (s) in 3 time steps
AutoTuner: Block shape <8,8,16> took 2.367935 (s) in 3 time steps
AutoTuner: Block shape <8,8,24> took 2.349663 (s) in 3 time steps
AutoTuner: Block shape <8,8,32> took 2.335427 (s) in 3 time steps
AutoTuner: Block shape <8,8,40> took 2.323152 (s) in 3 time steps
AutoTuner: Block shape <8,8,64> took 2.320890 (s) in 3 time steps
AutoTuner: Block shape <8,8,128> took 2.367432 (s) in 3 time steps
AutoTuner: Block shape <8,8,256> took 2.550148 (s) in 3 time steps
AutoTuner: Block shape <8,8,512> took 2.987287 (s) in 3 time steps
AutoTuner: Block shape <8,8,772> took 3.651296 (s) in 3 time steps
AutoTuner: Block shape <16,16,8> took 2.484364 (s) in 3 time steps
AutoTuner: Block shape <16,16,24> took 2.298109 (s) in 3 time steps
AutoTuner: Block shape <16,16,32> took 2.263340 (s) in 3 time steps
AutoTuner: Block shape <16,16,40> took 2.259410 (s) in 3 time steps
AutoTuner: Block shape <16,16,64> took 2.254520 (s) in 3 time steps
AutoTuner: Block shape <16,16,128> took 2.346968 (s) in 3 time steps
AutoTuner: Block shape <16,16,256> took 2.779846 (s) in 3 time steps
AutoTuner: Block shape <16,16,512> took 3.221991 (s) in 3 time steps
AutoTuner: Block shape <16,16,772> took 3.684152 (s) in 3 time steps
AutoTuner: Block shape <24,24,8> took 2.562463 (s) in 3 time steps
AutoTuner: Block shape <24,24,16> took 2.363441 (s) in 3 time steps
AutoTuner: Block shape <24,24,32> took 2.271029 (s) in 3 time steps
AutoTuner: Block shape <24,24,40> took 2.268591 (s) in 3 time steps
AutoTuner: Block shape <24,24,64> took 2.301243 (s) in 3 time steps
AutoTuner: Block shape <24,24,128> took 2.474625 (s) in 3 time steps
AutoTuner: Block shape <24,24,256> took 3.038692 (s) in 3 time steps
AutoTuner: Block shape <24,24,512> took 3.391410 (s) in 3 time steps
AutoTuner: Block shape <24,24,772> took 3.676668 (s) in 3 time steps
AutoTuner: Block shape <32,32,8> took 2.605347 (s) in 3 time steps
AutoTuner: Block shape <32,32,16> took 2.378285 (s) in 3 time steps
AutoTuner: Block shape <32,32,24> took 2.332584 (s) in 3 time steps
AutoTuner: Block shape <32,32,40> took 2.321448 (s) in 3 time steps
AutoTuner: Block shape <32,32,64> took 2.353717 (s) in 3 time steps
AutoTuner: Block shape <32,32,128> took 2.669146 (s) in 3 time steps
AutoTuner: Block shape <32,32,256> took 3.192387 (s) in 3 time steps
AutoTuner: Block shape <32,32,512> took 3.499096 (s) in 3 time steps
AutoTuner: Block shape <32,32,772> took 3.733851 (s) in 3 time steps
AutoTuner: Block shape <16,8,8> took 2.521707 (s) in 3 time steps
AutoTuner: Block shape <8,16,8> took 2.486575 (s) in 3 time steps
AutoTuner: Block shape <16,8,16> took 2.384244 (s) in 3 time steps
AutoTuner: Block shape <8,16,16> took 2.359543 (s) in 3 time steps
AutoTuner: Block shape <32,16,16> took 2.378209 (s) in 3 time steps
AutoTuner: Block shape <16,32,16> took 2.371485 (s) in 3 time steps
AutoTuner: Block shape <32,16,32> took 2.251950 (s) in 3 time steps
AutoTuner: Block shape <16,32,32> took 2.322189 (s) in 3 time steps
AutoTuner: Block shape <48,24,24> took 2.290452 (s) in 3 time steps
AutoTuner: Block shape <24,48,24> took 2.416411 (s) in 3 time steps
AutoTuner: Block shape <24,24,48> took 2.266172 (s) in 3 time steps
AutoTuner: Block shape <48,48,24> took 2.400231 (s) in 3 time steps
AutoTuner: Block shape <48,24,48> took 2.247350 (s) in 3 time steps
AutoTuner: Block shape <24,48,48> took 2.442721 (s) in 3 time steps
AutoTuner: Block shape <48,48,48> took 2.427638 (s) in 3 time steps
AutoTuner: Block shape <64,32,32> took 2.301349 (s) in 3 time steps
AutoTuner: Block shape <32,64,32> took 2.492307 (s) in 3 time steps
AutoTuner: Block shape <64,64,32> took 2.479792 (s) in 3 time steps
AutoTuner: Block shape <64,32,64> took 2.336579 (s) in 3 time steps
AutoTuner: Block shape <32,64,64> took 2.785479 (s) in 3 time steps
AutoTuner: Block shape <80,40,40> took 2.398708 (s) in 3 time steps
AutoTuner: Block shape <40,80,40> took 2.772095 (s) in 3 time steps
AutoTuner: Block shape <40,40,80> took 2.562441 (s) in 3 time steps
AutoTuner: Block shape <80,80,40> took 2.840354 (s) in 3 time steps
AutoTuner: Block shape <80,40,80> took 2.613173 (s) in 3 time steps
AutoTuner: Block shape <40,80,80> took 3.079019 (s) in 3 time steps
AutoTuner: Block shape <80,80,80> took 3.267985 (s) in 3 time steps
AutoTuner: Block shape <128,64,64> took 2.829346 (s) in 3 time steps
AutoTuner: Block shape <64,128,64> took 3.184844 (s) in 3 time steps
AutoTuner: Block shape <64,64,128> took 3.044528 (s) in 3 time steps
AutoTuner: Block shape <128,128,64> took 3.195850 (s) in 3 time steps
AutoTuner: Block shape <128,64,128> took 3.082539 (s) in 3 time steps
AutoTuner: Block shape <64,128,128> took 3.190864 (s) in 3 time steps
AutoTuner: Block shape <256,128,128> took 3.300540 (s) in 3 time steps
AutoTuner: Block shape <128,256,128> took 3.370598 (s) in 3 time steps
AutoTuner: Block shape <128,128,256> took 3.440293 (s) in 3 time steps
AutoTuner: Block shape <256,256,128> took 3.414638 (s) in 3 time steps
AutoTuner: Block shape <256,128,256> took 3.525802 (s) in 3 time steps
AutoTuner: Block shape <128,256,256> took 3.584568 (s) in 3 time steps
AutoTuner: Block shape <512,256,256> took 10.214167 (s) in 3 time steps
AutoTuner: Block shape <256,512,256> took 10.500130 (s) in 3 time steps
AutoTuner: Block shape <256,256,512> took 10.158751 (s) in 3 time steps
AutoTuner: Block shape <512,512,256> took 28.365171 (s) in 3 time steps
AutoTuner: Block shape <512,256,512> took 26.955756 (s) in 3 time steps
AutoTuner: Block shape <256,512,512> took 28.215534 (s) in 3 time steps
Auto-tuned block shape: {'x0_block_size': 48, 'y0_block_size': 24, 'z0_block_size': 48}
=========================================================================================
Section section_0<780,780,780> with OI=0.34 computed in 0.245 s [13.57 GFlops/s]
Section section_2<415,1> with OI=0.64 computed in 0.000 s [0.15 GFlops/s]
Section section_3<415,101> with OI=1.27 computed in 0.004 s [1.04 GFlops/s]
Section main<415,772,772,772> with OI=45.11 computed in 824.755 s [491.04 GFlops/s, 0.23 GPts/s]
=========================================================================================
Allocating memory for m ((788, 788, 788))
Allocating memory for damp ((788, 788, 788))
Allocating memory for epsilon ((788, 788, 788))
Allocating memory for delta ((788, 788, 788))
Allocating memory for theta ((788, 788, 788))
Allocating memory for phi ((788, 788, 788))
Allocating memory for src ((417, 1))
Allocating memory for src_coords ((1, 3))
Allocating memory for nrec_coords ((101, 3))
Allocating memory for rec_coords ((101, 3))
DSE: extract_time_invariants [flops: 5483, elapsed: 0.44] >>
     eliminate_inter_stencil_redundancies [flops: 5315, elapsed: 0.71] >>
     eliminate_intra_stencil_redundancies [flops: 2611, elapsed: 0.88] >>
     factorize [flops: 2119, elapsed: 3.13] >>
     finalize [flops: 2121, elapsed: 0.05]
     [Total elapsed: 5.21 s]
DLE: avoid_denormals [elapsed: 0.00] >>
     loop_fission [elapsed: 0.03] >>
     loop_blocking [elapsed: 0.25] >>
     simdize [elapsed: 0.17] >>
     ompize [elapsed: 0.07] >>
     create_elemental_functions [elapsed: 0.44] >>
     minimize_remainders [elapsed: 0.03]
     [Total elapsed: 0.99 s]
Allocating memory for rec ((417, 101))
Allocating memory for u ((3, 788, 788, 788))
Allocating memory for v ((3, 788, 788, 788))
IntelCompiler: compiled /tmp/devito-2tlp9tla/2d3a0b46ca3d2e22c51e1de8c4f4a04a6d591a3d.c [496.40 s]
AutoTuner: Block shape <8,8,8> took 2.537647 (s) in 3 time steps
AutoTuner: Block shape <16,16,16> took 2.342987 (s) in 3 time steps
AutoTuner: Block shape <24,24,24> took 2.282694 (s) in 3 time steps
AutoTuner: Block shape <32,32,32> took 2.298743 (s) in 3 time steps
AutoTuner: Block shape <40,40,40> took 2.361613 (s) in 3 time steps
AutoTuner: Block shape <64,64,64> took 2.770226 (s) in 3 time steps
AutoTuner: Block shape <128,128,128> took 3.191320 (s) in 3 time steps
AutoTuner: Block shape <256,256,256> took 4.330946 (s) in 3 time steps
AutoTuner: Block shape <512,512,512> took 68.222045 (s) in 3 time steps
AutoTuner: Block shape <772,772,772> took 86.688490 (s) in 3 time steps
AutoTuner: Block shape <8,8,16> took 2.373193 (s) in 3 time steps
AutoTuner: Block shape <8,8,24> took 2.353676 (s) in 3 time steps
AutoTuner: Block shape <8,8,32> took 2.338653 (s) in 3 time steps
AutoTuner: Block shape <8,8,40> took 2.324045 (s) in 3 time steps
AutoTuner: Block shape <8,8,64> took 2.320240 (s) in 3 time steps
AutoTuner: Block shape <8,8,128> took 2.365438 (s) in 3 time steps
AutoTuner: Block shape <8,8,256> took 2.543980 (s) in 3 time steps
AutoTuner: Block shape <8,8,512> took 2.990395 (s) in 3 time steps
AutoTuner: Block shape <8,8,772> took 3.660707 (s) in 3 time steps
AutoTuner: Block shape <16,16,8> took 2.488854 (s) in 3 time steps
AutoTuner: Block shape <16,16,24> took 2.289843 (s) in 3 time steps
AutoTuner: Block shape <16,16,32> took 2.263460 (s) in 3 time steps
AutoTuner: Block shape <16,16,40> took 2.250344 (s) in 3 time steps
AutoTuner: Block shape <16,16,64> took 2.254198 (s) in 3 time steps
AutoTuner: Block shape <16,16,128> took 2.344071 (s) in 3 time steps
AutoTuner: Block shape <16,16,256> took 2.788520 (s) in 3 time steps
AutoTuner: Block shape <16,16,512> took 3.216897 (s) in 3 time steps
AutoTuner: Block shape <16,16,772> took 3.686643 (s) in 3 time steps
AutoTuner: Block shape <24,24,8> took 2.565099 (s) in 3 time steps
AutoTuner: Block shape <24,24,16> took 2.365252 (s) in 3 time steps
AutoTuner: Block shape <24,24,32> took 2.271802 (s) in 3 time steps
AutoTuner: Block shape <24,24,40> took 2.266355 (s) in 3 time steps
AutoTuner: Block shape <24,24,64> took 2.299885 (s) in 3 time steps
AutoTuner: Block shape <24,24,128> took 2.470530 (s) in 3 time steps
AutoTuner: Block shape <24,24,256> took 3.034576 (s) in 3 time steps
AutoTuner: Block shape <24,24,512> took 3.391890 (s) in 3 time steps
AutoTuner: Block shape <24,24,772> took 3.670488 (s) in 3 time steps
AutoTuner: Block shape <32,32,8> took 2.612473 (s) in 3 time steps
AutoTuner: Block shape <32,32,16> took 2.378569 (s) in 3 time steps
AutoTuner: Block shape <32,32,24> took 2.332450 (s) in 3 time steps
AutoTuner: Block shape <32,32,40> took 2.319912 (s) in 3 time steps
AutoTuner: Block shape <32,32,64> took 2.351505 (s) in 3 time steps
AutoTuner: Block shape <32,32,128> took 2.666969 (s) in 3 time steps
AutoTuner: Block shape <32,32,256> took 3.180598 (s) in 3 time steps
AutoTuner: Block shape <32,32,512> took 3.466861 (s) in 3 time steps
AutoTuner: Block shape <32,32,772> took 3.709215 (s) in 3 time steps
AutoTuner: Block shape <16,8,8> took 2.525152 (s) in 3 time steps
AutoTuner: Block shape <8,16,8> took 2.496582 (s) in 3 time steps
AutoTuner: Block shape <16,8,16> took 2.388373 (s) in 3 time steps
AutoTuner: Block shape <8,16,16> took 2.365280 (s) in 3 time steps
AutoTuner: Block shape <32,16,16> took 2.384198 (s) in 3 time steps
AutoTuner: Block shape <16,32,16> took 2.367905 (s) in 3 time steps
AutoTuner: Block shape <32,16,32> took 2.254509 (s) in 3 time steps
AutoTuner: Block shape <16,32,32> took 2.316002 (s) in 3 time steps
AutoTuner: Block shape <48,24,24> took 2.285226 (s) in 3 time steps
AutoTuner: Block shape <24,48,24> took 2.409593 (s) in 3 time steps
AutoTuner: Block shape <24,24,48> took 2.260421 (s) in 3 time steps
AutoTuner: Block shape <48,48,24> took 2.397778 (s) in 3 time steps
AutoTuner: Block shape <48,24,48> took 2.252066 (s) in 3 time steps
AutoTuner: Block shape <24,48,48> took 2.440259 (s) in 3 time steps
AutoTuner: Block shape <48,48,48> took 2.427650 (s) in 3 time steps
AutoTuner: Block shape <64,32,32> took 2.296661 (s) in 3 time steps
AutoTuner: Block shape <32,64,32> took 2.486361 (s) in 3 time steps
AutoTuner: Block shape <64,64,32> took 2.477462 (s) in 3 time steps
AutoTuner: Block shape <64,32,64> took 2.333825 (s) in 3 time steps
AutoTuner: Block shape <32,64,64> took 2.786111 (s) in 3 time steps
AutoTuner: Block shape <80,40,40> took 2.400197 (s) in 3 time steps
AutoTuner: Block shape <40,80,40> took 2.773959 (s) in 3 time steps
AutoTuner: Block shape <40,40,80> took 2.563111 (s) in 3 time steps
AutoTuner: Block shape <80,80,40> took 2.847391 (s) in 3 time steps
AutoTuner: Block shape <80,40,80> took 2.617705 (s) in 3 time steps
AutoTuner: Block shape <40,80,80> took 3.080541 (s) in 3 time steps
AutoTuner: Block shape <80,80,80> took 3.266908 (s) in 3 time steps
AutoTuner: Block shape <128,64,64> took 2.814288 (s) in 3 time steps
AutoTuner: Block shape <64,128,64> took 3.164925 (s) in 3 time steps
AutoTuner: Block shape <64,64,128> took 3.043016 (s) in 3 time steps
AutoTuner: Block shape <128,128,64> took 3.188826 (s) in 3 time steps
AutoTuner: Block shape <128,64,128> took 3.055525 (s) in 3 time steps
AutoTuner: Block shape <64,128,128> took 3.165352 (s) in 3 time steps
AutoTuner: Block shape <256,128,128> took 3.301797 (s) in 3 time steps
AutoTuner: Block shape <128,256,128> took 3.405712 (s) in 3 time steps
AutoTuner: Block shape <128,128,256> took 3.520354 (s) in 3 time steps
AutoTuner: Block shape <256,256,128> took 3.490519 (s) in 3 time steps
AutoTuner: Block shape <256,128,256> took 3.560663 (s) in 3 time steps
AutoTuner: Block shape <128,256,256> took 3.589901 (s) in 3 time steps
AutoTuner: Block shape <512,256,256> took 10.234388 (s) in 3 time steps
AutoTuner: Block shape <256,512,256> took 10.524765 (s) in 3 time steps
AutoTuner: Block shape <256,256,512> took 10.173055 (s) in 3 time steps
AutoTuner: Block shape <512,512,256> took 28.431824 (s) in 3 time steps
AutoTuner: Block shape <512,256,512> took 27.023518 (s) in 3 time steps
AutoTuner: Block shape <256,512,512> took 28.287993 (s) in 3 time steps
Auto-tuned block shape: {'x0_block_size': 16, 'y0_block_size': 16, 'z0_block_size': 40}
=========================================================================================
Section section_0<780,780,780> with OI=0.34 computed in 0.245 s [13.55 GFlops/s]
Section section_2<415,1> with OI=0.64 computed in 0.000 s [0.14 GFlops/s]
Section section_3<415,101> with OI=1.27 computed in 0.004 s [0.89 GFlops/s]
Section main<415,772,772,772> with OI=45.11 computed in 824.487 s [491.20 GFlops/s, 0.23 GPts/s]
=========================================================================================
Allocating memory for m ((788, 788, 788))
Allocating memory for damp ((788, 788, 788))
Allocating memory for epsilon ((788, 788, 788))
Allocating memory for delta ((788, 788, 788))
Allocating memory for theta ((788, 788, 788))
Allocating memory for phi ((788, 788, 788))
Allocating memory for src ((417, 1))
Allocating memory for src_coords ((1, 3))
Allocating memory for nrec_coords ((101, 3))
Allocating memory for rec_coords ((101, 3))
DSE: extract_time_varying [flops: 3953, elapsed: 0.37] >>
     extract_time_invariants [flops: 3409, elapsed: 0.15] >>
     eliminate_inter_stencil_redundancies [flops: 1243, elapsed: 0.41] >>
     extract_sum_of_products [flops: 901, elapsed: 0.06] >>
     eliminate_inter_stencil_redundancies [flops: 579, elapsed: 0.09] >>
     extract_sum_of_products [flops: 492, elapsed: 0.03] >>
     factorize [flops: 368, elapsed: 0.28] >>
     eliminate_intra_stencil_redundancies [flops: 299, elapsed: 0.06] >>
     finalize [flops: 300, elapsed: 0.01]
     [Total elapsed: 1.46 s]
DLE: avoid_denormals [elapsed: 0.00] >>
     loop_fission [elapsed: 0.01] >>
     loop_blocking [elapsed: 0.42] >>
     simdize [elapsed: 0.04] >>
     ompize [elapsed: 0.04] >>
     create_elemental_functions [elapsed: 0.29] >>
     minimize_remainders [elapsed: 0.02]
     [Total elapsed: 0.82 s]
Allocating memory for rec ((417, 101))
Allocating memory for u ((3, 788, 788, 788))
Allocating memory for v ((3, 788, 788, 788))
IntelCompiler: compiled /tmp/devito-2tlp9tla/c819e5f729991eae33c8979e7b521d6add386faa.c [6.68 s]
AutoTuner: Block shape <8,8,8> took 2.516053 (s) in 3 time steps
AutoTuner: Block shape <16,16,16> took 1.856831 (s) in 3 time steps
AutoTuner: Block shape <24,24,24> took 2.002165 (s) in 3 time steps
AutoTuner: Block shape <32,32,32> took 1.773496 (s) in 3 time steps
AutoTuner: Block shape <40,40,40> took 1.791904 (s) in 3 time steps
AutoTuner: Block shape <8,8,16> took 1.915820 (s) in 3 time steps
AutoTuner: Block shape <8,8,24> took 2.049618 (s) in 3 time steps
AutoTuner: Block shape <8,8,32> took 1.865510 (s) in 3 time steps
AutoTuner: Block shape <8,8,40> took 2.052667 (s) in 3 time steps
AutoTuner: Block shape <8,8,64> took 1.959842 (s) in 3 time steps
AutoTuner: Block shape <8,8,128> took 2.152666 (s) in 3 time steps
AutoTuner: Block shape <8,8,256> took 2.350547 (s) in 3 time steps
AutoTuner: Block shape <8,8,512> took 2.513387 (s) in 3 time steps
AutoTuner: Block shape <8,8,772> took 3.007710 (s) in 3 time steps
AutoTuner: Block shape <16,16,8> took 2.633851 (s) in 3 time steps
AutoTuner: Block shape <16,16,24> took 1.999415 (s) in 3 time steps
AutoTuner: Block shape <16,16,32> took 1.738721 (s) in 3 time steps
AutoTuner: Block shape <16,16,40> took 1.865507 (s) in 3 time steps
AutoTuner: Block shape <16,16,64> took 1.691404 (s) in 3 time steps
AutoTuner: Block shape <16,16,128> took 1.773003 (s) in 3 time steps
AutoTuner: Block shape <16,16,256> took 1.889899 (s) in 3 time steps
AutoTuner: Block shape <24,24,8> took 3.186850 (s) in 3 time steps
AutoTuner: Block shape <24,24,16> took 1.999596 (s) in 3 time steps
AutoTuner: Block shape <24,24,32> took 1.737494 (s) in 3 time steps
AutoTuner: Block shape <24,24,40> took 1.816226 (s) in 3 time steps
AutoTuner: Block shape <24,24,64> took 1.690030 (s) in 3 time steps
AutoTuner: Block shape <24,24,128> took 1.643763 (s) in 3 time steps
AutoTuner: Block shape <32,32,8> took 3.246285 (s) in 3 time steps
AutoTuner: Block shape <32,32,16> took 2.046920 (s) in 3 time steps
AutoTuner: Block shape <32,32,24> took 2.004794 (s) in 3 time steps
AutoTuner: Block shape <32,32,40> took 1.831226 (s) in 3 time steps
AutoTuner: Block shape <32,32,64> took 1.637847 (s) in 3 time steps
AutoTuner: Block shape <32,32,128> took 1.702031 (s) in 3 time steps
AutoTuner: Block shape <16,8,8> took 2.366932 (s) in 3 time steps
AutoTuner: Block shape <8,16,8> took 2.374161 (s) in 3 time steps
AutoTuner: Block shape <16,8,16> took 1.827698 (s) in 3 time steps
AutoTuner: Block shape <8,16,16> took 1.826579 (s) in 3 time steps
AutoTuner: Block shape <32,16,16> took 2.035851 (s) in 3 time steps
AutoTuner: Block shape <16,32,16> took 2.025777 (s) in 3 time steps
AutoTuner: Block shape <32,16,32> took 1.761611 (s) in 3 time steps
AutoTuner: Block shape <16,32,32> took 1.803613 (s) in 3 time steps
AutoTuner: Block shape <48,24,24> took 1.994987 (s) in 3 time steps
AutoTuner: Block shape <24,48,24> took 2.120848 (s) in 3 time steps
AutoTuner: Block shape <24,24,48> took 1.689891 (s) in 3 time steps
AutoTuner: Block shape <48,48,24> took 2.013478 (s) in 3 time steps
AutoTuner: Block shape <48,24,48> took 1.665118 (s) in 3 time steps
AutoTuner: Block shape <24,48,48> took 1.744918 (s) in 3 time steps
AutoTuner: Block shape <48,48,48> took 1.635930 (s) in 3 time steps
AutoTuner: Block shape <64,32,32> took 1.746070 (s) in 3 time steps
AutoTuner: Block shape <32,64,32> took 1.824235 (s) in 3 time steps
AutoTuner: Block shape <64,64,32> took 1.730213 (s) in 3 time steps
AutoTuner: Block shape <64,32,64> took 1.551145 (s) in 3 time steps
AutoTuner: Block shape <32,64,64> took 1.857854 (s) in 3 time steps
AutoTuner: Block shape <40,40,80> took 1.602395 (s) in 3 time steps
Auto-tuned block shape: {'x0_block_size': 64, 'y0_block_size': 32, 'z0_block_size': 64}
=========================================================================================
Section section_0<780,780,780> with OI=0.16 computed in 0.312 s [6.09 GFlops/s]
Section section_3<415,1> with OI=0.64 computed in 0.000 s [0.15 GFlops/s]
Section section_4<415,101> with OI=1.27 computed in 0.004 s [0.96 GFlops/s]
Section main<415,780,780,780> with OI=4.52 computed in 502.070 s [117.68 GFlops/s, 0.39 GPts/s]
=========================================================================================
Allocating memory for m ((788, 788, 788))
Allocating memory for damp ((788, 788, 788))
Allocating memory for epsilon ((788, 788, 788))
Allocating memory for delta ((788, 788, 788))
Allocating memory for theta ((788, 788, 788))
Allocating memory for phi ((788, 788, 788))
Allocating memory for src ((417, 1))
Allocating memory for src_coords ((1, 3))
Allocating memory for nrec_coords ((101, 3))
Allocating memory for rec_coords ((101, 3))
DSE: extract_time_varying [flops: 3953, elapsed: 0.37] >>
     extract_time_invariants [flops: 3409, elapsed: 0.15] >>
     eliminate_inter_stencil_redundancies [flops: 1243, elapsed: 0.41] >>
     extract_sum_of_products [flops: 901, elapsed: 0.06] >>
     eliminate_inter_stencil_redundancies [flops: 579, elapsed: 0.09] >>
     extract_sum_of_products [flops: 492, elapsed: 0.03] >>
     factorize [flops: 368, elapsed: 0.28] >>
     eliminate_intra_stencil_redundancies [flops: 299, elapsed: 0.06] >>
     finalize [flops: 300, elapsed: 0.01]
     [Total elapsed: 1.46 s]
DLE: avoid_denormals [elapsed: 0.00] >>
     loop_fission [elapsed: 0.01] >>
     loop_blocking [elapsed: 0.42] >>
     simdize [elapsed: 0.04] >>
     ompize [elapsed: 0.04] >>
     create_elemental_functions [elapsed: 0.29] >>
     minimize_remainders [elapsed: 0.02]
     [Total elapsed: 0.82 s]
Allocating memory for rec ((417, 101))
Allocating memory for u ((3, 788, 788, 788))
Allocating memory for v ((3, 788, 788, 788))
IntelCompiler: compiled /tmp/devito-2tlp9tla/e06cef8e18e60847727813b0812e1d8168402cde.c [6.69 s]
AutoTuner: Block shape <8,8,8> took 2.514910 (s) in 3 time steps
AutoTuner: Block shape <16,16,16> took 1.858408 (s) in 3 time steps
AutoTuner: Block shape <24,24,24> took 2.002065 (s) in 3 time steps
AutoTuner: Block shape <32,32,32> took 1.772826 (s) in 3 time steps
AutoTuner: Block shape <40,40,40> took 1.790081 (s) in 3 time steps
AutoTuner: Block shape <8,8,16> took 1.916753 (s) in 3 time steps
AutoTuner: Block shape <8,8,24> took 2.043018 (s) in 3 time steps
AutoTuner: Block shape <8,8,32> took 1.864435 (s) in 3 time steps
AutoTuner: Block shape <8,8,40> took 2.053329 (s) in 3 time steps
AutoTuner: Block shape <8,8,64> took 1.957206 (s) in 3 time steps
AutoTuner: Block shape <8,8,128> took 2.157202 (s) in 3 time steps
AutoTuner: Block shape <8,8,256> took 2.349755 (s) in 3 time steps
AutoTuner: Block shape <8,8,512> took 2.510486 (s) in 3 time steps
AutoTuner: Block shape <8,8,772> took 3.011445 (s) in 3 time steps
AutoTuner: Block shape <16,16,8> took 2.634456 (s) in 3 time steps
AutoTuner: Block shape <16,16,24> took 2.001674 (s) in 3 time steps
AutoTuner: Block shape <16,16,32> took 1.737425 (s) in 3 time steps
AutoTuner: Block shape <16,16,40> took 1.864278 (s) in 3 time steps
AutoTuner: Block shape <16,16,64> took 1.693087 (s) in 3 time steps
AutoTuner: Block shape <16,16,128> took 1.777251 (s) in 3 time steps
AutoTuner: Block shape <16,16,256> took 1.893659 (s) in 3 time steps
AutoTuner: Block shape <24,24,8> took 3.185272 (s) in 3 time steps
AutoTuner: Block shape <24,24,16> took 1.998723 (s) in 3 time steps
AutoTuner: Block shape <24,24,32> took 1.734904 (s) in 3 time steps
AutoTuner: Block shape <24,24,40> took 1.815307 (s) in 3 time steps
AutoTuner: Block shape <24,24,64> took 1.691283 (s) in 3 time steps
AutoTuner: Block shape <24,24,128> took 1.644980 (s) in 3 time steps
AutoTuner: Block shape <32,32,8> took 3.243589 (s) in 3 time steps
AutoTuner: Block shape <32,32,16> took 2.043652 (s) in 3 time steps
AutoTuner: Block shape <32,32,24> took 2.004177 (s) in 3 time steps
AutoTuner: Block shape <32,32,40> took 1.831818 (s) in 3 time steps
AutoTuner: Block shape <32,32,64> took 1.638732 (s) in 3 time steps
AutoTuner: Block shape <32,32,128> took 1.699782 (s) in 3 time steps
AutoTuner: Block shape <16,8,8> took 2.369610 (s) in 3 time steps
AutoTuner: Block shape <8,16,8> took 2.374472 (s) in 3 time steps
AutoTuner: Block shape <16,8,16> took 1.827484 (s) in 3 time steps
AutoTuner: Block shape <8,16,16> took 1.822654 (s) in 3 time steps
AutoTuner: Block shape <32,16,16> took 2.032447 (s) in 3 time steps
AutoTuner: Block shape <16,32,16> took 2.023721 (s) in 3 time steps
AutoTuner: Block shape <32,16,32> took 1.760895 (s) in 3 time steps
AutoTuner: Block shape <16,32,32> took 1.802902 (s) in 3 time steps
AutoTuner: Block shape <48,24,24> took 1.992263 (s) in 3 time steps
AutoTuner: Block shape <24,48,24> took 2.117120 (s) in 3 time steps
AutoTuner: Block shape <24,24,48> took 1.692185 (s) in 3 time steps
AutoTuner: Block shape <48,48,24> took 2.015615 (s) in 3 time steps
AutoTuner: Block shape <48,24,48> took 1.663290 (s) in 3 time steps
AutoTuner: Block shape <24,48,48> took 1.745981 (s) in 3 time steps
AutoTuner: Block shape <48,48,48> took 1.636666 (s) in 3 time steps
AutoTuner: Block shape <64,32,32> took 1.748501 (s) in 3 time steps
AutoTuner: Block shape <32,64,32> took 1.823632 (s) in 3 time steps
AutoTuner: Block shape <64,64,32> took 1.728959 (s) in 3 time steps
AutoTuner: Block shape <64,32,64> took 1.551023 (s) in 3 time steps
AutoTuner: Block shape <32,64,64> took 1.858229 (s) in 3 time steps
AutoTuner: Block shape <40,40,80> took 1.602416 (s) in 3 time steps
Auto-tuned block shape: {'x0_block_size': 64, 'y0_block_size': 32, 'z0_block_size': 64}
=========================================================================================
Section section_0<780,780,780> with OI=0.16 computed in 0.311 s [6.10 GFlops/s]
Section section_3<415,1> with OI=0.64 computed in 0.000 s [0.13 GFlops/s]
Section section_4<415,101> with OI=1.27 computed in 0.004 s [0.89 GFlops/s]
Section main<415,780,780,780> with OI=4.52 computed in 502.047 s [117.68 GFlops/s, 0.39 GPts/s]
=========================================================================================
Allocating memory for m ((788, 788, 788))
Allocating memory for damp ((788, 788, 788))
Allocating memory for epsilon ((788, 788, 788))
Allocating memory for delta ((788, 788, 788))
Allocating memory for theta ((788, 788, 788))
Allocating memory for phi ((788, 788, 788))
Allocating memory for src ((417, 1))
Allocating memory for src_coords ((1, 3))
Allocating memory for nrec_coords ((101, 3))
Allocating memory for rec_coords ((101, 3))
DSE: extract_time_varying [flops: 3953, elapsed: 0.37] >>
     extract_time_invariants [flops: 3409, elapsed: 0.15] >>
     eliminate_inter_stencil_redundancies [flops: 1243, elapsed: 0.41] >>
     extract_sum_of_products [flops: 901, elapsed: 0.06] >>
     eliminate_inter_stencil_redundancies [flops: 579, elapsed: 0.09] >>
     extract_sum_of_products [flops: 492, elapsed: 0.03] >>
     factorize [flops: 368, elapsed: 0.28] >>
     eliminate_intra_stencil_redundancies [flops: 299, elapsed: 0.06] >>
     finalize [flops: 300, elapsed: 0.01]
     [Total elapsed: 1.47 s]
DLE: avoid_denormals [elapsed: 0.00] >>
     loop_fission [elapsed: 0.01] >>
     loop_blocking [elapsed: 0.42] >>
     simdize [elapsed: 0.04] >>
     ompize [elapsed: 0.04] >>
     create_elemental_functions [elapsed: 0.29] >>
     minimize_remainders [elapsed: 0.02]
     [Total elapsed: 0.82 s]
Allocating memory for rec ((417, 101))
Allocating memory for u ((3, 788, 788, 788))
Allocating memory for v ((3, 788, 788, 788))
IntelCompiler: compiled /tmp/devito-2tlp9tla/bad782043a968d077e3ab3931865f51c5da5e613.c [6.70 s]
AutoTuner: Block shape <8,8,8> took 2.520152 (s) in 3 time steps
AutoTuner: Block shape <16,16,16> took 1.859209 (s) in 3 time steps
AutoTuner: Block shape <24,24,24> took 2.001485 (s) in 3 time steps
AutoTuner: Block shape <32,32,32> took 1.776150 (s) in 3 time steps
AutoTuner: Block shape <40,40,40> took 1.793765 (s) in 3 time steps
AutoTuner: Block shape <8,8,16> took 1.918389 (s) in 3 time steps
AutoTuner: Block shape <8,8,24> took 2.040482 (s) in 3 time steps
AutoTuner: Block shape <8,8,32> took 1.859379 (s) in 3 time steps
AutoTuner: Block shape <8,8,40> took 2.056215 (s) in 3 time steps
AutoTuner: Block shape <8,8,64> took 1.960091 (s) in 3 time steps
AutoTuner: Block shape <8,8,128> took 2.152230 (s) in 3 time steps
AutoTuner: Block shape <8,8,256> took 2.354806 (s) in 3 time steps
AutoTuner: Block shape <8,8,512> took 2.516585 (s) in 3 time steps
AutoTuner: Block shape <8,8,772> took 3.011749 (s) in 3 time steps
AutoTuner: Block shape <16,16,8> took 2.634518 (s) in 3 time steps
AutoTuner: Block shape <16,16,24> took 1.999794 (s) in 3 time steps
AutoTuner: Block shape <16,16,32> took 1.740906 (s) in 3 time steps
AutoTuner: Block shape <16,16,40> took 1.867719 (s) in 3 time steps
AutoTuner: Block shape <16,16,64> took 1.691183 (s) in 3 time steps
AutoTuner: Block shape <16,16,128> took 1.777118 (s) in 3 time steps
AutoTuner: Block shape <16,16,256> took 1.892748 (s) in 3 time steps
AutoTuner: Block shape <24,24,8> took 3.187876 (s) in 3 time steps
AutoTuner: Block shape <24,24,16> took 2.002592 (s) in 3 time steps
AutoTuner: Block shape <24,24,32> took 1.735319 (s) in 3 time steps
AutoTuner: Block shape <24,24,40> took 1.813897 (s) in 3 time steps
AutoTuner: Block shape <24,24,64> took 1.684070 (s) in 3 time steps
AutoTuner: Block shape <24,24,128> took 1.642970 (s) in 3 time steps
AutoTuner: Block shape <32,32,8> took 3.243256 (s) in 3 time steps
AutoTuner: Block shape <32,32,16> took 2.044977 (s) in 3 time steps
AutoTuner: Block shape <32,32,24> took 2.002663 (s) in 3 time steps
AutoTuner: Block shape <32,32,40> took 1.830439 (s) in 3 time steps
AutoTuner: Block shape <32,32,64> took 1.633323 (s) in 3 time steps
AutoTuner: Block shape <32,32,128> took 1.700358 (s) in 3 time steps
AutoTuner: Block shape <16,8,8> took 2.369893 (s) in 3 time steps
AutoTuner: Block shape <8,16,8> took 2.371893 (s) in 3 time steps
AutoTuner: Block shape <16,8,16> took 1.824396 (s) in 3 time steps
AutoTuner: Block shape <8,16,16> took 1.820930 (s) in 3 time steps
AutoTuner: Block shape <32,16,16> took 2.030650 (s) in 3 time steps
AutoTuner: Block shape <16,32,16> took 2.019658 (s) in 3 time steps
AutoTuner: Block shape <32,16,32> took 1.758471 (s) in 3 time steps
AutoTuner: Block shape <16,32,32> took 1.804140 (s) in 3 time steps
AutoTuner: Block shape <48,24,24> took 1.991152 (s) in 3 time steps
AutoTuner: Block shape <24,48,24> took 2.117841 (s) in 3 time steps
AutoTuner: Block shape <24,24,48> took 1.690847 (s) in 3 time steps
AutoTuner: Block shape <48,48,24> took 2.012839 (s) in 3 time steps
AutoTuner: Block shape <48,24,48> took 1.661964 (s) in 3 time steps
AutoTuner: Block shape <24,48,48> took 1.743795 (s) in 3 time steps
AutoTuner: Block shape <48,48,48> took 1.637369 (s) in 3 time steps
AutoTuner: Block shape <64,32,32> took 1.742129 (s) in 3 time steps
AutoTuner: Block shape <32,64,32> took 1.821721 (s) in 3 time steps
AutoTuner: Block shape <64,64,32> took 1.727352 (s) in 3 time steps
AutoTuner: Block shape <64,32,64> took 1.551828 (s) in 3 time steps
AutoTuner: Block shape <32,64,64> took 1.858733 (s) in 3 time steps
AutoTuner: Block shape <40,40,80> took 1.601626 (s) in 3 time steps
Auto-tuned block shape: {'x0_block_size': 64, 'y0_block_size': 32, 'z0_block_size': 64}
=========================================================================================
Section section_0<780,780,780> with OI=0.16 computed in 0.311 s [6.10 GFlops/s]
Section section_3<415,1> with OI=0.64 computed in 0.000 s [0.15 GFlops/s]
Section section_4<415,101> with OI=1.27 computed in 0.004 s [1.02 GFlops/s]
Section main<415,780,780,780> with OI=4.52 computed in 502.294 s [117.62 GFlops/s, 0.39 GPts/s]
=========================================================================================


OpesciBench: Running 3 repeats - parameters: arch: unknown, autotune: True, dle: advanced, dse: basic, nbpml: 10, shape: (768, 768, 768), space_order: 16, spacing: (20.0, 20.0, 20.0), time_order: 2, tn: 1000
OpesciBench [01:28:21]: --- Run 0 ---
icc -O3 -g -fPIC -Wall -std=c99 -xhost -shared -qopenmp /tmp/devito-2tlp9tla/3fd64013e5691d1cd9ca08fe7c65c27f84bdcf2f.c -o /tmp/devito-2tlp9tla/3fd64013e5691d1cd9ca08fe7c65c27f84bdcf2f.so
OpesciBench [02:16:23]: --- Run 0 finished ---

OpesciBench [02:16:23]: --- Run 1 ---
icc -O3 -g -fPIC -Wall -std=c99 -xhost -shared -qopenmp /tmp/devito-2tlp9tla/3fd64013e5691d1cd9ca08fe7c65c27f84bdcf2f.c -o /tmp/devito-2tlp9tla/3fd64013e5691d1cd9ca08fe7c65c27f84bdcf2f.so
OpesciBench [03:03:59]: --- Run 1 finished ---

OpesciBench [03:03:59]: --- Run 2 ---
icc -O3 -g -fPIC -Wall -std=c99 -xhost -shared -qopenmp /tmp/devito-2tlp9tla/3fd64013e5691d1cd9ca08fe7c65c27f84bdcf2f.c -o /tmp/devito-2tlp9tla/3fd64013e5691d1cd9ca08fe7c65c27f84bdcf2f.so
OpesciBench [03:51:49]: --- Run 2 finished ---





OpesciBench: Running 3 repeats - parameters: arch: unknown, autotune: True, dle: advanced, dse: advanced, nbpml: 10, shape: (768, 768, 768), space_order: 16, spacing: (20.0, 20.0, 20.0), time_order: 2, tn: 1000
OpesciBench [03:51:49]: --- Run 0 ---
icc -O3 -g -fPIC -Wall -std=c99 -xhost -shared -qopenmp /tmp/devito-2tlp9tla/2d3a0b46ca3d2e22c51e1de8c4f4a04a6d591a3d.c -o /tmp/devito-2tlp9tla/2d3a0b46ca3d2e22c51e1de8c4f4a04a6d591a3d.so
OpesciBench [04:23:20]: --- Run 0 finished ---

OpesciBench [04:23:20]: --- Run 1 ---
icc -O3 -g -fPIC -Wall -std=c99 -xhost -shared -qopenmp /tmp/devito-2tlp9tla/2d3a0b46ca3d2e22c51e1de8c4f4a04a6d591a3d.c -o /tmp/devito-2tlp9tla/2d3a0b46ca3d2e22c51e1de8c4f4a04a6d591a3d.so
OpesciBench [04:54:46]: --- Run 1 finished ---

OpesciBench [04:54:46]: --- Run 2 ---
icc -O3 -g -fPIC -Wall -std=c99 -xhost -shared -qopenmp /tmp/devito-2tlp9tla/2d3a0b46ca3d2e22c51e1de8c4f4a04a6d591a3d.c -o /tmp/devito-2tlp9tla/2d3a0b46ca3d2e22c51e1de8c4f4a04a6d591a3d.so
OpesciBench [05:26:12]: --- Run 2 finished ---





OpesciBench: Running 3 repeats - parameters: arch: unknown, autotune: True, dle: advanced, dse: aggressive, nbpml: 10, shape: (768, 768, 768), space_order: 16, spacing: (20.0, 20.0, 20.0), time_order: 2, tn: 1000
OpesciBench [05:26:12]: --- Run 0 ---
icc -O3 -g -fPIC -Wall -std=c99 -xhost -shared -qopenmp /tmp/devito-2tlp9tla/c819e5f729991eae33c8979e7b521d6add386faa.c -o /tmp/devito-2tlp9tla/c819e5f729991eae33c8979e7b521d6add386faa.so
OpesciBench [05:37:31]: --- Run 0 finished ---

OpesciBench [05:37:31]: --- Run 1 ---
icc -O3 -g -fPIC -Wall -std=c99 -xhost -shared -qopenmp /tmp/devito-2tlp9tla/e06cef8e18e60847727813b0812e1d8168402cde.c -o /tmp/devito-2tlp9tla/e06cef8e18e60847727813b0812e1d8168402cde.so
OpesciBench [05:48:50]: --- Run 1 finished ---

OpesciBench [05:48:50]: --- Run 2 ---
icc -O3 -g -fPIC -Wall -std=c99 -xhost -shared -qopenmp /tmp/devito-2tlp9tla/bad782043a968d077e3ab3931865f51c5da5e613.c -o /tmp/devito-2tlp9tla/bad782043a968d077e3ab3931865f51c5da5e613.so
OpesciBench [06:00:10]: --- Run 2 finished ---



Fri Dec 22 06:00:10 PST 2017
top - 06:00:10 up 22 days, 20:49,  3 users,  load average: 56.01, 54.36, 51.05
Tasks: 1952 total,   1 running, 1951 sleeping,   0 stopped,   0 zombie
%Cpu(s):  6.2 us,  0.1 sy,  0.0 ni, 93.7 id,  0.0 wa,  0.0 hi,  0.0 si,  0.0 st
KiB Mem : 19652648+total, 18769468+free,  4760216 used,  4071572 buff/cache
KiB Swap: 50331644 total, 47136912 free,  3194732 used. 19102089+avail Mem 

   PID USER      PR  NI    VIRT    RES    SHR S  %CPU %MEM     TIME+ COMMAND
   480 root      20   0       0      0      0 S   5.9  0.0   0:38.21 rcuos/21
   486 root      20   0       0      0      0 S   5.9  0.0   0:35.33 rcuos/27
140671 cyount    20   0  152236   3932   1476 R   5.9  0.0   0:00.02 top
     1 root      20   0  197856   6640   1468 S   0.0  0.0   1:12.40 systemd
     2 root      20   0       0      0      0 S   0.0  0.0   0:00.30 kthreadd
     3 root      20   0       0      0      0 S   0.0  0.0   0:00.13 ksoftirqd/0
     5 root       0 -20       0      0      0 S   0.0  0.0   0:00.00 kworker/0:0H
     8 root      rt   0       0      0      0 S   0.0  0.0   0:01.43 migration/0
     9 root      20   0       0      0      0 S   0.0  0.0   0:00.00 rcu_bh
    10 root      20   0       0      0      0 S   0.0  0.0   0:00.00 rcuob/0
    11 root      20   0       0      0      0 S   0.0  0.0   0:00.00 rcuob/1
    12 root      20   0       0      0      0 S   0.0  0.0   0:00.00 rcuob/2
    13 root      20   0       0      0      0 S   0.0  0.0   0:00.00 rcuob/3
    14 root      20   0       0      0      0 S   0.0  0.0   0:00.00 rcuob/4
    15 root      20   0       0      0      0 S   0.0  0.0   0:00.00 rcuob/5
    16 root      20   0       0      0      0 S   0.0  0.0   0:00.00 rcuob/6
    17 root      20   0       0      0      0 S   0.0  0.0   0:00.00 rcuob/7
    18 root      20   0       0      0      0 S   0.0  0.0   0:00.00 rcuob/8
    19 root      20   0       0      0      0 S   0.0  0.0   0:00.00 rcuob/9
    20 root      20   0       0      0      0 S   0.0  0.0   0:00.00 rcuob/10
    21 root      20   0       0      0      0 S   0.0  0.0   0:00.00 rcuob/11
    22 root      20   0       0      0      0 S   0.0  0.0   0:00.00 rcuob/12
    23 root      20   0       0      0      0 S   0.0  0.0   0:00.00 rcuob/13
