Thu Dec 21 10:21:27 PST 2017
Linux ortce-skl1 3.10.0-514.el7.x86_64 #1 SMP Wed Oct 19 11:24:13 EDT 2016 x86_64 x86_64 x86_64 GNU/Linux
Architecture:          x86_64
CPU op-mode(s):        32-bit, 64-bit
Byte Order:            Little Endian
CPU(s):                80
On-line CPU(s) list:   0-79
Thread(s) per core:    2
Core(s) per socket:    20
Socket(s):             2
NUMA node(s):          2
Vendor ID:             GenuineIntel
CPU family:            6
Model:                 85
Model name:            Intel(R) Xeon(R) Gold 6148 CPU @ 2.40GHz
Stepping:              4
CPU MHz:               3426.750
BogoMIPS:              4805.49
Virtualization:        VT-x
L1d cache:             32K
L1i cache:             32K
L2 cache:              1024K
L3 cache:              28160K
NUMA node0 CPU(s):     0-19,40-59
NUMA node1 CPU(s):     20-39,60-79
Linux ortce-skl1 3.10.0-514.el7.x86_64 #1 SMP Wed Oct 19 11:24:13 EDT 2016 x86_64 x86_64 x86_64 GNU/Linux
available: 2 nodes (0-1)
node 0 cpus: 0 1 2 3 4 5 6 7 8 9 10 11 12 13 14 15 16 17 18 19 40 41 42 43 44 45 46 47 48 49 50 51 52 53 54 55 56 57 58 59
node 0 size: 96973 MB
node 0 free: 88706 MB
node 1 cpus: 20 21 22 23 24 25 26 27 28 29 30 31 32 33 34 35 36 37 38 39 60 61 62 63 64 65 66 67 68 69 70 71 72 73 74 75 76 77 78 79
node 1 size: 98304 MB
node 1 free: 92056 MB
node distances:
node   0   1 
  0:  10  21 
  1:  21  10 

Per-node system memory usage (in MBs):
                          Node 0          Node 1           Total
                 --------------- --------------- ---------------
MemTotal                96973.63        98304.00       195277.63
MemFree                 88706.52        92056.83       180763.35
MemUsed                  8267.11         6247.17        14514.28
Active                   1781.36         1085.59         2866.94
Inactive                 3393.79         2433.80         5827.59
Active(anon)                8.23           12.73           20.95
Inactive(anon)             39.30            4.22           43.52
Active(file)             1773.13         1072.86         2845.99
Inactive(file)           3354.48         2429.58         5784.07
Unevictable                 0.00            0.00            0.00
Mlocked                     0.00            0.00            0.00
Dirty                       0.00            0.00            0.00
Writeback                   0.00            0.00            0.00
FilePages                5165.81         3506.09         8671.90
Mapped                     27.87            3.86           31.73
AnonPages                  11.82          226.07          237.88
Shmem                      23.74            0.09           23.83
KernelStack                10.09            9.48           19.58
PageTables                  3.53            3.50            7.03
NFS_Unstable                0.00            0.00            0.00
Bounce                      0.00            0.00            0.00
WritebackTmp                0.00            0.00            0.00
Slab                      337.79          330.50          668.29
SReclaimable              216.47          186.70          403.17
SUnreclaim                121.32          143.80          265.11
AnonHugePages               0.00          210.00          210.00
HugePages_Total             0.00            0.00            0.00
HugePages_Free              0.00            0.00            0.00
HugePages_Surp              0.00            0.00            0.00
top - 10:21:27 up 5 days, 19:44,  1 user,  load average: 35.57, 32.83, 20.79
Tasks: 716 total,   1 running, 715 sleeping,   0 stopped,   0 zombie
%Cpu(s):  8.9 us,  0.2 sy,  0.0 ni, 90.9 id,  0.0 wa,  0.0 hi,  0.0 si,  0.0 st
KiB Mem : 19652252+total, 18510217+free,  1874428 used,  9545908 buff/cache
KiB Swap:  4194300 total,  4124484 free,    69816 used. 19360123+avail Mem 

   PID USER      PR  NI    VIRT    RES    SHR S  %CPU %MEM     TIME+ COMMAND
441203 cyount    20   0  162516   2968   1888 R   6.2  0.0   0:00.03 top
     1 root      20   0  197536   2864   1516 S   0.0  0.0   0:29.94 systemd
     2 root      20   0       0      0      0 S   0.0  0.0   0:00.06 kthreadd
     3 root      20   0       0      0      0 S   0.0  0.0   0:00.29 ksoftirqd/0
     5 root       0 -20       0      0      0 S   0.0  0.0   0:00.00 kworker/0:0H
     6 root      20   0       0      0      0 S   0.0  0.0   0:14.39 kworker/u896:0
     8 root      rt   0       0      0      0 S   0.0  0.0   0:00.78 migration/0
     9 root      20   0       0      0      0 S   0.0  0.0   0:00.00 rcu_bh
    10 root      20   0       0      0      0 S   0.0  0.0   0:49.00 rcu_sched
    11 root      rt   0       0      0      0 S   0.0  0.0   0:02.06 watchdog/0
    12 root      rt   0       0      0      0 S   0.0  0.0   0:01.42 watchdog/1
    13 root      rt   0       0      0      0 S   0.0  0.0   0:00.83 migration/1
    14 root      20   0       0      0      0 S   0.0  0.0   0:00.02 ksoftirqd/1
    16 root       0 -20       0      0      0 S   0.0  0.0   0:00.00 kworker/1:0H
    17 root      rt   0       0      0      0 S   0.0  0.0   0:01.38 watchdog/2
    18 root      rt   0       0      0      0 S   0.0  0.0   0:00.78 migration/2
    19 root      20   0       0      0      0 S   0.0  0.0   0:00.02 ksoftirqd/2
    22 root      rt   0       0      0      0 S   0.0  0.0   0:01.45 watchdog/3
    23 root      rt   0       0      0      0 S   0.0  0.0   0:00.84 migration/3
    24 root      20   0       0      0      0 S   0.0  0.0   0:00.01 ksoftirqd/3
    27 root      rt   0       0      0      0 S   0.0  0.0   0:01.38 watchdog/4
    28 root      rt   0       0      0      0 S   0.0  0.0   0:00.81 migration/4
    29 root      20   0       0      0      0 S   0.0  0.0   0:00.01 ksoftirqd/4
env DEVITO_PLATFORM=skx DEVITO_ISA=avx512 DEVITO_DEBUG_COMPILER=1 DEVITO_DLE_OPTIONS=blockinner:True DEVITO_AUTOTUNING=aggressive DEVITO_BACKEND=core DEVITO_OPENMP=1 DEVITO_ARCH=intel DEVITO_LOGGING=DEBUG DEVITO_YASK_AUTOTUNING=preemptive DEVITO_YASK_DUMP=devito.bench.2017-12-21/tti/core/bmO3/ortce-skl1/grid512/so12 numactl --cpubind=1 python examples/seismic/benchmark.py bench -bm O3 -P tti -so 12 -to 2 -d 512 512 512 --tn 1000 -x 3 -r devito.bench.2017-12-21/tti/core/bmO3/ortce-skl1/grid512/so12
Allocating memory for m ((532, 532, 532))
Allocating memory for damp ((532, 532, 532))
Allocating memory for epsilon ((532, 532, 532))
Allocating memory for delta ((532, 532, 532))
Allocating memory for theta ((532, 532, 532))
Allocating memory for phi ((532, 532, 532))
Allocating memory for src ((417, 1))
Allocating memory for src_coords ((1, 3))
Allocating memory for nrec_coords ((101, 3))
Allocating memory for rec_coords ((101, 3))
DSE: extract_time_varying [flops: 2541, elapsed: 0.23] >>
     extract_time_invariants [flops: 2133, elapsed: 0.10] >>
     eliminate_inter_stencil_redundancies [flops: 939, elapsed: 0.29] >>
     extract_sum_of_products [flops: 681, elapsed: 0.05] >>
     eliminate_inter_stencil_redundancies [flops: 443, elapsed: 0.07] >>
     extract_sum_of_products [flops: 378, elapsed: 0.02] >>
     factorize [flops: 285, elapsed: 0.19] >>
     eliminate_intra_stencil_redundancies [flops: 233, elapsed: 0.05] >>
     finalize [flops: 234, elapsed: 0.00]
     [Total elapsed: 1.00 s]
DLE: avoid_denormals [elapsed: 0.00] >>
     loop_fission [elapsed: 0.01] >>
     loop_blocking [elapsed: 0.37] >>
     simdize [elapsed: 0.22] >>
     ompize [elapsed: 0.04] >>
     create_elemental_functions [elapsed: 0.33] >>
     minimize_remainders [elapsed: 0.02]
     [Total elapsed: 0.98 s]
Allocating memory for rec ((417, 101))
Allocating memory for u ((3, 532, 532, 532))
Allocating memory for v ((3, 532, 532, 532))
IntelCompiler: compiled /tmp/devito-hpab8s6n/aac9464fe294ad29e770d3e30caa2196820ef9fe.c [4.31 s]
AutoTuner: Block shape <8,8,8> took 0.739515 (s) in 3 time steps
AutoTuner: Block shape <16,16,16> took 0.621367 (s) in 3 time steps
AutoTuner: Block shape <24,24,24> took 0.552164 (s) in 3 time steps
AutoTuner: Block shape <32,32,32> took 0.615654 (s) in 3 time steps
AutoTuner: Block shape <40,40,40> took 0.567634 (s) in 3 time steps
AutoTuner: Block shape <8,8,16> took 0.700889 (s) in 3 time steps
AutoTuner: Block shape <8,8,24> took 0.616721 (s) in 3 time steps
AutoTuner: Block shape <8,8,32> took 0.640332 (s) in 3 time steps
AutoTuner: Block shape <8,8,40> took 0.599607 (s) in 3 time steps
AutoTuner: Block shape <8,8,64> took 0.620239 (s) in 3 time steps
AutoTuner: Block shape <8,8,128> took 0.632250 (s) in 3 time steps
AutoTuner: Block shape <8,8,256> took 0.667983 (s) in 3 time steps
AutoTuner: Block shape <8,8,512> took 0.710019 (s) in 3 time steps
AutoTuner: Block shape <8,8,520> took 0.701929 (s) in 3 time steps
AutoTuner: Block shape <16,16,8> took 0.593822 (s) in 3 time steps
AutoTuner: Block shape <16,16,24> took 0.529424 (s) in 3 time steps
AutoTuner: Block shape <16,16,32> took 0.572120 (s) in 3 time steps
AutoTuner: Block shape <16,16,40> took 0.524771 (s) in 3 time steps
AutoTuner: Block shape <16,16,64> took 0.562771 (s) in 3 time steps
AutoTuner: Block shape <16,16,128> took 0.582258 (s) in 3 time steps
AutoTuner: Block shape <16,16,256> took 0.594036 (s) in 3 time steps
AutoTuner: Block shape <16,16,512> took 0.661306 (s) in 3 time steps
AutoTuner: Block shape <16,16,520> took 0.655120 (s) in 3 time steps
AutoTuner: Block shape <24,24,8> took 0.654787 (s) in 3 time steps
AutoTuner: Block shape <24,24,16> took 0.666235 (s) in 3 time steps
AutoTuner: Block shape <24,24,32> took 0.594942 (s) in 3 time steps
AutoTuner: Block shape <24,24,40> took 0.539446 (s) in 3 time steps
AutoTuner: Block shape <24,24,64> took 0.581309 (s) in 3 time steps
AutoTuner: Block shape <24,24,128> took 0.570695 (s) in 3 time steps
AutoTuner: Block shape <24,24,256> took 0.620559 (s) in 3 time steps
AutoTuner: Block shape <32,32,8> took 0.730433 (s) in 3 time steps
AutoTuner: Block shape <32,32,16> took 0.699371 (s) in 3 time steps
AutoTuner: Block shape <32,32,24> took 0.574469 (s) in 3 time steps
AutoTuner: Block shape <32,32,40> took 0.562012 (s) in 3 time steps
AutoTuner: Block shape <32,32,64> took 0.577202 (s) in 3 time steps
AutoTuner: Block shape <32,32,128> took 0.563448 (s) in 3 time steps
AutoTuner: Block shape <16,8,8> took 0.650823 (s) in 3 time steps
AutoTuner: Block shape <8,16,8> took 0.637468 (s) in 3 time steps
AutoTuner: Block shape <16,8,16> took 0.639337 (s) in 3 time steps
AutoTuner: Block shape <8,16,16> took 0.628240 (s) in 3 time steps
AutoTuner: Block shape <32,16,16> took 0.674090 (s) in 3 time steps
AutoTuner: Block shape <16,32,16> took 0.672208 (s) in 3 time steps
AutoTuner: Block shape <32,16,32> took 0.597730 (s) in 3 time steps
AutoTuner: Block shape <16,32,32> took 0.608296 (s) in 3 time steps
AutoTuner: Block shape <48,24,24> took 0.575556 (s) in 3 time steps
AutoTuner: Block shape <24,48,24> took 0.602334 (s) in 3 time steps
AutoTuner: Block shape <24,24,48> took 0.582935 (s) in 3 time steps
AutoTuner: Block shape <48,48,24> took 0.612312 (s) in 3 time steps
AutoTuner: Block shape <48,24,48> took 0.596465 (s) in 3 time steps
AutoTuner: Block shape <24,48,48> took 0.611140 (s) in 3 time steps
AutoTuner: Block shape <48,48,48> took 0.607570 (s) in 3 time steps
AutoTuner: Block shape <64,32,32> took 0.619925 (s) in 3 time steps
AutoTuner: Block shape <32,64,32> took 0.638824 (s) in 3 time steps
AutoTuner: Block shape <64,64,32> took 0.622413 (s) in 3 time steps
AutoTuner: Block shape <64,32,64> took 0.567020 (s) in 3 time steps
AutoTuner: Block shape <32,64,64> took 0.601581 (s) in 3 time steps
AutoTuner: Block shape <80,40,40> took 0.565790 (s) in 3 time steps
AutoTuner: Block shape <40,80,40> took 0.583085 (s) in 3 time steps
AutoTuner: Block shape <40,40,80> took 0.564364 (s) in 3 time steps
Auto-tuned block shape: {'x0_block_size': 16, 'y0_block_size': 16, 'z0_block_size': 40}
=========================================================================================
Section section_0<526,526,526> with OI=0.16 computed in 0.099 s [5.86 GFlops/s]
Section section_3<415,1> with OI=0.64 computed in 0.000 s [0.13 GFlops/s]
Section section_4<415,101> with OI=1.27 computed in 0.004 s [0.98 GFlops/s]
Section main<415,526,526,526> with OI=3.52 computed in 170.286 s [82.99 GFlops/s, 0.35 GPts/s]
=========================================================================================
Allocating memory for m ((532, 532, 532))
Allocating memory for damp ((532, 532, 532))
Allocating memory for epsilon ((532, 532, 532))
Allocating memory for delta ((532, 532, 532))
Allocating memory for theta ((532, 532, 532))
Allocating memory for phi ((532, 532, 532))
Allocating memory for src ((417, 1))
Allocating memory for src_coords ((1, 3))
Allocating memory for nrec_coords ((101, 3))
Allocating memory for rec_coords ((101, 3))
DSE: extract_time_varying [flops: 2541, elapsed: 0.23] >>
     extract_time_invariants [flops: 2133, elapsed: 0.10] >>
     eliminate_inter_stencil_redundancies [flops: 939, elapsed: 0.29] >>
     extract_sum_of_products [flops: 681, elapsed: 0.05] >>
     eliminate_inter_stencil_redundancies [flops: 443, elapsed: 0.07] >>
     extract_sum_of_products [flops: 378, elapsed: 0.02] >>
     factorize [flops: 285, elapsed: 0.19] >>
     eliminate_intra_stencil_redundancies [flops: 233, elapsed: 0.05] >>
     finalize [flops: 234, elapsed: 0.00]
     [Total elapsed: 1.00 s]
DLE: avoid_denormals [elapsed: 0.00] >>
     loop_fission [elapsed: 0.01] >>
     loop_blocking [elapsed: 0.37] >>
     simdize [elapsed: 0.05] >>
     ompize [elapsed: 0.04] >>
     create_elemental_functions [elapsed: 0.29] >>
     minimize_remainders [elapsed: 0.02]
     [Total elapsed: 0.76 s]
Allocating memory for rec ((417, 101))
Allocating memory for u ((3, 532, 532, 532))
Allocating memory for v ((3, 532, 532, 532))
IntelCompiler: compiled /tmp/devito-hpab8s6n/47edbfad79bf7f6ead359a65e6aec774bddfb208.c [4.29 s]
AutoTuner: Block shape <8,8,8> took 0.685828 (s) in 3 time steps
AutoTuner: Block shape <16,16,16> took 0.622338 (s) in 3 time steps
AutoTuner: Block shape <24,24,24> took 0.554586 (s) in 3 time steps
AutoTuner: Block shape <32,32,32> took 0.608930 (s) in 3 time steps
AutoTuner: Block shape <40,40,40> took 0.557846 (s) in 3 time steps
AutoTuner: Block shape <8,8,16> took 0.681057 (s) in 3 time steps
AutoTuner: Block shape <8,8,24> took 0.595487 (s) in 3 time steps
AutoTuner: Block shape <8,8,32> took 0.625468 (s) in 3 time steps
AutoTuner: Block shape <8,8,40> took 0.580338 (s) in 3 time steps
AutoTuner: Block shape <8,8,64> took 0.612352 (s) in 3 time steps
AutoTuner: Block shape <8,8,128> took 0.628677 (s) in 3 time steps
AutoTuner: Block shape <8,8,256> took 0.667643 (s) in 3 time steps
AutoTuner: Block shape <8,8,512> took 0.710161 (s) in 3 time steps
AutoTuner: Block shape <8,8,520> took 0.701447 (s) in 3 time steps
AutoTuner: Block shape <16,16,8> took 0.578766 (s) in 3 time steps
AutoTuner: Block shape <16,16,24> took 0.528182 (s) in 3 time steps
AutoTuner: Block shape <16,16,32> took 0.573481 (s) in 3 time steps
AutoTuner: Block shape <16,16,40> took 0.523266 (s) in 3 time steps
AutoTuner: Block shape <16,16,64> took 0.561657 (s) in 3 time steps
AutoTuner: Block shape <16,16,128> took 0.578580 (s) in 3 time steps
AutoTuner: Block shape <16,16,256> took 0.595549 (s) in 3 time steps
AutoTuner: Block shape <16,16,512> took 0.660248 (s) in 3 time steps
AutoTuner: Block shape <16,16,520> took 0.654820 (s) in 3 time steps
AutoTuner: Block shape <24,24,8> took 0.655382 (s) in 3 time steps
AutoTuner: Block shape <24,24,16> took 0.668621 (s) in 3 time steps
AutoTuner: Block shape <24,24,32> took 0.593271 (s) in 3 time steps
AutoTuner: Block shape <24,24,40> took 0.536092 (s) in 3 time steps
AutoTuner: Block shape <24,24,64> took 0.570946 (s) in 3 time steps
AutoTuner: Block shape <24,24,128> took 0.567083 (s) in 3 time steps
AutoTuner: Block shape <24,24,256> took 0.617222 (s) in 3 time steps
AutoTuner: Block shape <32,32,8> took 0.726482 (s) in 3 time steps
AutoTuner: Block shape <32,32,16> took 0.695080 (s) in 3 time steps
AutoTuner: Block shape <32,32,24> took 0.568924 (s) in 3 time steps
AutoTuner: Block shape <32,32,40> took 0.553487 (s) in 3 time steps
AutoTuner: Block shape <32,32,64> took 0.574455 (s) in 3 time steps
AutoTuner: Block shape <32,32,128> took 0.564603 (s) in 3 time steps
AutoTuner: Block shape <16,8,8> took 0.624105 (s) in 3 time steps
AutoTuner: Block shape <8,16,8> took 0.612727 (s) in 3 time steps
AutoTuner: Block shape <16,8,16> took 0.639339 (s) in 3 time steps
AutoTuner: Block shape <8,16,16> took 0.630979 (s) in 3 time steps
AutoTuner: Block shape <32,16,16> took 0.674879 (s) in 3 time steps
AutoTuner: Block shape <16,32,16> took 0.673191 (s) in 3 time steps
AutoTuner: Block shape <32,16,32> took 0.597482 (s) in 3 time steps
AutoTuner: Block shape <16,32,32> took 0.603646 (s) in 3 time steps
AutoTuner: Block shape <48,24,24> took 0.573439 (s) in 3 time steps
AutoTuner: Block shape <24,48,24> took 0.594589 (s) in 3 time steps
AutoTuner: Block shape <24,24,48> took 0.575149 (s) in 3 time steps
AutoTuner: Block shape <48,48,24> took 0.606958 (s) in 3 time steps
AutoTuner: Block shape <48,24,48> took 0.584520 (s) in 3 time steps
AutoTuner: Block shape <24,48,48> took 0.609937 (s) in 3 time steps
AutoTuner: Block shape <48,48,48> took 0.603905 (s) in 3 time steps
AutoTuner: Block shape <64,32,32> took 0.610540 (s) in 3 time steps
AutoTuner: Block shape <32,64,32> took 0.637134 (s) in 3 time steps
AutoTuner: Block shape <64,64,32> took 0.623742 (s) in 3 time steps
AutoTuner: Block shape <64,32,64> took 0.563983 (s) in 3 time steps
AutoTuner: Block shape <32,64,64> took 0.598887 (s) in 3 time steps
AutoTuner: Block shape <80,40,40> took 0.559162 (s) in 3 time steps
AutoTuner: Block shape <40,80,40> took 0.580219 (s) in 3 time steps
AutoTuner: Block shape <40,40,80> took 0.563344 (s) in 3 time steps
Auto-tuned block shape: {'x0_block_size': 16, 'y0_block_size': 16, 'z0_block_size': 40}
=========================================================================================
Section section_0<526,526,526> with OI=0.16 computed in 0.100 s [5.85 GFlops/s]
Section section_3<415,1> with OI=0.64 computed in 0.000 s [0.14 GFlops/s]
Section section_4<415,101> with OI=1.27 computed in 0.004 s [1.09 GFlops/s]
Section main<415,526,526,526> with OI=3.52 computed in 173.081 s [81.65 GFlops/s, 0.35 GPts/s]
=========================================================================================
Allocating memory for m ((532, 532, 532))
Allocating memory for damp ((532, 532, 532))
Allocating memory for epsilon ((532, 532, 532))
Allocating memory for delta ((532, 532, 532))
Allocating memory for theta ((532, 532, 532))
Allocating memory for phi ((532, 532, 532))
Allocating memory for src ((417, 1))
Allocating memory for src_coords ((1, 3))
Allocating memory for nrec_coords ((101, 3))
Allocating memory for rec_coords ((101, 3))
DSE: extract_time_varying [flops: 2541, elapsed: 0.23] >>
     extract_time_invariants [flops: 2133, elapsed: 0.10] >>
     eliminate_inter_stencil_redundancies [flops: 939, elapsed: 0.29] >>
     extract_sum_of_products [flops: 681, elapsed: 0.05] >>
     eliminate_inter_stencil_redundancies [flops: 443, elapsed: 0.07] >>
     extract_sum_of_products [flops: 378, elapsed: 0.02] >>
     factorize [flops: 285, elapsed: 0.19] >>
     eliminate_intra_stencil_redundancies [flops: 233, elapsed: 0.05] >>
     finalize [flops: 234, elapsed: 0.00]
     [Total elapsed: 1.00 s]
DLE: avoid_denormals [elapsed: 0.00] >>
     loop_fission [elapsed: 0.01] >>
     loop_blocking [elapsed: 0.37] >>
     simdize [elapsed: 0.05] >>
     ompize [elapsed: 0.04] >>
     create_elemental_functions [elapsed: 0.29] >>
     minimize_remainders [elapsed: 0.02]
     [Total elapsed: 0.76 s]
Allocating memory for rec ((417, 101))
Allocating memory for u ((3, 532, 532, 532))
Allocating memory for v ((3, 532, 532, 532))
IntelCompiler: compiled /tmp/devito-hpab8s6n/f8b135173b14ba69ddd6878c6fd5bbb8177ed37c.c [4.29 s]
AutoTuner: Block shape <8,8,8> took 0.692155 (s) in 3 time steps
AutoTuner: Block shape <16,16,16> took 0.622560 (s) in 3 time steps
AutoTuner: Block shape <24,24,24> took 0.553580 (s) in 3 time steps
AutoTuner: Block shape <32,32,32> took 0.608396 (s) in 3 time steps
AutoTuner: Block shape <40,40,40> took 0.558037 (s) in 3 time steps
AutoTuner: Block shape <8,8,16> took 0.673904 (s) in 3 time steps
AutoTuner: Block shape <8,8,24> took 0.599621 (s) in 3 time steps
AutoTuner: Block shape <8,8,32> took 0.626639 (s) in 3 time steps
AutoTuner: Block shape <8,8,40> took 0.580886 (s) in 3 time steps
AutoTuner: Block shape <8,8,64> took 0.614450 (s) in 3 time steps
AutoTuner: Block shape <8,8,128> took 0.630070 (s) in 3 time steps
AutoTuner: Block shape <8,8,256> took 0.665802 (s) in 3 time steps
AutoTuner: Block shape <8,8,512> took 0.709237 (s) in 3 time steps
AutoTuner: Block shape <8,8,520> took 0.701399 (s) in 3 time steps
AutoTuner: Block shape <16,16,8> took 0.579719 (s) in 3 time steps
AutoTuner: Block shape <16,16,24> took 0.527212 (s) in 3 time steps
AutoTuner: Block shape <16,16,32> took 0.573491 (s) in 3 time steps
AutoTuner: Block shape <16,16,40> took 0.523790 (s) in 3 time steps
AutoTuner: Block shape <16,16,64> took 0.562332 (s) in 3 time steps
AutoTuner: Block shape <16,16,128> took 0.577708 (s) in 3 time steps
AutoTuner: Block shape <16,16,256> took 0.596711 (s) in 3 time steps
AutoTuner: Block shape <16,16,512> took 0.661485 (s) in 3 time steps
AutoTuner: Block shape <16,16,520> took 0.655775 (s) in 3 time steps
AutoTuner: Block shape <24,24,8> took 0.655045 (s) in 3 time steps
AutoTuner: Block shape <24,24,16> took 0.668928 (s) in 3 time steps
AutoTuner: Block shape <24,24,32> took 0.593292 (s) in 3 time steps
AutoTuner: Block shape <24,24,40> took 0.535755 (s) in 3 time steps
AutoTuner: Block shape <24,24,64> took 0.569085 (s) in 3 time steps
AutoTuner: Block shape <24,24,128> took 0.569216 (s) in 3 time steps
AutoTuner: Block shape <24,24,256> took 0.618715 (s) in 3 time steps
AutoTuner: Block shape <32,32,8> took 0.727537 (s) in 3 time steps
AutoTuner: Block shape <32,32,16> took 0.695333 (s) in 3 time steps
AutoTuner: Block shape <32,32,24> took 0.569600 (s) in 3 time steps
AutoTuner: Block shape <32,32,40> took 0.552267 (s) in 3 time steps
AutoTuner: Block shape <32,32,64> took 0.574571 (s) in 3 time steps
AutoTuner: Block shape <32,32,128> took 0.564564 (s) in 3 time steps
AutoTuner: Block shape <16,8,8> took 0.622498 (s) in 3 time steps
AutoTuner: Block shape <8,16,8> took 0.615232 (s) in 3 time steps
AutoTuner: Block shape <16,8,16> took 0.640153 (s) in 3 time steps
AutoTuner: Block shape <8,16,16> took 0.629029 (s) in 3 time steps
AutoTuner: Block shape <32,16,16> took 0.674909 (s) in 3 time steps
AutoTuner: Block shape <16,32,16> took 0.672230 (s) in 3 time steps
AutoTuner: Block shape <32,16,32> took 0.597603 (s) in 3 time steps
AutoTuner: Block shape <16,32,32> took 0.602799 (s) in 3 time steps
AutoTuner: Block shape <48,24,24> took 0.573773 (s) in 3 time steps
AutoTuner: Block shape <24,48,24> took 0.596107 (s) in 3 time steps
AutoTuner: Block shape <24,24,48> took 0.573739 (s) in 3 time steps
AutoTuner: Block shape <48,48,24> took 0.605975 (s) in 3 time steps
AutoTuner: Block shape <48,24,48> took 0.584436 (s) in 3 time steps
AutoTuner: Block shape <24,48,48> took 0.610096 (s) in 3 time steps
AutoTuner: Block shape <48,48,48> took 0.604811 (s) in 3 time steps
AutoTuner: Block shape <64,32,32> took 0.610127 (s) in 3 time steps
AutoTuner: Block shape <32,64,32> took 0.637857 (s) in 3 time steps
AutoTuner: Block shape <64,64,32> took 0.622233 (s) in 3 time steps
AutoTuner: Block shape <64,32,64> took 0.563757 (s) in 3 time steps
AutoTuner: Block shape <32,64,64> took 0.599857 (s) in 3 time steps
AutoTuner: Block shape <80,40,40> took 0.559498 (s) in 3 time steps
AutoTuner: Block shape <40,80,40> took 0.581135 (s) in 3 time steps
AutoTuner: Block shape <40,40,80> took 0.562894 (s) in 3 time steps
Auto-tuned block shape: {'x0_block_size': 16, 'y0_block_size': 16, 'z0_block_size': 40}
=========================================================================================
Section section_0<526,526,526> with OI=0.16 computed in 0.100 s [5.84 GFlops/s]
Section section_3<415,1> with OI=0.64 computed in 0.000 s [0.14 GFlops/s]
Section section_4<415,101> with OI=1.27 computed in 0.003 s [1.17 GFlops/s]
Section main<415,526,526,526> with OI=3.52 computed in 173.275 s [81.56 GFlops/s, 0.35 GPts/s]
=========================================================================================


OpesciBench: Running 3 repeats - parameters: arch: unknown, autotune: True, dle: advanced, dse: aggressive, nbpml: 10, shape: (512, 512, 512), space_order: 12, spacing: (20.0, 20.0, 20.0), time_order: 2, tn: 1000
OpesciBench [10:21:29]: --- Run 0 ---
icc -O3 -g -fPIC -Wall -std=c99 -xhost -shared -qopenmp /tmp/devito-hpab8s6n/aac9464fe294ad29e770d3e30caa2196820ef9fe.c -o /tmp/devito-hpab8s6n/aac9464fe294ad29e770d3e30caa2196820ef9fe.so
OpesciBench [10:25:25]: --- Run 0 finished ---

OpesciBench [10:25:25]: --- Run 1 ---
icc -O3 -g -fPIC -Wall -std=c99 -xhost -shared -qopenmp /tmp/devito-hpab8s6n/47edbfad79bf7f6ead359a65e6aec774bddfb208.c -o /tmp/devito-hpab8s6n/47edbfad79bf7f6ead359a65e6aec774bddfb208.so
OpesciBench [10:29:24]: --- Run 1 finished ---

OpesciBench [10:29:24]: --- Run 2 ---
icc -O3 -g -fPIC -Wall -std=c99 -xhost -shared -qopenmp /tmp/devito-hpab8s6n/f8b135173b14ba69ddd6878c6fd5bbb8177ed37c.c -o /tmp/devito-hpab8s6n/f8b135173b14ba69ddd6878c6fd5bbb8177ed37c.so
OpesciBench [10:33:22]: --- Run 2 finished ---



Thu Dec 21 10:33:23 PST 2017
top - 10:33:23 up 5 days, 19:56,  1 user,  load average: 39.53, 36.26, 28.73
Tasks: 715 total,   1 running, 714 sleeping,   0 stopped,   0 zombie
%Cpu(s):  9.0 us,  0.2 sy,  0.0 ni, 90.8 id,  0.0 wa,  0.0 hi,  0.0 si,  0.0 st
KiB Mem : 19652252+total, 18510100+free,  1874596 used,  9546916 buff/cache
KiB Swap:  4194300 total,  4124484 free,    69816 used. 19360067+avail Mem 

   PID USER      PR  NI    VIRT    RES    SHR S  %CPU %MEM     TIME+ COMMAND
    10 root      20   0       0      0      0 S   6.2  0.0   0:49.07 rcu_sched
441586 cyount    20   0  162516   2968   1888 R   6.2  0.0   0:00.03 top
     1 root      20   0  197536   2864   1516 S   0.0  0.0   0:29.96 systemd
     2 root      20   0       0      0      0 S   0.0  0.0   0:00.06 kthreadd
     3 root      20   0       0      0      0 S   0.0  0.0   0:00.29 ksoftirqd/0
     5 root       0 -20       0      0      0 S   0.0  0.0   0:00.00 kworker/0:0H
     6 root      20   0       0      0      0 S   0.0  0.0   0:14.39 kworker/u896:0
     8 root      rt   0       0      0      0 S   0.0  0.0   0:00.78 migration/0
     9 root      20   0       0      0      0 S   0.0  0.0   0:00.00 rcu_bh
    11 root      rt   0       0      0      0 S   0.0  0.0   0:02.06 watchdog/0
    12 root      rt   0       0      0      0 S   0.0  0.0   0:01.42 watchdog/1
    13 root      rt   0       0      0      0 S   0.0  0.0   0:00.83 migration/1
    14 root      20   0       0      0      0 S   0.0  0.0   0:00.02 ksoftirqd/1
    16 root       0 -20       0      0      0 S   0.0  0.0   0:00.00 kworker/1:0H
    17 root      rt   0       0      0      0 S   0.0  0.0   0:01.39 watchdog/2
    18 root      rt   0       0      0      0 S   0.0  0.0   0:00.78 migration/2
    19 root      20   0       0      0      0 S   0.0  0.0   0:00.02 ksoftirqd/2
    22 root      rt   0       0      0      0 S   0.0  0.0   0:01.45 watchdog/3
    23 root      rt   0       0      0      0 S   0.0  0.0   0:00.84 migration/3
    24 root      20   0       0      0      0 S   0.0  0.0   0:00.01 ksoftirqd/3
    27 root      rt   0       0      0      0 S   0.0  0.0   0:01.38 watchdog/4
    28 root      rt   0       0      0      0 S   0.0  0.0   0:00.81 migration/4
    29 root      20   0       0      0      0 S   0.0  0.0   0:00.01 ksoftirqd/4
