Thu Dec 21 10:12:55 PST 2017
Linux ortce-skl1 3.10.0-514.el7.x86_64 #1 SMP Wed Oct 19 11:24:13 EDT 2016 x86_64 x86_64 x86_64 GNU/Linux
Architecture:          x86_64
CPU op-mode(s):        32-bit, 64-bit
Byte Order:            Little Endian
CPU(s):                80
On-line CPU(s) list:   0-79
Thread(s) per core:    2
Core(s) per socket:    20
Socket(s):             2
NUMA node(s):          2
Vendor ID:             GenuineIntel
CPU family:            6
Model:                 85
Model name:            Intel(R) Xeon(R) Gold 6148 CPU @ 2.40GHz
Stepping:              4
CPU MHz:               1060.781
BogoMIPS:              4805.49
Virtualization:        VT-x
L1d cache:             32K
L1i cache:             32K
L2 cache:              1024K
L3 cache:              28160K
NUMA node0 CPU(s):     0-19,40-59
NUMA node1 CPU(s):     20-39,60-79
Linux ortce-skl1 3.10.0-514.el7.x86_64 #1 SMP Wed Oct 19 11:24:13 EDT 2016 x86_64 x86_64 x86_64 GNU/Linux
available: 2 nodes (0-1)
node 0 cpus: 0 1 2 3 4 5 6 7 8 9 10 11 12 13 14 15 16 17 18 19 40 41 42 43 44 45 46 47 48 49 50 51 52 53 54 55 56 57 58 59
node 0 size: 96973 MB
node 0 free: 88703 MB
node 1 cpus: 20 21 22 23 24 25 26 27 28 29 30 31 32 33 34 35 36 37 38 39 60 61 62 63 64 65 66 67 68 69 70 71 72 73 74 75 76 77 78 79
node 1 size: 98304 MB
node 1 free: 92057 MB
node distances:
node   0   1 
  0:  10  21 
  1:  21  10 

Per-node system memory usage (in MBs):
                          Node 0          Node 1           Total
                 --------------- --------------- ---------------
MemTotal                96973.63        98304.00       195277.63
MemFree                 88703.58        92057.59       180761.18
MemUsed                  8270.05         6246.41        14516.45
Active                   1782.26         1085.81         2868.07
Inactive                 3393.78         2434.02         5827.80
Active(anon)                9.15           13.62           22.78
Inactive(anon)             39.30            4.22           43.52
Active(file)             1773.11         1072.18         2845.29
Inactive(file)           3354.48         2429.80         5784.28
Unevictable                 0.00            0.00            0.00
Mlocked                     0.00            0.00            0.00
Dirty                       0.00            0.00            0.00
Writeback                   0.00            0.00            0.00
FilePages                5165.79         3505.63         8671.41
Mapped                     27.86            3.85           31.71
AnonPages                  13.23            9.57           22.81
Shmem                      23.74            0.09           23.83
KernelStack                10.08            9.48           19.56
PageTables                  3.53            3.84            7.37
NFS_Unstable                0.00            0.00            0.00
Bounce                      0.00            0.00            0.00
WritebackTmp                0.00            0.00            0.00
Slab                      338.06          330.34          668.40
SReclaimable              216.47          186.59          403.06
SUnreclaim                121.59          143.75          265.34
AnonHugePages               0.00            0.00            0.00
HugePages_Total             0.00            0.00            0.00
HugePages_Free              0.00            0.00            0.00
HugePages_Surp              0.00            0.00            0.00
top - 10:12:55 up 5 days, 19:35,  1 user,  load average: 37.49, 24.15, 10.88
Tasks: 715 total,   1 running, 714 sleeping,   0 stopped,   0 zombie
%Cpu(s):  8.9 us,  0.2 sy,  0.0 ni, 90.9 id,  0.0 wa,  0.0 hi,  0.0 si,  0.0 st
KiB Mem : 19652252+total, 18509889+free,  1878088 used,  9545532 buff/cache
KiB Swap:  4194300 total,  4124484 free,    69816 used. 19359734+avail Mem 

   PID USER      PR  NI    VIRT    RES    SHR S  %CPU %MEM     TIME+ COMMAND
     1 root      20   0  197536   2864   1516 S   0.0  0.0   0:29.94 systemd
     2 root      20   0       0      0      0 S   0.0  0.0   0:00.06 kthreadd
     3 root      20   0       0      0      0 S   0.0  0.0   0:00.29 ksoftirqd/0
     5 root       0 -20       0      0      0 S   0.0  0.0   0:00.00 kworker/0:0H
     6 root      20   0       0      0      0 S   0.0  0.0   0:14.39 kworker/u896:0
     8 root      rt   0       0      0      0 S   0.0  0.0   0:00.78 migration/0
     9 root      20   0       0      0      0 S   0.0  0.0   0:00.00 rcu_bh
    10 root      20   0       0      0      0 S   0.0  0.0   0:48.94 rcu_sched
    11 root      rt   0       0      0      0 S   0.0  0.0   0:02.06 watchdog/0
    12 root      rt   0       0      0      0 S   0.0  0.0   0:01.42 watchdog/1
    13 root      rt   0       0      0      0 S   0.0  0.0   0:00.83 migration/1
    14 root      20   0       0      0      0 S   0.0  0.0   0:00.02 ksoftirqd/1
    16 root       0 -20       0      0      0 S   0.0  0.0   0:00.00 kworker/1:0H
    17 root      rt   0       0      0      0 S   0.0  0.0   0:01.38 watchdog/2
    18 root      rt   0       0      0      0 S   0.0  0.0   0:00.78 migration/2
    19 root      20   0       0      0      0 S   0.0  0.0   0:00.02 ksoftirqd/2
    22 root      rt   0       0      0      0 S   0.0  0.0   0:01.45 watchdog/3
    23 root      rt   0       0      0      0 S   0.0  0.0   0:00.84 migration/3
    24 root      20   0       0      0      0 S   0.0  0.0   0:00.01 ksoftirqd/3
    27 root      rt   0       0      0      0 S   0.0  0.0   0:01.37 watchdog/4
    28 root      rt   0       0      0      0 S   0.0  0.0   0:00.81 migration/4
    29 root      20   0       0      0      0 S   0.0  0.0   0:00.01 ksoftirqd/4
    32 root      rt   0       0      0      0 S   0.0  0.0   0:01.41 watchdog/5
env DEVITO_PLATFORM=skx DEVITO_ISA=avx512 DEVITO_DEBUG_COMPILER=1 DEVITO_DLE_OPTIONS=blockinner:True DEVITO_AUTOTUNING=aggressive DEVITO_BACKEND=core DEVITO_OPENMP=1 DEVITO_ARCH=intel DEVITO_LOGGING=DEBUG DEVITO_YASK_AUTOTUNING=preemptive DEVITO_YASK_DUMP=devito.bench.2017-12-21/tti/core/bmO3/ortce-skl1/grid512/so8 numactl --cpubind=1 python examples/seismic/benchmark.py bench -bm O3 -P tti -so 8 -to 2 -d 512 512 512 --tn 1000 -x 3 -r devito.bench.2017-12-21/tti/core/bmO3/ortce-skl1/grid512/so8
Allocating memory for m ((532, 532, 532))
Allocating memory for damp ((532, 532, 532))
Allocating memory for epsilon ((532, 532, 532))
Allocating memory for delta ((532, 532, 532))
Allocating memory for theta ((532, 532, 532))
Allocating memory for phi ((532, 532, 532))
Allocating memory for src ((417, 1))
Allocating memory for src_coords ((1, 3))
Allocating memory for nrec_coords ((101, 3))
Allocating memory for rec_coords ((101, 3))
DSE: extract_time_varying [flops: 1417, elapsed: 0.11] >>
     extract_time_invariants [flops: 1145, elapsed: 0.06] >>
     eliminate_inter_stencil_redundancies [flops: 635, elapsed: 0.18] >>
     extract_sum_of_products [flops: 461, elapsed: 0.03] >>
     eliminate_inter_stencil_redundancies [flops: 307, elapsed: 0.05] >>
     extract_sum_of_products [flops: 264, elapsed: 0.01] >>
     factorize [flops: 202, elapsed: 0.11] >>
     eliminate_intra_stencil_redundancies [flops: 167, elapsed: 0.04] >>
     finalize [flops: 168, elapsed: 0.00]
     [Total elapsed: 0.60 s]
DLE: avoid_denormals [elapsed: 0.00] >>
     loop_fission [elapsed: 0.01] >>
     loop_blocking [elapsed: 0.32] >>
     simdize [elapsed: 0.21] >>
     ompize [elapsed: 0.04] >>
     create_elemental_functions [elapsed: 0.28] >>
     minimize_remainders [elapsed: 0.02]
     [Total elapsed: 0.88 s]
Allocating memory for rec ((417, 101))
Allocating memory for u ((3, 532, 532, 532))
Allocating memory for v ((3, 532, 532, 532))
IntelCompiler: compiled /tmp/devito-bjp31fwy/57a0a91cc3ec8f6c912f3eef8e6832d729b9c276.c [2.64 s]
AutoTuner: Block shape <8,8,8> took 0.493075 (s) in 3 time steps
AutoTuner: Block shape <16,16,16> took 0.460066 (s) in 3 time steps
AutoTuner: Block shape <24,24,24> took 0.435326 (s) in 3 time steps
AutoTuner: Block shape <32,32,32> took 0.504473 (s) in 3 time steps
AutoTuner: Block shape <40,40,40> took 0.474978 (s) in 3 time steps
AutoTuner: Block shape <8,8,16> took 0.489638 (s) in 3 time steps
AutoTuner: Block shape <8,8,24> took 0.432674 (s) in 3 time steps
AutoTuner: Block shape <8,8,32> took 0.451812 (s) in 3 time steps
AutoTuner: Block shape <8,8,40> took 0.422741 (s) in 3 time steps
AutoTuner: Block shape <8,8,64> took 0.432864 (s) in 3 time steps
AutoTuner: Block shape <8,8,128> took 0.434112 (s) in 3 time steps
AutoTuner: Block shape <8,8,256> took 0.456339 (s) in 3 time steps
AutoTuner: Block shape <8,8,512> took 0.506400 (s) in 3 time steps
AutoTuner: Block shape <8,8,524> took 0.503780 (s) in 3 time steps
AutoTuner: Block shape <16,16,8> took 0.451842 (s) in 3 time steps
AutoTuner: Block shape <16,16,24> took 0.404068 (s) in 3 time steps
AutoTuner: Block shape <16,16,32> took 0.431161 (s) in 3 time steps
AutoTuner: Block shape <16,16,40> took 0.400047 (s) in 3 time steps
AutoTuner: Block shape <16,16,64> took 0.423375 (s) in 3 time steps
AutoTuner: Block shape <16,16,128> took 0.447682 (s) in 3 time steps
AutoTuner: Block shape <16,16,256> took 0.463915 (s) in 3 time steps
AutoTuner: Block shape <16,16,512> took 0.494675 (s) in 3 time steps
AutoTuner: Block shape <16,16,524> took 0.491360 (s) in 3 time steps
AutoTuner: Block shape <24,24,8> took 0.507674 (s) in 3 time steps
AutoTuner: Block shape <24,24,16> took 0.510848 (s) in 3 time steps
AutoTuner: Block shape <24,24,32> took 0.472422 (s) in 3 time steps
AutoTuner: Block shape <24,24,40> took 0.434430 (s) in 3 time steps
AutoTuner: Block shape <24,24,64> took 0.460229 (s) in 3 time steps
AutoTuner: Block shape <24,24,128> took 0.459181 (s) in 3 time steps
AutoTuner: Block shape <24,24,256> took 0.467835 (s) in 3 time steps
AutoTuner: Block shape <32,32,8> took 0.580931 (s) in 3 time steps
AutoTuner: Block shape <32,32,16> took 0.555082 (s) in 3 time steps
AutoTuner: Block shape <32,32,24> took 0.474160 (s) in 3 time steps
AutoTuner: Block shape <32,32,40> took 0.460579 (s) in 3 time steps
AutoTuner: Block shape <32,32,64> took 0.478863 (s) in 3 time steps
AutoTuner: Block shape <32,32,128> took 0.450478 (s) in 3 time steps
AutoTuner: Block shape <16,8,8> took 0.478036 (s) in 3 time steps
AutoTuner: Block shape <8,16,8> took 0.464247 (s) in 3 time steps
AutoTuner: Block shape <16,8,16> took 0.468247 (s) in 3 time steps
AutoTuner: Block shape <8,16,16> took 0.461788 (s) in 3 time steps
AutoTuner: Block shape <32,16,16> took 0.509678 (s) in 3 time steps
AutoTuner: Block shape <16,32,16> took 0.506570 (s) in 3 time steps
AutoTuner: Block shape <32,16,32> took 0.468036 (s) in 3 time steps
AutoTuner: Block shape <16,32,32> took 0.470067 (s) in 3 time steps
AutoTuner: Block shape <48,24,24> took 0.481197 (s) in 3 time steps
AutoTuner: Block shape <24,48,24> took 0.495252 (s) in 3 time steps
AutoTuner: Block shape <24,24,48> took 0.461793 (s) in 3 time steps
AutoTuner: Block shape <48,48,24> took 0.517595 (s) in 3 time steps
AutoTuner: Block shape <48,24,48> took 0.486631 (s) in 3 time steps
AutoTuner: Block shape <24,48,48> took 0.509767 (s) in 3 time steps
AutoTuner: Block shape <48,48,48> took 0.508060 (s) in 3 time steps
AutoTuner: Block shape <64,32,32> took 0.518972 (s) in 3 time steps
AutoTuner: Block shape <32,64,32> took 0.541601 (s) in 3 time steps
AutoTuner: Block shape <64,64,32> took 0.532360 (s) in 3 time steps
AutoTuner: Block shape <64,32,64> took 0.476662 (s) in 3 time steps
AutoTuner: Block shape <32,64,64> took 0.484899 (s) in 3 time steps
AutoTuner: Block shape <80,40,40> took 0.477953 (s) in 3 time steps
AutoTuner: Block shape <40,80,40> took 0.485621 (s) in 3 time steps
AutoTuner: Block shape <40,40,80> took 0.462524 (s) in 3 time steps
Auto-tuned block shape: {'x0_block_size': 16, 'y0_block_size': 16, 'z0_block_size': 40}
=========================================================================================
Section section_0<528,528,528> with OI=0.16 computed in 0.100 s [5.90 GFlops/s]
Section section_3<415,1> with OI=0.64 computed in 0.000 s [0.16 GFlops/s]
Section section_4<415,101> with OI=1.27 computed in 0.004 s [1.08 GFlops/s]
Section main<415,528,528,528> with OI=2.55 computed in 117.295 s [87.49 GFlops/s, 0.52 GPts/s]
=========================================================================================
Allocating memory for m ((532, 532, 532))
Allocating memory for damp ((532, 532, 532))
Allocating memory for epsilon ((532, 532, 532))
Allocating memory for delta ((532, 532, 532))
Allocating memory for theta ((532, 532, 532))
Allocating memory for phi ((532, 532, 532))
Allocating memory for src ((417, 1))
Allocating memory for src_coords ((1, 3))
Allocating memory for nrec_coords ((101, 3))
Allocating memory for rec_coords ((101, 3))
DSE: extract_time_varying [flops: 1417, elapsed: 0.11] >>
     extract_time_invariants [flops: 1145, elapsed: 0.06] >>
     eliminate_inter_stencil_redundancies [flops: 635, elapsed: 0.18] >>
     extract_sum_of_products [flops: 461, elapsed: 0.03] >>
     eliminate_inter_stencil_redundancies [flops: 307, elapsed: 0.05] >>
     extract_sum_of_products [flops: 264, elapsed: 0.01] >>
     factorize [flops: 202, elapsed: 0.11] >>
     eliminate_intra_stencil_redundancies [flops: 167, elapsed: 0.04] >>
     finalize [flops: 168, elapsed: 0.00]
     [Total elapsed: 0.61 s]
DLE: avoid_denormals [elapsed: 0.00] >>
     loop_fission [elapsed: 0.01] >>
     loop_blocking [elapsed: 0.33] >>
     simdize [elapsed: 0.04] >>
     ompize [elapsed: 0.04] >>
     create_elemental_functions [elapsed: 0.28] >>
     minimize_remainders [elapsed: 0.02]
     [Total elapsed: 0.72 s]
Allocating memory for rec ((417, 101))
Allocating memory for u ((3, 532, 532, 532))
Allocating memory for v ((3, 532, 532, 532))
IntelCompiler: compiled /tmp/devito-bjp31fwy/8fb524f2226c63207552cd85790b4b1ec41ce497.c [2.67 s]
AutoTuner: Block shape <8,8,8> took 0.464455 (s) in 3 time steps
AutoTuner: Block shape <16,16,16> took 0.460675 (s) in 3 time steps
AutoTuner: Block shape <24,24,24> took 0.437144 (s) in 3 time steps
AutoTuner: Block shape <32,32,32> took 0.501980 (s) in 3 time steps
AutoTuner: Block shape <40,40,40> took 0.469530 (s) in 3 time steps
AutoTuner: Block shape <8,8,16> took 0.472104 (s) in 3 time steps
AutoTuner: Block shape <8,8,24> took 0.416356 (s) in 3 time steps
AutoTuner: Block shape <8,8,32> took 0.442146 (s) in 3 time steps
AutoTuner: Block shape <8,8,40> took 0.412111 (s) in 3 time steps
AutoTuner: Block shape <8,8,64> took 0.429762 (s) in 3 time steps
AutoTuner: Block shape <8,8,128> took 0.435190 (s) in 3 time steps
AutoTuner: Block shape <8,8,256> took 0.456973 (s) in 3 time steps
AutoTuner: Block shape <8,8,512> took 0.504775 (s) in 3 time steps
AutoTuner: Block shape <8,8,524> took 0.502682 (s) in 3 time steps
AutoTuner: Block shape <16,16,8> took 0.440828 (s) in 3 time steps
AutoTuner: Block shape <16,16,24> took 0.402635 (s) in 3 time steps
AutoTuner: Block shape <16,16,32> took 0.433248 (s) in 3 time steps
AutoTuner: Block shape <16,16,40> took 0.400686 (s) in 3 time steps
AutoTuner: Block shape <16,16,64> took 0.425774 (s) in 3 time steps
AutoTuner: Block shape <16,16,128> took 0.448225 (s) in 3 time steps
AutoTuner: Block shape <16,16,256> took 0.465095 (s) in 3 time steps
AutoTuner: Block shape <16,16,512> took 0.493918 (s) in 3 time steps
AutoTuner: Block shape <16,16,524> took 0.490618 (s) in 3 time steps
AutoTuner: Block shape <24,24,8> took 0.510563 (s) in 3 time steps
AutoTuner: Block shape <24,24,16> took 0.513108 (s) in 3 time steps
AutoTuner: Block shape <24,24,32> took 0.471017 (s) in 3 time steps
AutoTuner: Block shape <24,24,40> took 0.433320 (s) in 3 time steps
AutoTuner: Block shape <24,24,64> took 0.456712 (s) in 3 time steps
AutoTuner: Block shape <24,24,128> took 0.458082 (s) in 3 time steps
AutoTuner: Block shape <24,24,256> took 0.468569 (s) in 3 time steps
AutoTuner: Block shape <32,32,8> took 0.580627 (s) in 3 time steps
AutoTuner: Block shape <32,32,16> took 0.555287 (s) in 3 time steps
AutoTuner: Block shape <32,32,24> took 0.472610 (s) in 3 time steps
AutoTuner: Block shape <32,32,40> took 0.458085 (s) in 3 time steps
AutoTuner: Block shape <32,32,64> took 0.473796 (s) in 3 time steps
AutoTuner: Block shape <32,32,128> took 0.450138 (s) in 3 time steps
AutoTuner: Block shape <16,8,8> took 0.451551 (s) in 3 time steps
AutoTuner: Block shape <8,16,8> took 0.439403 (s) in 3 time steps
AutoTuner: Block shape <16,8,16> took 0.462892 (s) in 3 time steps
AutoTuner: Block shape <8,16,16> took 0.454362 (s) in 3 time steps
AutoTuner: Block shape <32,16,16> took 0.511592 (s) in 3 time steps
AutoTuner: Block shape <16,32,16> took 0.510330 (s) in 3 time steps
AutoTuner: Block shape <32,16,32> took 0.468983 (s) in 3 time steps
AutoTuner: Block shape <16,32,32> took 0.470326 (s) in 3 time steps
AutoTuner: Block shape <48,24,24> took 0.480168 (s) in 3 time steps
AutoTuner: Block shape <24,48,24> took 0.491544 (s) in 3 time steps
AutoTuner: Block shape <24,24,48> took 0.460693 (s) in 3 time steps
AutoTuner: Block shape <48,48,24> took 0.512670 (s) in 3 time steps
AutoTuner: Block shape <48,24,48> took 0.482395 (s) in 3 time steps
AutoTuner: Block shape <24,48,48> took 0.503884 (s) in 3 time steps
AutoTuner: Block shape <48,48,48> took 0.501093 (s) in 3 time steps
AutoTuner: Block shape <64,32,32> took 0.513662 (s) in 3 time steps
AutoTuner: Block shape <32,64,32> took 0.536061 (s) in 3 time steps
AutoTuner: Block shape <64,64,32> took 0.528517 (s) in 3 time steps
AutoTuner: Block shape <64,32,64> took 0.469153 (s) in 3 time steps
AutoTuner: Block shape <32,64,64> took 0.481099 (s) in 3 time steps
AutoTuner: Block shape <80,40,40> took 0.471300 (s) in 3 time steps
AutoTuner: Block shape <40,80,40> took 0.482182 (s) in 3 time steps
AutoTuner: Block shape <40,40,80> took 0.457432 (s) in 3 time steps
Auto-tuned block shape: {'x0_block_size': 16, 'y0_block_size': 16, 'z0_block_size': 40}
=========================================================================================
Section section_0<528,528,528> with OI=0.16 computed in 0.100 s [5.89 GFlops/s]
Section section_3<415,1> with OI=0.64 computed in 0.000 s [0.17 GFlops/s]
Section section_4<415,101> with OI=1.27 computed in 0.003 s [1.15 GFlops/s]
Section main<415,528,528,528> with OI=2.55 computed in 117.546 s [87.31 GFlops/s, 0.52 GPts/s]
=========================================================================================
Allocating memory for m ((532, 532, 532))
Allocating memory for damp ((532, 532, 532))
Allocating memory for epsilon ((532, 532, 532))
Allocating memory for delta ((532, 532, 532))
Allocating memory for theta ((532, 532, 532))
Allocating memory for phi ((532, 532, 532))
Allocating memory for src ((417, 1))
Allocating memory for src_coords ((1, 3))
Allocating memory for nrec_coords ((101, 3))
Allocating memory for rec_coords ((101, 3))
DSE: extract_time_varying [flops: 1417, elapsed: 0.11] >>
     extract_time_invariants [flops: 1145, elapsed: 0.06] >>
     eliminate_inter_stencil_redundancies [flops: 635, elapsed: 0.18] >>
     extract_sum_of_products [flops: 461, elapsed: 0.03] >>
     eliminate_inter_stencil_redundancies [flops: 307, elapsed: 0.05] >>
     extract_sum_of_products [flops: 264, elapsed: 0.01] >>
     factorize [flops: 202, elapsed: 0.11] >>
     eliminate_intra_stencil_redundancies [flops: 167, elapsed: 0.04] >>
     finalize [flops: 168, elapsed: 0.00]
     [Total elapsed: 0.60 s]
DLE: avoid_denormals [elapsed: 0.00] >>
     loop_fission [elapsed: 0.01] >>
     loop_blocking [elapsed: 0.30] >>
     simdize [elapsed: 0.04] >>
     ompize [elapsed: 0.07] >>
     create_elemental_functions [elapsed: 0.28] >>
     minimize_remainders [elapsed: 0.02]
     [Total elapsed: 0.72 s]
Allocating memory for rec ((417, 101))
Allocating memory for u ((3, 532, 532, 532))
Allocating memory for v ((3, 532, 532, 532))
IntelCompiler: compiled /tmp/devito-bjp31fwy/e2fe624ed994aa4ec2b7baa64ad3679d750a72aa.c [2.68 s]
AutoTuner: Block shape <8,8,8> took 0.462768 (s) in 3 time steps
AutoTuner: Block shape <16,16,16> took 0.460115 (s) in 3 time steps
AutoTuner: Block shape <24,24,24> took 0.437456 (s) in 3 time steps
AutoTuner: Block shape <32,32,32> took 0.502561 (s) in 3 time steps
AutoTuner: Block shape <40,40,40> took 0.469551 (s) in 3 time steps
AutoTuner: Block shape <8,8,16> took 0.466135 (s) in 3 time steps
AutoTuner: Block shape <8,8,24> took 0.416889 (s) in 3 time steps
AutoTuner: Block shape <8,8,32> took 0.442514 (s) in 3 time steps
AutoTuner: Block shape <8,8,40> took 0.410153 (s) in 3 time steps
AutoTuner: Block shape <8,8,64> took 0.429914 (s) in 3 time steps
AutoTuner: Block shape <8,8,128> took 0.438049 (s) in 3 time steps
AutoTuner: Block shape <8,8,256> took 0.456787 (s) in 3 time steps
AutoTuner: Block shape <8,8,512> took 0.506399 (s) in 3 time steps
AutoTuner: Block shape <8,8,524> took 0.503755 (s) in 3 time steps
AutoTuner: Block shape <16,16,8> took 0.441455 (s) in 3 time steps
AutoTuner: Block shape <16,16,24> took 0.401534 (s) in 3 time steps
AutoTuner: Block shape <16,16,32> took 0.432768 (s) in 3 time steps
AutoTuner: Block shape <16,16,40> took 0.399339 (s) in 3 time steps
AutoTuner: Block shape <16,16,64> took 0.426439 (s) in 3 time steps
AutoTuner: Block shape <16,16,128> took 0.448314 (s) in 3 time steps
AutoTuner: Block shape <16,16,256> took 0.465665 (s) in 3 time steps
AutoTuner: Block shape <16,16,512> took 0.492403 (s) in 3 time steps
AutoTuner: Block shape <16,16,524> took 0.491465 (s) in 3 time steps
AutoTuner: Block shape <24,24,8> took 0.509059 (s) in 3 time steps
AutoTuner: Block shape <24,24,16> took 0.513750 (s) in 3 time steps
AutoTuner: Block shape <24,24,32> took 0.472496 (s) in 3 time steps
AutoTuner: Block shape <24,24,40> took 0.434078 (s) in 3 time steps
AutoTuner: Block shape <24,24,64> took 0.456549 (s) in 3 time steps
AutoTuner: Block shape <24,24,128> took 0.457816 (s) in 3 time steps
AutoTuner: Block shape <24,24,256> took 0.469173 (s) in 3 time steps
AutoTuner: Block shape <32,32,8> took 0.580922 (s) in 3 time steps
AutoTuner: Block shape <32,32,16> took 0.555769 (s) in 3 time steps
AutoTuner: Block shape <32,32,24> took 0.472622 (s) in 3 time steps
AutoTuner: Block shape <32,32,40> took 0.458334 (s) in 3 time steps
AutoTuner: Block shape <32,32,64> took 0.474120 (s) in 3 time steps
AutoTuner: Block shape <32,32,128> took 0.450632 (s) in 3 time steps
AutoTuner: Block shape <16,8,8> took 0.452459 (s) in 3 time steps
AutoTuner: Block shape <8,16,8> took 0.439608 (s) in 3 time steps
AutoTuner: Block shape <16,8,16> took 0.463836 (s) in 3 time steps
AutoTuner: Block shape <8,16,16> took 0.455534 (s) in 3 time steps
AutoTuner: Block shape <32,16,16> took 0.512344 (s) in 3 time steps
AutoTuner: Block shape <16,32,16> took 0.508802 (s) in 3 time steps
AutoTuner: Block shape <32,16,32> took 0.468109 (s) in 3 time steps
AutoTuner: Block shape <16,32,32> took 0.470448 (s) in 3 time steps
AutoTuner: Block shape <48,24,24> took 0.480231 (s) in 3 time steps
AutoTuner: Block shape <24,48,24> took 0.490446 (s) in 3 time steps
AutoTuner: Block shape <24,24,48> took 0.459238 (s) in 3 time steps
AutoTuner: Block shape <48,48,24> took 0.512389 (s) in 3 time steps
AutoTuner: Block shape <48,24,48> took 0.481580 (s) in 3 time steps
AutoTuner: Block shape <24,48,48> took 0.504298 (s) in 3 time steps
AutoTuner: Block shape <48,48,48> took 0.501809 (s) in 3 time steps
AutoTuner: Block shape <64,32,32> took 0.513866 (s) in 3 time steps
AutoTuner: Block shape <32,64,32> took 0.538193 (s) in 3 time steps
AutoTuner: Block shape <64,64,32> took 0.528543 (s) in 3 time steps
AutoTuner: Block shape <64,32,64> took 0.469445 (s) in 3 time steps
AutoTuner: Block shape <32,64,64> took 0.481355 (s) in 3 time steps
AutoTuner: Block shape <80,40,40> took 0.471621 (s) in 3 time steps
AutoTuner: Block shape <40,80,40> took 0.480792 (s) in 3 time steps
AutoTuner: Block shape <40,40,80> took 0.458917 (s) in 3 time steps
Auto-tuned block shape: {'x0_block_size': 16, 'y0_block_size': 16, 'z0_block_size': 40}
=========================================================================================
Section section_0<528,528,528> with OI=0.16 computed in 0.100 s [5.91 GFlops/s]
Section section_3<415,1> with OI=0.64 computed in 0.000 s [0.19 GFlops/s]
Section section_4<415,101> with OI=1.27 computed in 0.004 s [1.10 GFlops/s]
Section main<415,528,528,528> with OI=2.55 computed in 117.460 s [87.37 GFlops/s, 0.52 GPts/s]
=========================================================================================


OpesciBench: Running 3 repeats - parameters: arch: unknown, autotune: True, dle: advanced, dse: aggressive, nbpml: 10, shape: (512, 512, 512), space_order: 8, spacing: (20.0, 20.0, 20.0), time_order: 2, tn: 1000
OpesciBench [10:12:57]: --- Run 0 ---
icc -O3 -g -fPIC -Wall -std=c99 -xhost -shared -qopenmp /tmp/devito-bjp31fwy/57a0a91cc3ec8f6c912f3eef8e6832d729b9c276.c -o /tmp/devito-bjp31fwy/57a0a91cc3ec8f6c912f3eef8e6832d729b9c276.so
OpesciBench [10:15:47]: --- Run 0 finished ---

OpesciBench [10:15:47]: --- Run 1 ---
icc -O3 -g -fPIC -Wall -std=c99 -xhost -shared -qopenmp /tmp/devito-bjp31fwy/8fb524f2226c63207552cd85790b4b1ec41ce497.c -o /tmp/devito-bjp31fwy/8fb524f2226c63207552cd85790b4b1ec41ce497.so
OpesciBench [10:18:37]: --- Run 1 finished ---

OpesciBench [10:18:37]: --- Run 2 ---
icc -O3 -g -fPIC -Wall -std=c99 -xhost -shared -qopenmp /tmp/devito-bjp31fwy/e2fe624ed994aa4ec2b7baa64ad3679d750a72aa.c -o /tmp/devito-bjp31fwy/e2fe624ed994aa4ec2b7baa64ad3679d750a72aa.so
OpesciBench [10:21:26]: --- Run 2 finished ---



Thu Dec 21 10:21:27 PST 2017
top - 10:21:27 up 5 days, 19:44,  1 user,  load average: 38.58, 33.37, 20.89
Tasks: 716 total,   1 running, 715 sleeping,   0 stopped,   0 zombie
%Cpu(s):  8.9 us,  0.2 sy,  0.0 ni, 90.9 id,  0.0 wa,  0.0 hi,  0.0 si,  0.0 st
KiB Mem : 19652252+total, 18510198+free,  1874636 used,  9545908 buff/cache
KiB Swap:  4194300 total,  4124484 free,    69816 used. 19360102+avail Mem 

   PID USER      PR  NI    VIRT    RES    SHR S  %CPU %MEM     TIME+ COMMAND
441184 cyount    20   0  162516   2972   1888 R   6.2  0.0   0:00.03 top
     1 root      20   0  197536   2864   1516 S   0.0  0.0   0:29.94 systemd
     2 root      20   0       0      0      0 S   0.0  0.0   0:00.06 kthreadd
     3 root      20   0       0      0      0 S   0.0  0.0   0:00.29 ksoftirqd/0
     5 root       0 -20       0      0      0 S   0.0  0.0   0:00.00 kworker/0:0H
     6 root      20   0       0      0      0 S   0.0  0.0   0:14.39 kworker/u896:0
     8 root      rt   0       0      0      0 S   0.0  0.0   0:00.78 migration/0
     9 root      20   0       0      0      0 S   0.0  0.0   0:00.00 rcu_bh
    10 root      20   0       0      0      0 S   0.0  0.0   0:49.00 rcu_sched
    11 root      rt   0       0      0      0 S   0.0  0.0   0:02.06 watchdog/0
    12 root      rt   0       0      0      0 S   0.0  0.0   0:01.42 watchdog/1
    13 root      rt   0       0      0      0 S   0.0  0.0   0:00.83 migration/1
    14 root      20   0       0      0      0 S   0.0  0.0   0:00.02 ksoftirqd/1
    16 root       0 -20       0      0      0 S   0.0  0.0   0:00.00 kworker/1:0H
    17 root      rt   0       0      0      0 S   0.0  0.0   0:01.38 watchdog/2
    18 root      rt   0       0      0      0 S   0.0  0.0   0:00.78 migration/2
    19 root      20   0       0      0      0 S   0.0  0.0   0:00.02 ksoftirqd/2
    22 root      rt   0       0      0      0 S   0.0  0.0   0:01.45 watchdog/3
    23 root      rt   0       0      0      0 S   0.0  0.0   0:00.84 migration/3
    24 root      20   0       0      0      0 S   0.0  0.0   0:00.01 ksoftirqd/3
    27 root      rt   0       0      0      0 S   0.0  0.0   0:01.38 watchdog/4
    28 root      rt   0       0      0      0 S   0.0  0.0   0:00.81 migration/4
    29 root      20   0       0      0      0 S   0.0  0.0   0:00.01 ksoftirqd/4
