Thu Dec 21 12:21:17 PST 2017
Linux ortce-skl3 3.10.0-327.el7.x86_64 #1 SMP Thu Oct 29 17:29:29 EDT 2015 x86_64 x86_64 x86_64 GNU/Linux
Architecture:          x86_64
CPU op-mode(s):        32-bit, 64-bit
Byte Order:            Little Endian
CPU(s):                112
On-line CPU(s) list:   0-111
Thread(s) per core:    2
Core(s) per socket:    28
Socket(s):             2
NUMA node(s):          2
Vendor ID:             GenuineIntel
CPU family:            6
Model:                 85
Model name:            Intel(R) Xeon(R) Platinum 8180 CPU @ 2.50GHz
Stepping:              4
CPU MHz:               2501.000
BogoMIPS:              4993.64
Virtualization:        VT-x
L1d cache:             32K
L1i cache:             32K
L2 cache:              1024K
L3 cache:              39424K
NUMA node0 CPU(s):     0-27,56-83
NUMA node1 CPU(s):     28-55,84-111
Linux ortce-skl3 3.10.0-327.el7.x86_64 #1 SMP Thu Oct 29 17:29:29 EDT 2015 x86_64 x86_64 x86_64 GNU/Linux
available: 2 nodes (0-1)
node 0 cpus: 0 1 2 3 4 5 6 7 8 9 10 11 12 13 14 15 16 17 18 19 20 21 22 23 24 25 26 27 56 57 58 59 60 61 62 63 64 65 66 67 68 69 70 71 72 73 74 75 76 77 78 79 80 81 82 83
node 0 size: 96973 MB
node 0 free: 90396 MB
node 1 cpus: 28 29 30 31 32 33 34 35 36 37 38 39 40 41 42 43 44 45 46 47 48 49 50 51 52 53 54 55 84 85 86 87 88 89 90 91 92 93 94 95 96 97 98 99 100 101 102 103 104 105 106 107 108 109 110 111
node 1 size: 98304 MB
node 1 free: 92925 MB
node distances:
node   0   1 
  0:  10  21 
  1:  21  10 

Per-node system memory usage (in MBs):
                          Node 0          Node 1           Total
                 --------------- --------------- ---------------
MemTotal                96973.63        98304.00       195277.63
MemFree                 90396.42        92926.00       183322.42
MemUsed                  6577.21         5378.00        11955.21
Active                    369.06          573.84          942.90
Inactive                 2571.59         2163.57         4735.16
Active(anon)              193.77           30.55          224.32
Inactive(anon)           1560.73          674.66         2235.40
Active(file)              175.29          543.29          718.59
Inactive(file)           1010.86         1488.91         2499.77
Unevictable                 0.00            0.00            0.00
Mlocked                     0.00            0.00            0.00
Dirty                       0.00            0.00            0.00
Writeback                   0.00            0.00            0.00
FilePages                2719.77         2702.35         5422.12
Mapped                     40.17           10.32           50.48
AnonPages                 269.57           96.26          365.84
Shmem                      14.22            2.65           16.88
KernelStack                33.19           10.38           43.56
PageTables                 28.15           22.92           51.07
NFS_Unstable                0.00            0.00            0.00
Bounce                      0.00            0.00            0.00
WritebackTmp                0.00            0.00            0.00
Slab                      398.08          334.58          732.66
SReclaimable              203.42          141.29          344.71
SUnreclaim                194.66          193.29          387.95
AnonHugePages              88.00           72.00          160.00
HugePages_Total             0.00            0.00            0.00
HugePages_Free              0.00            0.00            0.00
HugePages_Surp              0.00            0.00            0.00
top - 12:21:17 up 22 days,  3:10,  3 users,  load average: 56.05, 54.35, 51.92
Tasks: 1952 total,   1 running, 1951 sleeping,   0 stopped,   0 zombie
%Cpu(s):  5.3 us,  0.1 sy,  0.0 ni, 94.6 id,  0.0 wa,  0.0 hi,  0.0 si,  0.0 st
KiB Mem : 19652648+total, 18771969+free,  4743676 used,  4063116 buff/cache
KiB Swap: 50331644 total, 47136392 free,  3195252 used. 19103040+avail Mem 

   PID USER      PR  NI    VIRT    RES    SHR S  %CPU %MEM     TIME+ COMMAND
356612 tbcosta   20   0  152480   3124    652 S  11.8  0.0  76:15.84 top
   477 root      20   0       0      0      0 S   5.9  0.0   0:32.98 rcuos/18
   486 root      20   0       0      0      0 S   5.9  0.0   0:33.82 rcuos/27
   544 root      20   0       0      0      0 S   5.9  0.0   1:04.24 rcuos/85
 61866 cyount    20   0  152236   3932   1476 R   5.9  0.0   0:00.02 top
355814 tbcosta   20   0   23996    884    412 S   5.9  0.0   3:17.33 tmux
     1 root      20   0  197856   6604   1468 S   0.0  0.0   1:10.38 systemd
     2 root      20   0       0      0      0 S   0.0  0.0   0:00.29 kthreadd
     3 root      20   0       0      0      0 S   0.0  0.0   0:00.10 ksoftirqd/0
     5 root       0 -20       0      0      0 S   0.0  0.0   0:00.00 kworker/0:0H
     8 root      rt   0       0      0      0 S   0.0  0.0   0:01.43 migration/0
     9 root      20   0       0      0      0 S   0.0  0.0   0:00.00 rcu_bh
    10 root      20   0       0      0      0 S   0.0  0.0   0:00.00 rcuob/0
    11 root      20   0       0      0      0 S   0.0  0.0   0:00.00 rcuob/1
    12 root      20   0       0      0      0 S   0.0  0.0   0:00.00 rcuob/2
    13 root      20   0       0      0      0 S   0.0  0.0   0:00.00 rcuob/3
    14 root      20   0       0      0      0 S   0.0  0.0   0:00.00 rcuob/4
    15 root      20   0       0      0      0 S   0.0  0.0   0:00.00 rcuob/5
    16 root      20   0       0      0      0 S   0.0  0.0   0:00.00 rcuob/6
    17 root      20   0       0      0      0 S   0.0  0.0   0:00.00 rcuob/7
    18 root      20   0       0      0      0 S   0.0  0.0   0:00.00 rcuob/8
    19 root      20   0       0      0      0 S   0.0  0.0   0:00.00 rcuob/9
    20 root      20   0       0      0      0 S   0.0  0.0   0:00.00 rcuob/10
env DEVITO_PLATFORM=skx DEVITO_ISA=avx512 DEVITO_DEBUG_COMPILER=1 DEVITO_DLE_OPTIONS=blockinner:True DEVITO_AUTOTUNING=aggressive DEVITO_BACKEND=core DEVITO_OPENMP=1 DEVITO_ARCH=intel DEVITO_LOGGING=DEBUG DEVITO_YASK_AUTOTUNING=preemptive DEVITO_YASK_DUMP=devito.bench.2017-12-21/tti/core/bmO3/ortce-skl3/grid1024/so4 numactl --cpubind=1 python examples/seismic/benchmark.py bench -bm O3 -P tti -so 4 -to 2 -d 1024 1024 1024 --tn 1000 -x 3 -r devito.bench.2017-12-21/tti/core/bmO3/ortce-skl3/grid1024/so4
Allocating memory for m ((1044, 1044, 1044))
Allocating memory for damp ((1044, 1044, 1044))
Allocating memory for epsilon ((1044, 1044, 1044))
Allocating memory for delta ((1044, 1044, 1044))
Allocating memory for theta ((1044, 1044, 1044))
Allocating memory for phi ((1044, 1044, 1044))
Allocating memory for src ((417, 1))
Allocating memory for src_coords ((1, 3))
Allocating memory for nrec_coords ((101, 3))
Allocating memory for rec_coords ((101, 3))
DSE: extract_time_varying [flops: 581, elapsed: 0.04] >>
     extract_time_invariants [flops: 445, elapsed: 0.03] >>
     eliminate_inter_stencil_redundancies [flops: 331, elapsed: 0.08] >>
     extract_sum_of_products [flops: 241, elapsed: 0.01] >>
     eliminate_inter_stencil_redundancies [flops: 171, elapsed: 0.03] >>
     extract_sum_of_products [flops: 150, elapsed: 0.01] >>
     factorize [flops: 119, elapsed: 0.03] >>
     eliminate_intra_stencil_redundancies [flops: 101, elapsed: 0.02] >>
     finalize [flops: 102, elapsed: 0.00]
     [Total elapsed: 0.25 s]
DLE: avoid_denormals [elapsed: 0.00] >>
     loop_fission [elapsed: 0.01] >>
     loop_blocking [elapsed: 0.22] >>
     simdize [elapsed: 0.30] >>
     ompize [elapsed: 0.04] >>
     create_elemental_functions [elapsed: 0.26] >>
     minimize_remainders [elapsed: 0.01]
     [Total elapsed: 0.84 s]
Allocating memory for rec ((417, 101))
Allocating memory for u ((3, 1044, 1044, 1044))
Allocating memory for v ((3, 1044, 1044, 1044))
IntelCompiler: compiled /tmp/devito-d9q_t5i3/698435ff6df7025264dfcfbdc0e710bebcf9f457.c [1.68 s]
AutoTuner: Block shape <8,8,8> took 2.274795 (s) in 3 time steps
AutoTuner: Block shape <16,16,16> took 2.292657 (s) in 3 time steps
AutoTuner: Block shape <24,24,24> took 2.564445 (s) in 3 time steps
AutoTuner: Block shape <32,32,32> took 2.928957 (s) in 3 time steps
AutoTuner: Block shape <40,40,40> took 2.776454 (s) in 3 time steps
AutoTuner: Block shape <8,8,16> took 2.159596 (s) in 3 time steps
AutoTuner: Block shape <8,8,24> took 2.085598 (s) in 3 time steps
AutoTuner: Block shape <8,8,32> took 2.092869 (s) in 3 time steps
AutoTuner: Block shape <8,8,40> took 2.065598 (s) in 3 time steps
AutoTuner: Block shape <8,8,64> took 2.120499 (s) in 3 time steps
AutoTuner: Block shape <8,8,128> took 2.174438 (s) in 3 time steps
AutoTuner: Block shape <8,8,256> took 2.321159 (s) in 3 time steps
AutoTuner: Block shape <8,8,512> took 2.568940 (s) in 3 time steps
AutoTuner: Block shape <8,8,1024> took 2.743518 (s) in 3 time steps
AutoTuner: Block shape <8,8,1040> took 2.738491 (s) in 3 time steps
AutoTuner: Block shape <16,16,8> took 2.169970 (s) in 3 time steps
AutoTuner: Block shape <16,16,24> took 2.186899 (s) in 3 time steps
AutoTuner: Block shape <16,16,32> took 2.308557 (s) in 3 time steps
AutoTuner: Block shape <16,16,40> took 2.224145 (s) in 3 time steps
AutoTuner: Block shape <16,16,64> took 2.361352 (s) in 3 time steps
AutoTuner: Block shape <16,16,128> took 2.499885 (s) in 3 time steps
AutoTuner: Block shape <16,16,256> took 2.564186 (s) in 3 time steps
AutoTuner: Block shape <16,16,512> took 2.597973 (s) in 3 time steps
AutoTuner: Block shape <24,24,8> took 2.718071 (s) in 3 time steps
AutoTuner: Block shape <24,24,16> took 2.826480 (s) in 3 time steps
AutoTuner: Block shape <24,24,32> took 2.721603 (s) in 3 time steps
AutoTuner: Block shape <24,24,40> took 2.561484 (s) in 3 time steps
AutoTuner: Block shape <24,24,64> took 2.623111 (s) in 3 time steps
AutoTuner: Block shape <24,24,128> took 2.590046 (s) in 3 time steps
AutoTuner: Block shape <24,24,256> took 2.552156 (s) in 3 time steps
AutoTuner: Block shape <32,32,8> took 3.443564 (s) in 3 time steps
AutoTuner: Block shape <32,32,16> took 3.266519 (s) in 3 time steps
AutoTuner: Block shape <32,32,24> took 2.837271 (s) in 3 time steps
AutoTuner: Block shape <32,32,40> took 2.710769 (s) in 3 time steps
AutoTuner: Block shape <32,32,64> took 2.721577 (s) in 3 time steps
AutoTuner: Block shape <32,32,128> took 2.614309 (s) in 3 time steps
AutoTuner: Block shape <16,8,8> took 2.128096 (s) in 3 time steps
AutoTuner: Block shape <8,16,8> took 2.140488 (s) in 3 time steps
AutoTuner: Block shape <16,8,16> took 2.122659 (s) in 3 time steps
AutoTuner: Block shape <8,16,16> took 2.149462 (s) in 3 time steps
AutoTuner: Block shape <32,16,16> took 2.756626 (s) in 3 time steps
AutoTuner: Block shape <16,32,16> took 2.765719 (s) in 3 time steps
AutoTuner: Block shape <32,16,32> took 2.684627 (s) in 3 time steps
AutoTuner: Block shape <16,32,32> took 2.680400 (s) in 3 time steps
AutoTuner: Block shape <48,24,24> took 2.881474 (s) in 3 time steps
AutoTuner: Block shape <24,48,24> took 2.901170 (s) in 3 time steps
AutoTuner: Block shape <24,24,48> took 2.658393 (s) in 3 time steps
AutoTuner: Block shape <48,48,24> took 3.034280 (s) in 3 time steps
AutoTuner: Block shape <48,24,48> took 2.787928 (s) in 3 time steps
AutoTuner: Block shape <24,48,48> took 2.846069 (s) in 3 time steps
AutoTuner: Block shape <48,48,48> took 2.870647 (s) in 3 time steps
AutoTuner: Block shape <64,32,32> took 3.035364 (s) in 3 time steps
AutoTuner: Block shape <32,64,32> took 3.093864 (s) in 3 time steps
AutoTuner: Block shape <64,64,32> took 3.072312 (s) in 3 time steps
AutoTuner: Block shape <64,32,64> took 2.736788 (s) in 3 time steps
AutoTuner: Block shape <32,64,64> took 2.792587 (s) in 3 time steps
AutoTuner: Block shape <80,40,40> took 2.802449 (s) in 3 time steps
AutoTuner: Block shape <40,80,40> took 2.866039 (s) in 3 time steps
AutoTuner: Block shape <40,40,80> took 2.689262 (s) in 3 time steps
Auto-tuned block shape: {'x0_block_size': 8, 'y0_block_size': 8, 'z0_block_size': 40}
=========================================================================================
Section section_0<1042,1042,1042> with OI=0.17 computed in 0.735 s [6.16 GFlops/s]
Section section_3<415,1> with OI=0.64 computed in 0.000 s [0.09 GFlops/s]
Section section_4<415,101> with OI=1.27 computed in 0.004 s [1.04 GFlops/s]
Section main<415,1042,1042,1042> with OI=1.58 computed in 463.578 s [103.31 GFlops/s, 1.01 GPts/s]
=========================================================================================
Allocating memory for m ((1044, 1044, 1044))
Allocating memory for damp ((1044, 1044, 1044))
Allocating memory for epsilon ((1044, 1044, 1044))
Allocating memory for delta ((1044, 1044, 1044))
Allocating memory for theta ((1044, 1044, 1044))
Allocating memory for phi ((1044, 1044, 1044))
Allocating memory for src ((417, 1))
Allocating memory for src_coords ((1, 3))
Allocating memory for nrec_coords ((101, 3))
Allocating memory for rec_coords ((101, 3))
DSE: extract_time_varying [flops: 581, elapsed: 0.04] >>
     extract_time_invariants [flops: 445, elapsed: 0.03] >>
     eliminate_inter_stencil_redundancies [flops: 331, elapsed: 0.08] >>
     extract_sum_of_products [flops: 241, elapsed: 0.01] >>
     eliminate_inter_stencil_redundancies [flops: 171, elapsed: 0.03] >>
     extract_sum_of_products [flops: 150, elapsed: 0.01] >>
     factorize [flops: 119, elapsed: 0.03] >>
     eliminate_intra_stencil_redundancies [flops: 101, elapsed: 0.02] >>
     finalize [flops: 102, elapsed: 0.00]
     [Total elapsed: 0.25 s]
DLE: avoid_denormals [elapsed: 0.00] >>
     loop_fission [elapsed: 0.01] >>
     loop_blocking [elapsed: 0.21] >>
     simdize [elapsed: 0.03] >>
     ompize [elapsed: 0.04] >>
     create_elemental_functions [elapsed: 0.26] >>
     minimize_remainders [elapsed: 0.01]
     [Total elapsed: 0.57 s]
Allocating memory for rec ((417, 101))
Allocating memory for u ((3, 1044, 1044, 1044))
Allocating memory for v ((3, 1044, 1044, 1044))
IntelCompiler: compiled /tmp/devito-d9q_t5i3/5986c0c5521a849237307c551306f93770867ce4.c [1.70 s]
AutoTuner: Block shape <8,8,8> took 2.210223 (s) in 3 time steps
AutoTuner: Block shape <16,16,16> took 2.303595 (s) in 3 time steps
AutoTuner: Block shape <24,24,24> took 2.572363 (s) in 3 time steps
AutoTuner: Block shape <32,32,32> took 2.927483 (s) in 3 time steps
AutoTuner: Block shape <40,40,40> took 2.782342 (s) in 3 time steps
AutoTuner: Block shape <8,8,16> took 2.156562 (s) in 3 time steps
AutoTuner: Block shape <8,8,24> took 2.087935 (s) in 3 time steps
AutoTuner: Block shape <8,8,32> took 2.097801 (s) in 3 time steps
AutoTuner: Block shape <8,8,40> took 2.065776 (s) in 3 time steps
AutoTuner: Block shape <8,8,64> took 2.121467 (s) in 3 time steps
AutoTuner: Block shape <8,8,128> took 2.175336 (s) in 3 time steps
AutoTuner: Block shape <8,8,256> took 2.319882 (s) in 3 time steps
AutoTuner: Block shape <8,8,512> took 2.562747 (s) in 3 time steps
AutoTuner: Block shape <8,8,1024> took 2.752875 (s) in 3 time steps
AutoTuner: Block shape <8,8,1040> took 2.748459 (s) in 3 time steps
AutoTuner: Block shape <16,16,8> took 2.169426 (s) in 3 time steps
AutoTuner: Block shape <16,16,24> took 2.190944 (s) in 3 time steps
AutoTuner: Block shape <16,16,32> took 2.312872 (s) in 3 time steps
AutoTuner: Block shape <16,16,40> took 2.228946 (s) in 3 time steps
AutoTuner: Block shape <16,16,64> took 2.368948 (s) in 3 time steps
AutoTuner: Block shape <16,16,128> took 2.511420 (s) in 3 time steps
AutoTuner: Block shape <16,16,256> took 2.568010 (s) in 3 time steps
AutoTuner: Block shape <16,16,512> took 2.609889 (s) in 3 time steps
AutoTuner: Block shape <24,24,8> took 2.732474 (s) in 3 time steps
AutoTuner: Block shape <24,24,16> took 2.830794 (s) in 3 time steps
AutoTuner: Block shape <24,24,32> took 2.724650 (s) in 3 time steps
AutoTuner: Block shape <24,24,40> took 2.562692 (s) in 3 time steps
AutoTuner: Block shape <24,24,64> took 2.622465 (s) in 3 time steps
AutoTuner: Block shape <24,24,128> took 2.593872 (s) in 3 time steps
AutoTuner: Block shape <24,24,256> took 2.550498 (s) in 3 time steps
AutoTuner: Block shape <32,32,8> took 3.448883 (s) in 3 time steps
AutoTuner: Block shape <32,32,16> took 3.265576 (s) in 3 time steps
AutoTuner: Block shape <32,32,24> took 2.845905 (s) in 3 time steps
AutoTuner: Block shape <32,32,40> took 2.714022 (s) in 3 time steps
AutoTuner: Block shape <32,32,64> took 2.723873 (s) in 3 time steps
AutoTuner: Block shape <32,32,128> took 2.613939 (s) in 3 time steps
AutoTuner: Block shape <16,8,8> took 2.131580 (s) in 3 time steps
AutoTuner: Block shape <8,16,8> took 2.146540 (s) in 3 time steps
AutoTuner: Block shape <16,8,16> took 2.114671 (s) in 3 time steps
AutoTuner: Block shape <8,16,16> took 2.151177 (s) in 3 time steps
AutoTuner: Block shape <32,16,16> took 2.760788 (s) in 3 time steps
AutoTuner: Block shape <16,32,16> took 2.771374 (s) in 3 time steps
AutoTuner: Block shape <32,16,32> took 2.692205 (s) in 3 time steps
AutoTuner: Block shape <16,32,32> took 2.689340 (s) in 3 time steps
AutoTuner: Block shape <48,24,24> took 2.883404 (s) in 3 time steps
AutoTuner: Block shape <24,48,24> took 2.902605 (s) in 3 time steps
AutoTuner: Block shape <24,24,48> took 2.651735 (s) in 3 time steps
AutoTuner: Block shape <48,48,24> took 3.045547 (s) in 3 time steps
AutoTuner: Block shape <48,24,48> took 2.796641 (s) in 3 time steps
AutoTuner: Block shape <24,48,48> took 2.850910 (s) in 3 time steps
AutoTuner: Block shape <48,48,48> took 2.885911 (s) in 3 time steps
AutoTuner: Block shape <64,32,32> took 3.040248 (s) in 3 time steps
AutoTuner: Block shape <32,64,32> took 3.097803 (s) in 3 time steps
AutoTuner: Block shape <64,64,32> took 3.080300 (s) in 3 time steps
AutoTuner: Block shape <64,32,64> took 2.748352 (s) in 3 time steps
AutoTuner: Block shape <32,64,64> took 2.796733 (s) in 3 time steps
AutoTuner: Block shape <80,40,40> took 2.807753 (s) in 3 time steps
AutoTuner: Block shape <40,80,40> took 2.865073 (s) in 3 time steps
AutoTuner: Block shape <40,40,80> took 2.690725 (s) in 3 time steps
Auto-tuned block shape: {'x0_block_size': 8, 'y0_block_size': 8, 'z0_block_size': 40}
=========================================================================================
Section section_0<1042,1042,1042> with OI=0.17 computed in 0.734 s [6.17 GFlops/s]
Section section_3<415,1> with OI=0.64 computed in 0.001 s [0.08 GFlops/s]
Section section_4<415,101> with OI=1.27 computed in 0.005 s [0.85 GFlops/s]
Section main<415,1042,1042,1042> with OI=1.58 computed in 460.859 s [103.92 GFlops/s, 1.02 GPts/s]
=========================================================================================
Allocating memory for m ((1044, 1044, 1044))
Allocating memory for damp ((1044, 1044, 1044))
Allocating memory for epsilon ((1044, 1044, 1044))
Allocating memory for delta ((1044, 1044, 1044))
Allocating memory for theta ((1044, 1044, 1044))
Allocating memory for phi ((1044, 1044, 1044))
Allocating memory for src ((417, 1))
Allocating memory for src_coords ((1, 3))
Allocating memory for nrec_coords ((101, 3))
Allocating memory for rec_coords ((101, 3))
DSE: extract_time_varying [flops: 581, elapsed: 0.04] >>
     extract_time_invariants [flops: 445, elapsed: 0.03] >>
     eliminate_inter_stencil_redundancies [flops: 331, elapsed: 0.08] >>
     extract_sum_of_products [flops: 241, elapsed: 0.01] >>
     eliminate_inter_stencil_redundancies [flops: 171, elapsed: 0.03] >>
     extract_sum_of_products [flops: 150, elapsed: 0.01] >>
     factorize [flops: 119, elapsed: 0.03] >>
     eliminate_intra_stencil_redundancies [flops: 101, elapsed: 0.02] >>
     finalize [flops: 102, elapsed: 0.00]
     [Total elapsed: 0.25 s]
DLE: avoid_denormals [elapsed: 0.00] >>
     loop_fission [elapsed: 0.01] >>
     loop_blocking [elapsed: 0.22] >>
     simdize [elapsed: 0.04] >>
     ompize [elapsed: 0.04] >>
     create_elemental_functions [elapsed: 0.26] >>
     minimize_remainders [elapsed: 0.01]
     [Total elapsed: 0.58 s]
Allocating memory for rec ((417, 101))
Allocating memory for u ((3, 1044, 1044, 1044))
Allocating memory for v ((3, 1044, 1044, 1044))
IntelCompiler: compiled /tmp/devito-d9q_t5i3/95c0750e42e71e2424e024ae091a792e52717e32.c [1.70 s]
AutoTuner: Block shape <8,8,8> took 2.217657 (s) in 3 time steps
AutoTuner: Block shape <16,16,16> took 2.309961 (s) in 3 time steps
AutoTuner: Block shape <24,24,24> took 2.572641 (s) in 3 time steps
AutoTuner: Block shape <32,32,32> took 2.930901 (s) in 3 time steps
AutoTuner: Block shape <40,40,40> took 2.782109 (s) in 3 time steps
AutoTuner: Block shape <8,8,16> took 2.158812 (s) in 3 time steps
AutoTuner: Block shape <8,8,24> took 2.086025 (s) in 3 time steps
AutoTuner: Block shape <8,8,32> took 2.087821 (s) in 3 time steps
AutoTuner: Block shape <8,8,40> took 2.063461 (s) in 3 time steps
AutoTuner: Block shape <8,8,64> took 2.121656 (s) in 3 time steps
AutoTuner: Block shape <8,8,128> took 2.178111 (s) in 3 time steps
AutoTuner: Block shape <8,8,256> took 2.320349 (s) in 3 time steps
AutoTuner: Block shape <8,8,512> took 2.563143 (s) in 3 time steps
AutoTuner: Block shape <8,8,1024> took 2.745107 (s) in 3 time steps
AutoTuner: Block shape <8,8,1040> took 2.749399 (s) in 3 time steps
AutoTuner: Block shape <16,16,8> took 2.168207 (s) in 3 time steps
AutoTuner: Block shape <16,16,24> took 2.182007 (s) in 3 time steps
AutoTuner: Block shape <16,16,32> took 2.306148 (s) in 3 time steps
AutoTuner: Block shape <16,16,40> took 2.228083 (s) in 3 time steps
AutoTuner: Block shape <16,16,64> took 2.367657 (s) in 3 time steps
AutoTuner: Block shape <16,16,128> took 2.500418 (s) in 3 time steps
AutoTuner: Block shape <16,16,256> took 2.568198 (s) in 3 time steps
AutoTuner: Block shape <16,16,512> took 2.600708 (s) in 3 time steps
AutoTuner: Block shape <24,24,8> took 2.731999 (s) in 3 time steps
AutoTuner: Block shape <24,24,16> took 2.840956 (s) in 3 time steps
AutoTuner: Block shape <24,24,32> took 2.726031 (s) in 3 time steps
AutoTuner: Block shape <24,24,40> took 2.565069 (s) in 3 time steps
AutoTuner: Block shape <24,24,64> took 2.631905 (s) in 3 time steps
AutoTuner: Block shape <24,24,128> took 2.597430 (s) in 3 time steps
AutoTuner: Block shape <24,24,256> took 2.556957 (s) in 3 time steps
AutoTuner: Block shape <32,32,8> took 3.451229 (s) in 3 time steps
AutoTuner: Block shape <32,32,16> took 3.270996 (s) in 3 time steps
AutoTuner: Block shape <32,32,24> took 2.844116 (s) in 3 time steps
AutoTuner: Block shape <32,32,40> took 2.713347 (s) in 3 time steps
AutoTuner: Block shape <32,32,64> took 2.732068 (s) in 3 time steps
AutoTuner: Block shape <32,32,128> took 2.613886 (s) in 3 time steps
AutoTuner: Block shape <16,8,8> took 2.127327 (s) in 3 time steps
AutoTuner: Block shape <8,16,8> took 2.148835 (s) in 3 time steps
AutoTuner: Block shape <16,8,16> took 2.113859 (s) in 3 time steps
AutoTuner: Block shape <8,16,16> took 2.156632 (s) in 3 time steps
AutoTuner: Block shape <32,16,16> took 2.769424 (s) in 3 time steps
AutoTuner: Block shape <16,32,16> took 2.774530 (s) in 3 time steps
AutoTuner: Block shape <32,16,32> took 2.694371 (s) in 3 time steps
AutoTuner: Block shape <16,32,32> took 2.691505 (s) in 3 time steps
AutoTuner: Block shape <48,24,24> took 2.883207 (s) in 3 time steps
AutoTuner: Block shape <24,48,24> took 2.909029 (s) in 3 time steps
AutoTuner: Block shape <24,24,48> took 2.655407 (s) in 3 time steps
AutoTuner: Block shape <48,48,24> took 3.043352 (s) in 3 time steps
AutoTuner: Block shape <48,24,48> took 2.794466 (s) in 3 time steps
AutoTuner: Block shape <24,48,48> took 2.848755 (s) in 3 time steps
AutoTuner: Block shape <48,48,48> took 2.869319 (s) in 3 time steps
AutoTuner: Block shape <64,32,32> took 3.043895 (s) in 3 time steps
AutoTuner: Block shape <32,64,32> took 3.098005 (s) in 3 time steps
AutoTuner: Block shape <64,64,32> took 3.076661 (s) in 3 time steps
AutoTuner: Block shape <64,32,64> took 2.744416 (s) in 3 time steps
AutoTuner: Block shape <32,64,64> took 2.798120 (s) in 3 time steps
AutoTuner: Block shape <80,40,40> took 2.809310 (s) in 3 time steps
AutoTuner: Block shape <40,80,40> took 2.869133 (s) in 3 time steps
AutoTuner: Block shape <40,40,80> took 2.692126 (s) in 3 time steps
Auto-tuned block shape: {'x0_block_size': 8, 'y0_block_size': 8, 'z0_block_size': 40}
=========================================================================================
Section section_0<1042,1042,1042> with OI=0.17 computed in 0.733 s [6.18 GFlops/s]
Section section_3<415,1> with OI=0.64 computed in 0.001 s [0.08 GFlops/s]
Section section_4<415,101> with OI=1.27 computed in 0.004 s [1.06 GFlops/s]
Section main<415,1042,1042,1042> with OI=1.58 computed in 461.433 s [103.79 GFlops/s, 1.02 GPts/s]
=========================================================================================


OpesciBench: Running 3 repeats - parameters: arch: unknown, autotune: True, dle: advanced, dse: aggressive, nbpml: 10, shape: (1024, 1024, 1024), space_order: 4, spacing: (20.0, 20.0, 20.0), time_order: 2, tn: 1000
OpesciBench [12:21:19]: --- Run 0 ---
icc -O3 -g -fPIC -Wall -std=c99 -xhost -shared -qopenmp /tmp/devito-d9q_t5i3/698435ff6df7025264dfcfbdc0e710bebcf9f457.c -o /tmp/devito-d9q_t5i3/698435ff6df7025264dfcfbdc0e710bebcf9f457.so
OpesciBench [12:33:35]: --- Run 0 finished ---

OpesciBench [12:33:35]: --- Run 1 ---
icc -O3 -g -fPIC -Wall -std=c99 -xhost -shared -qopenmp /tmp/devito-d9q_t5i3/5986c0c5521a849237307c551306f93770867ce4.c -o /tmp/devito-d9q_t5i3/5986c0c5521a849237307c551306f93770867ce4.so
OpesciBench [12:45:51]: --- Run 1 finished ---

OpesciBench [12:45:51]: --- Run 2 ---
icc -O3 -g -fPIC -Wall -std=c99 -xhost -shared -qopenmp /tmp/devito-d9q_t5i3/95c0750e42e71e2424e024ae091a792e52717e32.c -o /tmp/devito-d9q_t5i3/95c0750e42e71e2424e024ae091a792e52717e32.so
OpesciBench [12:58:06]: --- Run 2 finished ---



Thu Dec 21 12:58:07 PST 2017
top - 12:58:07 up 22 days,  3:47,  3 users,  load average: 56.07, 53.51, 49.97
Tasks: 1951 total,   2 running, 1949 sleeping,   0 stopped,   0 zombie
%Cpu(s):  5.3 us,  0.1 sy,  0.0 ni, 94.6 id,  0.0 wa,  0.0 hi,  0.0 si,  0.0 st
KiB Mem : 19652648+total, 18772278+free,  4740980 used,  4062720 buff/cache
KiB Swap: 50331644 total, 47136396 free,  3195248 used. 19103411+avail Mem 

   PID USER      PR  NI    VIRT    RES    SHR S  %CPU %MEM     TIME+ COMMAND
 28531 polkitd   20   0  540168  20956   5204 R  11.8  0.0   0:54.21 polkitd
 65365 cyount    20   0  152236   3928   1476 R  11.8  0.0   0:00.03 top
   522 root      20   0       0      0      0 S   5.9  0.0   0:13.71 rcuos/63
     1 root      20   0  197856   6604   1468 S   0.0  0.0   1:10.45 systemd
     2 root      20   0       0      0      0 S   0.0  0.0   0:00.29 kthreadd
     3 root      20   0       0      0      0 S   0.0  0.0   0:00.10 ksoftirqd/0
     5 root       0 -20       0      0      0 S   0.0  0.0   0:00.00 kworker/0:0H
     8 root      rt   0       0      0      0 S   0.0  0.0   0:01.43 migration/0
     9 root      20   0       0      0      0 S   0.0  0.0   0:00.00 rcu_bh
    10 root      20   0       0      0      0 S   0.0  0.0   0:00.00 rcuob/0
    11 root      20   0       0      0      0 S   0.0  0.0   0:00.00 rcuob/1
    12 root      20   0       0      0      0 S   0.0  0.0   0:00.00 rcuob/2
    13 root      20   0       0      0      0 S   0.0  0.0   0:00.00 rcuob/3
    14 root      20   0       0      0      0 S   0.0  0.0   0:00.00 rcuob/4
    15 root      20   0       0      0      0 S   0.0  0.0   0:00.00 rcuob/5
    16 root      20   0       0      0      0 S   0.0  0.0   0:00.00 rcuob/6
    17 root      20   0       0      0      0 S   0.0  0.0   0:00.00 rcuob/7
    18 root      20   0       0      0      0 S   0.0  0.0   0:00.00 rcuob/8
    19 root      20   0       0      0      0 S   0.0  0.0   0:00.00 rcuob/9
    20 root      20   0       0      0      0 S   0.0  0.0   0:00.00 rcuob/10
    21 root      20   0       0      0      0 S   0.0  0.0   0:00.00 rcuob/11
    22 root      20   0       0      0      0 S   0.0  0.0   0:00.00 rcuob/12
    23 root      20   0       0      0      0 S   0.0  0.0   0:00.00 rcuob/13
