Sat Dec 23 07:27:41 PST 2017
Linux ortce-knl8 3.10.0-327.el7.x86_64 #1 SMP Thu Oct 29 17:29:29 EDT 2015 x86_64 x86_64 x86_64 GNU/Linux
Architecture:          x86_64
CPU op-mode(s):        32-bit, 64-bit
Byte Order:            Little Endian
CPU(s):                272
On-line CPU(s) list:   0-271
Thread(s) per core:    4
Core(s) per socket:    68
Socket(s):             1
NUMA node(s):          2
Vendor ID:             GenuineIntel
CPU family:            6
Model:                 87
Model name:            Intel(R) Xeon Phi(TM) CPU 7250 @ 1.40GHz
Stepping:              1
CPU MHz:               1482.523
BogoMIPS:              2793.75
L1d cache:             32K
L1i cache:             32K
L2 cache:              1024K
NUMA node0 CPU(s):     0-271
NUMA node1 CPU(s):     
Linux ortce-knl8 3.10.0-327.el7.x86_64 #1 SMP Thu Oct 29 17:29:29 EDT 2015 x86_64 x86_64 x86_64 GNU/Linux
available: 2 nodes (0-1)
node 0 cpus: 0 1 2 3 4 5 6 7 8 9 10 11 12 13 14 15 16 17 18 19 20 21 22 23 24 25 26 27 28 29 30 31 32 33 34 35 36 37 38 39 40 41 42 43 44 45 46 47 48 49 50 51 52 53 54 55 56 57 58 59 60 61 62 63 64 65 66 67 68 69 70 71 72 73 74 75 76 77 78 79 80 81 82 83 84 85 86 87 88 89 90 91 92 93 94 95 96 97 98 99 100 101 102 103 104 105 106 107 108 109 110 111 112 113 114 115 116 117 118 119 120 121 122 123 124 125 126 127 128 129 130 131 132 133 134 135 136 137 138 139 140 141 142 143 144 145 146 147 148 149 150 151 152 153 154 155 156 157 158 159 160 161 162 163 164 165 166 167 168 169 170 171 172 173 174 175 176 177 178 179 180 181 182 183 184 185 186 187 188 189 190 191 192 193 194 195 196 197 198 199 200 201 202 203 204 205 206 207 208 209 210 211 212 213 214 215 216 217 218 219 220 221 222 223 224 225 226 227 228 229 230 231 232 233 234 235 236 237 238 239 240 241 242 243 244 245 246 247 248 249 250 251 252 253 254 255 256 257 258 259 260 261 262 263 264 265 266 267 268 269 270 271
node 0 size: 98200 MB
node 0 free: 94029 MB
node 1 cpus:
node 1 size: 16384 MB
node 1 free: 15030 MB
node distances:
node   0   1 
  0:  10  31 
  1:  31  10 

Per-node system memory usage (in MBs):
                          Node 0          Node 1           Total
                 --------------- --------------- ---------------
MemTotal                98200.81        16384.00       114584.81
MemFree                 94029.23        15030.03       109059.25
MemUsed                  4171.59         1353.97         5525.56
Active                    394.72          233.39          628.11
Inactive                  572.79          304.82          877.61
Active(anon)               82.95            8.93           91.88
Inactive(anon)             33.59            0.00           33.59
Active(file)              311.77          224.47          536.23
Inactive(file)            539.20          304.82          844.02
Unevictable                 0.00            0.00            0.00
Mlocked                     0.00            0.00            0.00
Dirty                       0.00            0.00            0.00
Writeback                   0.00            0.00            0.00
FilePages                 884.62          529.29         1413.91
Mapped                     46.34            0.00           46.34
AnonPages                 147.93            9.18          157.11
Shmem                      33.66            0.00           33.66
KernelStack                41.25            0.00           41.25
PageTables                  6.63            0.12            6.75
NFS_Unstable                0.00            0.00            0.00
Bounce                      0.00            0.00            0.00
WritebackTmp                0.00            0.00            0.00
Slab                      629.62          216.63          846.25
SReclaimable              232.77           85.52          318.29
SUnreclaim                396.85          131.11          527.96
AnonHugePages              76.00            0.00           76.00
HugePages_Total             0.00            0.00            0.00
HugePages_Free              0.00            0.00            0.00
HugePages_Surp              0.00            0.00            0.00
top - 07:27:42 up 4 days, 22:34,  1 user,  load average: 253.63, 260.62, 237.51
Tasks: 2269 total,   1 running, 2268 sleeping,   0 stopped,   0 zombie
%Cpu(s): 28.5 us,  1.5 sy,  0.0 ni, 70.0 id,  0.0 wa,  0.0 hi,  0.0 si,  0.0 st
KiB Mem : 11538529+total, 11168246+free,  1388960 used,  2313868 buff/cache
KiB Swap: 58593276 total, 58593276 free,        0 used. 11308390+avail Mem 

   PID USER      PR  NI    VIRT    RES    SHR S  %CPU %MEM     TIME+ COMMAND
215402 cyount    20   0  152536   4312   1476 R  54.1  0.0   0:00.42 top
     1 root      20   0   51548  13932   2384 S   0.0  0.0   2:23.11 systemd
     2 root      20   0       0      0      0 S   0.0  0.0   0:00.16 kthreadd
     3 root      20   0       0      0      0 S   0.0  0.0   0:00.07 ksoftirqd/0
     4 root      20   0       0      0      0 S   0.0  0.0  12:11.84 kworker/0:0
     5 root       0 -20       0      0      0 S   0.0  0.0   0:00.00 kworker/0:0H
     7 root      rt   0       0      0      0 S   0.0  0.0   0:04.73 migration/0
     8 root      20   0       0      0      0 S   0.0  0.0   0:00.00 rcu_bh
     9 root      20   0       0      0      0 S   0.0  0.0   0:00.00 rcuob/0
    10 root      20   0       0      0      0 S   0.0  0.0   0:00.00 rcuob/1
    11 root      20   0       0      0      0 S   0.0  0.0   0:00.00 rcuob/2
    12 root      20   0       0      0      0 S   0.0  0.0   0:00.00 rcuob/3
    13 root      20   0       0      0      0 S   0.0  0.0   0:00.00 rcuob/4
    14 root      20   0       0      0      0 S   0.0  0.0   0:00.00 rcuob/5
    15 root      20   0       0      0      0 S   0.0  0.0   0:00.00 rcuob/6
    16 root      20   0       0      0      0 S   0.0  0.0   0:00.00 rcuob/7
    17 root      20   0       0      0      0 S   0.0  0.0   0:00.00 rcuob/8
    18 root      20   0       0      0      0 S   0.0  0.0   0:00.00 rcuob/9
    19 root      20   0       0      0      0 S   0.0  0.0   0:00.00 rcuob/10
    20 root      20   0       0      0      0 S   0.0  0.0   0:00.00 rcuob/11
    21 root      20   0       0      0      0 S   0.0  0.0   0:00.00 rcuob/12
    22 root      20   0       0      0      0 S   0.0  0.0   0:00.00 rcuob/13
    23 root      20   0       0      0      0 S   0.0  0.0   0:00.00 rcuob/14
env DEVITO_PLATFORM=knl DEVITO_ISA=avx512 DEVITO_DEBUG_COMPILER=1 DEVITO_DLE_OPTIONS=blockinner:True DEVITO_AUTOTUNING=aggressive DEVITO_BACKEND=core DEVITO_OPENMP=1 DEVITO_ARCH=intel DEVITO_LOGGING=DEBUG DEVITO_YASK_AUTOTUNING=preemptive DEVITO_YASK_DUMP=devito.bench.2017-12-23/tti/core/bmdse/ortce-knl8/grid1024/so4 numactl --preferred=1 python examples/seismic/benchmark.py bench -bm dse -P tti -so 4 -to 2 -d 1024 1024 1024 --tn 1000 -x 3 -r devito.bench.2017-12-23/tti/core/bmdse/ortce-knl8/grid1024/so4
Allocating memory for m ((1044, 1044, 1044))
Allocating memory for damp ((1044, 1044, 1044))
Allocating memory for epsilon ((1044, 1044, 1044))
Allocating memory for delta ((1044, 1044, 1044))
Allocating memory for theta ((1044, 1044, 1044))
Allocating memory for phi ((1044, 1044, 1044))
Allocating memory for src ((417, 1))
Allocating memory for src_coords ((1, 3))
Allocating memory for nrec_coords ((101, 3))
Allocating memory for rec_coords ((101, 3))
DSE: eliminate_intra_stencil_redundancies [flops: 297, elapsed: 1.25] >>
     finalize [flops: 299, elapsed: 0.10]
     [Total elapsed: 1.35 s]
DLE: avoid_denormals [elapsed: 0.00] >>
     loop_fission [elapsed: 0.12] >>
     loop_blocking [elapsed: 1.23] >>
     simdize [elapsed: 1.73] >>
     ompize [elapsed: 0.72] >>
     create_elemental_functions [elapsed: 2.12] >>
     minimize_remainders [elapsed: 0.16]
     [Total elapsed: 6.07 s]
Allocating memory for rec ((417, 101))
Allocating memory for u ((3, 1044, 1044, 1044))
Allocating memory for v ((3, 1044, 1044, 1044))
IntelCompiler: compiled /tmp/devito-uwql8u5o/e76a5e5431156145bcabff0eed0bfc122ac5460b.c [12.95 s]
AutoTuner: Block shape <8,8,8> took 9.411320 (s) in 3 time steps
AutoTuner: Block shape <16,16,16> took 3.609570 (s) in 3 time steps
AutoTuner: Block shape <24,24,24> took 5.057786 (s) in 3 time steps
AutoTuner: Block shape <32,32,32> took 2.950614 (s) in 3 time steps
AutoTuner: Block shape <40,40,40> took 3.572949 (s) in 3 time steps
AutoTuner: Block shape <64,64,64> took 2.139041 (s) in 3 time steps
AutoTuner: Block shape <128,128,128> took 1.751904 (s) in 3 time steps
AutoTuner: Block shape <256,256,256> took 2.818530 (s) in 3 time steps
AutoTuner: Block shape <512,512,512> took 18.674771 (s) in 3 time steps
AutoTuner: Block shape <1024,1024,1024> took 128.315447 (s) in 3 time steps
AutoTuner: Block shape <1040,1040,1040> took 126.136267 (s) in 3 time steps
AutoTuner: Block shape <8,8,16> took 3.115616 (s) in 3 time steps
AutoTuner: Block shape <8,8,24> took 4.260028 (s) in 3 time steps
AutoTuner: Block shape <8,8,32> took 2.174147 (s) in 3 time steps
AutoTuner: Block shape <8,8,40> took 3.088349 (s) in 3 time steps
AutoTuner: Block shape <8,8,64> took 1.680357 (s) in 3 time steps
AutoTuner: Block shape <8,8,128> took 1.305179 (s) in 3 time steps
AutoTuner: Block shape <8,8,256> took 1.519104 (s) in 3 time steps
AutoTuner: Block shape <8,8,512> took 1.708394 (s) in 3 time steps
AutoTuner: Block shape <8,8,1024> took 2.166193 (s) in 3 time steps
AutoTuner: Block shape <8,8,1040> took 2.128118 (s) in 3 time steps
AutoTuner: Block shape <16,16,8> took 9.361061 (s) in 3 time steps
AutoTuner: Block shape <16,16,24> took 4.696413 (s) in 3 time steps
AutoTuner: Block shape <16,16,32> took 2.389912 (s) in 3 time steps
AutoTuner: Block shape <16,16,40> took 3.386310 (s) in 3 time steps
AutoTuner: Block shape <16,16,64> took 2.048312 (s) in 3 time steps
AutoTuner: Block shape <16,16,128> took 1.736032 (s) in 3 time steps
AutoTuner: Block shape <16,16,256> took 1.510792 (s) in 3 time steps
AutoTuner: Block shape <16,16,512> took 1.691157 (s) in 3 time steps
AutoTuner: Block shape <16,16,1024> took 2.167060 (s) in 3 time steps
AutoTuner: Block shape <16,16,1040> took 2.118150 (s) in 3 time steps
AutoTuner: Block shape <24,24,8> took 9.469960 (s) in 3 time steps
AutoTuner: Block shape <24,24,16> took 4.324165 (s) in 3 time steps
AutoTuner: Block shape <24,24,32> took 2.801545 (s) in 3 time steps
AutoTuner: Block shape <24,24,40> took 3.542465 (s) in 3 time steps
AutoTuner: Block shape <24,24,64> took 2.058550 (s) in 3 time steps
AutoTuner: Block shape <24,24,128> took 1.603244 (s) in 3 time steps
AutoTuner: Block shape <24,24,256> took 1.514793 (s) in 3 time steps
AutoTuner: Block shape <24,24,512> took 1.706691 (s) in 3 time steps
AutoTuner: Block shape <24,24,1024> took 2.192057 (s) in 3 time steps
AutoTuner: Block shape <24,24,1040> took 2.136472 (s) in 3 time steps
AutoTuner: Block shape <32,32,8> took 9.585171 (s) in 3 time steps
AutoTuner: Block shape <32,32,16> took 4.638099 (s) in 3 time steps
AutoTuner: Block shape <32,32,24> took 5.152807 (s) in 3 time steps
AutoTuner: Block shape <32,32,40> took 4.081399 (s) in 3 time steps
AutoTuner: Block shape <32,32,64> took 2.097324 (s) in 3 time steps
AutoTuner: Block shape <32,32,128> took 1.604088 (s) in 3 time steps
AutoTuner: Block shape <32,32,256> took 1.546748 (s) in 3 time steps
AutoTuner: Block shape <32,32,512> took 1.790856 (s) in 3 time steps
AutoTuner: Block shape <32,32,1024> took 2.288466 (s) in 3 time steps
AutoTuner: Block shape <32,32,1040> took 2.228410 (s) in 3 time steps
AutoTuner: Block shape <16,8,8> took 9.308332 (s) in 3 time steps
AutoTuner: Block shape <8,16,8> took 9.348550 (s) in 3 time steps
AutoTuner: Block shape <16,8,16> took 3.137843 (s) in 3 time steps
AutoTuner: Block shape <8,16,16> took 3.624002 (s) in 3 time steps
AutoTuner: Block shape <32,16,16> took 3.632634 (s) in 3 time steps
AutoTuner: Block shape <16,32,16> took 4.659626 (s) in 3 time steps
AutoTuner: Block shape <32,16,32> took 2.389408 (s) in 3 time steps
AutoTuner: Block shape <16,32,32> took 2.946450 (s) in 3 time steps
AutoTuner: Block shape <48,24,24> took 5.099219 (s) in 3 time steps
AutoTuner: Block shape <24,48,24> took 5.342831 (s) in 3 time steps
AutoTuner: Block shape <24,24,48> took 2.292692 (s) in 3 time steps
AutoTuner: Block shape <48,48,24> took 5.233412 (s) in 3 time steps
AutoTuner: Block shape <48,24,48> took 2.301592 (s) in 3 time steps
AutoTuner: Block shape <24,48,48> took 2.417986 (s) in 3 time steps
AutoTuner: Block shape <48,48,48> took 2.443076 (s) in 3 time steps
AutoTuner: Block shape <64,32,32> took 2.952145 (s) in 3 time steps
AutoTuner: Block shape <32,64,32> took 3.023542 (s) in 3 time steps
AutoTuner: Block shape <64,64,32> took 3.031989 (s) in 3 time steps
AutoTuner: Block shape <64,32,64> took 2.107187 (s) in 3 time steps
AutoTuner: Block shape <32,64,64> took 2.121023 (s) in 3 time steps
AutoTuner: Block shape <80,40,40> took 3.586565 (s) in 3 time steps
AutoTuner: Block shape <40,80,40> took 3.587394 (s) in 3 time steps
AutoTuner: Block shape <40,40,80> took 1.866354 (s) in 3 time steps
AutoTuner: Block shape <80,80,40> took 3.626307 (s) in 3 time steps
AutoTuner: Block shape <80,40,80> took 1.879875 (s) in 3 time steps
AutoTuner: Block shape <40,80,80> took 1.872052 (s) in 3 time steps
AutoTuner: Block shape <80,80,80> took 1.918714 (s) in 3 time steps
AutoTuner: Block shape <128,64,64> took 2.194089 (s) in 3 time steps
AutoTuner: Block shape <64,128,64> took 2.207856 (s) in 3 time steps
AutoTuner: Block shape <64,64,128> took 1.676329 (s) in 3 time steps
AutoTuner: Block shape <128,128,64> took 2.247351 (s) in 3 time steps
AutoTuner: Block shape <128,64,128> took 1.689030 (s) in 3 time steps
AutoTuner: Block shape <64,128,128> took 1.695511 (s) in 3 time steps
AutoTuner: Block shape <256,128,128> took 1.855845 (s) in 3 time steps
AutoTuner: Block shape <128,256,128> took 1.841446 (s) in 3 time steps
AutoTuner: Block shape <128,128,256> took 1.703447 (s) in 3 time steps
AutoTuner: Block shape <256,256,128> took 2.558162 (s) in 3 time steps
AutoTuner: Block shape <256,128,256> took 2.079798 (s) in 3 time steps
AutoTuner: Block shape <128,256,256> took 2.153976 (s) in 3 time steps
AutoTuner: Block shape <512,256,256> took 5.434560 (s) in 3 time steps
AutoTuner: Block shape <256,512,256> took 5.419894 (s) in 3 time steps
AutoTuner: Block shape <256,256,512> took 5.129137 (s) in 3 time steps
AutoTuner: Block shape <512,512,256> took 10.281584 (s) in 3 time steps
AutoTuner: Block shape <512,256,512> took 9.737313 (s) in 3 time steps
AutoTuner: Block shape <256,512,512> took 9.739400 (s) in 3 time steps
AutoTuner: Block shape <1024,512,512> took 36.545075 (s) in 3 time steps
AutoTuner: Block shape <512,1024,512> took 36.553293 (s) in 3 time steps
AutoTuner: Block shape <512,512,1024> took 34.145428 (s) in 3 time steps
AutoTuner: Block shape <1024,1024,512> took 71.659969 (s) in 3 time steps
AutoTuner: Block shape <1024,512,1024> took 66.920087 (s) in 3 time steps
AutoTuner: Block shape <512,1024,1024> took 66.962316 (s) in 3 time steps
Auto-tuned block shape: {'x0_block_size': 8, 'y0_block_size': 8, 'z0_block_size': 128}
=========================================================================================
Section section_1<415,1> with OI=0.64 computed in 0.001 s [0.04 GFlops/s]
Section section_2<415,101> with OI=1.27 computed in 0.024 s [0.16 GFlops/s]
Section main<415,1040,1040,1040> with OI=7.35 computed in 444.964 s [313.69 GFlops/s, 1.05 GPts/s]
=========================================================================================
Allocating memory for m ((1044, 1044, 1044))
Allocating memory for damp ((1044, 1044, 1044))
Allocating memory for epsilon ((1044, 1044, 1044))
Allocating memory for delta ((1044, 1044, 1044))
Allocating memory for theta ((1044, 1044, 1044))
Allocating memory for phi ((1044, 1044, 1044))
Allocating memory for src ((417, 1))
Allocating memory for src_coords ((1, 3))
Allocating memory for nrec_coords ((101, 3))
Allocating memory for rec_coords ((101, 3))
DSE: eliminate_intra_stencil_redundancies [flops: 297, elapsed: 1.29] >>
     finalize [flops: 299, elapsed: 0.11]
     [Total elapsed: 1.39 s]
DLE: avoid_denormals [elapsed: 0.00] >>
     loop_fission [elapsed: 0.13] >>
     loop_blocking [elapsed: 1.25] >>
     simdize [elapsed: 0.54] >>
     ompize [elapsed: 0.72] >>
     create_elemental_functions [elapsed: 2.11] >>
     minimize_remainders [elapsed: 0.16]
     [Total elapsed: 4.91 s]
Allocating memory for rec ((417, 101))
Allocating memory for u ((3, 1044, 1044, 1044))
Allocating memory for v ((3, 1044, 1044, 1044))
IntelCompiler: compiled /tmp/devito-uwql8u5o/e76a5e5431156145bcabff0eed0bfc122ac5460b.c [13.06 s]
AutoTuner: Block shape <8,8,8> took 9.281980 (s) in 3 time steps
AutoTuner: Block shape <16,16,16> took 3.765740 (s) in 3 time steps
AutoTuner: Block shape <24,24,24> took 5.050772 (s) in 3 time steps
AutoTuner: Block shape <32,32,32> took 3.136579 (s) in 3 time steps
AutoTuner: Block shape <40,40,40> took 3.684448 (s) in 3 time steps
AutoTuner: Block shape <64,64,64> took 2.134753 (s) in 3 time steps
AutoTuner: Block shape <128,128,128> took 1.752408 (s) in 3 time steps
AutoTuner: Block shape <256,256,256> took 2.850746 (s) in 3 time steps
AutoTuner: Block shape <512,512,512> took 18.859444 (s) in 3 time steps
AutoTuner: Block shape <1024,1024,1024> took 128.931266 (s) in 3 time steps
AutoTuner: Block shape <1040,1040,1040> took 126.706118 (s) in 3 time steps
AutoTuner: Block shape <8,8,16> took 3.086227 (s) in 3 time steps
AutoTuner: Block shape <8,8,24> took 4.266917 (s) in 3 time steps
AutoTuner: Block shape <8,8,32> took 2.161101 (s) in 3 time steps
AutoTuner: Block shape <8,8,40> took 3.075032 (s) in 3 time steps
AutoTuner: Block shape <8,8,64> took 1.644839 (s) in 3 time steps
AutoTuner: Block shape <8,8,128> took 1.334597 (s) in 3 time steps
AutoTuner: Block shape <8,8,256> took 1.532838 (s) in 3 time steps
AutoTuner: Block shape <8,8,512> took 1.817641 (s) in 3 time steps
AutoTuner: Block shape <8,8,1024> took 2.159060 (s) in 3 time steps
AutoTuner: Block shape <8,8,1040> took 2.118660 (s) in 3 time steps
AutoTuner: Block shape <16,16,8> took 9.381539 (s) in 3 time steps
AutoTuner: Block shape <16,16,24> took 4.700827 (s) in 3 time steps
AutoTuner: Block shape <16,16,32> took 2.438647 (s) in 3 time steps
AutoTuner: Block shape <16,16,40> took 3.381967 (s) in 3 time steps
AutoTuner: Block shape <16,16,64> took 1.874661 (s) in 3 time steps
AutoTuner: Block shape <16,16,128> took 1.575026 (s) in 3 time steps
AutoTuner: Block shape <16,16,256> took 1.523727 (s) in 3 time steps
AutoTuner: Block shape <16,16,512> took 1.708801 (s) in 3 time steps
AutoTuner: Block shape <16,16,1024> took 2.158698 (s) in 3 time steps
AutoTuner: Block shape <16,16,1040> took 2.108226 (s) in 3 time steps
AutoTuner: Block shape <24,24,8> took 9.486014 (s) in 3 time steps
AutoTuner: Block shape <24,24,16> took 4.354366 (s) in 3 time steps
AutoTuner: Block shape <24,24,32> took 2.795213 (s) in 3 time steps
AutoTuner: Block shape <24,24,40> took 3.535957 (s) in 3 time steps
AutoTuner: Block shape <24,24,64> took 2.046488 (s) in 3 time steps
AutoTuner: Block shape <24,24,128> took 1.604918 (s) in 3 time steps
AutoTuner: Block shape <24,24,256> took 1.833970 (s) in 3 time steps
AutoTuner: Block shape <24,24,512> took 1.732142 (s) in 3 time steps
AutoTuner: Block shape <24,24,1024> took 2.183680 (s) in 3 time steps
AutoTuner: Block shape <24,24,1040> took 2.129435 (s) in 3 time steps
AutoTuner: Block shape <32,32,8> took 9.610666 (s) in 3 time steps
AutoTuner: Block shape <32,32,16> took 4.631763 (s) in 3 time steps
AutoTuner: Block shape <32,32,24> took 5.152308 (s) in 3 time steps
AutoTuner: Block shape <32,32,40> took 3.576466 (s) in 3 time steps
AutoTuner: Block shape <32,32,64> took 2.097436 (s) in 3 time steps
AutoTuner: Block shape <32,32,128> took 1.606906 (s) in 3 time steps
AutoTuner: Block shape <32,32,256> took 1.559200 (s) in 3 time steps
AutoTuner: Block shape <32,32,512> took 1.795003 (s) in 3 time steps
AutoTuner: Block shape <32,32,1024> took 2.281999 (s) in 3 time steps
AutoTuner: Block shape <32,32,1040> took 2.220777 (s) in 3 time steps
AutoTuner: Block shape <16,8,8> took 9.316537 (s) in 3 time steps
AutoTuner: Block shape <8,16,8> took 9.366946 (s) in 3 time steps
AutoTuner: Block shape <16,8,16> took 3.370822 (s) in 3 time steps
AutoTuner: Block shape <8,16,16> took 3.795863 (s) in 3 time steps
AutoTuner: Block shape <32,16,16> took 3.891796 (s) in 3 time steps
AutoTuner: Block shape <16,32,16> took 4.644894 (s) in 3 time steps
AutoTuner: Block shape <32,16,32> took 2.446906 (s) in 3 time steps
AutoTuner: Block shape <16,32,32> took 2.941481 (s) in 3 time steps
AutoTuner: Block shape <48,24,24> took 5.072203 (s) in 3 time steps
AutoTuner: Block shape <24,48,24> took 5.183564 (s) in 3 time steps
AutoTuner: Block shape <24,24,48> took 2.271762 (s) in 3 time steps
AutoTuner: Block shape <48,48,24> took 5.239375 (s) in 3 time steps
AutoTuner: Block shape <48,24,48> took 2.279324 (s) in 3 time steps
AutoTuner: Block shape <24,48,48> took 2.400765 (s) in 3 time steps
AutoTuner: Block shape <48,48,48> took 2.439742 (s) in 3 time steps
AutoTuner: Block shape <64,32,32> took 2.945243 (s) in 3 time steps
AutoTuner: Block shape <32,64,32> took 3.023957 (s) in 3 time steps
AutoTuner: Block shape <64,64,32> took 3.033025 (s) in 3 time steps
AutoTuner: Block shape <64,32,64> took 2.101948 (s) in 3 time steps
AutoTuner: Block shape <32,64,64> took 2.120281 (s) in 3 time steps
AutoTuner: Block shape <80,40,40> took 3.583220 (s) in 3 time steps
AutoTuner: Block shape <40,80,40> took 4.027253 (s) in 3 time steps
AutoTuner: Block shape <40,40,80> took 1.859661 (s) in 3 time steps
AutoTuner: Block shape <80,80,40> took 3.624552 (s) in 3 time steps
AutoTuner: Block shape <80,40,80> took 1.873706 (s) in 3 time steps
AutoTuner: Block shape <40,80,80> took 1.867274 (s) in 3 time steps
AutoTuner: Block shape <80,80,80> took 1.911540 (s) in 3 time steps
AutoTuner: Block shape <128,64,64> took 2.191217 (s) in 3 time steps
AutoTuner: Block shape <64,128,64> took 2.197337 (s) in 3 time steps
AutoTuner: Block shape <64,64,128> took 1.678885 (s) in 3 time steps
AutoTuner: Block shape <128,128,64> took 2.255245 (s) in 3 time steps
AutoTuner: Block shape <128,64,128> took 1.687922 (s) in 3 time steps
AutoTuner: Block shape <64,128,128> took 1.706809 (s) in 3 time steps
AutoTuner: Block shape <256,128,128> took 1.822660 (s) in 3 time steps
AutoTuner: Block shape <128,256,128> took 1.839086 (s) in 3 time steps
AutoTuner: Block shape <128,128,256> took 1.709428 (s) in 3 time steps
AutoTuner: Block shape <256,256,128> took 2.370116 (s) in 3 time steps
AutoTuner: Block shape <256,128,256> took 2.129056 (s) in 3 time steps
AutoTuner: Block shape <128,256,256> took 2.175851 (s) in 3 time steps
AutoTuner: Block shape <512,256,256> took 5.473640 (s) in 3 time steps
AutoTuner: Block shape <256,512,256> took 5.475624 (s) in 3 time steps
AutoTuner: Block shape <256,256,512> took 5.171611 (s) in 3 time steps
AutoTuner: Block shape <512,512,256> took 10.386954 (s) in 3 time steps
AutoTuner: Block shape <512,256,512> took 9.824193 (s) in 3 time steps
AutoTuner: Block shape <256,512,512> took 9.821772 (s) in 3 time steps
AutoTuner: Block shape <1024,512,512> took 36.896441 (s) in 3 time steps
AutoTuner: Block shape <512,1024,512> took 36.844361 (s) in 3 time steps
AutoTuner: Block shape <512,512,1024> took 34.387340 (s) in 3 time steps
AutoTuner: Block shape <1024,1024,512> took 72.260488 (s) in 3 time steps
AutoTuner: Block shape <1024,512,1024> took 67.393281 (s) in 3 time steps
AutoTuner: Block shape <512,1024,1024> took 67.489002 (s) in 3 time steps
Auto-tuned block shape: {'x0_block_size': 8, 'y0_block_size': 8, 'z0_block_size': 128}
=========================================================================================
Section section_1<415,1> with OI=0.64 computed in 0.001 s [0.04 GFlops/s]
Section section_2<415,101> with OI=1.27 computed in 0.024 s [0.16 GFlops/s]
Section main<415,1040,1040,1040> with OI=7.35 computed in 445.393 s [313.38 GFlops/s, 1.05 GPts/s]
=========================================================================================
Allocating memory for m ((1044, 1044, 1044))
Allocating memory for damp ((1044, 1044, 1044))
Allocating memory for epsilon ((1044, 1044, 1044))
Allocating memory for delta ((1044, 1044, 1044))
Allocating memory for theta ((1044, 1044, 1044))
Allocating memory for phi ((1044, 1044, 1044))
Allocating memory for src ((417, 1))
Allocating memory for src_coords ((1, 3))
Allocating memory for nrec_coords ((101, 3))
Allocating memory for rec_coords ((101, 3))
DSE: eliminate_intra_stencil_redundancies [flops: 297, elapsed: 1.28] >>
     finalize [flops: 299, elapsed: 0.10]
     [Total elapsed: 1.39 s]
DLE: avoid_denormals [elapsed: 0.00] >>
     loop_fission [elapsed: 0.13] >>
     loop_blocking [elapsed: 1.25] >>
     simdize [elapsed: 0.54] >>
     ompize [elapsed: 0.72] >>
     create_elemental_functions [elapsed: 2.12] >>
     minimize_remainders [elapsed: 0.16]
     [Total elapsed: 4.91 s]
Allocating memory for rec ((417, 101))
Allocating memory for u ((3, 1044, 1044, 1044))
Allocating memory for v ((3, 1044, 1044, 1044))
IntelCompiler: compiled /tmp/devito-uwql8u5o/e76a5e5431156145bcabff0eed0bfc122ac5460b.c [12.98 s]
AutoTuner: Block shape <8,8,8> took 9.304036 (s) in 3 time steps
AutoTuner: Block shape <16,16,16> took 3.773627 (s) in 3 time steps
AutoTuner: Block shape <24,24,24> took 5.073958 (s) in 3 time steps
AutoTuner: Block shape <32,32,32> took 2.945549 (s) in 3 time steps
AutoTuner: Block shape <40,40,40> took 3.569217 (s) in 3 time steps
AutoTuner: Block shape <64,64,64> took 2.159108 (s) in 3 time steps
AutoTuner: Block shape <128,128,128> took 1.739779 (s) in 3 time steps
AutoTuner: Block shape <256,256,256> took 2.853712 (s) in 3 time steps
AutoTuner: Block shape <512,512,512> took 18.864127 (s) in 3 time steps
AutoTuner: Block shape <1024,1024,1024> took 128.947350 (s) in 3 time steps
AutoTuner: Block shape <1040,1040,1040> took 126.691796 (s) in 3 time steps
AutoTuner: Block shape <8,8,16> took 3.085682 (s) in 3 time steps
AutoTuner: Block shape <8,8,24> took 4.269601 (s) in 3 time steps
AutoTuner: Block shape <8,8,32> took 2.161909 (s) in 3 time steps
AutoTuner: Block shape <8,8,40> took 3.081758 (s) in 3 time steps
AutoTuner: Block shape <8,8,64> took 1.849031 (s) in 3 time steps
AutoTuner: Block shape <8,8,128> took 1.475992 (s) in 3 time steps
AutoTuner: Block shape <8,8,256> took 1.622060 (s) in 3 time steps
AutoTuner: Block shape <8,8,512> took 1.827494 (s) in 3 time steps
AutoTuner: Block shape <8,8,1024> took 2.253195 (s) in 3 time steps
AutoTuner: Block shape <8,8,1040> took 2.119013 (s) in 3 time steps
AutoTuner: Block shape <16,16,8> took 9.383619 (s) in 3 time steps
AutoTuner: Block shape <16,16,24> took 4.704736 (s) in 3 time steps
AutoTuner: Block shape <16,16,32> took 2.437190 (s) in 3 time steps
AutoTuner: Block shape <16,16,40> took 3.382927 (s) in 3 time steps
AutoTuner: Block shape <16,16,64> took 1.877032 (s) in 3 time steps
AutoTuner: Block shape <16,16,128> took 1.759851 (s) in 3 time steps
AutoTuner: Block shape <16,16,256> took 1.604467 (s) in 3 time steps
AutoTuner: Block shape <16,16,512> took 1.704902 (s) in 3 time steps
AutoTuner: Block shape <16,16,1024> took 2.162941 (s) in 3 time steps
AutoTuner: Block shape <16,16,1040> took 2.110848 (s) in 3 time steps
AutoTuner: Block shape <24,24,8> took 9.479485 (s) in 3 time steps
AutoTuner: Block shape <24,24,16> took 4.357116 (s) in 3 time steps
AutoTuner: Block shape <24,24,32> took 2.797087 (s) in 3 time steps
AutoTuner: Block shape <24,24,40> took 3.536038 (s) in 3 time steps
AutoTuner: Block shape <24,24,64> took 2.048023 (s) in 3 time steps
AutoTuner: Block shape <24,24,128> took 1.604064 (s) in 3 time steps
AutoTuner: Block shape <24,24,256> took 1.529974 (s) in 3 time steps
AutoTuner: Block shape <24,24,512> took 1.729916 (s) in 3 time steps
AutoTuner: Block shape <24,24,1024> took 2.183727 (s) in 3 time steps
AutoTuner: Block shape <24,24,1040> took 2.127444 (s) in 3 time steps
AutoTuner: Block shape <32,32,8> took 9.611683 (s) in 3 time steps
AutoTuner: Block shape <32,32,16> took 4.628676 (s) in 3 time steps
AutoTuner: Block shape <32,32,24> took 5.157362 (s) in 3 time steps
AutoTuner: Block shape <32,32,40> took 3.815924 (s) in 3 time steps
AutoTuner: Block shape <32,32,64> took 2.096579 (s) in 3 time steps
AutoTuner: Block shape <32,32,128> took 1.605754 (s) in 3 time steps
AutoTuner: Block shape <32,32,256> took 1.561141 (s) in 3 time steps
AutoTuner: Block shape <32,32,512> took 1.801529 (s) in 3 time steps
AutoTuner: Block shape <32,32,1024> took 2.280262 (s) in 3 time steps
AutoTuner: Block shape <32,32,1040> took 2.221554 (s) in 3 time steps
AutoTuner: Block shape <16,8,8> took 9.315585 (s) in 3 time steps
AutoTuner: Block shape <8,16,8> took 9.390563 (s) in 3 time steps
AutoTuner: Block shape <16,8,16> took 3.176571 (s) in 3 time steps
AutoTuner: Block shape <8,16,16> took 3.797171 (s) in 3 time steps
AutoTuner: Block shape <32,16,16> took 3.890524 (s) in 3 time steps
AutoTuner: Block shape <16,32,16> took 4.644258 (s) in 3 time steps
AutoTuner: Block shape <32,16,32> took 2.447341 (s) in 3 time steps
AutoTuner: Block shape <16,32,32> took 2.945484 (s) in 3 time steps
AutoTuner: Block shape <48,24,24> took 5.075705 (s) in 3 time steps
AutoTuner: Block shape <24,48,24> took 5.313267 (s) in 3 time steps
AutoTuner: Block shape <24,24,48> took 2.272606 (s) in 3 time steps
AutoTuner: Block shape <48,48,24> took 5.236744 (s) in 3 time steps
AutoTuner: Block shape <48,24,48> took 2.279435 (s) in 3 time steps
AutoTuner: Block shape <24,48,48> took 2.401186 (s) in 3 time steps
AutoTuner: Block shape <48,48,48> took 2.438538 (s) in 3 time steps
AutoTuner: Block shape <64,32,32> took 2.944484 (s) in 3 time steps
AutoTuner: Block shape <32,64,32> took 3.025772 (s) in 3 time steps
AutoTuner: Block shape <64,64,32> took 3.035300 (s) in 3 time steps
AutoTuner: Block shape <64,32,64> took 2.102169 (s) in 3 time steps
AutoTuner: Block shape <32,64,64> took 2.120691 (s) in 3 time steps
AutoTuner: Block shape <80,40,40> took 3.588647 (s) in 3 time steps
AutoTuner: Block shape <40,80,40> took 3.586423 (s) in 3 time steps
AutoTuner: Block shape <40,40,80> took 1.863206 (s) in 3 time steps
AutoTuner: Block shape <80,80,40> took 3.627688 (s) in 3 time steps
AutoTuner: Block shape <80,40,80> took 1.874570 (s) in 3 time steps
AutoTuner: Block shape <40,80,80> took 1.868117 (s) in 3 time steps
AutoTuner: Block shape <80,80,80> took 1.912752 (s) in 3 time steps
AutoTuner: Block shape <128,64,64> took 2.188966 (s) in 3 time steps
AutoTuner: Block shape <64,128,64> took 2.208580 (s) in 3 time steps
AutoTuner: Block shape <64,64,128> took 1.678635 (s) in 3 time steps
AutoTuner: Block shape <128,128,64> took 2.261971 (s) in 3 time steps
AutoTuner: Block shape <128,64,128> took 1.696342 (s) in 3 time steps
AutoTuner: Block shape <64,128,128> took 1.710102 (s) in 3 time steps
AutoTuner: Block shape <256,128,128> took 1.988450 (s) in 3 time steps
AutoTuner: Block shape <128,256,128> took 1.845241 (s) in 3 time steps
AutoTuner: Block shape <128,128,256> took 1.715439 (s) in 3 time steps
AutoTuner: Block shape <256,256,128> took 2.390329 (s) in 3 time steps
AutoTuner: Block shape <256,128,256> took 2.095711 (s) in 3 time steps
AutoTuner: Block shape <128,256,256> took 2.181720 (s) in 3 time steps
AutoTuner: Block shape <512,256,256> took 5.472157 (s) in 3 time steps
AutoTuner: Block shape <256,512,256> took 5.479310 (s) in 3 time steps
AutoTuner: Block shape <256,256,512> took 5.176743 (s) in 3 time steps
AutoTuner: Block shape <512,512,256> took 10.364160 (s) in 3 time steps
AutoTuner: Block shape <512,256,512> took 9.833751 (s) in 3 time steps
AutoTuner: Block shape <256,512,512> took 9.831782 (s) in 3 time steps
AutoTuner: Block shape <1024,512,512> took 36.897858 (s) in 3 time steps
AutoTuner: Block shape <512,1024,512> took 36.868348 (s) in 3 time steps
AutoTuner: Block shape <512,512,1024> took 34.396178 (s) in 3 time steps
AutoTuner: Block shape <1024,1024,512> took 72.292691 (s) in 3 time steps
AutoTuner: Block shape <1024,512,1024> took 67.429902 (s) in 3 time steps
AutoTuner: Block shape <512,1024,1024> took 67.510948 (s) in 3 time steps
Auto-tuned block shape: {'x0_block_size': 8, 'y0_block_size': 8, 'z0_block_size': 128}
=========================================================================================
Section section_1<415,1> with OI=0.64 computed in 0.001 s [0.04 GFlops/s]
Section section_2<415,101> with OI=1.27 computed in 0.024 s [0.16 GFlops/s]
Section main<415,1040,1040,1040> with OI=7.35 computed in 444.725 s [313.85 GFlops/s, 1.05 GPts/s]
=========================================================================================
Allocating memory for m ((1044, 1044, 1044))
Allocating memory for damp ((1044, 1044, 1044))
Allocating memory for epsilon ((1044, 1044, 1044))
Allocating memory for delta ((1044, 1044, 1044))
Allocating memory for theta ((1044, 1044, 1044))
Allocating memory for phi ((1044, 1044, 1044))
Allocating memory for src ((417, 1))
Allocating memory for src_coords ((1, 3))
Allocating memory for nrec_coords ((101, 3))
Allocating memory for rec_coords ((101, 3))
DSE: extract_time_invariants [flops: 533, elapsed: 0.72] >>
     eliminate_inter_stencil_redundancies [flops: 491, elapsed: 1.26] >>
     eliminate_intra_stencil_redundancies [flops: 241, elapsed: 0.98] >>
     factorize [flops: 226, elapsed: 1.01] >>
     finalize [flops: 228, elapsed: 0.07]
     [Total elapsed: 4.04 s]
DLE: avoid_denormals [elapsed: 0.00] >>
     loop_fission [elapsed: 0.11] >>
     loop_blocking [elapsed: 1.09] >>
     simdize [elapsed: 0.51] >>
     ompize [elapsed: 0.71] >>
     create_elemental_functions [elapsed: 2.05] >>
     minimize_remainders [elapsed: 0.14]
     [Total elapsed: 4.61 s]
Allocating memory for rec ((417, 101))
Allocating memory for u ((3, 1044, 1044, 1044))
Allocating memory for v ((3, 1044, 1044, 1044))
IntelCompiler: compiled /tmp/devito-uwql8u5o/1a300a6eae984663d1c29483feabc8e5c918b4e1.c [18.67 s]
AutoTuner: Block shape <8,8,8> took 6.806310 (s) in 3 time steps
AutoTuner: Block shape <16,16,16> took 5.327066 (s) in 3 time steps
AutoTuner: Block shape <24,24,24> took 5.067329 (s) in 3 time steps
AutoTuner: Block shape <32,32,32> took 4.010299 (s) in 3 time steps
AutoTuner: Block shape <40,40,40> took 3.714312 (s) in 3 time steps
AutoTuner: Block shape <64,64,64> took 2.997608 (s) in 3 time steps
AutoTuner: Block shape <128,128,128> took 2.645250 (s) in 3 time steps
AutoTuner: Block shape <256,256,256> took 3.165312 (s) in 3 time steps
AutoTuner: Block shape <512,512,512> took 6.618025 (s) in 3 time steps
AutoTuner: Block shape <1024,1024,1024> took 29.514406 (s) in 3 time steps
AutoTuner: Block shape <1040,1040,1040> took 27.922756 (s) in 3 time steps
AutoTuner: Block shape <8,8,16> took 4.299383 (s) in 3 time steps
AutoTuner: Block shape <8,8,24> took 3.932277 (s) in 3 time steps
AutoTuner: Block shape <8,8,32> took 3.235178 (s) in 3 time steps
AutoTuner: Block shape <8,8,40> took 3.137117 (s) in 3 time steps
AutoTuner: Block shape <8,8,64> took 2.615106 (s) in 3 time steps
AutoTuner: Block shape <8,8,128> took 2.393447 (s) in 3 time steps
AutoTuner: Block shape <8,8,256> took 2.543320 (s) in 3 time steps
AutoTuner: Block shape <8,8,512> took 2.936081 (s) in 3 time steps
AutoTuner: Block shape <8,8,1024> took 3.156293 (s) in 3 time steps
AutoTuner: Block shape <8,8,1040> took 3.084141 (s) in 3 time steps
AutoTuner: Block shape <16,16,8> took 8.438810 (s) in 3 time steps
AutoTuner: Block shape <16,16,24> took 4.608783 (s) in 3 time steps
AutoTuner: Block shape <16,16,32> took 3.707169 (s) in 3 time steps
AutoTuner: Block shape <16,16,40> took 3.529251 (s) in 3 time steps
AutoTuner: Block shape <16,16,64> took 2.896395 (s) in 3 time steps
AutoTuner: Block shape <16,16,128> took 2.618879 (s) in 3 time steps
AutoTuner: Block shape <16,16,256> took 2.519751 (s) in 3 time steps
AutoTuner: Block shape <16,16,512> took 2.954215 (s) in 3 time steps
AutoTuner: Block shape <16,16,1024> took 3.136191 (s) in 3 time steps
AutoTuner: Block shape <16,16,1040> took 3.080487 (s) in 3 time steps
AutoTuner: Block shape <24,24,8> took 9.198355 (s) in 3 time steps
AutoTuner: Block shape <24,24,16> took 5.655467 (s) in 3 time steps
AutoTuner: Block shape <24,24,32> took 3.951125 (s) in 3 time steps
AutoTuner: Block shape <24,24,40> took 3.685394 (s) in 3 time steps
AutoTuner: Block shape <24,24,64> took 2.966756 (s) in 3 time steps
AutoTuner: Block shape <24,24,128> took 2.722912 (s) in 3 time steps
AutoTuner: Block shape <24,24,256> took 2.698267 (s) in 3 time steps
AutoTuner: Block shape <24,24,512> took 3.018024 (s) in 3 time steps
AutoTuner: Block shape <24,24,1024> took 3.147714 (s) in 3 time steps
AutoTuner: Block shape <24,24,1040> took 3.080147 (s) in 3 time steps
AutoTuner: Block shape <32,32,8> took 9.606169 (s) in 3 time steps
AutoTuner: Block shape <32,32,16> took 5.776718 (s) in 3 time steps
AutoTuner: Block shape <32,32,24> took 5.013869 (s) in 3 time steps
AutoTuner: Block shape <32,32,40> took 3.711599 (s) in 3 time steps
AutoTuner: Block shape <32,32,64> took 2.982469 (s) in 3 time steps
AutoTuner: Block shape <32,32,128> took 2.567409 (s) in 3 time steps
AutoTuner: Block shape <32,32,256> took 2.554944 (s) in 3 time steps
AutoTuner: Block shape <32,32,512> took 3.047870 (s) in 3 time steps
AutoTuner: Block shape <32,32,1024> took 3.153933 (s) in 3 time steps
AutoTuner: Block shape <32,32,1040> took 3.078380 (s) in 3 time steps
AutoTuner: Block shape <16,8,8> took 7.211874 (s) in 3 time steps
AutoTuner: Block shape <8,16,8> took 8.502986 (s) in 3 time steps
AutoTuner: Block shape <16,8,16> took 4.511486 (s) in 3 time steps
AutoTuner: Block shape <8,16,16> took 5.094309 (s) in 3 time steps
AutoTuner: Block shape <32,16,16> took 5.454708 (s) in 3 time steps
AutoTuner: Block shape <16,32,16> took 5.735427 (s) in 3 time steps
AutoTuner: Block shape <32,16,32> took 3.802174 (s) in 3 time steps
AutoTuner: Block shape <16,32,32> took 3.979900 (s) in 3 time steps
AutoTuner: Block shape <48,24,24> took 4.979720 (s) in 3 time steps
AutoTuner: Block shape <24,48,24> took 5.048549 (s) in 3 time steps
AutoTuner: Block shape <24,24,48> took 3.278820 (s) in 3 time steps
AutoTuner: Block shape <48,48,24> took 5.060160 (s) in 3 time steps
AutoTuner: Block shape <48,24,48> took 3.296161 (s) in 3 time steps
AutoTuner: Block shape <24,48,48> took 3.638646 (s) in 3 time steps
AutoTuner: Block shape <48,48,48> took 3.340047 (s) in 3 time steps
AutoTuner: Block shape <64,32,32> took 4.008677 (s) in 3 time steps
AutoTuner: Block shape <32,64,32> took 4.027001 (s) in 3 time steps
AutoTuner: Block shape <64,64,32> took 4.030174 (s) in 3 time steps
AutoTuner: Block shape <64,32,64> took 2.984090 (s) in 3 time steps
AutoTuner: Block shape <32,64,64> took 2.976876 (s) in 3 time steps
AutoTuner: Block shape <80,40,40> took 3.726343 (s) in 3 time steps
AutoTuner: Block shape <40,80,40> took 3.724076 (s) in 3 time steps
AutoTuner: Block shape <40,40,80> took 2.784380 (s) in 3 time steps
AutoTuner: Block shape <80,80,40> took 3.732055 (s) in 3 time steps
AutoTuner: Block shape <80,40,80> took 2.798901 (s) in 3 time steps
AutoTuner: Block shape <40,80,80> took 2.805364 (s) in 3 time steps
AutoTuner: Block shape <80,80,80> took 2.809264 (s) in 3 time steps
AutoTuner: Block shape <128,64,64> took 3.045398 (s) in 3 time steps
AutoTuner: Block shape <64,128,64> took 3.049912 (s) in 3 time steps
AutoTuner: Block shape <64,64,128> took 2.768103 (s) in 3 time steps
AutoTuner: Block shape <128,128,64> took 3.276054 (s) in 3 time steps
AutoTuner: Block shape <128,64,128> took 2.827177 (s) in 3 time steps
AutoTuner: Block shape <64,128,128> took 2.872637 (s) in 3 time steps
AutoTuner: Block shape <256,128,128> took 2.812442 (s) in 3 time steps
AutoTuner: Block shape <128,256,128> took 2.820731 (s) in 3 time steps
AutoTuner: Block shape <128,128,256> took 2.637791 (s) in 3 time steps
AutoTuner: Block shape <256,256,128> took 3.205717 (s) in 3 time steps
AutoTuner: Block shape <256,128,256> took 3.127072 (s) in 3 time steps
AutoTuner: Block shape <128,256,256> took 3.151564 (s) in 3 time steps
AutoTuner: Block shape <512,256,256> took 3.174727 (s) in 3 time steps
AutoTuner: Block shape <256,512,256> took 3.347508 (s) in 3 time steps
AutoTuner: Block shape <256,256,512> took 2.910750 (s) in 3 time steps
AutoTuner: Block shape <512,512,256> took 4.441920 (s) in 3 time steps
AutoTuner: Block shape <512,256,512> took 3.965907 (s) in 3 time steps
AutoTuner: Block shape <256,512,512> took 3.949308 (s) in 3 time steps
AutoTuner: Block shape <1024,512,512> took 11.961505 (s) in 3 time steps
AutoTuner: Block shape <512,1024,512> took 11.966672 (s) in 3 time steps
AutoTuner: Block shape <512,512,1024> took 10.214356 (s) in 3 time steps
AutoTuner: Block shape <1024,1024,512> took 22.346987 (s) in 3 time steps
AutoTuner: Block shape <1024,512,1024> took 18.954145 (s) in 3 time steps
AutoTuner: Block shape <512,1024,1024> took 18.938186 (s) in 3 time steps
Auto-tuned block shape: {'x0_block_size': 8, 'y0_block_size': 8, 'z0_block_size': 128}
=========================================================================================
Section section_0<1042,1042,1042> with OI=0.35 computed in 0.762 s [10.40 GFlops/s]
Section section_2<415,1> with OI=0.64 computed in 0.001 s [0.04 GFlops/s]
Section section_3<415,101> with OI=1.27 computed in 0.052 s [0.07 GFlops/s]
Section main<415,1040,1040,1040> with OI=5.10 computed in 508.393 s [209.36 GFlops/s, 0.92 GPts/s]
=========================================================================================
Allocating memory for m ((1044, 1044, 1044))
Allocating memory for damp ((1044, 1044, 1044))
Allocating memory for epsilon ((1044, 1044, 1044))
Allocating memory for delta ((1044, 1044, 1044))
Allocating memory for theta ((1044, 1044, 1044))
Allocating memory for phi ((1044, 1044, 1044))
Allocating memory for src ((417, 1))
Allocating memory for src_coords ((1, 3))
Allocating memory for nrec_coords ((101, 3))
Allocating memory for rec_coords ((101, 3))
DSE: extract_time_invariants [flops: 533, elapsed: 0.72] >>
     eliminate_inter_stencil_redundancies [flops: 491, elapsed: 1.26] >>
     eliminate_intra_stencil_redundancies [flops: 241, elapsed: 0.98] >>
     factorize [flops: 226, elapsed: 1.00] >>
     finalize [flops: 228, elapsed: 0.07]
     [Total elapsed: 4.03 s]
DLE: avoid_denormals [elapsed: 0.00] >>
     loop_fission [elapsed: 0.11] >>
     loop_blocking [elapsed: 1.08] >>
     simdize [elapsed: 0.50] >>
     ompize [elapsed: 0.70] >>
     create_elemental_functions [elapsed: 2.06] >>
     minimize_remainders [elapsed: 0.14]
     [Total elapsed: 4.60 s]
Allocating memory for rec ((417, 101))
Allocating memory for u ((3, 1044, 1044, 1044))
Allocating memory for v ((3, 1044, 1044, 1044))
IntelCompiler: compiled /tmp/devito-uwql8u5o/1a300a6eae984663d1c29483feabc8e5c918b4e1.c [18.61 s]
AutoTuner: Block shape <8,8,8> took 6.807809 (s) in 3 time steps
AutoTuner: Block shape <16,16,16> took 5.261073 (s) in 3 time steps
AutoTuner: Block shape <24,24,24> took 5.133033 (s) in 3 time steps
AutoTuner: Block shape <32,32,32> took 4.079786 (s) in 3 time steps
AutoTuner: Block shape <40,40,40> took 3.712584 (s) in 3 time steps
AutoTuner: Block shape <64,64,64> took 2.988656 (s) in 3 time steps
AutoTuner: Block shape <128,128,128> took 2.649878 (s) in 3 time steps
AutoTuner: Block shape <256,256,256> took 3.182097 (s) in 3 time steps
AutoTuner: Block shape <512,512,512> took 6.604293 (s) in 3 time steps
AutoTuner: Block shape <1024,1024,1024> took 29.519618 (s) in 3 time steps
AutoTuner: Block shape <1040,1040,1040> took 27.928068 (s) in 3 time steps
AutoTuner: Block shape <8,8,16> took 4.298407 (s) in 3 time steps
AutoTuner: Block shape <8,8,24> took 3.937229 (s) in 3 time steps
AutoTuner: Block shape <8,8,32> took 3.234654 (s) in 3 time steps
AutoTuner: Block shape <8,8,40> took 3.129512 (s) in 3 time steps
AutoTuner: Block shape <8,8,64> took 2.622627 (s) in 3 time steps
AutoTuner: Block shape <8,8,128> took 2.386088 (s) in 3 time steps
AutoTuner: Block shape <8,8,256> took 2.539242 (s) in 3 time steps
AutoTuner: Block shape <8,8,512> took 2.960690 (s) in 3 time steps
AutoTuner: Block shape <8,8,1024> took 3.136070 (s) in 3 time steps
AutoTuner: Block shape <8,8,1040> took 3.082766 (s) in 3 time steps
AutoTuner: Block shape <16,16,8> took 8.293296 (s) in 3 time steps
AutoTuner: Block shape <16,16,24> took 4.620905 (s) in 3 time steps
AutoTuner: Block shape <16,16,32> took 3.704969 (s) in 3 time steps
AutoTuner: Block shape <16,16,40> took 3.527335 (s) in 3 time steps
AutoTuner: Block shape <16,16,64> took 2.892703 (s) in 3 time steps
AutoTuner: Block shape <16,16,128> took 2.573140 (s) in 3 time steps
AutoTuner: Block shape <16,16,256> took 2.519404 (s) in 3 time steps
AutoTuner: Block shape <16,16,512> took 2.949200 (s) in 3 time steps
AutoTuner: Block shape <16,16,1024> took 3.141148 (s) in 3 time steps
AutoTuner: Block shape <16,16,1040> took 3.073086 (s) in 3 time steps
AutoTuner: Block shape <24,24,8> took 9.196682 (s) in 3 time steps
AutoTuner: Block shape <24,24,16> took 5.643117 (s) in 3 time steps
AutoTuner: Block shape <24,24,32> took 3.944546 (s) in 3 time steps
AutoTuner: Block shape <24,24,40> took 3.684385 (s) in 3 time steps
AutoTuner: Block shape <24,24,64> took 2.965247 (s) in 3 time steps
AutoTuner: Block shape <24,24,128> took 2.572145 (s) in 3 time steps
AutoTuner: Block shape <24,24,256> took 2.698108 (s) in 3 time steps
AutoTuner: Block shape <24,24,512> took 3.107600 (s) in 3 time steps
AutoTuner: Block shape <24,24,1024> took 3.147105 (s) in 3 time steps
AutoTuner: Block shape <24,24,1040> took 3.083549 (s) in 3 time steps
AutoTuner: Block shape <32,32,8> took 9.643873 (s) in 3 time steps
AutoTuner: Block shape <32,32,16> took 5.794143 (s) in 3 time steps
AutoTuner: Block shape <32,32,24> took 5.019758 (s) in 3 time steps
AutoTuner: Block shape <32,32,40> took 3.702937 (s) in 3 time steps
AutoTuner: Block shape <32,32,64> took 2.981623 (s) in 3 time steps
AutoTuner: Block shape <32,32,128> took 2.564697 (s) in 3 time steps
AutoTuner: Block shape <32,32,256> took 2.550209 (s) in 3 time steps
AutoTuner: Block shape <32,32,512> took 2.991345 (s) in 3 time steps
AutoTuner: Block shape <32,32,1024> took 3.150366 (s) in 3 time steps
AutoTuner: Block shape <32,32,1040> took 3.096590 (s) in 3 time steps
AutoTuner: Block shape <16,8,8> took 7.133151 (s) in 3 time steps
AutoTuner: Block shape <8,16,8> took 8.508178 (s) in 3 time steps
AutoTuner: Block shape <16,8,16> took 4.506708 (s) in 3 time steps
AutoTuner: Block shape <8,16,16> took 5.091013 (s) in 3 time steps
AutoTuner: Block shape <32,16,16> took 5.451134 (s) in 3 time steps
AutoTuner: Block shape <16,32,16> took 5.735390 (s) in 3 time steps
AutoTuner: Block shape <32,16,32> took 3.811203 (s) in 3 time steps
AutoTuner: Block shape <16,32,32> took 3.977661 (s) in 3 time steps
AutoTuner: Block shape <48,24,24> took 4.951302 (s) in 3 time steps
AutoTuner: Block shape <24,48,24> took 5.048160 (s) in 3 time steps
AutoTuner: Block shape <24,24,48> took 3.280847 (s) in 3 time steps
AutoTuner: Block shape <48,48,24> took 5.057901 (s) in 3 time steps
AutoTuner: Block shape <48,24,48> took 3.295506 (s) in 3 time steps
AutoTuner: Block shape <24,48,48> took 3.316547 (s) in 3 time steps
AutoTuner: Block shape <48,48,48> took 3.334804 (s) in 3 time steps
AutoTuner: Block shape <64,32,32> took 4.161650 (s) in 3 time steps
AutoTuner: Block shape <32,64,32> took 4.115935 (s) in 3 time steps
AutoTuner: Block shape <64,64,32> took 4.043098 (s) in 3 time steps
AutoTuner: Block shape <64,32,64> took 2.985751 (s) in 3 time steps
AutoTuner: Block shape <32,64,64> took 2.983790 (s) in 3 time steps
AutoTuner: Block shape <80,40,40> took 3.725526 (s) in 3 time steps
AutoTuner: Block shape <40,80,40> took 3.716452 (s) in 3 time steps
AutoTuner: Block shape <40,40,80> took 2.787332 (s) in 3 time steps
AutoTuner: Block shape <80,80,40> took 3.735192 (s) in 3 time steps
AutoTuner: Block shape <80,40,80> took 2.793922 (s) in 3 time steps
AutoTuner: Block shape <40,80,80> took 2.797685 (s) in 3 time steps
AutoTuner: Block shape <80,80,80> took 2.813037 (s) in 3 time steps
AutoTuner: Block shape <128,64,64> took 3.094162 (s) in 3 time steps
AutoTuner: Block shape <64,128,64> took 3.052915 (s) in 3 time steps
AutoTuner: Block shape <64,64,128> took 2.622429 (s) in 3 time steps
AutoTuner: Block shape <128,128,64> took 3.102628 (s) in 3 time steps
AutoTuner: Block shape <128,64,128> took 2.637251 (s) in 3 time steps
AutoTuner: Block shape <64,128,128> took 2.634438 (s) in 3 time steps
AutoTuner: Block shape <256,128,128> took 2.656623 (s) in 3 time steps
AutoTuner: Block shape <128,256,128> took 2.674852 (s) in 3 time steps
AutoTuner: Block shape <128,128,256> took 2.636107 (s) in 3 time steps
AutoTuner: Block shape <256,256,128> took 3.161968 (s) in 3 time steps
AutoTuner: Block shape <256,128,256> took 3.162469 (s) in 3 time steps
AutoTuner: Block shape <128,256,256> took 3.153432 (s) in 3 time steps
AutoTuner: Block shape <512,256,256> took 3.154673 (s) in 3 time steps
AutoTuner: Block shape <256,512,256> took 3.320482 (s) in 3 time steps
AutoTuner: Block shape <256,256,512> took 2.920529 (s) in 3 time steps
AutoTuner: Block shape <512,512,256> took 4.422585 (s) in 3 time steps
AutoTuner: Block shape <512,256,512> took 3.964148 (s) in 3 time steps
AutoTuner: Block shape <256,512,512> took 3.938471 (s) in 3 time steps
AutoTuner: Block shape <1024,512,512> took 11.885876 (s) in 3 time steps
AutoTuner: Block shape <512,1024,512> took 11.966788 (s) in 3 time steps
AutoTuner: Block shape <512,512,1024> took 10.286018 (s) in 3 time steps
AutoTuner: Block shape <1024,1024,512> took 22.333389 (s) in 3 time steps
AutoTuner: Block shape <1024,512,1024> took 18.960581 (s) in 3 time steps
AutoTuner: Block shape <512,1024,1024> took 18.943016 (s) in 3 time steps
Auto-tuned block shape: {'x0_block_size': 8, 'y0_block_size': 8, 'z0_block_size': 128}
=========================================================================================
Section section_0<1042,1042,1042> with OI=0.35 computed in 0.762 s [10.39 GFlops/s]
Section section_2<415,1> with OI=0.64 computed in 0.001 s [0.03 GFlops/s]
Section section_3<415,101> with OI=1.27 computed in 0.024 s [0.16 GFlops/s]
Section main<415,1040,1040,1040> with OI=5.10 computed in 508.220 s [209.43 GFlops/s, 0.92 GPts/s]
=========================================================================================
Allocating memory for m ((1044, 1044, 1044))
Allocating memory for damp ((1044, 1044, 1044))
Allocating memory for epsilon ((1044, 1044, 1044))
Allocating memory for delta ((1044, 1044, 1044))
Allocating memory for theta ((1044, 1044, 1044))
Allocating memory for phi ((1044, 1044, 1044))
Allocating memory for src ((417, 1))
Allocating memory for src_coords ((1, 3))
Allocating memory for nrec_coords ((101, 3))
Allocating memory for rec_coords ((101, 3))
DSE: extract_time_invariants [flops: 533, elapsed: 0.72] >>
     eliminate_inter_stencil_redundancies [flops: 491, elapsed: 1.27] >>
     eliminate_intra_stencil_redundancies [flops: 241, elapsed: 0.98] >>
     factorize [flops: 226, elapsed: 1.00] >>
     finalize [flops: 228, elapsed: 0.07]
     [Total elapsed: 4.03 s]
DLE: avoid_denormals [elapsed: 0.00] >>
     loop_fission [elapsed: 0.11] >>
     loop_blocking [elapsed: 1.09] >>
     simdize [elapsed: 0.50] >>
     ompize [elapsed: 0.70] >>
     create_elemental_functions [elapsed: 2.05] >>
     minimize_remainders [elapsed: 0.15]
     [Total elapsed: 4.60 s]
Allocating memory for rec ((417, 101))
Allocating memory for u ((3, 1044, 1044, 1044))
Allocating memory for v ((3, 1044, 1044, 1044))
IntelCompiler: compiled /tmp/devito-uwql8u5o/1a300a6eae984663d1c29483feabc8e5c918b4e1.c [18.62 s]
AutoTuner: Block shape <8,8,8> took 6.798950 (s) in 3 time steps
AutoTuner: Block shape <16,16,16> took 5.263137 (s) in 3 time steps
AutoTuner: Block shape <24,24,24> took 4.927013 (s) in 3 time steps
AutoTuner: Block shape <32,32,32> took 4.191140 (s) in 3 time steps
AutoTuner: Block shape <40,40,40> took 3.833585 (s) in 3 time steps
AutoTuner: Block shape <64,64,64> took 2.987220 (s) in 3 time steps
AutoTuner: Block shape <128,128,128> took 2.644185 (s) in 3 time steps
AutoTuner: Block shape <256,256,256> took 3.170459 (s) in 3 time steps
AutoTuner: Block shape <512,512,512> took 6.634486 (s) in 3 time steps
AutoTuner: Block shape <1024,1024,1024> took 29.529805 (s) in 3 time steps
AutoTuner: Block shape <1040,1040,1040> took 27.931502 (s) in 3 time steps
AutoTuner: Block shape <8,8,16> took 4.294548 (s) in 3 time steps
AutoTuner: Block shape <8,8,24> took 3.933455 (s) in 3 time steps
AutoTuner: Block shape <8,8,32> took 3.241399 (s) in 3 time steps
AutoTuner: Block shape <8,8,40> took 3.125023 (s) in 3 time steps
AutoTuner: Block shape <8,8,64> took 2.617242 (s) in 3 time steps
AutoTuner: Block shape <8,8,128> took 2.387782 (s) in 3 time steps
AutoTuner: Block shape <8,8,256> took 2.545104 (s) in 3 time steps
AutoTuner: Block shape <8,8,512> took 2.936518 (s) in 3 time steps
AutoTuner: Block shape <8,8,1024> took 3.139966 (s) in 3 time steps
AutoTuner: Block shape <8,8,1040> took 3.086219 (s) in 3 time steps
AutoTuner: Block shape <16,16,8> took 8.284306 (s) in 3 time steps
AutoTuner: Block shape <16,16,24> took 4.697869 (s) in 3 time steps
AutoTuner: Block shape <16,16,32> took 3.866606 (s) in 3 time steps
AutoTuner: Block shape <16,16,40> took 3.525738 (s) in 3 time steps
AutoTuner: Block shape <16,16,64> took 2.884211 (s) in 3 time steps
AutoTuner: Block shape <16,16,128> took 2.572544 (s) in 3 time steps
AutoTuner: Block shape <16,16,256> took 2.521100 (s) in 3 time steps
AutoTuner: Block shape <16,16,512> took 2.946978 (s) in 3 time steps
AutoTuner: Block shape <16,16,1024> took 3.147648 (s) in 3 time steps
AutoTuner: Block shape <16,16,1040> took 3.082429 (s) in 3 time steps
AutoTuner: Block shape <24,24,8> took 9.203878 (s) in 3 time steps
AutoTuner: Block shape <24,24,16> took 5.687984 (s) in 3 time steps
AutoTuner: Block shape <24,24,32> took 3.945848 (s) in 3 time steps
AutoTuner: Block shape <24,24,40> took 3.716077 (s) in 3 time steps
AutoTuner: Block shape <24,24,64> took 2.967311 (s) in 3 time steps
AutoTuner: Block shape <24,24,128> took 2.566185 (s) in 3 time steps
AutoTuner: Block shape <24,24,256> took 2.546408 (s) in 3 time steps
AutoTuner: Block shape <24,24,512> took 3.020462 (s) in 3 time steps
AutoTuner: Block shape <24,24,1024> took 3.184557 (s) in 3 time steps
AutoTuner: Block shape <24,24,1040> took 3.098027 (s) in 3 time steps
AutoTuner: Block shape <32,32,8> took 9.617154 (s) in 3 time steps
AutoTuner: Block shape <32,32,16> took 5.784258 (s) in 3 time steps
AutoTuner: Block shape <32,32,24> took 5.020547 (s) in 3 time steps
AutoTuner: Block shape <32,32,40> took 3.705702 (s) in 3 time steps
AutoTuner: Block shape <32,32,64> took 2.982573 (s) in 3 time steps
AutoTuner: Block shape <32,32,128> took 2.605253 (s) in 3 time steps
AutoTuner: Block shape <32,32,256> took 2.549544 (s) in 3 time steps
AutoTuner: Block shape <32,32,512> took 2.988613 (s) in 3 time steps
AutoTuner: Block shape <32,32,1024> took 3.153736 (s) in 3 time steps
AutoTuner: Block shape <32,32,1040> took 3.077126 (s) in 3 time steps
AutoTuner: Block shape <16,8,8> took 7.149138 (s) in 3 time steps
AutoTuner: Block shape <8,16,8> took 8.400648 (s) in 3 time steps
AutoTuner: Block shape <16,8,16> took 4.517990 (s) in 3 time steps
AutoTuner: Block shape <8,16,16> took 5.095291 (s) in 3 time steps
AutoTuner: Block shape <32,16,16> took 5.454954 (s) in 3 time steps
AutoTuner: Block shape <16,32,16> took 5.735243 (s) in 3 time steps
AutoTuner: Block shape <32,16,32> took 3.807127 (s) in 3 time steps
AutoTuner: Block shape <16,32,32> took 3.986393 (s) in 3 time steps
AutoTuner: Block shape <48,24,24> took 4.999900 (s) in 3 time steps
AutoTuner: Block shape <24,48,24> took 5.067255 (s) in 3 time steps
AutoTuner: Block shape <24,24,48> took 3.278109 (s) in 3 time steps
AutoTuner: Block shape <48,48,24> took 5.059669 (s) in 3 time steps
AutoTuner: Block shape <48,24,48> took 3.295932 (s) in 3 time steps
AutoTuner: Block shape <24,48,48> took 3.311274 (s) in 3 time steps
AutoTuner: Block shape <48,48,48> took 3.331232 (s) in 3 time steps
AutoTuner: Block shape <64,32,32> took 4.054986 (s) in 3 time steps
AutoTuner: Block shape <32,64,32> took 4.220637 (s) in 3 time steps
AutoTuner: Block shape <64,64,32> took 4.030500 (s) in 3 time steps
AutoTuner: Block shape <64,32,64> took 2.985889 (s) in 3 time steps
AutoTuner: Block shape <32,64,64> took 2.982532 (s) in 3 time steps
AutoTuner: Block shape <80,40,40> took 3.734840 (s) in 3 time steps
AutoTuner: Block shape <40,80,40> took 3.723214 (s) in 3 time steps
AutoTuner: Block shape <40,40,80> took 2.785155 (s) in 3 time steps
AutoTuner: Block shape <80,80,40> took 3.734928 (s) in 3 time steps
AutoTuner: Block shape <80,40,80> took 2.796062 (s) in 3 time steps
AutoTuner: Block shape <40,80,80> took 2.800775 (s) in 3 time steps
AutoTuner: Block shape <80,80,80> took 2.799241 (s) in 3 time steps
AutoTuner: Block shape <128,64,64> took 3.052604 (s) in 3 time steps
AutoTuner: Block shape <64,128,64> took 3.054397 (s) in 3 time steps
AutoTuner: Block shape <64,64,128> took 2.631595 (s) in 3 time steps
AutoTuner: Block shape <128,128,64> took 3.096884 (s) in 3 time steps
AutoTuner: Block shape <128,64,128> took 2.634035 (s) in 3 time steps
AutoTuner: Block shape <64,128,128> took 2.634596 (s) in 3 time steps
AutoTuner: Block shape <256,128,128> took 2.687163 (s) in 3 time steps
AutoTuner: Block shape <128,256,128> took 2.679177 (s) in 3 time steps
AutoTuner: Block shape <128,128,256> took 2.641325 (s) in 3 time steps
AutoTuner: Block shape <256,256,128> took 3.163522 (s) in 3 time steps
AutoTuner: Block shape <256,128,256> took 3.131110 (s) in 3 time steps
AutoTuner: Block shape <128,256,256> took 3.153007 (s) in 3 time steps
AutoTuner: Block shape <512,256,256> took 3.183812 (s) in 3 time steps
AutoTuner: Block shape <256,512,256> took 3.330520 (s) in 3 time steps
AutoTuner: Block shape <256,256,512> took 2.939282 (s) in 3 time steps
AutoTuner: Block shape <512,512,256> took 4.459220 (s) in 3 time steps
AutoTuner: Block shape <512,256,512> took 3.966822 (s) in 3 time steps
AutoTuner: Block shape <256,512,512> took 3.927730 (s) in 3 time steps
AutoTuner: Block shape <1024,512,512> took 11.951604 (s) in 3 time steps
AutoTuner: Block shape <512,1024,512> took 11.955988 (s) in 3 time steps
AutoTuner: Block shape <512,512,1024> took 10.213614 (s) in 3 time steps
AutoTuner: Block shape <1024,1024,512> took 22.372401 (s) in 3 time steps
AutoTuner: Block shape <1024,512,1024> took 18.967809 (s) in 3 time steps
AutoTuner: Block shape <512,1024,1024> took 18.956656 (s) in 3 time steps
Auto-tuned block shape: {'x0_block_size': 8, 'y0_block_size': 8, 'z0_block_size': 128}
=========================================================================================
Section section_0<1042,1042,1042> with OI=0.35 computed in 0.759 s [10.44 GFlops/s]
Section section_2<415,1> with OI=0.64 computed in 0.001 s [0.03 GFlops/s]
Section section_3<415,101> with OI=1.27 computed in 0.047 s [0.08 GFlops/s]
Section main<415,1040,1040,1040> with OI=5.10 computed in 508.028 s [209.51 GFlops/s, 0.92 GPts/s]
=========================================================================================
Allocating memory for m ((1044, 1044, 1044))
Allocating memory for damp ((1044, 1044, 1044))
Allocating memory for epsilon ((1044, 1044, 1044))
Allocating memory for delta ((1044, 1044, 1044))
Allocating memory for theta ((1044, 1044, 1044))
Allocating memory for phi ((1044, 1044, 1044))
Allocating memory for src ((417, 1))
Allocating memory for src_coords ((1, 3))
Allocating memory for nrec_coords ((101, 3))
Allocating memory for rec_coords ((101, 3))
DSE: extract_time_varying [flops: 581, elapsed: 0.49] >>
     extract_time_invariants [flops: 445, elapsed: 0.34] >>
     eliminate_inter_stencil_redundancies [flops: 331, elapsed: 1.11] >>
     extract_sum_of_products [flops: 241, elapsed: 0.22] >>
     eliminate_inter_stencil_redundancies [flops: 171, elapsed: 0.43] >>
     extract_sum_of_products [flops: 150, elapsed: 0.11] >>
     factorize [flops: 119, elapsed: 0.47] >>
     eliminate_intra_stencil_redundancies [flops: 101, elapsed: 0.33] >>
     finalize [flops: 102, elapsed: 0.03]
     [Total elapsed: 3.53 s]
DLE: avoid_denormals [elapsed: 0.00] >>
     loop_fission [elapsed: 0.11] >>
     loop_blocking [elapsed: 3.12] >>
     simdize [elapsed: 0.49] >>
     ompize [elapsed: 0.71] >>
     create_elemental_functions [elapsed: 3.65] >>
     minimize_remainders [elapsed: 0.21]
     [Total elapsed: 8.28 s]
Allocating memory for rec ((417, 101))
Allocating memory for u ((3, 1044, 1044, 1044))
Allocating memory for v ((3, 1044, 1044, 1044))
IntelCompiler: compiled /tmp/devito-uwql8u5o/ebbc18cbc297027e8c587ed24c6e5830c49e727b.c [13.18 s]
AutoTuner: Block shape <8,8,8> took 9.445210 (s) in 3 time steps
AutoTuner: Block shape <16,16,16> took 7.159192 (s) in 3 time steps
AutoTuner: Block shape <24,24,24> took 6.008500 (s) in 3 time steps
AutoTuner: Block shape <32,32,32> took 5.397251 (s) in 3 time steps
AutoTuner: Block shape <40,40,40> took 4.902439 (s) in 3 time steps
AutoTuner: Block shape <8,8,16> took 7.141940 (s) in 3 time steps
AutoTuner: Block shape <8,8,24> took 5.805261 (s) in 3 time steps
AutoTuner: Block shape <8,8,32> took 5.539646 (s) in 3 time steps
AutoTuner: Block shape <8,8,40> took 4.995069 (s) in 3 time steps
AutoTuner: Block shape <8,8,64> took 4.662381 (s) in 3 time steps
AutoTuner: Block shape <8,8,128> took 4.329108 (s) in 3 time steps
AutoTuner: Block shape <8,8,256> took 4.232259 (s) in 3 time steps
AutoTuner: Block shape <8,8,512> took 4.208708 (s) in 3 time steps
AutoTuner: Block shape <8,8,1024> took 4.279644 (s) in 3 time steps
AutoTuner: Block shape <8,8,1040> took 4.272972 (s) in 3 time steps
AutoTuner: Block shape <16,16,8> took 10.327747 (s) in 3 time steps
AutoTuner: Block shape <16,16,24> took 5.858241 (s) in 3 time steps
AutoTuner: Block shape <16,16,32> took 5.406750 (s) in 3 time steps
AutoTuner: Block shape <16,16,40> took 4.905817 (s) in 3 time steps
AutoTuner: Block shape <16,16,64> took 4.467948 (s) in 3 time steps
AutoTuner: Block shape <16,16,128> took 4.085281 (s) in 3 time steps
AutoTuner: Block shape <16,16,256> took 3.933069 (s) in 3 time steps
AutoTuner: Block shape <16,16,512> took 3.991912 (s) in 3 time steps
AutoTuner: Block shape <24,24,8> took 10.420633 (s) in 3 time steps
AutoTuner: Block shape <24,24,16> took 7.226319 (s) in 3 time steps
AutoTuner: Block shape <24,24,32> took 5.530200 (s) in 3 time steps
AutoTuner: Block shape <24,24,40> took 4.918443 (s) in 3 time steps
AutoTuner: Block shape <24,24,64> took 4.425479 (s) in 3 time steps
AutoTuner: Block shape <24,24,128> took 4.072880 (s) in 3 time steps
AutoTuner: Block shape <24,24,256> took 3.968400 (s) in 3 time steps
AutoTuner: Block shape <32,32,8> took 10.591828 (s) in 3 time steps
AutoTuner: Block shape <32,32,16> took 7.257281 (s) in 3 time steps
AutoTuner: Block shape <32,32,24> took 5.938424 (s) in 3 time steps
AutoTuner: Block shape <32,32,40> took 4.875002 (s) in 3 time steps
AutoTuner: Block shape <32,32,64> took 4.366663 (s) in 3 time steps
AutoTuner: Block shape <32,32,128> took 4.033706 (s) in 3 time steps
AutoTuner: Block shape <16,8,8> took 9.940099 (s) in 3 time steps
AutoTuner: Block shape <8,16,8> took 10.417894 (s) in 3 time steps
AutoTuner: Block shape <16,8,16> took 7.087734 (s) in 3 time steps
AutoTuner: Block shape <8,16,16> took 7.442808 (s) in 3 time steps
AutoTuner: Block shape <32,16,16> took 7.142389 (s) in 3 time steps
AutoTuner: Block shape <16,32,16> took 7.420969 (s) in 3 time steps
AutoTuner: Block shape <32,16,32> took 5.400407 (s) in 3 time steps
AutoTuner: Block shape <16,32,32> took 5.464347 (s) in 3 time steps
AutoTuner: Block shape <48,24,24> took 5.897119 (s) in 3 time steps
AutoTuner: Block shape <24,48,24> took 6.099130 (s) in 3 time steps
AutoTuner: Block shape <24,24,48> took 4.860186 (s) in 3 time steps
AutoTuner: Block shape <48,48,24> took 5.947809 (s) in 3 time steps
AutoTuner: Block shape <48,24,48> took 4.753479 (s) in 3 time steps
AutoTuner: Block shape <24,48,48> took 4.813112 (s) in 3 time steps
AutoTuner: Block shape <48,48,48> took 4.804269 (s) in 3 time steps
AutoTuner: Block shape <64,32,32> took 5.376102 (s) in 3 time steps
AutoTuner: Block shape <32,64,32> took 5.406359 (s) in 3 time steps
AutoTuner: Block shape <64,64,32> took 5.414995 (s) in 3 time steps
AutoTuner: Block shape <64,32,64> took 4.380071 (s) in 3 time steps
AutoTuner: Block shape <32,64,64> took 4.392469 (s) in 3 time steps
AutoTuner: Block shape <80,40,40> took 4.903695 (s) in 3 time steps
AutoTuner: Block shape <40,80,40> took 4.968727 (s) in 3 time steps
AutoTuner: Block shape <40,40,80> took 4.327293 (s) in 3 time steps
Auto-tuned block shape: {'x0_block_size': 16, 'y0_block_size': 16, 'z0_block_size': 256}
=========================================================================================
Section section_0<1042,1042,1042> with OI=0.17 computed in 0.945 s [4.79 GFlops/s]
Section section_3<415,1> with OI=0.64 computed in 0.001 s [0.03 GFlops/s]
Section section_4<415,101> with OI=1.27 computed in 0.032 s [0.12 GFlops/s]
Section main<415,1042,1042,1042> with OI=1.58 computed in 956.763 s [50.05 GFlops/s, 0.49 GPts/s]
=========================================================================================
Allocating memory for m ((1044, 1044, 1044))
Allocating memory for damp ((1044, 1044, 1044))
Allocating memory for epsilon ((1044, 1044, 1044))
Allocating memory for delta ((1044, 1044, 1044))
Allocating memory for theta ((1044, 1044, 1044))
Allocating memory for phi ((1044, 1044, 1044))
Allocating memory for src ((417, 1))
Allocating memory for src_coords ((1, 3))
Allocating memory for nrec_coords ((101, 3))
Allocating memory for rec_coords ((101, 3))
DSE: extract_time_varying [flops: 581, elapsed: 0.49] >>
     extract_time_invariants [flops: 445, elapsed: 0.34] >>
     eliminate_inter_stencil_redundancies [flops: 331, elapsed: 1.11] >>
     extract_sum_of_products [flops: 241, elapsed: 0.21] >>
     eliminate_inter_stencil_redundancies [flops: 171, elapsed: 0.44] >>
     extract_sum_of_products [flops: 150, elapsed: 0.11] >>
     factorize [flops: 119, elapsed: 0.46] >>
     eliminate_intra_stencil_redundancies [flops: 101, elapsed: 0.33] >>
     finalize [flops: 102, elapsed: 0.03]
     [Total elapsed: 3.54 s]
DLE: avoid_denormals [elapsed: 0.00] >>
     loop_fission [elapsed: 0.10] >>
     loop_blocking [elapsed: 3.12] >>
     simdize [elapsed: 0.49] >>
     ompize [elapsed: 0.71] >>
     create_elemental_functions [elapsed: 3.65] >>
     minimize_remainders [elapsed: 0.21]
     [Total elapsed: 8.28 s]
Allocating memory for rec ((417, 101))
Allocating memory for u ((3, 1044, 1044, 1044))
Allocating memory for v ((3, 1044, 1044, 1044))
IntelCompiler: compiled /tmp/devito-uwql8u5o/d5b1d8894f51f9dd0d0e75bf7c569abf04f8d37e.c [13.03 s]
AutoTuner: Block shape <8,8,8> took 9.459560 (s) in 3 time steps
AutoTuner: Block shape <16,16,16> took 7.158552 (s) in 3 time steps
AutoTuner: Block shape <24,24,24> took 5.934685 (s) in 3 time steps
AutoTuner: Block shape <32,32,32> took 5.386446 (s) in 3 time steps
AutoTuner: Block shape <40,40,40> took 4.886556 (s) in 3 time steps
AutoTuner: Block shape <8,8,16> took 7.179831 (s) in 3 time steps
AutoTuner: Block shape <8,8,24> took 5.883993 (s) in 3 time steps
AutoTuner: Block shape <8,8,32> took 5.541146 (s) in 3 time steps
AutoTuner: Block shape <8,8,40> took 4.994029 (s) in 3 time steps
AutoTuner: Block shape <8,8,64> took 4.654470 (s) in 3 time steps
AutoTuner: Block shape <8,8,128> took 4.316501 (s) in 3 time steps
AutoTuner: Block shape <8,8,256> took 4.238273 (s) in 3 time steps
AutoTuner: Block shape <8,8,512> took 4.208014 (s) in 3 time steps
AutoTuner: Block shape <8,8,1024> took 4.268146 (s) in 3 time steps
AutoTuner: Block shape <8,8,1040> took 4.238783 (s) in 3 time steps
AutoTuner: Block shape <16,16,8> took 10.250572 (s) in 3 time steps
AutoTuner: Block shape <16,16,24> took 5.857303 (s) in 3 time steps
AutoTuner: Block shape <16,16,32> took 5.460110 (s) in 3 time steps
AutoTuner: Block shape <16,16,40> took 4.905250 (s) in 3 time steps
AutoTuner: Block shape <16,16,64> took 4.470381 (s) in 3 time steps
AutoTuner: Block shape <16,16,128> took 4.086800 (s) in 3 time steps
AutoTuner: Block shape <16,16,256> took 3.930888 (s) in 3 time steps
AutoTuner: Block shape <16,16,512> took 3.971492 (s) in 3 time steps
AutoTuner: Block shape <24,24,8> took 10.423393 (s) in 3 time steps
AutoTuner: Block shape <24,24,16> took 7.225796 (s) in 3 time steps
AutoTuner: Block shape <24,24,32> took 5.415406 (s) in 3 time steps
AutoTuner: Block shape <24,24,40> took 4.922424 (s) in 3 time steps
AutoTuner: Block shape <24,24,64> took 4.418071 (s) in 3 time steps
AutoTuner: Block shape <24,24,128> took 4.074076 (s) in 3 time steps
AutoTuner: Block shape <24,24,256> took 4.028726 (s) in 3 time steps
AutoTuner: Block shape <32,32,8> took 10.704001 (s) in 3 time steps
AutoTuner: Block shape <32,32,16> took 7.266438 (s) in 3 time steps
AutoTuner: Block shape <32,32,24> took 5.942752 (s) in 3 time steps
AutoTuner: Block shape <32,32,40> took 4.874672 (s) in 3 time steps
AutoTuner: Block shape <32,32,64> took 4.366221 (s) in 3 time steps
AutoTuner: Block shape <32,32,128> took 4.038760 (s) in 3 time steps
AutoTuner: Block shape <16,8,8> took 9.929768 (s) in 3 time steps
AutoTuner: Block shape <8,16,8> took 10.410861 (s) in 3 time steps
AutoTuner: Block shape <16,8,16> took 7.148752 (s) in 3 time steps
AutoTuner: Block shape <8,16,16> took 7.444288 (s) in 3 time steps
AutoTuner: Block shape <32,16,16> took 7.110032 (s) in 3 time steps
AutoTuner: Block shape <16,32,16> took 7.353202 (s) in 3 time steps
AutoTuner: Block shape <32,16,32> took 5.365513 (s) in 3 time steps
AutoTuner: Block shape <16,32,32> took 5.461609 (s) in 3 time steps
AutoTuner: Block shape <48,24,24> took 5.898209 (s) in 3 time steps
AutoTuner: Block shape <24,48,24> took 6.001173 (s) in 3 time steps
AutoTuner: Block shape <24,24,48> took 4.818994 (s) in 3 time steps
AutoTuner: Block shape <48,48,24> took 5.952451 (s) in 3 time steps
AutoTuner: Block shape <48,24,48> took 4.791182 (s) in 3 time steps
AutoTuner: Block shape <24,48,48> took 4.903828 (s) in 3 time steps
AutoTuner: Block shape <48,48,48> took 4.806845 (s) in 3 time steps
AutoTuner: Block shape <64,32,32> took 5.374579 (s) in 3 time steps
AutoTuner: Block shape <32,64,32> took 5.407882 (s) in 3 time steps
AutoTuner: Block shape <64,64,32> took 5.415313 (s) in 3 time steps
AutoTuner: Block shape <64,32,64> took 4.380435 (s) in 3 time steps
AutoTuner: Block shape <32,64,64> took 4.394230 (s) in 3 time steps
AutoTuner: Block shape <80,40,40> took 4.915902 (s) in 3 time steps
AutoTuner: Block shape <40,80,40> took 4.928206 (s) in 3 time steps
AutoTuner: Block shape <40,40,80> took 4.250436 (s) in 3 time steps
Auto-tuned block shape: {'x0_block_size': 16, 'y0_block_size': 16, 'z0_block_size': 256}
=========================================================================================
Section section_0<1042,1042,1042> with OI=0.17 computed in 0.945 s [4.79 GFlops/s]
Section section_3<415,1> with OI=0.64 computed in 0.001 s [0.03 GFlops/s]
Section section_4<415,101> with OI=1.27 computed in 0.064 s [0.06 GFlops/s]
Section main<415,1042,1042,1042> with OI=1.58 computed in 958.930 s [49.94 GFlops/s, 0.49 GPts/s]
=========================================================================================
Allocating memory for m ((1044, 1044, 1044))
Allocating memory for damp ((1044, 1044, 1044))
Allocating memory for epsilon ((1044, 1044, 1044))
Allocating memory for delta ((1044, 1044, 1044))
Allocating memory for theta ((1044, 1044, 1044))
Allocating memory for phi ((1044, 1044, 1044))
Allocating memory for src ((417, 1))
Allocating memory for src_coords ((1, 3))
Allocating memory for nrec_coords ((101, 3))
Allocating memory for rec_coords ((101, 3))
DSE: extract_time_varying [flops: 581, elapsed: 0.49] >>
     extract_time_invariants [flops: 445, elapsed: 0.34] >>
     eliminate_inter_stencil_redundancies [flops: 331, elapsed: 1.11] >>
     extract_sum_of_products [flops: 241, elapsed: 0.21] >>
     eliminate_inter_stencil_redundancies [flops: 171, elapsed: 0.44] >>
     extract_sum_of_products [flops: 150, elapsed: 0.11] >>
     factorize [flops: 119, elapsed: 0.46] >>
     eliminate_intra_stencil_redundancies [flops: 101, elapsed: 0.33] >>
     finalize [flops: 102, elapsed: 0.03]
     [Total elapsed: 3.54 s]
DLE: avoid_denormals [elapsed: 0.00] >>
     loop_fission [elapsed: 0.10] >>
     loop_blocking [elapsed: 3.12] >>
     simdize [elapsed: 0.48] >>
     ompize [elapsed: 0.71] >>
     create_elemental_functions [elapsed: 3.66] >>
     minimize_remainders [elapsed: 0.21]
     [Total elapsed: 8.28 s]
Allocating memory for rec ((417, 101))
Allocating memory for u ((3, 1044, 1044, 1044))
Allocating memory for v ((3, 1044, 1044, 1044))
IntelCompiler: compiled /tmp/devito-uwql8u5o/1431b3a6af446e7c4402b3eb09d2a6b6c758550f.c [12.97 s]
AutoTuner: Block shape <8,8,8> took 9.461726 (s) in 3 time steps
AutoTuner: Block shape <16,16,16> took 7.152749 (s) in 3 time steps
AutoTuner: Block shape <24,24,24> took 5.932301 (s) in 3 time steps
AutoTuner: Block shape <32,32,32> took 5.397967 (s) in 3 time steps
AutoTuner: Block shape <40,40,40> took 4.891255 (s) in 3 time steps
AutoTuner: Block shape <8,8,16> took 7.148292 (s) in 3 time steps
AutoTuner: Block shape <8,8,24> took 5.802134 (s) in 3 time steps
AutoTuner: Block shape <8,8,32> took 5.562743 (s) in 3 time steps
AutoTuner: Block shape <8,8,40> took 5.087697 (s) in 3 time steps
AutoTuner: Block shape <8,8,64> took 4.653998 (s) in 3 time steps
AutoTuner: Block shape <8,8,128> took 4.319598 (s) in 3 time steps
AutoTuner: Block shape <8,8,256> took 4.236266 (s) in 3 time steps
AutoTuner: Block shape <8,8,512> took 4.211005 (s) in 3 time steps
AutoTuner: Block shape <8,8,1024> took 4.275156 (s) in 3 time steps
AutoTuner: Block shape <8,8,1040> took 4.247719 (s) in 3 time steps
AutoTuner: Block shape <16,16,8> took 10.253744 (s) in 3 time steps
AutoTuner: Block shape <16,16,24> took 5.855096 (s) in 3 time steps
AutoTuner: Block shape <16,16,32> took 5.403313 (s) in 3 time steps
AutoTuner: Block shape <16,16,40> took 4.901088 (s) in 3 time steps
AutoTuner: Block shape <16,16,64> took 4.489101 (s) in 3 time steps
AutoTuner: Block shape <16,16,128> took 4.287128 (s) in 3 time steps
AutoTuner: Block shape <16,16,256> took 3.931567 (s) in 3 time steps
AutoTuner: Block shape <16,16,512> took 3.978984 (s) in 3 time steps
AutoTuner: Block shape <24,24,8> took 10.417731 (s) in 3 time steps
AutoTuner: Block shape <24,24,16> took 7.218626 (s) in 3 time steps
AutoTuner: Block shape <24,24,32> took 5.423159 (s) in 3 time steps
AutoTuner: Block shape <24,24,40> took 4.916785 (s) in 3 time steps
AutoTuner: Block shape <24,24,64> took 4.416175 (s) in 3 time steps
AutoTuner: Block shape <24,24,128> took 4.073841 (s) in 3 time steps
AutoTuner: Block shape <24,24,256> took 3.967298 (s) in 3 time steps
AutoTuner: Block shape <32,32,8> took 10.656140 (s) in 3 time steps
AutoTuner: Block shape <32,32,16> took 7.266173 (s) in 3 time steps
AutoTuner: Block shape <32,32,24> took 5.940703 (s) in 3 time steps
AutoTuner: Block shape <32,32,40> took 4.883139 (s) in 3 time steps
AutoTuner: Block shape <32,32,64> took 4.370767 (s) in 3 time steps
AutoTuner: Block shape <32,32,128> took 4.036800 (s) in 3 time steps
AutoTuner: Block shape <16,8,8> took 9.933143 (s) in 3 time steps
AutoTuner: Block shape <8,16,8> took 10.411572 (s) in 3 time steps
AutoTuner: Block shape <16,8,16> took 7.093069 (s) in 3 time steps
AutoTuner: Block shape <8,16,16> took 7.465574 (s) in 3 time steps
AutoTuner: Block shape <32,16,16> took 7.193053 (s) in 3 time steps
AutoTuner: Block shape <16,32,16> took 7.339438 (s) in 3 time steps
AutoTuner: Block shape <32,16,32> took 5.359406 (s) in 3 time steps
AutoTuner: Block shape <16,32,32> took 5.472329 (s) in 3 time steps
AutoTuner: Block shape <48,24,24> took 5.906957 (s) in 3 time steps
AutoTuner: Block shape <24,48,24> took 6.006155 (s) in 3 time steps
AutoTuner: Block shape <24,24,48> took 4.821887 (s) in 3 time steps
AutoTuner: Block shape <48,48,24> took 5.948984 (s) in 3 time steps
AutoTuner: Block shape <48,24,48> took 4.756874 (s) in 3 time steps
AutoTuner: Block shape <24,48,48> took 4.819259 (s) in 3 time steps
AutoTuner: Block shape <48,48,48> took 4.898254 (s) in 3 time steps
AutoTuner: Block shape <64,32,32> took 5.392086 (s) in 3 time steps
AutoTuner: Block shape <32,64,32> took 5.415008 (s) in 3 time steps
AutoTuner: Block shape <64,64,32> took 5.414425 (s) in 3 time steps
AutoTuner: Block shape <64,32,64> took 4.381750 (s) in 3 time steps
AutoTuner: Block shape <32,64,64> took 4.422761 (s) in 3 time steps
AutoTuner: Block shape <80,40,40> took 4.910633 (s) in 3 time steps
AutoTuner: Block shape <40,80,40> took 4.926548 (s) in 3 time steps
AutoTuner: Block shape <40,40,80> took 4.250075 (s) in 3 time steps
Auto-tuned block shape: {'x0_block_size': 16, 'y0_block_size': 16, 'z0_block_size': 256}
=========================================================================================
Section section_0<1042,1042,1042> with OI=0.17 computed in 0.948 s [4.77 GFlops/s]
Section section_3<415,1> with OI=0.64 computed in 0.001 s [0.03 GFlops/s]
Section section_4<415,101> with OI=1.27 computed in 0.045 s [0.09 GFlops/s]
Section main<415,1042,1042,1042> with OI=1.58 computed in 958.367 s [49.97 GFlops/s, 0.49 GPts/s]
=========================================================================================


OpesciBench: Running 3 repeats - parameters: arch: unknown, autotune: True, dle: advanced, dse: basic, nbpml: 10, shape: (1024, 1024, 1024), space_order: 4, spacing: (20.0, 20.0, 20.0), time_order: 2, tn: 1000
OpesciBench [07:27:51]: --- Run 0 ---
icc -O3 -g -fPIC -Wall -std=c99 -xhost -shared -qopenmp /tmp/devito-uwql8u5o/e76a5e5431156145bcabff0eed0bfc122ac5460b.c -o /tmp/devito-uwql8u5o/e76a5e5431156145bcabff0eed0bfc122ac5460b.so
OpesciBench [07:53:32]: --- Run 0 finished ---

OpesciBench [07:53:32]: --- Run 1 ---
icc -O3 -g -fPIC -Wall -std=c99 -xhost -shared -qopenmp /tmp/devito-uwql8u5o/e76a5e5431156145bcabff0eed0bfc122ac5460b.c -o /tmp/devito-uwql8u5o/e76a5e5431156145bcabff0eed0bfc122ac5460b.so
OpesciBench [08:19:24]: --- Run 1 finished ---

OpesciBench [08:19:24]: --- Run 2 ---
icc -O3 -g -fPIC -Wall -std=c99 -xhost -shared -qopenmp /tmp/devito-uwql8u5o/e76a5e5431156145bcabff0eed0bfc122ac5460b.c -o /tmp/devito-uwql8u5o/e76a5e5431156145bcabff0eed0bfc122ac5460b.so
OpesciBench [08:45:16]: --- Run 2 finished ---





OpesciBench: Running 3 repeats - parameters: arch: unknown, autotune: True, dle: advanced, dse: advanced, nbpml: 10, shape: (1024, 1024, 1024), space_order: 4, spacing: (20.0, 20.0, 20.0), time_order: 2, tn: 1000
OpesciBench [08:45:16]: --- Run 0 ---
icc -O3 -g -fPIC -Wall -std=c99 -xhost -shared -qopenmp /tmp/devito-uwql8u5o/1a300a6eae984663d1c29483feabc8e5c918b4e1.c -o /tmp/devito-uwql8u5o/1a300a6eae984663d1c29483feabc8e5c918b4e1.so
OpesciBench [09:05:59]: --- Run 0 finished ---

OpesciBench [09:05:59]: --- Run 1 ---
icc -O3 -g -fPIC -Wall -std=c99 -xhost -shared -qopenmp /tmp/devito-uwql8u5o/1a300a6eae984663d1c29483feabc8e5c918b4e1.c -o /tmp/devito-uwql8u5o/1a300a6eae984663d1c29483feabc8e5c918b4e1.so
OpesciBench [09:26:41]: --- Run 1 finished ---

OpesciBench [09:26:41]: --- Run 2 ---
icc -O3 -g -fPIC -Wall -std=c99 -xhost -shared -qopenmp /tmp/devito-uwql8u5o/1a300a6eae984663d1c29483feabc8e5c918b4e1.c -o /tmp/devito-uwql8u5o/1a300a6eae984663d1c29483feabc8e5c918b4e1.so
OpesciBench [09:47:23]: --- Run 2 finished ---





OpesciBench: Running 3 repeats - parameters: arch: unknown, autotune: True, dle: advanced, dse: aggressive, nbpml: 10, shape: (1024, 1024, 1024), space_order: 4, spacing: (20.0, 20.0, 20.0), time_order: 2, tn: 1000
OpesciBench [09:47:23]: --- Run 0 ---
icc -O3 -g -fPIC -Wall -std=c99 -xhost -shared -qopenmp /tmp/devito-uwql8u5o/ebbc18cbc297027e8c587ed24c6e5830c49e727b.c -o /tmp/devito-uwql8u5o/ebbc18cbc297027e8c587ed24c6e5830c49e727b.so
OpesciBench [10:12:38]: --- Run 0 finished ---

OpesciBench [10:12:38]: --- Run 1 ---
icc -O3 -g -fPIC -Wall -std=c99 -xhost -shared -qopenmp /tmp/devito-uwql8u5o/d5b1d8894f51f9dd0d0e75bf7c569abf04f8d37e.c -o /tmp/devito-uwql8u5o/d5b1d8894f51f9dd0d0e75bf7c569abf04f8d37e.so
OpesciBench [10:37:55]: --- Run 1 finished ---

OpesciBench [10:37:55]: --- Run 2 ---
icc -O3 -g -fPIC -Wall -std=c99 -xhost -shared -qopenmp /tmp/devito-uwql8u5o/1431b3a6af446e7c4402b3eb09d2a6b6c758550f.c -o /tmp/devito-uwql8u5o/1431b3a6af446e7c4402b3eb09d2a6b6c758550f.so
OpesciBench [11:03:12]: --- Run 2 finished ---



Sat Dec 23 11:03:14 PST 2017
top - 11:03:14 up 5 days,  2:09,  1 user,  load average: 262.16, 268.74, 258.28
Tasks: 2270 total,   1 running, 2269 sleeping,   0 stopped,   0 zombie
%Cpu(s): 29.6 us,  1.5 sy,  0.0 ni, 68.9 id,  0.0 wa,  0.0 hi,  0.0 si,  0.0 st
KiB Mem : 11538529+total, 11158684+free,  1483408 used,  2315044 buff/cache
KiB Swap: 58593276 total, 58593276 free,        0 used. 11299120+avail Mem 

   PID USER      PR  NI    VIRT    RES    SHR S  %CPU %MEM     TIME+ COMMAND
226208 cyount    20   0  152536   4312   1476 R  54.1  0.0   0:00.42 top
     1 root      20   0   51548  13932   2384 S   0.0  0.0   2:31.17 systemd
     2 root      20   0       0      0      0 S   0.0  0.0   0:00.17 kthreadd
     3 root      20   0       0      0      0 S   0.0  0.0   0:00.09 ksoftirqd/0
     4 root      20   0       0      0      0 S   0.0  0.0  12:58.09 kworker/0:0
     5 root       0 -20       0      0      0 S   0.0  0.0   0:00.00 kworker/0:0H
     7 root      rt   0       0      0      0 S   0.0  0.0   0:04.75 migration/0
     8 root      20   0       0      0      0 S   0.0  0.0   0:00.00 rcu_bh
     9 root      20   0       0      0      0 S   0.0  0.0   0:00.00 rcuob/0
    10 root      20   0       0      0      0 S   0.0  0.0   0:00.00 rcuob/1
    11 root      20   0       0      0      0 S   0.0  0.0   0:00.00 rcuob/2
    12 root      20   0       0      0      0 S   0.0  0.0   0:00.00 rcuob/3
    13 root      20   0       0      0      0 S   0.0  0.0   0:00.00 rcuob/4
    14 root      20   0       0      0      0 S   0.0  0.0   0:00.00 rcuob/5
    15 root      20   0       0      0      0 S   0.0  0.0   0:00.00 rcuob/6
    16 root      20   0       0      0      0 S   0.0  0.0   0:00.00 rcuob/7
    17 root      20   0       0      0      0 S   0.0  0.0   0:00.00 rcuob/8
    18 root      20   0       0      0      0 S   0.0  0.0   0:00.00 rcuob/9
    19 root      20   0       0      0      0 S   0.0  0.0   0:00.00 rcuob/10
    20 root      20   0       0      0      0 S   0.0  0.0   0:00.00 rcuob/11
    21 root      20   0       0      0      0 S   0.0  0.0   0:00.00 rcuob/12
    22 root      20   0       0      0      0 S   0.0  0.0   0:00.00 rcuob/13
    23 root      20   0       0      0      0 S   0.0  0.0   0:00.00 rcuob/14
