Fri Dec 22 06:00:10 PST 2017
Linux ortce-skl3 3.10.0-327.el7.x86_64 #1 SMP Thu Oct 29 17:29:29 EDT 2015 x86_64 x86_64 x86_64 GNU/Linux
Architecture:          x86_64
CPU op-mode(s):        32-bit, 64-bit
Byte Order:            Little Endian
CPU(s):                112
On-line CPU(s) list:   0-111
Thread(s) per core:    2
Core(s) per socket:    28
Socket(s):             2
NUMA node(s):          2
Vendor ID:             GenuineIntel
CPU family:            6
Model:                 85
Model name:            Intel(R) Xeon(R) Platinum 8180 CPU @ 2.50GHz
Stepping:              4
CPU MHz:               2501.000
BogoMIPS:              4993.64
Virtualization:        VT-x
L1d cache:             32K
L1i cache:             32K
L2 cache:              1024K
L3 cache:              39424K
NUMA node0 CPU(s):     0-27,56-83
NUMA node1 CPU(s):     28-55,84-111
Linux ortce-skl3 3.10.0-327.el7.x86_64 #1 SMP Thu Oct 29 17:29:29 EDT 2015 x86_64 x86_64 x86_64 GNU/Linux
available: 2 nodes (0-1)
node 0 cpus: 0 1 2 3 4 5 6 7 8 9 10 11 12 13 14 15 16 17 18 19 20 21 22 23 24 25 26 27 56 57 58 59 60 61 62 63 64 65 66 67 68 69 70 71 72 73 74 75 76 77 78 79 80 81 82 83
node 0 size: 96973 MB
node 0 free: 90317 MB
node 1 cpus: 28 29 30 31 32 33 34 35 36 37 38 39 40 41 42 43 44 45 46 47 48 49 50 51 52 53 54 55 84 85 86 87 88 89 90 91 92 93 94 95 96 97 98 99 100 101 102 103 104 105 106 107 108 109 110 111
node 1 size: 98304 MB
node 1 free: 92976 MB
node distances:
node   0   1 
  0:  10  21 
  1:  21  10 

Per-node system memory usage (in MBs):
                          Node 0          Node 1           Total
                 --------------- --------------- ---------------
MemTotal                96973.63        98304.00       195277.63
MemFree                 90317.93        92976.86       183294.80
MemUsed                  6655.70         5327.14        11982.83
Active                    388.98          576.16          965.14
Inactive                 2621.75         2118.48         4740.23
Active(anon)              211.00           23.21          234.20
Inactive(anon)           1565.42          670.88         2236.30
Active(file)              177.99          552.95          730.94
Inactive(file)           1056.33         1447.60         2503.93
Unevictable                 0.00            0.00            0.00
Mlocked                     0.00            0.00            0.00
Dirty                       0.03            0.01            0.04
Writeback                   0.00            0.00            0.00
FilePages                2769.11         2670.17         5439.29
Mapped                     41.95           10.63           52.58
AnonPages                 289.91          165.16          455.06
Shmem                      14.25            2.68           16.94
KernelStack                33.27           10.30           43.56
PageTables                 28.41           22.10           50.50
NFS_Unstable                0.00            0.00            0.00
Bounce                      0.00            0.00            0.00
WritebackTmp                0.00            0.00            0.00
Slab                      399.30          325.53          724.83
SReclaimable              203.41          139.92          343.34
SUnreclaim                195.89          185.61          381.50
AnonHugePages             104.00          144.00          248.00
HugePages_Total             0.00            0.00            0.00
HugePages_Free              0.00            0.00            0.00
HugePages_Surp              0.00            0.00            0.00
top - 06:00:11 up 22 days, 20:49,  3 users,  load average: 51.61, 53.47, 50.79
Tasks: 1952 total,   1 running, 1951 sleeping,   0 stopped,   0 zombie
%Cpu(s):  6.2 us,  0.1 sy,  0.0 ni, 93.7 id,  0.0 wa,  0.0 hi,  0.0 si,  0.0 st
KiB Mem : 19652648+total, 18769478+free,  4759628 used,  4072076 buff/cache
KiB Swap: 50331644 total, 47136912 free,  3194732 used. 19102099+avail Mem 

   PID USER      PR  NI    VIRT    RES    SHR S  %CPU %MEM     TIME+ COMMAND
140691 cyount    20   0  152236   3932   1476 R   5.9  0.0   0:00.02 top
     1 root      20   0  197856   6640   1468 S   0.0  0.0   1:12.40 systemd
     2 root      20   0       0      0      0 S   0.0  0.0   0:00.30 kthreadd
     3 root      20   0       0      0      0 S   0.0  0.0   0:00.13 ksoftirqd/0
     5 root       0 -20       0      0      0 S   0.0  0.0   0:00.00 kworker/0:0H
     8 root      rt   0       0      0      0 S   0.0  0.0   0:01.43 migration/0
     9 root      20   0       0      0      0 S   0.0  0.0   0:00.00 rcu_bh
    10 root      20   0       0      0      0 S   0.0  0.0   0:00.00 rcuob/0
    11 root      20   0       0      0      0 S   0.0  0.0   0:00.00 rcuob/1
    12 root      20   0       0      0      0 S   0.0  0.0   0:00.00 rcuob/2
    13 root      20   0       0      0      0 S   0.0  0.0   0:00.00 rcuob/3
    14 root      20   0       0      0      0 S   0.0  0.0   0:00.00 rcuob/4
    15 root      20   0       0      0      0 S   0.0  0.0   0:00.00 rcuob/5
    16 root      20   0       0      0      0 S   0.0  0.0   0:00.00 rcuob/6
    17 root      20   0       0      0      0 S   0.0  0.0   0:00.00 rcuob/7
    18 root      20   0       0      0      0 S   0.0  0.0   0:00.00 rcuob/8
    19 root      20   0       0      0      0 S   0.0  0.0   0:00.00 rcuob/9
    20 root      20   0       0      0      0 S   0.0  0.0   0:00.00 rcuob/10
    21 root      20   0       0      0      0 S   0.0  0.0   0:00.00 rcuob/11
    22 root      20   0       0      0      0 S   0.0  0.0   0:00.00 rcuob/12
    23 root      20   0       0      0      0 S   0.0  0.0   0:00.00 rcuob/13
    24 root      20   0       0      0      0 S   0.0  0.0   0:00.00 rcuob/14
    25 root      20   0       0      0      0 S   0.0  0.0   0:00.00 rcuob/15
env DEVITO_PLATFORM=skx DEVITO_ISA=avx512 DEVITO_DEBUG_COMPILER=1 DEVITO_DLE_OPTIONS=blockinner:True DEVITO_AUTOTUNING=aggressive DEVITO_BACKEND=core DEVITO_OPENMP=1 DEVITO_ARCH=intel DEVITO_LOGGING=DEBUG DEVITO_YASK_AUTOTUNING=preemptive DEVITO_YASK_DUMP=devito.bench.2017-12-22/tti/core/bmdse/ortce-skl3/grid1024/so4 numactl --cpubind=1 python examples/seismic/benchmark.py bench -bm dse -P tti -so 4 -to 2 -d 1024 1024 1024 --tn 1000 -x 3 -r devito.bench.2017-12-22/tti/core/bmdse/ortce-skl3/grid1024/so4
Allocating memory for m ((1044, 1044, 1044))
Allocating memory for damp ((1044, 1044, 1044))
Allocating memory for epsilon ((1044, 1044, 1044))
Allocating memory for delta ((1044, 1044, 1044))
Allocating memory for theta ((1044, 1044, 1044))
Allocating memory for phi ((1044, 1044, 1044))
Allocating memory for src ((417, 1))
Allocating memory for src_coords ((1, 3))
Allocating memory for nrec_coords ((101, 3))
Allocating memory for rec_coords ((101, 3))
DSE: eliminate_intra_stencil_redundancies [flops: 297, elapsed: 0.09] >>
     finalize [flops: 299, elapsed: 0.01]
     [Total elapsed: 0.10 s]
DLE: avoid_denormals [elapsed: 0.00] >>
     loop_fission [elapsed: 0.01] >>
     loop_blocking [elapsed: 0.09] >>
     simdize [elapsed: 0.31] >>
     ompize [elapsed: 0.04] >>
     create_elemental_functions [elapsed: 0.15] >>
     minimize_remainders [elapsed: 0.01]
     [Total elapsed: 0.62 s]
Allocating memory for rec ((417, 101))
Allocating memory for u ((3, 1044, 1044, 1044))
Allocating memory for v ((3, 1044, 1044, 1044))
IntelCompiler: compiled /tmp/devito-g9e4yukz/e76a5e5431156145bcabff0eed0bfc122ac5460b.c [1.76 s]
AutoTuner: Block shape <8,8,8> took 1.989786 (s) in 3 time steps
AutoTuner: Block shape <16,16,16> took 2.030997 (s) in 3 time steps
AutoTuner: Block shape <24,24,24> took 2.132989 (s) in 3 time steps
AutoTuner: Block shape <32,32,32> took 2.139113 (s) in 3 time steps
AutoTuner: Block shape <40,40,40> took 2.078969 (s) in 3 time steps
AutoTuner: Block shape <64,64,64> took 2.105995 (s) in 3 time steps
AutoTuner: Block shape <128,128,128> took 2.654377 (s) in 3 time steps
AutoTuner: Block shape <256,256,256> took 3.163823 (s) in 3 time steps
AutoTuner: Block shape <512,512,512> took 4.909795 (s) in 3 time steps
AutoTuner: Block shape <1024,1024,1024> took 28.745321 (s) in 3 time steps
AutoTuner: Block shape <1040,1040,1040> took 27.726995 (s) in 3 time steps
AutoTuner: Block shape <8,8,16> took 2.103604 (s) in 3 time steps
AutoTuner: Block shape <8,8,24> took 1.945544 (s) in 3 time steps
AutoTuner: Block shape <8,8,32> took 1.888958 (s) in 3 time steps
AutoTuner: Block shape <8,8,40> took 1.887227 (s) in 3 time steps
AutoTuner: Block shape <8,8,64> took 1.948128 (s) in 3 time steps
AutoTuner: Block shape <8,8,128> took 1.873547 (s) in 3 time steps
AutoTuner: Block shape <8,8,256> took 1.637675 (s) in 3 time steps
AutoTuner: Block shape <8,8,512> took 1.664069 (s) in 3 time steps
AutoTuner: Block shape <8,8,1024> took 2.228597 (s) in 3 time steps
AutoTuner: Block shape <8,8,1040> took 2.219424 (s) in 3 time steps
AutoTuner: Block shape <16,16,8> took 1.875024 (s) in 3 time steps
AutoTuner: Block shape <16,16,24> took 1.926973 (s) in 3 time steps
AutoTuner: Block shape <16,16,32> took 1.927936 (s) in 3 time steps
AutoTuner: Block shape <16,16,40> took 1.955052 (s) in 3 time steps
AutoTuner: Block shape <16,16,64> took 2.034458 (s) in 3 time steps
AutoTuner: Block shape <16,16,128> took 1.925987 (s) in 3 time steps
AutoTuner: Block shape <16,16,256> took 1.853817 (s) in 3 time steps
AutoTuner: Block shape <16,16,512> took 2.141035 (s) in 3 time steps
AutoTuner: Block shape <16,16,1024> took 2.447575 (s) in 3 time steps
AutoTuner: Block shape <16,16,1040> took 2.439180 (s) in 3 time steps
AutoTuner: Block shape <24,24,8> took 2.101691 (s) in 3 time steps
AutoTuner: Block shape <24,24,16> took 2.200011 (s) in 3 time steps
AutoTuner: Block shape <24,24,32> took 2.107639 (s) in 3 time steps
AutoTuner: Block shape <24,24,40> took 2.081866 (s) in 3 time steps
AutoTuner: Block shape <24,24,64> took 2.042253 (s) in 3 time steps
AutoTuner: Block shape <24,24,128> took 1.985674 (s) in 3 time steps
AutoTuner: Block shape <24,24,256> took 2.063192 (s) in 3 time steps
AutoTuner: Block shape <24,24,512> took 2.330778 (s) in 3 time steps
AutoTuner: Block shape <24,24,1024> took 2.535855 (s) in 3 time steps
AutoTuner: Block shape <24,24,1040> took 2.529125 (s) in 3 time steps
AutoTuner: Block shape <32,32,8> took 2.582459 (s) in 3 time steps
AutoTuner: Block shape <32,32,16> took 2.324439 (s) in 3 time steps
AutoTuner: Block shape <32,32,24> took 2.219269 (s) in 3 time steps
AutoTuner: Block shape <32,32,40> took 2.084586 (s) in 3 time steps
AutoTuner: Block shape <32,32,64> took 2.041294 (s) in 3 time steps
AutoTuner: Block shape <32,32,128> took 2.049615 (s) in 3 time steps
AutoTuner: Block shape <32,32,256> took 2.152144 (s) in 3 time steps
AutoTuner: Block shape <32,32,512> took 2.458886 (s) in 3 time steps
AutoTuner: Block shape <32,32,1024> took 2.649291 (s) in 3 time steps
AutoTuner: Block shape <32,32,1040> took 2.640022 (s) in 3 time steps
AutoTuner: Block shape <16,8,8> took 1.917899 (s) in 3 time steps
AutoTuner: Block shape <8,16,8> took 1.911890 (s) in 3 time steps
AutoTuner: Block shape <16,8,16> took 2.058843 (s) in 3 time steps
AutoTuner: Block shape <8,16,16> took 2.053676 (s) in 3 time steps
AutoTuner: Block shape <32,16,16> took 2.175173 (s) in 3 time steps
AutoTuner: Block shape <16,32,16> took 2.168339 (s) in 3 time steps
AutoTuner: Block shape <32,16,32> took 2.097355 (s) in 3 time steps
AutoTuner: Block shape <16,32,32> took 2.091739 (s) in 3 time steps
AutoTuner: Block shape <48,24,24> took 2.225677 (s) in 3 time steps
AutoTuner: Block shape <24,48,24> took 2.222805 (s) in 3 time steps
AutoTuner: Block shape <24,24,48> took 2.064930 (s) in 3 time steps
AutoTuner: Block shape <48,48,24> took 2.223576 (s) in 3 time steps
AutoTuner: Block shape <48,24,48> took 2.061739 (s) in 3 time steps
AutoTuner: Block shape <24,48,48> took 2.070916 (s) in 3 time steps
AutoTuner: Block shape <48,48,48> took 2.077585 (s) in 3 time steps
AutoTuner: Block shape <64,32,32> took 2.141544 (s) in 3 time steps
AutoTuner: Block shape <32,64,32> took 2.156939 (s) in 3 time steps
AutoTuner: Block shape <64,64,32> took 2.168070 (s) in 3 time steps
AutoTuner: Block shape <64,32,64> took 2.045983 (s) in 3 time steps
AutoTuner: Block shape <32,64,64> took 2.122531 (s) in 3 time steps
AutoTuner: Block shape <80,40,40> took 2.081308 (s) in 3 time steps
AutoTuner: Block shape <40,80,40> took 2.164078 (s) in 3 time steps
AutoTuner: Block shape <40,40,80> took 2.030283 (s) in 3 time steps
AutoTuner: Block shape <80,80,40> took 2.168241 (s) in 3 time steps
AutoTuner: Block shape <80,40,80> took 2.035000 (s) in 3 time steps
AutoTuner: Block shape <40,80,80> took 2.232818 (s) in 3 time steps
AutoTuner: Block shape <80,80,80> took 2.250424 (s) in 3 time steps
AutoTuner: Block shape <128,64,64> took 2.136437 (s) in 3 time steps
AutoTuner: Block shape <64,128,64> took 2.435492 (s) in 3 time steps
AutoTuner: Block shape <64,64,128> took 2.251977 (s) in 3 time steps
AutoTuner: Block shape <128,128,64> took 2.501051 (s) in 3 time steps
AutoTuner: Block shape <128,64,128> took 2.308135 (s) in 3 time steps
AutoTuner: Block shape <64,128,128> took 2.642047 (s) in 3 time steps
AutoTuner: Block shape <256,128,128> took 2.782698 (s) in 3 time steps
AutoTuner: Block shape <128,256,128> took 2.907476 (s) in 3 time steps
AutoTuner: Block shape <128,128,256> took 2.805229 (s) in 3 time steps
AutoTuner: Block shape <256,256,128> took 3.047870 (s) in 3 time steps
AutoTuner: Block shape <256,128,256> took 2.716194 (s) in 3 time steps
AutoTuner: Block shape <128,256,256> took 2.732454 (s) in 3 time steps
AutoTuner: Block shape <512,256,256> took 3.173385 (s) in 3 time steps
AutoTuner: Block shape <256,512,256> took 3.114485 (s) in 3 time steps
AutoTuner: Block shape <256,256,512> took 2.762700 (s) in 3 time steps
AutoTuner: Block shape <512,512,256> took 3.136655 (s) in 3 time steps
AutoTuner: Block shape <512,256,512> took 2.776551 (s) in 3 time steps
AutoTuner: Block shape <256,512,512> took 2.787589 (s) in 3 time steps
AutoTuner: Block shape <1024,512,512> took 9.076247 (s) in 3 time steps
AutoTuner: Block shape <512,1024,512> took 9.077481 (s) in 3 time steps
AutoTuner: Block shape <512,512,1024> took 8.096744 (s) in 3 time steps
AutoTuner: Block shape <1024,1024,512> took 16.764684 (s) in 3 time steps
AutoTuner: Block shape <1024,512,1024> took 14.838110 (s) in 3 time steps
AutoTuner: Block shape <512,1024,1024> took 14.805422 (s) in 3 time steps
Auto-tuned block shape: {'x0_block_size': 8, 'y0_block_size': 8, 'z0_block_size': 256}
=========================================================================================
Section section_1<415,1> with OI=0.64 computed in 0.000 s [0.11 GFlops/s]
Section section_2<415,101> with OI=1.27 computed in 0.005 s [0.77 GFlops/s]
Section main<415,1040,1040,1040> with OI=7.35 computed in 681.804 s [204.72 GFlops/s, 0.68 GPts/s]
=========================================================================================
Allocating memory for m ((1044, 1044, 1044))
Allocating memory for damp ((1044, 1044, 1044))
Allocating memory for epsilon ((1044, 1044, 1044))
Allocating memory for delta ((1044, 1044, 1044))
Allocating memory for theta ((1044, 1044, 1044))
Allocating memory for phi ((1044, 1044, 1044))
Allocating memory for src ((417, 1))
Allocating memory for src_coords ((1, 3))
Allocating memory for nrec_coords ((101, 3))
Allocating memory for rec_coords ((101, 3))
DSE: eliminate_intra_stencil_redundancies [flops: 297, elapsed: 0.09] >>
     finalize [flops: 299, elapsed: 0.01]
     [Total elapsed: 0.10 s]
DLE: avoid_denormals [elapsed: 0.00] >>
     loop_fission [elapsed: 0.01] >>
     loop_blocking [elapsed: 0.09] >>
     simdize [elapsed: 0.04] >>
     ompize [elapsed: 0.04] >>
     create_elemental_functions [elapsed: 0.15] >>
     minimize_remainders [elapsed: 0.01]
     [Total elapsed: 0.35 s]
Allocating memory for rec ((417, 101))
Allocating memory for u ((3, 1044, 1044, 1044))
Allocating memory for v ((3, 1044, 1044, 1044))
IntelCompiler: compiled /tmp/devito-g9e4yukz/e76a5e5431156145bcabff0eed0bfc122ac5460b.c [1.76 s]
AutoTuner: Block shape <8,8,8> took 1.977094 (s) in 3 time steps
AutoTuner: Block shape <16,16,16> took 2.032467 (s) in 3 time steps
AutoTuner: Block shape <24,24,24> took 2.132625 (s) in 3 time steps
AutoTuner: Block shape <32,32,32> took 2.137992 (s) in 3 time steps
AutoTuner: Block shape <40,40,40> took 2.078111 (s) in 3 time steps
AutoTuner: Block shape <64,64,64> took 2.107972 (s) in 3 time steps
AutoTuner: Block shape <128,128,128> took 2.646159 (s) in 3 time steps
AutoTuner: Block shape <256,256,256> took 3.057943 (s) in 3 time steps
AutoTuner: Block shape <512,512,512> took 4.922875 (s) in 3 time steps
AutoTuner: Block shape <1024,1024,1024> took 28.621992 (s) in 3 time steps
AutoTuner: Block shape <1040,1040,1040> took 27.612473 (s) in 3 time steps
AutoTuner: Block shape <8,8,16> took 2.102668 (s) in 3 time steps
AutoTuner: Block shape <8,8,24> took 1.941313 (s) in 3 time steps
AutoTuner: Block shape <8,8,32> took 1.885163 (s) in 3 time steps
AutoTuner: Block shape <8,8,40> took 1.884037 (s) in 3 time steps
AutoTuner: Block shape <8,8,64> took 1.944878 (s) in 3 time steps
AutoTuner: Block shape <8,8,128> took 1.877944 (s) in 3 time steps
AutoTuner: Block shape <8,8,256> took 1.635440 (s) in 3 time steps
AutoTuner: Block shape <8,8,512> took 1.663080 (s) in 3 time steps
AutoTuner: Block shape <8,8,1024> took 2.217001 (s) in 3 time steps
AutoTuner: Block shape <8,8,1040> took 2.210261 (s) in 3 time steps
AutoTuner: Block shape <16,16,8> took 1.874075 (s) in 3 time steps
AutoTuner: Block shape <16,16,24> took 1.927665 (s) in 3 time steps
AutoTuner: Block shape <16,16,32> took 1.924538 (s) in 3 time steps
AutoTuner: Block shape <16,16,40> took 1.955336 (s) in 3 time steps
AutoTuner: Block shape <16,16,64> took 2.033265 (s) in 3 time steps
AutoTuner: Block shape <16,16,128> took 1.922471 (s) in 3 time steps
AutoTuner: Block shape <16,16,256> took 1.855608 (s) in 3 time steps
AutoTuner: Block shape <16,16,512> took 2.127928 (s) in 3 time steps
AutoTuner: Block shape <16,16,1024> took 2.434393 (s) in 3 time steps
AutoTuner: Block shape <16,16,1040> took 2.424931 (s) in 3 time steps
AutoTuner: Block shape <24,24,8> took 2.093594 (s) in 3 time steps
AutoTuner: Block shape <24,24,16> took 2.192466 (s) in 3 time steps
AutoTuner: Block shape <24,24,32> took 2.106545 (s) in 3 time steps
AutoTuner: Block shape <24,24,40> took 2.081733 (s) in 3 time steps
AutoTuner: Block shape <24,24,64> took 2.041484 (s) in 3 time steps
AutoTuner: Block shape <24,24,128> took 1.987572 (s) in 3 time steps
AutoTuner: Block shape <24,24,256> took 2.053082 (s) in 3 time steps
AutoTuner: Block shape <24,24,512> took 2.327256 (s) in 3 time steps
AutoTuner: Block shape <24,24,1024> took 2.537506 (s) in 3 time steps
AutoTuner: Block shape <24,24,1040> took 2.529630 (s) in 3 time steps
AutoTuner: Block shape <32,32,8> took 2.573651 (s) in 3 time steps
AutoTuner: Block shape <32,32,16> took 2.323704 (s) in 3 time steps
AutoTuner: Block shape <32,32,24> took 2.218738 (s) in 3 time steps
AutoTuner: Block shape <32,32,40> took 2.083379 (s) in 3 time steps
AutoTuner: Block shape <32,32,64> took 2.040797 (s) in 3 time steps
AutoTuner: Block shape <32,32,128> took 2.046218 (s) in 3 time steps
AutoTuner: Block shape <32,32,256> took 2.128204 (s) in 3 time steps
AutoTuner: Block shape <32,32,512> took 2.454699 (s) in 3 time steps
AutoTuner: Block shape <32,32,1024> took 2.586299 (s) in 3 time steps
AutoTuner: Block shape <32,32,1040> took 2.577959 (s) in 3 time steps
AutoTuner: Block shape <16,8,8> took 1.917948 (s) in 3 time steps
AutoTuner: Block shape <8,16,8> took 1.908576 (s) in 3 time steps
AutoTuner: Block shape <16,8,16> took 2.058343 (s) in 3 time steps
AutoTuner: Block shape <8,16,16> took 2.054564 (s) in 3 time steps
AutoTuner: Block shape <32,16,16> took 2.168726 (s) in 3 time steps
AutoTuner: Block shape <16,32,16> took 2.161050 (s) in 3 time steps
AutoTuner: Block shape <32,16,32> took 2.097974 (s) in 3 time steps
AutoTuner: Block shape <16,32,32> took 2.090440 (s) in 3 time steps
AutoTuner: Block shape <48,24,24> took 2.226813 (s) in 3 time steps
AutoTuner: Block shape <24,48,24> took 2.222657 (s) in 3 time steps
AutoTuner: Block shape <24,24,48> took 2.064539 (s) in 3 time steps
AutoTuner: Block shape <48,48,24> took 2.224747 (s) in 3 time steps
AutoTuner: Block shape <48,24,48> took 2.061758 (s) in 3 time steps
AutoTuner: Block shape <24,48,48> took 2.069618 (s) in 3 time steps
AutoTuner: Block shape <48,48,48> took 2.075717 (s) in 3 time steps
AutoTuner: Block shape <64,32,32> took 2.141702 (s) in 3 time steps
AutoTuner: Block shape <32,64,32> took 2.155065 (s) in 3 time steps
AutoTuner: Block shape <64,64,32> took 2.168299 (s) in 3 time steps
AutoTuner: Block shape <64,32,64> took 2.046222 (s) in 3 time steps
AutoTuner: Block shape <32,64,64> took 2.125654 (s) in 3 time steps
AutoTuner: Block shape <80,40,40> took 2.080356 (s) in 3 time steps
AutoTuner: Block shape <40,80,40> took 2.169752 (s) in 3 time steps
AutoTuner: Block shape <40,40,80> took 2.032181 (s) in 3 time steps
AutoTuner: Block shape <80,80,40> took 2.171596 (s) in 3 time steps
AutoTuner: Block shape <80,40,80> took 2.035939 (s) in 3 time steps
AutoTuner: Block shape <40,80,80> took 2.215887 (s) in 3 time steps
AutoTuner: Block shape <80,80,80> took 2.229137 (s) in 3 time steps
AutoTuner: Block shape <128,64,64> took 2.135370 (s) in 3 time steps
AutoTuner: Block shape <64,128,64> took 2.418971 (s) in 3 time steps
AutoTuner: Block shape <64,64,128> took 2.230983 (s) in 3 time steps
AutoTuner: Block shape <128,128,64> took 2.465530 (s) in 3 time steps
AutoTuner: Block shape <128,64,128> took 2.253926 (s) in 3 time steps
AutoTuner: Block shape <64,128,128> took 2.593402 (s) in 3 time steps
AutoTuner: Block shape <256,128,128> took 2.791640 (s) in 3 time steps
AutoTuner: Block shape <128,256,128> took 2.906308 (s) in 3 time steps
AutoTuner: Block shape <128,128,256> took 2.801807 (s) in 3 time steps
AutoTuner: Block shape <256,256,128> took 2.910739 (s) in 3 time steps
AutoTuner: Block shape <256,128,256> took 2.711722 (s) in 3 time steps
AutoTuner: Block shape <128,256,256> took 2.731402 (s) in 3 time steps
AutoTuner: Block shape <512,256,256> took 3.074638 (s) in 3 time steps
AutoTuner: Block shape <256,512,256> took 3.144296 (s) in 3 time steps
AutoTuner: Block shape <256,256,512> took 2.823729 (s) in 3 time steps
AutoTuner: Block shape <512,512,256> took 3.158887 (s) in 3 time steps
AutoTuner: Block shape <512,256,512> took 2.792768 (s) in 3 time steps
AutoTuner: Block shape <256,512,512> took 2.800843 (s) in 3 time steps
AutoTuner: Block shape <1024,512,512> took 9.088263 (s) in 3 time steps
AutoTuner: Block shape <512,1024,512> took 9.083965 (s) in 3 time steps
AutoTuner: Block shape <512,512,1024> took 8.108069 (s) in 3 time steps
AutoTuner: Block shape <1024,1024,512> took 16.764384 (s) in 3 time steps
AutoTuner: Block shape <1024,512,1024> took 14.831776 (s) in 3 time steps
AutoTuner: Block shape <512,1024,1024> took 14.832736 (s) in 3 time steps
Auto-tuned block shape: {'x0_block_size': 8, 'y0_block_size': 8, 'z0_block_size': 256}
=========================================================================================
Section section_1<415,1> with OI=0.64 computed in 0.000 s [0.10 GFlops/s]
Section section_2<415,101> with OI=1.27 computed in 0.005 s [0.79 GFlops/s]
Section main<415,1040,1040,1040> with OI=7.35 computed in 682.242 s [204.59 GFlops/s, 0.68 GPts/s]
=========================================================================================
Allocating memory for m ((1044, 1044, 1044))
Allocating memory for damp ((1044, 1044, 1044))
Allocating memory for epsilon ((1044, 1044, 1044))
Allocating memory for delta ((1044, 1044, 1044))
Allocating memory for theta ((1044, 1044, 1044))
Allocating memory for phi ((1044, 1044, 1044))
Allocating memory for src ((417, 1))
Allocating memory for src_coords ((1, 3))
Allocating memory for nrec_coords ((101, 3))
Allocating memory for rec_coords ((101, 3))
DSE: eliminate_intra_stencil_redundancies [flops: 297, elapsed: 0.09] >>
     finalize [flops: 299, elapsed: 0.01]
     [Total elapsed: 0.10 s]
DLE: avoid_denormals [elapsed: 0.00] >>
     loop_fission [elapsed: 0.01] >>
     loop_blocking [elapsed: 0.09] >>
     simdize [elapsed: 0.04] >>
     ompize [elapsed: 0.04] >>
     create_elemental_functions [elapsed: 0.15] >>
     minimize_remainders [elapsed: 0.01]
     [Total elapsed: 0.35 s]
Allocating memory for rec ((417, 101))
Allocating memory for u ((3, 1044, 1044, 1044))
Allocating memory for v ((3, 1044, 1044, 1044))
IntelCompiler: compiled /tmp/devito-g9e4yukz/e76a5e5431156145bcabff0eed0bfc122ac5460b.c [1.78 s]
AutoTuner: Block shape <8,8,8> took 1.987483 (s) in 3 time steps
AutoTuner: Block shape <16,16,16> took 2.044740 (s) in 3 time steps
AutoTuner: Block shape <24,24,24> took 2.142454 (s) in 3 time steps
AutoTuner: Block shape <32,32,32> took 2.149011 (s) in 3 time steps
AutoTuner: Block shape <40,40,40> took 2.087450 (s) in 3 time steps
AutoTuner: Block shape <64,64,64> took 2.116661 (s) in 3 time steps
AutoTuner: Block shape <128,128,128> took 2.665989 (s) in 3 time steps
AutoTuner: Block shape <256,256,256> took 3.065686 (s) in 3 time steps
AutoTuner: Block shape <512,512,512> took 4.936108 (s) in 3 time steps
AutoTuner: Block shape <1024,1024,1024> took 28.760533 (s) in 3 time steps
AutoTuner: Block shape <1040,1040,1040> took 27.701327 (s) in 3 time steps
AutoTuner: Block shape <8,8,16> took 2.112144 (s) in 3 time steps
AutoTuner: Block shape <8,8,24> took 1.951271 (s) in 3 time steps
AutoTuner: Block shape <8,8,32> took 1.894930 (s) in 3 time steps
AutoTuner: Block shape <8,8,40> took 1.894101 (s) in 3 time steps
AutoTuner: Block shape <8,8,64> took 1.953521 (s) in 3 time steps
AutoTuner: Block shape <8,8,128> took 1.883289 (s) in 3 time steps
AutoTuner: Block shape <8,8,256> took 1.638037 (s) in 3 time steps
AutoTuner: Block shape <8,8,512> took 1.672191 (s) in 3 time steps
AutoTuner: Block shape <8,8,1024> took 2.226306 (s) in 3 time steps
AutoTuner: Block shape <8,8,1040> took 2.214106 (s) in 3 time steps
AutoTuner: Block shape <16,16,8> took 1.882185 (s) in 3 time steps
AutoTuner: Block shape <16,16,24> took 1.936742 (s) in 3 time steps
AutoTuner: Block shape <16,16,32> took 1.932467 (s) in 3 time steps
AutoTuner: Block shape <16,16,40> took 1.963998 (s) in 3 time steps
AutoTuner: Block shape <16,16,64> took 2.042070 (s) in 3 time steps
AutoTuner: Block shape <16,16,128> took 1.932723 (s) in 3 time steps
AutoTuner: Block shape <16,16,256> took 1.858995 (s) in 3 time steps
AutoTuner: Block shape <16,16,512> took 2.136543 (s) in 3 time steps
AutoTuner: Block shape <16,16,1024> took 2.442897 (s) in 3 time steps
AutoTuner: Block shape <16,16,1040> took 2.435903 (s) in 3 time steps
AutoTuner: Block shape <24,24,8> took 2.097900 (s) in 3 time steps
AutoTuner: Block shape <24,24,16> took 2.201397 (s) in 3 time steps
AutoTuner: Block shape <24,24,32> took 2.117339 (s) in 3 time steps
AutoTuner: Block shape <24,24,40> took 2.091457 (s) in 3 time steps
AutoTuner: Block shape <24,24,64> took 2.051374 (s) in 3 time steps
AutoTuner: Block shape <24,24,128> took 1.995142 (s) in 3 time steps
AutoTuner: Block shape <24,24,256> took 2.059216 (s) in 3 time steps
AutoTuner: Block shape <24,24,512> took 2.320542 (s) in 3 time steps
AutoTuner: Block shape <24,24,1024> took 2.541074 (s) in 3 time steps
AutoTuner: Block shape <24,24,1040> took 2.533178 (s) in 3 time steps
AutoTuner: Block shape <32,32,8> took 2.582166 (s) in 3 time steps
AutoTuner: Block shape <32,32,16> took 2.334753 (s) in 3 time steps
AutoTuner: Block shape <32,32,24> took 2.229554 (s) in 3 time steps
AutoTuner: Block shape <32,32,40> took 2.094416 (s) in 3 time steps
AutoTuner: Block shape <32,32,64> took 2.051173 (s) in 3 time steps
AutoTuner: Block shape <32,32,128> took 2.054539 (s) in 3 time steps
AutoTuner: Block shape <32,32,256> took 2.135782 (s) in 3 time steps
AutoTuner: Block shape <32,32,512> took 2.461053 (s) in 3 time steps
AutoTuner: Block shape <32,32,1024> took 2.595104 (s) in 3 time steps
AutoTuner: Block shape <32,32,1040> took 2.586149 (s) in 3 time steps
AutoTuner: Block shape <16,8,8> took 1.925627 (s) in 3 time steps
AutoTuner: Block shape <8,16,8> took 1.916823 (s) in 3 time steps
AutoTuner: Block shape <16,8,16> took 2.067791 (s) in 3 time steps
AutoTuner: Block shape <8,16,16> took 2.065193 (s) in 3 time steps
AutoTuner: Block shape <32,16,16> took 2.178638 (s) in 3 time steps
AutoTuner: Block shape <16,32,16> took 2.168362 (s) in 3 time steps
AutoTuner: Block shape <32,16,32> took 2.108410 (s) in 3 time steps
AutoTuner: Block shape <16,32,32> took 2.101160 (s) in 3 time steps
AutoTuner: Block shape <48,24,24> took 2.236224 (s) in 3 time steps
AutoTuner: Block shape <24,48,24> took 2.232421 (s) in 3 time steps
AutoTuner: Block shape <24,24,48> took 2.074237 (s) in 3 time steps
AutoTuner: Block shape <48,48,24> took 2.234826 (s) in 3 time steps
AutoTuner: Block shape <48,24,48> took 2.071609 (s) in 3 time steps
AutoTuner: Block shape <24,48,48> took 2.079360 (s) in 3 time steps
AutoTuner: Block shape <48,48,48> took 2.086875 (s) in 3 time steps
AutoTuner: Block shape <64,32,32> took 2.152904 (s) in 3 time steps
AutoTuner: Block shape <32,64,32> took 2.167110 (s) in 3 time steps
AutoTuner: Block shape <64,64,32> took 2.178092 (s) in 3 time steps
AutoTuner: Block shape <64,32,64> took 2.056319 (s) in 3 time steps
AutoTuner: Block shape <32,64,64> took 2.136461 (s) in 3 time steps
AutoTuner: Block shape <80,40,40> took 2.090956 (s) in 3 time steps
AutoTuner: Block shape <40,80,40> took 2.179767 (s) in 3 time steps
AutoTuner: Block shape <40,40,80> took 2.041686 (s) in 3 time steps
AutoTuner: Block shape <80,80,40> took 2.182334 (s) in 3 time steps
AutoTuner: Block shape <80,40,80> took 2.045397 (s) in 3 time steps
AutoTuner: Block shape <40,80,80> took 2.226201 (s) in 3 time steps
AutoTuner: Block shape <80,80,80> took 2.239262 (s) in 3 time steps
AutoTuner: Block shape <128,64,64> took 2.141360 (s) in 3 time steps
AutoTuner: Block shape <64,128,64> took 2.427858 (s) in 3 time steps
AutoTuner: Block shape <64,64,128> took 2.237641 (s) in 3 time steps
AutoTuner: Block shape <128,128,64> took 2.476466 (s) in 3 time steps
AutoTuner: Block shape <128,64,128> took 2.260198 (s) in 3 time steps
AutoTuner: Block shape <64,128,128> took 2.599981 (s) in 3 time steps
AutoTuner: Block shape <256,128,128> took 2.825219 (s) in 3 time steps
AutoTuner: Block shape <128,256,128> took 2.911213 (s) in 3 time steps
AutoTuner: Block shape <128,128,256> took 2.813679 (s) in 3 time steps
AutoTuner: Block shape <256,256,128> took 2.907506 (s) in 3 time steps
AutoTuner: Block shape <256,128,256> took 2.709089 (s) in 3 time steps
AutoTuner: Block shape <128,256,256> took 2.742325 (s) in 3 time steps
AutoTuner: Block shape <512,256,256> took 3.093330 (s) in 3 time steps
AutoTuner: Block shape <256,512,256> took 2.943293 (s) in 3 time steps
AutoTuner: Block shape <256,256,512> took 2.895829 (s) in 3 time steps
AutoTuner: Block shape <512,512,256> took 3.440503 (s) in 3 time steps
AutoTuner: Block shape <512,256,512> took 2.787314 (s) in 3 time steps
AutoTuner: Block shape <256,512,512> took 2.787397 (s) in 3 time steps
AutoTuner: Block shape <1024,512,512> took 9.058806 (s) in 3 time steps
AutoTuner: Block shape <512,1024,512> took 9.080971 (s) in 3 time steps
AutoTuner: Block shape <512,512,1024> took 8.111488 (s) in 3 time steps
AutoTuner: Block shape <1024,1024,512> took 16.697457 (s) in 3 time steps
AutoTuner: Block shape <1024,512,1024> took 14.853703 (s) in 3 time steps
AutoTuner: Block shape <512,1024,1024> took 14.841997 (s) in 3 time steps
Auto-tuned block shape: {'x0_block_size': 8, 'y0_block_size': 8, 'z0_block_size': 256}
=========================================================================================
Section section_1<415,1> with OI=0.64 computed in 0.000 s [0.12 GFlops/s]
Section section_2<415,101> with OI=1.27 computed in 0.005 s [0.72 GFlops/s]
Section main<415,1040,1040,1040> with OI=7.35 computed in 683.887 s [204.10 GFlops/s, 0.68 GPts/s]
=========================================================================================
Allocating memory for m ((1044, 1044, 1044))
Allocating memory for damp ((1044, 1044, 1044))
Allocating memory for epsilon ((1044, 1044, 1044))
Allocating memory for delta ((1044, 1044, 1044))
Allocating memory for theta ((1044, 1044, 1044))
Allocating memory for phi ((1044, 1044, 1044))
Allocating memory for src ((417, 1))
Allocating memory for src_coords ((1, 3))
Allocating memory for nrec_coords ((101, 3))
Allocating memory for rec_coords ((101, 3))
DSE: extract_time_invariants [flops: 533, elapsed: 0.05] >>
     eliminate_inter_stencil_redundancies [flops: 491, elapsed: 0.10] >>
     eliminate_intra_stencil_redundancies [flops: 241, elapsed: 0.07] >>
     factorize [flops: 226, elapsed: 0.07] >>
     finalize [flops: 228, elapsed: 0.00]
     [Total elapsed: 0.30 s]
DLE: avoid_denormals [elapsed: 0.00] >>
     loop_fission [elapsed: 0.01] >>
     loop_blocking [elapsed: 0.08] >>
     simdize [elapsed: 0.04] >>
     ompize [elapsed: 0.04] >>
     create_elemental_functions [elapsed: 0.15] >>
     minimize_remainders [elapsed: 0.01]
     [Total elapsed: 0.32 s]
Allocating memory for rec ((417, 101))
Allocating memory for u ((3, 1044, 1044, 1044))
Allocating memory for v ((3, 1044, 1044, 1044))
IntelCompiler: compiled /tmp/devito-g9e4yukz/1a300a6eae984663d1c29483feabc8e5c918b4e1.c [2.90 s]
AutoTuner: Block shape <8,8,8> took 1.848423 (s) in 3 time steps
AutoTuner: Block shape <16,16,16> took 1.882703 (s) in 3 time steps
AutoTuner: Block shape <24,24,24> took 2.072151 (s) in 3 time steps
AutoTuner: Block shape <32,32,32> took 2.064276 (s) in 3 time steps
AutoTuner: Block shape <40,40,40> took 2.006971 (s) in 3 time steps
AutoTuner: Block shape <64,64,64> took 1.972201 (s) in 3 time steps
AutoTuner: Block shape <128,128,128> took 2.292611 (s) in 3 time steps
AutoTuner: Block shape <256,256,256> took 2.468370 (s) in 3 time steps
AutoTuner: Block shape <512,512,512> took 3.015496 (s) in 3 time steps
AutoTuner: Block shape <1024,1024,1024> took 12.044692 (s) in 3 time steps
AutoTuner: Block shape <1040,1040,1040> took 11.197879 (s) in 3 time steps
AutoTuner: Block shape <8,8,16> took 1.901249 (s) in 3 time steps
AutoTuner: Block shape <8,8,24> took 1.833272 (s) in 3 time steps
AutoTuner: Block shape <8,8,32> took 1.821495 (s) in 3 time steps
AutoTuner: Block shape <8,8,40> took 1.820496 (s) in 3 time steps
AutoTuner: Block shape <8,8,64> took 1.859261 (s) in 3 time steps
AutoTuner: Block shape <8,8,128> took 1.918026 (s) in 3 time steps
AutoTuner: Block shape <8,8,256> took 1.847226 (s) in 3 time steps
AutoTuner: Block shape <8,8,512> took 1.831129 (s) in 3 time steps
AutoTuner: Block shape <8,8,1024> took 1.985927 (s) in 3 time steps
AutoTuner: Block shape <8,8,1040> took 1.975336 (s) in 3 time steps
AutoTuner: Block shape <16,16,8> took 1.801293 (s) in 3 time steps
AutoTuner: Block shape <16,16,24> took 1.854588 (s) in 3 time steps
AutoTuner: Block shape <16,16,32> took 1.878033 (s) in 3 time steps
AutoTuner: Block shape <16,16,40> took 1.910741 (s) in 3 time steps
AutoTuner: Block shape <16,16,64> took 1.984855 (s) in 3 time steps
AutoTuner: Block shape <16,16,128> took 1.977674 (s) in 3 time steps
AutoTuner: Block shape <16,16,256> took 1.858400 (s) in 3 time steps
AutoTuner: Block shape <16,16,512> took 1.921307 (s) in 3 time steps
AutoTuner: Block shape <16,16,1024> took 2.118430 (s) in 3 time steps
AutoTuner: Block shape <16,16,1040> took 2.106994 (s) in 3 time steps
AutoTuner: Block shape <24,24,8> took 2.098377 (s) in 3 time steps
AutoTuner: Block shape <24,24,16> took 2.060666 (s) in 3 time steps
AutoTuner: Block shape <24,24,32> took 2.052262 (s) in 3 time steps
AutoTuner: Block shape <24,24,40> took 2.019647 (s) in 3 time steps
AutoTuner: Block shape <24,24,64> took 1.988302 (s) in 3 time steps
AutoTuner: Block shape <24,24,128> took 1.951657 (s) in 3 time steps
AutoTuner: Block shape <24,24,256> took 1.878056 (s) in 3 time steps
AutoTuner: Block shape <24,24,512> took 2.052438 (s) in 3 time steps
AutoTuner: Block shape <24,24,1024> took 2.169306 (s) in 3 time steps
AutoTuner: Block shape <24,24,1040> took 2.157079 (s) in 3 time steps
AutoTuner: Block shape <32,32,8> took 2.642228 (s) in 3 time steps
AutoTuner: Block shape <32,32,16> took 2.210739 (s) in 3 time steps
AutoTuner: Block shape <32,32,24> took 2.131544 (s) in 3 time steps
AutoTuner: Block shape <32,32,40> took 2.007431 (s) in 3 time steps
AutoTuner: Block shape <32,32,64> took 1.975670 (s) in 3 time steps
AutoTuner: Block shape <32,32,128> took 1.898166 (s) in 3 time steps
AutoTuner: Block shape <32,32,256> took 1.931326 (s) in 3 time steps
AutoTuner: Block shape <32,32,512> took 2.133386 (s) in 3 time steps
AutoTuner: Block shape <32,32,1024> took 2.198377 (s) in 3 time steps
AutoTuner: Block shape <32,32,1040> took 2.184943 (s) in 3 time steps
AutoTuner: Block shape <16,8,8> took 1.804442 (s) in 3 time steps
AutoTuner: Block shape <8,16,8> took 1.805253 (s) in 3 time steps
AutoTuner: Block shape <16,8,16> took 1.876143 (s) in 3 time steps
AutoTuner: Block shape <8,16,16> took 1.868775 (s) in 3 time steps
AutoTuner: Block shape <32,16,16> took 2.028354 (s) in 3 time steps
AutoTuner: Block shape <16,32,16> took 2.019020 (s) in 3 time steps
AutoTuner: Block shape <32,16,32> took 2.041918 (s) in 3 time steps
AutoTuner: Block shape <16,32,32> took 2.036352 (s) in 3 time steps
AutoTuner: Block shape <48,24,24> took 2.138827 (s) in 3 time steps
AutoTuner: Block shape <24,48,24> took 2.141344 (s) in 3 time steps
AutoTuner: Block shape <24,24,48> took 1.996404 (s) in 3 time steps
AutoTuner: Block shape <48,48,24> took 2.134751 (s) in 3 time steps
AutoTuner: Block shape <48,24,48> took 1.993880 (s) in 3 time steps
AutoTuner: Block shape <24,48,48> took 1.995838 (s) in 3 time steps
AutoTuner: Block shape <48,48,48> took 1.994427 (s) in 3 time steps
AutoTuner: Block shape <64,32,32> took 2.066877 (s) in 3 time steps
AutoTuner: Block shape <32,64,32> took 2.083428 (s) in 3 time steps
AutoTuner: Block shape <64,64,32> took 2.083923 (s) in 3 time steps
AutoTuner: Block shape <64,32,64> took 1.975275 (s) in 3 time steps
AutoTuner: Block shape <32,64,64> took 1.977884 (s) in 3 time steps
AutoTuner: Block shape <80,40,40> took 2.005033 (s) in 3 time steps
AutoTuner: Block shape <40,80,40> took 2.059788 (s) in 3 time steps
AutoTuner: Block shape <40,40,80> took 1.941812 (s) in 3 time steps
AutoTuner: Block shape <80,80,40> took 2.054029 (s) in 3 time steps
AutoTuner: Block shape <80,40,80> took 1.933562 (s) in 3 time steps
AutoTuner: Block shape <40,80,80> took 2.003157 (s) in 3 time steps
AutoTuner: Block shape <80,80,80> took 2.001205 (s) in 3 time steps
AutoTuner: Block shape <128,64,64> took 1.980140 (s) in 3 time steps
AutoTuner: Block shape <64,128,64> took 2.190200 (s) in 3 time steps
AutoTuner: Block shape <64,64,128> took 2.015232 (s) in 3 time steps
AutoTuner: Block shape <128,128,64> took 2.208799 (s) in 3 time steps
AutoTuner: Block shape <128,64,128> took 2.014224 (s) in 3 time steps
AutoTuner: Block shape <64,128,128> took 2.267618 (s) in 3 time steps
AutoTuner: Block shape <256,128,128> took 2.427473 (s) in 3 time steps
AutoTuner: Block shape <128,256,128> took 2.510831 (s) in 3 time steps
AutoTuner: Block shape <128,128,256> took 2.417494 (s) in 3 time steps
AutoTuner: Block shape <256,256,128> took 2.487978 (s) in 3 time steps
AutoTuner: Block shape <256,128,256> took 2.322876 (s) in 3 time steps
AutoTuner: Block shape <128,256,256> took 2.374859 (s) in 3 time steps
AutoTuner: Block shape <512,256,256> took 2.886436 (s) in 3 time steps
AutoTuner: Block shape <256,512,256> took 3.050467 (s) in 3 time steps
AutoTuner: Block shape <256,256,512> took 2.462962 (s) in 3 time steps
AutoTuner: Block shape <512,512,256> took 2.892108 (s) in 3 time steps
AutoTuner: Block shape <512,256,512> took 2.262536 (s) in 3 time steps
AutoTuner: Block shape <256,512,512> took 2.283767 (s) in 3 time steps
AutoTuner: Block shape <1024,512,512> took 4.903124 (s) in 3 time steps
AutoTuner: Block shape <512,1024,512> took 4.949156 (s) in 3 time steps
AutoTuner: Block shape <512,512,1024> took 4.043533 (s) in 3 time steps
AutoTuner: Block shape <1024,1024,512> took 8.538732 (s) in 3 time steps
AutoTuner: Block shape <1024,512,1024> took 6.811135 (s) in 3 time steps
AutoTuner: Block shape <512,1024,1024> took 6.871499 (s) in 3 time steps
Auto-tuned block shape: {'x0_block_size': 16, 'y0_block_size': 16, 'z0_block_size': 8}
=========================================================================================
Section section_0<1042,1042,1042> with OI=0.35 computed in 0.569 s [13.91 GFlops/s]
Section section_2<415,1> with OI=0.64 computed in 0.000 s [0.11 GFlops/s]
Section section_3<415,101> with OI=1.27 computed in 0.004 s [0.99 GFlops/s]
Section main<415,1040,1040,1040> with OI=5.10 computed in 463.372 s [229.70 GFlops/s, 1.01 GPts/s]
=========================================================================================
Allocating memory for m ((1044, 1044, 1044))
Allocating memory for damp ((1044, 1044, 1044))
Allocating memory for epsilon ((1044, 1044, 1044))
Allocating memory for delta ((1044, 1044, 1044))
Allocating memory for theta ((1044, 1044, 1044))
Allocating memory for phi ((1044, 1044, 1044))
Allocating memory for src ((417, 1))
Allocating memory for src_coords ((1, 3))
Allocating memory for nrec_coords ((101, 3))
Allocating memory for rec_coords ((101, 3))
DSE: extract_time_invariants [flops: 533, elapsed: 0.05] >>
     eliminate_inter_stencil_redundancies [flops: 491, elapsed: 0.10] >>
     eliminate_intra_stencil_redundancies [flops: 241, elapsed: 0.07] >>
     factorize [flops: 226, elapsed: 0.07] >>
     finalize [flops: 228, elapsed: 0.00]
     [Total elapsed: 0.30 s]
DLE: avoid_denormals [elapsed: 0.00] >>
     loop_fission [elapsed: 0.01] >>
     loop_blocking [elapsed: 0.08] >>
     simdize [elapsed: 0.04] >>
     ompize [elapsed: 0.04] >>
     create_elemental_functions [elapsed: 0.15] >>
     minimize_remainders [elapsed: 0.01]
     [Total elapsed: 0.32 s]
Allocating memory for rec ((417, 101))
Allocating memory for u ((3, 1044, 1044, 1044))
Allocating memory for v ((3, 1044, 1044, 1044))
IntelCompiler: compiled /tmp/devito-g9e4yukz/1a300a6eae984663d1c29483feabc8e5c918b4e1.c [2.92 s]
AutoTuner: Block shape <8,8,8> took 1.856205 (s) in 3 time steps
AutoTuner: Block shape <16,16,16> took 1.886070 (s) in 3 time steps
AutoTuner: Block shape <24,24,24> took 2.075063 (s) in 3 time steps
AutoTuner: Block shape <32,32,32> took 2.065752 (s) in 3 time steps
AutoTuner: Block shape <40,40,40> took 2.003900 (s) in 3 time steps
AutoTuner: Block shape <64,64,64> took 1.975645 (s) in 3 time steps
AutoTuner: Block shape <128,128,128> took 2.297254 (s) in 3 time steps
AutoTuner: Block shape <256,256,256> took 2.470108 (s) in 3 time steps
AutoTuner: Block shape <512,512,512> took 3.015717 (s) in 3 time steps
AutoTuner: Block shape <1024,1024,1024> took 12.072603 (s) in 3 time steps
AutoTuner: Block shape <1040,1040,1040> took 11.225055 (s) in 3 time steps
AutoTuner: Block shape <8,8,16> took 1.903378 (s) in 3 time steps
AutoTuner: Block shape <8,8,24> took 1.834541 (s) in 3 time steps
AutoTuner: Block shape <8,8,32> took 1.824353 (s) in 3 time steps
AutoTuner: Block shape <8,8,40> took 1.815402 (s) in 3 time steps
AutoTuner: Block shape <8,8,64> took 1.861363 (s) in 3 time steps
AutoTuner: Block shape <8,8,128> took 1.917429 (s) in 3 time steps
AutoTuner: Block shape <8,8,256> took 1.851573 (s) in 3 time steps
AutoTuner: Block shape <8,8,512> took 1.830025 (s) in 3 time steps
AutoTuner: Block shape <8,8,1024> took 1.987915 (s) in 3 time steps
AutoTuner: Block shape <8,8,1040> took 1.979199 (s) in 3 time steps
AutoTuner: Block shape <16,16,8> took 1.806787 (s) in 3 time steps
AutoTuner: Block shape <16,16,24> took 1.856012 (s) in 3 time steps
AutoTuner: Block shape <16,16,32> took 1.881098 (s) in 3 time steps
AutoTuner: Block shape <16,16,40> took 1.912149 (s) in 3 time steps
AutoTuner: Block shape <16,16,64> took 1.984072 (s) in 3 time steps
AutoTuner: Block shape <16,16,128> took 1.978306 (s) in 3 time steps
AutoTuner: Block shape <16,16,256> took 1.859459 (s) in 3 time steps
AutoTuner: Block shape <16,16,512> took 1.923081 (s) in 3 time steps
AutoTuner: Block shape <16,16,1024> took 2.120469 (s) in 3 time steps
AutoTuner: Block shape <16,16,1040> took 2.102610 (s) in 3 time steps
AutoTuner: Block shape <24,24,8> took 2.097417 (s) in 3 time steps
AutoTuner: Block shape <24,24,16> took 2.062422 (s) in 3 time steps
AutoTuner: Block shape <24,24,32> took 2.052608 (s) in 3 time steps
AutoTuner: Block shape <24,24,40> took 2.022797 (s) in 3 time steps
AutoTuner: Block shape <24,24,64> took 1.993285 (s) in 3 time steps
AutoTuner: Block shape <24,24,128> took 1.953185 (s) in 3 time steps
AutoTuner: Block shape <24,24,256> took 1.877657 (s) in 3 time steps
AutoTuner: Block shape <24,24,512> took 2.053628 (s) in 3 time steps
AutoTuner: Block shape <24,24,1024> took 2.169415 (s) in 3 time steps
AutoTuner: Block shape <24,24,1040> took 2.156638 (s) in 3 time steps
AutoTuner: Block shape <32,32,8> took 2.645471 (s) in 3 time steps
AutoTuner: Block shape <32,32,16> took 2.216860 (s) in 3 time steps
AutoTuner: Block shape <32,32,24> took 2.134790 (s) in 3 time steps
AutoTuner: Block shape <32,32,40> took 2.008687 (s) in 3 time steps
AutoTuner: Block shape <32,32,64> took 1.980607 (s) in 3 time steps
AutoTuner: Block shape <32,32,128> took 1.900046 (s) in 3 time steps
AutoTuner: Block shape <32,32,256> took 1.931940 (s) in 3 time steps
AutoTuner: Block shape <32,32,512> took 2.131168 (s) in 3 time steps
AutoTuner: Block shape <32,32,1024> took 2.198519 (s) in 3 time steps
AutoTuner: Block shape <32,32,1040> took 2.184069 (s) in 3 time steps
AutoTuner: Block shape <16,8,8> took 1.805158 (s) in 3 time steps
AutoTuner: Block shape <8,16,8> took 1.805526 (s) in 3 time steps
AutoTuner: Block shape <16,8,16> took 1.875464 (s) in 3 time steps
AutoTuner: Block shape <8,16,16> took 1.865443 (s) in 3 time steps
AutoTuner: Block shape <32,16,16> took 2.031409 (s) in 3 time steps
AutoTuner: Block shape <16,32,16> took 2.020343 (s) in 3 time steps
AutoTuner: Block shape <32,16,32> took 2.042168 (s) in 3 time steps
AutoTuner: Block shape <16,32,32> took 2.035259 (s) in 3 time steps
AutoTuner: Block shape <48,24,24> took 2.141054 (s) in 3 time steps
AutoTuner: Block shape <24,48,24> took 2.139299 (s) in 3 time steps
AutoTuner: Block shape <24,24,48> took 1.996193 (s) in 3 time steps
AutoTuner: Block shape <48,48,24> took 2.144427 (s) in 3 time steps
AutoTuner: Block shape <48,24,48> took 1.995726 (s) in 3 time steps
AutoTuner: Block shape <24,48,48> took 2.001394 (s) in 3 time steps
AutoTuner: Block shape <48,48,48> took 1.995102 (s) in 3 time steps
AutoTuner: Block shape <64,32,32> took 2.067223 (s) in 3 time steps
AutoTuner: Block shape <32,64,32> took 2.087432 (s) in 3 time steps
AutoTuner: Block shape <64,64,32> took 2.088983 (s) in 3 time steps
AutoTuner: Block shape <64,32,64> took 1.983429 (s) in 3 time steps
AutoTuner: Block shape <32,64,64> took 1.983736 (s) in 3 time steps
AutoTuner: Block shape <80,40,40> took 2.009019 (s) in 3 time steps
AutoTuner: Block shape <40,80,40> took 2.060854 (s) in 3 time steps
AutoTuner: Block shape <40,40,80> took 1.938668 (s) in 3 time steps
AutoTuner: Block shape <80,80,40> took 2.053803 (s) in 3 time steps
AutoTuner: Block shape <80,40,80> took 1.937864 (s) in 3 time steps
AutoTuner: Block shape <40,80,80> took 2.007865 (s) in 3 time steps
AutoTuner: Block shape <80,80,80> took 2.004724 (s) in 3 time steps
AutoTuner: Block shape <128,64,64> took 1.977406 (s) in 3 time steps
AutoTuner: Block shape <64,128,64> took 2.190845 (s) in 3 time steps
AutoTuner: Block shape <64,64,128> took 2.013042 (s) in 3 time steps
AutoTuner: Block shape <128,128,64> took 2.216175 (s) in 3 time steps
AutoTuner: Block shape <128,64,128> took 2.018474 (s) in 3 time steps
AutoTuner: Block shape <64,128,128> took 2.268114 (s) in 3 time steps
AutoTuner: Block shape <256,128,128> took 2.423059 (s) in 3 time steps
AutoTuner: Block shape <128,256,128> took 2.503548 (s) in 3 time steps
AutoTuner: Block shape <128,128,256> took 2.416558 (s) in 3 time steps
AutoTuner: Block shape <256,256,128> took 2.489770 (s) in 3 time steps
AutoTuner: Block shape <256,128,256> took 2.324983 (s) in 3 time steps
AutoTuner: Block shape <128,256,256> took 2.375067 (s) in 3 time steps
AutoTuner: Block shape <512,256,256> took 2.788829 (s) in 3 time steps
AutoTuner: Block shape <256,512,256> took 2.827359 (s) in 3 time steps
AutoTuner: Block shape <256,256,512> took 2.456677 (s) in 3 time steps
AutoTuner: Block shape <512,512,256> took 2.972457 (s) in 3 time steps
AutoTuner: Block shape <512,256,512> took 2.347586 (s) in 3 time steps
AutoTuner: Block shape <256,512,512> took 2.347058 (s) in 3 time steps
AutoTuner: Block shape <1024,512,512> took 4.922626 (s) in 3 time steps
AutoTuner: Block shape <512,1024,512> took 4.985224 (s) in 3 time steps
AutoTuner: Block shape <512,512,1024> took 4.048277 (s) in 3 time steps
AutoTuner: Block shape <1024,1024,512> took 8.557092 (s) in 3 time steps
AutoTuner: Block shape <1024,512,1024> took 6.822886 (s) in 3 time steps
AutoTuner: Block shape <512,1024,1024> took 6.875739 (s) in 3 time steps
Auto-tuned block shape: {'x0_block_size': 16, 'y0_block_size': 8, 'z0_block_size': 8}
=========================================================================================
Section section_0<1042,1042,1042> with OI=0.35 computed in 0.569 s [13.91 GFlops/s]
Section section_2<415,1> with OI=0.64 computed in 0.000 s [0.11 GFlops/s]
Section section_3<415,101> with OI=1.27 computed in 0.004 s [1.03 GFlops/s]
Section main<415,1040,1040,1040> with OI=5.10 computed in 461.181 s [230.79 GFlops/s, 1.01 GPts/s]
=========================================================================================
Allocating memory for m ((1044, 1044, 1044))
Allocating memory for damp ((1044, 1044, 1044))
Allocating memory for epsilon ((1044, 1044, 1044))
Allocating memory for delta ((1044, 1044, 1044))
Allocating memory for theta ((1044, 1044, 1044))
Allocating memory for phi ((1044, 1044, 1044))
Allocating memory for src ((417, 1))
Allocating memory for src_coords ((1, 3))
Allocating memory for nrec_coords ((101, 3))
Allocating memory for rec_coords ((101, 3))
DSE: extract_time_invariants [flops: 533, elapsed: 0.05] >>
     eliminate_inter_stencil_redundancies [flops: 491, elapsed: 0.10] >>
     eliminate_intra_stencil_redundancies [flops: 241, elapsed: 0.07] >>
     factorize [flops: 226, elapsed: 0.07] >>
     finalize [flops: 228, elapsed: 0.00]
     [Total elapsed: 0.29 s]
DLE: avoid_denormals [elapsed: 0.00] >>
     loop_fission [elapsed: 0.01] >>
     loop_blocking [elapsed: 0.08] >>
     simdize [elapsed: 0.04] >>
     ompize [elapsed: 0.04] >>
     create_elemental_functions [elapsed: 0.15] >>
     minimize_remainders [elapsed: 0.01]
     [Total elapsed: 0.32 s]
Allocating memory for rec ((417, 101))
Allocating memory for u ((3, 1044, 1044, 1044))
Allocating memory for v ((3, 1044, 1044, 1044))
IntelCompiler: compiled /tmp/devito-g9e4yukz/1a300a6eae984663d1c29483feabc8e5c918b4e1.c [2.90 s]
AutoTuner: Block shape <8,8,8> took 1.847845 (s) in 3 time steps
AutoTuner: Block shape <16,16,16> took 1.880420 (s) in 3 time steps
AutoTuner: Block shape <24,24,24> took 2.075037 (s) in 3 time steps
AutoTuner: Block shape <32,32,32> took 2.065087 (s) in 3 time steps
AutoTuner: Block shape <40,40,40> took 2.003425 (s) in 3 time steps
AutoTuner: Block shape <64,64,64> took 1.973795 (s) in 3 time steps
AutoTuner: Block shape <128,128,128> took 2.292126 (s) in 3 time steps
AutoTuner: Block shape <256,256,256> took 2.540322 (s) in 3 time steps
AutoTuner: Block shape <512,512,512> took 3.024949 (s) in 3 time steps
AutoTuner: Block shape <1024,1024,1024> took 12.097369 (s) in 3 time steps
AutoTuner: Block shape <1040,1040,1040> took 11.227000 (s) in 3 time steps
AutoTuner: Block shape <8,8,16> took 1.902394 (s) in 3 time steps
AutoTuner: Block shape <8,8,24> took 1.834794 (s) in 3 time steps
AutoTuner: Block shape <8,8,32> took 1.823790 (s) in 3 time steps
AutoTuner: Block shape <8,8,40> took 1.813505 (s) in 3 time steps
AutoTuner: Block shape <8,8,64> took 1.861613 (s) in 3 time steps
AutoTuner: Block shape <8,8,128> took 1.917119 (s) in 3 time steps
AutoTuner: Block shape <8,8,256> took 1.858244 (s) in 3 time steps
AutoTuner: Block shape <8,8,512> took 1.831838 (s) in 3 time steps
AutoTuner: Block shape <8,8,1024> took 1.993448 (s) in 3 time steps
AutoTuner: Block shape <8,8,1040> took 1.981693 (s) in 3 time steps
AutoTuner: Block shape <16,16,8> took 1.799091 (s) in 3 time steps
AutoTuner: Block shape <16,16,24> took 1.855157 (s) in 3 time steps
AutoTuner: Block shape <16,16,32> took 1.883622 (s) in 3 time steps
AutoTuner: Block shape <16,16,40> took 1.909005 (s) in 3 time steps
AutoTuner: Block shape <16,16,64> took 1.982449 (s) in 3 time steps
AutoTuner: Block shape <16,16,128> took 1.976628 (s) in 3 time steps
AutoTuner: Block shape <16,16,256> took 1.857888 (s) in 3 time steps
AutoTuner: Block shape <16,16,512> took 1.932249 (s) in 3 time steps
AutoTuner: Block shape <16,16,1024> took 2.123672 (s) in 3 time steps
AutoTuner: Block shape <16,16,1040> took 2.107622 (s) in 3 time steps
AutoTuner: Block shape <24,24,8> took 2.094408 (s) in 3 time steps
AutoTuner: Block shape <24,24,16> took 2.059518 (s) in 3 time steps
AutoTuner: Block shape <24,24,32> took 2.052417 (s) in 3 time steps
AutoTuner: Block shape <24,24,40> took 2.016701 (s) in 3 time steps
AutoTuner: Block shape <24,24,64> took 1.986402 (s) in 3 time steps
AutoTuner: Block shape <24,24,128> took 1.953178 (s) in 3 time steps
AutoTuner: Block shape <24,24,256> took 1.879176 (s) in 3 time steps
AutoTuner: Block shape <24,24,512> took 2.047461 (s) in 3 time steps
AutoTuner: Block shape <24,24,1024> took 2.166839 (s) in 3 time steps
AutoTuner: Block shape <24,24,1040> took 2.159300 (s) in 3 time steps
AutoTuner: Block shape <32,32,8> took 2.639928 (s) in 3 time steps
AutoTuner: Block shape <32,32,16> took 2.209921 (s) in 3 time steps
AutoTuner: Block shape <32,32,24> took 2.134460 (s) in 3 time steps
AutoTuner: Block shape <32,32,40> took 2.012698 (s) in 3 time steps
AutoTuner: Block shape <32,32,64> took 1.980886 (s) in 3 time steps
AutoTuner: Block shape <32,32,128> took 1.899758 (s) in 3 time steps
AutoTuner: Block shape <32,32,256> took 1.946549 (s) in 3 time steps
AutoTuner: Block shape <32,32,512> took 2.127645 (s) in 3 time steps
AutoTuner: Block shape <32,32,1024> took 2.221981 (s) in 3 time steps
AutoTuner: Block shape <32,32,1040> took 2.213268 (s) in 3 time steps
AutoTuner: Block shape <16,8,8> took 1.806867 (s) in 3 time steps
AutoTuner: Block shape <8,16,8> took 1.802068 (s) in 3 time steps
AutoTuner: Block shape <16,8,16> took 1.875590 (s) in 3 time steps
AutoTuner: Block shape <8,16,16> took 1.875413 (s) in 3 time steps
AutoTuner: Block shape <32,16,16> took 2.031117 (s) in 3 time steps
AutoTuner: Block shape <16,32,16> took 2.021049 (s) in 3 time steps
AutoTuner: Block shape <32,16,32> took 2.044803 (s) in 3 time steps
AutoTuner: Block shape <16,32,32> took 2.036579 (s) in 3 time steps
AutoTuner: Block shape <48,24,24> took 2.142643 (s) in 3 time steps
AutoTuner: Block shape <24,48,24> took 2.136618 (s) in 3 time steps
AutoTuner: Block shape <24,24,48> took 1.999804 (s) in 3 time steps
AutoTuner: Block shape <48,48,24> took 2.138133 (s) in 3 time steps
AutoTuner: Block shape <48,24,48> took 1.992192 (s) in 3 time steps
AutoTuner: Block shape <24,48,48> took 1.996244 (s) in 3 time steps
AutoTuner: Block shape <48,48,48> took 1.993733 (s) in 3 time steps
AutoTuner: Block shape <64,32,32> took 2.070460 (s) in 3 time steps
AutoTuner: Block shape <32,64,32> took 2.084826 (s) in 3 time steps
AutoTuner: Block shape <64,64,32> took 2.088973 (s) in 3 time steps
AutoTuner: Block shape <64,32,64> took 1.978440 (s) in 3 time steps
AutoTuner: Block shape <32,64,64> took 1.978857 (s) in 3 time steps
AutoTuner: Block shape <80,40,40> took 2.006257 (s) in 3 time steps
AutoTuner: Block shape <40,80,40> took 2.056825 (s) in 3 time steps
AutoTuner: Block shape <40,40,80> took 1.933959 (s) in 3 time steps
AutoTuner: Block shape <80,80,40> took 2.053430 (s) in 3 time steps
AutoTuner: Block shape <80,40,80> took 1.933070 (s) in 3 time steps
AutoTuner: Block shape <40,80,80> took 2.001935 (s) in 3 time steps
AutoTuner: Block shape <80,80,80> took 2.008491 (s) in 3 time steps
AutoTuner: Block shape <128,64,64> took 1.974395 (s) in 3 time steps
AutoTuner: Block shape <64,128,64> took 2.195415 (s) in 3 time steps
AutoTuner: Block shape <64,64,128> took 2.016040 (s) in 3 time steps
AutoTuner: Block shape <128,128,64> took 2.221098 (s) in 3 time steps
AutoTuner: Block shape <128,64,128> took 2.034881 (s) in 3 time steps
AutoTuner: Block shape <64,128,128> took 2.289933 (s) in 3 time steps
AutoTuner: Block shape <256,128,128> took 2.414503 (s) in 3 time steps
AutoTuner: Block shape <128,256,128> took 2.502071 (s) in 3 time steps
AutoTuner: Block shape <128,128,256> took 2.412924 (s) in 3 time steps
AutoTuner: Block shape <256,256,128> took 2.609198 (s) in 3 time steps
AutoTuner: Block shape <256,128,256> took 2.341163 (s) in 3 time steps
AutoTuner: Block shape <128,256,256> took 2.389000 (s) in 3 time steps
AutoTuner: Block shape <512,256,256> took 2.978406 (s) in 3 time steps
AutoTuner: Block shape <256,512,256> took 2.858057 (s) in 3 time steps
AutoTuner: Block shape <256,256,512> took 2.832402 (s) in 3 time steps
AutoTuner: Block shape <512,512,256> took 2.780994 (s) in 3 time steps
AutoTuner: Block shape <512,256,512> took 2.251612 (s) in 3 time steps
AutoTuner: Block shape <256,512,512> took 2.271208 (s) in 3 time steps
AutoTuner: Block shape <1024,512,512> took 4.914614 (s) in 3 time steps
AutoTuner: Block shape <512,1024,512> took 4.956152 (s) in 3 time steps
AutoTuner: Block shape <512,512,1024> took 4.051159 (s) in 3 time steps
AutoTuner: Block shape <1024,1024,512> took 8.529770 (s) in 3 time steps
AutoTuner: Block shape <1024,512,1024> took 6.815469 (s) in 3 time steps
AutoTuner: Block shape <512,1024,1024> took 6.868105 (s) in 3 time steps
Auto-tuned block shape: {'x0_block_size': 16, 'y0_block_size': 16, 'z0_block_size': 8}
=========================================================================================
Section section_0<1042,1042,1042> with OI=0.35 computed in 0.569 s [13.91 GFlops/s]
Section section_2<415,1> with OI=0.64 computed in 0.000 s [0.11 GFlops/s]
Section section_3<415,101> with OI=1.27 computed in 0.004 s [1.00 GFlops/s]
Section main<415,1040,1040,1040> with OI=5.10 computed in 463.470 s [229.65 GFlops/s, 1.01 GPts/s]
=========================================================================================
Allocating memory for m ((1044, 1044, 1044))
Allocating memory for damp ((1044, 1044, 1044))
Allocating memory for epsilon ((1044, 1044, 1044))
Allocating memory for delta ((1044, 1044, 1044))
Allocating memory for theta ((1044, 1044, 1044))
Allocating memory for phi ((1044, 1044, 1044))
Allocating memory for src ((417, 1))
Allocating memory for src_coords ((1, 3))
Allocating memory for nrec_coords ((101, 3))
Allocating memory for rec_coords ((101, 3))
DSE: extract_time_varying [flops: 581, elapsed: 0.04] >>
     extract_time_invariants [flops: 445, elapsed: 0.03] >>
     eliminate_inter_stencil_redundancies [flops: 331, elapsed: 0.08] >>
     extract_sum_of_products [flops: 241, elapsed: 0.01] >>
     eliminate_inter_stencil_redundancies [flops: 171, elapsed: 0.03] >>
     extract_sum_of_products [flops: 150, elapsed: 0.01] >>
     factorize [flops: 119, elapsed: 0.03] >>
     eliminate_intra_stencil_redundancies [flops: 101, elapsed: 0.02] >>
     finalize [flops: 102, elapsed: 0.00]
     [Total elapsed: 0.25 s]
DLE: avoid_denormals [elapsed: 0.00] >>
     loop_fission [elapsed: 0.01] >>
     loop_blocking [elapsed: 0.21] >>
     simdize [elapsed: 0.04] >>
     ompize [elapsed: 0.04] >>
     create_elemental_functions [elapsed: 0.26] >>
     minimize_remainders [elapsed: 0.01]
     [Total elapsed: 0.57 s]
Allocating memory for rec ((417, 101))
Allocating memory for u ((3, 1044, 1044, 1044))
Allocating memory for v ((3, 1044, 1044, 1044))
IntelCompiler: compiled /tmp/devito-g9e4yukz/ebbc18cbc297027e8c587ed24c6e5830c49e727b.c [1.71 s]
AutoTuner: Block shape <8,8,8> took 2.218575 (s) in 3 time steps
AutoTuner: Block shape <16,16,16> took 2.312292 (s) in 3 time steps
AutoTuner: Block shape <24,24,24> took 2.589539 (s) in 3 time steps
AutoTuner: Block shape <32,32,32> took 2.913915 (s) in 3 time steps
AutoTuner: Block shape <40,40,40> took 2.755697 (s) in 3 time steps
AutoTuner: Block shape <8,8,16> took 2.167438 (s) in 3 time steps
AutoTuner: Block shape <8,8,24> took 2.088623 (s) in 3 time steps
AutoTuner: Block shape <8,8,32> took 2.100885 (s) in 3 time steps
AutoTuner: Block shape <8,8,40> took 2.067791 (s) in 3 time steps
AutoTuner: Block shape <8,8,64> took 2.123738 (s) in 3 time steps
AutoTuner: Block shape <8,8,128> took 2.175691 (s) in 3 time steps
AutoTuner: Block shape <8,8,256> took 2.323241 (s) in 3 time steps
AutoTuner: Block shape <8,8,512> took 2.555147 (s) in 3 time steps
AutoTuner: Block shape <8,8,1024> took 2.742477 (s) in 3 time steps
AutoTuner: Block shape <8,8,1040> took 2.735845 (s) in 3 time steps
AutoTuner: Block shape <16,16,8> took 2.174411 (s) in 3 time steps
AutoTuner: Block shape <16,16,24> took 2.189121 (s) in 3 time steps
AutoTuner: Block shape <16,16,32> took 2.310012 (s) in 3 time steps
AutoTuner: Block shape <16,16,40> took 2.236461 (s) in 3 time steps
AutoTuner: Block shape <16,16,64> took 2.374908 (s) in 3 time steps
AutoTuner: Block shape <16,16,128> took 2.498841 (s) in 3 time steps
AutoTuner: Block shape <16,16,256> took 2.540076 (s) in 3 time steps
AutoTuner: Block shape <16,16,512> took 2.594081 (s) in 3 time steps
AutoTuner: Block shape <24,24,8> took 2.731945 (s) in 3 time steps
AutoTuner: Block shape <24,24,16> took 2.846960 (s) in 3 time steps
AutoTuner: Block shape <24,24,32> took 2.730943 (s) in 3 time steps
AutoTuner: Block shape <24,24,40> took 2.563986 (s) in 3 time steps
AutoTuner: Block shape <24,24,64> took 2.615068 (s) in 3 time steps
AutoTuner: Block shape <24,24,128> took 2.555336 (s) in 3 time steps
AutoTuner: Block shape <24,24,256> took 2.549353 (s) in 3 time steps
AutoTuner: Block shape <32,32,8> took 3.463232 (s) in 3 time steps
AutoTuner: Block shape <32,32,16> took 3.286273 (s) in 3 time steps
AutoTuner: Block shape <32,32,24> took 2.841796 (s) in 3 time steps
AutoTuner: Block shape <32,32,40> took 2.694381 (s) in 3 time steps
AutoTuner: Block shape <32,32,64> took 2.689573 (s) in 3 time steps
AutoTuner: Block shape <32,32,128> took 2.609572 (s) in 3 time steps
AutoTuner: Block shape <16,8,8> took 2.135821 (s) in 3 time steps
AutoTuner: Block shape <8,16,8> took 2.154113 (s) in 3 time steps
AutoTuner: Block shape <16,8,16> took 2.123843 (s) in 3 time steps
AutoTuner: Block shape <8,16,16> took 2.166079 (s) in 3 time steps
AutoTuner: Block shape <32,16,16> took 2.778598 (s) in 3 time steps
AutoTuner: Block shape <16,32,16> took 2.784661 (s) in 3 time steps
AutoTuner: Block shape <32,16,32> took 2.698995 (s) in 3 time steps
AutoTuner: Block shape <16,32,32> took 2.695097 (s) in 3 time steps
AutoTuner: Block shape <48,24,24> took 2.890186 (s) in 3 time steps
AutoTuner: Block shape <24,48,24> took 2.897229 (s) in 3 time steps
AutoTuner: Block shape <24,24,48> took 2.653676 (s) in 3 time steps
AutoTuner: Block shape <48,48,24> took 3.010482 (s) in 3 time steps
AutoTuner: Block shape <48,24,48> took 2.759489 (s) in 3 time steps
AutoTuner: Block shape <24,48,48> took 2.817016 (s) in 3 time steps
AutoTuner: Block shape <48,48,48> took 2.854647 (s) in 3 time steps
AutoTuner: Block shape <64,32,32> took 2.998112 (s) in 3 time steps
AutoTuner: Block shape <32,64,32> took 3.067964 (s) in 3 time steps
AutoTuner: Block shape <64,64,32> took 3.107790 (s) in 3 time steps
AutoTuner: Block shape <64,32,64> took 2.726742 (s) in 3 time steps
AutoTuner: Block shape <32,64,64> took 2.796115 (s) in 3 time steps
AutoTuner: Block shape <80,40,40> took 2.793267 (s) in 3 time steps
AutoTuner: Block shape <40,80,40> took 2.856125 (s) in 3 time steps
AutoTuner: Block shape <40,40,80> took 2.682550 (s) in 3 time steps
Auto-tuned block shape: {'x0_block_size': 8, 'y0_block_size': 8, 'z0_block_size': 40}
=========================================================================================
Section section_0<1042,1042,1042> with OI=0.17 computed in 0.733 s [6.17 GFlops/s]
Section section_3<415,1> with OI=0.64 computed in 0.000 s [0.09 GFlops/s]
Section section_4<415,101> with OI=1.27 computed in 0.004 s [0.88 GFlops/s]
Section main<415,1042,1042,1042> with OI=1.58 computed in 470.463 s [101.79 GFlops/s, 1.00 GPts/s]
=========================================================================================
Allocating memory for m ((1044, 1044, 1044))
Allocating memory for damp ((1044, 1044, 1044))
Allocating memory for epsilon ((1044, 1044, 1044))
Allocating memory for delta ((1044, 1044, 1044))
Allocating memory for theta ((1044, 1044, 1044))
Allocating memory for phi ((1044, 1044, 1044))
Allocating memory for src ((417, 1))
Allocating memory for src_coords ((1, 3))
Allocating memory for nrec_coords ((101, 3))
Allocating memory for rec_coords ((101, 3))
DSE: extract_time_varying [flops: 581, elapsed: 0.04] >>
     extract_time_invariants [flops: 445, elapsed: 0.03] >>
     eliminate_inter_stencil_redundancies [flops: 331, elapsed: 0.08] >>
     extract_sum_of_products [flops: 241, elapsed: 0.01] >>
     eliminate_inter_stencil_redundancies [flops: 171, elapsed: 0.03] >>
     extract_sum_of_products [flops: 150, elapsed: 0.01] >>
     factorize [flops: 119, elapsed: 0.03] >>
     eliminate_intra_stencil_redundancies [flops: 101, elapsed: 0.02] >>
     finalize [flops: 102, elapsed: 0.00]
     [Total elapsed: 0.25 s]
DLE: avoid_denormals [elapsed: 0.00] >>
     loop_fission [elapsed: 0.01] >>
     loop_blocking [elapsed: 0.21] >>
     simdize [elapsed: 0.03] >>
     ompize [elapsed: 0.04] >>
     create_elemental_functions [elapsed: 0.26] >>
     minimize_remainders [elapsed: 0.01]
     [Total elapsed: 0.57 s]
Allocating memory for rec ((417, 101))
Allocating memory for u ((3, 1044, 1044, 1044))
Allocating memory for v ((3, 1044, 1044, 1044))
IntelCompiler: compiled /tmp/devito-g9e4yukz/d5b1d8894f51f9dd0d0e75bf7c569abf04f8d37e.c [1.72 s]
AutoTuner: Block shape <8,8,8> took 2.213912 (s) in 3 time steps
AutoTuner: Block shape <16,16,16> took 2.308218 (s) in 3 time steps
AutoTuner: Block shape <24,24,24> took 2.590530 (s) in 3 time steps
AutoTuner: Block shape <32,32,32> took 2.910897 (s) in 3 time steps
AutoTuner: Block shape <40,40,40> took 2.754056 (s) in 3 time steps
AutoTuner: Block shape <8,8,16> took 2.169464 (s) in 3 time steps
AutoTuner: Block shape <8,8,24> took 2.099575 (s) in 3 time steps
AutoTuner: Block shape <8,8,32> took 2.096956 (s) in 3 time steps
AutoTuner: Block shape <8,8,40> took 2.066510 (s) in 3 time steps
AutoTuner: Block shape <8,8,64> took 2.131117 (s) in 3 time steps
AutoTuner: Block shape <8,8,128> took 2.174297 (s) in 3 time steps
AutoTuner: Block shape <8,8,256> took 2.324376 (s) in 3 time steps
AutoTuner: Block shape <8,8,512> took 2.558913 (s) in 3 time steps
AutoTuner: Block shape <8,8,1024> took 2.737895 (s) in 3 time steps
AutoTuner: Block shape <8,8,1040> took 2.741554 (s) in 3 time steps
AutoTuner: Block shape <16,16,8> took 2.177778 (s) in 3 time steps
AutoTuner: Block shape <16,16,24> took 2.192144 (s) in 3 time steps
AutoTuner: Block shape <16,16,32> took 2.308905 (s) in 3 time steps
AutoTuner: Block shape <16,16,40> took 2.229942 (s) in 3 time steps
AutoTuner: Block shape <16,16,64> took 2.378702 (s) in 3 time steps
AutoTuner: Block shape <16,16,128> took 2.502996 (s) in 3 time steps
AutoTuner: Block shape <16,16,256> took 2.539113 (s) in 3 time steps
AutoTuner: Block shape <16,16,512> took 2.583132 (s) in 3 time steps
AutoTuner: Block shape <24,24,8> took 2.734954 (s) in 3 time steps
AutoTuner: Block shape <24,24,16> took 2.844105 (s) in 3 time steps
AutoTuner: Block shape <24,24,32> took 2.723540 (s) in 3 time steps
AutoTuner: Block shape <24,24,40> took 2.562000 (s) in 3 time steps
AutoTuner: Block shape <24,24,64> took 2.613629 (s) in 3 time steps
AutoTuner: Block shape <24,24,128> took 2.552799 (s) in 3 time steps
AutoTuner: Block shape <24,24,256> took 2.546885 (s) in 3 time steps
AutoTuner: Block shape <32,32,8> took 3.459947 (s) in 3 time steps
AutoTuner: Block shape <32,32,16> took 3.280982 (s) in 3 time steps
AutoTuner: Block shape <32,32,24> took 2.840388 (s) in 3 time steps
AutoTuner: Block shape <32,32,40> took 2.694231 (s) in 3 time steps
AutoTuner: Block shape <32,32,64> took 2.696365 (s) in 3 time steps
AutoTuner: Block shape <32,32,128> took 2.605749 (s) in 3 time steps
AutoTuner: Block shape <16,8,8> took 2.126866 (s) in 3 time steps
AutoTuner: Block shape <8,16,8> took 2.145618 (s) in 3 time steps
AutoTuner: Block shape <16,8,16> took 2.121433 (s) in 3 time steps
AutoTuner: Block shape <8,16,16> took 2.161673 (s) in 3 time steps
AutoTuner: Block shape <32,16,16> took 2.775947 (s) in 3 time steps
AutoTuner: Block shape <16,32,16> took 2.777907 (s) in 3 time steps
AutoTuner: Block shape <32,16,32> took 2.693332 (s) in 3 time steps
AutoTuner: Block shape <16,32,32> took 2.685945 (s) in 3 time steps
AutoTuner: Block shape <48,24,24> took 2.883635 (s) in 3 time steps
AutoTuner: Block shape <24,48,24> took 2.900481 (s) in 3 time steps
AutoTuner: Block shape <24,24,48> took 2.653772 (s) in 3 time steps
AutoTuner: Block shape <48,48,24> took 3.000969 (s) in 3 time steps
AutoTuner: Block shape <48,24,48> took 2.754881 (s) in 3 time steps
AutoTuner: Block shape <24,48,48> took 2.814823 (s) in 3 time steps
AutoTuner: Block shape <48,48,48> took 2.862828 (s) in 3 time steps
AutoTuner: Block shape <64,32,32> took 2.999530 (s) in 3 time steps
AutoTuner: Block shape <32,64,32> took 3.076707 (s) in 3 time steps
AutoTuner: Block shape <64,64,32> took 3.100268 (s) in 3 time steps
AutoTuner: Block shape <64,32,64> took 2.725757 (s) in 3 time steps
AutoTuner: Block shape <32,64,64> took 2.802364 (s) in 3 time steps
AutoTuner: Block shape <80,40,40> took 2.791696 (s) in 3 time steps
AutoTuner: Block shape <40,80,40> took 2.862172 (s) in 3 time steps
AutoTuner: Block shape <40,40,80> took 2.674813 (s) in 3 time steps
Auto-tuned block shape: {'x0_block_size': 8, 'y0_block_size': 8, 'z0_block_size': 40}
=========================================================================================
Section section_0<1042,1042,1042> with OI=0.17 computed in 0.734 s [6.17 GFlops/s]
Section section_3<415,1> with OI=0.64 computed in 0.000 s [0.09 GFlops/s]
Section section_4<415,101> with OI=1.27 computed in 0.004 s [0.88 GFlops/s]
Section main<415,1042,1042,1042> with OI=1.58 computed in 470.358 s [101.82 GFlops/s, 1.00 GPts/s]
=========================================================================================
Allocating memory for m ((1044, 1044, 1044))
Allocating memory for damp ((1044, 1044, 1044))
Allocating memory for epsilon ((1044, 1044, 1044))
Allocating memory for delta ((1044, 1044, 1044))
Allocating memory for theta ((1044, 1044, 1044))
Allocating memory for phi ((1044, 1044, 1044))
Allocating memory for src ((417, 1))
Allocating memory for src_coords ((1, 3))
Allocating memory for nrec_coords ((101, 3))
Allocating memory for rec_coords ((101, 3))
DSE: extract_time_varying [flops: 581, elapsed: 0.04] >>
     extract_time_invariants [flops: 445, elapsed: 0.03] >>
     eliminate_inter_stencil_redundancies [flops: 331, elapsed: 0.08] >>
     extract_sum_of_products [flops: 241, elapsed: 0.01] >>
     eliminate_inter_stencil_redundancies [flops: 171, elapsed: 0.03] >>
     extract_sum_of_products [flops: 150, elapsed: 0.01] >>
     factorize [flops: 119, elapsed: 0.03] >>
     eliminate_intra_stencil_redundancies [flops: 101, elapsed: 0.02] >>
     finalize [flops: 102, elapsed: 0.00]
     [Total elapsed: 0.25 s]
DLE: avoid_denormals [elapsed: 0.00] >>
     loop_fission [elapsed: 0.01] >>
     loop_blocking [elapsed: 0.21] >>
     simdize [elapsed: 0.03] >>
     ompize [elapsed: 0.04] >>
     create_elemental_functions [elapsed: 0.26] >>
     minimize_remainders [elapsed: 0.01]
     [Total elapsed: 0.57 s]
Allocating memory for rec ((417, 101))
Allocating memory for u ((3, 1044, 1044, 1044))
Allocating memory for v ((3, 1044, 1044, 1044))
IntelCompiler: compiled /tmp/devito-g9e4yukz/1431b3a6af446e7c4402b3eb09d2a6b6c758550f.c [1.71 s]
AutoTuner: Block shape <8,8,8> took 2.210889 (s) in 3 time steps
AutoTuner: Block shape <16,16,16> took 2.307909 (s) in 3 time steps
AutoTuner: Block shape <24,24,24> took 2.585077 (s) in 3 time steps
AutoTuner: Block shape <32,32,32> took 2.912597 (s) in 3 time steps
AutoTuner: Block shape <40,40,40> took 2.751588 (s) in 3 time steps
AutoTuner: Block shape <8,8,16> took 2.160492 (s) in 3 time steps
AutoTuner: Block shape <8,8,24> took 2.091284 (s) in 3 time steps
AutoTuner: Block shape <8,8,32> took 2.094836 (s) in 3 time steps
AutoTuner: Block shape <8,8,40> took 2.069522 (s) in 3 time steps
AutoTuner: Block shape <8,8,64> took 2.120382 (s) in 3 time steps
AutoTuner: Block shape <8,8,128> took 2.176770 (s) in 3 time steps
AutoTuner: Block shape <8,8,256> took 2.318720 (s) in 3 time steps
AutoTuner: Block shape <8,8,512> took 2.551459 (s) in 3 time steps
AutoTuner: Block shape <8,8,1024> took 2.741545 (s) in 3 time steps
AutoTuner: Block shape <8,8,1040> took 2.746878 (s) in 3 time steps
AutoTuner: Block shape <16,16,8> took 2.176541 (s) in 3 time steps
AutoTuner: Block shape <16,16,24> took 2.189129 (s) in 3 time steps
AutoTuner: Block shape <16,16,32> took 2.307231 (s) in 3 time steps
AutoTuner: Block shape <16,16,40> took 2.231248 (s) in 3 time steps
AutoTuner: Block shape <16,16,64> took 2.374909 (s) in 3 time steps
AutoTuner: Block shape <16,16,128> took 2.496569 (s) in 3 time steps
AutoTuner: Block shape <16,16,256> took 2.532204 (s) in 3 time steps
AutoTuner: Block shape <16,16,512> took 2.597097 (s) in 3 time steps
AutoTuner: Block shape <24,24,8> took 2.738565 (s) in 3 time steps
AutoTuner: Block shape <24,24,16> took 2.843838 (s) in 3 time steps
AutoTuner: Block shape <24,24,32> took 2.731751 (s) in 3 time steps
AutoTuner: Block shape <24,24,40> took 2.568243 (s) in 3 time steps
AutoTuner: Block shape <24,24,64> took 2.613977 (s) in 3 time steps
AutoTuner: Block shape <24,24,128> took 2.551977 (s) in 3 time steps
AutoTuner: Block shape <24,24,256> took 2.549926 (s) in 3 time steps
AutoTuner: Block shape <32,32,8> took 3.458749 (s) in 3 time steps
AutoTuner: Block shape <32,32,16> took 3.283878 (s) in 3 time steps
AutoTuner: Block shape <32,32,24> took 2.838195 (s) in 3 time steps
AutoTuner: Block shape <32,32,40> took 2.695611 (s) in 3 time steps
AutoTuner: Block shape <32,32,64> took 2.691173 (s) in 3 time steps
AutoTuner: Block shape <32,32,128> took 2.602171 (s) in 3 time steps
AutoTuner: Block shape <16,8,8> took 2.125861 (s) in 3 time steps
AutoTuner: Block shape <8,16,8> took 2.146147 (s) in 3 time steps
AutoTuner: Block shape <16,8,16> took 2.122935 (s) in 3 time steps
AutoTuner: Block shape <8,16,16> took 2.161359 (s) in 3 time steps
AutoTuner: Block shape <32,16,16> took 2.777348 (s) in 3 time steps
AutoTuner: Block shape <16,32,16> took 2.785710 (s) in 3 time steps
AutoTuner: Block shape <32,16,32> took 2.691566 (s) in 3 time steps
AutoTuner: Block shape <16,32,32> took 2.683948 (s) in 3 time steps
AutoTuner: Block shape <48,24,24> took 2.888305 (s) in 3 time steps
AutoTuner: Block shape <24,48,24> took 2.899763 (s) in 3 time steps
AutoTuner: Block shape <24,24,48> took 2.650652 (s) in 3 time steps
AutoTuner: Block shape <48,48,24> took 3.003894 (s) in 3 time steps
AutoTuner: Block shape <48,24,48> took 2.756082 (s) in 3 time steps
AutoTuner: Block shape <24,48,48> took 2.810963 (s) in 3 time steps
AutoTuner: Block shape <48,48,48> took 2.861061 (s) in 3 time steps
AutoTuner: Block shape <64,32,32> took 2.993364 (s) in 3 time steps
AutoTuner: Block shape <32,64,32> took 3.066319 (s) in 3 time steps
AutoTuner: Block shape <64,64,32> took 3.102982 (s) in 3 time steps
AutoTuner: Block shape <64,32,64> took 2.729341 (s) in 3 time steps
AutoTuner: Block shape <32,64,64> took 2.798214 (s) in 3 time steps
AutoTuner: Block shape <80,40,40> took 2.786514 (s) in 3 time steps
AutoTuner: Block shape <40,80,40> took 2.863266 (s) in 3 time steps
AutoTuner: Block shape <40,40,80> took 2.677396 (s) in 3 time steps
Auto-tuned block shape: {'x0_block_size': 8, 'y0_block_size': 8, 'z0_block_size': 40}
=========================================================================================
Section section_0<1042,1042,1042> with OI=0.17 computed in 0.734 s [6.16 GFlops/s]
Section section_3<415,1> with OI=0.64 computed in 0.001 s [0.08 GFlops/s]
Section section_4<415,101> with OI=1.27 computed in 0.005 s [0.84 GFlops/s]
Section main<415,1042,1042,1042> with OI=1.58 computed in 470.243 s [101.84 GFlops/s, 1.00 GPts/s]
=========================================================================================


OpesciBench: Running 3 repeats - parameters: arch: unknown, autotune: True, dle: advanced, dse: basic, nbpml: 10, shape: (1024, 1024, 1024), space_order: 4, spacing: (20.0, 20.0, 20.0), time_order: 2, tn: 1000
OpesciBench [06:00:12]: --- Run 0 ---
icc -O3 -g -fPIC -Wall -std=c99 -xhost -shared -qopenmp /tmp/devito-g9e4yukz/e76a5e5431156145bcabff0eed0bfc122ac5460b.c -o /tmp/devito-g9e4yukz/e76a5e5431156145bcabff0eed0bfc122ac5460b.so
OpesciBench [06:19:14]: --- Run 0 finished ---

OpesciBench [06:19:14]: --- Run 1 ---
icc -O3 -g -fPIC -Wall -std=c99 -xhost -shared -qopenmp /tmp/devito-g9e4yukz/e76a5e5431156145bcabff0eed0bfc122ac5460b.c -o /tmp/devito-g9e4yukz/e76a5e5431156145bcabff0eed0bfc122ac5460b.so
OpesciBench [06:38:15]: --- Run 1 finished ---

OpesciBench [06:38:15]: --- Run 2 ---
icc -O3 -g -fPIC -Wall -std=c99 -xhost -shared -qopenmp /tmp/devito-g9e4yukz/e76a5e5431156145bcabff0eed0bfc122ac5460b.c -o /tmp/devito-g9e4yukz/e76a5e5431156145bcabff0eed0bfc122ac5460b.so
OpesciBench [06:57:20]: --- Run 2 finished ---





OpesciBench: Running 3 repeats - parameters: arch: unknown, autotune: True, dle: advanced, dse: advanced, nbpml: 10, shape: (1024, 1024, 1024), space_order: 4, spacing: (20.0, 20.0, 20.0), time_order: 2, tn: 1000
OpesciBench [06:57:20]: --- Run 0 ---
icc -O3 -g -fPIC -Wall -std=c99 -xhost -shared -qopenmp /tmp/devito-g9e4yukz/1a300a6eae984663d1c29483feabc8e5c918b4e1.c -o /tmp/devito-g9e4yukz/1a300a6eae984663d1c29483feabc8e5c918b4e1.so
OpesciBench [07:11:19]: --- Run 0 finished ---

OpesciBench [07:11:19]: --- Run 1 ---
icc -O3 -g -fPIC -Wall -std=c99 -xhost -shared -qopenmp /tmp/devito-g9e4yukz/1a300a6eae984663d1c29483feabc8e5c918b4e1.c -o /tmp/devito-g9e4yukz/1a300a6eae984663d1c29483feabc8e5c918b4e1.so
OpesciBench [07:25:16]: --- Run 1 finished ---

OpesciBench [07:25:16]: --- Run 2 ---
icc -O3 -g -fPIC -Wall -std=c99 -xhost -shared -qopenmp /tmp/devito-g9e4yukz/1a300a6eae984663d1c29483feabc8e5c918b4e1.c -o /tmp/devito-g9e4yukz/1a300a6eae984663d1c29483feabc8e5c918b4e1.so
OpesciBench [07:39:16]: --- Run 2 finished ---





OpesciBench: Running 3 repeats - parameters: arch: unknown, autotune: True, dle: advanced, dse: aggressive, nbpml: 10, shape: (1024, 1024, 1024), space_order: 4, spacing: (20.0, 20.0, 20.0), time_order: 2, tn: 1000
OpesciBench [07:39:16]: --- Run 0 ---
icc -O3 -g -fPIC -Wall -std=c99 -xhost -shared -qopenmp /tmp/devito-g9e4yukz/ebbc18cbc297027e8c587ed24c6e5830c49e727b.c -o /tmp/devito-g9e4yukz/ebbc18cbc297027e8c587ed24c6e5830c49e727b.so
OpesciBench [07:51:38]: --- Run 0 finished ---

OpesciBench [07:51:38]: --- Run 1 ---
icc -O3 -g -fPIC -Wall -std=c99 -xhost -shared -qopenmp /tmp/devito-g9e4yukz/d5b1d8894f51f9dd0d0e75bf7c569abf04f8d37e.c -o /tmp/devito-g9e4yukz/d5b1d8894f51f9dd0d0e75bf7c569abf04f8d37e.so
OpesciBench [08:04:01]: --- Run 1 finished ---

OpesciBench [08:04:01]: --- Run 2 ---
icc -O3 -g -fPIC -Wall -std=c99 -xhost -shared -qopenmp /tmp/devito-g9e4yukz/1431b3a6af446e7c4402b3eb09d2a6b6c758550f.c -o /tmp/devito-g9e4yukz/1431b3a6af446e7c4402b3eb09d2a6b6c758550f.so
OpesciBench [08:16:23]: --- Run 2 finished ---



Fri Dec 22 08:16:23 PST 2017
top - 08:16:23 up 22 days, 23:05,  3 users,  load average: 56.19, 53.70, 49.76
Tasks: 1952 total,   1 running, 1951 sleeping,   0 stopped,   0 zombie
%Cpu(s):  6.4 us,  0.1 sy,  0.0 ni, 93.5 id,  0.0 wa,  0.0 hi,  0.0 si,  0.0 st
KiB Mem : 19652648+total, 18770678+free,  4748708 used,  4070992 buff/cache
KiB Swap: 50331644 total, 47136960 free,  3194684 used. 19103361+avail Mem 

   PID USER      PR  NI    VIRT    RES    SHR S  %CPU %MEM     TIME+ COMMAND
149483 cyount    20   0  152236   3936   1476 R   5.9  0.0   0:00.02 top
     1 root      20   0  197856   6672   1468 S   0.0  0.0   1:12.66 systemd
     2 root      20   0       0      0      0 S   0.0  0.0   0:00.30 kthreadd
     3 root      20   0       0      0      0 S   0.0  0.0   0:00.13 ksoftirqd/0
     5 root       0 -20       0      0      0 S   0.0  0.0   0:00.00 kworker/0:0H
     8 root      rt   0       0      0      0 S   0.0  0.0   0:01.43 migration/0
     9 root      20   0       0      0      0 S   0.0  0.0   0:00.00 rcu_bh
    10 root      20   0       0      0      0 S   0.0  0.0   0:00.00 rcuob/0
    11 root      20   0       0      0      0 S   0.0  0.0   0:00.00 rcuob/1
    12 root      20   0       0      0      0 S   0.0  0.0   0:00.00 rcuob/2
    13 root      20   0       0      0      0 S   0.0  0.0   0:00.00 rcuob/3
    14 root      20   0       0      0      0 S   0.0  0.0   0:00.00 rcuob/4
    15 root      20   0       0      0      0 S   0.0  0.0   0:00.00 rcuob/5
    16 root      20   0       0      0      0 S   0.0  0.0   0:00.00 rcuob/6
    17 root      20   0       0      0      0 S   0.0  0.0   0:00.00 rcuob/7
    18 root      20   0       0      0      0 S   0.0  0.0   0:00.00 rcuob/8
    19 root      20   0       0      0      0 S   0.0  0.0   0:00.00 rcuob/9
    20 root      20   0       0      0      0 S   0.0  0.0   0:00.00 rcuob/10
    21 root      20   0       0      0      0 S   0.0  0.0   0:00.00 rcuob/11
    22 root      20   0       0      0      0 S   0.0  0.0   0:00.00 rcuob/12
    23 root      20   0       0      0      0 S   0.0  0.0   0:00.00 rcuob/13
    24 root      20   0       0      0      0 S   0.0  0.0   0:00.00 rcuob/14
    25 root      20   0       0      0      0 S   0.0  0.0   0:00.00 rcuob/15
