Thu Dec 21 18:38:47 PST 2017
Linux ortce-skl1 3.10.0-514.el7.x86_64 #1 SMP Wed Oct 19 11:24:13 EDT 2016 x86_64 x86_64 x86_64 GNU/Linux
Architecture:          x86_64
CPU op-mode(s):        32-bit, 64-bit
Byte Order:            Little Endian
CPU(s):                80
On-line CPU(s) list:   0-79
Thread(s) per core:    2
Core(s) per socket:    20
Socket(s):             2
NUMA node(s):          2
Vendor ID:             GenuineIntel
CPU family:            6
Model:                 85
Model name:            Intel(R) Xeon(R) Gold 6148 CPU @ 2.40GHz
Stepping:              4
CPU MHz:               3100.218
BogoMIPS:              4805.49
Virtualization:        VT-x
L1d cache:             32K
L1i cache:             32K
L2 cache:              1024K
L3 cache:              28160K
NUMA node0 CPU(s):     0-19,40-59
NUMA node1 CPU(s):     20-39,60-79
Linux ortce-skl1 3.10.0-514.el7.x86_64 #1 SMP Wed Oct 19 11:24:13 EDT 2016 x86_64 x86_64 x86_64 GNU/Linux
available: 2 nodes (0-1)
node 0 cpus: 0 1 2 3 4 5 6 7 8 9 10 11 12 13 14 15 16 17 18 19 40 41 42 43 44 45 46 47 48 49 50 51 52 53 54 55 56 57 58 59
node 0 size: 96973 MB
node 0 free: 88699 MB
node 1 cpus: 20 21 22 23 24 25 26 27 28 29 30 31 32 33 34 35 36 37 38 39 60 61 62 63 64 65 66 67 68 69 70 71 72 73 74 75 76 77 78 79
node 1 size: 98304 MB
node 1 free: 92054 MB
node distances:
node   0   1 
  0:  10  21 
  1:  21  10 

Per-node system memory usage (in MBs):
                          Node 0          Node 1           Total
                 --------------- --------------- ---------------
MemTotal                96973.63        98304.00       195277.63
MemFree                 88699.74        92053.50       180753.24
MemUsed                  8273.89         6250.50        14524.39
Active                   1782.65         1089.23         2871.88
Inactive                 3394.34         2432.95         5827.29
Active(anon)                8.90            9.13           18.03
Inactive(anon)             39.41            4.11           43.52
Active(file)             1773.75         1080.10         2853.85
Inactive(file)           3354.93         2428.84         5783.77
Unevictable                 0.00            0.00            0.00
Mlocked                     0.00            0.00            0.00
Dirty                       0.00            0.00            0.00
Writeback                   0.00            0.00            0.00
FilePages                5166.88         3512.54         8679.42
Mapped                     28.66            4.00           32.65
AnonPages                  13.34           11.00           24.34
Shmem                      23.78            0.09           23.86
KernelStack                10.05            9.52           19.56
PageTables                  3.57            3.83            7.41
NFS_Unstable                0.00            0.00            0.00
Bounce                      0.00            0.00            0.00
WritebackTmp                0.00            0.00            0.00
Slab                      338.55          333.59          672.14
SReclaimable              216.37          188.29          404.66
SUnreclaim                122.18          145.30          267.48
AnonHugePages               0.00            0.00            0.00
HugePages_Total             0.00            0.00            0.00
HugePages_Free              0.00            0.00            0.00
HugePages_Surp              0.00            0.00            0.00
top - 18:38:47 up 6 days,  4:01,  1 user,  load average: 38.56, 34.14, 31.91
Tasks: 715 total,   1 running, 714 sleeping,   0 stopped,   0 zombie
%Cpu(s): 10.9 us,  0.2 sy,  0.0 ni, 88.9 id,  0.0 wa,  0.0 hi,  0.0 si,  0.0 st
KiB Mem : 19652252+total, 18509131+free,  1873612 used,  9557592 buff/cache
KiB Swap:  4194300 total,  4124516 free,    69784 used. 19359961+avail Mem 

   PID USER      PR  NI    VIRT    RES    SHR S  %CPU %MEM     TIME+ COMMAND
     1 root      20   0  197536   2864   1516 S   0.0  0.0   0:30.37 systemd
     2 root      20   0       0      0      0 S   0.0  0.0   0:00.06 kthreadd
     3 root      20   0       0      0      0 S   0.0  0.0   0:00.31 ksoftirqd/0
     5 root       0 -20       0      0      0 S   0.0  0.0   0:00.00 kworker/0:0H
     6 root      20   0       0      0      0 S   0.0  0.0   0:14.39 kworker/u896:0
     8 root      rt   0       0      0      0 S   0.0  0.0   0:00.78 migration/0
     9 root      20   0       0      0      0 S   0.0  0.0   0:00.00 rcu_bh
    10 root      20   0       0      0      0 S   0.0  0.0   0:51.25 rcu_sched
    11 root      rt   0       0      0      0 S   0.0  0.0   0:02.14 watchdog/0
    12 root      rt   0       0      0      0 S   0.0  0.0   0:01.50 watchdog/1
    13 root      rt   0       0      0      0 S   0.0  0.0   0:00.83 migration/1
    14 root      20   0       0      0      0 S   0.0  0.0   0:00.02 ksoftirqd/1
    16 root       0 -20       0      0      0 S   0.0  0.0   0:00.00 kworker/1:0H
    17 root      rt   0       0      0      0 S   0.0  0.0   0:01.46 watchdog/2
    18 root      rt   0       0      0      0 S   0.0  0.0   0:00.78 migration/2
    19 root      20   0       0      0      0 S   0.0  0.0   0:00.02 ksoftirqd/2
    22 root      rt   0       0      0      0 S   0.0  0.0   0:01.52 watchdog/3
    23 root      rt   0       0      0      0 S   0.0  0.0   0:00.84 migration/3
    24 root      20   0       0      0      0 S   0.0  0.0   0:00.01 ksoftirqd/3
    27 root      rt   0       0      0      0 S   0.0  0.0   0:01.46 watchdog/4
    28 root      rt   0       0      0      0 S   0.0  0.0   0:00.81 migration/4
    29 root      20   0       0      0      0 S   0.0  0.0   0:00.01 ksoftirqd/4
    32 root      rt   0       0      0      0 S   0.0  0.0   0:01.52 watchdog/5
env DEVITO_PLATFORM=skx DEVITO_ISA=avx512 DEVITO_DEBUG_COMPILER=1 DEVITO_DLE_OPTIONS=blockinner:True DEVITO_AUTOTUNING=aggressive DEVITO_BACKEND=core DEVITO_OPENMP=1 DEVITO_ARCH=intel DEVITO_LOGGING=DEBUG DEVITO_YASK_AUTOTUNING=preemptive DEVITO_YASK_DUMP=devito.bench.2017-12-21/tti/core/bmdse/ortce-skl1/grid512/so12 numactl --cpubind=1 python examples/seismic/benchmark.py bench -bm dse -P tti -so 12 -to 2 -d 512 512 512 --tn 1000 -x 3 -r devito.bench.2017-12-21/tti/core/bmdse/ortce-skl1/grid512/so12
Allocating memory for m ((532, 532, 532))
Allocating memory for damp ((532, 532, 532))
Allocating memory for epsilon ((532, 532, 532))
Allocating memory for delta ((532, 532, 532))
Allocating memory for theta ((532, 532, 532))
Allocating memory for phi ((532, 532, 532))
Allocating memory for src ((417, 1))
Allocating memory for src_coords ((1, 3))
Allocating memory for nrec_coords ((101, 3))
Allocating memory for rec_coords ((101, 3))
DSE: eliminate_intra_stencil_redundancies [flops: 1701, elapsed: 1.00] >>
     finalize [flops: 1703, elapsed: 0.04]
     [Total elapsed: 1.04 s]
DLE: avoid_denormals [elapsed: 0.00] >>
     loop_fission [elapsed: 0.05] >>
     loop_blocking [elapsed: 0.23] >>
     simdize [elapsed: 0.31] >>
     ompize [elapsed: 0.07] >>
     create_elemental_functions [elapsed: 0.37] >>
     minimize_remainders [elapsed: 0.03]
     [Total elapsed: 1.05 s]
Allocating memory for rec ((417, 101))
Allocating memory for u ((3, 532, 532, 532))
Allocating memory for v ((3, 532, 532, 532))
IntelCompiler: compiled /tmp/devito-pgq3bihq/f6f81a1daf2df47448abcb13b4ab73d593ff4238.c [84.52 s]
AutoTuner: Block shape <8,8,8> took 1.173839 (s) in 3 time steps
AutoTuner: Block shape <16,16,16> took 1.085117 (s) in 3 time steps
AutoTuner: Block shape <24,24,24> took 1.082421 (s) in 3 time steps
AutoTuner: Block shape <32,32,32> took 1.076813 (s) in 3 time steps
AutoTuner: Block shape <40,40,40> took 1.080554 (s) in 3 time steps
AutoTuner: Block shape <64,64,64> took 1.197555 (s) in 3 time steps
AutoTuner: Block shape <128,128,128> took 1.763416 (s) in 3 time steps
AutoTuner: Block shape <256,256,256> took 3.931967 (s) in 3 time steps
AutoTuner: Block shape <512,512,512> took 26.260326 (s) in 3 time steps
AutoTuner: Block shape <520,520,520> took 26.137583 (s) in 3 time steps
AutoTuner: Block shape <8,8,16> took 1.112912 (s) in 3 time steps
AutoTuner: Block shape <8,8,24> took 1.080765 (s) in 3 time steps
AutoTuner: Block shape <8,8,32> took 1.057720 (s) in 3 time steps
AutoTuner: Block shape <8,8,40> took 1.035449 (s) in 3 time steps
AutoTuner: Block shape <8,8,64> took 1.032584 (s) in 3 time steps
AutoTuner: Block shape <8,8,128> took 1.050356 (s) in 3 time steps
AutoTuner: Block shape <8,8,256> took 1.119747 (s) in 3 time steps
AutoTuner: Block shape <8,8,512> took 1.220701 (s) in 3 time steps
AutoTuner: Block shape <8,8,520> took 1.218991 (s) in 3 time steps
AutoTuner: Block shape <16,16,8> took 1.133203 (s) in 3 time steps
AutoTuner: Block shape <16,16,24> took 1.066938 (s) in 3 time steps
AutoTuner: Block shape <16,16,32> took 1.055764 (s) in 3 time steps
AutoTuner: Block shape <16,16,40> took 1.045242 (s) in 3 time steps
AutoTuner: Block shape <16,16,64> took 1.050935 (s) in 3 time steps
AutoTuner: Block shape <16,16,128> took 1.080437 (s) in 3 time steps
AutoTuner: Block shape <16,16,256> took 1.149107 (s) in 3 time steps
AutoTuner: Block shape <16,16,512> took 1.378100 (s) in 3 time steps
AutoTuner: Block shape <16,16,520> took 1.379473 (s) in 3 time steps
AutoTuner: Block shape <24,24,8> took 1.165003 (s) in 3 time steps
AutoTuner: Block shape <24,24,16> took 1.114668 (s) in 3 time steps
AutoTuner: Block shape <24,24,32> took 1.068129 (s) in 3 time steps
AutoTuner: Block shape <24,24,40> took 1.057371 (s) in 3 time steps
AutoTuner: Block shape <24,24,64> took 1.077328 (s) in 3 time steps
AutoTuner: Block shape <24,24,128> took 1.118480 (s) in 3 time steps
AutoTuner: Block shape <24,24,256> took 1.333252 (s) in 3 time steps
AutoTuner: Block shape <24,24,512> took 1.537191 (s) in 3 time steps
AutoTuner: Block shape <24,24,520> took 1.537592 (s) in 3 time steps
AutoTuner: Block shape <32,32,8> took 1.219223 (s) in 3 time steps
AutoTuner: Block shape <32,32,16> took 1.130598 (s) in 3 time steps
AutoTuner: Block shape <32,32,24> took 1.091639 (s) in 3 time steps
AutoTuner: Block shape <32,32,40> took 1.070980 (s) in 3 time steps
AutoTuner: Block shape <32,32,64> took 1.083909 (s) in 3 time steps
AutoTuner: Block shape <32,32,128> took 1.148190 (s) in 3 time steps
AutoTuner: Block shape <32,32,256> took 1.333358 (s) in 3 time steps
AutoTuner: Block shape <32,32,512> took 1.559558 (s) in 3 time steps
AutoTuner: Block shape <32,32,520> took 1.560444 (s) in 3 time steps
AutoTuner: Block shape <16,8,8> took 1.151458 (s) in 3 time steps
AutoTuner: Block shape <8,16,8> took 1.136905 (s) in 3 time steps
AutoTuner: Block shape <16,8,16> took 1.099074 (s) in 3 time steps
AutoTuner: Block shape <8,16,16> took 1.090535 (s) in 3 time steps
AutoTuner: Block shape <32,16,16> took 1.117351 (s) in 3 time steps
AutoTuner: Block shape <16,32,16> took 1.116966 (s) in 3 time steps
AutoTuner: Block shape <32,16,32> took 1.061557 (s) in 3 time steps
AutoTuner: Block shape <16,32,32> took 1.081992 (s) in 3 time steps
AutoTuner: Block shape <48,24,24> took 1.094623 (s) in 3 time steps
AutoTuner: Block shape <24,48,24> took 1.138452 (s) in 3 time steps
AutoTuner: Block shape <24,24,48> took 1.073105 (s) in 3 time steps
AutoTuner: Block shape <48,48,24> took 1.164255 (s) in 3 time steps
AutoTuner: Block shape <48,24,48> took 1.089691 (s) in 3 time steps
AutoTuner: Block shape <24,48,48> took 1.145669 (s) in 3 time steps
AutoTuner: Block shape <48,48,48> took 1.183221 (s) in 3 time steps
AutoTuner: Block shape <64,32,32> took 1.081917 (s) in 3 time steps
AutoTuner: Block shape <32,64,32> took 1.148119 (s) in 3 time steps
AutoTuner: Block shape <64,64,32> took 1.157811 (s) in 3 time steps
AutoTuner: Block shape <64,32,64> took 1.095763 (s) in 3 time steps
AutoTuner: Block shape <32,64,64> took 1.201190 (s) in 3 time steps
AutoTuner: Block shape <80,40,40> took 1.101716 (s) in 3 time steps
AutoTuner: Block shape <40,80,40> took 1.180825 (s) in 3 time steps
AutoTuner: Block shape <40,40,80> took 1.120913 (s) in 3 time steps
AutoTuner: Block shape <80,80,40> took 1.187075 (s) in 3 time steps
AutoTuner: Block shape <80,40,80> took 1.130471 (s) in 3 time steps
AutoTuner: Block shape <40,80,80> took 1.319734 (s) in 3 time steps
AutoTuner: Block shape <80,80,80> took 1.455221 (s) in 3 time steps
AutoTuner: Block shape <128,64,64> took 1.259944 (s) in 3 time steps
AutoTuner: Block shape <64,128,64> took 1.464151 (s) in 3 time steps
AutoTuner: Block shape <64,64,128> took 1.408112 (s) in 3 time steps
AutoTuner: Block shape <128,128,64> took 1.557976 (s) in 3 time steps
AutoTuner: Block shape <128,64,128> took 1.492567 (s) in 3 time steps
AutoTuner: Block shape <64,128,128> took 1.572021 (s) in 3 time steps
AutoTuner: Block shape <256,128,128> took 1.868140 (s) in 3 time steps
AutoTuner: Block shape <128,256,128> took 1.914798 (s) in 3 time steps
AutoTuner: Block shape <128,128,256> took 1.903066 (s) in 3 time steps
AutoTuner: Block shape <256,256,128> took 2.325925 (s) in 3 time steps
AutoTuner: Block shape <256,128,256> took 2.211234 (s) in 3 time steps
AutoTuner: Block shape <128,256,256> took 2.297051 (s) in 3 time steps
AutoTuner: Block shape <512,256,256> took 7.024779 (s) in 3 time steps
AutoTuner: Block shape <256,512,256> took 7.522049 (s) in 3 time steps
AutoTuner: Block shape <256,256,512> took 7.341885 (s) in 3 time steps
AutoTuner: Block shape <512,512,256> took 13.610290 (s) in 3 time steps
AutoTuner: Block shape <512,256,512> took 13.268208 (s) in 3 time steps
AutoTuner: Block shape <256,512,512> took 13.932400 (s) in 3 time steps
Auto-tuned block shape: {'x0_block_size': 8, 'y0_block_size': 8, 'z0_block_size': 64}
=========================================================================================
Section section_1<415,1> with OI=0.64 computed in 0.000 s [0.12 GFlops/s]
Section section_2<415,101> with OI=1.27 computed in 0.003 s [1.15 GFlops/s]
Section main<415,520,520,520> with OI=39.57 computed in 434.915 s [228.49 GFlops/s, 0.13 GPts/s]
=========================================================================================
Allocating memory for m ((532, 532, 532))
Allocating memory for damp ((532, 532, 532))
Allocating memory for epsilon ((532, 532, 532))
Allocating memory for delta ((532, 532, 532))
Allocating memory for theta ((532, 532, 532))
Allocating memory for phi ((532, 532, 532))
Allocating memory for src ((417, 1))
Allocating memory for src_coords ((1, 3))
Allocating memory for nrec_coords ((101, 3))
Allocating memory for rec_coords ((101, 3))
DSE: eliminate_intra_stencil_redundancies [flops: 1701, elapsed: 1.00] >>
     finalize [flops: 1703, elapsed: 0.04]
     [Total elapsed: 1.04 s]
DLE: avoid_denormals [elapsed: 0.00] >>
     loop_fission [elapsed: 0.02] >>
     loop_blocking [elapsed: 0.22] >>
     simdize [elapsed: 0.18] >>
     ompize [elapsed: 0.07] >>
     create_elemental_functions [elapsed: 0.37] >>
     minimize_remainders [elapsed: 0.03]
     [Total elapsed: 0.89 s]
Allocating memory for rec ((417, 101))
Allocating memory for u ((3, 532, 532, 532))
Allocating memory for v ((3, 532, 532, 532))
IntelCompiler: compiled /tmp/devito-pgq3bihq/f6f81a1daf2df47448abcb13b4ab73d593ff4238.c [80.38 s]
AutoTuner: Block shape <8,8,8> took 1.177113 (s) in 3 time steps
AutoTuner: Block shape <16,16,16> took 1.099269 (s) in 3 time steps
AutoTuner: Block shape <24,24,24> took 1.090520 (s) in 3 time steps
AutoTuner: Block shape <32,32,32> took 1.085713 (s) in 3 time steps
AutoTuner: Block shape <40,40,40> took 1.100812 (s) in 3 time steps
AutoTuner: Block shape <64,64,64> took 1.205224 (s) in 3 time steps
AutoTuner: Block shape <128,128,128> took 1.729035 (s) in 3 time steps
AutoTuner: Block shape <256,256,256> took 4.004589 (s) in 3 time steps
AutoTuner: Block shape <512,512,512> took 27.173764 (s) in 3 time steps
AutoTuner: Block shape <520,520,520> took 27.111448 (s) in 3 time steps
AutoTuner: Block shape <8,8,16> took 1.123959 (s) in 3 time steps
AutoTuner: Block shape <8,8,24> took 1.090974 (s) in 3 time steps
AutoTuner: Block shape <8,8,32> took 1.072048 (s) in 3 time steps
AutoTuner: Block shape <8,8,40> took 1.049897 (s) in 3 time steps
AutoTuner: Block shape <8,8,64> took 1.043028 (s) in 3 time steps
AutoTuner: Block shape <8,8,128> took 1.054425 (s) in 3 time steps
AutoTuner: Block shape <8,8,256> took 1.132275 (s) in 3 time steps
AutoTuner: Block shape <8,8,512> took 1.232980 (s) in 3 time steps
AutoTuner: Block shape <8,8,520> took 1.231822 (s) in 3 time steps
AutoTuner: Block shape <16,16,8> took 1.149177 (s) in 3 time steps
AutoTuner: Block shape <16,16,24> took 1.080546 (s) in 3 time steps
AutoTuner: Block shape <16,16,32> took 1.070034 (s) in 3 time steps
AutoTuner: Block shape <16,16,40> took 1.053556 (s) in 3 time steps
AutoTuner: Block shape <16,16,64> took 1.061144 (s) in 3 time steps
AutoTuner: Block shape <16,16,128> took 1.093583 (s) in 3 time steps
AutoTuner: Block shape <16,16,256> took 1.168169 (s) in 3 time steps
AutoTuner: Block shape <16,16,512> took 1.379248 (s) in 3 time steps
AutoTuner: Block shape <16,16,520> took 1.379795 (s) in 3 time steps
AutoTuner: Block shape <24,24,8> took 1.171670 (s) in 3 time steps
AutoTuner: Block shape <24,24,16> took 1.124194 (s) in 3 time steps
AutoTuner: Block shape <24,24,32> took 1.080247 (s) in 3 time steps
AutoTuner: Block shape <24,24,40> took 1.068973 (s) in 3 time steps
AutoTuner: Block shape <24,24,64> took 1.102280 (s) in 3 time steps
AutoTuner: Block shape <24,24,128> took 1.136708 (s) in 3 time steps
AutoTuner: Block shape <24,24,256> took 1.339207 (s) in 3 time steps
AutoTuner: Block shape <24,24,512> took 1.535154 (s) in 3 time steps
AutoTuner: Block shape <24,24,520> took 1.535197 (s) in 3 time steps
AutoTuner: Block shape <32,32,8> took 1.227170 (s) in 3 time steps
AutoTuner: Block shape <32,32,16> took 1.133492 (s) in 3 time steps
AutoTuner: Block shape <32,32,24> took 1.096458 (s) in 3 time steps
AutoTuner: Block shape <32,32,40> took 1.083211 (s) in 3 time steps
AutoTuner: Block shape <32,32,64> took 1.109882 (s) in 3 time steps
AutoTuner: Block shape <32,32,128> took 1.160048 (s) in 3 time steps
AutoTuner: Block shape <32,32,256> took 1.345174 (s) in 3 time steps
AutoTuner: Block shape <32,32,512> took 1.553797 (s) in 3 time steps
AutoTuner: Block shape <32,32,520> took 1.555157 (s) in 3 time steps
AutoTuner: Block shape <16,8,8> took 1.158110 (s) in 3 time steps
AutoTuner: Block shape <8,16,8> took 1.146066 (s) in 3 time steps
AutoTuner: Block shape <16,8,16> took 1.112009 (s) in 3 time steps
AutoTuner: Block shape <8,16,16> took 1.107485 (s) in 3 time steps
AutoTuner: Block shape <32,16,16> took 1.130473 (s) in 3 time steps
AutoTuner: Block shape <16,32,16> took 1.127321 (s) in 3 time steps
AutoTuner: Block shape <32,16,32> took 1.075676 (s) in 3 time steps
AutoTuner: Block shape <16,32,32> took 1.091775 (s) in 3 time steps
AutoTuner: Block shape <48,24,24> took 1.101237 (s) in 3 time steps
AutoTuner: Block shape <24,48,24> took 1.137954 (s) in 3 time steps
AutoTuner: Block shape <24,24,48> took 1.093656 (s) in 3 time steps
AutoTuner: Block shape <48,48,24> took 1.156178 (s) in 3 time steps
AutoTuner: Block shape <48,24,48> took 1.108313 (s) in 3 time steps
AutoTuner: Block shape <24,48,48> took 1.159178 (s) in 3 time steps
AutoTuner: Block shape <48,48,48> took 1.200324 (s) in 3 time steps
AutoTuner: Block shape <64,32,32> took 1.092501 (s) in 3 time steps
AutoTuner: Block shape <32,64,32> took 1.163626 (s) in 3 time steps
AutoTuner: Block shape <64,64,32> took 1.161242 (s) in 3 time steps
AutoTuner: Block shape <64,32,64> took 1.115014 (s) in 3 time steps
AutoTuner: Block shape <32,64,64> took 1.202261 (s) in 3 time steps
AutoTuner: Block shape <80,40,40> took 1.112276 (s) in 3 time steps
AutoTuner: Block shape <40,80,40> took 1.194371 (s) in 3 time steps
AutoTuner: Block shape <40,40,80> took 1.134799 (s) in 3 time steps
AutoTuner: Block shape <80,80,40> took 1.203169 (s) in 3 time steps
AutoTuner: Block shape <80,40,80> took 1.146770 (s) in 3 time steps
AutoTuner: Block shape <40,80,80> took 1.324521 (s) in 3 time steps
AutoTuner: Block shape <80,80,80> took 1.459532 (s) in 3 time steps
AutoTuner: Block shape <128,64,64> took 1.265813 (s) in 3 time steps
AutoTuner: Block shape <64,128,64> took 1.471818 (s) in 3 time steps
AutoTuner: Block shape <64,64,128> took 1.409138 (s) in 3 time steps
AutoTuner: Block shape <128,128,64> took 1.571269 (s) in 3 time steps
AutoTuner: Block shape <128,64,128> took 1.502496 (s) in 3 time steps
AutoTuner: Block shape <64,128,128> took 1.580043 (s) in 3 time steps
AutoTuner: Block shape <256,128,128> took 1.822811 (s) in 3 time steps
AutoTuner: Block shape <128,256,128> took 1.876352 (s) in 3 time steps
AutoTuner: Block shape <128,128,256> took 1.823260 (s) in 3 time steps
AutoTuner: Block shape <256,256,128> took 2.309682 (s) in 3 time steps
AutoTuner: Block shape <256,128,256> took 2.198027 (s) in 3 time steps
AutoTuner: Block shape <128,256,256> took 2.308542 (s) in 3 time steps
AutoTuner: Block shape <512,256,256> took 7.071305 (s) in 3 time steps
AutoTuner: Block shape <256,512,256> took 7.609620 (s) in 3 time steps
AutoTuner: Block shape <256,256,512> took 7.579243 (s) in 3 time steps
AutoTuner: Block shape <512,512,256> took 13.779899 (s) in 3 time steps
AutoTuner: Block shape <512,256,512> took 13.673274 (s) in 3 time steps
AutoTuner: Block shape <256,512,512> took 14.438248 (s) in 3 time steps
Auto-tuned block shape: {'x0_block_size': 8, 'y0_block_size': 8, 'z0_block_size': 64}
=========================================================================================
Section section_1<415,1> with OI=0.64 computed in 0.000 s [0.12 GFlops/s]
Section section_2<415,101> with OI=1.27 computed in 0.003 s [1.13 GFlops/s]
Section main<415,520,520,520> with OI=39.57 computed in 434.109 s [228.91 GFlops/s, 0.13 GPts/s]
=========================================================================================
Allocating memory for m ((532, 532, 532))
Allocating memory for damp ((532, 532, 532))
Allocating memory for epsilon ((532, 532, 532))
Allocating memory for delta ((532, 532, 532))
Allocating memory for theta ((532, 532, 532))
Allocating memory for phi ((532, 532, 532))
Allocating memory for src ((417, 1))
Allocating memory for src_coords ((1, 3))
Allocating memory for nrec_coords ((101, 3))
Allocating memory for rec_coords ((101, 3))
DSE: eliminate_intra_stencil_redundancies [flops: 1701, elapsed: 1.01] >>
     finalize [flops: 1703, elapsed: 0.04]
     [Total elapsed: 1.05 s]
DLE: avoid_denormals [elapsed: 0.00] >>
     loop_fission [elapsed: 0.02] >>
     loop_blocking [elapsed: 0.22] >>
     simdize [elapsed: 0.18] >>
     ompize [elapsed: 0.07] >>
     create_elemental_functions [elapsed: 0.37] >>
     minimize_remainders [elapsed: 0.03]
     [Total elapsed: 0.89 s]
Allocating memory for rec ((417, 101))
Allocating memory for u ((3, 532, 532, 532))
Allocating memory for v ((3, 532, 532, 532))
IntelCompiler: compiled /tmp/devito-pgq3bihq/f6f81a1daf2df47448abcb13b4ab73d593ff4238.c [82.38 s]
AutoTuner: Block shape <8,8,8> took 1.170904 (s) in 3 time steps
AutoTuner: Block shape <16,16,16> took 1.094934 (s) in 3 time steps
AutoTuner: Block shape <24,24,24> took 1.086014 (s) in 3 time steps
AutoTuner: Block shape <32,32,32> took 1.075904 (s) in 3 time steps
AutoTuner: Block shape <40,40,40> took 1.091727 (s) in 3 time steps
AutoTuner: Block shape <64,64,64> took 1.205355 (s) in 3 time steps
AutoTuner: Block shape <128,128,128> took 1.710329 (s) in 3 time steps
AutoTuner: Block shape <256,256,256> took 3.983778 (s) in 3 time steps
AutoTuner: Block shape <512,512,512> took 27.227427 (s) in 3 time steps
AutoTuner: Block shape <520,520,520> took 27.179668 (s) in 3 time steps
AutoTuner: Block shape <8,8,16> took 1.118292 (s) in 3 time steps
AutoTuner: Block shape <8,8,24> took 1.087570 (s) in 3 time steps
AutoTuner: Block shape <8,8,32> took 1.061681 (s) in 3 time steps
AutoTuner: Block shape <8,8,40> took 1.038850 (s) in 3 time steps
AutoTuner: Block shape <8,8,64> took 1.037969 (s) in 3 time steps
AutoTuner: Block shape <8,8,128> took 1.045478 (s) in 3 time steps
AutoTuner: Block shape <8,8,256> took 1.125736 (s) in 3 time steps
AutoTuner: Block shape <8,8,512> took 1.230057 (s) in 3 time steps
AutoTuner: Block shape <8,8,520> took 1.228382 (s) in 3 time steps
AutoTuner: Block shape <16,16,8> took 1.139923 (s) in 3 time steps
AutoTuner: Block shape <16,16,24> took 1.076165 (s) in 3 time steps
AutoTuner: Block shape <16,16,32> took 1.061528 (s) in 3 time steps
AutoTuner: Block shape <16,16,40> took 1.044730 (s) in 3 time steps
AutoTuner: Block shape <16,16,64> took 1.057711 (s) in 3 time steps
AutoTuner: Block shape <16,16,128> took 1.093265 (s) in 3 time steps
AutoTuner: Block shape <16,16,256> took 1.162029 (s) in 3 time steps
AutoTuner: Block shape <16,16,512> took 1.381672 (s) in 3 time steps
AutoTuner: Block shape <16,16,520> took 1.383035 (s) in 3 time steps
AutoTuner: Block shape <24,24,8> took 1.175859 (s) in 3 time steps
AutoTuner: Block shape <24,24,16> took 1.122495 (s) in 3 time steps
AutoTuner: Block shape <24,24,32> took 1.069183 (s) in 3 time steps
AutoTuner: Block shape <24,24,40> took 1.061013 (s) in 3 time steps
AutoTuner: Block shape <24,24,64> took 1.099894 (s) in 3 time steps
AutoTuner: Block shape <24,24,128> took 1.134959 (s) in 3 time steps
AutoTuner: Block shape <24,24,256> took 1.342697 (s) in 3 time steps
AutoTuner: Block shape <24,24,512> took 1.540280 (s) in 3 time steps
AutoTuner: Block shape <24,24,520> took 1.542913 (s) in 3 time steps
AutoTuner: Block shape <32,32,8> took 1.224015 (s) in 3 time steps
AutoTuner: Block shape <32,32,16> took 1.129042 (s) in 3 time steps
AutoTuner: Block shape <32,32,24> took 1.089027 (s) in 3 time steps
AutoTuner: Block shape <32,32,40> took 1.081264 (s) in 3 time steps
AutoTuner: Block shape <32,32,64> took 1.103036 (s) in 3 time steps
AutoTuner: Block shape <32,32,128> took 1.156561 (s) in 3 time steps
AutoTuner: Block shape <32,32,256> took 1.338428 (s) in 3 time steps
AutoTuner: Block shape <32,32,512> took 1.512437 (s) in 3 time steps
AutoTuner: Block shape <32,32,520> took 1.514488 (s) in 3 time steps
AutoTuner: Block shape <16,8,8> took 1.155262 (s) in 3 time steps
AutoTuner: Block shape <8,16,8> took 1.139501 (s) in 3 time steps
AutoTuner: Block shape <16,8,16> took 1.108597 (s) in 3 time steps
AutoTuner: Block shape <8,16,16> took 1.099403 (s) in 3 time steps
AutoTuner: Block shape <32,16,16> took 1.126423 (s) in 3 time steps
AutoTuner: Block shape <16,32,16> took 1.122751 (s) in 3 time steps
AutoTuner: Block shape <32,16,32> took 1.064338 (s) in 3 time steps
AutoTuner: Block shape <16,32,32> took 1.087596 (s) in 3 time steps
AutoTuner: Block shape <48,24,24> took 1.095306 (s) in 3 time steps
AutoTuner: Block shape <24,48,24> took 1.136391 (s) in 3 time steps
AutoTuner: Block shape <24,24,48> took 1.088019 (s) in 3 time steps
AutoTuner: Block shape <48,48,24> took 1.154729 (s) in 3 time steps
AutoTuner: Block shape <48,24,48> took 1.104374 (s) in 3 time steps
AutoTuner: Block shape <24,48,48> took 1.158060 (s) in 3 time steps
AutoTuner: Block shape <48,48,48> took 1.197454 (s) in 3 time steps
AutoTuner: Block shape <64,32,32> took 1.086510 (s) in 3 time steps
AutoTuner: Block shape <32,64,32> took 1.159790 (s) in 3 time steps
AutoTuner: Block shape <64,64,32> took 1.163270 (s) in 3 time steps
AutoTuner: Block shape <64,32,64> took 1.105865 (s) in 3 time steps
AutoTuner: Block shape <32,64,64> took 1.202901 (s) in 3 time steps
AutoTuner: Block shape <80,40,40> took 1.115923 (s) in 3 time steps
AutoTuner: Block shape <40,80,40> took 1.186717 (s) in 3 time steps
AutoTuner: Block shape <40,40,80> took 1.126121 (s) in 3 time steps
AutoTuner: Block shape <80,80,40> took 1.198929 (s) in 3 time steps
AutoTuner: Block shape <80,40,80> took 1.143737 (s) in 3 time steps
AutoTuner: Block shape <40,80,80> took 1.320283 (s) in 3 time steps
AutoTuner: Block shape <80,80,80> took 1.446291 (s) in 3 time steps
AutoTuner: Block shape <128,64,64> took 1.239616 (s) in 3 time steps
AutoTuner: Block shape <64,128,64> took 1.446044 (s) in 3 time steps
AutoTuner: Block shape <64,64,128> took 1.390764 (s) in 3 time steps
AutoTuner: Block shape <128,128,64> took 1.555053 (s) in 3 time steps
AutoTuner: Block shape <128,64,128> took 1.494318 (s) in 3 time steps
AutoTuner: Block shape <64,128,128> took 1.569595 (s) in 3 time steps
AutoTuner: Block shape <256,128,128> took 1.840836 (s) in 3 time steps
AutoTuner: Block shape <128,256,128> took 1.930873 (s) in 3 time steps
AutoTuner: Block shape <128,128,256> took 1.910883 (s) in 3 time steps
AutoTuner: Block shape <256,256,128> took 2.326975 (s) in 3 time steps
AutoTuner: Block shape <256,128,256> took 2.203643 (s) in 3 time steps
AutoTuner: Block shape <128,256,256> took 2.324572 (s) in 3 time steps
AutoTuner: Block shape <512,256,256> took 7.081711 (s) in 3 time steps
AutoTuner: Block shape <256,512,256> took 7.591658 (s) in 3 time steps
AutoTuner: Block shape <256,256,512> took 7.553117 (s) in 3 time steps
AutoTuner: Block shape <512,512,256> took 13.777835 (s) in 3 time steps
AutoTuner: Block shape <512,256,512> took 13.644122 (s) in 3 time steps
AutoTuner: Block shape <256,512,512> took 14.422976 (s) in 3 time steps
Auto-tuned block shape: {'x0_block_size': 8, 'y0_block_size': 8, 'z0_block_size': 64}
=========================================================================================
Section section_1<415,1> with OI=0.64 computed in 0.000 s [0.12 GFlops/s]
Section section_2<415,101> with OI=1.27 computed in 0.003 s [1.13 GFlops/s]
Section main<415,520,520,520> with OI=39.57 computed in 434.957 s [228.47 GFlops/s, 0.13 GPts/s]
=========================================================================================
Allocating memory for m ((532, 532, 532))
Allocating memory for damp ((532, 532, 532))
Allocating memory for epsilon ((532, 532, 532))
Allocating memory for delta ((532, 532, 532))
Allocating memory for theta ((532, 532, 532))
Allocating memory for phi ((532, 532, 532))
Allocating memory for src ((417, 1))
Allocating memory for src_coords ((1, 3))
Allocating memory for nrec_coords ((101, 3))
Allocating memory for rec_coords ((101, 3))
DSE: extract_time_invariants [flops: 3257, elapsed: 0.27] >>
     eliminate_inter_stencil_redundancies [flops: 3131, elapsed: 0.41] >>
     eliminate_intra_stencil_redundancies [flops: 1533, elapsed: 0.53] >>
     factorize [flops: 1272, elapsed: 1.59] >>
     finalize [flops: 1274, elapsed: 0.03]
     [Total elapsed: 2.83 s]
DLE: avoid_denormals [elapsed: 0.00] >>
     loop_fission [elapsed: 0.02] >>
     loop_blocking [elapsed: 0.19] >>
     simdize [elapsed: 0.12] >>
     ompize [elapsed: 0.05] >>
     create_elemental_functions [elapsed: 0.33] >>
     minimize_remainders [elapsed: 0.02]
     [Total elapsed: 0.74 s]
Allocating memory for rec ((417, 101))
Allocating memory for u ((3, 532, 532, 532))
Allocating memory for v ((3, 532, 532, 532))
IntelCompiler: compiled /tmp/devito-pgq3bihq/5221bf17627bdc61352854762dd319e05041b67c.c [73.20 s]
AutoTuner: Block shape <8,8,8> took 0.758776 (s) in 3 time steps
AutoTuner: Block shape <16,16,16> took 0.688708 (s) in 3 time steps
AutoTuner: Block shape <24,24,24> took 0.680658 (s) in 3 time steps
AutoTuner: Block shape <32,32,32> took 0.718134 (s) in 3 time steps
AutoTuner: Block shape <40,40,40> took 0.700536 (s) in 3 time steps
AutoTuner: Block shape <64,64,64> took 0.807889 (s) in 3 time steps
AutoTuner: Block shape <128,128,128> took 1.142908 (s) in 3 time steps
AutoTuner: Block shape <256,256,256> took 2.626560 (s) in 3 time steps
AutoTuner: Block shape <512,512,512> took 18.234195 (s) in 3 time steps
AutoTuner: Block shape <520,520,520> took 18.140081 (s) in 3 time steps
AutoTuner: Block shape <8,8,16> took 0.701419 (s) in 3 time steps
AutoTuner: Block shape <8,8,24> took 0.685532 (s) in 3 time steps
AutoTuner: Block shape <8,8,32> took 0.675595 (s) in 3 time steps
AutoTuner: Block shape <8,8,40> took 0.667810 (s) in 3 time steps
AutoTuner: Block shape <8,8,64> took 0.659233 (s) in 3 time steps
AutoTuner: Block shape <8,8,128> took 0.682118 (s) in 3 time steps
AutoTuner: Block shape <8,8,256> took 0.714639 (s) in 3 time steps
AutoTuner: Block shape <8,8,512> took 0.822422 (s) in 3 time steps
AutoTuner: Block shape <8,8,520> took 0.820897 (s) in 3 time steps
AutoTuner: Block shape <16,16,8> took 0.734177 (s) in 3 time steps
AutoTuner: Block shape <16,16,24> took 0.669836 (s) in 3 time steps
AutoTuner: Block shape <16,16,32> took 0.667022 (s) in 3 time steps
AutoTuner: Block shape <16,16,40> took 0.672863 (s) in 3 time steps
AutoTuner: Block shape <16,16,64> took 0.702355 (s) in 3 time steps
AutoTuner: Block shape <16,16,128> took 0.693296 (s) in 3 time steps
AutoTuner: Block shape <16,16,256> took 0.766826 (s) in 3 time steps
AutoTuner: Block shape <16,16,512> took 0.938985 (s) in 3 time steps
AutoTuner: Block shape <16,16,520> took 0.937929 (s) in 3 time steps
AutoTuner: Block shape <24,24,8> took 0.747938 (s) in 3 time steps
AutoTuner: Block shape <24,24,16> took 0.698056 (s) in 3 time steps
AutoTuner: Block shape <24,24,32> took 0.687068 (s) in 3 time steps
AutoTuner: Block shape <24,24,40> took 0.695378 (s) in 3 time steps
AutoTuner: Block shape <24,24,64> took 0.709014 (s) in 3 time steps
AutoTuner: Block shape <24,24,128> took 0.716406 (s) in 3 time steps
AutoTuner: Block shape <24,24,256> took 0.892037 (s) in 3 time steps
AutoTuner: Block shape <24,24,512> took 1.041313 (s) in 3 time steps
AutoTuner: Block shape <24,24,520> took 1.043743 (s) in 3 time steps
AutoTuner: Block shape <32,32,8> took 0.793402 (s) in 3 time steps
AutoTuner: Block shape <32,32,16> took 0.740618 (s) in 3 time steps
AutoTuner: Block shape <32,32,24> took 0.705710 (s) in 3 time steps
AutoTuner: Block shape <32,32,40> took 0.712713 (s) in 3 time steps
AutoTuner: Block shape <32,32,64> took 0.696980 (s) in 3 time steps
AutoTuner: Block shape <32,32,128> took 0.770388 (s) in 3 time steps
AutoTuner: Block shape <32,32,256> took 0.902198 (s) in 3 time steps
AutoTuner: Block shape <32,32,512> took 1.020985 (s) in 3 time steps
AutoTuner: Block shape <32,32,520> took 1.024929 (s) in 3 time steps
AutoTuner: Block shape <16,8,8> took 0.756462 (s) in 3 time steps
AutoTuner: Block shape <8,16,8> took 0.735391 (s) in 3 time steps
AutoTuner: Block shape <16,8,16> took 0.703253 (s) in 3 time steps
AutoTuner: Block shape <8,16,16> took 0.695414 (s) in 3 time steps
AutoTuner: Block shape <32,16,16> took 0.698388 (s) in 3 time steps
AutoTuner: Block shape <16,32,16> took 0.706755 (s) in 3 time steps
AutoTuner: Block shape <32,16,32> took 0.666776 (s) in 3 time steps
AutoTuner: Block shape <16,32,32> took 0.712626 (s) in 3 time steps
AutoTuner: Block shape <48,24,24> took 0.684589 (s) in 3 time steps
AutoTuner: Block shape <24,48,24> took 0.738497 (s) in 3 time steps
AutoTuner: Block shape <24,24,48> took 0.712621 (s) in 3 time steps
AutoTuner: Block shape <48,48,24> took 0.751239 (s) in 3 time steps
AutoTuner: Block shape <48,24,48> took 0.729421 (s) in 3 time steps
AutoTuner: Block shape <24,48,48> took 0.729902 (s) in 3 time steps
AutoTuner: Block shape <48,48,48> took 0.742429 (s) in 3 time steps
AutoTuner: Block shape <64,32,32> took 0.729596 (s) in 3 time steps
AutoTuner: Block shape <32,64,32> took 0.737834 (s) in 3 time steps
AutoTuner: Block shape <64,64,32> took 0.735254 (s) in 3 time steps
AutoTuner: Block shape <64,32,64> took 0.690802 (s) in 3 time steps
AutoTuner: Block shape <32,64,64> took 0.806710 (s) in 3 time steps
AutoTuner: Block shape <80,40,40> took 0.705094 (s) in 3 time steps
AutoTuner: Block shape <40,80,40> took 0.789413 (s) in 3 time steps
AutoTuner: Block shape <40,40,80> took 0.725033 (s) in 3 time steps
AutoTuner: Block shape <80,80,40> took 0.785764 (s) in 3 time steps
AutoTuner: Block shape <80,40,80> took 0.719355 (s) in 3 time steps
AutoTuner: Block shape <40,80,80> took 0.877120 (s) in 3 time steps
AutoTuner: Block shape <80,80,80> took 0.926817 (s) in 3 time steps
AutoTuner: Block shape <128,64,64> took 0.817572 (s) in 3 time steps
AutoTuner: Block shape <64,128,64> took 0.975011 (s) in 3 time steps
AutoTuner: Block shape <64,64,128> took 0.925250 (s) in 3 time steps
AutoTuner: Block shape <128,128,64> took 1.035490 (s) in 3 time steps
AutoTuner: Block shape <128,64,128> took 0.979397 (s) in 3 time steps
AutoTuner: Block shape <64,128,128> took 1.049317 (s) in 3 time steps
AutoTuner: Block shape <256,128,128> took 1.214359 (s) in 3 time steps
AutoTuner: Block shape <128,256,128> took 1.279740 (s) in 3 time steps
AutoTuner: Block shape <128,128,256> took 1.223217 (s) in 3 time steps
AutoTuner: Block shape <256,256,128> took 1.571641 (s) in 3 time steps
AutoTuner: Block shape <256,128,256> took 1.436009 (s) in 3 time steps
AutoTuner: Block shape <128,256,256> took 1.509496 (s) in 3 time steps
AutoTuner: Block shape <512,256,256> took 4.707451 (s) in 3 time steps
AutoTuner: Block shape <256,512,256> took 5.011621 (s) in 3 time steps
AutoTuner: Block shape <256,256,512> took 4.913365 (s) in 3 time steps
AutoTuner: Block shape <512,512,256> took 9.225559 (s) in 3 time steps
AutoTuner: Block shape <512,256,512> took 9.199434 (s) in 3 time steps
AutoTuner: Block shape <256,512,512> took 9.527658 (s) in 3 time steps
Auto-tuned block shape: {'x0_block_size': 8, 'y0_block_size': 8, 'z0_block_size': 64}
=========================================================================================
Section section_0<526,526,526> with OI=0.34 computed in 0.088 s [11.52 GFlops/s]
Section section_2<415,1> with OI=0.64 computed in 0.000 s [0.14 GFlops/s]
Section section_3<415,101> with OI=1.27 computed in 0.003 s [1.19 GFlops/s]
Section main<415,520,520,520> with OI=26.91 computed in 241.418 s [307.93 GFlops/s, 0.24 GPts/s]
=========================================================================================
Allocating memory for m ((532, 532, 532))
Allocating memory for damp ((532, 532, 532))
Allocating memory for epsilon ((532, 532, 532))
Allocating memory for delta ((532, 532, 532))
Allocating memory for theta ((532, 532, 532))
Allocating memory for phi ((532, 532, 532))
Allocating memory for src ((417, 1))
Allocating memory for src_coords ((1, 3))
Allocating memory for nrec_coords ((101, 3))
Allocating memory for rec_coords ((101, 3))
DSE: extract_time_invariants [flops: 3257, elapsed: 0.28] >>
     eliminate_inter_stencil_redundancies [flops: 3131, elapsed: 0.41] >>
     eliminate_intra_stencil_redundancies [flops: 1533, elapsed: 0.53] >>
     factorize [flops: 1272, elapsed: 1.59] >>
     finalize [flops: 1274, elapsed: 0.03]
     [Total elapsed: 2.83 s]
DLE: avoid_denormals [elapsed: 0.00] >>
     loop_fission [elapsed: 0.02] >>
     loop_blocking [elapsed: 0.19] >>
     simdize [elapsed: 0.12] >>
     ompize [elapsed: 0.05] >>
     create_elemental_functions [elapsed: 0.33] >>
     minimize_remainders [elapsed: 0.02]
     [Total elapsed: 0.74 s]
Allocating memory for rec ((417, 101))
Allocating memory for u ((3, 532, 532, 532))
Allocating memory for v ((3, 532, 532, 532))
IntelCompiler: compiled /tmp/devito-pgq3bihq/5221bf17627bdc61352854762dd319e05041b67c.c [75.48 s]
AutoTuner: Block shape <8,8,8> took 0.755705 (s) in 3 time steps
AutoTuner: Block shape <16,16,16> took 0.686689 (s) in 3 time steps
AutoTuner: Block shape <24,24,24> took 0.682245 (s) in 3 time steps
AutoTuner: Block shape <32,32,32> took 0.716526 (s) in 3 time steps
AutoTuner: Block shape <40,40,40> took 0.698355 (s) in 3 time steps
AutoTuner: Block shape <64,64,64> took 0.807442 (s) in 3 time steps
AutoTuner: Block shape <128,128,128> took 1.124576 (s) in 3 time steps
AutoTuner: Block shape <256,256,256> took 2.587017 (s) in 3 time steps
AutoTuner: Block shape <512,512,512> took 18.190785 (s) in 3 time steps
AutoTuner: Block shape <520,520,520> took 18.083515 (s) in 3 time steps
AutoTuner: Block shape <8,8,16> took 0.699474 (s) in 3 time steps
AutoTuner: Block shape <8,8,24> took 0.684724 (s) in 3 time steps
AutoTuner: Block shape <8,8,32> took 0.673990 (s) in 3 time steps
AutoTuner: Block shape <8,8,40> took 0.664976 (s) in 3 time steps
AutoTuner: Block shape <8,8,64> took 0.658471 (s) in 3 time steps
AutoTuner: Block shape <8,8,128> took 0.684480 (s) in 3 time steps
AutoTuner: Block shape <8,8,256> took 0.712291 (s) in 3 time steps
AutoTuner: Block shape <8,8,512> took 0.822398 (s) in 3 time steps
AutoTuner: Block shape <8,8,520> took 0.819929 (s) in 3 time steps
AutoTuner: Block shape <16,16,8> took 0.727704 (s) in 3 time steps
AutoTuner: Block shape <16,16,24> took 0.670364 (s) in 3 time steps
AutoTuner: Block shape <16,16,32> took 0.669173 (s) in 3 time steps
AutoTuner: Block shape <16,16,40> took 0.667159 (s) in 3 time steps
AutoTuner: Block shape <16,16,64> took 0.688070 (s) in 3 time steps
AutoTuner: Block shape <16,16,128> took 0.694446 (s) in 3 time steps
AutoTuner: Block shape <16,16,256> took 0.768045 (s) in 3 time steps
AutoTuner: Block shape <16,16,512> took 0.943646 (s) in 3 time steps
AutoTuner: Block shape <16,16,520> took 0.945312 (s) in 3 time steps
AutoTuner: Block shape <24,24,8> took 0.750814 (s) in 3 time steps
AutoTuner: Block shape <24,24,16> took 0.697333 (s) in 3 time steps
AutoTuner: Block shape <24,24,32> took 0.691181 (s) in 3 time steps
AutoTuner: Block shape <24,24,40> took 0.696821 (s) in 3 time steps
AutoTuner: Block shape <24,24,64> took 0.709028 (s) in 3 time steps
AutoTuner: Block shape <24,24,128> took 0.717059 (s) in 3 time steps
AutoTuner: Block shape <24,24,256> took 0.892126 (s) in 3 time steps
AutoTuner: Block shape <24,24,512> took 1.045093 (s) in 3 time steps
AutoTuner: Block shape <24,24,520> took 1.045377 (s) in 3 time steps
AutoTuner: Block shape <32,32,8> took 0.792136 (s) in 3 time steps
AutoTuner: Block shape <32,32,16> took 0.731889 (s) in 3 time steps
AutoTuner: Block shape <32,32,24> took 0.709361 (s) in 3 time steps
AutoTuner: Block shape <32,32,40> took 0.706498 (s) in 3 time steps
AutoTuner: Block shape <32,32,64> took 0.696410 (s) in 3 time steps
AutoTuner: Block shape <32,32,128> took 0.768462 (s) in 3 time steps
AutoTuner: Block shape <32,32,256> took 0.903498 (s) in 3 time steps
AutoTuner: Block shape <32,32,512> took 1.025776 (s) in 3 time steps
AutoTuner: Block shape <32,32,520> took 1.023957 (s) in 3 time steps
AutoTuner: Block shape <16,8,8> took 0.747077 (s) in 3 time steps
AutoTuner: Block shape <8,16,8> took 0.741005 (s) in 3 time steps
AutoTuner: Block shape <16,8,16> took 0.698599 (s) in 3 time steps
AutoTuner: Block shape <8,16,16> took 0.695940 (s) in 3 time steps
AutoTuner: Block shape <32,16,16> took 0.697439 (s) in 3 time steps
AutoTuner: Block shape <16,32,16> took 0.708420 (s) in 3 time steps
AutoTuner: Block shape <32,16,32> took 0.668112 (s) in 3 time steps
AutoTuner: Block shape <16,32,32> took 0.707438 (s) in 3 time steps
AutoTuner: Block shape <48,24,24> took 0.683534 (s) in 3 time steps
AutoTuner: Block shape <24,48,24> took 0.737413 (s) in 3 time steps
AutoTuner: Block shape <24,24,48> took 0.711969 (s) in 3 time steps
AutoTuner: Block shape <48,48,24> took 0.755665 (s) in 3 time steps
AutoTuner: Block shape <48,24,48> took 0.717814 (s) in 3 time steps
AutoTuner: Block shape <24,48,48> took 0.732031 (s) in 3 time steps
AutoTuner: Block shape <48,48,48> took 0.743077 (s) in 3 time steps
AutoTuner: Block shape <64,32,32> took 0.720295 (s) in 3 time steps
AutoTuner: Block shape <32,64,32> took 0.738171 (s) in 3 time steps
AutoTuner: Block shape <64,64,32> took 0.734316 (s) in 3 time steps
AutoTuner: Block shape <64,32,64> took 0.701036 (s) in 3 time steps
AutoTuner: Block shape <32,64,64> took 0.810726 (s) in 3 time steps
AutoTuner: Block shape <80,40,40> took 0.705176 (s) in 3 time steps
AutoTuner: Block shape <40,80,40> took 0.786463 (s) in 3 time steps
AutoTuner: Block shape <40,40,80> took 0.724041 (s) in 3 time steps
AutoTuner: Block shape <80,80,40> took 0.785885 (s) in 3 time steps
AutoTuner: Block shape <80,40,80> took 0.718034 (s) in 3 time steps
AutoTuner: Block shape <40,80,80> took 0.878969 (s) in 3 time steps
AutoTuner: Block shape <80,80,80> took 0.928767 (s) in 3 time steps
AutoTuner: Block shape <128,64,64> took 0.818139 (s) in 3 time steps
AutoTuner: Block shape <64,128,64> took 0.976158 (s) in 3 time steps
AutoTuner: Block shape <64,64,128> took 0.925043 (s) in 3 time steps
AutoTuner: Block shape <128,128,64> took 1.035215 (s) in 3 time steps
AutoTuner: Block shape <128,64,128> took 0.978697 (s) in 3 time steps
AutoTuner: Block shape <64,128,128> took 1.053025 (s) in 3 time steps
AutoTuner: Block shape <256,128,128> took 1.213141 (s) in 3 time steps
AutoTuner: Block shape <128,256,128> took 1.255970 (s) in 3 time steps
AutoTuner: Block shape <128,128,256> took 1.241484 (s) in 3 time steps
AutoTuner: Block shape <256,256,128> took 1.556942 (s) in 3 time steps
AutoTuner: Block shape <256,128,256> took 1.433474 (s) in 3 time steps
AutoTuner: Block shape <128,256,256> took 1.508449 (s) in 3 time steps
AutoTuner: Block shape <512,256,256> took 4.728289 (s) in 3 time steps
AutoTuner: Block shape <256,512,256> took 4.993742 (s) in 3 time steps
AutoTuner: Block shape <256,256,512> took 4.922741 (s) in 3 time steps
AutoTuner: Block shape <512,512,256> took 9.181484 (s) in 3 time steps
AutoTuner: Block shape <512,256,512> took 9.164021 (s) in 3 time steps
AutoTuner: Block shape <256,512,512> took 9.487032 (s) in 3 time steps
Auto-tuned block shape: {'x0_block_size': 8, 'y0_block_size': 8, 'z0_block_size': 64}
=========================================================================================
Section section_0<526,526,526> with OI=0.34 computed in 0.088 s [11.59 GFlops/s]
Section section_2<415,1> with OI=0.64 computed in 0.000 s [0.15 GFlops/s]
Section section_3<415,101> with OI=1.27 computed in 0.003 s [1.20 GFlops/s]
Section main<415,520,520,520> with OI=26.91 computed in 240.401 s [309.24 GFlops/s, 0.24 GPts/s]
=========================================================================================
Allocating memory for m ((532, 532, 532))
Allocating memory for damp ((532, 532, 532))
Allocating memory for epsilon ((532, 532, 532))
Allocating memory for delta ((532, 532, 532))
Allocating memory for theta ((532, 532, 532))
Allocating memory for phi ((532, 532, 532))
Allocating memory for src ((417, 1))
Allocating memory for src_coords ((1, 3))
Allocating memory for nrec_coords ((101, 3))
Allocating memory for rec_coords ((101, 3))
DSE: extract_time_invariants [flops: 3257, elapsed: 0.28] >>
     eliminate_inter_stencil_redundancies [flops: 3131, elapsed: 0.41] >>
     eliminate_intra_stencil_redundancies [flops: 1533, elapsed: 0.53] >>
     factorize [flops: 1272, elapsed: 1.58] >>
     finalize [flops: 1274, elapsed: 0.03]
     [Total elapsed: 2.83 s]
DLE: avoid_denormals [elapsed: 0.00] >>
     loop_fission [elapsed: 0.02] >>
     loop_blocking [elapsed: 0.19] >>
     simdize [elapsed: 0.12] >>
     ompize [elapsed: 0.05] >>
     create_elemental_functions [elapsed: 0.33] >>
     minimize_remainders [elapsed: 0.02]
     [Total elapsed: 0.74 s]
Allocating memory for rec ((417, 101))
Allocating memory for u ((3, 532, 532, 532))
Allocating memory for v ((3, 532, 532, 532))
IntelCompiler: compiled /tmp/devito-pgq3bihq/5221bf17627bdc61352854762dd319e05041b67c.c [74.47 s]
AutoTuner: Block shape <8,8,8> took 0.769876 (s) in 3 time steps
AutoTuner: Block shape <16,16,16> took 0.687663 (s) in 3 time steps
AutoTuner: Block shape <24,24,24> took 0.682129 (s) in 3 time steps
AutoTuner: Block shape <32,32,32> took 0.729376 (s) in 3 time steps
AutoTuner: Block shape <40,40,40> took 0.701509 (s) in 3 time steps
AutoTuner: Block shape <64,64,64> took 0.808973 (s) in 3 time steps
AutoTuner: Block shape <128,128,128> took 1.140973 (s) in 3 time steps
AutoTuner: Block shape <256,256,256> took 2.595646 (s) in 3 time steps
AutoTuner: Block shape <512,512,512> took 18.076505 (s) in 3 time steps
AutoTuner: Block shape <520,520,520> took 18.110901 (s) in 3 time steps
AutoTuner: Block shape <8,8,16> took 0.703729 (s) in 3 time steps
AutoTuner: Block shape <8,8,24> took 0.689699 (s) in 3 time steps
AutoTuner: Block shape <8,8,32> took 0.678919 (s) in 3 time steps
AutoTuner: Block shape <8,8,40> took 0.664606 (s) in 3 time steps
AutoTuner: Block shape <8,8,64> took 0.659872 (s) in 3 time steps
AutoTuner: Block shape <8,8,128> took 0.688890 (s) in 3 time steps
AutoTuner: Block shape <8,8,256> took 0.718311 (s) in 3 time steps
AutoTuner: Block shape <8,8,512> took 0.833097 (s) in 3 time steps
AutoTuner: Block shape <8,8,520> took 0.827600 (s) in 3 time steps
AutoTuner: Block shape <16,16,8> took 0.729575 (s) in 3 time steps
AutoTuner: Block shape <16,16,24> took 0.671759 (s) in 3 time steps
AutoTuner: Block shape <16,16,32> took 0.667016 (s) in 3 time steps
AutoTuner: Block shape <16,16,40> took 0.664957 (s) in 3 time steps
AutoTuner: Block shape <16,16,64> took 0.697757 (s) in 3 time steps
AutoTuner: Block shape <16,16,128> took 0.694988 (s) in 3 time steps
AutoTuner: Block shape <16,16,256> took 0.768936 (s) in 3 time steps
AutoTuner: Block shape <16,16,512> took 0.940816 (s) in 3 time steps
AutoTuner: Block shape <16,16,520> took 0.939953 (s) in 3 time steps
AutoTuner: Block shape <24,24,8> took 0.750519 (s) in 3 time steps
AutoTuner: Block shape <24,24,16> took 0.700292 (s) in 3 time steps
AutoTuner: Block shape <24,24,32> took 0.690272 (s) in 3 time steps
AutoTuner: Block shape <24,24,40> took 0.704907 (s) in 3 time steps
AutoTuner: Block shape <24,24,64> took 0.710292 (s) in 3 time steps
AutoTuner: Block shape <24,24,128> took 0.724620 (s) in 3 time steps
AutoTuner: Block shape <24,24,256> took 0.893837 (s) in 3 time steps
AutoTuner: Block shape <24,24,512> took 1.046057 (s) in 3 time steps
AutoTuner: Block shape <24,24,520> took 1.047448 (s) in 3 time steps
AutoTuner: Block shape <32,32,8> took 0.797345 (s) in 3 time steps
AutoTuner: Block shape <32,32,16> took 0.727495 (s) in 3 time steps
AutoTuner: Block shape <32,32,24> took 0.715238 (s) in 3 time steps
AutoTuner: Block shape <32,32,40> took 0.708743 (s) in 3 time steps
AutoTuner: Block shape <32,32,64> took 0.702052 (s) in 3 time steps
AutoTuner: Block shape <32,32,128> took 0.769712 (s) in 3 time steps
AutoTuner: Block shape <32,32,256> took 0.907192 (s) in 3 time steps
AutoTuner: Block shape <32,32,512> took 1.024279 (s) in 3 time steps
AutoTuner: Block shape <32,32,520> took 1.028482 (s) in 3 time steps
AutoTuner: Block shape <16,8,8> took 0.752320 (s) in 3 time steps
AutoTuner: Block shape <8,16,8> took 0.738074 (s) in 3 time steps
AutoTuner: Block shape <16,8,16> took 0.704231 (s) in 3 time steps
AutoTuner: Block shape <8,16,16> took 0.696604 (s) in 3 time steps
AutoTuner: Block shape <32,16,16> took 0.700856 (s) in 3 time steps
AutoTuner: Block shape <16,32,16> took 0.711160 (s) in 3 time steps
AutoTuner: Block shape <32,16,32> took 0.669007 (s) in 3 time steps
AutoTuner: Block shape <16,32,32> took 0.710843 (s) in 3 time steps
AutoTuner: Block shape <48,24,24> took 0.684290 (s) in 3 time steps
AutoTuner: Block shape <24,48,24> took 0.743235 (s) in 3 time steps
AutoTuner: Block shape <24,24,48> took 0.715855 (s) in 3 time steps
AutoTuner: Block shape <48,48,24> took 0.757333 (s) in 3 time steps
AutoTuner: Block shape <48,24,48> took 0.731231 (s) in 3 time steps
AutoTuner: Block shape <24,48,48> took 0.733557 (s) in 3 time steps
AutoTuner: Block shape <48,48,48> took 0.744424 (s) in 3 time steps
AutoTuner: Block shape <64,32,32> took 0.729457 (s) in 3 time steps
AutoTuner: Block shape <32,64,32> took 0.745396 (s) in 3 time steps
AutoTuner: Block shape <64,64,32> took 0.736407 (s) in 3 time steps
AutoTuner: Block shape <64,32,64> took 0.695308 (s) in 3 time steps
AutoTuner: Block shape <32,64,64> took 0.811684 (s) in 3 time steps
AutoTuner: Block shape <80,40,40> took 0.709287 (s) in 3 time steps
AutoTuner: Block shape <40,80,40> took 0.793314 (s) in 3 time steps
AutoTuner: Block shape <40,40,80> took 0.725411 (s) in 3 time steps
AutoTuner: Block shape <80,80,40> took 0.789642 (s) in 3 time steps
AutoTuner: Block shape <80,40,80> took 0.729054 (s) in 3 time steps
AutoTuner: Block shape <40,80,80> took 0.881143 (s) in 3 time steps
AutoTuner: Block shape <80,80,80> took 0.934851 (s) in 3 time steps
AutoTuner: Block shape <128,64,64> took 0.823363 (s) in 3 time steps
AutoTuner: Block shape <64,128,64> took 0.980883 (s) in 3 time steps
AutoTuner: Block shape <64,64,128> took 0.930303 (s) in 3 time steps
AutoTuner: Block shape <128,128,64> took 1.040778 (s) in 3 time steps
AutoTuner: Block shape <128,64,128> took 0.984222 (s) in 3 time steps
AutoTuner: Block shape <64,128,128> took 1.055189 (s) in 3 time steps
AutoTuner: Block shape <256,128,128> took 1.234761 (s) in 3 time steps
AutoTuner: Block shape <128,256,128> took 1.282267 (s) in 3 time steps
AutoTuner: Block shape <128,128,256> took 1.204269 (s) in 3 time steps
AutoTuner: Block shape <256,256,128> took 1.536489 (s) in 3 time steps
AutoTuner: Block shape <256,128,256> took 1.437205 (s) in 3 time steps
AutoTuner: Block shape <128,256,256> took 1.511724 (s) in 3 time steps
AutoTuner: Block shape <512,256,256> took 4.705857 (s) in 3 time steps
AutoTuner: Block shape <256,512,256> took 4.927500 (s) in 3 time steps
AutoTuner: Block shape <256,256,512> took 4.949372 (s) in 3 time steps
AutoTuner: Block shape <512,512,256> took 9.071045 (s) in 3 time steps
AutoTuner: Block shape <512,256,512> took 9.221284 (s) in 3 time steps
AutoTuner: Block shape <256,512,512> took 9.560680 (s) in 3 time steps
Auto-tuned block shape: {'x0_block_size': 8, 'y0_block_size': 8, 'z0_block_size': 64}
=========================================================================================
Section section_0<526,526,526> with OI=0.34 computed in 0.088 s [11.63 GFlops/s]
Section section_2<415,1> with OI=0.64 computed in 0.000 s [0.14 GFlops/s]
Section section_3<415,101> with OI=1.27 computed in 0.003 s [1.16 GFlops/s]
Section main<415,520,520,520> with OI=26.91 computed in 239.778 s [310.04 GFlops/s, 0.24 GPts/s]
=========================================================================================
Allocating memory for m ((532, 532, 532))
Allocating memory for damp ((532, 532, 532))
Allocating memory for epsilon ((532, 532, 532))
Allocating memory for delta ((532, 532, 532))
Allocating memory for theta ((532, 532, 532))
Allocating memory for phi ((532, 532, 532))
Allocating memory for src ((417, 1))
Allocating memory for src_coords ((1, 3))
Allocating memory for nrec_coords ((101, 3))
Allocating memory for rec_coords ((101, 3))
DSE: extract_time_varying [flops: 2541, elapsed: 0.23] >>
     extract_time_invariants [flops: 2133, elapsed: 0.10] >>
     eliminate_inter_stencil_redundancies [flops: 939, elapsed: 0.29] >>
     extract_sum_of_products [flops: 681, elapsed: 0.05] >>
     eliminate_inter_stencil_redundancies [flops: 443, elapsed: 0.07] >>
     extract_sum_of_products [flops: 378, elapsed: 0.02] >>
     factorize [flops: 285, elapsed: 0.19] >>
     eliminate_intra_stencil_redundancies [flops: 233, elapsed: 0.05] >>
     finalize [flops: 234, elapsed: 0.00]
     [Total elapsed: 1.00 s]
DLE: avoid_denormals [elapsed: 0.00] >>
     loop_fission [elapsed: 0.01] >>
     loop_blocking [elapsed: 0.37] >>
     simdize [elapsed: 0.04] >>
     ompize [elapsed: 0.04] >>
     create_elemental_functions [elapsed: 0.29] >>
     minimize_remainders [elapsed: 0.02]
     [Total elapsed: 0.76 s]
Allocating memory for rec ((417, 101))
Allocating memory for u ((3, 532, 532, 532))
Allocating memory for v ((3, 532, 532, 532))
IntelCompiler: compiled /tmp/devito-pgq3bihq/2f4effdc633b5e690ea71e3cd8b0f453f623f808.c [4.29 s]
AutoTuner: Block shape <8,8,8> took 0.729844 (s) in 3 time steps
AutoTuner: Block shape <16,16,16> took 0.626307 (s) in 3 time steps
AutoTuner: Block shape <24,24,24> took 0.561162 (s) in 3 time steps
AutoTuner: Block shape <32,32,32> took 0.622087 (s) in 3 time steps
AutoTuner: Block shape <40,40,40> took 0.569878 (s) in 3 time steps
AutoTuner: Block shape <8,8,16> took 0.710634 (s) in 3 time steps
AutoTuner: Block shape <8,8,24> took 0.621337 (s) in 3 time steps
AutoTuner: Block shape <8,8,32> took 0.631148 (s) in 3 time steps
AutoTuner: Block shape <8,8,40> took 0.595341 (s) in 3 time steps
AutoTuner: Block shape <8,8,64> took 0.623553 (s) in 3 time steps
AutoTuner: Block shape <8,8,128> took 0.639649 (s) in 3 time steps
AutoTuner: Block shape <8,8,256> took 0.674901 (s) in 3 time steps
AutoTuner: Block shape <8,8,512> took 0.716873 (s) in 3 time steps
AutoTuner: Block shape <8,8,520> took 0.707000 (s) in 3 time steps
AutoTuner: Block shape <16,16,8> took 0.594925 (s) in 3 time steps
AutoTuner: Block shape <16,16,24> took 0.534875 (s) in 3 time steps
AutoTuner: Block shape <16,16,32> took 0.578752 (s) in 3 time steps
AutoTuner: Block shape <16,16,40> took 0.529375 (s) in 3 time steps
AutoTuner: Block shape <16,16,64> took 0.567721 (s) in 3 time steps
AutoTuner: Block shape <16,16,128> took 0.586131 (s) in 3 time steps
AutoTuner: Block shape <16,16,256> took 0.598141 (s) in 3 time steps
AutoTuner: Block shape <16,16,512> took 0.664700 (s) in 3 time steps
AutoTuner: Block shape <16,16,520> took 0.656419 (s) in 3 time steps
AutoTuner: Block shape <24,24,8> took 0.660917 (s) in 3 time steps
AutoTuner: Block shape <24,24,16> took 0.673334 (s) in 3 time steps
AutoTuner: Block shape <24,24,32> took 0.603787 (s) in 3 time steps
AutoTuner: Block shape <24,24,40> took 0.550088 (s) in 3 time steps
AutoTuner: Block shape <24,24,64> took 0.587859 (s) in 3 time steps
AutoTuner: Block shape <24,24,128> took 0.573337 (s) in 3 time steps
AutoTuner: Block shape <24,24,256> took 0.622115 (s) in 3 time steps
AutoTuner: Block shape <32,32,8> took 0.731918 (s) in 3 time steps
AutoTuner: Block shape <32,32,16> took 0.702800 (s) in 3 time steps
AutoTuner: Block shape <32,32,24> took 0.582890 (s) in 3 time steps
AutoTuner: Block shape <32,32,40> took 0.566232 (s) in 3 time steps
AutoTuner: Block shape <32,32,64> took 0.581972 (s) in 3 time steps
AutoTuner: Block shape <32,32,128> took 0.566784 (s) in 3 time steps
AutoTuner: Block shape <16,8,8> took 0.638319 (s) in 3 time steps
AutoTuner: Block shape <8,16,8> took 0.632325 (s) in 3 time steps
AutoTuner: Block shape <16,8,16> took 0.638262 (s) in 3 time steps
AutoTuner: Block shape <8,16,16> took 0.637991 (s) in 3 time steps
AutoTuner: Block shape <32,16,16> took 0.681302 (s) in 3 time steps
AutoTuner: Block shape <16,32,16> took 0.680451 (s) in 3 time steps
AutoTuner: Block shape <32,16,32> took 0.602329 (s) in 3 time steps
AutoTuner: Block shape <16,32,32> took 0.611187 (s) in 3 time steps
AutoTuner: Block shape <48,24,24> took 0.580684 (s) in 3 time steps
AutoTuner: Block shape <24,48,24> took 0.609793 (s) in 3 time steps
AutoTuner: Block shape <24,24,48> took 0.591129 (s) in 3 time steps
AutoTuner: Block shape <48,48,24> took 0.623500 (s) in 3 time steps
AutoTuner: Block shape <48,24,48> took 0.603808 (s) in 3 time steps
AutoTuner: Block shape <24,48,48> took 0.614933 (s) in 3 time steps
AutoTuner: Block shape <48,48,48> took 0.608330 (s) in 3 time steps
AutoTuner: Block shape <64,32,32> took 0.637102 (s) in 3 time steps
AutoTuner: Block shape <32,64,32> took 0.643125 (s) in 3 time steps
AutoTuner: Block shape <64,64,32> took 0.628855 (s) in 3 time steps
AutoTuner: Block shape <64,32,64> took 0.570316 (s) in 3 time steps
AutoTuner: Block shape <32,64,64> took 0.602379 (s) in 3 time steps
AutoTuner: Block shape <80,40,40> took 0.569218 (s) in 3 time steps
AutoTuner: Block shape <40,80,40> took 0.583210 (s) in 3 time steps
AutoTuner: Block shape <40,40,80> took 0.566263 (s) in 3 time steps
Auto-tuned block shape: {'x0_block_size': 16, 'y0_block_size': 16, 'z0_block_size': 40}
=========================================================================================
Section section_0<526,526,526> with OI=0.16 computed in 0.100 s [5.81 GFlops/s]
Section section_3<415,1> with OI=0.64 computed in 0.000 s [0.14 GFlops/s]
Section section_4<415,101> with OI=1.27 computed in 0.004 s [0.87 GFlops/s]
Section main<415,526,526,526> with OI=3.52 computed in 174.462 s [81.01 GFlops/s, 0.35 GPts/s]
=========================================================================================
Allocating memory for m ((532, 532, 532))
Allocating memory for damp ((532, 532, 532))
Allocating memory for epsilon ((532, 532, 532))
Allocating memory for delta ((532, 532, 532))
Allocating memory for theta ((532, 532, 532))
Allocating memory for phi ((532, 532, 532))
Allocating memory for src ((417, 1))
Allocating memory for src_coords ((1, 3))
Allocating memory for nrec_coords ((101, 3))
Allocating memory for rec_coords ((101, 3))
DSE: extract_time_varying [flops: 2541, elapsed: 0.23] >>
     extract_time_invariants [flops: 2133, elapsed: 0.10] >>
     eliminate_inter_stencil_redundancies [flops: 939, elapsed: 0.29] >>
     extract_sum_of_products [flops: 681, elapsed: 0.05] >>
     eliminate_inter_stencil_redundancies [flops: 443, elapsed: 0.07] >>
     extract_sum_of_products [flops: 378, elapsed: 0.02] >>
     factorize [flops: 285, elapsed: 0.19] >>
     eliminate_intra_stencil_redundancies [flops: 233, elapsed: 0.05] >>
     finalize [flops: 234, elapsed: 0.00]
     [Total elapsed: 1.00 s]
DLE: avoid_denormals [elapsed: 0.00] >>
     loop_fission [elapsed: 0.01] >>
     loop_blocking [elapsed: 0.37] >>
     simdize [elapsed: 0.04] >>
     ompize [elapsed: 0.04] >>
     create_elemental_functions [elapsed: 0.29] >>
     minimize_remainders [elapsed: 0.02]
     [Total elapsed: 0.76 s]
Allocating memory for rec ((417, 101))
Allocating memory for u ((3, 532, 532, 532))
Allocating memory for v ((3, 532, 532, 532))
IntelCompiler: compiled /tmp/devito-pgq3bihq/283cd1392cda3ac27a152d6be8b3ff2d17b51d7f.c [4.29 s]
AutoTuner: Block shape <8,8,8> took 0.718395 (s) in 3 time steps
AutoTuner: Block shape <16,16,16> took 0.628426 (s) in 3 time steps
AutoTuner: Block shape <24,24,24> took 0.562458 (s) in 3 time steps
AutoTuner: Block shape <32,32,32> took 0.623218 (s) in 3 time steps
AutoTuner: Block shape <40,40,40> took 0.568726 (s) in 3 time steps
AutoTuner: Block shape <8,8,16> took 0.713049 (s) in 3 time steps
AutoTuner: Block shape <8,8,24> took 0.616442 (s) in 3 time steps
AutoTuner: Block shape <8,8,32> took 0.630708 (s) in 3 time steps
AutoTuner: Block shape <8,8,40> took 0.600120 (s) in 3 time steps
AutoTuner: Block shape <8,8,64> took 0.622924 (s) in 3 time steps
AutoTuner: Block shape <8,8,128> took 0.642968 (s) in 3 time steps
AutoTuner: Block shape <8,8,256> took 0.674795 (s) in 3 time steps
AutoTuner: Block shape <8,8,512> took 0.717593 (s) in 3 time steps
AutoTuner: Block shape <8,8,520> took 0.710295 (s) in 3 time steps
AutoTuner: Block shape <16,16,8> took 0.597891 (s) in 3 time steps
AutoTuner: Block shape <16,16,24> took 0.535157 (s) in 3 time steps
AutoTuner: Block shape <16,16,32> took 0.585354 (s) in 3 time steps
AutoTuner: Block shape <16,16,40> took 0.530760 (s) in 3 time steps
AutoTuner: Block shape <16,16,64> took 0.569787 (s) in 3 time steps
AutoTuner: Block shape <16,16,128> took 0.584057 (s) in 3 time steps
AutoTuner: Block shape <16,16,256> took 0.597496 (s) in 3 time steps
AutoTuner: Block shape <16,16,512> took 0.660596 (s) in 3 time steps
AutoTuner: Block shape <16,16,520> took 0.656793 (s) in 3 time steps
AutoTuner: Block shape <24,24,8> took 0.662501 (s) in 3 time steps
AutoTuner: Block shape <24,24,16> took 0.676081 (s) in 3 time steps
AutoTuner: Block shape <24,24,32> took 0.604172 (s) in 3 time steps
AutoTuner: Block shape <24,24,40> took 0.549994 (s) in 3 time steps
AutoTuner: Block shape <24,24,64> took 0.589645 (s) in 3 time steps
AutoTuner: Block shape <24,24,128> took 0.574401 (s) in 3 time steps
AutoTuner: Block shape <24,24,256> took 0.622774 (s) in 3 time steps
AutoTuner: Block shape <32,32,8> took 0.733155 (s) in 3 time steps
AutoTuner: Block shape <32,32,16> took 0.704343 (s) in 3 time steps
AutoTuner: Block shape <32,32,24> took 0.581446 (s) in 3 time steps
AutoTuner: Block shape <32,32,40> took 0.564715 (s) in 3 time steps
AutoTuner: Block shape <32,32,64> took 0.581401 (s) in 3 time steps
AutoTuner: Block shape <32,32,128> took 0.568073 (s) in 3 time steps
AutoTuner: Block shape <16,8,8> took 0.649488 (s) in 3 time steps
AutoTuner: Block shape <8,16,8> took 0.638878 (s) in 3 time steps
AutoTuner: Block shape <16,8,16> took 0.639917 (s) in 3 time steps
AutoTuner: Block shape <8,16,16> took 0.645068 (s) in 3 time steps
AutoTuner: Block shape <32,16,16> took 0.682130 (s) in 3 time steps
AutoTuner: Block shape <16,32,16> took 0.684081 (s) in 3 time steps
AutoTuner: Block shape <32,16,32> took 0.602734 (s) in 3 time steps
AutoTuner: Block shape <16,32,32> took 0.610781 (s) in 3 time steps
AutoTuner: Block shape <48,24,24> took 0.581056 (s) in 3 time steps
AutoTuner: Block shape <24,48,24> took 0.609273 (s) in 3 time steps
AutoTuner: Block shape <24,24,48> took 0.588459 (s) in 3 time steps
AutoTuner: Block shape <48,48,24> took 0.621032 (s) in 3 time steps
AutoTuner: Block shape <48,24,48> took 0.603612 (s) in 3 time steps
AutoTuner: Block shape <24,48,48> took 0.616879 (s) in 3 time steps
AutoTuner: Block shape <48,48,48> took 0.607355 (s) in 3 time steps
AutoTuner: Block shape <64,32,32> took 0.636323 (s) in 3 time steps
AutoTuner: Block shape <32,64,32> took 0.643709 (s) in 3 time steps
AutoTuner: Block shape <64,64,32> took 0.628638 (s) in 3 time steps
AutoTuner: Block shape <64,32,64> took 0.569660 (s) in 3 time steps
AutoTuner: Block shape <32,64,64> took 0.602239 (s) in 3 time steps
AutoTuner: Block shape <80,40,40> took 0.567820 (s) in 3 time steps
AutoTuner: Block shape <40,80,40> took 0.582478 (s) in 3 time steps
AutoTuner: Block shape <40,40,80> took 0.565996 (s) in 3 time steps
Auto-tuned block shape: {'x0_block_size': 16, 'y0_block_size': 16, 'z0_block_size': 40}
=========================================================================================
Section section_0<526,526,526> with OI=0.16 computed in 0.100 s [5.84 GFlops/s]
Section section_3<415,1> with OI=0.64 computed in 0.000 s [0.14 GFlops/s]
Section section_4<415,101> with OI=1.27 computed in 0.004 s [0.98 GFlops/s]
Section main<415,526,526,526> with OI=3.52 computed in 174.950 s [80.78 GFlops/s, 0.35 GPts/s]
=========================================================================================
Allocating memory for m ((532, 532, 532))
Allocating memory for damp ((532, 532, 532))
Allocating memory for epsilon ((532, 532, 532))
Allocating memory for delta ((532, 532, 532))
Allocating memory for theta ((532, 532, 532))
Allocating memory for phi ((532, 532, 532))
Allocating memory for src ((417, 1))
Allocating memory for src_coords ((1, 3))
Allocating memory for nrec_coords ((101, 3))
Allocating memory for rec_coords ((101, 3))
DSE: extract_time_varying [flops: 2541, elapsed: 0.23] >>
     extract_time_invariants [flops: 2133, elapsed: 0.10] >>
     eliminate_inter_stencil_redundancies [flops: 939, elapsed: 0.29] >>
     extract_sum_of_products [flops: 681, elapsed: 0.05] >>
     eliminate_inter_stencil_redundancies [flops: 443, elapsed: 0.13] >>
     extract_sum_of_products [flops: 378, elapsed: 0.02] >>
     factorize [flops: 285, elapsed: 0.19] >>
     eliminate_intra_stencil_redundancies [flops: 233, elapsed: 0.05] >>
     finalize [flops: 234, elapsed: 0.00]
     [Total elapsed: 1.06 s]
DLE: avoid_denormals [elapsed: 0.00] >>
     loop_fission [elapsed: 0.01] >>
     loop_blocking [elapsed: 0.37] >>
     simdize [elapsed: 0.04] >>
     ompize [elapsed: 0.04] >>
     create_elemental_functions [elapsed: 0.29] >>
     minimize_remainders [elapsed: 0.02]
     [Total elapsed: 0.76 s]
Allocating memory for rec ((417, 101))
Allocating memory for u ((3, 532, 532, 532))
Allocating memory for v ((3, 532, 532, 532))
IntelCompiler: compiled /tmp/devito-pgq3bihq/afda3a5ade6b166b5fa4af28c754d797c0e18797.c [4.30 s]
AutoTuner: Block shape <8,8,8> took 0.719826 (s) in 3 time steps
AutoTuner: Block shape <16,16,16> took 0.628961 (s) in 3 time steps
AutoTuner: Block shape <24,24,24> took 0.560613 (s) in 3 time steps
AutoTuner: Block shape <32,32,32> took 0.624519 (s) in 3 time steps
AutoTuner: Block shape <40,40,40> took 0.570038 (s) in 3 time steps
AutoTuner: Block shape <8,8,16> took 0.710691 (s) in 3 time steps
AutoTuner: Block shape <8,8,24> took 0.616375 (s) in 3 time steps
AutoTuner: Block shape <8,8,32> took 0.632829 (s) in 3 time steps
AutoTuner: Block shape <8,8,40> took 0.597719 (s) in 3 time steps
AutoTuner: Block shape <8,8,64> took 0.625482 (s) in 3 time steps
AutoTuner: Block shape <8,8,128> took 0.641771 (s) in 3 time steps
AutoTuner: Block shape <8,8,256> took 0.675314 (s) in 3 time steps
AutoTuner: Block shape <8,8,512> took 0.715529 (s) in 3 time steps
AutoTuner: Block shape <8,8,520> took 0.706100 (s) in 3 time steps
AutoTuner: Block shape <16,16,8> took 0.594428 (s) in 3 time steps
AutoTuner: Block shape <16,16,24> took 0.538145 (s) in 3 time steps
AutoTuner: Block shape <16,16,32> took 0.583015 (s) in 3 time steps
AutoTuner: Block shape <16,16,40> took 0.531733 (s) in 3 time steps
AutoTuner: Block shape <16,16,64> took 0.569957 (s) in 3 time steps
AutoTuner: Block shape <16,16,128> took 0.584109 (s) in 3 time steps
AutoTuner: Block shape <16,16,256> took 0.598519 (s) in 3 time steps
AutoTuner: Block shape <16,16,512> took 0.661461 (s) in 3 time steps
AutoTuner: Block shape <16,16,520> took 0.655975 (s) in 3 time steps
AutoTuner: Block shape <24,24,8> took 0.662641 (s) in 3 time steps
AutoTuner: Block shape <24,24,16> took 0.674225 (s) in 3 time steps
AutoTuner: Block shape <24,24,32> took 0.602881 (s) in 3 time steps
AutoTuner: Block shape <24,24,40> took 0.550441 (s) in 3 time steps
AutoTuner: Block shape <24,24,64> took 0.590845 (s) in 3 time steps
AutoTuner: Block shape <24,24,128> took 0.575271 (s) in 3 time steps
AutoTuner: Block shape <24,24,256> took 0.622516 (s) in 3 time steps
AutoTuner: Block shape <32,32,8> took 0.733034 (s) in 3 time steps
AutoTuner: Block shape <32,32,16> took 0.704700 (s) in 3 time steps
AutoTuner: Block shape <32,32,24> took 0.583313 (s) in 3 time steps
AutoTuner: Block shape <32,32,40> took 0.564459 (s) in 3 time steps
AutoTuner: Block shape <32,32,64> took 0.582194 (s) in 3 time steps
AutoTuner: Block shape <32,32,128> took 0.566975 (s) in 3 time steps
AutoTuner: Block shape <16,8,8> took 0.647263 (s) in 3 time steps
AutoTuner: Block shape <8,16,8> took 0.632911 (s) in 3 time steps
AutoTuner: Block shape <16,8,16> took 0.637383 (s) in 3 time steps
AutoTuner: Block shape <8,16,16> took 0.638656 (s) in 3 time steps
AutoTuner: Block shape <32,16,16> took 0.681516 (s) in 3 time steps
AutoTuner: Block shape <16,32,16> took 0.681065 (s) in 3 time steps
AutoTuner: Block shape <32,16,32> took 0.604194 (s) in 3 time steps
AutoTuner: Block shape <16,32,32> took 0.611078 (s) in 3 time steps
AutoTuner: Block shape <48,24,24> took 0.580089 (s) in 3 time steps
AutoTuner: Block shape <24,48,24> took 0.610373 (s) in 3 time steps
AutoTuner: Block shape <24,24,48> took 0.590200 (s) in 3 time steps
AutoTuner: Block shape <48,48,24> took 0.621892 (s) in 3 time steps
AutoTuner: Block shape <48,24,48> took 0.602993 (s) in 3 time steps
AutoTuner: Block shape <24,48,48> took 0.614974 (s) in 3 time steps
AutoTuner: Block shape <48,48,48> took 0.606105 (s) in 3 time steps
AutoTuner: Block shape <64,32,32> took 0.636184 (s) in 3 time steps
AutoTuner: Block shape <32,64,32> took 0.643221 (s) in 3 time steps
AutoTuner: Block shape <64,64,32> took 0.627183 (s) in 3 time steps
AutoTuner: Block shape <64,32,64> took 0.569041 (s) in 3 time steps
AutoTuner: Block shape <32,64,64> took 0.601244 (s) in 3 time steps
AutoTuner: Block shape <80,40,40> took 0.568577 (s) in 3 time steps
AutoTuner: Block shape <40,80,40> took 0.583295 (s) in 3 time steps
AutoTuner: Block shape <40,40,80> took 0.565469 (s) in 3 time steps
Auto-tuned block shape: {'x0_block_size': 16, 'y0_block_size': 16, 'z0_block_size': 40}
=========================================================================================
Section section_0<526,526,526> with OI=0.16 computed in 0.100 s [5.81 GFlops/s]
Section section_3<415,1> with OI=0.64 computed in 0.000 s [0.13 GFlops/s]
Section section_4<415,101> with OI=1.27 computed in 0.004 s [0.99 GFlops/s]
Section main<415,526,526,526> with OI=3.52 computed in 175.362 s [80.59 GFlops/s, 0.34 GPts/s]
=========================================================================================


OpesciBench: Running 3 repeats - parameters: arch: unknown, autotune: True, dle: advanced, dse: basic, nbpml: 10, shape: (512, 512, 512), space_order: 12, spacing: (20.0, 20.0, 20.0), time_order: 2, tn: 1000
OpesciBench [18:38:49]: --- Run 0 ---
icc -O3 -g -fPIC -Wall -std=c99 -xhost -shared -qopenmp /tmp/devito-pgq3bihq/f6f81a1daf2df47448abcb13b4ab73d593ff4238.c -o /tmp/devito-pgq3bihq/f6f81a1daf2df47448abcb13b4ab73d593ff4238.so
OpesciBench [18:51:37]: --- Run 0 finished ---

OpesciBench [18:51:37]: --- Run 1 ---
icc -O3 -g -fPIC -Wall -std=c99 -xhost -shared -qopenmp /tmp/devito-pgq3bihq/f6f81a1daf2df47448abcb13b4ab73d593ff4238.c -o /tmp/devito-pgq3bihq/f6f81a1daf2df47448abcb13b4ab73d593ff4238.so
OpesciBench [19:04:24]: --- Run 1 finished ---

OpesciBench [19:04:24]: --- Run 2 ---
icc -O3 -g -fPIC -Wall -std=c99 -xhost -shared -qopenmp /tmp/devito-pgq3bihq/f6f81a1daf2df47448abcb13b4ab73d593ff4238.c -o /tmp/devito-pgq3bihq/f6f81a1daf2df47448abcb13b4ab73d593ff4238.so
OpesciBench [19:17:14]: --- Run 2 finished ---





OpesciBench: Running 3 repeats - parameters: arch: unknown, autotune: True, dle: advanced, dse: advanced, nbpml: 10, shape: (512, 512, 512), space_order: 12, spacing: (20.0, 20.0, 20.0), time_order: 2, tn: 1000
OpesciBench [19:17:14]: --- Run 0 ---
icc -O3 -g -fPIC -Wall -std=c99 -xhost -shared -qopenmp /tmp/devito-pgq3bihq/5221bf17627bdc61352854762dd319e05041b67c.c -o /tmp/devito-pgq3bihq/5221bf17627bdc61352854762dd319e05041b67c.so
OpesciBench [19:25:25]: --- Run 0 finished ---

OpesciBench [19:25:25]: --- Run 1 ---
icc -O3 -g -fPIC -Wall -std=c99 -xhost -shared -qopenmp /tmp/devito-pgq3bihq/5221bf17627bdc61352854762dd319e05041b67c.c -o /tmp/devito-pgq3bihq/5221bf17627bdc61352854762dd319e05041b67c.so
OpesciBench [19:33:38]: --- Run 1 finished ---

OpesciBench [19:33:38]: --- Run 2 ---
icc -O3 -g -fPIC -Wall -std=c99 -xhost -shared -qopenmp /tmp/devito-pgq3bihq/5221bf17627bdc61352854762dd319e05041b67c.c -o /tmp/devito-pgq3bihq/5221bf17627bdc61352854762dd319e05041b67c.so
OpesciBench [19:41:49]: --- Run 2 finished ---





OpesciBench: Running 3 repeats - parameters: arch: unknown, autotune: True, dle: advanced, dse: aggressive, nbpml: 10, shape: (512, 512, 512), space_order: 12, spacing: (20.0, 20.0, 20.0), time_order: 2, tn: 1000
OpesciBench [19:41:49]: --- Run 0 ---
icc -O3 -g -fPIC -Wall -std=c99 -xhost -shared -qopenmp /tmp/devito-pgq3bihq/2f4effdc633b5e690ea71e3cd8b0f453f623f808.c -o /tmp/devito-pgq3bihq/2f4effdc633b5e690ea71e3cd8b0f453f623f808.so
OpesciBench [19:45:49]: --- Run 0 finished ---

OpesciBench [19:45:49]: --- Run 1 ---
icc -O3 -g -fPIC -Wall -std=c99 -xhost -shared -qopenmp /tmp/devito-pgq3bihq/283cd1392cda3ac27a152d6be8b3ff2d17b51d7f.c -o /tmp/devito-pgq3bihq/283cd1392cda3ac27a152d6be8b3ff2d17b51d7f.so
OpesciBench [19:49:50]: --- Run 1 finished ---

OpesciBench [19:49:50]: --- Run 2 ---
icc -O3 -g -fPIC -Wall -std=c99 -xhost -shared -qopenmp /tmp/devito-pgq3bihq/afda3a5ade6b166b5fa4af28c754d797c0e18797.c -o /tmp/devito-pgq3bihq/afda3a5ade6b166b5fa4af28c754d797c0e18797.so
OpesciBench [19:53:51]: --- Run 2 finished ---



Thu Dec 21 19:53:51 PST 2017
top - 19:53:51 up 6 days,  5:16,  1 user,  load average: 39.54, 36.25, 32.17
Tasks: 715 total,   1 running, 714 sleeping,   0 stopped,   0 zombie
%Cpu(s): 11.1 us,  0.2 sy,  0.0 ni, 88.7 id,  0.0 wa,  0.0 hi,  0.0 si,  0.0 st
KiB Mem : 19652252+total, 18508572+free,  1878208 used,  9558580 buff/cache
KiB Swap:  4194300 total,  4124516 free,    69784 used. 19359529+avail Mem 

   PID USER      PR  NI    VIRT    RES    SHR S  %CPU %MEM     TIME+ COMMAND
451229 cyount    20   0  162512   2964   1888 R   6.2  0.0   0:00.03 top
     1 root      20   0  197536   2864   1516 S   0.0  0.0   0:30.44 systemd
     2 root      20   0       0      0      0 S   0.0  0.0   0:00.06 kthreadd
     3 root      20   0       0      0      0 S   0.0  0.0   0:00.31 ksoftirqd/0
     5 root       0 -20       0      0      0 S   0.0  0.0   0:00.00 kworker/0:0H
     6 root      20   0       0      0      0 S   0.0  0.0   0:14.39 kworker/u896:0
     8 root      rt   0       0      0      0 S   0.0  0.0   0:00.78 migration/0
     9 root      20   0       0      0      0 S   0.0  0.0   0:00.00 rcu_bh
    10 root      20   0       0      0      0 S   0.0  0.0   0:51.56 rcu_sched
    11 root      rt   0       0      0      0 S   0.0  0.0   0:02.15 watchdog/0
    12 root      rt   0       0      0      0 S   0.0  0.0   0:01.51 watchdog/1
    13 root      rt   0       0      0      0 S   0.0  0.0   0:00.83 migration/1
    14 root      20   0       0      0      0 S   0.0  0.0   0:00.02 ksoftirqd/1
    16 root       0 -20       0      0      0 S   0.0  0.0   0:00.00 kworker/1:0H
    17 root      rt   0       0      0      0 S   0.0  0.0   0:01.47 watchdog/2
    18 root      rt   0       0      0      0 S   0.0  0.0   0:00.78 migration/2
    19 root      20   0       0      0      0 S   0.0  0.0   0:00.02 ksoftirqd/2
    22 root      rt   0       0      0      0 S   0.0  0.0   0:01.54 watchdog/3
    23 root      rt   0       0      0      0 S   0.0  0.0   0:00.84 migration/3
    24 root      20   0       0      0      0 S   0.0  0.0   0:00.01 ksoftirqd/3
    27 root      rt   0       0      0      0 S   0.0  0.0   0:01.47 watchdog/4
    28 root      rt   0       0      0      0 S   0.0  0.0   0:00.81 migration/4
    29 root      20   0       0      0      0 S   0.0  0.0   0:00.01 ksoftirqd/4
