Fri Dec 22 05:15:03 PST 2017
Linux ortce-skl1 3.10.0-514.el7.x86_64 #1 SMP Wed Oct 19 11:24:13 EDT 2016 x86_64 x86_64 x86_64 GNU/Linux
Architecture:          x86_64
CPU op-mode(s):        32-bit, 64-bit
Byte Order:            Little Endian
CPU(s):                80
On-line CPU(s) list:   0-79
Thread(s) per core:    2
Core(s) per socket:    20
Socket(s):             2
NUMA node(s):          2
Vendor ID:             GenuineIntel
CPU family:            6
Model:                 85
Model name:            Intel(R) Xeon(R) Gold 6148 CPU @ 2.40GHz
Stepping:              4
CPU MHz:               1000.031
BogoMIPS:              4805.49
Virtualization:        VT-x
L1d cache:             32K
L1i cache:             32K
L2 cache:              1024K
L3 cache:              28160K
NUMA node0 CPU(s):     0-19,40-59
NUMA node1 CPU(s):     20-39,60-79
Linux ortce-skl1 3.10.0-514.el7.x86_64 #1 SMP Wed Oct 19 11:24:13 EDT 2016 x86_64 x86_64 x86_64 GNU/Linux
available: 2 nodes (0-1)
node 0 cpus: 0 1 2 3 4 5 6 7 8 9 10 11 12 13 14 15 16 17 18 19 40 41 42 43 44 45 46 47 48 49 50 51 52 53 54 55 56 57 58 59
node 0 size: 96973 MB
node 0 free: 88665 MB
node 1 cpus: 20 21 22 23 24 25 26 27 28 29 30 31 32 33 34 35 36 37 38 39 60 61 62 63 64 65 66 67 68 69 70 71 72 73 74 75 76 77 78 79
node 1 size: 98304 MB
node 1 free: 92077 MB
node distances:
node   0   1 
  0:  10  21 
  1:  21  10 

Per-node system memory usage (in MBs):
                          Node 0          Node 1           Total
                 --------------- --------------- ---------------
MemTotal                96973.63        98304.00       195277.63
MemFree                 88665.75        92077.41       180743.16
MemUsed                  8307.88         6226.59        14534.47
Active                   1788.55         1083.45         2872.00
Inactive                 3414.46         2413.91         5828.37
Active(anon)                8.43            3.26           11.69
Inactive(anon)             39.42            4.11           43.52
Active(file)             1780.13         1080.19         2860.32
Inactive(file)           3375.04         2409.80         5784.84
Unevictable                 0.00            0.00            0.00
Mlocked                     0.00            0.00            0.00
Dirty                       0.00            0.00            0.01
Writeback                   0.00            0.00            0.00
FilePages                5193.39         3493.62         8687.00
Mapped                     29.79            3.42           33.21
AnonPages                  13.35           51.46           64.81
Shmem                      23.79            0.07           23.87
KernelStack                10.08            9.44           19.52
PageTables                  3.55            3.80            7.35
NFS_Unstable                0.00            0.00            0.00
Bounce                      0.00            0.00            0.00
WritebackTmp                0.00            0.00            0.00
Slab                      341.68          333.88          675.55
SReclaimable              216.80          188.42          405.23
SUnreclaim                124.87          145.45          270.32
AnonHugePages               0.00           46.00           46.00
HugePages_Total             0.00            0.00            0.00
HugePages_Free              0.00            0.00            0.00
HugePages_Surp              0.00            0.00            0.00
top - 05:15:03 up 6 days, 14:38,  1 user,  load average: 40.03, 39.20, 37.51
Tasks: 714 total,   1 running, 713 sleeping,   0 stopped,   0 zombie
%Cpu(s): 12.6 us,  0.2 sy,  0.0 ni, 87.1 id,  0.0 wa,  0.0 hi,  0.0 si,  0.0 st
KiB Mem : 19652252+total, 18508048+free,  1873180 used,  9568852 buff/cache
KiB Swap:  4194300 total,  4124520 free,    69780 used. 19359710+avail Mem 

   PID USER      PR  NI    VIRT    RES    SHR S  %CPU %MEM     TIME+ COMMAND
     1 root      20   0  197536   2864   1516 S   0.0  0.0   0:30.93 systemd
     2 root      20   0       0      0      0 S   0.0  0.0   0:00.06 kthreadd
     3 root      20   0       0      0      0 S   0.0  0.0   0:00.33 ksoftirqd/0
     5 root       0 -20       0      0      0 S   0.0  0.0   0:00.00 kworker/0:0H
     6 root      20   0       0      0      0 S   0.0  0.0   0:14.39 kworker/u896:0
     8 root      rt   0       0      0      0 S   0.0  0.0   0:00.78 migration/0
     9 root      20   0       0      0      0 S   0.0  0.0   0:00.00 rcu_bh
    10 root      20   0       0      0      0 S   0.0  0.0   0:53.76 rcu_sched
    11 root      rt   0       0      0      0 S   0.0  0.0   0:02.24 watchdog/0
    12 root      rt   0       0      0      0 S   0.0  0.0   0:01.61 watchdog/1
    13 root      rt   0       0      0      0 S   0.0  0.0   0:00.83 migration/1
    14 root      20   0       0      0      0 S   0.0  0.0   0:00.02 ksoftirqd/1
    16 root       0 -20       0      0      0 S   0.0  0.0   0:00.00 kworker/1:0H
    17 root      rt   0       0      0      0 S   0.0  0.0   0:01.56 watchdog/2
    18 root      rt   0       0      0      0 S   0.0  0.0   0:00.78 migration/2
    19 root      20   0       0      0      0 S   0.0  0.0   0:00.02 ksoftirqd/2
    22 root      rt   0       0      0      0 S   0.0  0.0   0:01.62 watchdog/3
    23 root      rt   0       0      0      0 S   0.0  0.0   0:00.84 migration/3
    24 root      20   0       0      0      0 S   0.0  0.0   0:00.01 ksoftirqd/3
    27 root      rt   0       0      0      0 S   0.0  0.0   0:01.56 watchdog/4
    28 root      rt   0       0      0      0 S   0.0  0.0   0:00.81 migration/4
    29 root      20   0       0      0      0 S   0.0  0.0   0:00.01 ksoftirqd/4
    32 root      rt   0       0      0      0 S   0.0  0.0   0:01.63 watchdog/5
env DEVITO_PLATFORM=skx DEVITO_ISA=avx512 DEVITO_DEBUG_COMPILER=1 DEVITO_DLE_OPTIONS=blockinner:True DEVITO_AUTOTUNING=aggressive DEVITO_BACKEND=core DEVITO_OPENMP=1 DEVITO_ARCH=intel DEVITO_LOGGING=DEBUG DEVITO_YASK_AUTOTUNING=preemptive DEVITO_YASK_DUMP=devito.bench.2017-12-22/tti/core/bmdse/ortce-skl1/grid768/so16 numactl --cpubind=1 python examples/seismic/benchmark.py bench -bm dse -P tti -so 16 -to 2 -d 768 768 768 --tn 1000 -x 3 -r devito.bench.2017-12-22/tti/core/bmdse/ortce-skl1/grid768/so16
Allocating memory for m ((788, 788, 788))
Allocating memory for damp ((788, 788, 788))
Allocating memory for epsilon ((788, 788, 788))
Allocating memory for delta ((788, 788, 788))
Allocating memory for theta ((788, 788, 788))
Allocating memory for phi ((788, 788, 788))
Allocating memory for src ((417, 1))
Allocating memory for src_coords ((1, 3))
Allocating memory for nrec_coords ((101, 3))
Allocating memory for rec_coords ((101, 3))
DSE: eliminate_intra_stencil_redundancies [flops: 2835, elapsed: 1.95] >>
     finalize [flops: 2837, elapsed: 0.06]
     [Total elapsed: 2.01 s]
DLE: avoid_denormals [elapsed: 0.00] >>
     loop_fission [elapsed: 0.03] >>
     loop_blocking [elapsed: 0.31] >>
     simdize [elapsed: 0.42] >>
     ompize [elapsed: 0.09] >>
     create_elemental_functions [elapsed: 0.56] >>
     minimize_remainders [elapsed: 0.04]
     [Total elapsed: 1.44 s]
Allocating memory for rec ((417, 101))
Allocating memory for u ((3, 788, 788, 788))
Allocating memory for v ((3, 788, 788, 788))
IntelCompiler: compiled /tmp/devito-9wyotn1m/3fd64013e5691d1cd9ca08fe7c65c27f84bdcf2f.c [514.25 s]
AutoTuner: Block shape <8,8,8> took 5.793704 (s) in 3 time steps
AutoTuner: Block shape <16,16,16> took 5.441509 (s) in 3 time steps
AutoTuner: Block shape <24,24,24> took 5.369570 (s) in 3 time steps
AutoTuner: Block shape <32,32,32> took 5.401611 (s) in 3 time steps
AutoTuner: Block shape <40,40,40> took 5.522057 (s) in 3 time steps
AutoTuner: Block shape <64,64,64> took 6.149475 (s) in 3 time steps
AutoTuner: Block shape <128,128,128> took 6.801263 (s) in 3 time steps
AutoTuner: Block shape <256,256,256> took 8.708400 (s) in 3 time steps
AutoTuner: Block shape <512,512,512> took 116.444935 (s) in 3 time steps
AutoTuner: Block shape <772,772,772> took 131.800019 (s) in 3 time steps
AutoTuner: Block shape <8,8,16> took 5.517516 (s) in 3 time steps
AutoTuner: Block shape <8,8,24> took 5.449258 (s) in 3 time steps
AutoTuner: Block shape <8,8,32> took 5.411836 (s) in 3 time steps
AutoTuner: Block shape <8,8,40> took 5.399344 (s) in 3 time steps
AutoTuner: Block shape <8,8,64> took 5.374384 (s) in 3 time steps
AutoTuner: Block shape <8,8,128> took 5.487838 (s) in 3 time steps
AutoTuner: Block shape <8,8,256> took 5.750591 (s) in 3 time steps
AutoTuner: Block shape <8,8,512> took 6.335415 (s) in 3 time steps
AutoTuner: Block shape <8,8,772> took 7.376654 (s) in 3 time steps
AutoTuner: Block shape <16,16,8> took 5.639483 (s) in 3 time steps
AutoTuner: Block shape <16,16,24> took 5.359402 (s) in 3 time steps
AutoTuner: Block shape <16,16,32> took 5.316448 (s) in 3 time steps
AutoTuner: Block shape <16,16,40> took 5.294711 (s) in 3 time steps
AutoTuner: Block shape <16,16,64> took 5.279025 (s) in 3 time steps
AutoTuner: Block shape <16,16,128> took 5.481404 (s) in 3 time steps
AutoTuner: Block shape <16,16,256> took 6.068198 (s) in 3 time steps
AutoTuner: Block shape <16,16,512> took 6.787468 (s) in 3 time steps
AutoTuner: Block shape <16,16,772> took 7.487751 (s) in 3 time steps
AutoTuner: Block shape <24,24,8> took 5.799562 (s) in 3 time steps
AutoTuner: Block shape <24,24,16> took 5.509118 (s) in 3 time steps
AutoTuner: Block shape <24,24,32> took 5.322757 (s) in 3 time steps
AutoTuner: Block shape <24,24,40> took 5.307242 (s) in 3 time steps
AutoTuner: Block shape <24,24,64> took 5.385419 (s) in 3 time steps
AutoTuner: Block shape <24,24,128> took 5.590146 (s) in 3 time steps
AutoTuner: Block shape <24,24,256> took 6.506930 (s) in 3 time steps
AutoTuner: Block shape <24,24,512> took 6.987647 (s) in 3 time steps
AutoTuner: Block shape <24,24,772> took 7.409937 (s) in 3 time steps
AutoTuner: Block shape <32,32,8> took 5.919771 (s) in 3 time steps
AutoTuner: Block shape <32,32,16> took 5.539995 (s) in 3 time steps
AutoTuner: Block shape <32,32,24> took 5.432240 (s) in 3 time steps
AutoTuner: Block shape <32,32,40> took 5.440392 (s) in 3 time steps
AutoTuner: Block shape <32,32,64> took 5.503849 (s) in 3 time steps
AutoTuner: Block shape <32,32,128> took 5.870194 (s) in 3 time steps
AutoTuner: Block shape <32,32,256> took 6.767647 (s) in 3 time steps
AutoTuner: Block shape <32,32,512> took 7.147366 (s) in 3 time steps
AutoTuner: Block shape <32,32,772> took 7.394871 (s) in 3 time steps
AutoTuner: Block shape <16,8,8> took 5.698813 (s) in 3 time steps
AutoTuner: Block shape <8,16,8> took 5.689947 (s) in 3 time steps
AutoTuner: Block shape <16,8,16> took 5.488607 (s) in 3 time steps
AutoTuner: Block shape <8,16,16> took 5.477910 (s) in 3 time steps
AutoTuner: Block shape <32,16,16> took 5.516926 (s) in 3 time steps
AutoTuner: Block shape <16,32,16> took 5.522012 (s) in 3 time steps
AutoTuner: Block shape <32,16,32> took 5.306549 (s) in 3 time steps
AutoTuner: Block shape <16,32,32> took 5.425716 (s) in 3 time steps
AutoTuner: Block shape <48,24,24> took 5.369615 (s) in 3 time steps
AutoTuner: Block shape <24,48,24> took 5.625070 (s) in 3 time steps
AutoTuner: Block shape <24,24,48> took 5.302480 (s) in 3 time steps
AutoTuner: Block shape <48,48,24> took 5.614037 (s) in 3 time steps
AutoTuner: Block shape <48,24,48> took 5.285564 (s) in 3 time steps
AutoTuner: Block shape <24,48,48> took 5.657428 (s) in 3 time steps
AutoTuner: Block shape <48,48,48> took 5.597858 (s) in 3 time steps
AutoTuner: Block shape <64,32,32> took 5.409651 (s) in 3 time steps
AutoTuner: Block shape <32,64,32> took 5.763625 (s) in 3 time steps
AutoTuner: Block shape <64,64,32> took 5.727148 (s) in 3 time steps
AutoTuner: Block shape <64,32,64> took 5.462186 (s) in 3 time steps
AutoTuner: Block shape <32,64,64> took 6.121051 (s) in 3 time steps
AutoTuner: Block shape <80,40,40> took 5.584944 (s) in 3 time steps
AutoTuner: Block shape <40,80,40> took 6.092821 (s) in 3 time steps
AutoTuner: Block shape <40,40,80> took 5.750446 (s) in 3 time steps
AutoTuner: Block shape <80,80,40> took 6.240899 (s) in 3 time steps
AutoTuner: Block shape <80,40,80> took 5.852309 (s) in 3 time steps
AutoTuner: Block shape <40,80,80> took 6.534868 (s) in 3 time steps
AutoTuner: Block shape <80,80,80> took 7.094818 (s) in 3 time steps
AutoTuner: Block shape <128,64,64> took 6.183190 (s) in 3 time steps
AutoTuner: Block shape <64,128,64> took 6.652144 (s) in 3 time steps
AutoTuner: Block shape <64,64,128> took 6.440125 (s) in 3 time steps
AutoTuner: Block shape <128,128,64> took 6.647355 (s) in 3 time steps
AutoTuner: Block shape <128,64,128> took 6.437421 (s) in 3 time steps
AutoTuner: Block shape <64,128,128> took 6.618903 (s) in 3 time steps
AutoTuner: Block shape <256,128,128> took 7.124414 (s) in 3 time steps
AutoTuner: Block shape <128,256,128> took 7.250866 (s) in 3 time steps
AutoTuner: Block shape <128,128,256> took 7.342397 (s) in 3 time steps
AutoTuner: Block shape <256,256,128> took 7.947288 (s) in 3 time steps
AutoTuner: Block shape <256,128,256> took 8.086537 (s) in 3 time steps
AutoTuner: Block shape <128,256,256> took 8.019949 (s) in 3 time steps
AutoTuner: Block shape <512,256,256> took 16.648352 (s) in 3 time steps
AutoTuner: Block shape <256,512,256> took 16.925051 (s) in 3 time steps
AutoTuner: Block shape <256,256,512> took 16.350116 (s) in 3 time steps
AutoTuner: Block shape <512,512,256> took 45.348212 (s) in 3 time steps
AutoTuner: Block shape <512,256,512> took 43.468947 (s) in 3 time steps
AutoTuner: Block shape <256,512,512> took 44.609630 (s) in 3 time steps
Auto-tuned block shape: {'x0_block_size': 16, 'y0_block_size': 16, 'z0_block_size': 64}
=========================================================================================
Section section_1<415,1> with OI=0.64 computed in 0.000 s [0.11 GFlops/s]
Section section_2<415,101> with OI=1.27 computed in 0.004 s [0.98 GFlops/s]
Section main<415,772,772,772> with OI=66.37 computed in 2185.605 s [247.85 GFlops/s, 0.09 GPts/s]
=========================================================================================
Allocating memory for m ((788, 788, 788))
Allocating memory for damp ((788, 788, 788))
Allocating memory for epsilon ((788, 788, 788))
Allocating memory for delta ((788, 788, 788))
Allocating memory for theta ((788, 788, 788))
Allocating memory for phi ((788, 788, 788))
Allocating memory for src ((417, 1))
Allocating memory for src_coords ((1, 3))
Allocating memory for nrec_coords ((101, 3))
Allocating memory for rec_coords ((101, 3))
DSE: eliminate_intra_stencil_redundancies [flops: 2835, elapsed: 1.94] >>
     finalize [flops: 2837, elapsed: 0.06]
     [Total elapsed: 2.00 s]
DLE: avoid_denormals [elapsed: 0.00] >>
     loop_fission [elapsed: 0.03] >>
     loop_blocking [elapsed: 0.30] >>
     simdize [elapsed: 0.21] >>
     ompize [elapsed: 0.09] >>
     create_elemental_functions [elapsed: 0.50] >>
     minimize_remainders [elapsed: 0.08]
     [Total elapsed: 1.21 s]
Allocating memory for rec ((417, 101))
Allocating memory for u ((3, 788, 788, 788))
Allocating memory for v ((3, 788, 788, 788))
IntelCompiler: compiled /tmp/devito-9wyotn1m/3fd64013e5691d1cd9ca08fe7c65c27f84bdcf2f.c [531.80 s]
AutoTuner: Block shape <8,8,8> took 5.783024 (s) in 3 time steps
AutoTuner: Block shape <16,16,16> took 5.417720 (s) in 3 time steps
AutoTuner: Block shape <24,24,24> took 5.360125 (s) in 3 time steps
AutoTuner: Block shape <32,32,32> took 5.402484 (s) in 3 time steps
AutoTuner: Block shape <40,40,40> took 5.511418 (s) in 3 time steps
AutoTuner: Block shape <64,64,64> took 6.134265 (s) in 3 time steps
AutoTuner: Block shape <128,128,128> took 6.740017 (s) in 3 time steps
AutoTuner: Block shape <256,256,256> took 8.823968 (s) in 3 time steps
AutoTuner: Block shape <512,512,512> took 116.209261 (s) in 3 time steps
AutoTuner: Block shape <772,772,772> took 131.851236 (s) in 3 time steps
AutoTuner: Block shape <8,8,16> took 5.528760 (s) in 3 time steps
AutoTuner: Block shape <8,8,24> took 5.452436 (s) in 3 time steps
AutoTuner: Block shape <8,8,32> took 5.415153 (s) in 3 time steps
AutoTuner: Block shape <8,8,40> took 5.404238 (s) in 3 time steps
AutoTuner: Block shape <8,8,64> took 5.375919 (s) in 3 time steps
AutoTuner: Block shape <8,8,128> took 5.487482 (s) in 3 time steps
AutoTuner: Block shape <8,8,256> took 5.760526 (s) in 3 time steps
AutoTuner: Block shape <8,8,512> took 6.363122 (s) in 3 time steps
AutoTuner: Block shape <8,8,772> took 7.363260 (s) in 3 time steps
AutoTuner: Block shape <16,16,8> took 5.646709 (s) in 3 time steps
AutoTuner: Block shape <16,16,24> took 5.361557 (s) in 3 time steps
AutoTuner: Block shape <16,16,32> took 5.316999 (s) in 3 time steps
AutoTuner: Block shape <16,16,40> took 5.291096 (s) in 3 time steps
AutoTuner: Block shape <16,16,64> took 5.280578 (s) in 3 time steps
AutoTuner: Block shape <16,16,128> took 5.476252 (s) in 3 time steps
AutoTuner: Block shape <16,16,256> took 6.072253 (s) in 3 time steps
AutoTuner: Block shape <16,16,512> took 6.776763 (s) in 3 time steps
AutoTuner: Block shape <16,16,772> took 7.466744 (s) in 3 time steps
AutoTuner: Block shape <24,24,8> took 5.785847 (s) in 3 time steps
AutoTuner: Block shape <24,24,16> took 5.506868 (s) in 3 time steps
AutoTuner: Block shape <24,24,32> took 5.328993 (s) in 3 time steps
AutoTuner: Block shape <24,24,40> took 5.310385 (s) in 3 time steps
AutoTuner: Block shape <24,24,64> took 5.383438 (s) in 3 time steps
AutoTuner: Block shape <24,24,128> took 5.585252 (s) in 3 time steps
AutoTuner: Block shape <24,24,256> took 6.496156 (s) in 3 time steps
AutoTuner: Block shape <24,24,512> took 7.011840 (s) in 3 time steps
AutoTuner: Block shape <24,24,772> took 7.381634 (s) in 3 time steps
AutoTuner: Block shape <32,32,8> took 5.914592 (s) in 3 time steps
AutoTuner: Block shape <32,32,16> took 5.554806 (s) in 3 time steps
AutoTuner: Block shape <32,32,24> took 5.451380 (s) in 3 time steps
AutoTuner: Block shape <32,32,40> took 5.444492 (s) in 3 time steps
AutoTuner: Block shape <32,32,64> took 5.504269 (s) in 3 time steps
AutoTuner: Block shape <32,32,128> took 5.868539 (s) in 3 time steps
AutoTuner: Block shape <32,32,256> took 6.761361 (s) in 3 time steps
AutoTuner: Block shape <32,32,512> took 7.186400 (s) in 3 time steps
AutoTuner: Block shape <32,32,772> took 7.463019 (s) in 3 time steps
AutoTuner: Block shape <16,8,8> took 5.699318 (s) in 3 time steps
AutoTuner: Block shape <8,16,8> took 5.696218 (s) in 3 time steps
AutoTuner: Block shape <16,8,16> took 5.478771 (s) in 3 time steps
AutoTuner: Block shape <8,16,16> took 5.475860 (s) in 3 time steps
AutoTuner: Block shape <32,16,16> took 5.510542 (s) in 3 time steps
AutoTuner: Block shape <16,32,16> took 5.514419 (s) in 3 time steps
AutoTuner: Block shape <32,16,32> took 5.298509 (s) in 3 time steps
AutoTuner: Block shape <16,32,32> took 5.415932 (s) in 3 time steps
AutoTuner: Block shape <48,24,24> took 5.366920 (s) in 3 time steps
AutoTuner: Block shape <24,48,24> took 5.625495 (s) in 3 time steps
AutoTuner: Block shape <24,24,48> took 5.302109 (s) in 3 time steps
AutoTuner: Block shape <48,48,24> took 5.611492 (s) in 3 time steps
AutoTuner: Block shape <48,24,48> took 5.282022 (s) in 3 time steps
AutoTuner: Block shape <24,48,48> took 5.657436 (s) in 3 time steps
AutoTuner: Block shape <48,48,48> took 5.593852 (s) in 3 time steps
AutoTuner: Block shape <64,32,32> took 5.408560 (s) in 3 time steps
AutoTuner: Block shape <32,64,32> took 5.761885 (s) in 3 time steps
AutoTuner: Block shape <64,64,32> took 5.712852 (s) in 3 time steps
AutoTuner: Block shape <64,32,64> took 5.459217 (s) in 3 time steps
AutoTuner: Block shape <32,64,64> took 6.122842 (s) in 3 time steps
AutoTuner: Block shape <80,40,40> took 5.574745 (s) in 3 time steps
AutoTuner: Block shape <40,80,40> took 6.101755 (s) in 3 time steps
AutoTuner: Block shape <40,40,80> took 5.745487 (s) in 3 time steps
AutoTuner: Block shape <80,80,40> took 6.257157 (s) in 3 time steps
AutoTuner: Block shape <80,40,80> took 5.865779 (s) in 3 time steps
AutoTuner: Block shape <40,80,80> took 6.555932 (s) in 3 time steps
AutoTuner: Block shape <80,80,80> took 7.087375 (s) in 3 time steps
AutoTuner: Block shape <128,64,64> took 6.171592 (s) in 3 time steps
AutoTuner: Block shape <64,128,64> took 6.644459 (s) in 3 time steps
AutoTuner: Block shape <64,64,128> took 6.431516 (s) in 3 time steps
AutoTuner: Block shape <128,128,64> took 6.642932 (s) in 3 time steps
AutoTuner: Block shape <128,64,128> took 6.431943 (s) in 3 time steps
AutoTuner: Block shape <64,128,128> took 6.610928 (s) in 3 time steps
AutoTuner: Block shape <256,128,128> took 7.122321 (s) in 3 time steps
AutoTuner: Block shape <128,256,128> took 7.337881 (s) in 3 time steps
AutoTuner: Block shape <128,128,256> took 7.374004 (s) in 3 time steps
AutoTuner: Block shape <256,256,128> took 7.974641 (s) in 3 time steps
AutoTuner: Block shape <256,128,256> took 8.087360 (s) in 3 time steps
AutoTuner: Block shape <128,256,256> took 8.127886 (s) in 3 time steps
AutoTuner: Block shape <512,256,256> took 16.646716 (s) in 3 time steps
AutoTuner: Block shape <256,512,256> took 16.920669 (s) in 3 time steps
AutoTuner: Block shape <256,256,512> took 16.342966 (s) in 3 time steps
AutoTuner: Block shape <512,512,256> took 45.099017 (s) in 3 time steps
AutoTuner: Block shape <512,256,512> took 43.303640 (s) in 3 time steps
AutoTuner: Block shape <256,512,512> took 44.479819 (s) in 3 time steps
Auto-tuned block shape: {'x0_block_size': 16, 'y0_block_size': 16, 'z0_block_size': 64}
=========================================================================================
Section section_1<415,1> with OI=0.64 computed in 0.000 s [0.10 GFlops/s]
Section section_2<415,101> with OI=1.27 computed in 0.004 s [1.00 GFlops/s]
Section main<415,772,772,772> with OI=66.37 computed in 2179.825 s [248.51 GFlops/s, 0.09 GPts/s]
=========================================================================================
Allocating memory for m ((788, 788, 788))
Allocating memory for damp ((788, 788, 788))
Allocating memory for epsilon ((788, 788, 788))
Allocating memory for delta ((788, 788, 788))
Allocating memory for theta ((788, 788, 788))
Allocating memory for phi ((788, 788, 788))
Allocating memory for src ((417, 1))
Allocating memory for src_coords ((1, 3))
Allocating memory for nrec_coords ((101, 3))
Allocating memory for rec_coords ((101, 3))
DSE: eliminate_intra_stencil_redundancies [flops: 2835, elapsed: 1.95] >>
     finalize [flops: 2837, elapsed: 0.06]
     [Total elapsed: 2.01 s]
DLE: avoid_denormals [elapsed: 0.00] >>
     loop_fission [elapsed: 0.03] >>
     loop_blocking [elapsed: 0.30] >>
     simdize [elapsed: 0.21] >>
     ompize [elapsed: 0.09] >>
     create_elemental_functions [elapsed: 0.50] >>
     minimize_remainders [elapsed: 0.04]
     [Total elapsed: 1.16 s]
Allocating memory for rec ((417, 101))
Allocating memory for u ((3, 788, 788, 788))
Allocating memory for v ((3, 788, 788, 788))
IntelCompiler: compiled /tmp/devito-9wyotn1m/3fd64013e5691d1cd9ca08fe7c65c27f84bdcf2f.c [502.15 s]
AutoTuner: Block shape <8,8,8> took 5.799771 (s) in 3 time steps
AutoTuner: Block shape <16,16,16> took 5.427853 (s) in 3 time steps
AutoTuner: Block shape <24,24,24> took 5.369814 (s) in 3 time steps
AutoTuner: Block shape <32,32,32> took 5.417682 (s) in 3 time steps
AutoTuner: Block shape <40,40,40> took 5.530008 (s) in 3 time steps
AutoTuner: Block shape <64,64,64> took 6.123770 (s) in 3 time steps
AutoTuner: Block shape <128,128,128> took 6.759130 (s) in 3 time steps
AutoTuner: Block shape <256,256,256> took 8.730446 (s) in 3 time steps
AutoTuner: Block shape <512,512,512> took 116.111504 (s) in 3 time steps
AutoTuner: Block shape <772,772,772> took 132.077137 (s) in 3 time steps
AutoTuner: Block shape <8,8,16> took 5.523913 (s) in 3 time steps
AutoTuner: Block shape <8,8,24> took 5.449054 (s) in 3 time steps
AutoTuner: Block shape <8,8,32> took 5.409325 (s) in 3 time steps
AutoTuner: Block shape <8,8,40> took 5.395832 (s) in 3 time steps
AutoTuner: Block shape <8,8,64> took 5.366208 (s) in 3 time steps
AutoTuner: Block shape <8,8,128> took 5.487820 (s) in 3 time steps
AutoTuner: Block shape <8,8,256> took 5.748585 (s) in 3 time steps
AutoTuner: Block shape <8,8,512> took 6.320902 (s) in 3 time steps
AutoTuner: Block shape <8,8,772> took 7.376619 (s) in 3 time steps
AutoTuner: Block shape <16,16,8> took 5.643509 (s) in 3 time steps
AutoTuner: Block shape <16,16,24> took 5.356695 (s) in 3 time steps
AutoTuner: Block shape <16,16,32> took 5.311435 (s) in 3 time steps
AutoTuner: Block shape <16,16,40> took 5.287015 (s) in 3 time steps
AutoTuner: Block shape <16,16,64> took 5.280569 (s) in 3 time steps
AutoTuner: Block shape <16,16,128> took 5.466750 (s) in 3 time steps
AutoTuner: Block shape <16,16,256> took 6.090479 (s) in 3 time steps
AutoTuner: Block shape <16,16,512> took 6.805846 (s) in 3 time steps
AutoTuner: Block shape <16,16,772> took 7.494488 (s) in 3 time steps
AutoTuner: Block shape <24,24,8> took 5.786674 (s) in 3 time steps
AutoTuner: Block shape <24,24,16> took 5.503995 (s) in 3 time steps
AutoTuner: Block shape <24,24,32> took 5.328243 (s) in 3 time steps
AutoTuner: Block shape <24,24,40> took 5.312705 (s) in 3 time steps
AutoTuner: Block shape <24,24,64> took 5.385199 (s) in 3 time steps
AutoTuner: Block shape <24,24,128> took 5.577267 (s) in 3 time steps
AutoTuner: Block shape <24,24,256> took 6.477322 (s) in 3 time steps
AutoTuner: Block shape <24,24,512> took 7.003659 (s) in 3 time steps
AutoTuner: Block shape <24,24,772> took 7.439696 (s) in 3 time steps
AutoTuner: Block shape <32,32,8> took 5.906003 (s) in 3 time steps
AutoTuner: Block shape <32,32,16> took 5.549769 (s) in 3 time steps
AutoTuner: Block shape <32,32,24> took 5.450292 (s) in 3 time steps
AutoTuner: Block shape <32,32,40> took 5.438768 (s) in 3 time steps
AutoTuner: Block shape <32,32,64> took 5.501327 (s) in 3 time steps
AutoTuner: Block shape <32,32,128> took 5.876628 (s) in 3 time steps
AutoTuner: Block shape <32,32,256> took 6.774791 (s) in 3 time steps
AutoTuner: Block shape <32,32,512> took 7.130766 (s) in 3 time steps
AutoTuner: Block shape <32,32,772> took 7.402059 (s) in 3 time steps
AutoTuner: Block shape <16,8,8> took 5.705566 (s) in 3 time steps
AutoTuner: Block shape <8,16,8> took 5.700496 (s) in 3 time steps
AutoTuner: Block shape <16,8,16> took 5.484759 (s) in 3 time steps
AutoTuner: Block shape <8,16,16> took 5.482119 (s) in 3 time steps
AutoTuner: Block shape <32,16,16> took 5.514553 (s) in 3 time steps
AutoTuner: Block shape <16,32,16> took 5.514721 (s) in 3 time steps
AutoTuner: Block shape <32,16,32> took 5.301755 (s) in 3 time steps
AutoTuner: Block shape <16,32,32> took 5.417587 (s) in 3 time steps
AutoTuner: Block shape <48,24,24> took 5.374339 (s) in 3 time steps
AutoTuner: Block shape <24,48,24> took 5.617024 (s) in 3 time steps
AutoTuner: Block shape <24,24,48> took 5.307508 (s) in 3 time steps
AutoTuner: Block shape <48,48,24> took 5.605189 (s) in 3 time steps
AutoTuner: Block shape <48,24,48> took 5.290216 (s) in 3 time steps
AutoTuner: Block shape <24,48,48> took 5.646925 (s) in 3 time steps
AutoTuner: Block shape <48,48,48> took 5.590912 (s) in 3 time steps
AutoTuner: Block shape <64,32,32> took 5.411025 (s) in 3 time steps
AutoTuner: Block shape <32,64,32> took 5.748594 (s) in 3 time steps
AutoTuner: Block shape <64,64,32> took 5.720521 (s) in 3 time steps
AutoTuner: Block shape <64,32,64> took 5.452829 (s) in 3 time steps
AutoTuner: Block shape <32,64,64> took 6.119770 (s) in 3 time steps
AutoTuner: Block shape <80,40,40> took 5.579252 (s) in 3 time steps
AutoTuner: Block shape <40,80,40> took 6.106054 (s) in 3 time steps
AutoTuner: Block shape <40,40,80> took 5.752456 (s) in 3 time steps
AutoTuner: Block shape <80,80,40> took 6.237477 (s) in 3 time steps
AutoTuner: Block shape <80,40,80> took 5.844205 (s) in 3 time steps
AutoTuner: Block shape <40,80,80> took 6.539954 (s) in 3 time steps
AutoTuner: Block shape <80,80,80> took 7.095123 (s) in 3 time steps
AutoTuner: Block shape <128,64,64> took 6.179323 (s) in 3 time steps
AutoTuner: Block shape <64,128,64> took 6.639553 (s) in 3 time steps
AutoTuner: Block shape <64,64,128> took 6.424631 (s) in 3 time steps
AutoTuner: Block shape <128,128,64> took 6.638490 (s) in 3 time steps
AutoTuner: Block shape <128,64,128> took 6.422803 (s) in 3 time steps
AutoTuner: Block shape <64,128,128> took 6.601336 (s) in 3 time steps
AutoTuner: Block shape <256,128,128> took 7.077440 (s) in 3 time steps
AutoTuner: Block shape <128,256,128> took 7.219547 (s) in 3 time steps
AutoTuner: Block shape <128,128,256> took 7.370235 (s) in 3 time steps
AutoTuner: Block shape <256,256,128> took 8.108115 (s) in 3 time steps
AutoTuner: Block shape <256,128,256> took 8.082824 (s) in 3 time steps
AutoTuner: Block shape <128,256,256> took 8.131464 (s) in 3 time steps
AutoTuner: Block shape <512,256,256> took 16.614075 (s) in 3 time steps
AutoTuner: Block shape <256,512,256> took 16.893488 (s) in 3 time steps
AutoTuner: Block shape <256,256,512> took 16.323636 (s) in 3 time steps
AutoTuner: Block shape <512,512,256> took 45.209380 (s) in 3 time steps
AutoTuner: Block shape <512,256,512> took 43.294477 (s) in 3 time steps
AutoTuner: Block shape <256,512,512> took 44.445995 (s) in 3 time steps
Auto-tuned block shape: {'x0_block_size': 16, 'y0_block_size': 16, 'z0_block_size': 64}
=========================================================================================
Section section_1<415,1> with OI=0.64 computed in 0.000 s [0.11 GFlops/s]
Section section_2<415,101> with OI=1.27 computed in 0.004 s [0.90 GFlops/s]
Section main<415,772,772,772> with OI=66.37 computed in 2180.359 s [248.45 GFlops/s, 0.09 GPts/s]
=========================================================================================
Allocating memory for m ((788, 788, 788))
Allocating memory for damp ((788, 788, 788))
Allocating memory for epsilon ((788, 788, 788))
Allocating memory for delta ((788, 788, 788))
Allocating memory for theta ((788, 788, 788))
Allocating memory for phi ((788, 788, 788))
Allocating memory for src ((417, 1))
Allocating memory for src_coords ((1, 3))
Allocating memory for nrec_coords ((101, 3))
Allocating memory for rec_coords ((101, 3))
DSE: extract_time_invariants [flops: 5483, elapsed: 0.49] >>
     eliminate_inter_stencil_redundancies [flops: 5315, elapsed: 0.72] >>
     eliminate_intra_stencil_redundancies [flops: 2611, elapsed: 0.90] >>
     factorize [flops: 2119, elapsed: 3.13] >>
     finalize [flops: 2121, elapsed: 0.05]
     [Total elapsed: 5.29 s]
DLE: avoid_denormals [elapsed: 0.00] >>
     loop_fission [elapsed: 0.03] >>
     loop_blocking [elapsed: 0.26] >>
     simdize [elapsed: 0.18] >>
     ompize [elapsed: 0.07] >>
     create_elemental_functions [elapsed: 0.50] >>
     minimize_remainders [elapsed: 0.03]
     [Total elapsed: 1.06 s]
Allocating memory for rec ((417, 101))
Allocating memory for u ((3, 788, 788, 788))
Allocating memory for v ((3, 788, 788, 788))
IntelCompiler: compiled /tmp/devito-9wyotn1m/2d3a0b46ca3d2e22c51e1de8c4f4a04a6d591a3d.c [510.85 s]
AutoTuner: Block shape <8,8,8> took 3.689627 (s) in 3 time steps
AutoTuner: Block shape <16,16,16> took 3.320980 (s) in 3 time steps
AutoTuner: Block shape <24,24,24> took 3.212638 (s) in 3 time steps
AutoTuner: Block shape <32,32,32> took 3.221208 (s) in 3 time steps
AutoTuner: Block shape <40,40,40> took 3.285329 (s) in 3 time steps
AutoTuner: Block shape <64,64,64> took 3.916424 (s) in 3 time steps
AutoTuner: Block shape <128,128,128> took 4.426308 (s) in 3 time steps
AutoTuner: Block shape <256,256,256> took 5.875616 (s) in 3 time steps
AutoTuner: Block shape <512,512,512> took 73.794306 (s) in 3 time steps
AutoTuner: Block shape <772,772,772> took 88.586713 (s) in 3 time steps
AutoTuner: Block shape <8,8,16> took 3.409436 (s) in 3 time steps
AutoTuner: Block shape <8,8,24> took 3.333197 (s) in 3 time steps
AutoTuner: Block shape <8,8,32> took 3.314806 (s) in 3 time steps
AutoTuner: Block shape <8,8,40> took 3.300711 (s) in 3 time steps
AutoTuner: Block shape <8,8,64> took 3.279083 (s) in 3 time steps
AutoTuner: Block shape <8,8,128> took 3.341039 (s) in 3 time steps
AutoTuner: Block shape <8,8,256> took 3.558162 (s) in 3 time steps
AutoTuner: Block shape <8,8,512> took 4.154866 (s) in 3 time steps
AutoTuner: Block shape <8,8,772> took 5.065209 (s) in 3 time steps
AutoTuner: Block shape <16,16,8> took 3.524969 (s) in 3 time steps
AutoTuner: Block shape <16,16,24> took 3.252705 (s) in 3 time steps
AutoTuner: Block shape <16,16,32> took 3.207300 (s) in 3 time steps
AutoTuner: Block shape <16,16,40> took 3.163341 (s) in 3 time steps
AutoTuner: Block shape <16,16,64> took 3.174886 (s) in 3 time steps
AutoTuner: Block shape <16,16,128> took 3.289334 (s) in 3 time steps
AutoTuner: Block shape <16,16,256> took 3.887074 (s) in 3 time steps
AutoTuner: Block shape <16,16,512> took 4.489773 (s) in 3 time steps
AutoTuner: Block shape <16,16,772> took 5.149529 (s) in 3 time steps
AutoTuner: Block shape <24,24,8> took 3.634733 (s) in 3 time steps
AutoTuner: Block shape <24,24,16> took 3.343246 (s) in 3 time steps
AutoTuner: Block shape <24,24,32> took 3.182611 (s) in 3 time steps
AutoTuner: Block shape <24,24,40> took 3.186299 (s) in 3 time steps
AutoTuner: Block shape <24,24,64> took 3.219172 (s) in 3 time steps
AutoTuner: Block shape <24,24,128> took 3.454625 (s) in 3 time steps
AutoTuner: Block shape <24,24,256> took 4.257797 (s) in 3 time steps
AutoTuner: Block shape <24,24,512> took 4.665266 (s) in 3 time steps
AutoTuner: Block shape <24,24,772> took 5.047012 (s) in 3 time steps
AutoTuner: Block shape <32,32,8> took 3.707117 (s) in 3 time steps
AutoTuner: Block shape <32,32,16> took 3.332167 (s) in 3 time steps
AutoTuner: Block shape <32,32,24> took 3.274747 (s) in 3 time steps
AutoTuner: Block shape <32,32,40> took 3.248958 (s) in 3 time steps
AutoTuner: Block shape <32,32,64> took 3.283997 (s) in 3 time steps
AutoTuner: Block shape <32,32,128> took 3.746714 (s) in 3 time steps
AutoTuner: Block shape <32,32,256> took 4.433736 (s) in 3 time steps
AutoTuner: Block shape <32,32,512> took 4.795032 (s) in 3 time steps
AutoTuner: Block shape <32,32,772> took 5.124994 (s) in 3 time steps
AutoTuner: Block shape <16,8,8> took 3.596215 (s) in 3 time steps
AutoTuner: Block shape <8,16,8> took 3.540580 (s) in 3 time steps
AutoTuner: Block shape <16,8,16> took 3.383396 (s) in 3 time steps
AutoTuner: Block shape <8,16,16> took 3.344338 (s) in 3 time steps
AutoTuner: Block shape <32,16,16> took 3.376288 (s) in 3 time steps
AutoTuner: Block shape <16,32,16> took 3.334670 (s) in 3 time steps
AutoTuner: Block shape <32,16,32> took 3.186900 (s) in 3 time steps
AutoTuner: Block shape <16,32,32> took 3.255295 (s) in 3 time steps
AutoTuner: Block shape <48,24,24> took 3.203810 (s) in 3 time steps
AutoTuner: Block shape <24,48,24> took 3.380009 (s) in 3 time steps
AutoTuner: Block shape <24,24,48> took 3.177489 (s) in 3 time steps
AutoTuner: Block shape <48,48,24> took 3.359883 (s) in 3 time steps
AutoTuner: Block shape <48,24,48> took 3.157048 (s) in 3 time steps
AutoTuner: Block shape <24,48,48> took 3.403492 (s) in 3 time steps
AutoTuner: Block shape <48,48,48> took 3.383858 (s) in 3 time steps
AutoTuner: Block shape <64,32,32> took 3.224871 (s) in 3 time steps
AutoTuner: Block shape <32,64,32> took 3.462181 (s) in 3 time steps
AutoTuner: Block shape <64,64,32> took 3.460481 (s) in 3 time steps
AutoTuner: Block shape <64,32,64> took 3.267392 (s) in 3 time steps
AutoTuner: Block shape <32,64,64> took 3.908587 (s) in 3 time steps
AutoTuner: Block shape <80,40,40> took 3.310885 (s) in 3 time steps
AutoTuner: Block shape <40,80,40> took 3.848046 (s) in 3 time steps
AutoTuner: Block shape <40,40,80> took 3.571948 (s) in 3 time steps
AutoTuner: Block shape <80,80,40> took 3.917447 (s) in 3 time steps
AutoTuner: Block shape <80,40,80> took 3.626609 (s) in 3 time steps
AutoTuner: Block shape <40,80,80> took 4.239543 (s) in 3 time steps
AutoTuner: Block shape <80,80,80> took 4.483094 (s) in 3 time steps
AutoTuner: Block shape <128,64,64> took 3.912431 (s) in 3 time steps
AutoTuner: Block shape <64,128,64> took 4.350073 (s) in 3 time steps
AutoTuner: Block shape <64,64,128> took 4.201925 (s) in 3 time steps
AutoTuner: Block shape <128,128,64> took 4.347490 (s) in 3 time steps
AutoTuner: Block shape <128,64,128> took 4.207154 (s) in 3 time steps
AutoTuner: Block shape <64,128,128> took 4.322789 (s) in 3 time steps
AutoTuner: Block shape <256,128,128> took 4.701321 (s) in 3 time steps
AutoTuner: Block shape <128,256,128> took 4.821065 (s) in 3 time steps
AutoTuner: Block shape <128,128,256> took 4.903640 (s) in 3 time steps
AutoTuner: Block shape <256,256,128> took 5.230972 (s) in 3 time steps
AutoTuner: Block shape <256,128,256> took 5.302784 (s) in 3 time steps
AutoTuner: Block shape <128,256,256> took 5.389667 (s) in 3 time steps
AutoTuner: Block shape <512,256,256> took 10.769354 (s) in 3 time steps
AutoTuner: Block shape <256,512,256> took 11.008752 (s) in 3 time steps
AutoTuner: Block shape <256,256,512> took 10.666727 (s) in 3 time steps
AutoTuner: Block shape <512,512,256> took 29.467852 (s) in 3 time steps
AutoTuner: Block shape <512,256,512> took 28.326447 (s) in 3 time steps
AutoTuner: Block shape <256,512,512> took 29.071961 (s) in 3 time steps
Auto-tuned block shape: {'x0_block_size': 48, 'y0_block_size': 24, 'z0_block_size': 48}
=========================================================================================
Section section_0<780,780,780> with OI=0.34 computed in 0.281 s [11.81 GFlops/s]
Section section_2<415,1> with OI=0.64 computed in 0.000 s [0.11 GFlops/s]
Section section_3<415,101> with OI=1.27 computed in 0.004 s [1.01 GFlops/s]
Section main<415,772,772,772> with OI=45.11 computed in 1182.563 s [342.47 GFlops/s, 0.16 GPts/s]
=========================================================================================
Allocating memory for m ((788, 788, 788))
Allocating memory for damp ((788, 788, 788))
Allocating memory for epsilon ((788, 788, 788))
Allocating memory for delta ((788, 788, 788))
Allocating memory for theta ((788, 788, 788))
Allocating memory for phi ((788, 788, 788))
Allocating memory for src ((417, 1))
Allocating memory for src_coords ((1, 3))
Allocating memory for nrec_coords ((101, 3))
Allocating memory for rec_coords ((101, 3))
DSE: extract_time_invariants [flops: 5483, elapsed: 0.45] >>
     eliminate_inter_stencil_redundancies [flops: 5315, elapsed: 0.72] >>
     eliminate_intra_stencil_redundancies [flops: 2611, elapsed: 0.90] >>
     factorize [flops: 2119, elapsed: 3.18] >>
     finalize [flops: 2121, elapsed: 0.05]
     [Total elapsed: 5.30 s]
DLE: avoid_denormals [elapsed: 0.00] >>
     loop_fission [elapsed: 0.03] >>
     loop_blocking [elapsed: 0.26] >>
     simdize [elapsed: 0.17] >>
     ompize [elapsed: 0.07] >>
     create_elemental_functions [elapsed: 0.45] >>
     minimize_remainders [elapsed: 0.03]
     [Total elapsed: 1.01 s]
Allocating memory for rec ((417, 101))
Allocating memory for u ((3, 788, 788, 788))
Allocating memory for v ((3, 788, 788, 788))
IntelCompiler: compiled /tmp/devito-9wyotn1m/2d3a0b46ca3d2e22c51e1de8c4f4a04a6d591a3d.c [538.73 s]
AutoTuner: Block shape <8,8,8> took 3.654119 (s) in 3 time steps
AutoTuner: Block shape <16,16,16> took 3.318087 (s) in 3 time steps
AutoTuner: Block shape <24,24,24> took 3.211070 (s) in 3 time steps
AutoTuner: Block shape <32,32,32> took 3.222864 (s) in 3 time steps
AutoTuner: Block shape <40,40,40> took 3.301254 (s) in 3 time steps
AutoTuner: Block shape <64,64,64> took 3.921590 (s) in 3 time steps
AutoTuner: Block shape <128,128,128> took 4.463066 (s) in 3 time steps
AutoTuner: Block shape <256,256,256> took 5.741125 (s) in 3 time steps
AutoTuner: Block shape <512,512,512> took 73.517024 (s) in 3 time steps
AutoTuner: Block shape <772,772,772> took 88.540176 (s) in 3 time steps
AutoTuner: Block shape <8,8,16> took 3.401526 (s) in 3 time steps
AutoTuner: Block shape <8,8,24> took 3.330717 (s) in 3 time steps
AutoTuner: Block shape <8,8,32> took 3.306964 (s) in 3 time steps
AutoTuner: Block shape <8,8,40> took 3.294991 (s) in 3 time steps
AutoTuner: Block shape <8,8,64> took 3.273896 (s) in 3 time steps
AutoTuner: Block shape <8,8,128> took 3.320635 (s) in 3 time steps
AutoTuner: Block shape <8,8,256> took 3.546902 (s) in 3 time steps
AutoTuner: Block shape <8,8,512> took 4.156978 (s) in 3 time steps
AutoTuner: Block shape <8,8,772> took 5.050910 (s) in 3 time steps
AutoTuner: Block shape <16,16,8> took 3.517231 (s) in 3 time steps
AutoTuner: Block shape <16,16,24> took 3.245747 (s) in 3 time steps
AutoTuner: Block shape <16,16,32> took 3.201787 (s) in 3 time steps
AutoTuner: Block shape <16,16,40> took 3.158388 (s) in 3 time steps
AutoTuner: Block shape <16,16,64> took 3.176824 (s) in 3 time steps
AutoTuner: Block shape <16,16,128> took 3.288992 (s) in 3 time steps
AutoTuner: Block shape <16,16,256> took 3.894396 (s) in 3 time steps
AutoTuner: Block shape <16,16,512> took 4.499662 (s) in 3 time steps
AutoTuner: Block shape <16,16,772> took 5.163005 (s) in 3 time steps
AutoTuner: Block shape <24,24,8> took 3.628696 (s) in 3 time steps
AutoTuner: Block shape <24,24,16> took 3.334872 (s) in 3 time steps
AutoTuner: Block shape <24,24,32> took 3.177107 (s) in 3 time steps
AutoTuner: Block shape <24,24,40> took 3.186305 (s) in 3 time steps
AutoTuner: Block shape <24,24,64> took 3.213992 (s) in 3 time steps
AutoTuner: Block shape <24,24,128> took 3.463706 (s) in 3 time steps
AutoTuner: Block shape <24,24,256> took 4.249934 (s) in 3 time steps
AutoTuner: Block shape <24,24,512> took 4.678396 (s) in 3 time steps
AutoTuner: Block shape <24,24,772> took 5.049353 (s) in 3 time steps
AutoTuner: Block shape <32,32,8> took 3.701826 (s) in 3 time steps
AutoTuner: Block shape <32,32,16> took 3.333422 (s) in 3 time steps
AutoTuner: Block shape <32,32,24> took 3.272591 (s) in 3 time steps
AutoTuner: Block shape <32,32,40> took 3.256733 (s) in 3 time steps
AutoTuner: Block shape <32,32,64> took 3.278061 (s) in 3 time steps
AutoTuner: Block shape <32,32,128> took 3.751080 (s) in 3 time steps
AutoTuner: Block shape <32,32,256> took 4.456649 (s) in 3 time steps
AutoTuner: Block shape <32,32,512> took 4.815203 (s) in 3 time steps
AutoTuner: Block shape <32,32,772> took 5.117529 (s) in 3 time steps
AutoTuner: Block shape <16,8,8> took 3.592324 (s) in 3 time steps
AutoTuner: Block shape <8,16,8> took 3.538043 (s) in 3 time steps
AutoTuner: Block shape <16,8,16> took 3.377645 (s) in 3 time steps
AutoTuner: Block shape <8,16,16> took 3.343391 (s) in 3 time steps
AutoTuner: Block shape <32,16,16> took 3.371941 (s) in 3 time steps
AutoTuner: Block shape <16,32,16> took 3.333770 (s) in 3 time steps
AutoTuner: Block shape <32,16,32> took 3.181431 (s) in 3 time steps
AutoTuner: Block shape <16,32,32> took 3.252877 (s) in 3 time steps
AutoTuner: Block shape <48,24,24> took 3.210730 (s) in 3 time steps
AutoTuner: Block shape <24,48,24> took 3.377901 (s) in 3 time steps
AutoTuner: Block shape <24,24,48> took 3.174834 (s) in 3 time steps
AutoTuner: Block shape <48,48,24> took 3.352665 (s) in 3 time steps
AutoTuner: Block shape <48,24,48> took 3.154784 (s) in 3 time steps
AutoTuner: Block shape <24,48,48> took 3.396737 (s) in 3 time steps
AutoTuner: Block shape <48,48,48> took 3.388817 (s) in 3 time steps
AutoTuner: Block shape <64,32,32> took 3.225387 (s) in 3 time steps
AutoTuner: Block shape <32,64,32> took 3.469519 (s) in 3 time steps
AutoTuner: Block shape <64,64,32> took 3.466284 (s) in 3 time steps
AutoTuner: Block shape <64,32,64> took 3.269023 (s) in 3 time steps
AutoTuner: Block shape <32,64,64> took 3.916365 (s) in 3 time steps
AutoTuner: Block shape <80,40,40> took 3.309537 (s) in 3 time steps
AutoTuner: Block shape <40,80,40> took 3.849214 (s) in 3 time steps
AutoTuner: Block shape <40,40,80> took 3.565929 (s) in 3 time steps
AutoTuner: Block shape <80,80,40> took 3.923479 (s) in 3 time steps
AutoTuner: Block shape <80,40,80> took 3.620990 (s) in 3 time steps
AutoTuner: Block shape <40,80,80> took 4.241908 (s) in 3 time steps
AutoTuner: Block shape <80,80,80> took 4.477461 (s) in 3 time steps
AutoTuner: Block shape <128,64,64> took 3.920992 (s) in 3 time steps
AutoTuner: Block shape <64,128,64> took 4.349519 (s) in 3 time steps
AutoTuner: Block shape <64,64,128> took 4.202605 (s) in 3 time steps
AutoTuner: Block shape <128,128,64> took 4.352489 (s) in 3 time steps
AutoTuner: Block shape <128,64,128> took 4.207896 (s) in 3 time steps
AutoTuner: Block shape <64,128,128> took 4.324643 (s) in 3 time steps
AutoTuner: Block shape <256,128,128> took 4.722063 (s) in 3 time steps
AutoTuner: Block shape <128,256,128> took 4.820207 (s) in 3 time steps
AutoTuner: Block shape <128,128,256> took 4.834977 (s) in 3 time steps
AutoTuner: Block shape <256,256,128> took 5.232941 (s) in 3 time steps
AutoTuner: Block shape <256,128,256> took 5.318954 (s) in 3 time steps
AutoTuner: Block shape <128,256,256> took 5.269551 (s) in 3 time steps
AutoTuner: Block shape <512,256,256> took 10.764771 (s) in 3 time steps
AutoTuner: Block shape <256,512,256> took 10.992390 (s) in 3 time steps
AutoTuner: Block shape <256,256,512> took 10.643613 (s) in 3 time steps
AutoTuner: Block shape <512,512,256> took 29.379147 (s) in 3 time steps
AutoTuner: Block shape <512,256,512> took 28.235750 (s) in 3 time steps
AutoTuner: Block shape <256,512,512> took 28.977963 (s) in 3 time steps
Auto-tuned block shape: {'x0_block_size': 48, 'y0_block_size': 24, 'z0_block_size': 48}
=========================================================================================
Section section_0<780,780,780> with OI=0.34 computed in 0.279 s [11.91 GFlops/s]
Section section_2<415,1> with OI=0.64 computed in 0.000 s [0.12 GFlops/s]
Section section_3<415,101> with OI=1.27 computed in 0.004 s [1.05 GFlops/s]
Section main<415,772,772,772> with OI=45.11 computed in 1180.506 s [343.06 GFlops/s, 0.16 GPts/s]
=========================================================================================
Allocating memory for m ((788, 788, 788))
Allocating memory for damp ((788, 788, 788))
Allocating memory for epsilon ((788, 788, 788))
Allocating memory for delta ((788, 788, 788))
Allocating memory for theta ((788, 788, 788))
Allocating memory for phi ((788, 788, 788))
Allocating memory for src ((417, 1))
Allocating memory for src_coords ((1, 3))
Allocating memory for nrec_coords ((101, 3))
Allocating memory for rec_coords ((101, 3))
DSE: extract_time_invariants [flops: 5483, elapsed: 0.45] >>
     eliminate_inter_stencil_redundancies [flops: 5315, elapsed: 0.72] >>
     eliminate_intra_stencil_redundancies [flops: 2611, elapsed: 0.90] >>
     factorize [flops: 2119, elapsed: 3.18] >>
     finalize [flops: 2121, elapsed: 0.05]
     [Total elapsed: 5.30 s]
DLE: avoid_denormals [elapsed: 0.00] >>
     loop_fission [elapsed: 0.03] >>
     loop_blocking [elapsed: 0.26] >>
     simdize [elapsed: 0.18] >>
     ompize [elapsed: 0.07] >>
     create_elemental_functions [elapsed: 0.45] >>
     minimize_remainders [elapsed: 0.03]
     [Total elapsed: 1.01 s]
Allocating memory for rec ((417, 101))
Allocating memory for u ((3, 788, 788, 788))
Allocating memory for v ((3, 788, 788, 788))
IntelCompiler: compiled /tmp/devito-9wyotn1m/2d3a0b46ca3d2e22c51e1de8c4f4a04a6d591a3d.c [503.73 s]
AutoTuner: Block shape <8,8,8> took 3.649338 (s) in 3 time steps
AutoTuner: Block shape <16,16,16> took 3.313869 (s) in 3 time steps
AutoTuner: Block shape <24,24,24> took 3.207867 (s) in 3 time steps
AutoTuner: Block shape <32,32,32> took 3.233609 (s) in 3 time steps
AutoTuner: Block shape <40,40,40> took 3.289666 (s) in 3 time steps
AutoTuner: Block shape <64,64,64> took 3.918715 (s) in 3 time steps
AutoTuner: Block shape <128,128,128> took 4.466356 (s) in 3 time steps
AutoTuner: Block shape <256,256,256> took 5.754918 (s) in 3 time steps
AutoTuner: Block shape <512,512,512> took 73.159099 (s) in 3 time steps
AutoTuner: Block shape <772,772,772> took 87.534077 (s) in 3 time steps
AutoTuner: Block shape <8,8,16> took 3.402292 (s) in 3 time steps
AutoTuner: Block shape <8,8,24> took 3.332894 (s) in 3 time steps
AutoTuner: Block shape <8,8,32> took 3.307752 (s) in 3 time steps
AutoTuner: Block shape <8,8,40> took 3.304263 (s) in 3 time steps
AutoTuner: Block shape <8,8,64> took 3.278321 (s) in 3 time steps
AutoTuner: Block shape <8,8,128> took 3.336407 (s) in 3 time steps
AutoTuner: Block shape <8,8,256> took 3.567665 (s) in 3 time steps
AutoTuner: Block shape <8,8,512> took 4.145167 (s) in 3 time steps
AutoTuner: Block shape <8,8,772> took 5.063433 (s) in 3 time steps
AutoTuner: Block shape <16,16,8> took 3.532548 (s) in 3 time steps
AutoTuner: Block shape <16,16,24> took 3.243826 (s) in 3 time steps
AutoTuner: Block shape <16,16,32> took 3.193305 (s) in 3 time steps
AutoTuner: Block shape <16,16,40> took 3.165230 (s) in 3 time steps
AutoTuner: Block shape <16,16,64> took 3.183193 (s) in 3 time steps
AutoTuner: Block shape <16,16,128> took 3.296825 (s) in 3 time steps
AutoTuner: Block shape <16,16,256> took 3.892076 (s) in 3 time steps
AutoTuner: Block shape <16,16,512> took 4.507238 (s) in 3 time steps
AutoTuner: Block shape <16,16,772> took 5.136444 (s) in 3 time steps
AutoTuner: Block shape <24,24,8> took 3.638497 (s) in 3 time steps
AutoTuner: Block shape <24,24,16> took 3.338074 (s) in 3 time steps
AutoTuner: Block shape <24,24,32> took 3.189802 (s) in 3 time steps
AutoTuner: Block shape <24,24,40> took 3.191262 (s) in 3 time steps
AutoTuner: Block shape <24,24,64> took 3.220788 (s) in 3 time steps
AutoTuner: Block shape <24,24,128> took 3.462813 (s) in 3 time steps
AutoTuner: Block shape <24,24,256> took 4.268343 (s) in 3 time steps
AutoTuner: Block shape <24,24,512> took 4.671915 (s) in 3 time steps
AutoTuner: Block shape <24,24,772> took 5.051798 (s) in 3 time steps
AutoTuner: Block shape <32,32,8> took 3.715512 (s) in 3 time steps
AutoTuner: Block shape <32,32,16> took 3.343587 (s) in 3 time steps
AutoTuner: Block shape <32,32,24> took 3.279615 (s) in 3 time steps
AutoTuner: Block shape <32,32,40> took 3.260627 (s) in 3 time steps
AutoTuner: Block shape <32,32,64> took 3.289265 (s) in 3 time steps
AutoTuner: Block shape <32,32,128> took 3.751101 (s) in 3 time steps
AutoTuner: Block shape <32,32,256> took 4.463281 (s) in 3 time steps
AutoTuner: Block shape <32,32,512> took 4.813708 (s) in 3 time steps
AutoTuner: Block shape <32,32,772> took 5.117500 (s) in 3 time steps
AutoTuner: Block shape <16,8,8> took 3.600651 (s) in 3 time steps
AutoTuner: Block shape <8,16,8> took 3.546122 (s) in 3 time steps
AutoTuner: Block shape <16,8,16> took 3.380046 (s) in 3 time steps
AutoTuner: Block shape <8,16,16> took 3.345536 (s) in 3 time steps
AutoTuner: Block shape <32,16,16> took 3.369882 (s) in 3 time steps
AutoTuner: Block shape <16,32,16> took 3.339268 (s) in 3 time steps
AutoTuner: Block shape <32,16,32> took 3.179786 (s) in 3 time steps
AutoTuner: Block shape <16,32,32> took 3.262249 (s) in 3 time steps
AutoTuner: Block shape <48,24,24> took 3.209820 (s) in 3 time steps
AutoTuner: Block shape <24,48,24> took 3.384916 (s) in 3 time steps
AutoTuner: Block shape <24,24,48> took 3.176985 (s) in 3 time steps
AutoTuner: Block shape <48,48,24> took 3.355188 (s) in 3 time steps
AutoTuner: Block shape <48,24,48> took 3.159251 (s) in 3 time steps
AutoTuner: Block shape <24,48,48> took 3.398429 (s) in 3 time steps
AutoTuner: Block shape <48,48,48> took 3.386225 (s) in 3 time steps
AutoTuner: Block shape <64,32,32> took 3.230531 (s) in 3 time steps
AutoTuner: Block shape <32,64,32> took 3.481123 (s) in 3 time steps
AutoTuner: Block shape <64,64,32> took 3.470886 (s) in 3 time steps
AutoTuner: Block shape <64,32,64> took 3.274273 (s) in 3 time steps
AutoTuner: Block shape <32,64,64> took 3.923456 (s) in 3 time steps
AutoTuner: Block shape <80,40,40> took 3.312058 (s) in 3 time steps
AutoTuner: Block shape <40,80,40> took 3.855589 (s) in 3 time steps
AutoTuner: Block shape <40,40,80> took 3.578299 (s) in 3 time steps
AutoTuner: Block shape <80,80,40> took 3.936832 (s) in 3 time steps
AutoTuner: Block shape <80,40,80> took 3.626945 (s) in 3 time steps
AutoTuner: Block shape <40,80,80> took 4.247449 (s) in 3 time steps
AutoTuner: Block shape <80,80,80> took 4.483369 (s) in 3 time steps
AutoTuner: Block shape <128,64,64> took 3.918642 (s) in 3 time steps
AutoTuner: Block shape <64,128,64> took 4.353208 (s) in 3 time steps
AutoTuner: Block shape <64,64,128> took 4.207642 (s) in 3 time steps
AutoTuner: Block shape <128,128,64> took 4.353865 (s) in 3 time steps
AutoTuner: Block shape <128,64,128> took 4.208574 (s) in 3 time steps
AutoTuner: Block shape <64,128,128> took 4.324277 (s) in 3 time steps
AutoTuner: Block shape <256,128,128> took 4.728168 (s) in 3 time steps
AutoTuner: Block shape <128,256,128> took 4.815560 (s) in 3 time steps
AutoTuner: Block shape <128,128,256> took 4.806146 (s) in 3 time steps
AutoTuner: Block shape <256,256,128> took 5.250422 (s) in 3 time steps
AutoTuner: Block shape <256,128,256> took 5.242298 (s) in 3 time steps
AutoTuner: Block shape <128,256,256> took 5.377865 (s) in 3 time steps
AutoTuner: Block shape <512,256,256> took 10.792603 (s) in 3 time steps
AutoTuner: Block shape <256,512,256> took 10.988549 (s) in 3 time steps
AutoTuner: Block shape <256,256,512> took 10.640755 (s) in 3 time steps
AutoTuner: Block shape <512,512,256> took 29.143629 (s) in 3 time steps
AutoTuner: Block shape <512,256,512> took 28.120976 (s) in 3 time steps
AutoTuner: Block shape <256,512,512> took 28.911011 (s) in 3 time steps
Auto-tuned block shape: {'x0_block_size': 48, 'y0_block_size': 24, 'z0_block_size': 48}
=========================================================================================
Section section_0<780,780,780> with OI=0.34 computed in 0.277 s [12.01 GFlops/s]
Section section_2<415,1> with OI=0.64 computed in 0.000 s [0.13 GFlops/s]
Section section_3<415,101> with OI=1.27 computed in 0.004 s [1.05 GFlops/s]
Section main<415,772,772,772> with OI=45.11 computed in 1181.685 s [342.72 GFlops/s, 0.16 GPts/s]
=========================================================================================
Allocating memory for m ((788, 788, 788))
Allocating memory for damp ((788, 788, 788))
Allocating memory for epsilon ((788, 788, 788))
Allocating memory for delta ((788, 788, 788))
Allocating memory for theta ((788, 788, 788))
Allocating memory for phi ((788, 788, 788))
Allocating memory for src ((417, 1))
Allocating memory for src_coords ((1, 3))
Allocating memory for nrec_coords ((101, 3))
Allocating memory for rec_coords ((101, 3))
DSE: extract_time_varying [flops: 3953, elapsed: 0.38] >>
     extract_time_invariants [flops: 3409, elapsed: 0.15] >>
     eliminate_inter_stencil_redundancies [flops: 1243, elapsed: 0.42] >>
     extract_sum_of_products [flops: 901, elapsed: 0.06] >>
     eliminate_inter_stencil_redundancies [flops: 579, elapsed: 0.09] >>
     extract_sum_of_products [flops: 492, elapsed: 0.03] >>
     factorize [flops: 368, elapsed: 0.28] >>
     eliminate_intra_stencil_redundancies [flops: 299, elapsed: 0.06] >>
     finalize [flops: 300, elapsed: 0.01]
     [Total elapsed: 1.49 s]
DLE: avoid_denormals [elapsed: 0.00] >>
     loop_fission [elapsed: 0.01] >>
     loop_blocking [elapsed: 0.43] >>
     simdize [elapsed: 0.05] >>
     ompize [elapsed: 0.04] >>
     create_elemental_functions [elapsed: 0.29] >>
     minimize_remainders [elapsed: 0.02]
     [Total elapsed: 0.83 s]
Allocating memory for rec ((417, 101))
Allocating memory for u ((3, 788, 788, 788))
Allocating memory for v ((3, 788, 788, 788))
IntelCompiler: compiled /tmp/devito-9wyotn1m/c819e5f729991eae33c8979e7b521d6add386faa.c [6.91 s]
AutoTuner: Block shape <8,8,8> took 3.494339 (s) in 3 time steps
AutoTuner: Block shape <16,16,16> took 2.409445 (s) in 3 time steps
AutoTuner: Block shape <24,24,24> took 2.392430 (s) in 3 time steps
AutoTuner: Block shape <32,32,32> took 2.079684 (s) in 3 time steps
AutoTuner: Block shape <40,40,40> took 2.112132 (s) in 3 time steps
AutoTuner: Block shape <8,8,16> took 2.594545 (s) in 3 time steps
AutoTuner: Block shape <8,8,24> took 2.744985 (s) in 3 time steps
AutoTuner: Block shape <8,8,32> took 2.491480 (s) in 3 time steps
AutoTuner: Block shape <8,8,40> took 2.705825 (s) in 3 time steps
AutoTuner: Block shape <8,8,64> took 2.493616 (s) in 3 time steps
AutoTuner: Block shape <8,8,128> took 2.540860 (s) in 3 time steps
AutoTuner: Block shape <8,8,256> took 2.773723 (s) in 3 time steps
AutoTuner: Block shape <8,8,512> took 2.950105 (s) in 3 time steps
AutoTuner: Block shape <8,8,772> took 3.493299 (s) in 3 time steps
AutoTuner: Block shape <16,16,8> took 3.478061 (s) in 3 time steps
AutoTuner: Block shape <16,16,24> took 2.501362 (s) in 3 time steps
AutoTuner: Block shape <16,16,32> took 2.164928 (s) in 3 time steps
AutoTuner: Block shape <16,16,40> took 2.257863 (s) in 3 time steps
AutoTuner: Block shape <16,16,64> took 2.032638 (s) in 3 time steps
AutoTuner: Block shape <16,16,128> took 2.097170 (s) in 3 time steps
AutoTuner: Block shape <16,16,256> took 2.237273 (s) in 3 time steps
AutoTuner: Block shape <24,24,8> took 3.784924 (s) in 3 time steps
AutoTuner: Block shape <24,24,16> took 2.456284 (s) in 3 time steps
AutoTuner: Block shape <24,24,32> took 2.082203 (s) in 3 time steps
AutoTuner: Block shape <24,24,40> took 2.143068 (s) in 3 time steps
AutoTuner: Block shape <24,24,64> took 1.995611 (s) in 3 time steps
AutoTuner: Block shape <24,24,128> took 1.966092 (s) in 3 time steps
AutoTuner: Block shape <32,32,8> took 3.798636 (s) in 3 time steps
AutoTuner: Block shape <32,32,16> took 2.428814 (s) in 3 time steps
AutoTuner: Block shape <32,32,24> took 2.353277 (s) in 3 time steps
AutoTuner: Block shape <32,32,40> took 2.144258 (s) in 3 time steps
AutoTuner: Block shape <32,32,64> took 1.942264 (s) in 3 time steps
AutoTuner: Block shape <32,32,128> took 2.021860 (s) in 3 time steps
AutoTuner: Block shape <16,8,8> took 3.267271 (s) in 3 time steps
AutoTuner: Block shape <8,16,8> took 3.249265 (s) in 3 time steps
AutoTuner: Block shape <16,8,16> took 2.445140 (s) in 3 time steps
AutoTuner: Block shape <8,16,16> took 2.431562 (s) in 3 time steps
AutoTuner: Block shape <32,16,16> took 2.513331 (s) in 3 time steps
AutoTuner: Block shape <16,32,16> took 2.504721 (s) in 3 time steps
AutoTuner: Block shape <32,16,32> took 2.120937 (s) in 3 time steps
AutoTuner: Block shape <16,32,32> took 2.162660 (s) in 3 time steps
AutoTuner: Block shape <48,24,24> took 2.341140 (s) in 3 time steps
AutoTuner: Block shape <24,48,24> took 2.483367 (s) in 3 time steps
AutoTuner: Block shape <24,24,48> took 1.996517 (s) in 3 time steps
AutoTuner: Block shape <48,48,24> took 2.368363 (s) in 3 time steps
AutoTuner: Block shape <48,24,48> took 1.948629 (s) in 3 time steps
AutoTuner: Block shape <24,48,48> took 2.073352 (s) in 3 time steps
AutoTuner: Block shape <48,48,48> took 1.967926 (s) in 3 time steps
AutoTuner: Block shape <64,32,32> took 2.037184 (s) in 3 time steps
AutoTuner: Block shape <32,64,32> took 2.165602 (s) in 3 time steps
AutoTuner: Block shape <64,64,32> took 2.078238 (s) in 3 time steps
AutoTuner: Block shape <64,32,64> took 1.867947 (s) in 3 time steps
AutoTuner: Block shape <32,64,64> took 2.188868 (s) in 3 time steps
AutoTuner: Block shape <40,40,80> took 1.922608 (s) in 3 time steps
Auto-tuned block shape: {'x0_block_size': 64, 'y0_block_size': 32, 'z0_block_size': 64}
=========================================================================================
Section section_0<780,780,780> with OI=0.16 computed in 0.322 s [5.90 GFlops/s]
Section section_3<415,1> with OI=0.64 computed in 0.000 s [0.13 GFlops/s]
Section section_4<415,101> with OI=1.27 computed in 0.004 s [1.03 GFlops/s]
Section main<415,780,780,780> with OI=4.52 computed in 619.597 s [95.36 GFlops/s, 0.32 GPts/s]
=========================================================================================
Allocating memory for m ((788, 788, 788))
Allocating memory for damp ((788, 788, 788))
Allocating memory for epsilon ((788, 788, 788))
Allocating memory for delta ((788, 788, 788))
Allocating memory for theta ((788, 788, 788))
Allocating memory for phi ((788, 788, 788))
Allocating memory for src ((417, 1))
Allocating memory for src_coords ((1, 3))
Allocating memory for nrec_coords ((101, 3))
Allocating memory for rec_coords ((101, 3))
DSE: extract_time_varying [flops: 3953, elapsed: 0.37] >>
     extract_time_invariants [flops: 3409, elapsed: 0.15] >>
     eliminate_inter_stencil_redundancies [flops: 1243, elapsed: 0.42] >>
     extract_sum_of_products [flops: 901, elapsed: 0.06] >>
     eliminate_inter_stencil_redundancies [flops: 579, elapsed: 0.09] >>
     extract_sum_of_products [flops: 492, elapsed: 0.03] >>
     factorize [flops: 368, elapsed: 0.28] >>
     eliminate_intra_stencil_redundancies [flops: 299, elapsed: 0.06] >>
     finalize [flops: 300, elapsed: 0.01]
     [Total elapsed: 1.48 s]
DLE: avoid_denormals [elapsed: 0.00] >>
     loop_fission [elapsed: 0.01] >>
     loop_blocking [elapsed: 0.43] >>
     simdize [elapsed: 0.05] >>
     ompize [elapsed: 0.04] >>
     create_elemental_functions [elapsed: 0.29] >>
     minimize_remainders [elapsed: 0.02]
     [Total elapsed: 0.83 s]
Allocating memory for rec ((417, 101))
Allocating memory for u ((3, 788, 788, 788))
Allocating memory for v ((3, 788, 788, 788))
IntelCompiler: compiled /tmp/devito-9wyotn1m/e06cef8e18e60847727813b0812e1d8168402cde.c [6.91 s]
AutoTuner: Block shape <8,8,8> took 3.497920 (s) in 3 time steps
AutoTuner: Block shape <16,16,16> took 2.413164 (s) in 3 time steps
AutoTuner: Block shape <24,24,24> took 2.395062 (s) in 3 time steps
AutoTuner: Block shape <32,32,32> took 2.080302 (s) in 3 time steps
AutoTuner: Block shape <40,40,40> took 2.110773 (s) in 3 time steps
AutoTuner: Block shape <8,8,16> took 2.597844 (s) in 3 time steps
AutoTuner: Block shape <8,8,24> took 2.747153 (s) in 3 time steps
AutoTuner: Block shape <8,8,32> took 2.495185 (s) in 3 time steps
AutoTuner: Block shape <8,8,40> took 2.704712 (s) in 3 time steps
AutoTuner: Block shape <8,8,64> took 2.488305 (s) in 3 time steps
AutoTuner: Block shape <8,8,128> took 2.546094 (s) in 3 time steps
AutoTuner: Block shape <8,8,256> took 2.772703 (s) in 3 time steps
AutoTuner: Block shape <8,8,512> took 2.953414 (s) in 3 time steps
AutoTuner: Block shape <8,8,772> took 3.496100 (s) in 3 time steps
AutoTuner: Block shape <16,16,8> took 3.485799 (s) in 3 time steps
AutoTuner: Block shape <16,16,24> took 2.499357 (s) in 3 time steps
AutoTuner: Block shape <16,16,32> took 2.164104 (s) in 3 time steps
AutoTuner: Block shape <16,16,40> took 2.258621 (s) in 3 time steps
AutoTuner: Block shape <16,16,64> took 2.033135 (s) in 3 time steps
AutoTuner: Block shape <16,16,128> took 2.094847 (s) in 3 time steps
AutoTuner: Block shape <16,16,256> took 2.234952 (s) in 3 time steps
AutoTuner: Block shape <24,24,8> took 3.781892 (s) in 3 time steps
AutoTuner: Block shape <24,24,16> took 2.458322 (s) in 3 time steps
AutoTuner: Block shape <24,24,32> took 2.084245 (s) in 3 time steps
AutoTuner: Block shape <24,24,40> took 2.138590 (s) in 3 time steps
AutoTuner: Block shape <24,24,64> took 1.986560 (s) in 3 time steps
AutoTuner: Block shape <24,24,128> took 1.963160 (s) in 3 time steps
AutoTuner: Block shape <32,32,8> took 3.800619 (s) in 3 time steps
AutoTuner: Block shape <32,32,16> took 2.428753 (s) in 3 time steps
AutoTuner: Block shape <32,32,24> took 2.352375 (s) in 3 time steps
AutoTuner: Block shape <32,32,40> took 2.145792 (s) in 3 time steps
AutoTuner: Block shape <32,32,64> took 1.939021 (s) in 3 time steps
AutoTuner: Block shape <32,32,128> took 2.019684 (s) in 3 time steps
AutoTuner: Block shape <16,8,8> took 3.261771 (s) in 3 time steps
AutoTuner: Block shape <8,16,8> took 3.255358 (s) in 3 time steps
AutoTuner: Block shape <16,8,16> took 2.446594 (s) in 3 time steps
AutoTuner: Block shape <8,16,16> took 2.432899 (s) in 3 time steps
AutoTuner: Block shape <32,16,16> took 2.511054 (s) in 3 time steps
AutoTuner: Block shape <16,32,16> took 2.504459 (s) in 3 time steps
AutoTuner: Block shape <32,16,32> took 2.119415 (s) in 3 time steps
AutoTuner: Block shape <16,32,32> took 2.160853 (s) in 3 time steps
AutoTuner: Block shape <48,24,24> took 2.342267 (s) in 3 time steps
AutoTuner: Block shape <24,48,24> took 2.486338 (s) in 3 time steps
AutoTuner: Block shape <24,24,48> took 1.993918 (s) in 3 time steps
AutoTuner: Block shape <48,48,24> took 2.365125 (s) in 3 time steps
AutoTuner: Block shape <48,24,48> took 1.948483 (s) in 3 time steps
AutoTuner: Block shape <24,48,48> took 2.076156 (s) in 3 time steps
AutoTuner: Block shape <48,48,48> took 1.968611 (s) in 3 time steps
AutoTuner: Block shape <64,32,32> took 2.037909 (s) in 3 time steps
AutoTuner: Block shape <32,64,32> took 2.165260 (s) in 3 time steps
AutoTuner: Block shape <64,64,32> took 2.078422 (s) in 3 time steps
AutoTuner: Block shape <64,32,64> took 1.864614 (s) in 3 time steps
AutoTuner: Block shape <32,64,64> took 2.191681 (s) in 3 time steps
AutoTuner: Block shape <40,40,80> took 1.924134 (s) in 3 time steps
Auto-tuned block shape: {'x0_block_size': 64, 'y0_block_size': 32, 'z0_block_size': 64}
=========================================================================================
Section section_0<780,780,780> with OI=0.16 computed in 0.321 s [5.91 GFlops/s]
Section section_3<415,1> with OI=0.64 computed in 0.000 s [0.13 GFlops/s]
Section section_4<415,101> with OI=1.27 computed in 0.004 s [1.04 GFlops/s]
Section main<415,780,780,780> with OI=4.52 computed in 618.421 s [95.54 GFlops/s, 0.32 GPts/s]
=========================================================================================
Allocating memory for m ((788, 788, 788))
Allocating memory for damp ((788, 788, 788))
Allocating memory for epsilon ((788, 788, 788))
Allocating memory for delta ((788, 788, 788))
Allocating memory for theta ((788, 788, 788))
Allocating memory for phi ((788, 788, 788))
Allocating memory for src ((417, 1))
Allocating memory for src_coords ((1, 3))
Allocating memory for nrec_coords ((101, 3))
Allocating memory for rec_coords ((101, 3))
DSE: extract_time_varying [flops: 3953, elapsed: 0.37] >>
     extract_time_invariants [flops: 3409, elapsed: 0.15] >>
     eliminate_inter_stencil_redundancies [flops: 1243, elapsed: 0.42] >>
     extract_sum_of_products [flops: 901, elapsed: 0.06] >>
     eliminate_inter_stencil_redundancies [flops: 579, elapsed: 0.09] >>
     extract_sum_of_products [flops: 492, elapsed: 0.03] >>
     factorize [flops: 368, elapsed: 0.28] >>
     eliminate_intra_stencil_redundancies [flops: 299, elapsed: 0.06] >>
     finalize [flops: 300, elapsed: 0.01]
     [Total elapsed: 1.49 s]
DLE: avoid_denormals [elapsed: 0.00] >>
     loop_fission [elapsed: 0.01] >>
     loop_blocking [elapsed: 0.43] >>
     simdize [elapsed: 0.05] >>
     ompize [elapsed: 0.04] >>
     create_elemental_functions [elapsed: 0.29] >>
     minimize_remainders [elapsed: 0.02]
     [Total elapsed: 0.83 s]
Allocating memory for rec ((417, 101))
Allocating memory for u ((3, 788, 788, 788))
Allocating memory for v ((3, 788, 788, 788))
IntelCompiler: compiled /tmp/devito-9wyotn1m/bad782043a968d077e3ab3931865f51c5da5e613.c [6.91 s]
AutoTuner: Block shape <8,8,8> took 3.486026 (s) in 3 time steps
AutoTuner: Block shape <16,16,16> took 2.411924 (s) in 3 time steps
AutoTuner: Block shape <24,24,24> took 2.391844 (s) in 3 time steps
AutoTuner: Block shape <32,32,32> took 2.079916 (s) in 3 time steps
AutoTuner: Block shape <40,40,40> took 2.112663 (s) in 3 time steps
AutoTuner: Block shape <8,8,16> took 2.592936 (s) in 3 time steps
AutoTuner: Block shape <8,8,24> took 2.752853 (s) in 3 time steps
AutoTuner: Block shape <8,8,32> took 2.484638 (s) in 3 time steps
AutoTuner: Block shape <8,8,40> took 2.697149 (s) in 3 time steps
AutoTuner: Block shape <8,8,64> took 2.489005 (s) in 3 time steps
AutoTuner: Block shape <8,8,128> took 2.550348 (s) in 3 time steps
AutoTuner: Block shape <8,8,256> took 2.763684 (s) in 3 time steps
AutoTuner: Block shape <8,8,512> took 2.952041 (s) in 3 time steps
AutoTuner: Block shape <8,8,772> took 3.492437 (s) in 3 time steps
AutoTuner: Block shape <16,16,8> took 3.477574 (s) in 3 time steps
AutoTuner: Block shape <16,16,24> took 2.501961 (s) in 3 time steps
AutoTuner: Block shape <16,16,32> took 2.165285 (s) in 3 time steps
AutoTuner: Block shape <16,16,40> took 2.258426 (s) in 3 time steps
AutoTuner: Block shape <16,16,64> took 2.033431 (s) in 3 time steps
AutoTuner: Block shape <16,16,128> took 2.097090 (s) in 3 time steps
AutoTuner: Block shape <16,16,256> took 2.233843 (s) in 3 time steps
AutoTuner: Block shape <24,24,8> took 3.778708 (s) in 3 time steps
AutoTuner: Block shape <24,24,16> took 2.454564 (s) in 3 time steps
AutoTuner: Block shape <24,24,32> took 2.081486 (s) in 3 time steps
AutoTuner: Block shape <24,24,40> took 2.142304 (s) in 3 time steps
AutoTuner: Block shape <24,24,64> took 1.991498 (s) in 3 time steps
AutoTuner: Block shape <24,24,128> took 1.962997 (s) in 3 time steps
AutoTuner: Block shape <32,32,8> took 3.798145 (s) in 3 time steps
AutoTuner: Block shape <32,32,16> took 2.427646 (s) in 3 time steps
AutoTuner: Block shape <32,32,24> took 2.353085 (s) in 3 time steps
AutoTuner: Block shape <32,32,40> took 2.149540 (s) in 3 time steps
AutoTuner: Block shape <32,32,64> took 1.942424 (s) in 3 time steps
AutoTuner: Block shape <32,32,128> took 2.017145 (s) in 3 time steps
AutoTuner: Block shape <16,8,8> took 3.253478 (s) in 3 time steps
AutoTuner: Block shape <8,16,8> took 3.245047 (s) in 3 time steps
AutoTuner: Block shape <16,8,16> took 2.445791 (s) in 3 time steps
AutoTuner: Block shape <8,16,16> took 2.429512 (s) in 3 time steps
AutoTuner: Block shape <32,16,16> took 2.510048 (s) in 3 time steps
AutoTuner: Block shape <16,32,16> took 2.501054 (s) in 3 time steps
AutoTuner: Block shape <32,16,32> took 2.117792 (s) in 3 time steps
AutoTuner: Block shape <16,32,32> took 2.159992 (s) in 3 time steps
AutoTuner: Block shape <48,24,24> took 2.339896 (s) in 3 time steps
AutoTuner: Block shape <24,48,24> took 2.483426 (s) in 3 time steps
AutoTuner: Block shape <24,24,48> took 2.000157 (s) in 3 time steps
AutoTuner: Block shape <48,48,24> took 2.360963 (s) in 3 time steps
AutoTuner: Block shape <48,24,48> took 1.948526 (s) in 3 time steps
AutoTuner: Block shape <24,48,48> took 2.072899 (s) in 3 time steps
AutoTuner: Block shape <48,48,48> took 1.968813 (s) in 3 time steps
AutoTuner: Block shape <64,32,32> took 2.040520 (s) in 3 time steps
AutoTuner: Block shape <32,64,32> took 2.166155 (s) in 3 time steps
AutoTuner: Block shape <64,64,32> took 2.077518 (s) in 3 time steps
AutoTuner: Block shape <64,32,64> took 1.864750 (s) in 3 time steps
AutoTuner: Block shape <32,64,64> took 2.185089 (s) in 3 time steps
AutoTuner: Block shape <40,40,80> took 1.923387 (s) in 3 time steps
Auto-tuned block shape: {'x0_block_size': 64, 'y0_block_size': 32, 'z0_block_size': 64}
=========================================================================================
Section section_0<780,780,780> with OI=0.16 computed in 0.322 s [5.89 GFlops/s]
Section section_3<415,1> with OI=0.64 computed in 0.000 s [0.13 GFlops/s]
Section section_4<415,101> with OI=1.27 computed in 0.004 s [1.01 GFlops/s]
Section main<415,780,780,780> with OI=4.52 computed in 619.876 s [95.31 GFlops/s, 0.32 GPts/s]
=========================================================================================


OpesciBench: Running 3 repeats - parameters: arch: unknown, autotune: True, dle: advanced, dse: basic, nbpml: 10, shape: (768, 768, 768), space_order: 16, spacing: (20.0, 20.0, 20.0), time_order: 2, tn: 1000
OpesciBench [05:15:06]: --- Run 0 ---
icc -O3 -g -fPIC -Wall -std=c99 -xhost -shared -qopenmp /tmp/devito-9wyotn1m/3fd64013e5691d1cd9ca08fe7c65c27f84bdcf2f.c -o /tmp/devito-9wyotn1m/3fd64013e5691d1cd9ca08fe7c65c27f84bdcf2f.so
OpesciBench [06:16:46]: --- Run 0 finished ---

OpesciBench [06:16:46]: --- Run 1 ---
icc -O3 -g -fPIC -Wall -std=c99 -xhost -shared -qopenmp /tmp/devito-9wyotn1m/3fd64013e5691d1cd9ca08fe7c65c27f84bdcf2f.c -o /tmp/devito-9wyotn1m/3fd64013e5691d1cd9ca08fe7c65c27f84bdcf2f.so
OpesciBench [07:18:38]: --- Run 1 finished ---

OpesciBench [07:18:38]: --- Run 2 ---
icc -O3 -g -fPIC -Wall -std=c99 -xhost -shared -qopenmp /tmp/devito-9wyotn1m/3fd64013e5691d1cd9ca08fe7c65c27f84bdcf2f.c -o /tmp/devito-9wyotn1m/3fd64013e5691d1cd9ca08fe7c65c27f84bdcf2f.so
OpesciBench [08:20:00]: --- Run 2 finished ---





OpesciBench: Running 3 repeats - parameters: arch: unknown, autotune: True, dle: advanced, dse: advanced, nbpml: 10, shape: (768, 768, 768), space_order: 16, spacing: (20.0, 20.0, 20.0), time_order: 2, tn: 1000
OpesciBench [08:20:00]: --- Run 0 ---
icc -O3 -g -fPIC -Wall -std=c99 -xhost -shared -qopenmp /tmp/devito-9wyotn1m/2d3a0b46ca3d2e22c51e1de8c4f4a04a6d591a3d.c -o /tmp/devito-9wyotn1m/2d3a0b46ca3d2e22c51e1de8c4f4a04a6d591a3d.so
OpesciBench [08:59:22]: --- Run 0 finished ---

OpesciBench [08:59:22]: --- Run 1 ---
icc -O3 -g -fPIC -Wall -std=c99 -xhost -shared -qopenmp /tmp/devito-9wyotn1m/2d3a0b46ca3d2e22c51e1de8c4f4a04a6d591a3d.c -o /tmp/devito-9wyotn1m/2d3a0b46ca3d2e22c51e1de8c4f4a04a6d591a3d.so
OpesciBench [09:39:09]: --- Run 1 finished ---

OpesciBench [09:39:09]: --- Run 2 ---
icc -O3 -g -fPIC -Wall -std=c99 -xhost -shared -qopenmp /tmp/devito-9wyotn1m/2d3a0b46ca3d2e22c51e1de8c4f4a04a6d591a3d.c -o /tmp/devito-9wyotn1m/2d3a0b46ca3d2e22c51e1de8c4f4a04a6d591a3d.so
OpesciBench [10:18:20]: --- Run 2 finished ---





OpesciBench: Running 3 repeats - parameters: arch: unknown, autotune: True, dle: advanced, dse: aggressive, nbpml: 10, shape: (768, 768, 768), space_order: 16, spacing: (20.0, 20.0, 20.0), time_order: 2, tn: 1000
OpesciBench [10:18:20]: --- Run 0 ---
icc -O3 -g -fPIC -Wall -std=c99 -xhost -shared -qopenmp /tmp/devito-9wyotn1m/c819e5f729991eae33c8979e7b521d6add386faa.c -o /tmp/devito-9wyotn1m/c819e5f729991eae33c8979e7b521d6add386faa.so
OpesciBench [10:32:01]: --- Run 0 finished ---

OpesciBench [10:32:01]: --- Run 1 ---
icc -O3 -g -fPIC -Wall -std=c99 -xhost -shared -qopenmp /tmp/devito-9wyotn1m/e06cef8e18e60847727813b0812e1d8168402cde.c -o /tmp/devito-9wyotn1m/e06cef8e18e60847727813b0812e1d8168402cde.so
OpesciBench [10:45:41]: --- Run 1 finished ---

OpesciBench [10:45:41]: --- Run 2 ---
icc -O3 -g -fPIC -Wall -std=c99 -xhost -shared -qopenmp /tmp/devito-9wyotn1m/bad782043a968d077e3ab3931865f51c5da5e613.c -o /tmp/devito-9wyotn1m/bad782043a968d077e3ab3931865f51c5da5e613.so
OpesciBench [10:59:23]: --- Run 2 finished ---



Fri Dec 22 10:59:23 PST 2017
top - 10:59:23 up 6 days, 20:22,  1 user,  load average: 40.02, 39.31, 37.63
Tasks: 715 total,   1 running, 714 sleeping,   0 stopped,   0 zombie
%Cpu(s): 13.5 us,  0.2 sy,  0.0 ni, 86.3 id,  0.0 wa,  0.0 hi,  0.0 si,  0.0 st
KiB Mem : 19652252+total, 18507859+free,  1873696 used,  9570240 buff/cache
KiB Swap:  4194300 total,  4124544 free,    69756 used. 19359707+avail Mem 

   PID USER      PR  NI    VIRT    RES    SHR S  %CPU %MEM     TIME+ COMMAND
  6993 cyount    20   0  162572   2928   1888 R   6.2  0.0   0:00.03 top
     1 root      20   0  197536   2864   1516 S   0.0  0.0   0:31.20 systemd
     2 root      20   0       0      0      0 S   0.0  0.0   0:00.06 kthreadd
     3 root      20   0       0      0      0 S   0.0  0.0   0:00.33 ksoftirqd/0
     5 root       0 -20       0      0      0 S   0.0  0.0   0:00.00 kworker/0:0H
     6 root      20   0       0      0      0 S   0.0  0.0   0:14.39 kworker/u896:0
     8 root      rt   0       0      0      0 S   0.0  0.0   0:00.78 migration/0
     9 root      20   0       0      0      0 S   0.0  0.0   0:00.00 rcu_bh
    10 root      20   0       0      0      0 S   0.0  0.0   0:55.03 rcu_sched
    11 root      rt   0       0      0      0 S   0.0  0.0   0:02.29 watchdog/0
    12 root      rt   0       0      0      0 S   0.0  0.0   0:01.66 watchdog/1
    13 root      rt   0       0      0      0 S   0.0  0.0   0:00.83 migration/1
    14 root      20   0       0      0      0 S   0.0  0.0   0:00.02 ksoftirqd/1
    16 root       0 -20       0      0      0 S   0.0  0.0   0:00.00 kworker/1:0H
    17 root      rt   0       0      0      0 S   0.0  0.0   0:01.61 watchdog/2
    18 root      rt   0       0      0      0 S   0.0  0.0   0:00.78 migration/2
    19 root      20   0       0      0      0 S   0.0  0.0   0:00.02 ksoftirqd/2
    22 root      rt   0       0      0      0 S   0.0  0.0   0:01.68 watchdog/3
    23 root      rt   0       0      0      0 S   0.0  0.0   0:00.84 migration/3
    24 root      20   0       0      0      0 S   0.0  0.0   0:00.01 ksoftirqd/3
    27 root      rt   0       0      0      0 S   0.0  0.0   0:01.61 watchdog/4
    28 root      rt   0       0      0      0 S   0.0  0.0   0:00.81 migration/4
    29 root      20   0       0      0      0 S   0.0  0.0   0:00.01 ksoftirqd/4
