Tue Dec 19 14:19:27 PST 2017
Architecture:          x86_64
CPU op-mode(s):        32-bit, 64-bit
Byte Order:            Little Endian
CPU(s):                80
On-line CPU(s) list:   0-79
Thread(s) per core:    2
Core(s) per socket:    20
Socket(s):             2
NUMA node(s):          2
Vendor ID:             GenuineIntel
CPU family:            6
Model:                 85
Model name:            Intel(R) Xeon(R) Gold 6148 CPU @ 2.40GHz
Stepping:              4
CPU MHz:               3042.562
BogoMIPS:              4805.49
Virtualization:        VT-x
L1d cache:             32K
L1i cache:             32K
L2 cache:              1024K
L3 cache:              28160K
NUMA node0 CPU(s):     0-19,40-59
NUMA node1 CPU(s):     20-39,60-79
Linux ortce-skl1 3.10.0-514.el7.x86_64 #1 SMP Wed Oct 19 11:24:13 EDT 2016 x86_64 x86_64 x86_64 GNU/Linux
available: 2 nodes (0-1)
node 0 cpus: 0 1 2 3 4 5 6 7 8 9 10 11 12 13 14 15 16 17 18 19 40 41 42 43 44 45 46 47 48 49 50 51 52 53 54 55 56 57 58 59
node 0 size: 96973 MB
node 0 free: 90531 MB
node 1 cpus: 20 21 22 23 24 25 26 27 28 29 30 31 32 33 34 35 36 37 38 39 60 61 62 63 64 65 66 67 68 69 70 71 72 73 74 75 76 77 78 79
node 1 size: 98304 MB
node 1 free: 92930 MB
node distances:
node   0   1 
  0:  10  21 
  1:  21  10 

Per-node system memory usage (in MBs):
                          Node 0          Node 1           Total
                 --------------- --------------- ---------------
MemTotal                96973.63        98304.00       195277.63
MemFree                 90531.63        92931.49       183463.12
MemUsed                  6442.00         5372.51        11814.51
Active                    167.69          635.80          803.49
Inactive                 3216.15         2035.93         5252.08
Active(anon)                7.81            4.33           12.14
Inactive(anon)             31.37            4.12           35.49
Active(file)              159.88          631.47          791.35
Inactive(file)           3184.78         2031.81         5216.59
Unevictable                 0.00            0.00            0.00
Mlocked                     0.00            0.00            0.00
Dirty                       0.00            0.05            0.05
Writeback                   0.00            0.00            0.00
FilePages                3374.90         2666.88         6041.78
Mapped                     24.34            2.86           27.20
AnonPages                  11.43           30.35           41.78
Shmem                      15.59            0.08           15.67
KernelStack                10.09            9.44           19.53
PageTables                  3.55            3.71            7.25
NFS_Unstable                0.00            0.00            0.00
Bounce                      0.00            0.00            0.00
WritebackTmp                0.00            0.00            0.00
Slab                      300.96          299.41          600.38
SReclaimable              182.14          153.31          335.45
SUnreclaim                118.82          146.10          264.93
AnonHugePages               0.00           24.00           24.00
HugePages_Total             0.00            0.00            0.00
HugePages_Free              0.00            0.00            0.00
HugePages_Surp              0.00            0.00            0.00
top - 14:19:27 up 3 days, 23:42,  1 user,  load average: 22.97, 11.41, 4.81
Tasks: 715 total,   2 running, 713 sleeping,   0 stopped,   0 zombie
%Cpu(s):  8.7 us,  0.1 sy,  0.0 ni, 91.2 id,  0.0 wa,  0.0 hi,  0.0 si,  0.0 st
KiB Mem : 19652252+total, 18786603+free,  1873520 used,  6782968 buff/cache
KiB Swap:  4194300 total,  4124272 free,    70028 used. 19361068+avail Mem 

   PID USER      PR  NI    VIRT    RES    SHR S  %CPU %MEM     TIME+ COMMAND
     1 root      20   0  197536   2844   1516 S   0.0  0.0   0:27.51 systemd
     2 root      20   0       0      0      0 S   0.0  0.0   0:00.04 kthreadd
     3 root      20   0       0      0      0 S   0.0  0.0   0:00.26 ksoftirqd/0
     5 root       0 -20       0      0      0 S   0.0  0.0   0:00.00 kworker/0:0H
     6 root      20   0       0      0      0 S   0.0  0.0   0:14.39 kworker/u896:0
     8 root      rt   0       0      0      0 S   0.0  0.0   0:00.78 migration/0
     9 root      20   0       0      0      0 S   0.0  0.0   0:00.00 rcu_bh
    10 root      20   0       0      0      0 R   0.0  0.0   0:31.29 rcu_sched
    11 root      rt   0       0      0      0 S   0.0  0.0   0:01.60 watchdog/0
    12 root      rt   0       0      0      0 S   0.0  0.0   0:00.98 watchdog/1
    13 root      rt   0       0      0      0 S   0.0  0.0   0:00.78 migration/1
    14 root      20   0       0      0      0 S   0.0  0.0   0:00.01 ksoftirqd/1
    16 root       0 -20       0      0      0 S   0.0  0.0   0:00.00 kworker/1:0H
    17 root      rt   0       0      0      0 S   0.0  0.0   0:00.95 watchdog/2
    18 root      rt   0       0      0      0 S   0.0  0.0   0:00.78 migration/2
    19 root      20   0       0      0      0 S   0.0  0.0   0:00.01 ksoftirqd/2
    22 root      rt   0       0      0      0 S   0.0  0.0   0:01.01 watchdog/3
    23 root      rt   0       0      0      0 S   0.0  0.0   0:00.78 migration/3
    24 root      20   0       0      0      0 S   0.0  0.0   0:00.00 ksoftirqd/3
    27 root      rt   0       0      0      0 S   0.0  0.0   0:00.94 watchdog/4
    28 root      rt   0       0      0      0 S   0.0  0.0   0:00.78 migration/4
    29 root      20   0       0      0      0 S   0.0  0.0   0:00.00 ksoftirqd/4
    31 root       0 -20       0      0      0 S   0.0  0.0   0:00.00 kworker/4:0H
env DEVITO_PLATFORM=skx DEVITO_ISA=avx512 DEVITO_DLE_OPTIONS=blockinner:True DEVITO_AUTOTUNING=aggressive DEVITO_BACKEND=core DEVITO_OPENMP=1 DEVITO_ARCH=intel DEVITO_LOGGING=DEBUG DEVITO_YASK_AUTOTUNING=preemptive DEVITO_YASK_DUMP=devito.bench.2017-12-19/acoustic/core/bmO2/ortce-skl1/grid512/so12 numactl --cpubind=1 python examples/seismic/benchmark.py bench -bm O2 -P acoustic -so 12 -to 2 -d 512 512 512 --tn 1000 -x 3 -r devito.bench.2017-12-19/acoustic/core/bmO2/ortce-skl1/grid512/so12
Allocating memory for m ((532, 532, 532))
Allocating memory for damp ((532, 532, 532))
Allocating memory for src ((329, 1))
Allocating memory for src_coords ((1, 3))
Allocating memory for nrec_coords ((512, 3))
Applying Forward
Allocating memory for rec_coords ((512, 3))
DSE: extract_time_invariants [flops: 99, elapsed: 0.00] >>
     eliminate_inter_stencil_redundancies [flops: 99, elapsed: 0.00] >>
     eliminate_intra_stencil_redundancies [flops: 90, elapsed: 0.01] >>
     factorize [flops: 60, elapsed: 0.05] >>
     finalize [flops: 64, elapsed: 0.00]
     [Total elapsed: 0.06 s]
DLE: avoid_denormals [elapsed: 0.00] >>
     loop_fission [elapsed: 0.00] >>
     loop_blocking [elapsed: 0.06] >>
     simdize [elapsed: 0.18] >>
     ompize [elapsed: 0.02] >>
     create_elemental_functions [elapsed: 0.07] >>
     minimize_remainders [elapsed: 0.01]
     [Total elapsed: 0.34 s]
Allocating memory for rec ((329, 512))
Allocating memory for u ((3, 532, 532, 532))
IntelCompiler: compiled /tmp/devito-pfj7eygn/8e198a752d9c918e9a270509145983f013635b07.c [1.28 s]
AutoTuner: Block shape <8,8,8> took 0.134724 (s) in 3 time steps
AutoTuner: Block shape <16,16,16> took 0.093341 (s) in 3 time steps
AutoTuner: Block shape <24,24,24> took 0.082126 (s) in 3 time steps
AutoTuner: Block shape <32,32,32> took 0.089514 (s) in 3 time steps
AutoTuner: Block shape <40,40,40> took 0.086184 (s) in 3 time steps
AutoTuner: Block shape <64,64,64> took 0.084047 (s) in 3 time steps
AutoTuner: Block shape <128,128,128> took 0.117161 (s) in 3 time steps
AutoTuner: Block shape <256,256,256> took 0.165843 (s) in 3 time steps
AutoTuner: Block shape <512,512,512> took 0.635636 (s) in 3 time steps
AutoTuner: Block shape <520,520,520> took 0.558843 (s) in 3 time steps
AutoTuner: Block shape <8,8,16> took 0.098821 (s) in 3 time steps
AutoTuner: Block shape <8,8,24> took 0.080287 (s) in 3 time steps
AutoTuner: Block shape <8,8,32> took 0.077470 (s) in 3 time steps
AutoTuner: Block shape <8,8,40> took 0.073835 (s) in 3 time steps
AutoTuner: Block shape <8,8,64> took 0.072267 (s) in 3 time steps
AutoTuner: Block shape <8,8,128> took 0.065838 (s) in 3 time steps
AutoTuner: Block shape <8,8,256> took 0.064158 (s) in 3 time steps
AutoTuner: Block shape <8,8,512> took 0.051920 (s) in 3 time steps
AutoTuner: Block shape <8,8,520> took 0.049149 (s) in 3 time steps
AutoTuner: Block shape <16,16,8> took 0.106794 (s) in 3 time steps
AutoTuner: Block shape <16,16,24> took 0.076306 (s) in 3 time steps
AutoTuner: Block shape <16,16,32> took 0.075460 (s) in 3 time steps
AutoTuner: Block shape <16,16,40> took 0.073535 (s) in 3 time steps
AutoTuner: Block shape <16,16,64> took 0.075446 (s) in 3 time steps
AutoTuner: Block shape <16,16,128> took 0.079066 (s) in 3 time steps
AutoTuner: Block shape <16,16,256> took 0.069002 (s) in 3 time steps
AutoTuner: Block shape <16,16,512> took 0.055546 (s) in 3 time steps
AutoTuner: Block shape <16,16,520> took 0.052764 (s) in 3 time steps
AutoTuner: Block shape <24,24,8> took 0.114496 (s) in 3 time steps
AutoTuner: Block shape <24,24,16> took 0.096019 (s) in 3 time steps
AutoTuner: Block shape <24,24,32> took 0.082814 (s) in 3 time steps
AutoTuner: Block shape <24,24,40> took 0.081181 (s) in 3 time steps
AutoTuner: Block shape <24,24,64> took 0.081900 (s) in 3 time steps
AutoTuner: Block shape <24,24,128> took 0.080692 (s) in 3 time steps
AutoTuner: Block shape <24,24,256> took 0.075555 (s) in 3 time steps
AutoTuner: Block shape <24,24,512> took 0.068840 (s) in 3 time steps
AutoTuner: Block shape <24,24,520> took 0.065160 (s) in 3 time steps
AutoTuner: Block shape <32,32,8> took 0.125298 (s) in 3 time steps
AutoTuner: Block shape <32,32,16> took 0.101590 (s) in 3 time steps
AutoTuner: Block shape <32,32,24> took 0.091559 (s) in 3 time steps
AutoTuner: Block shape <32,32,40> took 0.085550 (s) in 3 time steps
AutoTuner: Block shape <32,32,64> took 0.082673 (s) in 3 time steps
AutoTuner: Block shape <32,32,128> took 0.083517 (s) in 3 time steps
AutoTuner: Block shape <32,32,256> took 0.076603 (s) in 3 time steps
AutoTuner: Block shape <32,32,512> took 0.081079 (s) in 3 time steps
AutoTuner: Block shape <32,32,520> took 0.075584 (s) in 3 time steps
AutoTuner: Block shape <16,8,8> took 0.109654 (s) in 3 time steps
AutoTuner: Block shape <8,16,8> took 0.108502 (s) in 3 time steps
AutoTuner: Block shape <16,8,16> took 0.096386 (s) in 3 time steps
AutoTuner: Block shape <8,16,16> took 0.095573 (s) in 3 time steps
AutoTuner: Block shape <32,16,16> took 0.095949 (s) in 3 time steps
AutoTuner: Block shape <16,32,16> took 0.095352 (s) in 3 time steps
AutoTuner: Block shape <32,16,32> took 0.081275 (s) in 3 time steps
AutoTuner: Block shape <16,32,32> took 0.081604 (s) in 3 time steps
AutoTuner: Block shape <48,24,24> took 0.093592 (s) in 3 time steps
AutoTuner: Block shape <24,48,24> took 0.094417 (s) in 3 time steps
AutoTuner: Block shape <24,24,48> took 0.082558 (s) in 3 time steps
AutoTuner: Block shape <48,48,24> took 0.100364 (s) in 3 time steps
AutoTuner: Block shape <48,24,48> took 0.086929 (s) in 3 time steps
AutoTuner: Block shape <24,48,48> took 0.086743 (s) in 3 time steps
AutoTuner: Block shape <48,48,48> took 0.088449 (s) in 3 time steps
AutoTuner: Block shape <64,32,32> took 0.092523 (s) in 3 time steps
AutoTuner: Block shape <32,64,32> took 0.094156 (s) in 3 time steps
AutoTuner: Block shape <64,64,32> took 0.094760 (s) in 3 time steps
AutoTuner: Block shape <64,32,64> took 0.082861 (s) in 3 time steps
AutoTuner: Block shape <32,64,64> took 0.085426 (s) in 3 time steps
AutoTuner: Block shape <80,40,40> took 0.088356 (s) in 3 time steps
AutoTuner: Block shape <40,80,40> took 0.089526 (s) in 3 time steps
AutoTuner: Block shape <40,40,80> took 0.077806 (s) in 3 time steps
AutoTuner: Block shape <80,80,40> took 0.089144 (s) in 3 time steps
AutoTuner: Block shape <80,40,80> took 0.079358 (s) in 3 time steps
AutoTuner: Block shape <40,80,80> took 0.082248 (s) in 3 time steps
AutoTuner: Block shape <80,80,80> took 0.088915 (s) in 3 time steps
AutoTuner: Block shape <128,64,64> took 0.085519 (s) in 3 time steps
AutoTuner: Block shape <64,128,64> took 0.095855 (s) in 3 time steps
AutoTuner: Block shape <64,64,128> took 0.084380 (s) in 3 time steps
AutoTuner: Block shape <128,128,64> took 0.100157 (s) in 3 time steps
AutoTuner: Block shape <128,64,128> took 0.081632 (s) in 3 time steps
AutoTuner: Block shape <64,128,128> took 0.108301 (s) in 3 time steps
AutoTuner: Block shape <256,128,128> took 0.116832 (s) in 3 time steps
AutoTuner: Block shape <128,256,128> took 0.143416 (s) in 3 time steps
AutoTuner: Block shape <128,128,256> took 0.133090 (s) in 3 time steps
AutoTuner: Block shape <256,256,128> took 0.219811 (s) in 3 time steps
AutoTuner: Block shape <256,128,256> took 0.193088 (s) in 3 time steps
AutoTuner: Block shape <128,256,256> took 0.225846 (s) in 3 time steps
AutoTuner: Block shape <512,256,256> took 0.249543 (s) in 3 time steps
AutoTuner: Block shape <256,512,256> took 0.289171 (s) in 3 time steps
AutoTuner: Block shape <256,256,512> took 0.216593 (s) in 3 time steps
AutoTuner: Block shape <512,512,256> took 0.428262 (s) in 3 time steps
AutoTuner: Block shape <512,256,512> took 0.357729 (s) in 3 time steps
AutoTuner: Block shape <256,512,512> took 0.381692 (s) in 3 time steps
Auto-tuned block shape: {'x0_block_size': 8, 'y0_block_size': 8, 'z0_block_size': 520}
=========================================================================================
Section section_1<327,1> with OI=0.96 computed in 0.000 s [0.21 GFlops/s]
Section section_2<327,512> with OI=2.09 computed in 0.003 s [4.92 GFlops/s]
Section main<327,520,520,520> with OI=3.71 computed in 16.217 s [181.45 GFlops/s, 2.84 GPts/s]
=========================================================================================
Allocating memory for m ((532, 532, 532))
Allocating memory for damp ((532, 532, 532))
Allocating memory for src ((329, 1))
Allocating memory for src_coords ((1, 3))
Allocating memory for nrec_coords ((512, 3))
Applying Forward
Allocating memory for rec_coords ((512, 3))
DSE: extract_time_invariants [flops: 99, elapsed: 0.00] >>
     eliminate_inter_stencil_redundancies [flops: 99, elapsed: 0.00] >>
     eliminate_intra_stencil_redundancies [flops: 90, elapsed: 0.01] >>
     factorize [flops: 60, elapsed: 0.05] >>
     finalize [flops: 64, elapsed: 0.00]
     [Total elapsed: 0.06 s]
DLE: avoid_denormals [elapsed: 0.00] >>
     loop_fission [elapsed: 0.00] >>
     loop_blocking [elapsed: 0.06] >>
     simdize [elapsed: 0.01] >>
     ompize [elapsed: 0.02] >>
     create_elemental_functions [elapsed: 0.07] >>
     minimize_remainders [elapsed: 0.01]
     [Total elapsed: 0.17 s]
Allocating memory for rec ((329, 512))
Allocating memory for u ((3, 532, 532, 532))
IntelCompiler: compiled /tmp/devito-pfj7eygn/8e198a752d9c918e9a270509145983f013635b07.c [1.29 s]
AutoTuner: Block shape <8,8,8> took 0.131309 (s) in 3 time steps
AutoTuner: Block shape <16,16,16> took 0.093889 (s) in 3 time steps
AutoTuner: Block shape <24,24,24> took 0.084238 (s) in 3 time steps
AutoTuner: Block shape <32,32,32> took 0.089288 (s) in 3 time steps
AutoTuner: Block shape <40,40,40> took 0.085939 (s) in 3 time steps
AutoTuner: Block shape <64,64,64> took 0.083941 (s) in 3 time steps
AutoTuner: Block shape <128,128,128> took 0.123410 (s) in 3 time steps
AutoTuner: Block shape <256,256,256> took 0.169085 (s) in 3 time steps
AutoTuner: Block shape <512,512,512> took 0.642855 (s) in 3 time steps
AutoTuner: Block shape <520,520,520> took 0.562813 (s) in 3 time steps
AutoTuner: Block shape <8,8,16> took 0.099187 (s) in 3 time steps
AutoTuner: Block shape <8,8,24> took 0.083066 (s) in 3 time steps
AutoTuner: Block shape <8,8,32> took 0.080298 (s) in 3 time steps
AutoTuner: Block shape <8,8,40> took 0.077325 (s) in 3 time steps
AutoTuner: Block shape <8,8,64> took 0.076071 (s) in 3 time steps
AutoTuner: Block shape <8,8,128> took 0.066558 (s) in 3 time steps
AutoTuner: Block shape <8,8,256> took 0.064124 (s) in 3 time steps
AutoTuner: Block shape <8,8,512> took 0.051996 (s) in 3 time steps
AutoTuner: Block shape <8,8,520> took 0.049289 (s) in 3 time steps
AutoTuner: Block shape <16,16,8> took 0.107470 (s) in 3 time steps
AutoTuner: Block shape <16,16,24> took 0.081591 (s) in 3 time steps
AutoTuner: Block shape <16,16,32> took 0.080400 (s) in 3 time steps
AutoTuner: Block shape <16,16,40> took 0.077706 (s) in 3 time steps
AutoTuner: Block shape <16,16,64> took 0.078385 (s) in 3 time steps
AutoTuner: Block shape <16,16,128> took 0.078877 (s) in 3 time steps
AutoTuner: Block shape <16,16,256> took 0.069446 (s) in 3 time steps
AutoTuner: Block shape <16,16,512> took 0.056171 (s) in 3 time steps
AutoTuner: Block shape <16,16,520> took 0.053515 (s) in 3 time steps
AutoTuner: Block shape <24,24,8> took 0.115717 (s) in 3 time steps
AutoTuner: Block shape <24,24,16> took 0.097696 (s) in 3 time steps
AutoTuner: Block shape <24,24,32> took 0.084199 (s) in 3 time steps
AutoTuner: Block shape <24,24,40> took 0.081185 (s) in 3 time steps
AutoTuner: Block shape <24,24,64> took 0.081576 (s) in 3 time steps
AutoTuner: Block shape <24,24,128> took 0.081071 (s) in 3 time steps
AutoTuner: Block shape <24,24,256> took 0.075813 (s) in 3 time steps
AutoTuner: Block shape <24,24,512> took 0.072422 (s) in 3 time steps
AutoTuner: Block shape <24,24,520> took 0.069013 (s) in 3 time steps
AutoTuner: Block shape <32,32,8> took 0.123628 (s) in 3 time steps
AutoTuner: Block shape <32,32,16> took 0.102090 (s) in 3 time steps
AutoTuner: Block shape <32,32,24> took 0.092231 (s) in 3 time steps
AutoTuner: Block shape <32,32,40> took 0.084978 (s) in 3 time steps
AutoTuner: Block shape <32,32,64> took 0.081874 (s) in 3 time steps
AutoTuner: Block shape <32,32,128> took 0.084826 (s) in 3 time steps
AutoTuner: Block shape <32,32,256> took 0.074768 (s) in 3 time steps
AutoTuner: Block shape <32,32,512> took 0.087249 (s) in 3 time steps
AutoTuner: Block shape <32,32,520> took 0.088470 (s) in 3 time steps
AutoTuner: Block shape <16,8,8> took 0.109869 (s) in 3 time steps
AutoTuner: Block shape <8,16,8> took 0.109022 (s) in 3 time steps
AutoTuner: Block shape <16,8,16> took 0.096666 (s) in 3 time steps
AutoTuner: Block shape <8,16,16> took 0.095933 (s) in 3 time steps
AutoTuner: Block shape <32,16,16> took 0.097463 (s) in 3 time steps
AutoTuner: Block shape <16,32,16> took 0.096778 (s) in 3 time steps
AutoTuner: Block shape <32,16,32> took 0.083857 (s) in 3 time steps
AutoTuner: Block shape <16,32,32> took 0.083523 (s) in 3 time steps
AutoTuner: Block shape <48,24,24> took 0.094464 (s) in 3 time steps
AutoTuner: Block shape <24,48,24> took 0.094640 (s) in 3 time steps
AutoTuner: Block shape <24,24,48> took 0.082385 (s) in 3 time steps
AutoTuner: Block shape <48,48,24> took 0.100141 (s) in 3 time steps
AutoTuner: Block shape <48,24,48> took 0.086377 (s) in 3 time steps
AutoTuner: Block shape <24,48,48> took 0.088088 (s) in 3 time steps
AutoTuner: Block shape <48,48,48> took 0.089351 (s) in 3 time steps
AutoTuner: Block shape <64,32,32> took 0.092201 (s) in 3 time steps
AutoTuner: Block shape <32,64,32> took 0.093071 (s) in 3 time steps
AutoTuner: Block shape <64,64,32> took 0.093977 (s) in 3 time steps
AutoTuner: Block shape <64,32,64> took 0.082829 (s) in 3 time steps
AutoTuner: Block shape <32,64,64> took 0.084303 (s) in 3 time steps
AutoTuner: Block shape <80,40,40> took 0.088130 (s) in 3 time steps
AutoTuner: Block shape <40,80,40> took 0.089569 (s) in 3 time steps
AutoTuner: Block shape <40,40,80> took 0.079954 (s) in 3 time steps
AutoTuner: Block shape <80,80,40> took 0.089347 (s) in 3 time steps
AutoTuner: Block shape <80,40,80> took 0.082108 (s) in 3 time steps
AutoTuner: Block shape <40,80,80> took 0.084748 (s) in 3 time steps
AutoTuner: Block shape <80,80,80> took 0.092598 (s) in 3 time steps
AutoTuner: Block shape <128,64,64> took 0.088838 (s) in 3 time steps
AutoTuner: Block shape <64,128,64> took 0.097566 (s) in 3 time steps
AutoTuner: Block shape <64,64,128> took 0.085680 (s) in 3 time steps
AutoTuner: Block shape <128,128,64> took 0.101022 (s) in 3 time steps
AutoTuner: Block shape <128,64,128> took 0.081103 (s) in 3 time steps
AutoTuner: Block shape <64,128,128> took 0.107259 (s) in 3 time steps
AutoTuner: Block shape <256,128,128> took 0.122070 (s) in 3 time steps
AutoTuner: Block shape <128,256,128> took 0.146510 (s) in 3 time steps
AutoTuner: Block shape <128,128,256> took 0.135236 (s) in 3 time steps
AutoTuner: Block shape <256,256,128> took 0.220668 (s) in 3 time steps
AutoTuner: Block shape <256,128,256> took 0.200983 (s) in 3 time steps
AutoTuner: Block shape <128,256,256> took 0.218503 (s) in 3 time steps
AutoTuner: Block shape <512,256,256> took 0.252845 (s) in 3 time steps
AutoTuner: Block shape <256,512,256> took 0.293760 (s) in 3 time steps
AutoTuner: Block shape <256,256,512> took 0.221641 (s) in 3 time steps
AutoTuner: Block shape <512,512,256> took 0.433660 (s) in 3 time steps
AutoTuner: Block shape <512,256,512> took 0.361603 (s) in 3 time steps
AutoTuner: Block shape <256,512,512> took 0.382370 (s) in 3 time steps
Auto-tuned block shape: {'x0_block_size': 8, 'y0_block_size': 8, 'z0_block_size': 520}
=========================================================================================
Section section_1<327,1> with OI=0.96 computed in 0.000 s [0.22 GFlops/s]
Section section_2<327,512> with OI=2.09 computed in 0.003 s [4.98 GFlops/s]
Section main<327,520,520,520> with OI=3.71 computed in 16.207 s [181.57 GFlops/s, 2.84 GPts/s]
=========================================================================================
Allocating memory for m ((532, 532, 532))
Allocating memory for damp ((532, 532, 532))
Allocating memory for src ((329, 1))
Allocating memory for src_coords ((1, 3))
Allocating memory for nrec_coords ((512, 3))
Applying Forward
Allocating memory for rec_coords ((512, 3))
DSE: extract_time_invariants [flops: 99, elapsed: 0.00] >>
     eliminate_inter_stencil_redundancies [flops: 99, elapsed: 0.00] >>
     eliminate_intra_stencil_redundancies [flops: 90, elapsed: 0.01] >>
     factorize [flops: 60, elapsed: 0.05] >>
     finalize [flops: 64, elapsed: 0.00]
     [Total elapsed: 0.06 s]
DLE: avoid_denormals [elapsed: 0.00] >>
     loop_fission [elapsed: 0.00] >>
     loop_blocking [elapsed: 0.06] >>
     simdize [elapsed: 0.01] >>
     ompize [elapsed: 0.02] >>
     create_elemental_functions [elapsed: 0.07] >>
     minimize_remainders [elapsed: 0.01]
     [Total elapsed: 0.17 s]
Allocating memory for rec ((329, 512))
Allocating memory for u ((3, 532, 532, 532))
IntelCompiler: compiled /tmp/devito-pfj7eygn/8e198a752d9c918e9a270509145983f013635b07.c [1.28 s]
AutoTuner: Block shape <8,8,8> took 0.115282 (s) in 3 time steps
AutoTuner: Block shape <16,16,16> took 0.093842 (s) in 3 time steps
AutoTuner: Block shape <24,24,24> took 0.084529 (s) in 3 time steps
AutoTuner: Block shape <32,32,32> took 0.089860 (s) in 3 time steps
AutoTuner: Block shape <40,40,40> took 0.085715 (s) in 3 time steps
AutoTuner: Block shape <64,64,64> took 0.084478 (s) in 3 time steps
AutoTuner: Block shape <128,128,128> took 0.122908 (s) in 3 time steps
AutoTuner: Block shape <256,256,256> took 0.165371 (s) in 3 time steps
AutoTuner: Block shape <512,512,512> took 0.643689 (s) in 3 time steps
AutoTuner: Block shape <520,520,520> took 0.561542 (s) in 3 time steps
AutoTuner: Block shape <8,8,16> took 0.099104 (s) in 3 time steps
AutoTuner: Block shape <8,8,24> took 0.082941 (s) in 3 time steps
AutoTuner: Block shape <8,8,32> took 0.080425 (s) in 3 time steps
AutoTuner: Block shape <8,8,40> took 0.077297 (s) in 3 time steps
AutoTuner: Block shape <8,8,64> took 0.076345 (s) in 3 time steps
AutoTuner: Block shape <8,8,128> took 0.066791 (s) in 3 time steps
AutoTuner: Block shape <8,8,256> took 0.064143 (s) in 3 time steps
AutoTuner: Block shape <8,8,512> took 0.052131 (s) in 3 time steps
AutoTuner: Block shape <8,8,520> took 0.049468 (s) in 3 time steps
AutoTuner: Block shape <16,16,8> took 0.107335 (s) in 3 time steps
AutoTuner: Block shape <16,16,24> took 0.081279 (s) in 3 time steps
AutoTuner: Block shape <16,16,32> took 0.081704 (s) in 3 time steps
AutoTuner: Block shape <16,16,40> took 0.078269 (s) in 3 time steps
AutoTuner: Block shape <16,16,64> took 0.078649 (s) in 3 time steps
AutoTuner: Block shape <16,16,128> took 0.078636 (s) in 3 time steps
AutoTuner: Block shape <16,16,256> took 0.069002 (s) in 3 time steps
AutoTuner: Block shape <16,16,512> took 0.056202 (s) in 3 time steps
AutoTuner: Block shape <16,16,520> took 0.053750 (s) in 3 time steps
AutoTuner: Block shape <24,24,8> took 0.115133 (s) in 3 time steps
AutoTuner: Block shape <24,24,16> took 0.097715 (s) in 3 time steps
AutoTuner: Block shape <24,24,32> took 0.083973 (s) in 3 time steps
AutoTuner: Block shape <24,24,40> took 0.082471 (s) in 3 time steps
AutoTuner: Block shape <24,24,64> took 0.082037 (s) in 3 time steps
AutoTuner: Block shape <24,24,128> took 0.081214 (s) in 3 time steps
AutoTuner: Block shape <24,24,256> took 0.075648 (s) in 3 time steps
AutoTuner: Block shape <24,24,512> took 0.071816 (s) in 3 time steps
AutoTuner: Block shape <24,24,520> took 0.069076 (s) in 3 time steps
AutoTuner: Block shape <32,32,8> took 0.123286 (s) in 3 time steps
AutoTuner: Block shape <32,32,16> took 0.102003 (s) in 3 time steps
AutoTuner: Block shape <32,32,24> took 0.091462 (s) in 3 time steps
AutoTuner: Block shape <32,32,40> took 0.085680 (s) in 3 time steps
AutoTuner: Block shape <32,32,64> took 0.083503 (s) in 3 time steps
AutoTuner: Block shape <32,32,128> took 0.084628 (s) in 3 time steps
AutoTuner: Block shape <32,32,256> took 0.076502 (s) in 3 time steps
AutoTuner: Block shape <32,32,512> took 0.089307 (s) in 3 time steps
AutoTuner: Block shape <32,32,520> took 0.083957 (s) in 3 time steps
AutoTuner: Block shape <16,8,8> took 0.109889 (s) in 3 time steps
AutoTuner: Block shape <8,16,8> took 0.109059 (s) in 3 time steps
AutoTuner: Block shape <16,8,16> took 0.096657 (s) in 3 time steps
AutoTuner: Block shape <8,16,16> took 0.096061 (s) in 3 time steps
AutoTuner: Block shape <32,16,16> took 0.097424 (s) in 3 time steps
AutoTuner: Block shape <16,32,16> took 0.096545 (s) in 3 time steps
AutoTuner: Block shape <32,16,32> took 0.084346 (s) in 3 time steps
AutoTuner: Block shape <16,32,32> took 0.084274 (s) in 3 time steps
AutoTuner: Block shape <48,24,24> took 0.094164 (s) in 3 time steps
AutoTuner: Block shape <24,48,24> took 0.094642 (s) in 3 time steps
AutoTuner: Block shape <24,24,48> took 0.082809 (s) in 3 time steps
AutoTuner: Block shape <48,48,24> took 0.100011 (s) in 3 time steps
AutoTuner: Block shape <48,24,48> took 0.086146 (s) in 3 time steps
AutoTuner: Block shape <24,48,48> took 0.086528 (s) in 3 time steps
AutoTuner: Block shape <48,48,48> took 0.089287 (s) in 3 time steps
AutoTuner: Block shape <64,32,32> took 0.092704 (s) in 3 time steps
AutoTuner: Block shape <32,64,32> took 0.093639 (s) in 3 time steps
AutoTuner: Block shape <64,64,32> took 0.094409 (s) in 3 time steps
AutoTuner: Block shape <64,32,64> took 0.083537 (s) in 3 time steps
AutoTuner: Block shape <32,64,64> took 0.084507 (s) in 3 time steps
AutoTuner: Block shape <80,40,40> took 0.088181 (s) in 3 time steps
AutoTuner: Block shape <40,80,40> took 0.089007 (s) in 3 time steps
AutoTuner: Block shape <40,40,80> took 0.079238 (s) in 3 time steps
AutoTuner: Block shape <80,80,40> took 0.088727 (s) in 3 time steps
AutoTuner: Block shape <80,40,80> took 0.082044 (s) in 3 time steps
AutoTuner: Block shape <40,80,80> took 0.084734 (s) in 3 time steps
AutoTuner: Block shape <80,80,80> took 0.092342 (s) in 3 time steps
AutoTuner: Block shape <128,64,64> took 0.088681 (s) in 3 time steps
AutoTuner: Block shape <64,128,64> took 0.097395 (s) in 3 time steps
AutoTuner: Block shape <64,64,128> took 0.088192 (s) in 3 time steps
AutoTuner: Block shape <128,128,64> took 0.102432 (s) in 3 time steps
AutoTuner: Block shape <128,64,128> took 0.083298 (s) in 3 time steps
AutoTuner: Block shape <64,128,128> took 0.110840 (s) in 3 time steps
AutoTuner: Block shape <256,128,128> took 0.121278 (s) in 3 time steps
AutoTuner: Block shape <128,256,128> took 0.147162 (s) in 3 time steps
AutoTuner: Block shape <128,128,256> took 0.135335 (s) in 3 time steps
AutoTuner: Block shape <256,256,128> took 0.222229 (s) in 3 time steps
AutoTuner: Block shape <256,128,256> took 0.199797 (s) in 3 time steps
AutoTuner: Block shape <128,256,256> took 0.216539 (s) in 3 time steps
AutoTuner: Block shape <512,256,256> took 0.251940 (s) in 3 time steps
AutoTuner: Block shape <256,512,256> took 0.288205 (s) in 3 time steps
AutoTuner: Block shape <256,256,512> took 0.219912 (s) in 3 time steps
AutoTuner: Block shape <512,512,256> took 0.431978 (s) in 3 time steps
AutoTuner: Block shape <512,256,512> took 0.361117 (s) in 3 time steps
AutoTuner: Block shape <256,512,512> took 0.382886 (s) in 3 time steps
Auto-tuned block shape: {'x0_block_size': 8, 'y0_block_size': 8, 'z0_block_size': 520}
=========================================================================================
Section section_1<327,1> with OI=0.96 computed in 0.000 s [0.27 GFlops/s]
Section section_2<327,512> with OI=2.09 computed in 0.003 s [4.89 GFlops/s]
Section main<327,520,520,520> with OI=3.71 computed in 16.236 s [181.24 GFlops/s, 2.83 GPts/s]
=========================================================================================


OpesciBench: Running 3 repeats - parameters: arch: unknown, autotune: True, dle: advanced, dse: advanced, nbpml: 10, shape: (512, 512, 512), space_order: 12, spacing: (20.0, 20.0, 20.0), time_order: 2, tn: 1000
OpesciBench [14:19:29]: --- Run 0 ---
OpesciBench [14:20:14]: --- Run 0 finished ---

OpesciBench [14:20:14]: --- Run 1 ---
OpesciBench [14:20:59]: --- Run 1 finished ---

OpesciBench [14:20:59]: --- Run 2 ---
OpesciBench [14:21:44]: --- Run 2 finished ---



Tue Dec 19 14:21:44 PST 2017
top - 14:21:45 up 3 days, 23:44,  1 user,  load average: 25.78, 15.74, 7.25
Tasks: 715 total,   1 running, 714 sleeping,   0 stopped,   0 zombie
%Cpu(s):  8.7 us,  0.1 sy,  0.0 ni, 91.2 id,  0.0 wa,  0.0 hi,  0.0 si,  0.0 st
KiB Mem : 19652252+total, 18786849+free,  1870628 used,  6783396 buff/cache
KiB Swap:  4194300 total,  4124272 free,    70028 used. 19361324+avail Mem 

   PID USER      PR  NI    VIRT    RES    SHR S  %CPU %MEM     TIME+ COMMAND
278324 cyount    20   0  162528   3116   1888 R   6.7  0.0   0:00.03 top
     1 root      20   0  197536   2844   1516 S   0.0  0.0   0:27.51 systemd
     2 root      20   0       0      0      0 S   0.0  0.0   0:00.04 kthreadd
     3 root      20   0       0      0      0 S   0.0  0.0   0:00.26 ksoftirqd/0
     5 root       0 -20       0      0      0 S   0.0  0.0   0:00.00 kworker/0:0H
     6 root      20   0       0      0      0 S   0.0  0.0   0:14.39 kworker/u896:0
     8 root      rt   0       0      0      0 S   0.0  0.0   0:00.78 migration/0
     9 root      20   0       0      0      0 S   0.0  0.0   0:00.00 rcu_bh
    10 root      20   0       0      0      0 S   0.0  0.0   0:31.31 rcu_sched
    11 root      rt   0       0      0      0 S   0.0  0.0   0:01.60 watchdog/0
    12 root      rt   0       0      0      0 S   0.0  0.0   0:00.98 watchdog/1
    13 root      rt   0       0      0      0 S   0.0  0.0   0:00.78 migration/1
    14 root      20   0       0      0      0 S   0.0  0.0   0:00.01 ksoftirqd/1
    16 root       0 -20       0      0      0 S   0.0  0.0   0:00.00 kworker/1:0H
    17 root      rt   0       0      0      0 S   0.0  0.0   0:00.95 watchdog/2
    18 root      rt   0       0      0      0 S   0.0  0.0   0:00.78 migration/2
    19 root      20   0       0      0      0 S   0.0  0.0   0:00.01 ksoftirqd/2
    22 root      rt   0       0      0      0 S   0.0  0.0   0:01.01 watchdog/3
    23 root      rt   0       0      0      0 S   0.0  0.0   0:00.78 migration/3
    24 root      20   0       0      0      0 S   0.0  0.0   0:00.00 ksoftirqd/3
    27 root      rt   0       0      0      0 S   0.0  0.0   0:00.94 watchdog/4
    28 root      rt   0       0      0      0 S   0.0  0.0   0:00.78 migration/4
    29 root      20   0       0      0      0 S   0.0  0.0   0:00.00 ksoftirqd/4
