Thu Dec 21 22:13:43 PST 2017
Linux ortce-knl8 3.10.0-327.el7.x86_64 #1 SMP Thu Oct 29 17:29:29 EDT 2015 x86_64 x86_64 x86_64 GNU/Linux
Architecture:          x86_64
CPU op-mode(s):        32-bit, 64-bit
Byte Order:            Little Endian
CPU(s):                272
On-line CPU(s) list:   0-271
Thread(s) per core:    4
Core(s) per socket:    68
Socket(s):             1
NUMA node(s):          2
Vendor ID:             GenuineIntel
CPU family:            6
Model:                 87
Model name:            Intel(R) Xeon Phi(TM) CPU 7250 @ 1.40GHz
Stepping:              1
CPU MHz:               1491.929
BogoMIPS:              2793.75
L1d cache:             32K
L1i cache:             32K
L2 cache:              1024K
NUMA node0 CPU(s):     0-271
NUMA node1 CPU(s):     
Linux ortce-knl8 3.10.0-327.el7.x86_64 #1 SMP Thu Oct 29 17:29:29 EDT 2015 x86_64 x86_64 x86_64 GNU/Linux
available: 2 nodes (0-1)
node 0 cpus: 0 1 2 3 4 5 6 7 8 9 10 11 12 13 14 15 16 17 18 19 20 21 22 23 24 25 26 27 28 29 30 31 32 33 34 35 36 37 38 39 40 41 42 43 44 45 46 47 48 49 50 51 52 53 54 55 56 57 58 59 60 61 62 63 64 65 66 67 68 69 70 71 72 73 74 75 76 77 78 79 80 81 82 83 84 85 86 87 88 89 90 91 92 93 94 95 96 97 98 99 100 101 102 103 104 105 106 107 108 109 110 111 112 113 114 115 116 117 118 119 120 121 122 123 124 125 126 127 128 129 130 131 132 133 134 135 136 137 138 139 140 141 142 143 144 145 146 147 148 149 150 151 152 153 154 155 156 157 158 159 160 161 162 163 164 165 166 167 168 169 170 171 172 173 174 175 176 177 178 179 180 181 182 183 184 185 186 187 188 189 190 191 192 193 194 195 196 197 198 199 200 201 202 203 204 205 206 207 208 209 210 211 212 213 214 215 216 217 218 219 220 221 222 223 224 225 226 227 228 229 230 231 232 233 234 235 236 237 238 239 240 241 242 243 244 245 246 247 248 249 250 251 252 253 254 255 256 257 258 259 260 261 262 263 264 265 266 267 268 269 270 271
node 0 size: 98200 MB
node 0 free: 94097 MB
node 1 cpus:
node 1 size: 16384 MB
node 1 free: 15030 MB
node distances:
node   0   1 
  0:  10  31 
  1:  31  10 

Per-node system memory usage (in MBs):
                          Node 0          Node 1           Total
                 --------------- --------------- ---------------
MemTotal                98200.81        16384.00       114584.81
MemFree                 94097.11        15030.13       109127.23
MemUsed                  4103.71         1353.87         5457.58
Active                    377.11          220.85          597.96
Inactive                  554.75          304.82          859.57
Active(anon)               83.26            2.54           85.79
Inactive(anon)             25.59            0.00           25.59
Active(file)              293.85          218.32          512.16
Inactive(file)            529.16          304.82          833.98
Unevictable                 0.00            0.00            0.00
Mlocked                     0.00            0.00            0.00
Dirty                       0.00            0.00            0.00
Writeback                   0.00            0.00            0.00
FilePages                 848.67          523.14         1371.81
Mapped                     43.64            0.77           44.41
AnonPages                  82.45            8.39           90.84
Shmem                      25.66            0.00           25.66
KernelStack                40.78            0.00           40.78
PageTables                  6.57            0.07            6.64
NFS_Unstable                0.00            0.00            0.00
Bounce                      0.00            0.00            0.00
WritebackTmp                0.00            0.00            0.00
Slab                      604.02          218.23          822.25
SReclaimable              229.93           84.48          314.41
SUnreclaim                374.09          133.75          507.84
AnonHugePages              10.00            6.00           16.00
HugePages_Total             0.00            0.00            0.00
HugePages_Free              0.00            0.00            0.00
HugePages_Surp              0.00            0.00            0.00
top - 22:13:44 up 3 days, 13:20,  1 user,  load average: 249.01, 212.74, 214.62
Tasks: 2262 total,   1 running, 2261 sleeping,   0 stopped,   0 zombie
%Cpu(s): 25.6 us,  1.8 sy,  0.0 ni, 72.5 id,  0.0 wa,  0.0 hi,  0.0 si,  0.0 st
KiB Mem : 11538529+total, 11175000+free,  1388576 used,  2246712 buff/cache
KiB Swap: 58593276 total, 58593276 free,        0 used. 11311254+avail Mem 

   PID USER      PR  NI    VIRT    RES    SHR S  %CPU %MEM     TIME+ COMMAND
117653 cyount    20   0  152536   4076   1460 R  58.3  0.0   0:00.42 top
   281 root      20   0       0      0      0 S   2.8  0.0   7:42.62 rcu_sched
     1 root      20   0   51548  13932   2384 S   0.0  0.0   1:50.69 systemd
     2 root      20   0       0      0      0 S   0.0  0.0   0:00.15 kthreadd
     3 root      20   0       0      0      0 S   0.0  0.0   0:00.05 ksoftirqd/0
     4 root      20   0       0      0      0 S   0.0  0.0   8:55.72 kworker/0:0
     5 root       0 -20       0      0      0 S   0.0  0.0   0:00.00 kworker/0:0H
     7 root      rt   0       0      0      0 S   0.0  0.0   0:04.63 migration/0
     8 root      20   0       0      0      0 S   0.0  0.0   0:00.00 rcu_bh
     9 root      20   0       0      0      0 S   0.0  0.0   0:00.00 rcuob/0
    10 root      20   0       0      0      0 S   0.0  0.0   0:00.00 rcuob/1
    11 root      20   0       0      0      0 S   0.0  0.0   0:00.00 rcuob/2
    12 root      20   0       0      0      0 S   0.0  0.0   0:00.00 rcuob/3
    13 root      20   0       0      0      0 S   0.0  0.0   0:00.00 rcuob/4
    14 root      20   0       0      0      0 S   0.0  0.0   0:00.00 rcuob/5
    15 root      20   0       0      0      0 S   0.0  0.0   0:00.00 rcuob/6
    16 root      20   0       0      0      0 S   0.0  0.0   0:00.00 rcuob/7
    17 root      20   0       0      0      0 S   0.0  0.0   0:00.00 rcuob/8
    18 root      20   0       0      0      0 S   0.0  0.0   0:00.00 rcuob/9
    19 root      20   0       0      0      0 S   0.0  0.0   0:00.00 rcuob/10
    20 root      20   0       0      0      0 S   0.0  0.0   0:00.00 rcuob/11
    21 root      20   0       0      0      0 S   0.0  0.0   0:00.00 rcuob/12
    22 root      20   0       0      0      0 S   0.0  0.0   0:00.00 rcuob/13
env DEVITO_PLATFORM=knl DEVITO_ISA=avx512 DEVITO_DEBUG_COMPILER=1 DEVITO_DLE_OPTIONS=blockinner:True DEVITO_AUTOTUNING=aggressive DEVITO_BACKEND=core DEVITO_OPENMP=1 DEVITO_ARCH=intel DEVITO_LOGGING=DEBUG DEVITO_YASK_AUTOTUNING=preemptive DEVITO_YASK_DUMP=devito.bench.2017-12-21/tti/core/bmdse/ortce-knl8/grid512/so8 numactl --preferred=1 python examples/seismic/benchmark.py bench -bm dse -P tti -so 8 -to 2 -d 512 512 512 --tn 1000 -x 3 -r devito.bench.2017-12-21/tti/core/bmdse/ortce-knl8/grid512/so8
Allocating memory for m ((532, 532, 532))
Allocating memory for damp ((532, 532, 532))
Allocating memory for epsilon ((532, 532, 532))
Allocating memory for delta ((532, 532, 532))
Allocating memory for theta ((532, 532, 532))
Allocating memory for phi ((532, 532, 532))
Allocating memory for src ((417, 1))
Allocating memory for src_coords ((1, 3))
Allocating memory for nrec_coords ((101, 3))
Allocating memory for rec_coords ((101, 3))
DSE: eliminate_intra_stencil_redundancies [flops: 855, elapsed: 6.06] >>
     finalize [flops: 857, elapsed: 0.33]
     [Total elapsed: 6.39 s]
DLE: avoid_denormals [elapsed: 0.00] >>
     loop_fission [elapsed: 0.20] >>
     loop_blocking [elapsed: 1.97] >>
     simdize [elapsed: 2.20] >>
     ompize [elapsed: 0.92] >>
     create_elemental_functions [elapsed: 3.26] >>
     minimize_remainders [elapsed: 0.25]
     [Total elapsed: 8.80 s]
Allocating memory for rec ((417, 101))
Allocating memory for u ((3, 532, 532, 532))
Allocating memory for v ((3, 532, 532, 532))
IntelCompiler: compiled /tmp/devito-8lgc7kpt/ba427f586b373f72dc393d0a742487c3c926b358.c [43.78 s]
AutoTuner: Block shape <8,8,8> took 2.646718 (s) in 3 time steps
AutoTuner: Block shape <16,16,16> took 0.485229 (s) in 3 time steps
AutoTuner: Block shape <24,24,24> took 1.132264 (s) in 3 time steps
AutoTuner: Block shape <32,32,32> took 0.466779 (s) in 3 time steps
AutoTuner: Block shape <40,40,40> took 0.848189 (s) in 3 time steps
AutoTuner: Block shape <64,64,64> took 0.659427 (s) in 3 time steps
AutoTuner: Block shape <128,128,128> took 1.684429 (s) in 3 time steps
AutoTuner: Block shape <256,256,256> took 8.181291 (s) in 3 time steps
AutoTuner: Block shape <512,512,512> took 43.691525 (s) in 3 time steps
AutoTuner: Block shape <524,524,524> took 42.444986 (s) in 3 time steps
AutoTuner: Block shape <8,8,16> took 0.411239 (s) in 3 time steps
AutoTuner: Block shape <8,8,24> took 1.026802 (s) in 3 time steps
AutoTuner: Block shape <8,8,32> took 0.367279 (s) in 3 time steps
AutoTuner: Block shape <8,8,40> took 1.087126 (s) in 3 time steps
AutoTuner: Block shape <8,8,64> took 0.353118 (s) in 3 time steps
AutoTuner: Block shape <8,8,128> took 0.373945 (s) in 3 time steps
AutoTuner: Block shape <8,8,256> took 0.410092 (s) in 3 time steps
AutoTuner: Block shape <8,8,512> took 0.454667 (s) in 3 time steps
AutoTuner: Block shape <8,8,524> took 0.453989 (s) in 3 time steps
AutoTuner: Block shape <16,16,8> took 2.531578 (s) in 3 time steps
AutoTuner: Block shape <16,16,24> took 1.077486 (s) in 3 time steps
AutoTuner: Block shape <16,16,32> took 0.434227 (s) in 3 time steps
AutoTuner: Block shape <16,16,40> took 0.778546 (s) in 3 time steps
AutoTuner: Block shape <16,16,64> took 0.396859 (s) in 3 time steps
AutoTuner: Block shape <16,16,128> took 0.425959 (s) in 3 time steps
AutoTuner: Block shape <16,16,256> took 0.472883 (s) in 3 time steps
AutoTuner: Block shape <16,16,512> took 0.561196 (s) in 3 time steps
AutoTuner: Block shape <16,16,524> took 0.557838 (s) in 3 time steps
AutoTuner: Block shape <24,24,8> took 2.605941 (s) in 3 time steps
AutoTuner: Block shape <24,24,16> took 0.567747 (s) in 3 time steps
AutoTuner: Block shape <24,24,32> took 0.503781 (s) in 3 time steps
AutoTuner: Block shape <24,24,40> took 0.862836 (s) in 3 time steps
AutoTuner: Block shape <24,24,64> took 0.467760 (s) in 3 time steps
AutoTuner: Block shape <24,24,128> took 0.530165 (s) in 3 time steps
AutoTuner: Block shape <24,24,256> took 0.610937 (s) in 3 time steps
AutoTuner: Block shape <24,24,512> took 0.794393 (s) in 3 time steps
AutoTuner: Block shape <24,24,524> took 0.795815 (s) in 3 time steps
AutoTuner: Block shape <32,32,8> took 2.609718 (s) in 3 time steps
AutoTuner: Block shape <32,32,16> took 0.535604 (s) in 3 time steps
AutoTuner: Block shape <32,32,24> took 1.108037 (s) in 3 time steps
AutoTuner: Block shape <32,32,40> took 0.826705 (s) in 3 time steps
AutoTuner: Block shape <32,32,64> took 0.437228 (s) in 3 time steps
AutoTuner: Block shape <32,32,128> took 0.464897 (s) in 3 time steps
AutoTuner: Block shape <32,32,256> took 0.530398 (s) in 3 time steps
AutoTuner: Block shape <32,32,512> took 0.655478 (s) in 3 time steps
AutoTuner: Block shape <32,32,524> took 0.653576 (s) in 3 time steps
AutoTuner: Block shape <16,8,8> took 2.497860 (s) in 3 time steps
AutoTuner: Block shape <8,16,8> took 2.537546 (s) in 3 time steps
AutoTuner: Block shape <16,8,16> took 0.416433 (s) in 3 time steps
AutoTuner: Block shape <8,16,16> took 0.465338 (s) in 3 time steps
AutoTuner: Block shape <32,16,16> took 0.498024 (s) in 3 time steps
AutoTuner: Block shape <16,32,16> took 0.522509 (s) in 3 time steps
AutoTuner: Block shape <32,16,32> took 0.439194 (s) in 3 time steps
AutoTuner: Block shape <16,32,32> took 0.448702 (s) in 3 time steps
AutoTuner: Block shape <48,24,24> took 1.219256 (s) in 3 time steps
AutoTuner: Block shape <24,48,24> took 1.221293 (s) in 3 time steps
AutoTuner: Block shape <24,24,48> took 0.496635 (s) in 3 time steps
AutoTuner: Block shape <48,48,24> took 1.447766 (s) in 3 time steps
AutoTuner: Block shape <48,24,48> took 0.627756 (s) in 3 time steps
AutoTuner: Block shape <24,48,48> took 0.629152 (s) in 3 time steps
AutoTuner: Block shape <48,48,48> took 1.016896 (s) in 3 time steps
AutoTuner: Block shape <64,32,32> took 0.553994 (s) in 3 time steps
AutoTuner: Block shape <32,64,32> took 0.555445 (s) in 3 time steps
AutoTuner: Block shape <64,64,32> took 0.679911 (s) in 3 time steps
AutoTuner: Block shape <64,32,64> took 0.530726 (s) in 3 time steps
AutoTuner: Block shape <32,64,64> took 0.529581 (s) in 3 time steps
AutoTuner: Block shape <80,40,40> took 0.964664 (s) in 3 time steps
AutoTuner: Block shape <40,80,40> took 0.970994 (s) in 3 time steps
AutoTuner: Block shape <40,40,80> took 0.445600 (s) in 3 time steps
AutoTuner: Block shape <80,80,40> took 1.502687 (s) in 3 time steps
AutoTuner: Block shape <80,40,80> took 0.752940 (s) in 3 time steps
AutoTuner: Block shape <40,80,80> took 0.752176 (s) in 3 time steps
AutoTuner: Block shape <80,80,80> took 1.552046 (s) in 3 time steps
AutoTuner: Block shape <128,64,64> took 0.870584 (s) in 3 time steps
AutoTuner: Block shape <64,128,64> took 0.871836 (s) in 3 time steps
AutoTuner: Block shape <64,64,128> took 0.706001 (s) in 3 time steps
AutoTuner: Block shape <128,128,64> took 1.365533 (s) in 3 time steps
AutoTuner: Block shape <128,64,128> took 1.079743 (s) in 3 time steps
AutoTuner: Block shape <64,128,128> took 1.084817 (s) in 3 time steps
AutoTuner: Block shape <256,128,128> took 3.102168 (s) in 3 time steps
AutoTuner: Block shape <128,256,128> took 3.115208 (s) in 3 time steps
AutoTuner: Block shape <128,128,256> took 2.401137 (s) in 3 time steps
AutoTuner: Block shape <256,256,128> took 5.718450 (s) in 3 time steps
AutoTuner: Block shape <256,128,256> took 4.393678 (s) in 3 time steps
AutoTuner: Block shape <128,256,256> took 4.396594 (s) in 3 time steps
AutoTuner: Block shape <512,256,256> took 15.618778 (s) in 3 time steps
AutoTuner: Block shape <256,512,256> took 15.623106 (s) in 3 time steps
AutoTuner: Block shape <256,256,512> took 12.726985 (s) in 3 time steps
AutoTuner: Block shape <512,512,256> took 30.010518 (s) in 3 time steps
AutoTuner: Block shape <512,256,512> took 24.296731 (s) in 3 time steps
AutoTuner: Block shape <256,512,512> took 24.367174 (s) in 3 time steps
Auto-tuned block shape: {'x0_block_size': 8, 'y0_block_size': 8, 'z0_block_size': 64}
=========================================================================================
Section section_1<415,1> with OI=0.64 computed in 0.001 s [0.04 GFlops/s]
Section section_2<415,101> with OI=1.27 computed in 0.078 s [0.05 GFlops/s]
Section main<415,524,524,524> with OI=20.37 computed in 147.408 s [347.14 GFlops/s, 0.41 GPts/s]
=========================================================================================
Allocating memory for m ((532, 532, 532))
Allocating memory for damp ((532, 532, 532))
Allocating memory for epsilon ((532, 532, 532))
Allocating memory for delta ((532, 532, 532))
Allocating memory for theta ((532, 532, 532))
Allocating memory for phi ((532, 532, 532))
Allocating memory for src ((417, 1))
Allocating memory for src_coords ((1, 3))
Allocating memory for nrec_coords ((101, 3))
Allocating memory for rec_coords ((101, 3))
DSE: eliminate_intra_stencil_redundancies [flops: 855, elapsed: 6.23] >>
     finalize [flops: 857, elapsed: 0.34]
     [Total elapsed: 6.57 s]
DLE: avoid_denormals [elapsed: 0.00] >>
     loop_fission [elapsed: 0.22] >>
     loop_blocking [elapsed: 2.07] >>
     simdize [elapsed: 1.19] >>
     ompize [elapsed: 0.93] >>
     create_elemental_functions [elapsed: 3.40] >>
     minimize_remainders [elapsed: 0.26]
     [Total elapsed: 8.08 s]
Allocating memory for rec ((417, 101))
Allocating memory for u ((3, 532, 532, 532))
Allocating memory for v ((3, 532, 532, 532))
IntelCompiler: compiled /tmp/devito-8lgc7kpt/ba427f586b373f72dc393d0a742487c3c926b358.c [44.40 s]
AutoTuner: Block shape <8,8,8> took 2.504836 (s) in 3 time steps
AutoTuner: Block shape <16,16,16> took 0.482649 (s) in 3 time steps
AutoTuner: Block shape <24,24,24> took 1.136527 (s) in 3 time steps
AutoTuner: Block shape <32,32,32> took 0.466569 (s) in 3 time steps
AutoTuner: Block shape <40,40,40> took 0.853885 (s) in 3 time steps
AutoTuner: Block shape <64,64,64> took 0.658213 (s) in 3 time steps
AutoTuner: Block shape <128,128,128> took 1.683562 (s) in 3 time steps
AutoTuner: Block shape <256,256,256> took 8.134158 (s) in 3 time steps
AutoTuner: Block shape <512,512,512> took 43.414275 (s) in 3 time steps
AutoTuner: Block shape <524,524,524> took 42.178168 (s) in 3 time steps
AutoTuner: Block shape <8,8,16> took 0.406743 (s) in 3 time steps
AutoTuner: Block shape <8,8,24> took 1.033106 (s) in 3 time steps
AutoTuner: Block shape <8,8,32> took 0.367661 (s) in 3 time steps
AutoTuner: Block shape <8,8,40> took 0.751269 (s) in 3 time steps
AutoTuner: Block shape <8,8,64> took 0.351301 (s) in 3 time steps
AutoTuner: Block shape <8,8,128> took 0.372067 (s) in 3 time steps
AutoTuner: Block shape <8,8,256> took 0.408708 (s) in 3 time steps
AutoTuner: Block shape <8,8,512> took 0.455146 (s) in 3 time steps
AutoTuner: Block shape <8,8,524> took 0.455382 (s) in 3 time steps
AutoTuner: Block shape <16,16,8> took 2.544956 (s) in 3 time steps
AutoTuner: Block shape <16,16,24> took 1.079885 (s) in 3 time steps
AutoTuner: Block shape <16,16,32> took 0.425553 (s) in 3 time steps
AutoTuner: Block shape <16,16,40> took 0.786395 (s) in 3 time steps
AutoTuner: Block shape <16,16,64> took 0.397549 (s) in 3 time steps
AutoTuner: Block shape <16,16,128> took 0.424021 (s) in 3 time steps
AutoTuner: Block shape <16,16,256> took 0.472577 (s) in 3 time steps
AutoTuner: Block shape <16,16,512> took 0.560459 (s) in 3 time steps
AutoTuner: Block shape <16,16,524> took 0.559671 (s) in 3 time steps
AutoTuner: Block shape <24,24,8> took 2.628383 (s) in 3 time steps
AutoTuner: Block shape <24,24,16> took 0.568169 (s) in 3 time steps
AutoTuner: Block shape <24,24,32> took 0.504327 (s) in 3 time steps
AutoTuner: Block shape <24,24,40> took 0.866539 (s) in 3 time steps
AutoTuner: Block shape <24,24,64> took 0.469749 (s) in 3 time steps
AutoTuner: Block shape <24,24,128> took 0.531435 (s) in 3 time steps
AutoTuner: Block shape <24,24,256> took 0.615671 (s) in 3 time steps
AutoTuner: Block shape <24,24,512> took 0.803178 (s) in 3 time steps
AutoTuner: Block shape <24,24,524> took 0.798762 (s) in 3 time steps
AutoTuner: Block shape <32,32,8> took 2.627271 (s) in 3 time steps
AutoTuner: Block shape <32,32,16> took 0.536233 (s) in 3 time steps
AutoTuner: Block shape <32,32,24> took 1.113596 (s) in 3 time steps
AutoTuner: Block shape <32,32,40> took 0.828344 (s) in 3 time steps
AutoTuner: Block shape <32,32,64> took 0.437525 (s) in 3 time steps
AutoTuner: Block shape <32,32,128> took 0.461984 (s) in 3 time steps
AutoTuner: Block shape <32,32,256> took 0.527457 (s) in 3 time steps
AutoTuner: Block shape <32,32,512> took 0.652892 (s) in 3 time steps
AutoTuner: Block shape <32,32,524> took 0.653356 (s) in 3 time steps
AutoTuner: Block shape <16,8,8> took 2.508020 (s) in 3 time steps
AutoTuner: Block shape <8,16,8> took 2.551761 (s) in 3 time steps
AutoTuner: Block shape <16,8,16> took 0.410206 (s) in 3 time steps
AutoTuner: Block shape <8,16,16> took 0.465844 (s) in 3 time steps
AutoTuner: Block shape <32,16,16> took 0.497509 (s) in 3 time steps
AutoTuner: Block shape <16,32,16> took 0.520876 (s) in 3 time steps
AutoTuner: Block shape <32,16,32> took 0.440745 (s) in 3 time steps
AutoTuner: Block shape <16,32,32> took 0.448223 (s) in 3 time steps
AutoTuner: Block shape <48,24,24> took 1.222474 (s) in 3 time steps
AutoTuner: Block shape <24,48,24> took 1.226673 (s) in 3 time steps
AutoTuner: Block shape <24,24,48> took 0.497420 (s) in 3 time steps
AutoTuner: Block shape <48,48,24> took 1.461122 (s) in 3 time steps
AutoTuner: Block shape <48,24,48> took 0.630276 (s) in 3 time steps
AutoTuner: Block shape <24,48,48> took 0.630517 (s) in 3 time steps
AutoTuner: Block shape <48,48,48> took 1.018825 (s) in 3 time steps
AutoTuner: Block shape <64,32,32> took 0.551954 (s) in 3 time steps
AutoTuner: Block shape <32,64,32> took 0.555956 (s) in 3 time steps
AutoTuner: Block shape <64,64,32> took 0.682731 (s) in 3 time steps
AutoTuner: Block shape <64,32,64> took 0.528633 (s) in 3 time steps
AutoTuner: Block shape <32,64,64> took 0.529315 (s) in 3 time steps
AutoTuner: Block shape <80,40,40> took 0.967013 (s) in 3 time steps
AutoTuner: Block shape <40,80,40> took 0.974018 (s) in 3 time steps
AutoTuner: Block shape <40,40,80> took 0.442180 (s) in 3 time steps
AutoTuner: Block shape <80,80,40> took 1.508291 (s) in 3 time steps
AutoTuner: Block shape <80,40,80> took 0.764797 (s) in 3 time steps
AutoTuner: Block shape <40,80,80> took 0.753487 (s) in 3 time steps
AutoTuner: Block shape <80,80,80> took 1.542458 (s) in 3 time steps
AutoTuner: Block shape <128,64,64> took 0.869742 (s) in 3 time steps
AutoTuner: Block shape <64,128,64> took 0.869022 (s) in 3 time steps
AutoTuner: Block shape <64,64,128> took 0.703915 (s) in 3 time steps
AutoTuner: Block shape <128,128,64> took 1.363591 (s) in 3 time steps
AutoTuner: Block shape <128,64,128> took 1.077907 (s) in 3 time steps
AutoTuner: Block shape <64,128,128> took 1.082348 (s) in 3 time steps
AutoTuner: Block shape <256,128,128> took 3.083637 (s) in 3 time steps
AutoTuner: Block shape <128,256,128> took 3.105428 (s) in 3 time steps
AutoTuner: Block shape <128,128,256> took 2.391276 (s) in 3 time steps
AutoTuner: Block shape <256,256,128> took 5.699569 (s) in 3 time steps
AutoTuner: Block shape <256,128,256> took 4.371190 (s) in 3 time steps
AutoTuner: Block shape <128,256,256> took 4.378346 (s) in 3 time steps
AutoTuner: Block shape <512,256,256> took 15.533848 (s) in 3 time steps
AutoTuner: Block shape <256,512,256> took 15.546499 (s) in 3 time steps
AutoTuner: Block shape <256,256,512> took 12.612213 (s) in 3 time steps
AutoTuner: Block shape <512,512,256> took 29.851667 (s) in 3 time steps
AutoTuner: Block shape <512,256,512> took 24.064685 (s) in 3 time steps
AutoTuner: Block shape <256,512,512> took 24.197771 (s) in 3 time steps
Auto-tuned block shape: {'x0_block_size': 8, 'y0_block_size': 8, 'z0_block_size': 64}
=========================================================================================
Section section_1<415,1> with OI=0.64 computed in 0.001 s [0.04 GFlops/s]
Section section_2<415,101> with OI=1.27 computed in 0.068 s [0.06 GFlops/s]
Section main<415,524,524,524> with OI=20.37 computed in 147.344 s [347.29 GFlops/s, 0.41 GPts/s]
=========================================================================================
Allocating memory for m ((532, 532, 532))
Allocating memory for damp ((532, 532, 532))
Allocating memory for epsilon ((532, 532, 532))
Allocating memory for delta ((532, 532, 532))
Allocating memory for theta ((532, 532, 532))
Allocating memory for phi ((532, 532, 532))
Allocating memory for src ((417, 1))
Allocating memory for src_coords ((1, 3))
Allocating memory for nrec_coords ((101, 3))
Allocating memory for rec_coords ((101, 3))
DSE: eliminate_intra_stencil_redundancies [flops: 855, elapsed: 6.25] >>
     finalize [flops: 857, elapsed: 0.34]
     [Total elapsed: 6.59 s]
DLE: avoid_denormals [elapsed: 0.00] >>
     loop_fission [elapsed: 0.22] >>
     loop_blocking [elapsed: 2.07] >>
     simdize [elapsed: 1.19] >>
     ompize [elapsed: 0.93] >>
     create_elemental_functions [elapsed: 3.41] >>
     minimize_remainders [elapsed: 0.27]
     [Total elapsed: 8.08 s]
Allocating memory for rec ((417, 101))
Allocating memory for u ((3, 532, 532, 532))
Allocating memory for v ((3, 532, 532, 532))
IntelCompiler: compiled /tmp/devito-8lgc7kpt/ba427f586b373f72dc393d0a742487c3c926b358.c [43.81 s]
AutoTuner: Block shape <8,8,8> took 2.502937 (s) in 3 time steps
AutoTuner: Block shape <16,16,16> took 0.485309 (s) in 3 time steps
AutoTuner: Block shape <24,24,24> took 1.137016 (s) in 3 time steps
AutoTuner: Block shape <32,32,32> took 0.466678 (s) in 3 time steps
AutoTuner: Block shape <40,40,40> took 0.869009 (s) in 3 time steps
AutoTuner: Block shape <64,64,64> took 0.658422 (s) in 3 time steps
AutoTuner: Block shape <128,128,128> took 1.684041 (s) in 3 time steps
AutoTuner: Block shape <256,256,256> took 8.134501 (s) in 3 time steps
AutoTuner: Block shape <512,512,512> took 43.393161 (s) in 3 time steps
AutoTuner: Block shape <524,524,524> took 42.100969 (s) in 3 time steps
AutoTuner: Block shape <8,8,16> took 0.406031 (s) in 3 time steps
AutoTuner: Block shape <8,8,24> took 1.031420 (s) in 3 time steps
AutoTuner: Block shape <8,8,32> took 0.365638 (s) in 3 time steps
AutoTuner: Block shape <8,8,40> took 0.750056 (s) in 3 time steps
AutoTuner: Block shape <8,8,64> took 0.351346 (s) in 3 time steps
AutoTuner: Block shape <8,8,128> took 0.371886 (s) in 3 time steps
AutoTuner: Block shape <8,8,256> took 0.408801 (s) in 3 time steps
AutoTuner: Block shape <8,8,512> took 0.454814 (s) in 3 time steps
AutoTuner: Block shape <8,8,524> took 0.453445 (s) in 3 time steps
AutoTuner: Block shape <16,16,8> took 2.544558 (s) in 3 time steps
AutoTuner: Block shape <16,16,24> took 1.078979 (s) in 3 time steps
AutoTuner: Block shape <16,16,32> took 0.425026 (s) in 3 time steps
AutoTuner: Block shape <16,16,40> took 0.780201 (s) in 3 time steps
AutoTuner: Block shape <16,16,64> took 0.397988 (s) in 3 time steps
AutoTuner: Block shape <16,16,128> took 0.423780 (s) in 3 time steps
AutoTuner: Block shape <16,16,256> took 0.472004 (s) in 3 time steps
AutoTuner: Block shape <16,16,512> took 0.566574 (s) in 3 time steps
AutoTuner: Block shape <16,16,524> took 0.560074 (s) in 3 time steps
AutoTuner: Block shape <24,24,8> took 2.626894 (s) in 3 time steps
AutoTuner: Block shape <24,24,16> took 0.568868 (s) in 3 time steps
AutoTuner: Block shape <24,24,32> took 0.502214 (s) in 3 time steps
AutoTuner: Block shape <24,24,40> took 0.866711 (s) in 3 time steps
AutoTuner: Block shape <24,24,64> took 0.470652 (s) in 3 time steps
AutoTuner: Block shape <24,24,128> took 0.529268 (s) in 3 time steps
AutoTuner: Block shape <24,24,256> took 0.612872 (s) in 3 time steps
AutoTuner: Block shape <24,24,512> took 0.802867 (s) in 3 time steps
AutoTuner: Block shape <24,24,524> took 0.794467 (s) in 3 time steps
AutoTuner: Block shape <32,32,8> took 2.624267 (s) in 3 time steps
AutoTuner: Block shape <32,32,16> took 0.534337 (s) in 3 time steps
AutoTuner: Block shape <32,32,24> took 1.115938 (s) in 3 time steps
AutoTuner: Block shape <32,32,40> took 0.827232 (s) in 3 time steps
AutoTuner: Block shape <32,32,64> took 0.436980 (s) in 3 time steps
AutoTuner: Block shape <32,32,128> took 0.461159 (s) in 3 time steps
AutoTuner: Block shape <32,32,256> took 0.527452 (s) in 3 time steps
AutoTuner: Block shape <32,32,512> took 0.658210 (s) in 3 time steps
AutoTuner: Block shape <32,32,524> took 0.655154 (s) in 3 time steps
AutoTuner: Block shape <16,8,8> took 2.504793 (s) in 3 time steps
AutoTuner: Block shape <8,16,8> took 2.549795 (s) in 3 time steps
AutoTuner: Block shape <16,8,16> took 0.411035 (s) in 3 time steps
AutoTuner: Block shape <8,16,16> took 0.468081 (s) in 3 time steps
AutoTuner: Block shape <32,16,16> took 0.495282 (s) in 3 time steps
AutoTuner: Block shape <16,32,16> took 0.520805 (s) in 3 time steps
AutoTuner: Block shape <32,16,32> took 0.439371 (s) in 3 time steps
AutoTuner: Block shape <16,32,32> took 0.447450 (s) in 3 time steps
AutoTuner: Block shape <48,24,24> took 1.222149 (s) in 3 time steps
AutoTuner: Block shape <24,48,24> took 1.226866 (s) in 3 time steps
AutoTuner: Block shape <24,24,48> took 0.497013 (s) in 3 time steps
AutoTuner: Block shape <48,48,24> took 1.464051 (s) in 3 time steps
AutoTuner: Block shape <48,24,48> took 0.626893 (s) in 3 time steps
AutoTuner: Block shape <24,48,48> took 0.650594 (s) in 3 time steps
AutoTuner: Block shape <48,48,48> took 1.017939 (s) in 3 time steps
AutoTuner: Block shape <64,32,32> took 0.551482 (s) in 3 time steps
AutoTuner: Block shape <32,64,32> took 0.555746 (s) in 3 time steps
AutoTuner: Block shape <64,64,32> took 0.680543 (s) in 3 time steps
AutoTuner: Block shape <64,32,64> took 0.527023 (s) in 3 time steps
AutoTuner: Block shape <32,64,64> took 0.529589 (s) in 3 time steps
AutoTuner: Block shape <80,40,40> took 0.966874 (s) in 3 time steps
AutoTuner: Block shape <40,80,40> took 0.967707 (s) in 3 time steps
AutoTuner: Block shape <40,40,80> took 0.444319 (s) in 3 time steps
AutoTuner: Block shape <80,80,40> took 1.502839 (s) in 3 time steps
AutoTuner: Block shape <80,40,80> took 0.752310 (s) in 3 time steps
AutoTuner: Block shape <40,80,80> took 0.752902 (s) in 3 time steps
AutoTuner: Block shape <80,80,80> took 1.540717 (s) in 3 time steps
AutoTuner: Block shape <128,64,64> took 0.868528 (s) in 3 time steps
AutoTuner: Block shape <64,128,64> took 0.871265 (s) in 3 time steps
AutoTuner: Block shape <64,64,128> took 0.705007 (s) in 3 time steps
AutoTuner: Block shape <128,128,64> took 1.360556 (s) in 3 time steps
AutoTuner: Block shape <128,64,128> took 1.077651 (s) in 3 time steps
AutoTuner: Block shape <64,128,128> took 1.080751 (s) in 3 time steps
AutoTuner: Block shape <256,128,128> took 3.115964 (s) in 3 time steps
AutoTuner: Block shape <128,256,128> took 3.107345 (s) in 3 time steps
AutoTuner: Block shape <128,128,256> took 2.382487 (s) in 3 time steps
AutoTuner: Block shape <256,256,128> took 5.704344 (s) in 3 time steps
AutoTuner: Block shape <256,128,256> took 4.373410 (s) in 3 time steps
AutoTuner: Block shape <128,256,256> took 4.412848 (s) in 3 time steps
AutoTuner: Block shape <512,256,256> took 15.537268 (s) in 3 time steps
AutoTuner: Block shape <256,512,256> took 15.545326 (s) in 3 time steps
AutoTuner: Block shape <256,256,512> took 12.610107 (s) in 3 time steps
AutoTuner: Block shape <512,512,256> took 29.858268 (s) in 3 time steps
AutoTuner: Block shape <512,256,512> took 24.053711 (s) in 3 time steps
AutoTuner: Block shape <256,512,512> took 24.182293 (s) in 3 time steps
Auto-tuned block shape: {'x0_block_size': 8, 'y0_block_size': 8, 'z0_block_size': 64}
=========================================================================================
Section section_1<415,1> with OI=0.64 computed in 0.001 s [0.04 GFlops/s]
Section section_2<415,101> with OI=1.27 computed in 0.043 s [0.09 GFlops/s]
Section main<415,524,524,524> with OI=20.37 computed in 147.188 s [347.66 GFlops/s, 0.41 GPts/s]
=========================================================================================
Allocating memory for m ((532, 532, 532))
Allocating memory for damp ((532, 532, 532))
Allocating memory for epsilon ((532, 532, 532))
Allocating memory for delta ((532, 532, 532))
Allocating memory for theta ((532, 532, 532))
Allocating memory for phi ((532, 532, 532))
Allocating memory for src ((417, 1))
Allocating memory for src_coords ((1, 3))
Allocating memory for nrec_coords ((101, 3))
Allocating memory for rec_coords ((101, 3))
DSE: extract_time_invariants [flops: 1607, elapsed: 2.22] >>
     eliminate_inter_stencil_redundancies [flops: 1523, elapsed: 3.09] >>
     eliminate_intra_stencil_redundancies [flops: 743, elapsed: 4.46] >>
     factorize [flops: 641, elapsed: 6.98] >>
     finalize [flops: 643, elapsed: 0.21]
     [Total elapsed: 16.96 s]
DLE: avoid_denormals [elapsed: 0.00] >>
     loop_fission [elapsed: 0.19] >>
     loop_blocking [elapsed: 1.80] >>
     simdize [elapsed: 1.07] >>
     ompize [elapsed: 0.84] >>
     create_elemental_functions [elapsed: 3.14] >>
     minimize_remainders [elapsed: 0.23]
     [Total elapsed: 7.28 s]
Allocating memory for rec ((417, 101))
Allocating memory for u ((3, 532, 532, 532))
Allocating memory for v ((3, 532, 532, 532))
IntelCompiler: compiled /tmp/devito-8lgc7kpt/4b36f3748a151cfc18654e93621d5a6863c83da0.c [73.60 s]
AutoTuner: Block shape <8,8,8> took 0.582380 (s) in 3 time steps
AutoTuner: Block shape <16,16,16> took 0.336628 (s) in 3 time steps
AutoTuner: Block shape <24,24,24> took 0.422863 (s) in 3 time steps
AutoTuner: Block shape <32,32,32> took 0.296416 (s) in 3 time steps
AutoTuner: Block shape <40,40,40> took 0.349677 (s) in 3 time steps
AutoTuner: Block shape <64,64,64> took 0.285282 (s) in 3 time steps
AutoTuner: Block shape <128,128,128> took 0.536267 (s) in 3 time steps
AutoTuner: Block shape <256,256,256> took 2.217705 (s) in 3 time steps
AutoTuner: Block shape <512,512,512> took 8.840410 (s) in 3 time steps
AutoTuner: Block shape <524,524,524> took 8.129848 (s) in 3 time steps
AutoTuner: Block shape <8,8,16> took 0.314960 (s) in 3 time steps
AutoTuner: Block shape <8,8,24> took 0.363063 (s) in 3 time steps
AutoTuner: Block shape <8,8,32> took 0.277662 (s) in 3 time steps
AutoTuner: Block shape <8,8,40> took 0.296692 (s) in 3 time steps
AutoTuner: Block shape <8,8,64> took 0.233675 (s) in 3 time steps
AutoTuner: Block shape <8,8,128> took 0.274646 (s) in 3 time steps
AutoTuner: Block shape <8,8,256> took 0.285066 (s) in 3 time steps
AutoTuner: Block shape <8,8,512> took 0.321227 (s) in 3 time steps
AutoTuner: Block shape <8,8,524> took 0.315610 (s) in 3 time steps
AutoTuner: Block shape <16,16,8> took 0.633937 (s) in 3 time steps
AutoTuner: Block shape <16,16,24> took 0.404418 (s) in 3 time steps
AutoTuner: Block shape <16,16,32> took 0.298369 (s) in 3 time steps
AutoTuner: Block shape <16,16,40> took 0.314326 (s) in 3 time steps
AutoTuner: Block shape <16,16,64> took 0.255291 (s) in 3 time steps
AutoTuner: Block shape <16,16,128> took 0.306540 (s) in 3 time steps
AutoTuner: Block shape <16,16,256> took 0.308518 (s) in 3 time steps
AutoTuner: Block shape <16,16,512> took 0.356255 (s) in 3 time steps
AutoTuner: Block shape <16,16,524> took 0.350287 (s) in 3 time steps
AutoTuner: Block shape <24,24,8> took 0.680887 (s) in 3 time steps
AutoTuner: Block shape <24,24,16> took 0.386022 (s) in 3 time steps
AutoTuner: Block shape <24,24,32> took 0.307436 (s) in 3 time steps
AutoTuner: Block shape <24,24,40> took 0.354644 (s) in 3 time steps
AutoTuner: Block shape <24,24,64> took 0.266909 (s) in 3 time steps
AutoTuner: Block shape <24,24,128> took 0.290510 (s) in 3 time steps
AutoTuner: Block shape <24,24,256> took 0.335950 (s) in 3 time steps
AutoTuner: Block shape <24,24,512> took 0.432894 (s) in 3 time steps
AutoTuner: Block shape <24,24,524> took 0.418030 (s) in 3 time steps
AutoTuner: Block shape <32,32,8> took 0.692823 (s) in 3 time steps
AutoTuner: Block shape <32,32,16> took 0.400902 (s) in 3 time steps
AutoTuner: Block shape <32,32,24> took 0.414650 (s) in 3 time steps
AutoTuner: Block shape <32,32,40> took 0.344892 (s) in 3 time steps
AutoTuner: Block shape <32,32,64> took 0.255884 (s) in 3 time steps
AutoTuner: Block shape <32,32,128> took 0.273201 (s) in 3 time steps
AutoTuner: Block shape <32,32,256> took 0.323493 (s) in 3 time steps
AutoTuner: Block shape <32,32,512> took 0.383059 (s) in 3 time steps
AutoTuner: Block shape <32,32,524> took 0.397872 (s) in 3 time steps
AutoTuner: Block shape <16,8,8> took 0.528944 (s) in 3 time steps
AutoTuner: Block shape <8,16,8> took 0.635183 (s) in 3 time steps
AutoTuner: Block shape <16,8,16> took 0.325825 (s) in 3 time steps
AutoTuner: Block shape <8,16,16> took 0.359762 (s) in 3 time steps
AutoTuner: Block shape <32,16,16> took 0.334474 (s) in 3 time steps
AutoTuner: Block shape <16,32,16> took 0.366540 (s) in 3 time steps
AutoTuner: Block shape <32,16,32> took 0.297631 (s) in 3 time steps
AutoTuner: Block shape <16,32,32> took 0.295789 (s) in 3 time steps
AutoTuner: Block shape <48,24,24> took 0.441477 (s) in 3 time steps
AutoTuner: Block shape <24,48,24> took 0.426245 (s) in 3 time steps
AutoTuner: Block shape <24,24,48> took 0.283816 (s) in 3 time steps
AutoTuner: Block shape <48,48,24> took 0.495706 (s) in 3 time steps
AutoTuner: Block shape <48,24,48> took 0.313882 (s) in 3 time steps
AutoTuner: Block shape <24,48,48> took 0.318547 (s) in 3 time steps
AutoTuner: Block shape <48,48,48> took 0.390384 (s) in 3 time steps
AutoTuner: Block shape <64,32,32> took 0.305726 (s) in 3 time steps
AutoTuner: Block shape <32,64,32> took 0.307508 (s) in 3 time steps
AutoTuner: Block shape <64,64,32> took 0.336161 (s) in 3 time steps
AutoTuner: Block shape <64,32,64> took 0.267054 (s) in 3 time steps
AutoTuner: Block shape <32,64,64> took 0.278151 (s) in 3 time steps
AutoTuner: Block shape <80,40,40> took 0.366984 (s) in 3 time steps
AutoTuner: Block shape <40,80,40> took 0.372810 (s) in 3 time steps
AutoTuner: Block shape <40,40,80> took 0.276976 (s) in 3 time steps
AutoTuner: Block shape <80,80,40> took 0.475945 (s) in 3 time steps
AutoTuner: Block shape <80,40,80> took 0.326274 (s) in 3 time steps
AutoTuner: Block shape <40,80,80> took 0.349405 (s) in 3 time steps
AutoTuner: Block shape <80,80,80> took 0.551339 (s) in 3 time steps
AutoTuner: Block shape <128,64,64> took 0.333623 (s) in 3 time steps
AutoTuner: Block shape <64,128,64> took 0.332251 (s) in 3 time steps
AutoTuner: Block shape <64,64,128> took 0.306726 (s) in 3 time steps
AutoTuner: Block shape <128,128,64> took 0.479210 (s) in 3 time steps
AutoTuner: Block shape <128,64,128> took 0.424656 (s) in 3 time steps
AutoTuner: Block shape <64,128,128> took 0.408715 (s) in 3 time steps
AutoTuner: Block shape <256,128,128> took 0.884172 (s) in 3 time steps
AutoTuner: Block shape <128,256,128> took 0.894904 (s) in 3 time steps
AutoTuner: Block shape <128,128,256> took 0.720554 (s) in 3 time steps
AutoTuner: Block shape <256,256,128> took 1.454947 (s) in 3 time steps
AutoTuner: Block shape <256,128,256> took 1.195376 (s) in 3 time steps
AutoTuner: Block shape <128,256,256> took 1.257948 (s) in 3 time steps
AutoTuner: Block shape <512,256,256> took 4.002998 (s) in 3 time steps
AutoTuner: Block shape <256,512,256> took 3.955498 (s) in 3 time steps
AutoTuner: Block shape <256,256,512> took 3.503671 (s) in 3 time steps
AutoTuner: Block shape <512,512,256> took 7.671841 (s) in 3 time steps
AutoTuner: Block shape <512,256,512> took 6.353512 (s) in 3 time steps
AutoTuner: Block shape <256,512,512> took 6.435343 (s) in 3 time steps
Auto-tuned block shape: {'x0_block_size': 8, 'y0_block_size': 8, 'z0_block_size': 64}
=========================================================================================
Section section_0<528,528,528> with OI=0.34 computed in 0.053 s [19.42 GFlops/s]
Section section_2<415,1> with OI=0.64 computed in 0.001 s [0.04 GFlops/s]
Section section_3<415,101> with OI=1.27 computed in 0.044 s [0.09 GFlops/s]
Section main<415,524,524,524> with OI=13.90 computed in 76.879 s [499.40 GFlops/s, 0.78 GPts/s]
=========================================================================================
Allocating memory for m ((532, 532, 532))
Allocating memory for damp ((532, 532, 532))
Allocating memory for epsilon ((532, 532, 532))
Allocating memory for delta ((532, 532, 532))
Allocating memory for theta ((532, 532, 532))
Allocating memory for phi ((532, 532, 532))
Allocating memory for src ((417, 1))
Allocating memory for src_coords ((1, 3))
Allocating memory for nrec_coords ((101, 3))
Allocating memory for rec_coords ((101, 3))
DSE: extract_time_invariants [flops: 1607, elapsed: 2.21] >>
     eliminate_inter_stencil_redundancies [flops: 1523, elapsed: 3.09] >>
     eliminate_intra_stencil_redundancies [flops: 743, elapsed: 4.45] >>
     factorize [flops: 641, elapsed: 6.99] >>
     finalize [flops: 643, elapsed: 0.21]
     [Total elapsed: 16.95 s]
DLE: avoid_denormals [elapsed: 0.00] >>
     loop_fission [elapsed: 0.19] >>
     loop_blocking [elapsed: 1.81] >>
     simdize [elapsed: 1.07] >>
     ompize [elapsed: 0.84] >>
     create_elemental_functions [elapsed: 3.15] >>
     minimize_remainders [elapsed: 0.24]
     [Total elapsed: 7.30 s]
Allocating memory for rec ((417, 101))
Allocating memory for u ((3, 532, 532, 532))
Allocating memory for v ((3, 532, 532, 532))
IntelCompiler: compiled /tmp/devito-8lgc7kpt/4b36f3748a151cfc18654e93621d5a6863c83da0.c [74.52 s]
AutoTuner: Block shape <8,8,8> took 0.561453 (s) in 3 time steps
AutoTuner: Block shape <16,16,16> took 0.340797 (s) in 3 time steps
AutoTuner: Block shape <24,24,24> took 0.424716 (s) in 3 time steps
AutoTuner: Block shape <32,32,32> took 0.303674 (s) in 3 time steps
AutoTuner: Block shape <40,40,40> took 0.354157 (s) in 3 time steps
AutoTuner: Block shape <64,64,64> took 0.282766 (s) in 3 time steps
AutoTuner: Block shape <128,128,128> took 0.529784 (s) in 3 time steps
AutoTuner: Block shape <256,256,256> took 2.236053 (s) in 3 time steps
AutoTuner: Block shape <512,512,512> took 8.825454 (s) in 3 time steps
AutoTuner: Block shape <524,524,524> took 8.134678 (s) in 3 time steps
AutoTuner: Block shape <8,8,16> took 0.305827 (s) in 3 time steps
AutoTuner: Block shape <8,8,24> took 0.355325 (s) in 3 time steps
AutoTuner: Block shape <8,8,32> took 0.264428 (s) in 3 time steps
AutoTuner: Block shape <8,8,40> took 0.312233 (s) in 3 time steps
AutoTuner: Block shape <8,8,64> took 0.229402 (s) in 3 time steps
AutoTuner: Block shape <8,8,128> took 0.254999 (s) in 3 time steps
AutoTuner: Block shape <8,8,256> took 0.289032 (s) in 3 time steps
AutoTuner: Block shape <8,8,512> took 0.324162 (s) in 3 time steps
AutoTuner: Block shape <8,8,524> took 0.329450 (s) in 3 time steps
AutoTuner: Block shape <16,16,8> took 0.626112 (s) in 3 time steps
AutoTuner: Block shape <16,16,24> took 0.393451 (s) in 3 time steps
AutoTuner: Block shape <16,16,32> took 0.303848 (s) in 3 time steps
AutoTuner: Block shape <16,16,40> took 0.323917 (s) in 3 time steps
AutoTuner: Block shape <16,16,64> took 0.259651 (s) in 3 time steps
AutoTuner: Block shape <16,16,128> took 0.260926 (s) in 3 time steps
AutoTuner: Block shape <16,16,256> took 0.304476 (s) in 3 time steps
AutoTuner: Block shape <16,16,512> took 0.348112 (s) in 3 time steps
AutoTuner: Block shape <16,16,524> took 0.362969 (s) in 3 time steps
AutoTuner: Block shape <24,24,8> took 0.681133 (s) in 3 time steps
AutoTuner: Block shape <24,24,16> took 0.369649 (s) in 3 time steps
AutoTuner: Block shape <24,24,32> took 0.315091 (s) in 3 time steps
AutoTuner: Block shape <24,24,40> took 0.353584 (s) in 3 time steps
AutoTuner: Block shape <24,24,64> took 0.275619 (s) in 3 time steps
AutoTuner: Block shape <24,24,128> took 0.282615 (s) in 3 time steps
AutoTuner: Block shape <24,24,256> took 0.327850 (s) in 3 time steps
AutoTuner: Block shape <24,24,512> took 0.429635 (s) in 3 time steps
AutoTuner: Block shape <24,24,524> took 0.427345 (s) in 3 time steps
AutoTuner: Block shape <32,32,8> took 0.697488 (s) in 3 time steps
AutoTuner: Block shape <32,32,16> took 0.360531 (s) in 3 time steps
AutoTuner: Block shape <32,32,24> took 0.406061 (s) in 3 time steps
AutoTuner: Block shape <32,32,40> took 0.337183 (s) in 3 time steps
AutoTuner: Block shape <32,32,64> took 0.274100 (s) in 3 time steps
AutoTuner: Block shape <32,32,128> took 0.264507 (s) in 3 time steps
AutoTuner: Block shape <32,32,256> took 0.315894 (s) in 3 time steps
AutoTuner: Block shape <32,32,512> took 0.385904 (s) in 3 time steps
AutoTuner: Block shape <32,32,524> took 0.393990 (s) in 3 time steps
AutoTuner: Block shape <16,8,8> took 0.544028 (s) in 3 time steps
AutoTuner: Block shape <8,16,8> took 0.635006 (s) in 3 time steps
AutoTuner: Block shape <16,8,16> took 0.321997 (s) in 3 time steps
AutoTuner: Block shape <8,16,16> took 0.370744 (s) in 3 time steps
AutoTuner: Block shape <32,16,16> took 0.337798 (s) in 3 time steps
AutoTuner: Block shape <16,32,16> took 0.367881 (s) in 3 time steps
AutoTuner: Block shape <32,16,32> took 0.283926 (s) in 3 time steps
AutoTuner: Block shape <16,32,32> took 0.290210 (s) in 3 time steps
AutoTuner: Block shape <48,24,24> took 0.439638 (s) in 3 time steps
AutoTuner: Block shape <24,48,24> took 0.442814 (s) in 3 time steps
AutoTuner: Block shape <24,24,48> took 0.272833 (s) in 3 time steps
AutoTuner: Block shape <48,48,24> took 0.482608 (s) in 3 time steps
AutoTuner: Block shape <48,24,48> took 0.321110 (s) in 3 time steps
AutoTuner: Block shape <24,48,48> took 0.314748 (s) in 3 time steps
AutoTuner: Block shape <48,48,48> took 0.398844 (s) in 3 time steps
AutoTuner: Block shape <64,32,32> took 0.293458 (s) in 3 time steps
AutoTuner: Block shape <32,64,32> took 0.309366 (s) in 3 time steps
AutoTuner: Block shape <64,64,32> took 0.334003 (s) in 3 time steps
AutoTuner: Block shape <64,32,64> took 0.276732 (s) in 3 time steps
AutoTuner: Block shape <32,64,64> took 0.283113 (s) in 3 time steps
AutoTuner: Block shape <80,40,40> took 0.356888 (s) in 3 time steps
AutoTuner: Block shape <40,80,40> took 0.364337 (s) in 3 time steps
AutoTuner: Block shape <40,40,80> took 0.267243 (s) in 3 time steps
AutoTuner: Block shape <80,80,40> took 0.490470 (s) in 3 time steps
AutoTuner: Block shape <80,40,80> took 0.322075 (s) in 3 time steps
AutoTuner: Block shape <40,80,80> took 0.333633 (s) in 3 time steps
AutoTuner: Block shape <80,80,80> took 0.557834 (s) in 3 time steps
AutoTuner: Block shape <128,64,64> took 0.329105 (s) in 3 time steps
AutoTuner: Block shape <64,128,64> took 0.344384 (s) in 3 time steps
AutoTuner: Block shape <64,64,128> took 0.303138 (s) in 3 time steps
AutoTuner: Block shape <128,128,64> took 0.459564 (s) in 3 time steps
AutoTuner: Block shape <128,64,128> took 0.422652 (s) in 3 time steps
AutoTuner: Block shape <64,128,128> took 0.418805 (s) in 3 time steps
AutoTuner: Block shape <256,128,128> took 0.892170 (s) in 3 time steps
AutoTuner: Block shape <128,256,128> took 0.880456 (s) in 3 time steps
AutoTuner: Block shape <128,128,256> took 0.738707 (s) in 3 time steps
AutoTuner: Block shape <256,256,128> took 1.439437 (s) in 3 time steps
AutoTuner: Block shape <256,128,256> took 1.254847 (s) in 3 time steps
AutoTuner: Block shape <128,256,256> took 1.266171 (s) in 3 time steps
AutoTuner: Block shape <512,256,256> took 4.032315 (s) in 3 time steps
AutoTuner: Block shape <256,512,256> took 4.063758 (s) in 3 time steps
AutoTuner: Block shape <256,256,512> took 3.491933 (s) in 3 time steps
AutoTuner: Block shape <512,512,256> took 7.552571 (s) in 3 time steps
AutoTuner: Block shape <512,256,512> took 6.382557 (s) in 3 time steps
AutoTuner: Block shape <256,512,512> took 6.449633 (s) in 3 time steps
Auto-tuned block shape: {'x0_block_size': 8, 'y0_block_size': 8, 'z0_block_size': 64}
=========================================================================================
Section section_0<528,528,528> with OI=0.34 computed in 0.039 s [26.42 GFlops/s]
Section section_2<415,1> with OI=0.64 computed in 0.001 s [0.04 GFlops/s]
Section section_3<415,101> with OI=1.27 computed in 0.137 s [0.03 GFlops/s]
Section main<415,524,524,524> with OI=13.90 computed in 77.837 s [493.25 GFlops/s, 0.77 GPts/s]
=========================================================================================
Allocating memory for m ((532, 532, 532))
Allocating memory for damp ((532, 532, 532))
Allocating memory for epsilon ((532, 532, 532))
Allocating memory for delta ((532, 532, 532))
Allocating memory for theta ((532, 532, 532))
Allocating memory for phi ((532, 532, 532))
Allocating memory for src ((417, 1))
Allocating memory for src_coords ((1, 3))
Allocating memory for nrec_coords ((101, 3))
Allocating memory for rec_coords ((101, 3))
DSE: extract_time_invariants [flops: 1607, elapsed: 2.22] >>
     eliminate_inter_stencil_redundancies [flops: 1523, elapsed: 3.10] >>
     eliminate_intra_stencil_redundancies [flops: 743, elapsed: 4.47] >>
     factorize [flops: 641, elapsed: 7.02] >>
     finalize [flops: 643, elapsed: 0.21]
     [Total elapsed: 17.01 s]
DLE: avoid_denormals [elapsed: 0.00] >>
     loop_fission [elapsed: 0.19] >>
     loop_blocking [elapsed: 1.82] >>
     simdize [elapsed: 1.07] >>
     ompize [elapsed: 0.84] >>
     create_elemental_functions [elapsed: 3.17] >>
     minimize_remainders [elapsed: 0.24]
     [Total elapsed: 7.33 s]
Allocating memory for rec ((417, 101))
Allocating memory for u ((3, 532, 532, 532))
Allocating memory for v ((3, 532, 532, 532))
IntelCompiler: compiled /tmp/devito-8lgc7kpt/4b36f3748a151cfc18654e93621d5a6863c83da0.c [72.66 s]
AutoTuner: Block shape <8,8,8> took 0.551993 (s) in 3 time steps
AutoTuner: Block shape <16,16,16> took 0.350011 (s) in 3 time steps
AutoTuner: Block shape <24,24,24> took 0.411397 (s) in 3 time steps
AutoTuner: Block shape <32,32,32> took 0.298441 (s) in 3 time steps
AutoTuner: Block shape <40,40,40> took 0.349112 (s) in 3 time steps
AutoTuner: Block shape <64,64,64> took 0.291410 (s) in 3 time steps
AutoTuner: Block shape <128,128,128> took 0.520275 (s) in 3 time steps
AutoTuner: Block shape <256,256,256> took 2.202746 (s) in 3 time steps
AutoTuner: Block shape <512,512,512> took 8.844182 (s) in 3 time steps
AutoTuner: Block shape <524,524,524> took 8.109410 (s) in 3 time steps
AutoTuner: Block shape <8,8,16> took 0.316633 (s) in 3 time steps
AutoTuner: Block shape <8,8,24> took 0.345339 (s) in 3 time steps
AutoTuner: Block shape <8,8,32> took 0.265889 (s) in 3 time steps
AutoTuner: Block shape <8,8,40> took 0.312168 (s) in 3 time steps
AutoTuner: Block shape <8,8,64> took 0.237106 (s) in 3 time steps
AutoTuner: Block shape <8,8,128> took 0.256584 (s) in 3 time steps
AutoTuner: Block shape <8,8,256> took 0.281110 (s) in 3 time steps
AutoTuner: Block shape <8,8,512> took 0.320177 (s) in 3 time steps
AutoTuner: Block shape <8,8,524> took 0.320393 (s) in 3 time steps
AutoTuner: Block shape <16,16,8> took 0.634282 (s) in 3 time steps
AutoTuner: Block shape <16,16,24> took 0.380766 (s) in 3 time steps
AutoTuner: Block shape <16,16,32> took 0.283836 (s) in 3 time steps
AutoTuner: Block shape <16,16,40> took 0.325413 (s) in 3 time steps
AutoTuner: Block shape <16,16,64> took 0.254878 (s) in 3 time steps
AutoTuner: Block shape <16,16,128> took 0.271851 (s) in 3 time steps
AutoTuner: Block shape <16,16,256> took 0.289918 (s) in 3 time steps
AutoTuner: Block shape <16,16,512> took 0.353335 (s) in 3 time steps
AutoTuner: Block shape <16,16,524> took 0.360544 (s) in 3 time steps
AutoTuner: Block shape <24,24,8> took 0.678980 (s) in 3 time steps
AutoTuner: Block shape <24,24,16> took 0.371309 (s) in 3 time steps
AutoTuner: Block shape <24,24,32> took 0.293926 (s) in 3 time steps
AutoTuner: Block shape <24,24,40> took 0.352437 (s) in 3 time steps
AutoTuner: Block shape <24,24,64> took 0.267171 (s) in 3 time steps
AutoTuner: Block shape <24,24,128> took 0.296902 (s) in 3 time steps
AutoTuner: Block shape <24,24,256> took 0.320192 (s) in 3 time steps
AutoTuner: Block shape <24,24,512> took 0.446938 (s) in 3 time steps
AutoTuner: Block shape <24,24,524> took 0.433960 (s) in 3 time steps
AutoTuner: Block shape <32,32,8> took 0.686923 (s) in 3 time steps
AutoTuner: Block shape <32,32,16> took 0.369717 (s) in 3 time steps
AutoTuner: Block shape <32,32,24> took 0.397042 (s) in 3 time steps
AutoTuner: Block shape <32,32,40> took 0.337109 (s) in 3 time steps
AutoTuner: Block shape <32,32,64> took 0.270241 (s) in 3 time steps
AutoTuner: Block shape <32,32,128> took 0.271970 (s) in 3 time steps
AutoTuner: Block shape <32,32,256> took 0.315684 (s) in 3 time steps
AutoTuner: Block shape <32,32,512> took 0.413307 (s) in 3 time steps
AutoTuner: Block shape <32,32,524> took 0.426037 (s) in 3 time steps
AutoTuner: Block shape <16,8,8> took 0.524814 (s) in 3 time steps
AutoTuner: Block shape <8,16,8> took 0.645936 (s) in 3 time steps
AutoTuner: Block shape <16,8,16> took 0.314924 (s) in 3 time steps
AutoTuner: Block shape <8,16,16> took 0.344919 (s) in 3 time steps
AutoTuner: Block shape <32,16,16> took 0.346876 (s) in 3 time steps
AutoTuner: Block shape <16,32,16> took 0.360523 (s) in 3 time steps
AutoTuner: Block shape <32,16,32> took 0.291742 (s) in 3 time steps
AutoTuner: Block shape <16,32,32> took 0.285472 (s) in 3 time steps
AutoTuner: Block shape <48,24,24> took 0.426286 (s) in 3 time steps
AutoTuner: Block shape <24,48,24> took 0.436862 (s) in 3 time steps
AutoTuner: Block shape <24,24,48> took 0.282111 (s) in 3 time steps
AutoTuner: Block shape <48,48,24> took 0.483638 (s) in 3 time steps
AutoTuner: Block shape <48,24,48> took 0.308442 (s) in 3 time steps
AutoTuner: Block shape <24,48,48> took 0.314784 (s) in 3 time steps
AutoTuner: Block shape <48,48,48> took 0.417101 (s) in 3 time steps
AutoTuner: Block shape <64,32,32> took 0.310669 (s) in 3 time steps
AutoTuner: Block shape <32,64,32> took 0.296996 (s) in 3 time steps
AutoTuner: Block shape <64,64,32> took 0.319367 (s) in 3 time steps
AutoTuner: Block shape <64,32,64> took 0.277631 (s) in 3 time steps
AutoTuner: Block shape <32,64,64> took 0.276474 (s) in 3 time steps
AutoTuner: Block shape <80,40,40> took 0.367919 (s) in 3 time steps
AutoTuner: Block shape <40,80,40> took 0.354966 (s) in 3 time steps
AutoTuner: Block shape <40,40,80> took 0.267191 (s) in 3 time steps
AutoTuner: Block shape <80,80,40> took 0.481766 (s) in 3 time steps
AutoTuner: Block shape <80,40,80> took 0.332485 (s) in 3 time steps
AutoTuner: Block shape <40,80,80> took 0.335043 (s) in 3 time steps
AutoTuner: Block shape <80,80,80> took 0.556288 (s) in 3 time steps
AutoTuner: Block shape <128,64,64> took 0.327366 (s) in 3 time steps
AutoTuner: Block shape <64,128,64> took 0.329867 (s) in 3 time steps
AutoTuner: Block shape <64,64,128> took 0.315002 (s) in 3 time steps
AutoTuner: Block shape <128,128,64> took 0.443055 (s) in 3 time steps
AutoTuner: Block shape <128,64,128> took 0.416071 (s) in 3 time steps
AutoTuner: Block shape <64,128,128> took 0.418822 (s) in 3 time steps
AutoTuner: Block shape <256,128,128> took 0.881566 (s) in 3 time steps
AutoTuner: Block shape <128,256,128> took 0.902005 (s) in 3 time steps
AutoTuner: Block shape <128,128,256> took 0.716227 (s) in 3 time steps
AutoTuner: Block shape <256,256,128> took 1.443224 (s) in 3 time steps
AutoTuner: Block shape <256,128,256> took 1.203040 (s) in 3 time steps
AutoTuner: Block shape <128,256,256> took 1.293777 (s) in 3 time steps
AutoTuner: Block shape <512,256,256> took 3.962935 (s) in 3 time steps
AutoTuner: Block shape <256,512,256> took 3.998297 (s) in 3 time steps
AutoTuner: Block shape <256,256,512> took 3.490326 (s) in 3 time steps
AutoTuner: Block shape <512,512,256> took 7.701256 (s) in 3 time steps
AutoTuner: Block shape <512,256,512> took 6.377608 (s) in 3 time steps
AutoTuner: Block shape <256,512,512> took 6.458444 (s) in 3 time steps
Auto-tuned block shape: {'x0_block_size': 8, 'y0_block_size': 8, 'z0_block_size': 64}
=========================================================================================
Section section_0<528,528,528> with OI=0.34 computed in 0.040 s [25.59 GFlops/s]
Section section_2<415,1> with OI=0.64 computed in 0.001 s [0.03 GFlops/s]
Section section_3<415,101> with OI=1.27 computed in 0.058 s [0.07 GFlops/s]
Section main<415,524,524,524> with OI=13.90 computed in 76.776 s [500.07 GFlops/s, 0.78 GPts/s]
=========================================================================================
Allocating memory for m ((532, 532, 532))
Allocating memory for damp ((532, 532, 532))
Allocating memory for epsilon ((532, 532, 532))
Allocating memory for delta ((532, 532, 532))
Allocating memory for theta ((532, 532, 532))
Allocating memory for phi ((532, 532, 532))
Allocating memory for src ((417, 1))
Allocating memory for src_coords ((1, 3))
Allocating memory for nrec_coords ((101, 3))
Allocating memory for rec_coords ((101, 3))
DSE: extract_time_varying [flops: 1417, elapsed: 1.51] >>
     extract_time_invariants [flops: 1145, elapsed: 0.85] >>
     eliminate_inter_stencil_redundancies [flops: 635, elapsed: 2.50] >>
     extract_sum_of_products [flops: 461, elapsed: 0.44] >>
     eliminate_inter_stencil_redundancies [flops: 307, elapsed: 0.74] >>
     extract_sum_of_products [flops: 264, elapsed: 0.21] >>
     factorize [flops: 202, elapsed: 1.52] >>
     eliminate_intra_stencil_redundancies [flops: 167, elapsed: 0.53] >>
     finalize [flops: 168, elapsed: 0.05]
     [Total elapsed: 8.36 s]
DLE: avoid_denormals [elapsed: 0.00] >>
     loop_fission [elapsed: 0.12] >>
     loop_blocking [elapsed: 4.40] >>
     simdize [elapsed: 0.60] >>
     ompize [elapsed: 0.73] >>
     create_elemental_functions [elapsed: 3.85] >>
     minimize_remainders [elapsed: 0.21]
     [Total elapsed: 9.91 s]
Allocating memory for rec ((417, 101))
Allocating memory for u ((3, 532, 532, 532))
Allocating memory for v ((3, 532, 532, 532))
IntelCompiler: compiled /tmp/devito-8lgc7kpt/3e518cf6126bd4e67c0c5a6ad12c53ffe37eb9c7.c [18.13 s]
AutoTuner: Block shape <8,8,8> took 0.639905 (s) in 3 time steps
AutoTuner: Block shape <16,16,16> took 0.381294 (s) in 3 time steps
AutoTuner: Block shape <24,24,24> took 0.323445 (s) in 3 time steps
AutoTuner: Block shape <32,32,32> took 0.297115 (s) in 3 time steps
AutoTuner: Block shape <40,40,40> took 0.275762 (s) in 3 time steps
AutoTuner: Block shape <8,8,16> took 0.434192 (s) in 3 time steps
AutoTuner: Block shape <8,8,24> took 0.352565 (s) in 3 time steps
AutoTuner: Block shape <8,8,32> took 0.418089 (s) in 3 time steps
AutoTuner: Block shape <8,8,40> took 0.322332 (s) in 3 time steps
AutoTuner: Block shape <8,8,64> took 0.316362 (s) in 3 time steps
AutoTuner: Block shape <8,8,128> took 0.299992 (s) in 3 time steps
AutoTuner: Block shape <8,8,256> took 0.307881 (s) in 3 time steps
AutoTuner: Block shape <8,8,512> took 0.350842 (s) in 3 time steps
AutoTuner: Block shape <8,8,524> took 0.300497 (s) in 3 time steps
AutoTuner: Block shape <16,16,8> took 0.563212 (s) in 3 time steps
AutoTuner: Block shape <16,16,24> took 0.363639 (s) in 3 time steps
AutoTuner: Block shape <16,16,32> took 0.312154 (s) in 3 time steps
AutoTuner: Block shape <16,16,40> took 0.286342 (s) in 3 time steps
AutoTuner: Block shape <16,16,64> took 0.268407 (s) in 3 time steps
AutoTuner: Block shape <16,16,128> took 0.297843 (s) in 3 time steps
AutoTuner: Block shape <16,16,256> took 0.263081 (s) in 3 time steps
AutoTuner: Block shape <16,16,512> took 0.303669 (s) in 3 time steps
AutoTuner: Block shape <16,16,524> took 0.280788 (s) in 3 time steps
AutoTuner: Block shape <24,24,8> took 0.530243 (s) in 3 time steps
AutoTuner: Block shape <24,24,16> took 0.418860 (s) in 3 time steps
AutoTuner: Block shape <24,24,32> took 0.326225 (s) in 3 time steps
AutoTuner: Block shape <24,24,40> took 0.317642 (s) in 3 time steps
AutoTuner: Block shape <24,24,64> took 0.273936 (s) in 3 time steps
AutoTuner: Block shape <24,24,128> took 0.306805 (s) in 3 time steps
AutoTuner: Block shape <24,24,256> took 0.297383 (s) in 3 time steps
AutoTuner: Block shape <32,32,8> took 0.603808 (s) in 3 time steps
AutoTuner: Block shape <32,32,16> took 0.398716 (s) in 3 time steps
AutoTuner: Block shape <32,32,24> took 0.359806 (s) in 3 time steps
AutoTuner: Block shape <32,32,40> took 0.281834 (s) in 3 time steps
AutoTuner: Block shape <32,32,64> took 0.284666 (s) in 3 time steps
AutoTuner: Block shape <32,32,128> took 0.288030 (s) in 3 time steps
AutoTuner: Block shape <16,8,8> took 0.505422 (s) in 3 time steps
AutoTuner: Block shape <8,16,8> took 0.650089 (s) in 3 time steps
AutoTuner: Block shape <16,8,16> took 0.417826 (s) in 3 time steps
AutoTuner: Block shape <8,16,16> took 0.453832 (s) in 3 time steps
AutoTuner: Block shape <32,16,16> took 0.411527 (s) in 3 time steps
AutoTuner: Block shape <16,32,16> took 0.425075 (s) in 3 time steps
AutoTuner: Block shape <32,16,32> took 0.336132 (s) in 3 time steps
AutoTuner: Block shape <16,32,32> took 0.305591 (s) in 3 time steps
AutoTuner: Block shape <48,24,24> took 0.357034 (s) in 3 time steps
AutoTuner: Block shape <24,48,24> took 0.451375 (s) in 3 time steps
AutoTuner: Block shape <24,24,48> took 0.377448 (s) in 3 time steps
AutoTuner: Block shape <48,48,24> took 0.497025 (s) in 3 time steps
AutoTuner: Block shape <48,24,48> took 0.410570 (s) in 3 time steps
AutoTuner: Block shape <24,48,48> took 0.333013 (s) in 3 time steps
AutoTuner: Block shape <48,48,48> took 0.351884 (s) in 3 time steps
AutoTuner: Block shape <64,32,32> took 0.355743 (s) in 3 time steps
AutoTuner: Block shape <32,64,32> took 0.307222 (s) in 3 time steps
AutoTuner: Block shape <64,64,32> took 0.331212 (s) in 3 time steps
AutoTuner: Block shape <64,32,64> took 0.248310 (s) in 3 time steps
AutoTuner: Block shape <32,64,64> took 0.282115 (s) in 3 time steps
AutoTuner: Block shape <80,40,40> took 0.310467 (s) in 3 time steps
AutoTuner: Block shape <40,80,40> took 0.310540 (s) in 3 time steps
AutoTuner: Block shape <40,40,80> took 0.271813 (s) in 3 time steps
Auto-tuned block shape: {'x0_block_size': 64, 'y0_block_size': 32, 'z0_block_size': 64}
=========================================================================================
Section section_0<528,528,528> with OI=0.16 computed in 0.033 s [17.72 GFlops/s]
Section section_3<415,1> with OI=0.64 computed in 0.001 s [0.03 GFlops/s]
Section section_4<415,101> with OI=1.27 computed in 0.027 s [0.15 GFlops/s]
Section main<415,528,528,528> with OI=2.55 computed in 91.113 s [112.64 GFlops/s, 0.67 GPts/s]
=========================================================================================
Allocating memory for m ((532, 532, 532))
Allocating memory for damp ((532, 532, 532))
Allocating memory for epsilon ((532, 532, 532))
Allocating memory for delta ((532, 532, 532))
Allocating memory for theta ((532, 532, 532))
Allocating memory for phi ((532, 532, 532))
Allocating memory for src ((417, 1))
Allocating memory for src_coords ((1, 3))
Allocating memory for nrec_coords ((101, 3))
Allocating memory for rec_coords ((101, 3))
DSE: extract_time_varying [flops: 1417, elapsed: 1.50] >>
     extract_time_invariants [flops: 1145, elapsed: 0.85] >>
     eliminate_inter_stencil_redundancies [flops: 635, elapsed: 2.49] >>
     extract_sum_of_products [flops: 461, elapsed: 0.44] >>
     eliminate_inter_stencil_redundancies [flops: 307, elapsed: 0.74] >>
     extract_sum_of_products [flops: 264, elapsed: 0.21] >>
     factorize [flops: 202, elapsed: 1.53] >>
     eliminate_intra_stencil_redundancies [flops: 167, elapsed: 0.53] >>
     finalize [flops: 168, elapsed: 0.05]
     [Total elapsed: 8.33 s]
DLE: avoid_denormals [elapsed: 0.00] >>
     loop_fission [elapsed: 0.12] >>
     loop_blocking [elapsed: 4.38] >>
     simdize [elapsed: 0.60] >>
     ompize [elapsed: 0.72] >>
     create_elemental_functions [elapsed: 3.84] >>
     minimize_remainders [elapsed: 0.21]
     [Total elapsed: 9.88 s]
Allocating memory for rec ((417, 101))
Allocating memory for u ((3, 532, 532, 532))
Allocating memory for v ((3, 532, 532, 532))
IntelCompiler: compiled /tmp/devito-8lgc7kpt/aa883eef83539bbac256c895d15a9722e231228a.c [17.45 s]
AutoTuner: Block shape <8,8,8> took 0.670923 (s) in 3 time steps
AutoTuner: Block shape <16,16,16> took 0.413777 (s) in 3 time steps
AutoTuner: Block shape <24,24,24> took 0.330751 (s) in 3 time steps
AutoTuner: Block shape <32,32,32> took 0.313050 (s) in 3 time steps
AutoTuner: Block shape <40,40,40> took 0.300569 (s) in 3 time steps
AutoTuner: Block shape <8,8,16> took 0.467917 (s) in 3 time steps
AutoTuner: Block shape <8,8,24> took 0.366694 (s) in 3 time steps
AutoTuner: Block shape <8,8,32> took 0.343351 (s) in 3 time steps
AutoTuner: Block shape <8,8,40> took 0.335147 (s) in 3 time steps
AutoTuner: Block shape <8,8,64> took 0.298093 (s) in 3 time steps
AutoTuner: Block shape <8,8,128> took 0.304434 (s) in 3 time steps
AutoTuner: Block shape <8,8,256> took 0.309325 (s) in 3 time steps
AutoTuner: Block shape <8,8,512> took 0.313124 (s) in 3 time steps
AutoTuner: Block shape <8,8,524> took 0.331037 (s) in 3 time steps
AutoTuner: Block shape <16,16,8> took 0.521554 (s) in 3 time steps
AutoTuner: Block shape <16,16,24> took 0.332844 (s) in 3 time steps
AutoTuner: Block shape <16,16,32> took 0.300797 (s) in 3 time steps
AutoTuner: Block shape <16,16,40> took 0.292427 (s) in 3 time steps
AutoTuner: Block shape <16,16,64> took 0.271393 (s) in 3 time steps
AutoTuner: Block shape <16,16,128> took 0.271776 (s) in 3 time steps
AutoTuner: Block shape <16,16,256> took 0.279089 (s) in 3 time steps
AutoTuner: Block shape <16,16,512> took 0.319964 (s) in 3 time steps
AutoTuner: Block shape <16,16,524> took 0.318845 (s) in 3 time steps
AutoTuner: Block shape <24,24,8> took 0.526122 (s) in 3 time steps
AutoTuner: Block shape <24,24,16> took 0.428270 (s) in 3 time steps
AutoTuner: Block shape <24,24,32> took 0.332849 (s) in 3 time steps
AutoTuner: Block shape <24,24,40> took 0.301331 (s) in 3 time steps
AutoTuner: Block shape <24,24,64> took 0.286270 (s) in 3 time steps
AutoTuner: Block shape <24,24,128> took 0.282296 (s) in 3 time steps
AutoTuner: Block shape <24,24,256> took 0.300192 (s) in 3 time steps
AutoTuner: Block shape <32,32,8> took 0.535665 (s) in 3 time steps
AutoTuner: Block shape <32,32,16> took 0.431703 (s) in 3 time steps
AutoTuner: Block shape <32,32,24> took 0.330288 (s) in 3 time steps
AutoTuner: Block shape <32,32,40> took 0.290663 (s) in 3 time steps
AutoTuner: Block shape <32,32,64> took 0.276464 (s) in 3 time steps
AutoTuner: Block shape <32,32,128> took 0.253347 (s) in 3 time steps
AutoTuner: Block shape <16,8,8> took 0.553585 (s) in 3 time steps
AutoTuner: Block shape <8,16,8> took 0.551287 (s) in 3 time steps
AutoTuner: Block shape <16,8,16> took 0.423302 (s) in 3 time steps
AutoTuner: Block shape <8,16,16> took 0.457110 (s) in 3 time steps
AutoTuner: Block shape <32,16,16> took 0.382502 (s) in 3 time steps
AutoTuner: Block shape <16,32,16> took 0.407572 (s) in 3 time steps
AutoTuner: Block shape <32,16,32> took 0.312993 (s) in 3 time steps
AutoTuner: Block shape <16,32,32> took 0.323627 (s) in 3 time steps
AutoTuner: Block shape <48,24,24> took 0.331580 (s) in 3 time steps
AutoTuner: Block shape <24,48,24> took 0.379125 (s) in 3 time steps
AutoTuner: Block shape <24,24,48> took 0.298433 (s) in 3 time steps
AutoTuner: Block shape <48,48,24> took 0.385267 (s) in 3 time steps
AutoTuner: Block shape <48,24,48> took 0.317726 (s) in 3 time steps
AutoTuner: Block shape <24,48,48> took 0.310505 (s) in 3 time steps
AutoTuner: Block shape <48,48,48> took 0.367000 (s) in 3 time steps
AutoTuner: Block shape <64,32,32> took 0.301696 (s) in 3 time steps
AutoTuner: Block shape <32,64,32> took 0.335141 (s) in 3 time steps
AutoTuner: Block shape <64,64,32> took 0.316219 (s) in 3 time steps
AutoTuner: Block shape <64,32,64> took 0.275743 (s) in 3 time steps
AutoTuner: Block shape <32,64,64> took 0.282055 (s) in 3 time steps
AutoTuner: Block shape <80,40,40> took 0.461017 (s) in 3 time steps
AutoTuner: Block shape <40,80,40> took 0.409051 (s) in 3 time steps
AutoTuner: Block shape <40,40,80> took 0.348653 (s) in 3 time steps
Auto-tuned block shape: {'x0_block_size': 32, 'y0_block_size': 32, 'z0_block_size': 128}
=========================================================================================
Section section_0<528,528,528> with OI=0.16 computed in 0.045 s [12.97 GFlops/s]
Section section_3<415,1> with OI=0.64 computed in 0.001 s [0.03 GFlops/s]
Section section_4<415,101> with OI=1.27 computed in 0.053 s [0.07 GFlops/s]
Section main<415,528,528,528> with OI=2.55 computed in 88.604 s [115.83 GFlops/s, 0.69 GPts/s]
=========================================================================================
Allocating memory for m ((532, 532, 532))
Allocating memory for damp ((532, 532, 532))
Allocating memory for epsilon ((532, 532, 532))
Allocating memory for delta ((532, 532, 532))
Allocating memory for theta ((532, 532, 532))
Allocating memory for phi ((532, 532, 532))
Allocating memory for src ((417, 1))
Allocating memory for src_coords ((1, 3))
Allocating memory for nrec_coords ((101, 3))
Allocating memory for rec_coords ((101, 3))
DSE: extract_time_varying [flops: 1417, elapsed: 1.52] >>
     extract_time_invariants [flops: 1145, elapsed: 0.86] >>
     eliminate_inter_stencil_redundancies [flops: 635, elapsed: 2.50] >>
     extract_sum_of_products [flops: 461, elapsed: 0.44] >>
     eliminate_inter_stencil_redundancies [flops: 307, elapsed: 0.75] >>
     extract_sum_of_products [flops: 264, elapsed: 0.21] >>
     factorize [flops: 202, elapsed: 1.54] >>
     eliminate_intra_stencil_redundancies [flops: 167, elapsed: 0.53] >>
     finalize [flops: 168, elapsed: 0.05]
     [Total elapsed: 8.40 s]
DLE: avoid_denormals [elapsed: 0.00] >>
     loop_fission [elapsed: 0.12] >>
     loop_blocking [elapsed: 4.40] >>
     simdize [elapsed: 0.60] >>
     ompize [elapsed: 0.73] >>
     create_elemental_functions [elapsed: 3.90] >>
     minimize_remainders [elapsed: 0.21]
     [Total elapsed: 9.97 s]
Allocating memory for rec ((417, 101))
Allocating memory for u ((3, 532, 532, 532))
Allocating memory for v ((3, 532, 532, 532))
IntelCompiler: compiled /tmp/devito-8lgc7kpt/34ae205b9d00143ad398762a938f3657389c70a9.c [17.69 s]
AutoTuner: Block shape <8,8,8> took 0.584254 (s) in 3 time steps
AutoTuner: Block shape <16,16,16> took 0.397415 (s) in 3 time steps
AutoTuner: Block shape <24,24,24> took 0.347891 (s) in 3 time steps
AutoTuner: Block shape <32,32,32> took 0.298149 (s) in 3 time steps
AutoTuner: Block shape <40,40,40> took 0.297529 (s) in 3 time steps
AutoTuner: Block shape <8,8,16> took 0.430827 (s) in 3 time steps
AutoTuner: Block shape <8,8,24> took 0.356248 (s) in 3 time steps
AutoTuner: Block shape <8,8,32> took 0.336336 (s) in 3 time steps
AutoTuner: Block shape <8,8,40> took 0.317397 (s) in 3 time steps
AutoTuner: Block shape <8,8,64> took 0.312960 (s) in 3 time steps
AutoTuner: Block shape <8,8,128> took 0.285275 (s) in 3 time steps
AutoTuner: Block shape <8,8,256> took 0.304846 (s) in 3 time steps
AutoTuner: Block shape <8,8,512> took 0.303665 (s) in 3 time steps
AutoTuner: Block shape <8,8,524> took 0.324458 (s) in 3 time steps
AutoTuner: Block shape <16,16,8> took 0.508102 (s) in 3 time steps
AutoTuner: Block shape <16,16,24> took 0.355998 (s) in 3 time steps
AutoTuner: Block shape <16,16,32> took 0.296247 (s) in 3 time steps
AutoTuner: Block shape <16,16,40> took 0.276817 (s) in 3 time steps
AutoTuner: Block shape <16,16,64> took 0.276680 (s) in 3 time steps
AutoTuner: Block shape <16,16,128> took 0.253963 (s) in 3 time steps
AutoTuner: Block shape <16,16,256> took 0.272730 (s) in 3 time steps
AutoTuner: Block shape <16,16,512> took 0.320262 (s) in 3 time steps
AutoTuner: Block shape <16,16,524> took 0.297497 (s) in 3 time steps
AutoTuner: Block shape <24,24,8> took 0.541035 (s) in 3 time steps
AutoTuner: Block shape <24,24,16> took 0.400166 (s) in 3 time steps
AutoTuner: Block shape <24,24,32> took 0.306080 (s) in 3 time steps
AutoTuner: Block shape <24,24,40> took 0.293678 (s) in 3 time steps
AutoTuner: Block shape <24,24,64> took 0.271475 (s) in 3 time steps
AutoTuner: Block shape <24,24,128> took 0.272933 (s) in 3 time steps
AutoTuner: Block shape <24,24,256> took 0.304060 (s) in 3 time steps
AutoTuner: Block shape <32,32,8> took 0.548756 (s) in 3 time steps
AutoTuner: Block shape <32,32,16> took 0.381503 (s) in 3 time steps
AutoTuner: Block shape <32,32,24> took 0.343059 (s) in 3 time steps
AutoTuner: Block shape <32,32,40> took 0.276001 (s) in 3 time steps
AutoTuner: Block shape <32,32,64> took 0.249685 (s) in 3 time steps
AutoTuner: Block shape <32,32,128> took 0.268337 (s) in 3 time steps
AutoTuner: Block shape <16,8,8> took 0.509379 (s) in 3 time steps
AutoTuner: Block shape <8,16,8> took 0.551043 (s) in 3 time steps
AutoTuner: Block shape <16,8,16> took 0.411114 (s) in 3 time steps
AutoTuner: Block shape <8,16,16> took 0.417001 (s) in 3 time steps
AutoTuner: Block shape <32,16,16> took 0.366158 (s) in 3 time steps
AutoTuner: Block shape <16,32,16> took 0.432134 (s) in 3 time steps
AutoTuner: Block shape <32,16,32> took 0.293179 (s) in 3 time steps
AutoTuner: Block shape <16,32,32> took 0.305945 (s) in 3 time steps
AutoTuner: Block shape <48,24,24> took 0.340876 (s) in 3 time steps
AutoTuner: Block shape <24,48,24> took 0.342284 (s) in 3 time steps
AutoTuner: Block shape <24,24,48> took 0.307237 (s) in 3 time steps
AutoTuner: Block shape <48,48,24> took 0.363226 (s) in 3 time steps
AutoTuner: Block shape <48,24,48> took 0.308522 (s) in 3 time steps
AutoTuner: Block shape <24,48,48> took 0.300565 (s) in 3 time steps
AutoTuner: Block shape <48,48,48> took 0.360165 (s) in 3 time steps
AutoTuner: Block shape <64,32,32> took 0.290815 (s) in 3 time steps
AutoTuner: Block shape <32,64,32> took 0.310005 (s) in 3 time steps
AutoTuner: Block shape <64,64,32> took 0.317822 (s) in 3 time steps
AutoTuner: Block shape <64,32,64> took 0.256034 (s) in 3 time steps
AutoTuner: Block shape <32,64,64> took 0.273705 (s) in 3 time steps
AutoTuner: Block shape <80,40,40> took 0.289255 (s) in 3 time steps
AutoTuner: Block shape <40,80,40> took 0.305183 (s) in 3 time steps
AutoTuner: Block shape <40,40,80> took 0.244989 (s) in 3 time steps
Auto-tuned block shape: {'x0_block_size': 40, 'y0_block_size': 40, 'z0_block_size': 80}
=========================================================================================
Section section_0<528,528,528> with OI=0.16 computed in 0.035 s [16.88 GFlops/s]
Section section_3<415,1> with OI=0.64 computed in 0.001 s [0.04 GFlops/s]
Section section_4<415,101> with OI=1.27 computed in 0.028 s [0.14 GFlops/s]
Section main<415,528,528,528> with OI=2.55 computed in 86.186 s [119.08 GFlops/s, 0.71 GPts/s]
=========================================================================================


OpesciBench: Running 3 repeats - parameters: arch: unknown, autotune: True, dle: advanced, dse: basic, nbpml: 10, shape: (512, 512, 512), space_order: 8, spacing: (20.0, 20.0, 20.0), time_order: 2, tn: 1000
OpesciBench [22:13:53]: --- Run 0 ---
icc -O3 -g -fPIC -Wall -std=c99 -xhost -shared -qopenmp /tmp/devito-8lgc7kpt/ba427f586b373f72dc393d0a742487c3c926b358.c -o /tmp/devito-8lgc7kpt/ba427f586b373f72dc393d0a742487c3c926b358.so
OpesciBench [22:24:00]: --- Run 0 finished ---

OpesciBench [22:24:00]: --- Run 1 ---
icc -O3 -g -fPIC -Wall -std=c99 -xhost -shared -qopenmp /tmp/devito-8lgc7kpt/ba427f586b373f72dc393d0a742487c3c926b358.c -o /tmp/devito-8lgc7kpt/ba427f586b373f72dc393d0a742487c3c926b358.so
OpesciBench [22:34:09]: --- Run 1 finished ---

OpesciBench [22:34:09]: --- Run 2 ---
icc -O3 -g -fPIC -Wall -std=c99 -xhost -shared -qopenmp /tmp/devito-8lgc7kpt/ba427f586b373f72dc393d0a742487c3c926b358.c -o /tmp/devito-8lgc7kpt/ba427f586b373f72dc393d0a742487c3c926b358.so
OpesciBench [22:44:17]: --- Run 2 finished ---





OpesciBench: Running 3 repeats - parameters: arch: unknown, autotune: True, dle: advanced, dse: advanced, nbpml: 10, shape: (512, 512, 512), space_order: 8, spacing: (20.0, 20.0, 20.0), time_order: 2, tn: 1000
OpesciBench [22:44:17]: --- Run 0 ---
icc -O3 -g -fPIC -Wall -std=c99 -xhost -shared -qopenmp /tmp/devito-8lgc7kpt/4b36f3748a151cfc18654e93621d5a6863c83da0.c -o /tmp/devito-8lgc7kpt/4b36f3748a151cfc18654e93621d5a6863c83da0.so
OpesciBench [22:50:14]: --- Run 0 finished ---

OpesciBench [22:50:14]: --- Run 1 ---
icc -O3 -g -fPIC -Wall -std=c99 -xhost -shared -qopenmp /tmp/devito-8lgc7kpt/4b36f3748a151cfc18654e93621d5a6863c83da0.c -o /tmp/devito-8lgc7kpt/4b36f3748a151cfc18654e93621d5a6863c83da0.so
OpesciBench [22:56:13]: --- Run 1 finished ---

OpesciBench [22:56:13]: --- Run 2 ---
icc -O3 -g -fPIC -Wall -std=c99 -xhost -shared -qopenmp /tmp/devito-8lgc7kpt/4b36f3748a151cfc18654e93621d5a6863c83da0.c -o /tmp/devito-8lgc7kpt/4b36f3748a151cfc18654e93621d5a6863c83da0.so
OpesciBench [23:02:10]: --- Run 2 finished ---





OpesciBench: Running 3 repeats - parameters: arch: unknown, autotune: True, dle: advanced, dse: aggressive, nbpml: 10, shape: (512, 512, 512), space_order: 8, spacing: (20.0, 20.0, 20.0), time_order: 2, tn: 1000
OpesciBench [23:02:10]: --- Run 0 ---
icc -O3 -g -fPIC -Wall -std=c99 -xhost -shared -qopenmp /tmp/devito-8lgc7kpt/3e518cf6126bd4e67c0c5a6ad12c53ffe37eb9c7.c -o /tmp/devito-8lgc7kpt/3e518cf6126bd4e67c0c5a6ad12c53ffe37eb9c7.so
OpesciBench [23:06:11]: --- Run 0 finished ---

OpesciBench [23:06:11]: --- Run 1 ---
icc -O3 -g -fPIC -Wall -std=c99 -xhost -shared -qopenmp /tmp/devito-8lgc7kpt/aa883eef83539bbac256c895d15a9722e231228a.c -o /tmp/devito-8lgc7kpt/aa883eef83539bbac256c895d15a9722e231228a.so
OpesciBench [23:10:09]: --- Run 1 finished ---

OpesciBench [23:10:09]: --- Run 2 ---
icc -O3 -g -fPIC -Wall -std=c99 -xhost -shared -qopenmp /tmp/devito-8lgc7kpt/34ae205b9d00143ad398762a938f3657389c70a9.c -o /tmp/devito-8lgc7kpt/34ae205b9d00143ad398762a938f3657389c70a9.so
OpesciBench [23:14:04]: --- Run 2 finished ---



Thu Dec 21 23:14:05 PST 2017
top - 23:14:06 up 3 days, 14:20,  1 user,  load average: 261.41, 234.81, 217.15
Tasks: 2262 total,   1 running, 2261 sleeping,   0 stopped,   0 zombie
%Cpu(s): 25.8 us,  1.8 sy,  0.0 ni, 72.4 id,  0.0 wa,  0.0 hi,  0.0 si,  0.0 st
KiB Mem : 11538529+total, 11175624+free,  1378524 used,  2250520 buff/cache
KiB Swap: 58593276 total, 58593276 free,        0 used. 11312058+avail Mem 

   PID USER      PR  NI    VIRT    RES    SHR S  %CPU %MEM     TIME+ COMMAND
120919 cyount    20   0  152536   4080   1460 R  55.6  0.0   0:00.42 top
     4 root      20   0       0      0      0 S   2.8  0.0   9:00.43 kworker/0:0
     1 root      20   0   51548  13932   2384 S   0.0  0.0   1:51.43 systemd
     2 root      20   0       0      0      0 S   0.0  0.0   0:00.15 kthreadd
     3 root      20   0       0      0      0 S   0.0  0.0   0:00.05 ksoftirqd/0
     5 root       0 -20       0      0      0 S   0.0  0.0   0:00.00 kworker/0:0H
     7 root      rt   0       0      0      0 S   0.0  0.0   0:04.64 migration/0
     8 root      20   0       0      0      0 S   0.0  0.0   0:00.00 rcu_bh
     9 root      20   0       0      0      0 S   0.0  0.0   0:00.00 rcuob/0
    10 root      20   0       0      0      0 S   0.0  0.0   0:00.00 rcuob/1
    11 root      20   0       0      0      0 S   0.0  0.0   0:00.00 rcuob/2
    12 root      20   0       0      0      0 S   0.0  0.0   0:00.00 rcuob/3
    13 root      20   0       0      0      0 S   0.0  0.0   0:00.00 rcuob/4
    14 root      20   0       0      0      0 S   0.0  0.0   0:00.00 rcuob/5
    15 root      20   0       0      0      0 S   0.0  0.0   0:00.00 rcuob/6
    16 root      20   0       0      0      0 S   0.0  0.0   0:00.00 rcuob/7
    17 root      20   0       0      0      0 S   0.0  0.0   0:00.00 rcuob/8
    18 root      20   0       0      0      0 S   0.0  0.0   0:00.00 rcuob/9
    19 root      20   0       0      0      0 S   0.0  0.0   0:00.00 rcuob/10
    20 root      20   0       0      0      0 S   0.0  0.0   0:00.00 rcuob/11
    21 root      20   0       0      0      0 S   0.0  0.0   0:00.00 rcuob/12
    22 root      20   0       0      0      0 S   0.0  0.0   0:00.00 rcuob/13
    23 root      20   0       0      0      0 S   0.0  0.0   0:00.00 rcuob/14
