Fri Dec 22 10:49:25 PST 2017
Linux ortce-knl8 3.10.0-327.el7.x86_64 #1 SMP Thu Oct 29 17:29:29 EDT 2015 x86_64 x86_64 x86_64 GNU/Linux
Architecture:          x86_64
CPU op-mode(s):        32-bit, 64-bit
Byte Order:            Little Endian
CPU(s):                272
On-line CPU(s) list:   0-271
Thread(s) per core:    4
Core(s) per socket:    68
Socket(s):             1
NUMA node(s):          2
Vendor ID:             GenuineIntel
CPU family:            6
Model:                 87
Model name:            Intel(R) Xeon Phi(TM) CPU 7250 @ 1.40GHz
Stepping:              1
CPU MHz:               1473.281
BogoMIPS:              2793.75
L1d cache:             32K
L1i cache:             32K
L2 cache:              1024K
NUMA node0 CPU(s):     0-271
NUMA node1 CPU(s):     
Linux ortce-knl8 3.10.0-327.el7.x86_64 #1 SMP Thu Oct 29 17:29:29 EDT 2015 x86_64 x86_64 x86_64 GNU/Linux
available: 2 nodes (0-1)
node 0 cpus: 0 1 2 3 4 5 6 7 8 9 10 11 12 13 14 15 16 17 18 19 20 21 22 23 24 25 26 27 28 29 30 31 32 33 34 35 36 37 38 39 40 41 42 43 44 45 46 47 48 49 50 51 52 53 54 55 56 57 58 59 60 61 62 63 64 65 66 67 68 69 70 71 72 73 74 75 76 77 78 79 80 81 82 83 84 85 86 87 88 89 90 91 92 93 94 95 96 97 98 99 100 101 102 103 104 105 106 107 108 109 110 111 112 113 114 115 116 117 118 119 120 121 122 123 124 125 126 127 128 129 130 131 132 133 134 135 136 137 138 139 140 141 142 143 144 145 146 147 148 149 150 151 152 153 154 155 156 157 158 159 160 161 162 163 164 165 166 167 168 169 170 171 172 173 174 175 176 177 178 179 180 181 182 183 184 185 186 187 188 189 190 191 192 193 194 195 196 197 198 199 200 201 202 203 204 205 206 207 208 209 210 211 212 213 214 215 216 217 218 219 220 221 222 223 224 225 226 227 228 229 230 231 232 233 234 235 236 237 238 239 240 241 242 243 244 245 246 247 248 249 250 251 252 253 254 255 256 257 258 259 260 261 262 263 264 265 266 267 268 269 270 271
node 0 size: 98200 MB
node 0 free: 94066 MB
node 1 cpus:
node 1 size: 16384 MB
node 1 free: 15027 MB
node distances:
node   0   1 
  0:  10  31 
  1:  31  10 

Per-node system memory usage (in MBs):
                          Node 0          Node 1           Total
                 --------------- --------------- ---------------
MemTotal                98200.81        16384.00       114584.81
MemFree                 94066.74        15027.97       109094.71
MemUsed                  4134.07         1356.03         5490.11
Active                    385.80          222.96          608.76
Inactive                  559.23          304.74          863.97
Active(anon)               83.75            1.15           84.90
Inactive(anon)             25.59            0.00           25.59
Active(file)              302.05          221.81          523.86
Inactive(file)            533.64          304.74          838.38
Unevictable                 0.00            0.00            0.00
Mlocked                     0.00            0.00            0.00
Dirty                       0.00            0.00            0.00
Writeback                   0.00            0.00            0.00
FilePages                 861.35          526.55         1387.90
Mapped                     43.96            0.77           44.73
AnonPages                  82.82            1.15           83.96
Shmem                      25.66            0.00           25.66
KernelStack                40.56            0.00           40.56
PageTables                  6.89            0.06            6.95
NFS_Unstable                0.00            0.00            0.00
Bounce                      0.00            0.00            0.00
WritebackTmp                0.00            0.00            0.00
Slab                      617.20          219.11          836.31
SReclaimable              231.67           85.19          316.86
SUnreclaim                385.53          133.92          519.45
AnonHugePages              10.00            0.00           10.00
HugePages_Total             0.00            0.00            0.00
HugePages_Free              0.00            0.00            0.00
HugePages_Surp              0.00            0.00            0.00
top - 10:49:26 up 4 days,  1:55,  1 user,  load average: 272.10, 264.95, 254.48
Tasks: 2266 total,   1 running, 2265 sleeping,   0 stopped,   0 zombie
%Cpu(s): 25.7 us,  1.7 sy,  0.0 ni, 72.6 id,  0.0 wa,  0.0 hi,  0.0 si,  0.0 st
KiB Mem : 11538529+total, 11171081+free,  1396960 used,  2277520 buff/cache
KiB Swap: 58593276 total, 58593276 free,        0 used. 11309236+avail Mem 

   PID USER      PR  NI    VIRT    RES    SHR S  %CPU %MEM     TIME+ COMMAND
155637 cyount    20   0  152536   4072   1460 R  58.3  0.0   0:00.42 top
   281 root      20   0       0      0      0 S   2.8  0.0   8:06.67 rcu_sched
  1955 root      20   0       0      0      0 S   2.8  0.0   0:01.42 kworker/12:1
     1 root      20   0   51548  13932   2384 S   0.0  0.0   2:00.65 systemd
     2 root      20   0       0      0      0 S   0.0  0.0   0:00.15 kthreadd
     3 root      20   0       0      0      0 S   0.0  0.0   0:00.05 ksoftirqd/0
     4 root      20   0       0      0      0 S   0.0  0.0   9:57.10 kworker/0:0
     5 root       0 -20       0      0      0 S   0.0  0.0   0:00.00 kworker/0:0H
     7 root      rt   0       0      0      0 S   0.0  0.0   0:04.67 migration/0
     8 root      20   0       0      0      0 S   0.0  0.0   0:00.00 rcu_bh
     9 root      20   0       0      0      0 S   0.0  0.0   0:00.00 rcuob/0
    10 root      20   0       0      0      0 S   0.0  0.0   0:00.00 rcuob/1
    11 root      20   0       0      0      0 S   0.0  0.0   0:00.00 rcuob/2
    12 root      20   0       0      0      0 S   0.0  0.0   0:00.00 rcuob/3
    13 root      20   0       0      0      0 S   0.0  0.0   0:00.00 rcuob/4
    14 root      20   0       0      0      0 S   0.0  0.0   0:00.00 rcuob/5
    15 root      20   0       0      0      0 S   0.0  0.0   0:00.00 rcuob/6
    16 root      20   0       0      0      0 S   0.0  0.0   0:00.00 rcuob/7
    17 root      20   0       0      0      0 S   0.0  0.0   0:00.00 rcuob/8
    18 root      20   0       0      0      0 S   0.0  0.0   0:00.00 rcuob/9
    19 root      20   0       0      0      0 S   0.0  0.0   0:00.00 rcuob/10
    20 root      20   0       0      0      0 S   0.0  0.0   0:00.00 rcuob/11
    21 root      20   0       0      0      0 S   0.0  0.0   0:00.00 rcuob/12
env DEVITO_PLATFORM=knl DEVITO_ISA=avx512 DEVITO_DEBUG_COMPILER=1 DEVITO_DLE_OPTIONS=blockinner:True DEVITO_AUTOTUNING=aggressive DEVITO_BACKEND=core DEVITO_OPENMP=1 DEVITO_ARCH=intel DEVITO_LOGGING=DEBUG DEVITO_YASK_AUTOTUNING=preemptive DEVITO_YASK_DUMP=devito.bench.2017-12-22/tti/core/bmdse/ortce-knl8/grid768/so8 numactl --preferred=1 python examples/seismic/benchmark.py bench -bm dse -P tti -so 8 -to 2 -d 768 768 768 --tn 1000 -x 3 -r devito.bench.2017-12-22/tti/core/bmdse/ortce-knl8/grid768/so8
Allocating memory for m ((788, 788, 788))
Allocating memory for damp ((788, 788, 788))
Allocating memory for epsilon ((788, 788, 788))
Allocating memory for delta ((788, 788, 788))
Allocating memory for theta ((788, 788, 788))
Allocating memory for phi ((788, 788, 788))
Allocating memory for src ((417, 1))
Allocating memory for src_coords ((1, 3))
Allocating memory for nrec_coords ((101, 3))
Allocating memory for rec_coords ((101, 3))
DSE: eliminate_intra_stencil_redundancies [flops: 855, elapsed: 6.13] >>
     finalize [flops: 857, elapsed: 0.33]
     [Total elapsed: 6.46 s]
DLE: avoid_denormals [elapsed: 0.00] >>
     loop_fission [elapsed: 0.21] >>
     loop_blocking [elapsed: 2.02] >>
     simdize [elapsed: 2.24] >>
     ompize [elapsed: 0.92] >>
     create_elemental_functions [elapsed: 3.33] >>
     minimize_remainders [elapsed: 0.26]
     [Total elapsed: 8.99 s]
Allocating memory for rec ((417, 101))
Allocating memory for u ((3, 788, 788, 788))
Allocating memory for v ((3, 788, 788, 788))
IntelCompiler: compiled /tmp/devito-3_mxzxj5/ba427f586b373f72dc393d0a742487c3c926b358.c [43.96 s]
AutoTuner: Block shape <8,8,8> took 9.027250 (s) in 3 time steps
AutoTuner: Block shape <16,16,16> took 2.681740 (s) in 3 time steps
AutoTuner: Block shape <24,24,24> took 3.905246 (s) in 3 time steps
AutoTuner: Block shape <32,32,32> took 2.018323 (s) in 3 time steps
AutoTuner: Block shape <40,40,40> took 2.797110 (s) in 3 time steps
AutoTuner: Block shape <64,64,64> took 1.559721 (s) in 3 time steps
AutoTuner: Block shape <128,128,128> took 2.283307 (s) in 3 time steps
AutoTuner: Block shape <256,256,256> took 8.318863 (s) in 3 time steps
AutoTuner: Block shape <512,512,512> took 143.612622 (s) in 3 time steps
AutoTuner: Block shape <780,780,780> took 138.841953 (s) in 3 time steps
AutoTuner: Block shape <8,8,16> took 2.019389 (s) in 3 time steps
AutoTuner: Block shape <8,8,24> took 3.741742 (s) in 3 time steps
AutoTuner: Block shape <8,8,32> took 1.467385 (s) in 3 time steps
AutoTuner: Block shape <8,8,40> took 2.554368 (s) in 3 time steps
AutoTuner: Block shape <8,8,64> took 1.178565 (s) in 3 time steps
AutoTuner: Block shape <8,8,128> took 1.299743 (s) in 3 time steps
AutoTuner: Block shape <8,8,256> took 1.635095 (s) in 3 time steps
AutoTuner: Block shape <8,8,512> took 1.834358 (s) in 3 time steps
AutoTuner: Block shape <8,8,780> took 1.990129 (s) in 3 time steps
AutoTuner: Block shape <16,16,8> took 8.941786 (s) in 3 time steps
AutoTuner: Block shape <16,16,24> took 3.872912 (s) in 3 time steps
AutoTuner: Block shape <16,16,32> took 1.818824 (s) in 3 time steps
AutoTuner: Block shape <16,16,40> took 2.670284 (s) in 3 time steps
AutoTuner: Block shape <16,16,64> took 1.328579 (s) in 3 time steps
AutoTuner: Block shape <16,16,128> took 1.356656 (s) in 3 time steps
AutoTuner: Block shape <16,16,256> took 1.679225 (s) in 3 time steps
AutoTuner: Block shape <16,16,512> took 1.977434 (s) in 3 time steps
AutoTuner: Block shape <16,16,780> took 2.128791 (s) in 3 time steps
AutoTuner: Block shape <24,24,8> took 9.270141 (s) in 3 time steps
AutoTuner: Block shape <24,24,16> took 3.109475 (s) in 3 time steps
AutoTuner: Block shape <24,24,32> took 1.977526 (s) in 3 time steps
AutoTuner: Block shape <24,24,40> took 2.688490 (s) in 3 time steps
AutoTuner: Block shape <24,24,64> took 1.365770 (s) in 3 time steps
AutoTuner: Block shape <24,24,128> took 1.406298 (s) in 3 time steps
AutoTuner: Block shape <24,24,256> took 1.795180 (s) in 3 time steps
AutoTuner: Block shape <24,24,512> took 2.049973 (s) in 3 time steps
AutoTuner: Block shape <24,24,780> took 2.176982 (s) in 3 time steps
AutoTuner: Block shape <32,32,8> took 9.076920 (s) in 3 time steps
AutoTuner: Block shape <32,32,16> took 3.193879 (s) in 3 time steps
AutoTuner: Block shape <32,32,24> took 3.937778 (s) in 3 time steps
AutoTuner: Block shape <32,32,40> took 2.726832 (s) in 3 time steps
AutoTuner: Block shape <32,32,64> took 1.425180 (s) in 3 time steps
AutoTuner: Block shape <32,32,128> took 1.461023 (s) in 3 time steps
AutoTuner: Block shape <32,32,256> took 1.907286 (s) in 3 time steps
AutoTuner: Block shape <32,32,512> took 2.342686 (s) in 3 time steps
AutoTuner: Block shape <32,32,780> took 2.416871 (s) in 3 time steps
AutoTuner: Block shape <16,8,8> took 8.813035 (s) in 3 time steps
AutoTuner: Block shape <8,16,8> took 8.978423 (s) in 3 time steps
AutoTuner: Block shape <16,8,16> took 2.167148 (s) in 3 time steps
AutoTuner: Block shape <8,16,16> took 2.662116 (s) in 3 time steps
AutoTuner: Block shape <32,16,16> took 2.737087 (s) in 3 time steps
AutoTuner: Block shape <16,32,16> took 3.162161 (s) in 3 time steps
AutoTuner: Block shape <32,16,32> took 1.838951 (s) in 3 time steps
AutoTuner: Block shape <16,32,32> took 1.986705 (s) in 3 time steps
AutoTuner: Block shape <48,24,24> took 3.931654 (s) in 3 time steps
AutoTuner: Block shape <24,48,24> took 3.927622 (s) in 3 time steps
AutoTuner: Block shape <24,24,48> took 1.548222 (s) in 3 time steps
AutoTuner: Block shape <48,48,24> took 3.992955 (s) in 3 time steps
AutoTuner: Block shape <48,24,48> took 1.577799 (s) in 3 time steps
AutoTuner: Block shape <24,48,48> took 1.555952 (s) in 3 time steps
AutoTuner: Block shape <48,48,48> took 1.578061 (s) in 3 time steps
AutoTuner: Block shape <64,32,32> took 2.093511 (s) in 3 time steps
AutoTuner: Block shape <32,64,32> took 2.087362 (s) in 3 time steps
AutoTuner: Block shape <64,64,32> took 2.096717 (s) in 3 time steps
AutoTuner: Block shape <64,32,64> took 1.490848 (s) in 3 time steps
AutoTuner: Block shape <32,64,64> took 1.487650 (s) in 3 time steps
AutoTuner: Block shape <80,40,40> took 2.988721 (s) in 3 time steps
AutoTuner: Block shape <40,80,40> took 3.000884 (s) in 3 time steps
AutoTuner: Block shape <40,40,80> took 1.503486 (s) in 3 time steps
AutoTuner: Block shape <80,80,40> took 3.563466 (s) in 3 time steps
AutoTuner: Block shape <80,40,80> took 1.839873 (s) in 3 time steps
AutoTuner: Block shape <40,80,80> took 1.904028 (s) in 3 time steps
AutoTuner: Block shape <80,80,80> took 2.892529 (s) in 3 time steps
AutoTuner: Block shape <128,64,64> took 1.899313 (s) in 3 time steps
AutoTuner: Block shape <64,128,64> took 1.878584 (s) in 3 time steps
AutoTuner: Block shape <64,64,128> took 1.727953 (s) in 3 time steps
AutoTuner: Block shape <128,128,64> took 2.123220 (s) in 3 time steps
AutoTuner: Block shape <128,64,128> took 1.941608 (s) in 3 time steps
AutoTuner: Block shape <64,128,128> took 2.010377 (s) in 3 time steps
AutoTuner: Block shape <256,128,128> took 3.364093 (s) in 3 time steps
AutoTuner: Block shape <128,256,128> took 3.365529 (s) in 3 time steps
AutoTuner: Block shape <128,128,256> took 2.836933 (s) in 3 time steps
AutoTuner: Block shape <256,256,128> took 5.612140 (s) in 3 time steps
AutoTuner: Block shape <256,128,256> took 4.324177 (s) in 3 time steps
AutoTuner: Block shape <128,256,256> took 4.354548 (s) in 3 time steps
AutoTuner: Block shape <512,256,256> took 23.484516 (s) in 3 time steps
AutoTuner: Block shape <256,512,256> took 23.556018 (s) in 3 time steps
AutoTuner: Block shape <256,256,512> took 19.072478 (s) in 3 time steps
AutoTuner: Block shape <512,512,256> took 67.078925 (s) in 3 time steps
AutoTuner: Block shape <512,256,512> took 54.325604 (s) in 3 time steps
AutoTuner: Block shape <256,512,512> took 54.325822 (s) in 3 time steps
Auto-tuned block shape: {'x0_block_size': 8, 'y0_block_size': 8, 'z0_block_size': 64}
=========================================================================================
Section section_1<415,1> with OI=0.64 computed in 0.001 s [0.04 GFlops/s]
Section section_2<415,101> with OI=1.27 computed in 0.033 s [0.12 GFlops/s]
Section main<415,780,780,780> with OI=20.68 computed in 458.571 s [368.05 GFlops/s, 0.43 GPts/s]
=========================================================================================
Allocating memory for m ((788, 788, 788))
Allocating memory for damp ((788, 788, 788))
Allocating memory for epsilon ((788, 788, 788))
Allocating memory for delta ((788, 788, 788))
Allocating memory for theta ((788, 788, 788))
Allocating memory for phi ((788, 788, 788))
Allocating memory for src ((417, 1))
Allocating memory for src_coords ((1, 3))
Allocating memory for nrec_coords ((101, 3))
Allocating memory for rec_coords ((101, 3))
DSE: eliminate_intra_stencil_redundancies [flops: 855, elapsed: 6.21] >>
     finalize [flops: 857, elapsed: 0.34]
     [Total elapsed: 6.55 s]
DLE: avoid_denormals [elapsed: 0.00] >>
     loop_fission [elapsed: 0.22] >>
     loop_blocking [elapsed: 2.06] >>
     simdize [elapsed: 1.20] >>
     ompize [elapsed: 0.92] >>
     create_elemental_functions [elapsed: 3.38] >>
     minimize_remainders [elapsed: 0.26]
     [Total elapsed: 8.05 s]
Allocating memory for rec ((417, 101))
Allocating memory for u ((3, 788, 788, 788))
Allocating memory for v ((3, 788, 788, 788))
IntelCompiler: compiled /tmp/devito-3_mxzxj5/ba427f586b373f72dc393d0a742487c3c926b358.c [43.15 s]
AutoTuner: Block shape <8,8,8> took 8.687760 (s) in 3 time steps
AutoTuner: Block shape <16,16,16> took 2.667036 (s) in 3 time steps
AutoTuner: Block shape <24,24,24> took 3.860327 (s) in 3 time steps
AutoTuner: Block shape <32,32,32> took 2.000364 (s) in 3 time steps
AutoTuner: Block shape <40,40,40> took 2.776624 (s) in 3 time steps
AutoTuner: Block shape <64,64,64> took 1.537496 (s) in 3 time steps
AutoTuner: Block shape <128,128,128> took 2.197724 (s) in 3 time steps
AutoTuner: Block shape <256,256,256> took 8.200324 (s) in 3 time steps
AutoTuner: Block shape <512,512,512> took 142.234528 (s) in 3 time steps
AutoTuner: Block shape <780,780,780> took 138.244466 (s) in 3 time steps
AutoTuner: Block shape <8,8,16> took 1.696254 (s) in 3 time steps
AutoTuner: Block shape <8,8,24> took 3.698295 (s) in 3 time steps
AutoTuner: Block shape <8,8,32> took 1.226595 (s) in 3 time steps
AutoTuner: Block shape <8,8,40> took 2.541016 (s) in 3 time steps
AutoTuner: Block shape <8,8,64> took 1.126100 (s) in 3 time steps
AutoTuner: Block shape <8,8,128> took 1.259280 (s) in 3 time steps
AutoTuner: Block shape <8,8,256> took 1.545612 (s) in 3 time steps
AutoTuner: Block shape <8,8,512> took 1.838217 (s) in 3 time steps
AutoTuner: Block shape <8,8,780> took 1.989655 (s) in 3 time steps
AutoTuner: Block shape <16,16,8> took 8.964371 (s) in 3 time steps
AutoTuner: Block shape <16,16,24> took 3.836338 (s) in 3 time steps
AutoTuner: Block shape <16,16,32> took 1.811716 (s) in 3 time steps
AutoTuner: Block shape <16,16,40> took 2.646197 (s) in 3 time steps
AutoTuner: Block shape <16,16,64> took 1.316089 (s) in 3 time steps
AutoTuner: Block shape <16,16,128> took 1.310988 (s) in 3 time steps
AutoTuner: Block shape <16,16,256> took 1.595123 (s) in 3 time steps
AutoTuner: Block shape <16,16,512> took 1.968805 (s) in 3 time steps
AutoTuner: Block shape <16,16,780> took 2.123135 (s) in 3 time steps
AutoTuner: Block shape <24,24,8> took 8.889208 (s) in 3 time steps
AutoTuner: Block shape <24,24,16> took 3.086737 (s) in 3 time steps
AutoTuner: Block shape <24,24,32> took 1.956762 (s) in 3 time steps
AutoTuner: Block shape <24,24,40> took 2.666375 (s) in 3 time steps
AutoTuner: Block shape <24,24,64> took 1.343921 (s) in 3 time steps
AutoTuner: Block shape <24,24,128> took 1.307862 (s) in 3 time steps
AutoTuner: Block shape <24,24,256> took 1.666090 (s) in 3 time steps
AutoTuner: Block shape <24,24,512> took 2.017064 (s) in 3 time steps
AutoTuner: Block shape <24,24,780> took 2.169396 (s) in 3 time steps
AutoTuner: Block shape <32,32,8> took 8.970144 (s) in 3 time steps
AutoTuner: Block shape <32,32,16> took 3.169863 (s) in 3 time steps
AutoTuner: Block shape <32,32,24> took 3.897925 (s) in 3 time steps
AutoTuner: Block shape <32,32,40> took 3.023647 (s) in 3 time steps
AutoTuner: Block shape <32,32,64> took 1.398624 (s) in 3 time steps
AutoTuner: Block shape <32,32,128> took 1.369082 (s) in 3 time steps
AutoTuner: Block shape <32,32,256> took 1.738511 (s) in 3 time steps
AutoTuner: Block shape <32,32,512> took 2.319902 (s) in 3 time steps
AutoTuner: Block shape <32,32,780> took 2.410658 (s) in 3 time steps
AutoTuner: Block shape <16,8,8> took 8.700493 (s) in 3 time steps
AutoTuner: Block shape <8,16,8> took 8.799918 (s) in 3 time steps
AutoTuner: Block shape <16,8,16> took 1.672156 (s) in 3 time steps
AutoTuner: Block shape <8,16,16> took 2.637556 (s) in 3 time steps
AutoTuner: Block shape <32,16,16> took 2.701850 (s) in 3 time steps
AutoTuner: Block shape <16,32,16> took 3.138258 (s) in 3 time steps
AutoTuner: Block shape <32,16,32> took 1.828242 (s) in 3 time steps
AutoTuner: Block shape <16,32,32> took 1.963609 (s) in 3 time steps
AutoTuner: Block shape <48,24,24> took 3.886917 (s) in 3 time steps
AutoTuner: Block shape <24,48,24> took 3.892020 (s) in 3 time steps
AutoTuner: Block shape <24,24,48> took 1.529993 (s) in 3 time steps
AutoTuner: Block shape <48,48,24> took 3.942084 (s) in 3 time steps
AutoTuner: Block shape <48,24,48> took 1.556785 (s) in 3 time steps
AutoTuner: Block shape <24,48,48> took 1.529666 (s) in 3 time steps
AutoTuner: Block shape <48,48,48> took 1.559043 (s) in 3 time steps
AutoTuner: Block shape <64,32,32> took 2.326619 (s) in 3 time steps
AutoTuner: Block shape <32,64,32> took 2.061904 (s) in 3 time steps
AutoTuner: Block shape <64,64,32> took 2.072637 (s) in 3 time steps
AutoTuner: Block shape <64,32,64> took 1.464624 (s) in 3 time steps
AutoTuner: Block shape <32,64,64> took 1.459496 (s) in 3 time steps
AutoTuner: Block shape <80,40,40> took 2.954760 (s) in 3 time steps
AutoTuner: Block shape <40,80,40> took 2.962848 (s) in 3 time steps
AutoTuner: Block shape <40,40,80> took 1.476278 (s) in 3 time steps
AutoTuner: Block shape <80,80,40> took 3.553687 (s) in 3 time steps
AutoTuner: Block shape <80,40,80> took 1.810229 (s) in 3 time steps
AutoTuner: Block shape <40,80,80> took 1.801686 (s) in 3 time steps
AutoTuner: Block shape <80,80,80> took 2.660270 (s) in 3 time steps
AutoTuner: Block shape <128,64,64> took 1.824203 (s) in 3 time steps
AutoTuner: Block shape <64,128,64> took 1.827177 (s) in 3 time steps
AutoTuner: Block shape <64,64,128> took 1.638317 (s) in 3 time steps
AutoTuner: Block shape <128,128,64> took 2.093005 (s) in 3 time steps
AutoTuner: Block shape <128,64,128> took 1.867714 (s) in 3 time steps
AutoTuner: Block shape <64,128,128> took 1.863646 (s) in 3 time steps
AutoTuner: Block shape <256,128,128> took 3.336188 (s) in 3 time steps
AutoTuner: Block shape <128,256,128> took 3.337218 (s) in 3 time steps
AutoTuner: Block shape <128,128,256> took 2.780179 (s) in 3 time steps
AutoTuner: Block shape <256,256,128> took 5.577894 (s) in 3 time steps
AutoTuner: Block shape <256,128,256> took 4.278086 (s) in 3 time steps
AutoTuner: Block shape <128,256,256> took 4.310768 (s) in 3 time steps
AutoTuner: Block shape <512,256,256> took 23.168337 (s) in 3 time steps
AutoTuner: Block shape <256,512,256> took 23.163310 (s) in 3 time steps
AutoTuner: Block shape <256,256,512> took 18.876985 (s) in 3 time steps
AutoTuner: Block shape <512,512,256> took 65.978872 (s) in 3 time steps
AutoTuner: Block shape <512,256,512> took 53.825656 (s) in 3 time steps
AutoTuner: Block shape <256,512,512> took 53.805553 (s) in 3 time steps
Auto-tuned block shape: {'x0_block_size': 8, 'y0_block_size': 8, 'z0_block_size': 64}
=========================================================================================
Section section_1<415,1> with OI=0.64 computed in 0.001 s [0.04 GFlops/s]
Section section_2<415,101> with OI=1.27 computed in 0.065 s [0.06 GFlops/s]
Section main<415,780,780,780> with OI=20.68 computed in 458.240 s [368.32 GFlops/s, 0.43 GPts/s]
=========================================================================================
Allocating memory for m ((788, 788, 788))
Allocating memory for damp ((788, 788, 788))
Allocating memory for epsilon ((788, 788, 788))
Allocating memory for delta ((788, 788, 788))
Allocating memory for theta ((788, 788, 788))
Allocating memory for phi ((788, 788, 788))
Allocating memory for src ((417, 1))
Allocating memory for src_coords ((1, 3))
Allocating memory for nrec_coords ((101, 3))
Allocating memory for rec_coords ((101, 3))
DSE: eliminate_intra_stencil_redundancies [flops: 855, elapsed: 6.21] >>
     finalize [flops: 857, elapsed: 0.34]
     [Total elapsed: 6.55 s]
DLE: avoid_denormals [elapsed: 0.00] >>
     loop_fission [elapsed: 0.22] >>
     loop_blocking [elapsed: 2.04] >>
     simdize [elapsed: 1.18] >>
     ompize [elapsed: 0.94] >>
     create_elemental_functions [elapsed: 3.40] >>
     minimize_remainders [elapsed: 0.26]
     [Total elapsed: 8.05 s]
Allocating memory for rec ((417, 101))
Allocating memory for u ((3, 788, 788, 788))
Allocating memory for v ((3, 788, 788, 788))
IntelCompiler: compiled /tmp/devito-3_mxzxj5/ba427f586b373f72dc393d0a742487c3c926b358.c [43.21 s]
AutoTuner: Block shape <8,8,8> took 8.679651 (s) in 3 time steps
AutoTuner: Block shape <16,16,16> took 2.668454 (s) in 3 time steps
AutoTuner: Block shape <24,24,24> took 3.853786 (s) in 3 time steps
AutoTuner: Block shape <32,32,32> took 2.000608 (s) in 3 time steps
AutoTuner: Block shape <40,40,40> took 3.097495 (s) in 3 time steps
AutoTuner: Block shape <64,64,64> took 1.536776 (s) in 3 time steps
AutoTuner: Block shape <128,128,128> took 2.199285 (s) in 3 time steps
AutoTuner: Block shape <256,256,256> took 8.197220 (s) in 3 time steps
AutoTuner: Block shape <512,512,512> took 142.156262 (s) in 3 time steps
AutoTuner: Block shape <780,780,780> took 138.161339 (s) in 3 time steps
AutoTuner: Block shape <8,8,16> took 1.695033 (s) in 3 time steps
AutoTuner: Block shape <8,8,24> took 3.698991 (s) in 3 time steps
AutoTuner: Block shape <8,8,32> took 1.226485 (s) in 3 time steps
AutoTuner: Block shape <8,8,40> took 2.856149 (s) in 3 time steps
AutoTuner: Block shape <8,8,64> took 1.125137 (s) in 3 time steps
AutoTuner: Block shape <8,8,128> took 1.260046 (s) in 3 time steps
AutoTuner: Block shape <8,8,256> took 1.544220 (s) in 3 time steps
AutoTuner: Block shape <8,8,512> took 1.836396 (s) in 3 time steps
AutoTuner: Block shape <8,8,780> took 1.990419 (s) in 3 time steps
AutoTuner: Block shape <16,16,8> took 8.834532 (s) in 3 time steps
AutoTuner: Block shape <16,16,24> took 3.836090 (s) in 3 time steps
AutoTuner: Block shape <16,16,32> took 1.811336 (s) in 3 time steps
AutoTuner: Block shape <16,16,40> took 2.647885 (s) in 3 time steps
AutoTuner: Block shape <16,16,64> took 1.315617 (s) in 3 time steps
AutoTuner: Block shape <16,16,128> took 1.313013 (s) in 3 time steps
AutoTuner: Block shape <16,16,256> took 1.593783 (s) in 3 time steps
AutoTuner: Block shape <16,16,512> took 1.969009 (s) in 3 time steps
AutoTuner: Block shape <16,16,780> took 2.125358 (s) in 3 time steps
AutoTuner: Block shape <24,24,8> took 8.897916 (s) in 3 time steps
AutoTuner: Block shape <24,24,16> took 3.086006 (s) in 3 time steps
AutoTuner: Block shape <24,24,32> took 1.958199 (s) in 3 time steps
AutoTuner: Block shape <24,24,40> took 2.659265 (s) in 3 time steps
AutoTuner: Block shape <24,24,64> took 1.345633 (s) in 3 time steps
AutoTuner: Block shape <24,24,128> took 1.307928 (s) in 3 time steps
AutoTuner: Block shape <24,24,256> took 1.663824 (s) in 3 time steps
AutoTuner: Block shape <24,24,512> took 2.020642 (s) in 3 time steps
AutoTuner: Block shape <24,24,780> took 2.171311 (s) in 3 time steps
AutoTuner: Block shape <32,32,8> took 9.122130 (s) in 3 time steps
AutoTuner: Block shape <32,32,16> took 3.171687 (s) in 3 time steps
AutoTuner: Block shape <32,32,24> took 3.897111 (s) in 3 time steps
AutoTuner: Block shape <32,32,40> took 2.699073 (s) in 3 time steps
AutoTuner: Block shape <32,32,64> took 1.398359 (s) in 3 time steps
AutoTuner: Block shape <32,32,128> took 1.365469 (s) in 3 time steps
AutoTuner: Block shape <32,32,256> took 1.741977 (s) in 3 time steps
AutoTuner: Block shape <32,32,512> took 2.317964 (s) in 3 time steps
AutoTuner: Block shape <32,32,780> took 2.410802 (s) in 3 time steps
AutoTuner: Block shape <16,8,8> took 8.704577 (s) in 3 time steps
AutoTuner: Block shape <8,16,8> took 8.803014 (s) in 3 time steps
AutoTuner: Block shape <16,8,16> took 1.673989 (s) in 3 time steps
AutoTuner: Block shape <8,16,16> took 2.638808 (s) in 3 time steps
AutoTuner: Block shape <32,16,16> took 2.704058 (s) in 3 time steps
AutoTuner: Block shape <16,32,16> took 3.140264 (s) in 3 time steps
AutoTuner: Block shape <32,16,32> took 1.829727 (s) in 3 time steps
AutoTuner: Block shape <16,32,32> took 1.966177 (s) in 3 time steps
AutoTuner: Block shape <48,24,24> took 4.141768 (s) in 3 time steps
AutoTuner: Block shape <24,48,24> took 3.884549 (s) in 3 time steps
AutoTuner: Block shape <24,24,48> took 1.530768 (s) in 3 time steps
AutoTuner: Block shape <48,48,24> took 3.938158 (s) in 3 time steps
AutoTuner: Block shape <48,24,48> took 1.554775 (s) in 3 time steps
AutoTuner: Block shape <24,48,48> took 1.529947 (s) in 3 time steps
AutoTuner: Block shape <48,48,48> took 1.555554 (s) in 3 time steps
AutoTuner: Block shape <64,32,32> took 2.074511 (s) in 3 time steps
AutoTuner: Block shape <32,64,32> took 2.061800 (s) in 3 time steps
AutoTuner: Block shape <64,64,32> took 2.073398 (s) in 3 time steps
AutoTuner: Block shape <64,32,64> took 1.464301 (s) in 3 time steps
AutoTuner: Block shape <32,64,64> took 1.459290 (s) in 3 time steps
AutoTuner: Block shape <80,40,40> took 2.944706 (s) in 3 time steps
AutoTuner: Block shape <40,80,40> took 2.963995 (s) in 3 time steps
AutoTuner: Block shape <40,40,80> took 1.490354 (s) in 3 time steps
AutoTuner: Block shape <80,80,40> took 3.562746 (s) in 3 time steps
AutoTuner: Block shape <80,40,80> took 1.812701 (s) in 3 time steps
AutoTuner: Block shape <40,80,80> took 1.801643 (s) in 3 time steps
AutoTuner: Block shape <80,80,80> took 2.669950 (s) in 3 time steps
AutoTuner: Block shape <128,64,64> took 1.824940 (s) in 3 time steps
AutoTuner: Block shape <64,128,64> took 1.828675 (s) in 3 time steps
AutoTuner: Block shape <64,64,128> took 1.643056 (s) in 3 time steps
AutoTuner: Block shape <128,128,64> took 2.091075 (s) in 3 time steps
AutoTuner: Block shape <128,64,128> took 1.867121 (s) in 3 time steps
AutoTuner: Block shape <64,128,128> took 1.861779 (s) in 3 time steps
AutoTuner: Block shape <256,128,128> took 3.331051 (s) in 3 time steps
AutoTuner: Block shape <128,256,128> took 3.348538 (s) in 3 time steps
AutoTuner: Block shape <128,128,256> took 2.821459 (s) in 3 time steps
AutoTuner: Block shape <256,256,128> took 5.568789 (s) in 3 time steps
AutoTuner: Block shape <256,128,256> took 4.282257 (s) in 3 time steps
AutoTuner: Block shape <128,256,256> took 4.311168 (s) in 3 time steps
AutoTuner: Block shape <512,256,256> took 23.154612 (s) in 3 time steps
AutoTuner: Block shape <256,512,256> took 23.153007 (s) in 3 time steps
AutoTuner: Block shape <256,256,512> took 18.881945 (s) in 3 time steps
AutoTuner: Block shape <512,512,256> took 66.014669 (s) in 3 time steps
AutoTuner: Block shape <512,256,512> took 53.790255 (s) in 3 time steps
AutoTuner: Block shape <256,512,512> took 53.786491 (s) in 3 time steps
Auto-tuned block shape: {'x0_block_size': 8, 'y0_block_size': 8, 'z0_block_size': 64}
=========================================================================================
Section section_1<415,1> with OI=0.64 computed in 0.001 s [0.04 GFlops/s]
Section section_2<415,101> with OI=1.27 computed in 0.078 s [0.05 GFlops/s]
Section main<415,780,780,780> with OI=20.68 computed in 459.742 s [367.11 GFlops/s, 0.43 GPts/s]
=========================================================================================
Allocating memory for m ((788, 788, 788))
Allocating memory for damp ((788, 788, 788))
Allocating memory for epsilon ((788, 788, 788))
Allocating memory for delta ((788, 788, 788))
Allocating memory for theta ((788, 788, 788))
Allocating memory for phi ((788, 788, 788))
Allocating memory for src ((417, 1))
Allocating memory for src_coords ((1, 3))
Allocating memory for nrec_coords ((101, 3))
Allocating memory for rec_coords ((101, 3))
DSE: extract_time_invariants [flops: 1607, elapsed: 2.25] >>
     eliminate_inter_stencil_redundancies [flops: 1523, elapsed: 3.10] >>
     eliminate_intra_stencil_redundancies [flops: 743, elapsed: 4.44] >>
     factorize [flops: 641, elapsed: 6.96] >>
     finalize [flops: 643, elapsed: 0.21]
     [Total elapsed: 16.95 s]
DLE: avoid_denormals [elapsed: 0.00] >>
     loop_fission [elapsed: 0.19] >>
     loop_blocking [elapsed: 1.79] >>
     simdize [elapsed: 1.06] >>
     ompize [elapsed: 0.84] >>
     create_elemental_functions [elapsed: 3.12] >>
     minimize_remainders [elapsed: 0.23]
     [Total elapsed: 7.23 s]
Allocating memory for rec ((417, 101))
Allocating memory for u ((3, 788, 788, 788))
Allocating memory for v ((3, 788, 788, 788))
IntelCompiler: compiled /tmp/devito-3_mxzxj5/4b36f3748a151cfc18654e93621d5a6863c83da0.c [72.60 s]
AutoTuner: Block shape <8,8,8> took 3.756421 (s) in 3 time steps
AutoTuner: Block shape <16,16,16> took 2.994747 (s) in 3 time steps
AutoTuner: Block shape <24,24,24> took 2.928144 (s) in 3 time steps
AutoTuner: Block shape <32,32,32> took 2.268051 (s) in 3 time steps
AutoTuner: Block shape <40,40,40> took 2.115404 (s) in 3 time steps
AutoTuner: Block shape <64,64,64> took 1.609817 (s) in 3 time steps
AutoTuner: Block shape <128,128,128> took 1.624904 (s) in 3 time steps
AutoTuner: Block shape <256,256,256> took 2.683032 (s) in 3 time steps
AutoTuner: Block shape <512,512,512> took 33.584268 (s) in 3 time steps
AutoTuner: Block shape <780,780,780> took 28.814943 (s) in 3 time steps
AutoTuner: Block shape <8,8,16> took 2.115704 (s) in 3 time steps
AutoTuner: Block shape <8,8,24> took 2.032148 (s) in 3 time steps
AutoTuner: Block shape <8,8,32> took 1.599899 (s) in 3 time steps
AutoTuner: Block shape <8,8,40> took 1.677715 (s) in 3 time steps
AutoTuner: Block shape <8,8,64> took 1.369549 (s) in 3 time steps
AutoTuner: Block shape <8,8,128> took 1.549803 (s) in 3 time steps
AutoTuner: Block shape <8,8,256> took 1.940408 (s) in 3 time steps
AutoTuner: Block shape <8,8,512> took 2.291343 (s) in 3 time steps
AutoTuner: Block shape <8,8,780> took 2.433752 (s) in 3 time steps
AutoTuner: Block shape <16,16,8> took 5.537745 (s) in 3 time steps
AutoTuner: Block shape <16,16,24> took 2.837016 (s) in 3 time steps
AutoTuner: Block shape <16,16,32> took 2.189451 (s) in 3 time steps
AutoTuner: Block shape <16,16,40> took 2.126929 (s) in 3 time steps
AutoTuner: Block shape <16,16,64> took 1.600880 (s) in 3 time steps
AutoTuner: Block shape <16,16,128> took 1.538752 (s) in 3 time steps
AutoTuner: Block shape <16,16,256> took 1.925943 (s) in 3 time steps
AutoTuner: Block shape <16,16,512> took 2.273915 (s) in 3 time steps
AutoTuner: Block shape <16,16,780> took 2.442603 (s) in 3 time steps
AutoTuner: Block shape <24,24,8> took 6.333824 (s) in 3 time steps
AutoTuner: Block shape <24,24,16> took 3.324962 (s) in 3 time steps
AutoTuner: Block shape <24,24,32> took 2.274703 (s) in 3 time steps
AutoTuner: Block shape <24,24,40> took 2.133179 (s) in 3 time steps
AutoTuner: Block shape <24,24,64> took 1.596508 (s) in 3 time steps
AutoTuner: Block shape <24,24,128> took 1.522090 (s) in 3 time steps
AutoTuner: Block shape <24,24,256> took 2.154729 (s) in 3 time steps
AutoTuner: Block shape <24,24,512> took 2.310014 (s) in 3 time steps
AutoTuner: Block shape <24,24,780> took 2.504834 (s) in 3 time steps
AutoTuner: Block shape <32,32,8> took 6.477467 (s) in 3 time steps
AutoTuner: Block shape <32,32,16> took 3.385836 (s) in 3 time steps
AutoTuner: Block shape <32,32,24> took 2.919084 (s) in 3 time steps
AutoTuner: Block shape <32,32,40> took 2.124564 (s) in 3 time steps
AutoTuner: Block shape <32,32,64> took 1.590045 (s) in 3 time steps
AutoTuner: Block shape <32,32,128> took 1.519347 (s) in 3 time steps
AutoTuner: Block shape <32,32,256> took 1.948919 (s) in 3 time steps
AutoTuner: Block shape <32,32,512> took 2.367373 (s) in 3 time steps
AutoTuner: Block shape <32,32,780> took 2.594548 (s) in 3 time steps
AutoTuner: Block shape <16,8,8> took 3.648262 (s) in 3 time steps
AutoTuner: Block shape <8,16,8> took 5.578923 (s) in 3 time steps
AutoTuner: Block shape <16,8,16> took 2.071328 (s) in 3 time steps
AutoTuner: Block shape <8,16,16> took 3.011477 (s) in 3 time steps
AutoTuner: Block shape <32,16,16> took 2.983554 (s) in 3 time steps
AutoTuner: Block shape <16,32,16> took 3.393616 (s) in 3 time steps
AutoTuner: Block shape <32,16,32> took 2.217469 (s) in 3 time steps
AutoTuner: Block shape <16,32,32> took 2.271910 (s) in 3 time steps
AutoTuner: Block shape <48,24,24> took 2.924011 (s) in 3 time steps
AutoTuner: Block shape <24,48,24> took 3.109559 (s) in 3 time steps
AutoTuner: Block shape <24,24,48> took 1.888384 (s) in 3 time steps
AutoTuner: Block shape <48,48,24> took 2.871643 (s) in 3 time steps
AutoTuner: Block shape <48,24,48> took 1.827050 (s) in 3 time steps
AutoTuner: Block shape <24,48,48> took 1.810362 (s) in 3 time steps
AutoTuner: Block shape <48,48,48> took 1.804481 (s) in 3 time steps
AutoTuner: Block shape <64,32,32> took 2.254941 (s) in 3 time steps
AutoTuner: Block shape <32,64,32> took 2.257295 (s) in 3 time steps
AutoTuner: Block shape <64,64,32> took 2.261601 (s) in 3 time steps
AutoTuner: Block shape <64,32,64> took 1.573993 (s) in 3 time steps
AutoTuner: Block shape <32,64,64> took 1.581912 (s) in 3 time steps
AutoTuner: Block shape <80,40,40> took 2.111783 (s) in 3 time steps
AutoTuner: Block shape <40,80,40> took 2.112600 (s) in 3 time steps
AutoTuner: Block shape <40,40,80> took 1.523133 (s) in 3 time steps
AutoTuner: Block shape <80,80,40> took 2.163227 (s) in 3 time steps
AutoTuner: Block shape <80,40,80> took 1.568398 (s) in 3 time steps
AutoTuner: Block shape <40,80,80> took 1.570580 (s) in 3 time steps
AutoTuner: Block shape <80,80,80> took 1.802787 (s) in 3 time steps
AutoTuner: Block shape <128,64,64> took 1.642955 (s) in 3 time steps
AutoTuner: Block shape <64,128,64> took 1.667312 (s) in 3 time steps
AutoTuner: Block shape <64,64,128> took 1.599256 (s) in 3 time steps
AutoTuner: Block shape <128,128,64> took 1.665282 (s) in 3 time steps
AutoTuner: Block shape <128,64,128> took 1.553011 (s) in 3 time steps
AutoTuner: Block shape <64,128,128> took 1.568936 (s) in 3 time steps
AutoTuner: Block shape <256,128,128> took 1.707661 (s) in 3 time steps
AutoTuner: Block shape <128,256,128> took 1.702538 (s) in 3 time steps
AutoTuner: Block shape <128,128,256> took 1.693424 (s) in 3 time steps
AutoTuner: Block shape <256,256,128> took 2.056443 (s) in 3 time steps
AutoTuner: Block shape <256,128,256> took 2.043164 (s) in 3 time steps
AutoTuner: Block shape <128,256,256> took 2.071309 (s) in 3 time steps
AutoTuner: Block shape <512,256,256> took 6.326323 (s) in 3 time steps
AutoTuner: Block shape <256,512,256> took 6.327190 (s) in 3 time steps
AutoTuner: Block shape <256,256,512> took 6.214335 (s) in 3 time steps
AutoTuner: Block shape <512,512,256> took 16.673183 (s) in 3 time steps
AutoTuner: Block shape <512,256,512> took 16.254596 (s) in 3 time steps
AutoTuner: Block shape <256,512,512> took 16.279556 (s) in 3 time steps
Auto-tuned block shape: {'x0_block_size': 8, 'y0_block_size': 8, 'z0_block_size': 64}
=========================================================================================
Section section_0<784,784,784> with OI=0.34 computed in 0.335 s [10.07 GFlops/s]
Section section_2<415,1> with OI=0.64 computed in 0.001 s [0.04 GFlops/s]
Section section_3<415,101> with OI=1.27 computed in 0.025 s [0.15 GFlops/s]
Section main<415,780,780,780> with OI=14.11 computed in 296.083 s [427.69 GFlops/s, 0.67 GPts/s]
=========================================================================================
Allocating memory for m ((788, 788, 788))
Allocating memory for damp ((788, 788, 788))
Allocating memory for epsilon ((788, 788, 788))
Allocating memory for delta ((788, 788, 788))
Allocating memory for theta ((788, 788, 788))
Allocating memory for phi ((788, 788, 788))
Allocating memory for src ((417, 1))
Allocating memory for src_coords ((1, 3))
Allocating memory for nrec_coords ((101, 3))
Allocating memory for rec_coords ((101, 3))
DSE: extract_time_invariants [flops: 1607, elapsed: 2.24] >>
     eliminate_inter_stencil_redundancies [flops: 1523, elapsed: 3.10] >>
     eliminate_intra_stencil_redundancies [flops: 743, elapsed: 4.44] >>
     factorize [flops: 641, elapsed: 6.98] >>
     finalize [flops: 643, elapsed: 0.21]
     [Total elapsed: 16.97 s]
DLE: avoid_denormals [elapsed: 0.00] >>
     loop_fission [elapsed: 0.19] >>
     loop_blocking [elapsed: 1.79] >>
     simdize [elapsed: 1.06] >>
     ompize [elapsed: 0.84] >>
     create_elemental_functions [elapsed: 3.11] >>
     minimize_remainders [elapsed: 0.23]
     [Total elapsed: 7.23 s]
Allocating memory for rec ((417, 101))
Allocating memory for u ((3, 788, 788, 788))
Allocating memory for v ((3, 788, 788, 788))
IntelCompiler: compiled /tmp/devito-3_mxzxj5/4b36f3748a151cfc18654e93621d5a6863c83da0.c [73.64 s]
AutoTuner: Block shape <8,8,8> took 3.767791 (s) in 3 time steps
AutoTuner: Block shape <16,16,16> took 2.995621 (s) in 3 time steps
AutoTuner: Block shape <24,24,24> took 2.930630 (s) in 3 time steps
AutoTuner: Block shape <32,32,32> took 2.269787 (s) in 3 time steps
AutoTuner: Block shape <40,40,40> took 2.117389 (s) in 3 time steps
AutoTuner: Block shape <64,64,64> took 1.690097 (s) in 3 time steps
AutoTuner: Block shape <128,128,128> took 1.650159 (s) in 3 time steps
AutoTuner: Block shape <256,256,256> took 2.691766 (s) in 3 time steps
AutoTuner: Block shape <512,512,512> took 33.579331 (s) in 3 time steps
AutoTuner: Block shape <780,780,780> took 28.792922 (s) in 3 time steps
AutoTuner: Block shape <8,8,16> took 2.115317 (s) in 3 time steps
AutoTuner: Block shape <8,8,24> took 2.045030 (s) in 3 time steps
AutoTuner: Block shape <8,8,32> took 1.612174 (s) in 3 time steps
AutoTuner: Block shape <8,8,40> took 1.826387 (s) in 3 time steps
AutoTuner: Block shape <8,8,64> took 1.364034 (s) in 3 time steps
AutoTuner: Block shape <8,8,128> took 1.547188 (s) in 3 time steps
AutoTuner: Block shape <8,8,256> took 1.941356 (s) in 3 time steps
AutoTuner: Block shape <8,8,512> took 2.297264 (s) in 3 time steps
AutoTuner: Block shape <8,8,780> took 2.429066 (s) in 3 time steps
AutoTuner: Block shape <16,16,8> took 5.540800 (s) in 3 time steps
AutoTuner: Block shape <16,16,24> took 2.839903 (s) in 3 time steps
AutoTuner: Block shape <16,16,32> took 2.191661 (s) in 3 time steps
AutoTuner: Block shape <16,16,40> took 2.129798 (s) in 3 time steps
AutoTuner: Block shape <16,16,64> took 1.600476 (s) in 3 time steps
AutoTuner: Block shape <16,16,128> took 1.538218 (s) in 3 time steps
AutoTuner: Block shape <16,16,256> took 1.922969 (s) in 3 time steps
AutoTuner: Block shape <16,16,512> took 2.269450 (s) in 3 time steps
AutoTuner: Block shape <16,16,780> took 2.447007 (s) in 3 time steps
AutoTuner: Block shape <24,24,8> took 6.330585 (s) in 3 time steps
AutoTuner: Block shape <24,24,16> took 3.327223 (s) in 3 time steps
AutoTuner: Block shape <24,24,32> took 2.301994 (s) in 3 time steps
AutoTuner: Block shape <24,24,40> took 2.566125 (s) in 3 time steps
AutoTuner: Block shape <24,24,64> took 1.597781 (s) in 3 time steps
AutoTuner: Block shape <24,24,128> took 1.520459 (s) in 3 time steps
AutoTuner: Block shape <24,24,256> took 1.947097 (s) in 3 time steps
AutoTuner: Block shape <24,24,512> took 2.312125 (s) in 3 time steps
AutoTuner: Block shape <24,24,780> took 2.505706 (s) in 3 time steps
AutoTuner: Block shape <32,32,8> took 6.474686 (s) in 3 time steps
AutoTuner: Block shape <32,32,16> took 3.384858 (s) in 3 time steps
AutoTuner: Block shape <32,32,24> took 2.913612 (s) in 3 time steps
AutoTuner: Block shape <32,32,40> took 2.120600 (s) in 3 time steps
AutoTuner: Block shape <32,32,64> took 1.595935 (s) in 3 time steps
AutoTuner: Block shape <32,32,128> took 1.516622 (s) in 3 time steps
AutoTuner: Block shape <32,32,256> took 1.948283 (s) in 3 time steps
AutoTuner: Block shape <32,32,512> took 2.367892 (s) in 3 time steps
AutoTuner: Block shape <32,32,780> took 2.596449 (s) in 3 time steps
AutoTuner: Block shape <16,8,8> took 3.649383 (s) in 3 time steps
AutoTuner: Block shape <8,16,8> took 5.576302 (s) in 3 time steps
AutoTuner: Block shape <16,8,16> took 2.074638 (s) in 3 time steps
AutoTuner: Block shape <8,16,16> took 3.006493 (s) in 3 time steps
AutoTuner: Block shape <32,16,16> took 2.989978 (s) in 3 time steps
AutoTuner: Block shape <16,32,16> took 3.395171 (s) in 3 time steps
AutoTuner: Block shape <32,16,32> took 2.176560 (s) in 3 time steps
AutoTuner: Block shape <16,32,32> took 2.510398 (s) in 3 time steps
AutoTuner: Block shape <48,24,24> took 2.995674 (s) in 3 time steps
AutoTuner: Block shape <24,48,24> took 2.899806 (s) in 3 time steps
AutoTuner: Block shape <24,24,48> took 1.842535 (s) in 3 time steps
AutoTuner: Block shape <48,48,24> took 2.872649 (s) in 3 time steps
AutoTuner: Block shape <48,24,48> took 1.826544 (s) in 3 time steps
AutoTuner: Block shape <24,48,48> took 1.815521 (s) in 3 time steps
AutoTuner: Block shape <48,48,48> took 1.817850 (s) in 3 time steps
AutoTuner: Block shape <64,32,32> took 2.251453 (s) in 3 time steps
AutoTuner: Block shape <32,64,32> took 2.267514 (s) in 3 time steps
AutoTuner: Block shape <64,64,32> took 2.257449 (s) in 3 time steps
AutoTuner: Block shape <64,32,64> took 1.576665 (s) in 3 time steps
AutoTuner: Block shape <32,64,64> took 1.581308 (s) in 3 time steps
AutoTuner: Block shape <80,40,40> took 2.111614 (s) in 3 time steps
AutoTuner: Block shape <40,80,40> took 2.110845 (s) in 3 time steps
AutoTuner: Block shape <40,40,80> took 1.520865 (s) in 3 time steps
AutoTuner: Block shape <80,80,40> took 2.162774 (s) in 3 time steps
AutoTuner: Block shape <80,40,80> took 1.565301 (s) in 3 time steps
AutoTuner: Block shape <40,80,80> took 1.596217 (s) in 3 time steps
AutoTuner: Block shape <80,80,80> took 1.798762 (s) in 3 time steps
AutoTuner: Block shape <128,64,64> took 1.644831 (s) in 3 time steps
AutoTuner: Block shape <64,128,64> took 1.672286 (s) in 3 time steps
AutoTuner: Block shape <64,64,128> took 1.596769 (s) in 3 time steps
AutoTuner: Block shape <128,128,64> took 1.665593 (s) in 3 time steps
AutoTuner: Block shape <128,64,128> took 1.551836 (s) in 3 time steps
AutoTuner: Block shape <64,128,128> took 1.572117 (s) in 3 time steps
AutoTuner: Block shape <256,128,128> took 1.702992 (s) in 3 time steps
AutoTuner: Block shape <128,256,128> took 1.702524 (s) in 3 time steps
AutoTuner: Block shape <128,128,256> took 1.678597 (s) in 3 time steps
AutoTuner: Block shape <256,256,128> took 1.983382 (s) in 3 time steps
AutoTuner: Block shape <256,128,256> took 2.070688 (s) in 3 time steps
AutoTuner: Block shape <128,256,256> took 2.100110 (s) in 3 time steps
AutoTuner: Block shape <512,256,256> took 6.409006 (s) in 3 time steps
AutoTuner: Block shape <256,512,256> took 6.345856 (s) in 3 time steps
AutoTuner: Block shape <256,256,512> took 6.214745 (s) in 3 time steps
AutoTuner: Block shape <512,512,256> took 16.674326 (s) in 3 time steps
AutoTuner: Block shape <512,256,512> took 16.246437 (s) in 3 time steps
AutoTuner: Block shape <256,512,512> took 16.271123 (s) in 3 time steps
Auto-tuned block shape: {'x0_block_size': 8, 'y0_block_size': 8, 'z0_block_size': 64}
=========================================================================================
Section section_0<784,784,784> with OI=0.34 computed in 0.330 s [10.24 GFlops/s]
Section section_2<415,1> with OI=0.64 computed in 0.001 s [0.03 GFlops/s]
Section section_3<415,101> with OI=1.27 computed in 0.088 s [0.04 GFlops/s]
Section main<415,780,780,780> with OI=14.11 computed in 298.095 s [424.80 GFlops/s, 0.66 GPts/s]
=========================================================================================
Allocating memory for m ((788, 788, 788))
Allocating memory for damp ((788, 788, 788))
Allocating memory for epsilon ((788, 788, 788))
Allocating memory for delta ((788, 788, 788))
Allocating memory for theta ((788, 788, 788))
Allocating memory for phi ((788, 788, 788))
Allocating memory for src ((417, 1))
Allocating memory for src_coords ((1, 3))
Allocating memory for nrec_coords ((101, 3))
Allocating memory for rec_coords ((101, 3))
DSE: extract_time_invariants [flops: 1607, elapsed: 2.24] >>
     eliminate_inter_stencil_redundancies [flops: 1523, elapsed: 3.10] >>
     eliminate_intra_stencil_redundancies [flops: 743, elapsed: 4.47] >>
     factorize [flops: 641, elapsed: 6.99] >>
     finalize [flops: 643, elapsed: 0.21]
     [Total elapsed: 17.01 s]
DLE: avoid_denormals [elapsed: 0.00] >>
     loop_fission [elapsed: 0.19] >>
     loop_blocking [elapsed: 1.79] >>
     simdize [elapsed: 1.05] >>
     ompize [elapsed: 0.84] >>
     create_elemental_functions [elapsed: 3.12] >>
     minimize_remainders [elapsed: 0.22]
     [Total elapsed: 7.21 s]
Allocating memory for rec ((417, 101))
Allocating memory for u ((3, 788, 788, 788))
Allocating memory for v ((3, 788, 788, 788))
IntelCompiler: compiled /tmp/devito-3_mxzxj5/4b36f3748a151cfc18654e93621d5a6863c83da0.c [72.62 s]
AutoTuner: Block shape <8,8,8> took 3.744730 (s) in 3 time steps
AutoTuner: Block shape <16,16,16> took 2.990388 (s) in 3 time steps
AutoTuner: Block shape <24,24,24> took 3.009528 (s) in 3 time steps
AutoTuner: Block shape <32,32,32> took 2.394335 (s) in 3 time steps
AutoTuner: Block shape <40,40,40> took 2.116935 (s) in 3 time steps
AutoTuner: Block shape <64,64,64> took 1.607589 (s) in 3 time steps
AutoTuner: Block shape <128,128,128> took 1.627338 (s) in 3 time steps
AutoTuner: Block shape <256,256,256> took 2.670134 (s) in 3 time steps
AutoTuner: Block shape <512,512,512> took 33.578954 (s) in 3 time steps
AutoTuner: Block shape <780,780,780> took 28.808550 (s) in 3 time steps
AutoTuner: Block shape <8,8,16> took 2.117442 (s) in 3 time steps
AutoTuner: Block shape <8,8,24> took 2.058026 (s) in 3 time steps
AutoTuner: Block shape <8,8,32> took 1.602066 (s) in 3 time steps
AutoTuner: Block shape <8,8,40> took 1.679910 (s) in 3 time steps
AutoTuner: Block shape <8,8,64> took 1.365454 (s) in 3 time steps
AutoTuner: Block shape <8,8,128> took 1.548976 (s) in 3 time steps
AutoTuner: Block shape <8,8,256> took 1.939666 (s) in 3 time steps
AutoTuner: Block shape <8,8,512> took 2.294075 (s) in 3 time steps
AutoTuner: Block shape <8,8,780> took 2.427623 (s) in 3 time steps
AutoTuner: Block shape <16,16,8> took 5.537924 (s) in 3 time steps
AutoTuner: Block shape <16,16,24> took 2.837722 (s) in 3 time steps
AutoTuner: Block shape <16,16,32> took 2.188716 (s) in 3 time steps
AutoTuner: Block shape <16,16,40> took 2.128094 (s) in 3 time steps
AutoTuner: Block shape <16,16,64> took 1.601382 (s) in 3 time steps
AutoTuner: Block shape <16,16,128> took 1.537495 (s) in 3 time steps
AutoTuner: Block shape <16,16,256> took 1.922992 (s) in 3 time steps
AutoTuner: Block shape <16,16,512> took 2.273386 (s) in 3 time steps
AutoTuner: Block shape <16,16,780> took 2.440486 (s) in 3 time steps
AutoTuner: Block shape <24,24,8> took 6.330222 (s) in 3 time steps
AutoTuner: Block shape <24,24,16> took 3.653308 (s) in 3 time steps
AutoTuner: Block shape <24,24,32> took 2.364366 (s) in 3 time steps
AutoTuner: Block shape <24,24,40> took 2.135565 (s) in 3 time steps
AutoTuner: Block shape <24,24,64> took 1.594743 (s) in 3 time steps
AutoTuner: Block shape <24,24,128> took 1.519788 (s) in 3 time steps
AutoTuner: Block shape <24,24,256> took 1.944707 (s) in 3 time steps
AutoTuner: Block shape <24,24,512> took 2.314076 (s) in 3 time steps
AutoTuner: Block shape <24,24,780> took 2.504679 (s) in 3 time steps
AutoTuner: Block shape <32,32,8> took 6.476829 (s) in 3 time steps
AutoTuner: Block shape <32,32,16> took 3.388076 (s) in 3 time steps
AutoTuner: Block shape <32,32,24> took 2.915276 (s) in 3 time steps
AutoTuner: Block shape <32,32,40> took 2.121680 (s) in 3 time steps
AutoTuner: Block shape <32,32,64> took 1.591209 (s) in 3 time steps
AutoTuner: Block shape <32,32,128> took 1.520099 (s) in 3 time steps
AutoTuner: Block shape <32,32,256> took 1.950146 (s) in 3 time steps
AutoTuner: Block shape <32,32,512> took 2.375796 (s) in 3 time steps
AutoTuner: Block shape <32,32,780> took 2.597355 (s) in 3 time steps
AutoTuner: Block shape <16,8,8> took 3.652761 (s) in 3 time steps
AutoTuner: Block shape <8,16,8> took 5.575994 (s) in 3 time steps
AutoTuner: Block shape <16,8,16> took 2.074577 (s) in 3 time steps
AutoTuner: Block shape <8,16,16> took 3.004223 (s) in 3 time steps
AutoTuner: Block shape <32,16,16> took 2.983589 (s) in 3 time steps
AutoTuner: Block shape <16,32,16> took 3.419910 (s) in 3 time steps
AutoTuner: Block shape <32,16,32> took 2.340015 (s) in 3 time steps
AutoTuner: Block shape <16,32,32> took 2.368581 (s) in 3 time steps
AutoTuner: Block shape <48,24,24> took 2.922662 (s) in 3 time steps
AutoTuner: Block shape <24,48,24> took 2.899464 (s) in 3 time steps
AutoTuner: Block shape <24,24,48> took 1.833996 (s) in 3 time steps
AutoTuner: Block shape <48,48,24> took 2.877217 (s) in 3 time steps
AutoTuner: Block shape <48,24,48> took 1.824959 (s) in 3 time steps
AutoTuner: Block shape <24,48,48> took 1.811812 (s) in 3 time steps
AutoTuner: Block shape <48,48,48> took 1.825547 (s) in 3 time steps
AutoTuner: Block shape <64,32,32> took 2.253757 (s) in 3 time steps
AutoTuner: Block shape <32,64,32> took 2.258823 (s) in 3 time steps
AutoTuner: Block shape <64,64,32> took 2.253905 (s) in 3 time steps
AutoTuner: Block shape <64,32,64> took 1.572887 (s) in 3 time steps
AutoTuner: Block shape <32,64,64> took 1.583714 (s) in 3 time steps
AutoTuner: Block shape <80,40,40> took 2.111072 (s) in 3 time steps
AutoTuner: Block shape <40,80,40> took 2.110262 (s) in 3 time steps
AutoTuner: Block shape <40,40,80> took 1.524246 (s) in 3 time steps
AutoTuner: Block shape <80,80,40> took 2.164064 (s) in 3 time steps
AutoTuner: Block shape <80,40,80> took 1.564900 (s) in 3 time steps
AutoTuner: Block shape <40,80,80> took 1.596513 (s) in 3 time steps
AutoTuner: Block shape <80,80,80> took 1.798431 (s) in 3 time steps
AutoTuner: Block shape <128,64,64> took 1.644700 (s) in 3 time steps
AutoTuner: Block shape <64,128,64> took 1.664502 (s) in 3 time steps
AutoTuner: Block shape <64,64,128> took 1.603180 (s) in 3 time steps
AutoTuner: Block shape <128,128,64> took 1.690905 (s) in 3 time steps
AutoTuner: Block shape <128,64,128> took 1.549570 (s) in 3 time steps
AutoTuner: Block shape <64,128,128> took 1.565707 (s) in 3 time steps
AutoTuner: Block shape <256,128,128> took 1.717801 (s) in 3 time steps
AutoTuner: Block shape <128,256,128> took 1.705690 (s) in 3 time steps
AutoTuner: Block shape <128,128,256> took 1.684642 (s) in 3 time steps
AutoTuner: Block shape <256,256,128> took 1.927378 (s) in 3 time steps
AutoTuner: Block shape <256,128,256> took 2.067680 (s) in 3 time steps
AutoTuner: Block shape <128,256,256> took 2.173184 (s) in 3 time steps
AutoTuner: Block shape <512,256,256> took 6.317717 (s) in 3 time steps
AutoTuner: Block shape <256,512,256> took 6.334128 (s) in 3 time steps
AutoTuner: Block shape <256,256,512> took 6.212231 (s) in 3 time steps
AutoTuner: Block shape <512,512,256> took 16.674845 (s) in 3 time steps
AutoTuner: Block shape <512,256,512> took 16.252698 (s) in 3 time steps
AutoTuner: Block shape <256,512,512> took 16.274742 (s) in 3 time steps
Auto-tuned block shape: {'x0_block_size': 8, 'y0_block_size': 8, 'z0_block_size': 64}
=========================================================================================
Section section_0<784,784,784> with OI=0.34 computed in 0.330 s [10.21 GFlops/s]
Section section_2<415,1> with OI=0.64 computed in 0.001 s [0.04 GFlops/s]
Section section_3<415,101> with OI=1.27 computed in 0.025 s [0.16 GFlops/s]
Section main<415,780,780,780> with OI=14.11 computed in 296.435 s [427.18 GFlops/s, 0.66 GPts/s]
=========================================================================================
Allocating memory for m ((788, 788, 788))
Allocating memory for damp ((788, 788, 788))
Allocating memory for epsilon ((788, 788, 788))
Allocating memory for delta ((788, 788, 788))
Allocating memory for theta ((788, 788, 788))
Allocating memory for phi ((788, 788, 788))
Allocating memory for src ((417, 1))
Allocating memory for src_coords ((1, 3))
Allocating memory for nrec_coords ((101, 3))
Allocating memory for rec_coords ((101, 3))
DSE: extract_time_varying [flops: 1417, elapsed: 1.52] >>
     extract_time_invariants [flops: 1145, elapsed: 0.86] >>
     eliminate_inter_stencil_redundancies [flops: 635, elapsed: 2.48] >>
     extract_sum_of_products [flops: 461, elapsed: 0.43] >>
     eliminate_inter_stencil_redundancies [flops: 307, elapsed: 0.73] >>
     extract_sum_of_products [flops: 264, elapsed: 0.21] >>
     factorize [flops: 202, elapsed: 1.51] >>
     eliminate_intra_stencil_redundancies [flops: 167, elapsed: 0.52] >>
     finalize [flops: 168, elapsed: 0.05]
     [Total elapsed: 8.32 s]
DLE: avoid_denormals [elapsed: 0.00] >>
     loop_fission [elapsed: 0.12] >>
     loop_blocking [elapsed: 4.36] >>
     simdize [elapsed: 0.60] >>
     ompize [elapsed: 0.72] >>
     create_elemental_functions [elapsed: 3.84] >>
     minimize_remainders [elapsed: 0.21]
     [Total elapsed: 9.85 s]
Allocating memory for rec ((417, 101))
Allocating memory for u ((3, 788, 788, 788))
Allocating memory for v ((3, 788, 788, 788))
IntelCompiler: compiled /tmp/devito-3_mxzxj5/3e518cf6126bd4e67c0c5a6ad12c53ffe37eb9c7.c [18.38 s]
AutoTuner: Block shape <8,8,8> took 5.503275 (s) in 3 time steps
AutoTuner: Block shape <16,16,16> took 3.883859 (s) in 3 time steps
AutoTuner: Block shape <24,24,24> took 3.143364 (s) in 3 time steps
AutoTuner: Block shape <32,32,32> took 2.915771 (s) in 3 time steps
AutoTuner: Block shape <40,40,40> took 2.601497 (s) in 3 time steps
AutoTuner: Block shape <8,8,16> took 4.444544 (s) in 3 time steps
AutoTuner: Block shape <8,8,24> took 3.470027 (s) in 3 time steps
AutoTuner: Block shape <8,8,32> took 3.464649 (s) in 3 time steps
AutoTuner: Block shape <8,8,40> took 3.071922 (s) in 3 time steps
AutoTuner: Block shape <8,8,64> took 2.988521 (s) in 3 time steps
AutoTuner: Block shape <8,8,128> took 2.876866 (s) in 3 time steps
AutoTuner: Block shape <8,8,256> took 2.835731 (s) in 3 time steps
AutoTuner: Block shape <8,8,512> took 2.820169 (s) in 3 time steps
AutoTuner: Block shape <8,8,780> took 2.906902 (s) in 3 time steps
AutoTuner: Block shape <16,16,8> took 5.287731 (s) in 3 time steps
AutoTuner: Block shape <16,16,24> took 3.170811 (s) in 3 time steps
AutoTuner: Block shape <16,16,32> took 2.997313 (s) in 3 time steps
AutoTuner: Block shape <16,16,40> took 2.699503 (s) in 3 time steps
AutoTuner: Block shape <16,16,64> took 2.486863 (s) in 3 time steps
AutoTuner: Block shape <16,16,128> took 2.327120 (s) in 3 time steps
AutoTuner: Block shape <16,16,256> took 2.275168 (s) in 3 time steps
AutoTuner: Block shape <16,16,512> took 2.333262 (s) in 3 time steps
AutoTuner: Block shape <24,24,8> took 5.360049 (s) in 3 time steps
AutoTuner: Block shape <24,24,16> took 3.888733 (s) in 3 time steps
AutoTuner: Block shape <24,24,32> took 2.999935 (s) in 3 time steps
AutoTuner: Block shape <24,24,40> took 2.634308 (s) in 3 time steps
AutoTuner: Block shape <24,24,64> took 2.411888 (s) in 3 time steps
AutoTuner: Block shape <24,24,128> took 2.251312 (s) in 3 time steps
AutoTuner: Block shape <24,24,256> took 2.282011 (s) in 3 time steps
AutoTuner: Block shape <32,32,8> took 5.439730 (s) in 3 time steps
AutoTuner: Block shape <32,32,16> took 3.802434 (s) in 3 time steps
AutoTuner: Block shape <32,32,24> took 3.099298 (s) in 3 time steps
AutoTuner: Block shape <32,32,40> took 2.564530 (s) in 3 time steps
AutoTuner: Block shape <32,32,64> took 2.322354 (s) in 3 time steps
AutoTuner: Block shape <32,32,128> took 2.205399 (s) in 3 time steps
AutoTuner: Block shape <16,8,8> took 5.122410 (s) in 3 time steps
AutoTuner: Block shape <8,16,8> took 5.644858 (s) in 3 time steps
AutoTuner: Block shape <16,8,16> took 3.965881 (s) in 3 time steps
AutoTuner: Block shape <8,16,16> took 4.260754 (s) in 3 time steps
AutoTuner: Block shape <32,16,16> took 3.732371 (s) in 3 time steps
AutoTuner: Block shape <16,32,16> took 3.962465 (s) in 3 time steps
AutoTuner: Block shape <32,16,32> took 2.876613 (s) in 3 time steps
AutoTuner: Block shape <16,32,32> took 3.114947 (s) in 3 time steps
AutoTuner: Block shape <48,24,24> took 3.069100 (s) in 3 time steps
AutoTuner: Block shape <24,48,24> took 3.123542 (s) in 3 time steps
AutoTuner: Block shape <24,24,48> took 2.615778 (s) in 3 time steps
AutoTuner: Block shape <48,48,24> took 3.041359 (s) in 3 time steps
AutoTuner: Block shape <48,24,48> took 2.557665 (s) in 3 time steps
AutoTuner: Block shape <24,48,48> took 2.552628 (s) in 3 time steps
AutoTuner: Block shape <48,48,48> took 2.487214 (s) in 3 time steps
AutoTuner: Block shape <64,32,32> took 2.807083 (s) in 3 time steps
AutoTuner: Block shape <32,64,32> took 2.825785 (s) in 3 time steps
AutoTuner: Block shape <64,64,32> took 2.830614 (s) in 3 time steps
AutoTuner: Block shape <64,32,64> took 2.316945 (s) in 3 time steps
AutoTuner: Block shape <32,64,64> took 2.323938 (s) in 3 time steps
AutoTuner: Block shape <80,40,40> took 2.537384 (s) in 3 time steps
AutoTuner: Block shape <40,80,40> took 2.550987 (s) in 3 time steps
AutoTuner: Block shape <40,40,80> took 2.265816 (s) in 3 time steps
Auto-tuned block shape: {'x0_block_size': 32, 'y0_block_size': 32, 'z0_block_size': 128}
=========================================================================================
Section section_0<784,784,784> with OI=0.16 computed in 0.410 s [4.70 GFlops/s]
Section section_3<415,1> with OI=0.64 computed in 0.001 s [0.03 GFlops/s]
Section section_4<415,101> with OI=1.27 computed in 0.071 s [0.05 GFlops/s]
Section main<415,784,784,784> with OI=2.57 computed in 505.290 s [66.49 GFlops/s, 0.40 GPts/s]
=========================================================================================
Allocating memory for m ((788, 788, 788))
Allocating memory for damp ((788, 788, 788))
Allocating memory for epsilon ((788, 788, 788))
Allocating memory for delta ((788, 788, 788))
Allocating memory for theta ((788, 788, 788))
Allocating memory for phi ((788, 788, 788))
Allocating memory for src ((417, 1))
Allocating memory for src_coords ((1, 3))
Allocating memory for nrec_coords ((101, 3))
Allocating memory for rec_coords ((101, 3))
DSE: extract_time_varying [flops: 1417, elapsed: 1.52] >>
     extract_time_invariants [flops: 1145, elapsed: 0.86] >>
     eliminate_inter_stencil_redundancies [flops: 635, elapsed: 2.49] >>
     extract_sum_of_products [flops: 461, elapsed: 0.44] >>
     eliminate_inter_stencil_redundancies [flops: 307, elapsed: 0.73] >>
     extract_sum_of_products [flops: 264, elapsed: 0.21] >>
     factorize [flops: 202, elapsed: 1.52] >>
     eliminate_intra_stencil_redundancies [flops: 167, elapsed: 0.52] >>
     finalize [flops: 168, elapsed: 0.05]
     [Total elapsed: 8.33 s]
DLE: avoid_denormals [elapsed: 0.00] >>
     loop_fission [elapsed: 0.12] >>
     loop_blocking [elapsed: 4.36] >>
     simdize [elapsed: 0.59] >>
     ompize [elapsed: 0.72] >>
     create_elemental_functions [elapsed: 3.84] >>
     minimize_remainders [elapsed: 0.21]
     [Total elapsed: 9.84 s]
Allocating memory for rec ((417, 101))
Allocating memory for u ((3, 788, 788, 788))
Allocating memory for v ((3, 788, 788, 788))
IntelCompiler: compiled /tmp/devito-3_mxzxj5/aa883eef83539bbac256c895d15a9722e231228a.c [17.86 s]
AutoTuner: Block shape <8,8,8> took 5.503932 (s) in 3 time steps
AutoTuner: Block shape <16,16,16> took 3.888936 (s) in 3 time steps
AutoTuner: Block shape <24,24,24> took 3.148206 (s) in 3 time steps
AutoTuner: Block shape <32,32,32> took 2.864807 (s) in 3 time steps
AutoTuner: Block shape <40,40,40> took 2.550082 (s) in 3 time steps
AutoTuner: Block shape <8,8,16> took 4.447584 (s) in 3 time steps
AutoTuner: Block shape <8,8,24> took 3.468458 (s) in 3 time steps
AutoTuner: Block shape <8,8,32> took 3.561105 (s) in 3 time steps
AutoTuner: Block shape <8,8,40> took 3.146753 (s) in 3 time steps
AutoTuner: Block shape <8,8,64> took 3.072911 (s) in 3 time steps
AutoTuner: Block shape <8,8,128> took 2.892861 (s) in 3 time steps
AutoTuner: Block shape <8,8,256> took 2.836066 (s) in 3 time steps
AutoTuner: Block shape <8,8,512> took 2.815975 (s) in 3 time steps
AutoTuner: Block shape <8,8,780> took 2.900286 (s) in 3 time steps
AutoTuner: Block shape <16,16,8> took 5.291115 (s) in 3 time steps
AutoTuner: Block shape <16,16,24> took 3.169562 (s) in 3 time steps
AutoTuner: Block shape <16,16,32> took 2.996861 (s) in 3 time steps
AutoTuner: Block shape <16,16,40> took 2.694539 (s) in 3 time steps
AutoTuner: Block shape <16,16,64> took 2.486038 (s) in 3 time steps
AutoTuner: Block shape <16,16,128> took 2.329459 (s) in 3 time steps
AutoTuner: Block shape <16,16,256> took 2.278757 (s) in 3 time steps
AutoTuner: Block shape <16,16,512> took 2.335401 (s) in 3 time steps
AutoTuner: Block shape <24,24,8> took 5.355427 (s) in 3 time steps
AutoTuner: Block shape <24,24,16> took 3.841799 (s) in 3 time steps
AutoTuner: Block shape <24,24,32> took 2.930672 (s) in 3 time steps
AutoTuner: Block shape <24,24,40> took 2.633967 (s) in 3 time steps
AutoTuner: Block shape <24,24,64> took 2.413154 (s) in 3 time steps
AutoTuner: Block shape <24,24,128> took 2.254428 (s) in 3 time steps
AutoTuner: Block shape <24,24,256> took 2.388271 (s) in 3 time steps
AutoTuner: Block shape <32,32,8> took 5.479408 (s) in 3 time steps
AutoTuner: Block shape <32,32,16> took 3.804959 (s) in 3 time steps
AutoTuner: Block shape <32,32,24> took 3.098276 (s) in 3 time steps
AutoTuner: Block shape <32,32,40> took 2.563957 (s) in 3 time steps
AutoTuner: Block shape <32,32,64> took 2.322846 (s) in 3 time steps
AutoTuner: Block shape <32,32,128> took 2.199685 (s) in 3 time steps
AutoTuner: Block shape <16,8,8> took 5.122099 (s) in 3 time steps
AutoTuner: Block shape <8,16,8> took 5.647454 (s) in 3 time steps
AutoTuner: Block shape <16,8,16> took 3.966888 (s) in 3 time steps
AutoTuner: Block shape <8,16,16> took 4.262593 (s) in 3 time steps
AutoTuner: Block shape <32,16,16> took 3.733723 (s) in 3 time steps
AutoTuner: Block shape <16,32,16> took 3.963070 (s) in 3 time steps
AutoTuner: Block shape <32,16,32> took 2.879543 (s) in 3 time steps
AutoTuner: Block shape <16,32,32> took 2.976862 (s) in 3 time steps
AutoTuner: Block shape <48,24,24> took 3.058583 (s) in 3 time steps
AutoTuner: Block shape <24,48,24> took 3.136172 (s) in 3 time steps
AutoTuner: Block shape <24,24,48> took 2.618343 (s) in 3 time steps
AutoTuner: Block shape <48,48,24> took 3.110135 (s) in 3 time steps
AutoTuner: Block shape <48,24,48> took 2.611289 (s) in 3 time steps
AutoTuner: Block shape <24,48,48> took 2.555628 (s) in 3 time steps
AutoTuner: Block shape <48,48,48> took 2.489893 (s) in 3 time steps
AutoTuner: Block shape <64,32,32> took 2.805454 (s) in 3 time steps
AutoTuner: Block shape <32,64,32> took 2.827524 (s) in 3 time steps
AutoTuner: Block shape <64,64,32> took 2.830649 (s) in 3 time steps
AutoTuner: Block shape <64,32,64> took 2.316452 (s) in 3 time steps
AutoTuner: Block shape <32,64,64> took 2.326279 (s) in 3 time steps
AutoTuner: Block shape <80,40,40> took 2.537686 (s) in 3 time steps
AutoTuner: Block shape <40,80,40> took 2.550481 (s) in 3 time steps
AutoTuner: Block shape <40,40,80> took 2.265593 (s) in 3 time steps
Auto-tuned block shape: {'x0_block_size': 32, 'y0_block_size': 32, 'z0_block_size': 128}
=========================================================================================
Section section_0<784,784,784> with OI=0.16 computed in 0.409 s [4.71 GFlops/s]
Section section_3<415,1> with OI=0.64 computed in 0.001 s [0.03 GFlops/s]
Section section_4<415,101> with OI=1.27 computed in 0.072 s [0.05 GFlops/s]
Section main<415,784,784,784> with OI=2.57 computed in 504.690 s [66.57 GFlops/s, 0.40 GPts/s]
=========================================================================================
Allocating memory for m ((788, 788, 788))
Allocating memory for damp ((788, 788, 788))
Allocating memory for epsilon ((788, 788, 788))
Allocating memory for delta ((788, 788, 788))
Allocating memory for theta ((788, 788, 788))
Allocating memory for phi ((788, 788, 788))
Allocating memory for src ((417, 1))
Allocating memory for src_coords ((1, 3))
Allocating memory for nrec_coords ((101, 3))
Allocating memory for rec_coords ((101, 3))
DSE: extract_time_varying [flops: 1417, elapsed: 1.51] >>
     extract_time_invariants [flops: 1145, elapsed: 0.86] >>
     eliminate_inter_stencil_redundancies [flops: 635, elapsed: 2.49] >>
     extract_sum_of_products [flops: 461, elapsed: 0.44] >>
     eliminate_inter_stencil_redundancies [flops: 307, elapsed: 0.73] >>
     extract_sum_of_products [flops: 264, elapsed: 0.21] >>
     factorize [flops: 202, elapsed: 1.52] >>
     eliminate_intra_stencil_redundancies [flops: 167, elapsed: 0.52] >>
     finalize [flops: 168, elapsed: 0.05]
     [Total elapsed: 8.33 s]
DLE: avoid_denormals [elapsed: 0.00] >>
     loop_fission [elapsed: 0.12] >>
     loop_blocking [elapsed: 4.37] >>
     simdize [elapsed: 0.59] >>
     ompize [elapsed: 0.72] >>
     create_elemental_functions [elapsed: 3.86] >>
     minimize_remainders [elapsed: 0.21]
     [Total elapsed: 9.87 s]
Allocating memory for rec ((417, 101))
Allocating memory for u ((3, 788, 788, 788))
Allocating memory for v ((3, 788, 788, 788))
IntelCompiler: compiled /tmp/devito-3_mxzxj5/34ae205b9d00143ad398762a938f3657389c70a9.c [18.56 s]
AutoTuner: Block shape <8,8,8> took 5.501111 (s) in 3 time steps
AutoTuner: Block shape <16,16,16> took 3.885358 (s) in 3 time steps
AutoTuner: Block shape <24,24,24> took 3.145198 (s) in 3 time steps
AutoTuner: Block shape <32,32,32> took 2.863978 (s) in 3 time steps
AutoTuner: Block shape <40,40,40> took 2.546917 (s) in 3 time steps
AutoTuner: Block shape <8,8,16> took 4.446903 (s) in 3 time steps
AutoTuner: Block shape <8,8,24> took 3.468283 (s) in 3 time steps
AutoTuner: Block shape <8,8,32> took 3.461496 (s) in 3 time steps
AutoTuner: Block shape <8,8,40> took 3.065632 (s) in 3 time steps
AutoTuner: Block shape <8,8,64> took 3.016133 (s) in 3 time steps
AutoTuner: Block shape <8,8,128> took 3.061208 (s) in 3 time steps
AutoTuner: Block shape <8,8,256> took 2.839850 (s) in 3 time steps
AutoTuner: Block shape <8,8,512> took 2.814819 (s) in 3 time steps
AutoTuner: Block shape <8,8,780> took 2.901675 (s) in 3 time steps
AutoTuner: Block shape <16,16,8> took 5.290718 (s) in 3 time steps
AutoTuner: Block shape <16,16,24> took 3.169277 (s) in 3 time steps
AutoTuner: Block shape <16,16,32> took 2.996350 (s) in 3 time steps
AutoTuner: Block shape <16,16,40> took 2.693355 (s) in 3 time steps
AutoTuner: Block shape <16,16,64> took 2.488648 (s) in 3 time steps
AutoTuner: Block shape <16,16,128> took 2.330123 (s) in 3 time steps
AutoTuner: Block shape <16,16,256> took 2.276524 (s) in 3 time steps
AutoTuner: Block shape <16,16,512> took 2.334117 (s) in 3 time steps
AutoTuner: Block shape <24,24,8> took 5.354851 (s) in 3 time steps
AutoTuner: Block shape <24,24,16> took 3.842093 (s) in 3 time steps
AutoTuner: Block shape <24,24,32> took 2.930066 (s) in 3 time steps
AutoTuner: Block shape <24,24,40> took 2.636223 (s) in 3 time steps
AutoTuner: Block shape <24,24,64> took 2.413185 (s) in 3 time steps
AutoTuner: Block shape <24,24,128> took 2.252971 (s) in 3 time steps
AutoTuner: Block shape <24,24,256> took 2.274647 (s) in 3 time steps
AutoTuner: Block shape <32,32,8> took 5.505760 (s) in 3 time steps
AutoTuner: Block shape <32,32,16> took 3.840415 (s) in 3 time steps
AutoTuner: Block shape <32,32,24> took 3.098390 (s) in 3 time steps
AutoTuner: Block shape <32,32,40> took 2.577401 (s) in 3 time steps
AutoTuner: Block shape <32,32,64> took 2.322774 (s) in 3 time steps
AutoTuner: Block shape <32,32,128> took 2.198043 (s) in 3 time steps
AutoTuner: Block shape <16,8,8> took 5.140203 (s) in 3 time steps
AutoTuner: Block shape <8,16,8> took 5.647270 (s) in 3 time steps
AutoTuner: Block shape <16,8,16> took 3.964075 (s) in 3 time steps
AutoTuner: Block shape <8,16,16> took 4.267866 (s) in 3 time steps
AutoTuner: Block shape <32,16,16> took 3.731873 (s) in 3 time steps
AutoTuner: Block shape <16,32,16> took 3.963880 (s) in 3 time steps
AutoTuner: Block shape <32,16,32> took 2.879301 (s) in 3 time steps
AutoTuner: Block shape <16,32,32> took 2.974552 (s) in 3 time steps
AutoTuner: Block shape <48,24,24> took 3.059441 (s) in 3 time steps
AutoTuner: Block shape <24,48,24> took 3.123101 (s) in 3 time steps
AutoTuner: Block shape <24,24,48> took 2.615772 (s) in 3 time steps
AutoTuner: Block shape <48,48,24> took 3.061915 (s) in 3 time steps
AutoTuner: Block shape <48,24,48> took 2.523243 (s) in 3 time steps
AutoTuner: Block shape <24,48,48> took 2.673661 (s) in 3 time steps
AutoTuner: Block shape <48,48,48> took 2.628613 (s) in 3 time steps
AutoTuner: Block shape <64,32,32> took 2.806344 (s) in 3 time steps
AutoTuner: Block shape <32,64,32> took 2.826749 (s) in 3 time steps
AutoTuner: Block shape <64,64,32> took 2.829721 (s) in 3 time steps
AutoTuner: Block shape <64,32,64> took 2.317512 (s) in 3 time steps
AutoTuner: Block shape <32,64,64> took 2.328483 (s) in 3 time steps
AutoTuner: Block shape <80,40,40> took 2.538398 (s) in 3 time steps
AutoTuner: Block shape <40,80,40> took 2.548982 (s) in 3 time steps
AutoTuner: Block shape <40,40,80> took 2.264193 (s) in 3 time steps
Auto-tuned block shape: {'x0_block_size': 32, 'y0_block_size': 32, 'z0_block_size': 128}
=========================================================================================
Section section_0<784,784,784> with OI=0.16 computed in 0.411 s [4.69 GFlops/s]
Section section_3<415,1> with OI=0.64 computed in 0.001 s [0.03 GFlops/s]
Section section_4<415,101> with OI=1.27 computed in 0.088 s [0.04 GFlops/s]
Section main<415,784,784,784> with OI=2.57 computed in 504.979 s [66.53 GFlops/s, 0.40 GPts/s]
=========================================================================================


OpesciBench: Running 3 repeats - parameters: arch: unknown, autotune: True, dle: advanced, dse: basic, nbpml: 10, shape: (768, 768, 768), space_order: 8, spacing: (20.0, 20.0, 20.0), time_order: 2, tn: 1000
OpesciBench [10:49:36]: --- Run 0 ---
icc -O3 -g -fPIC -Wall -std=c99 -xhost -shared -qopenmp /tmp/devito-3_mxzxj5/ba427f586b373f72dc393d0a742487c3c926b358.c -o /tmp/devito-3_mxzxj5/ba427f586b373f72dc393d0a742487c3c926b358.so
OpesciBench [11:13:16]: --- Run 0 finished ---

OpesciBench [11:13:16]: --- Run 1 ---
icc -O3 -g -fPIC -Wall -std=c99 -xhost -shared -qopenmp /tmp/devito-3_mxzxj5/ba427f586b373f72dc393d0a742487c3c926b358.c -o /tmp/devito-3_mxzxj5/ba427f586b373f72dc393d0a742487c3c926b358.so
OpesciBench [11:36:48]: --- Run 1 finished ---

OpesciBench [11:36:48]: --- Run 2 ---
icc -O3 -g -fPIC -Wall -std=c99 -xhost -shared -qopenmp /tmp/devito-3_mxzxj5/ba427f586b373f72dc393d0a742487c3c926b358.c -o /tmp/devito-3_mxzxj5/ba427f586b373f72dc393d0a742487c3c926b358.so
OpesciBench [12:00:21]: --- Run 2 finished ---





OpesciBench: Running 3 repeats - parameters: arch: unknown, autotune: True, dle: advanced, dse: advanced, nbpml: 10, shape: (768, 768, 768), space_order: 8, spacing: (20.0, 20.0, 20.0), time_order: 2, tn: 1000
OpesciBench [12:00:21]: --- Run 0 ---
icc -O3 -g -fPIC -Wall -std=c99 -xhost -shared -qopenmp /tmp/devito-3_mxzxj5/4b36f3748a151cfc18654e93621d5a6863c83da0.c -o /tmp/devito-3_mxzxj5/4b36f3748a151cfc18654e93621d5a6863c83da0.so
OpesciBench [12:14:38]: --- Run 0 finished ---

OpesciBench [12:14:38]: --- Run 1 ---
icc -O3 -g -fPIC -Wall -std=c99 -xhost -shared -qopenmp /tmp/devito-3_mxzxj5/4b36f3748a151cfc18654e93621d5a6863c83da0.c -o /tmp/devito-3_mxzxj5/4b36f3748a151cfc18654e93621d5a6863c83da0.so
OpesciBench [12:28:59]: --- Run 1 finished ---

OpesciBench [12:28:59]: --- Run 2 ---
icc -O3 -g -fPIC -Wall -std=c99 -xhost -shared -qopenmp /tmp/devito-3_mxzxj5/4b36f3748a151cfc18654e93621d5a6863c83da0.c -o /tmp/devito-3_mxzxj5/4b36f3748a151cfc18654e93621d5a6863c83da0.so
OpesciBench [12:43:18]: --- Run 2 finished ---





OpesciBench: Running 3 repeats - parameters: arch: unknown, autotune: True, dle: advanced, dse: aggressive, nbpml: 10, shape: (768, 768, 768), space_order: 8, spacing: (20.0, 20.0, 20.0), time_order: 2, tn: 1000
OpesciBench [12:43:18]: --- Run 0 ---
icc -O3 -g -fPIC -Wall -std=c99 -xhost -shared -qopenmp /tmp/devito-3_mxzxj5/3e518cf6126bd4e67c0c5a6ad12c53ffe37eb9c7.c -o /tmp/devito-3_mxzxj5/3e518cf6126bd4e67c0c5a6ad12c53ffe37eb9c7.so
OpesciBench [12:57:40]: --- Run 0 finished ---

OpesciBench [12:57:40]: --- Run 1 ---
icc -O3 -g -fPIC -Wall -std=c99 -xhost -shared -qopenmp /tmp/devito-3_mxzxj5/aa883eef83539bbac256c895d15a9722e231228a.c -o /tmp/devito-3_mxzxj5/aa883eef83539bbac256c895d15a9722e231228a.so
OpesciBench [13:12:01]: --- Run 1 finished ---

OpesciBench [13:12:01]: --- Run 2 ---
icc -O3 -g -fPIC -Wall -std=c99 -xhost -shared -qopenmp /tmp/devito-3_mxzxj5/34ae205b9d00143ad398762a938f3657389c70a9.c -o /tmp/devito-3_mxzxj5/34ae205b9d00143ad398762a938f3657389c70a9.so
OpesciBench [13:26:22]: --- Run 2 finished ---



Fri Dec 22 13:26:24 PST 2017
top - 13:26:25 up 4 days,  4:32,  1 user,  load average: 271.66, 264.70, 248.21
Tasks: 2267 total,   1 running, 2266 sleeping,   0 stopped,   0 zombie
%Cpu(s): 26.6 us,  1.6 sy,  0.0 ni, 71.8 id,  0.0 wa,  0.0 hi,  0.0 si,  0.0 st
KiB Mem : 11538529+total, 11165599+free,  1446128 used,  2283172 buff/cache
KiB Swap: 58593276 total, 58593276 free,        0 used. 11304045+avail Mem 

   PID USER      PR  NI    VIRT    RES    SHR S  %CPU %MEM     TIME+ COMMAND
163511 cyount    20   0  152536   4072   1460 R  54.1  0.0   0:00.42 top
     1 root      20   0   51548  13932   2384 S   0.0  0.0   2:04.83 systemd
     2 root      20   0       0      0      0 S   0.0  0.0   0:00.16 kthreadd
     3 root      20   0       0      0      0 S   0.0  0.0   0:00.06 ksoftirqd/0
     4 root      20   0       0      0      0 S   0.0  0.0  10:20.31 kworker/0:0
     5 root       0 -20       0      0      0 S   0.0  0.0   0:00.00 kworker/0:0H
     7 root      rt   0       0      0      0 S   0.0  0.0   0:04.68 migration/0
     8 root      20   0       0      0      0 S   0.0  0.0   0:00.00 rcu_bh
     9 root      20   0       0      0      0 S   0.0  0.0   0:00.00 rcuob/0
    10 root      20   0       0      0      0 S   0.0  0.0   0:00.00 rcuob/1
    11 root      20   0       0      0      0 S   0.0  0.0   0:00.00 rcuob/2
    12 root      20   0       0      0      0 S   0.0  0.0   0:00.00 rcuob/3
    13 root      20   0       0      0      0 S   0.0  0.0   0:00.00 rcuob/4
    14 root      20   0       0      0      0 S   0.0  0.0   0:00.00 rcuob/5
    15 root      20   0       0      0      0 S   0.0  0.0   0:00.00 rcuob/6
    16 root      20   0       0      0      0 S   0.0  0.0   0:00.00 rcuob/7
    17 root      20   0       0      0      0 S   0.0  0.0   0:00.00 rcuob/8
    18 root      20   0       0      0      0 S   0.0  0.0   0:00.00 rcuob/9
    19 root      20   0       0      0      0 S   0.0  0.0   0:00.00 rcuob/10
    20 root      20   0       0      0      0 S   0.0  0.0   0:00.00 rcuob/11
    21 root      20   0       0      0      0 S   0.0  0.0   0:00.00 rcuob/12
    22 root      20   0       0      0      0 S   0.0  0.0   0:00.00 rcuob/13
    23 root      20   0       0      0      0 S   0.0  0.0   0:00.00 rcuob/14
