Tue Dec 19 14:30:29 PST 2017
Architecture:          x86_64
CPU op-mode(s):        32-bit, 64-bit
Byte Order:            Little Endian
CPU(s):                112
On-line CPU(s) list:   0-111
Thread(s) per core:    2
Core(s) per socket:    28
Socket(s):             2
NUMA node(s):          2
Vendor ID:             GenuineIntel
CPU family:            6
Model:                 85
Model name:            Intel(R) Xeon(R) Platinum 8180 CPU @ 2.50GHz
Stepping:              4
CPU MHz:               2501.000
BogoMIPS:              4993.64
Virtualization:        VT-x
L1d cache:             32K
L1i cache:             32K
L2 cache:              1024K
L3 cache:              39424K
NUMA node0 CPU(s):     0-27,56-83
NUMA node1 CPU(s):     28-55,84-111
Linux ortce-skl3 3.10.0-327.el7.x86_64 #1 SMP Thu Oct 29 17:29:29 EDT 2015 x86_64 x86_64 x86_64 GNU/Linux
available: 2 nodes (0-1)
node 0 cpus: 0 1 2 3 4 5 6 7 8 9 10 11 12 13 14 15 16 17 18 19 20 21 22 23 24 25 26 27 56 57 58 59 60 61 62 63 64 65 66 67 68 69 70 71 72 73 74 75 76 77 78 79 80 81 82 83
node 0 size: 96973 MB
node 0 free: 91424 MB
node 1 cpus: 28 29 30 31 32 33 34 35 36 37 38 39 40 41 42 43 44 45 46 47 48 49 50 51 52 53 54 55 84 85 86 87 88 89 90 91 92 93 94 95 96 97 98 99 100 101 102 103 104 105 106 107 108 109 110 111
node 1 size: 98304 MB
node 1 free: 93285 MB
node distances:
node   0   1 
  0:  10  21 
  1:  21  10 

Per-node system memory usage (in MBs):
                          Node 0          Node 1           Total
                 --------------- --------------- ---------------
MemTotal                96973.63        98304.00       195277.63
MemFree                 91424.52        93285.97       184710.48
MemUsed                  5549.11         5018.03        10567.14
Active                    247.69          429.32          677.01
Inactive                 1683.98         1974.63         3658.61
Active(anon)              190.49           16.48          206.97
Inactive(anon)           1549.23          679.97         2229.20
Active(file)               57.20          412.84          470.04
Inactive(file)            134.76         1294.66         1429.42
Unevictable                 0.00            0.00            0.00
Mlocked                     0.00            0.00            0.00
Dirty                       0.03            0.00            0.03
Writeback                   0.00            0.00            0.00
FilePages                1745.27         2377.43         4122.70
Mapped                     35.63           11.18           46.81
AnonPages                 260.75           31.12          291.87
Shmem                      14.05            2.33           16.39
KernelStack                33.22           10.34           43.56
PageTables                 28.20           22.57           50.77
NFS_Unstable                0.00            0.00            0.00
Bounce                      0.00            0.00            0.00
WritebackTmp                0.00            0.00            0.00
Slab                      378.52          311.49          690.01
SReclaimable              183.87          111.77          295.64
SUnreclaim                194.66          199.71          394.37
AnonHugePages              68.00            0.00           68.00
HugePages_Total             0.00            0.00            0.00
HugePages_Free              0.00            0.00            0.00
HugePages_Surp              0.00            0.00            0.00
top - 14:30:30 up 20 days,  5:19,  3 users,  load average: 38.64, 28.38, 17.15
Tasks: 1952 total,   1 running, 1951 sleeping,   0 stopped,   0 zombie
%Cpu(s):  4.9 us,  0.1 sy,  0.0 ni, 95.1 id,  0.0 wa,  0.0 hi,  0.0 si,  0.0 st
KiB Mem : 19652648+total, 18914139+free,  4716700 used,  2668396 buff/cache
KiB Swap: 50331644 total, 47096004 free,  3235640 used. 19105129+avail Mem 

   PID USER      PR  NI    VIRT    RES    SHR S  %CPU %MEM     TIME+ COMMAND
225542 cyount    20   0  152228   3932   1476 R   5.9  0.0   0:00.02 top
     1 root      20   0  197856   6200   1468 S   0.0  0.0   1:05.19 systemd
     2 root      20   0       0      0      0 S   0.0  0.0   0:00.28 kthreadd
     3 root      20   0       0      0      0 S   0.0  0.0   0:00.07 ksoftirqd/0
     5 root       0 -20       0      0      0 S   0.0  0.0   0:00.00 kworker/0:0H
     8 root      rt   0       0      0      0 S   0.0  0.0   0:01.43 migration/0
     9 root      20   0       0      0      0 S   0.0  0.0   0:00.00 rcu_bh
    10 root      20   0       0      0      0 S   0.0  0.0   0:00.00 rcuob/0
    11 root      20   0       0      0      0 S   0.0  0.0   0:00.00 rcuob/1
    12 root      20   0       0      0      0 S   0.0  0.0   0:00.00 rcuob/2
    13 root      20   0       0      0      0 S   0.0  0.0   0:00.00 rcuob/3
    14 root      20   0       0      0      0 S   0.0  0.0   0:00.00 rcuob/4
    15 root      20   0       0      0      0 S   0.0  0.0   0:00.00 rcuob/5
    16 root      20   0       0      0      0 S   0.0  0.0   0:00.00 rcuob/6
    17 root      20   0       0      0      0 S   0.0  0.0   0:00.00 rcuob/7
    18 root      20   0       0      0      0 S   0.0  0.0   0:00.00 rcuob/8
    19 root      20   0       0      0      0 S   0.0  0.0   0:00.00 rcuob/9
    20 root      20   0       0      0      0 S   0.0  0.0   0:00.00 rcuob/10
    21 root      20   0       0      0      0 S   0.0  0.0   0:00.00 rcuob/11
    22 root      20   0       0      0      0 S   0.0  0.0   0:00.00 rcuob/12
    23 root      20   0       0      0      0 S   0.0  0.0   0:00.00 rcuob/13
    24 root      20   0       0      0      0 S   0.0  0.0   0:00.00 rcuob/14
    25 root      20   0       0      0      0 S   0.0  0.0   0:00.00 rcuob/15
env DEVITO_PLATFORM=skx DEVITO_ISA=avx512 DEVITO_DLE_OPTIONS=blockinner:True DEVITO_AUTOTUNING=aggressive DEVITO_BACKEND=core DEVITO_OPENMP=1 DEVITO_ARCH=intel DEVITO_LOGGING=DEBUG DEVITO_YASK_AUTOTUNING=preemptive DEVITO_YASK_DUMP=devito.bench.2017-12-19/acoustic/core/bmO2/ortce-skl3/grid768/so8 numactl --cpubind=1 python examples/seismic/benchmark.py bench -bm O2 -P acoustic -so 8 -to 2 -d 768 768 768 --tn 1000 -x 3 -r devito.bench.2017-12-19/acoustic/core/bmO2/ortce-skl3/grid768/so8
Allocating memory for m ((788, 788, 788))
Allocating memory for damp ((788, 788, 788))
Allocating memory for src ((329, 1))
Allocating memory for src_coords ((1, 3))
Allocating memory for nrec_coords ((768, 3))
Applying Forward
Allocating memory for rec_coords ((768, 3))
DSE: extract_time_invariants [flops: 75, elapsed: 0.00] >>
     eliminate_inter_stencil_redundancies [flops: 75, elapsed: 0.00] >>
     eliminate_intra_stencil_redundancies [flops: 66, elapsed: 0.01] >>
     factorize [flops: 46, elapsed: 0.03] >>
     finalize [flops: 50, elapsed: 0.00]
     [Total elapsed: 0.04 s]
DLE: avoid_denormals [elapsed: 0.00] >>
     loop_fission [elapsed: 0.00] >>
     loop_blocking [elapsed: 0.06] >>
     simdize [elapsed: 0.15] >>
     ompize [elapsed: 0.03] >>
     create_elemental_functions [elapsed: 0.07] >>
     minimize_remainders [elapsed: 0.01]
     [Total elapsed: 0.32 s]
Allocating memory for rec ((329, 768))
Allocating memory for u ((3, 788, 788, 788))
IntelCompiler: compiled /tmp/devito-xol5icks/92bd3b21d3ad32a95984b5dd0a371435b59223c7.c [1.00 s]
AutoTuner: Block shape <8,8,8> took 0.268198 (s) in 3 time steps
AutoTuner: Block shape <16,16,16> took 0.220594 (s) in 3 time steps
AutoTuner: Block shape <24,24,24> took 0.177523 (s) in 3 time steps
AutoTuner: Block shape <32,32,32> took 0.208101 (s) in 3 time steps
AutoTuner: Block shape <40,40,40> took 0.213264 (s) in 3 time steps
AutoTuner: Block shape <64,64,64> took 0.197665 (s) in 3 time steps
AutoTuner: Block shape <128,128,128> took 0.228950 (s) in 3 time steps
AutoTuner: Block shape <256,256,256> took 0.332980 (s) in 3 time steps
AutoTuner: Block shape <512,512,512> took 2.164806 (s) in 3 time steps
AutoTuner: Block shape <780,780,780> took 1.407418 (s) in 3 time steps
AutoTuner: Block shape <8,8,16> took 0.203690 (s) in 3 time steps
AutoTuner: Block shape <8,8,24> took 0.179723 (s) in 3 time steps
AutoTuner: Block shape <8,8,32> took 0.177568 (s) in 3 time steps
AutoTuner: Block shape <8,8,40> took 0.176333 (s) in 3 time steps
AutoTuner: Block shape <8,8,64> took 0.175040 (s) in 3 time steps
AutoTuner: Block shape <8,8,128> took 0.168480 (s) in 3 time steps
AutoTuner: Block shape <8,8,256> took 0.181136 (s) in 3 time steps
AutoTuner: Block shape <8,8,512> took 0.183386 (s) in 3 time steps
AutoTuner: Block shape <8,8,780> took 0.145380 (s) in 3 time steps
AutoTuner: Block shape <16,16,8> took 0.224854 (s) in 3 time steps
AutoTuner: Block shape <16,16,24> took 0.170660 (s) in 3 time steps
AutoTuner: Block shape <16,16,32> took 0.170956 (s) in 3 time steps
AutoTuner: Block shape <16,16,40> took 0.172516 (s) in 3 time steps
AutoTuner: Block shape <16,16,64> took 0.178069 (s) in 3 time steps
AutoTuner: Block shape <16,16,128> took 0.199065 (s) in 3 time steps
AutoTuner: Block shape <16,16,256> took 0.197244 (s) in 3 time steps
AutoTuner: Block shape <16,16,512> took 0.183455 (s) in 3 time steps
AutoTuner: Block shape <16,16,780> took 0.146665 (s) in 3 time steps
AutoTuner: Block shape <24,24,8> took 0.224211 (s) in 3 time steps
AutoTuner: Block shape <24,24,16> took 0.193056 (s) in 3 time steps
AutoTuner: Block shape <24,24,32> took 0.181912 (s) in 3 time steps
AutoTuner: Block shape <24,24,40> took 0.186943 (s) in 3 time steps
AutoTuner: Block shape <24,24,64> took 0.191305 (s) in 3 time steps
AutoTuner: Block shape <24,24,128> took 0.199854 (s) in 3 time steps
AutoTuner: Block shape <24,24,256> took 0.200519 (s) in 3 time steps
AutoTuner: Block shape <24,24,512> took 0.184301 (s) in 3 time steps
AutoTuner: Block shape <24,24,780> took 0.152672 (s) in 3 time steps
AutoTuner: Block shape <32,32,8> took 0.235702 (s) in 3 time steps
AutoTuner: Block shape <32,32,16> took 0.203820 (s) in 3 time steps
AutoTuner: Block shape <32,32,24> took 0.206762 (s) in 3 time steps
AutoTuner: Block shape <32,32,40> took 0.207139 (s) in 3 time steps
AutoTuner: Block shape <32,32,64> took 0.196484 (s) in 3 time steps
AutoTuner: Block shape <32,32,128> took 0.196697 (s) in 3 time steps
AutoTuner: Block shape <32,32,256> took 0.203921 (s) in 3 time steps
AutoTuner: Block shape <32,32,512> took 0.191975 (s) in 3 time steps
AutoTuner: Block shape <32,32,780> took 0.177818 (s) in 3 time steps
AutoTuner: Block shape <16,8,8> took 0.225197 (s) in 3 time steps
AutoTuner: Block shape <8,16,8> took 0.230122 (s) in 3 time steps
AutoTuner: Block shape <16,8,16> took 0.198330 (s) in 3 time steps
AutoTuner: Block shape <8,16,16> took 0.198828 (s) in 3 time steps
AutoTuner: Block shape <32,16,16> took 0.193699 (s) in 3 time steps
AutoTuner: Block shape <16,32,16> took 0.193269 (s) in 3 time steps
AutoTuner: Block shape <32,16,32> took 0.180411 (s) in 3 time steps
AutoTuner: Block shape <16,32,32> took 0.179080 (s) in 3 time steps
AutoTuner: Block shape <48,24,24> took 0.213864 (s) in 3 time steps
AutoTuner: Block shape <24,48,24> took 0.214933 (s) in 3 time steps
AutoTuner: Block shape <24,24,48> took 0.190377 (s) in 3 time steps
AutoTuner: Block shape <48,48,24> took 0.235344 (s) in 3 time steps
AutoTuner: Block shape <48,24,48> took 0.205173 (s) in 3 time steps
AutoTuner: Block shape <24,48,48> took 0.204218 (s) in 3 time steps
AutoTuner: Block shape <48,48,48> took 0.204421 (s) in 3 time steps
AutoTuner: Block shape <64,32,32> took 0.223902 (s) in 3 time steps
AutoTuner: Block shape <32,64,32> took 0.223766 (s) in 3 time steps
AutoTuner: Block shape <64,64,32> took 0.224344 (s) in 3 time steps
AutoTuner: Block shape <64,32,64> took 0.195986 (s) in 3 time steps
AutoTuner: Block shape <32,64,64> took 0.198796 (s) in 3 time steps
AutoTuner: Block shape <80,40,40> took 0.216300 (s) in 3 time steps
AutoTuner: Block shape <40,80,40> took 0.219008 (s) in 3 time steps
AutoTuner: Block shape <40,40,80> took 0.191966 (s) in 3 time steps
AutoTuner: Block shape <80,80,40> took 0.224667 (s) in 3 time steps
AutoTuner: Block shape <80,40,80> took 0.195990 (s) in 3 time steps
AutoTuner: Block shape <40,80,80> took 0.203238 (s) in 3 time steps
AutoTuner: Block shape <80,80,80> took 0.212431 (s) in 3 time steps
AutoTuner: Block shape <128,64,64> took 0.201758 (s) in 3 time steps
AutoTuner: Block shape <64,128,64> took 0.210308 (s) in 3 time steps
AutoTuner: Block shape <64,64,128> took 0.201924 (s) in 3 time steps
AutoTuner: Block shape <128,128,64> took 0.209176 (s) in 3 time steps
AutoTuner: Block shape <128,64,128> took 0.200766 (s) in 3 time steps
AutoTuner: Block shape <64,128,128> took 0.232294 (s) in 3 time steps
AutoTuner: Block shape <256,128,128> took 0.227519 (s) in 3 time steps
AutoTuner: Block shape <128,256,128> took 0.308504 (s) in 3 time steps
AutoTuner: Block shape <128,128,256> took 0.289822 (s) in 3 time steps
AutoTuner: Block shape <256,256,128> took 0.268473 (s) in 3 time steps
AutoTuner: Block shape <256,128,256> took 0.251803 (s) in 3 time steps
AutoTuner: Block shape <128,256,256> took 0.286302 (s) in 3 time steps
AutoTuner: Block shape <512,256,256> took 0.604746 (s) in 3 time steps
AutoTuner: Block shape <256,512,256> took 0.579964 (s) in 3 time steps
AutoTuner: Block shape <256,256,512> took 0.369506 (s) in 3 time steps
AutoTuner: Block shape <512,512,256> took 0.833054 (s) in 3 time steps
AutoTuner: Block shape <512,256,512> took 0.770902 (s) in 3 time steps
AutoTuner: Block shape <256,512,512> took 0.832059 (s) in 3 time steps
Auto-tuned block shape: {'x0_block_size': 8, 'y0_block_size': 8, 'z0_block_size': 780}
=========================================================================================
Section section_1<327,1> with OI=0.96 computed in 0.000 s [0.19 GFlops/s]
Section section_2<327,768> with OI=2.09 computed in 0.003 s [7.94 GFlops/s]
Section main<327,780,780,780> with OI=3.01 computed in 47.572 s [163.10 GFlops/s, 3.26 GPts/s]
=========================================================================================
Allocating memory for m ((788, 788, 788))
Allocating memory for damp ((788, 788, 788))
Allocating memory for src ((329, 1))
Allocating memory for src_coords ((1, 3))
Allocating memory for nrec_coords ((768, 3))
Applying Forward
Allocating memory for rec_coords ((768, 3))
DSE: extract_time_invariants [flops: 75, elapsed: 0.00] >>
     eliminate_inter_stencil_redundancies [flops: 75, elapsed: 0.00] >>
     eliminate_intra_stencil_redundancies [flops: 66, elapsed: 0.01] >>
     factorize [flops: 46, elapsed: 0.03] >>
     finalize [flops: 50, elapsed: 0.00]
     [Total elapsed: 0.04 s]
DLE: avoid_denormals [elapsed: 0.00] >>
     loop_fission [elapsed: 0.00] >>
     loop_blocking [elapsed: 0.05] >>
     simdize [elapsed: 0.01] >>
     ompize [elapsed: 0.03] >>
     create_elemental_functions [elapsed: 0.07] >>
     minimize_remainders [elapsed: 0.01]
     [Total elapsed: 0.17 s]
Allocating memory for rec ((329, 768))
Allocating memory for u ((3, 788, 788, 788))
IntelCompiler: compiled /tmp/devito-xol5icks/92bd3b21d3ad32a95984b5dd0a371435b59223c7.c [1.00 s]
AutoTuner: Block shape <8,8,8> took 0.219797 (s) in 3 time steps
AutoTuner: Block shape <16,16,16> took 0.190909 (s) in 3 time steps
AutoTuner: Block shape <24,24,24> took 0.178891 (s) in 3 time steps
AutoTuner: Block shape <32,32,32> took 0.207956 (s) in 3 time steps
AutoTuner: Block shape <40,40,40> took 0.212060 (s) in 3 time steps
AutoTuner: Block shape <64,64,64> took 0.197924 (s) in 3 time steps
AutoTuner: Block shape <128,128,128> took 0.230900 (s) in 3 time steps
AutoTuner: Block shape <256,256,256> took 0.327036 (s) in 3 time steps
AutoTuner: Block shape <512,512,512> took 2.156536 (s) in 3 time steps
AutoTuner: Block shape <780,780,780> took 1.409479 (s) in 3 time steps
AutoTuner: Block shape <8,8,16> took 0.203012 (s) in 3 time steps
AutoTuner: Block shape <8,8,24> took 0.179565 (s) in 3 time steps
AutoTuner: Block shape <8,8,32> took 0.177796 (s) in 3 time steps
AutoTuner: Block shape <8,8,40> took 0.175975 (s) in 3 time steps
AutoTuner: Block shape <8,8,64> took 0.174539 (s) in 3 time steps
AutoTuner: Block shape <8,8,128> took 0.167819 (s) in 3 time steps
AutoTuner: Block shape <8,8,256> took 0.180325 (s) in 3 time steps
AutoTuner: Block shape <8,8,512> took 0.183974 (s) in 3 time steps
AutoTuner: Block shape <8,8,780> took 0.145390 (s) in 3 time steps
AutoTuner: Block shape <16,16,8> took 0.223946 (s) in 3 time steps
AutoTuner: Block shape <16,16,24> took 0.170134 (s) in 3 time steps
AutoTuner: Block shape <16,16,32> took 0.169578 (s) in 3 time steps
AutoTuner: Block shape <16,16,40> took 0.170977 (s) in 3 time steps
AutoTuner: Block shape <16,16,64> took 0.179036 (s) in 3 time steps
AutoTuner: Block shape <16,16,128> took 0.198040 (s) in 3 time steps
AutoTuner: Block shape <16,16,256> took 0.196790 (s) in 3 time steps
AutoTuner: Block shape <16,16,512> took 0.183944 (s) in 3 time steps
AutoTuner: Block shape <16,16,780> took 0.146779 (s) in 3 time steps
AutoTuner: Block shape <24,24,8> took 0.223314 (s) in 3 time steps
AutoTuner: Block shape <24,24,16> took 0.192505 (s) in 3 time steps
AutoTuner: Block shape <24,24,32> took 0.182793 (s) in 3 time steps
AutoTuner: Block shape <24,24,40> took 0.187641 (s) in 3 time steps
AutoTuner: Block shape <24,24,64> took 0.191479 (s) in 3 time steps
AutoTuner: Block shape <24,24,128> took 0.198853 (s) in 3 time steps
AutoTuner: Block shape <24,24,256> took 0.201534 (s) in 3 time steps
AutoTuner: Block shape <24,24,512> took 0.184693 (s) in 3 time steps
AutoTuner: Block shape <24,24,780> took 0.152433 (s) in 3 time steps
AutoTuner: Block shape <32,32,8> took 0.234571 (s) in 3 time steps
AutoTuner: Block shape <32,32,16> took 0.202620 (s) in 3 time steps
AutoTuner: Block shape <32,32,24> took 0.204963 (s) in 3 time steps
AutoTuner: Block shape <32,32,40> took 0.206563 (s) in 3 time steps
AutoTuner: Block shape <32,32,64> took 0.196052 (s) in 3 time steps
AutoTuner: Block shape <32,32,128> took 0.197258 (s) in 3 time steps
AutoTuner: Block shape <32,32,256> took 0.203777 (s) in 3 time steps
AutoTuner: Block shape <32,32,512> took 0.192411 (s) in 3 time steps
AutoTuner: Block shape <32,32,780> took 0.178067 (s) in 3 time steps
AutoTuner: Block shape <16,8,8> took 0.224477 (s) in 3 time steps
AutoTuner: Block shape <8,16,8> took 0.229550 (s) in 3 time steps
AutoTuner: Block shape <16,8,16> took 0.197301 (s) in 3 time steps
AutoTuner: Block shape <8,16,16> took 0.198203 (s) in 3 time steps
AutoTuner: Block shape <32,16,16> took 0.193029 (s) in 3 time steps
AutoTuner: Block shape <16,32,16> took 0.192922 (s) in 3 time steps
AutoTuner: Block shape <32,16,32> took 0.180645 (s) in 3 time steps
AutoTuner: Block shape <16,32,32> took 0.181669 (s) in 3 time steps
AutoTuner: Block shape <48,24,24> took 0.213281 (s) in 3 time steps
AutoTuner: Block shape <24,48,24> took 0.214401 (s) in 3 time steps
AutoTuner: Block shape <24,24,48> took 0.190965 (s) in 3 time steps
AutoTuner: Block shape <48,48,24> took 0.233788 (s) in 3 time steps
AutoTuner: Block shape <48,24,48> took 0.204629 (s) in 3 time steps
AutoTuner: Block shape <24,48,48> took 0.203813 (s) in 3 time steps
AutoTuner: Block shape <48,48,48> took 0.204269 (s) in 3 time steps
AutoTuner: Block shape <64,32,32> took 0.223021 (s) in 3 time steps
AutoTuner: Block shape <32,64,32> took 0.222804 (s) in 3 time steps
AutoTuner: Block shape <64,64,32> took 0.224335 (s) in 3 time steps
AutoTuner: Block shape <64,32,64> took 0.195953 (s) in 3 time steps
AutoTuner: Block shape <32,64,64> took 0.198437 (s) in 3 time steps
AutoTuner: Block shape <80,40,40> took 0.215944 (s) in 3 time steps
AutoTuner: Block shape <40,80,40> took 0.218254 (s) in 3 time steps
AutoTuner: Block shape <40,40,80> took 0.191544 (s) in 3 time steps
AutoTuner: Block shape <80,80,40> took 0.223768 (s) in 3 time steps
AutoTuner: Block shape <80,40,80> took 0.194839 (s) in 3 time steps
AutoTuner: Block shape <40,80,80> took 0.203049 (s) in 3 time steps
AutoTuner: Block shape <80,80,80> took 0.209418 (s) in 3 time steps
AutoTuner: Block shape <128,64,64> took 0.200508 (s) in 3 time steps
AutoTuner: Block shape <64,128,64> took 0.210424 (s) in 3 time steps
AutoTuner: Block shape <64,64,128> took 0.204083 (s) in 3 time steps
AutoTuner: Block shape <128,128,64> took 0.208876 (s) in 3 time steps
AutoTuner: Block shape <128,64,128> took 0.202110 (s) in 3 time steps
AutoTuner: Block shape <64,128,128> took 0.235245 (s) in 3 time steps
AutoTuner: Block shape <256,128,128> took 0.228884 (s) in 3 time steps
AutoTuner: Block shape <128,256,128> took 0.309987 (s) in 3 time steps
AutoTuner: Block shape <128,128,256> took 0.290546 (s) in 3 time steps
AutoTuner: Block shape <256,256,128> took 0.270093 (s) in 3 time steps
AutoTuner: Block shape <256,128,256> took 0.245934 (s) in 3 time steps
AutoTuner: Block shape <128,256,256> took 0.284453 (s) in 3 time steps
AutoTuner: Block shape <512,256,256> took 0.312948 (s) in 3 time steps
AutoTuner: Block shape <256,512,256> took 0.377863 (s) in 3 time steps
AutoTuner: Block shape <256,256,512> took 0.368451 (s) in 3 time steps
AutoTuner: Block shape <512,512,256> took 0.905628 (s) in 3 time steps
AutoTuner: Block shape <512,256,512> took 0.769878 (s) in 3 time steps
AutoTuner: Block shape <256,512,512> took 0.830063 (s) in 3 time steps
Auto-tuned block shape: {'x0_block_size': 8, 'y0_block_size': 8, 'z0_block_size': 780}
=========================================================================================
Section section_1<327,1> with OI=0.96 computed in 0.000 s [0.20 GFlops/s]
Section section_2<327,768> with OI=2.09 computed in 0.003 s [8.08 GFlops/s]
Section main<327,780,780,780> with OI=3.01 computed in 47.606 s [162.98 GFlops/s, 3.26 GPts/s]
=========================================================================================
Allocating memory for m ((788, 788, 788))
Allocating memory for damp ((788, 788, 788))
Allocating memory for src ((329, 1))
Allocating memory for src_coords ((1, 3))
Allocating memory for nrec_coords ((768, 3))
Applying Forward
Allocating memory for rec_coords ((768, 3))
DSE: extract_time_invariants [flops: 75, elapsed: 0.00] >>
     eliminate_inter_stencil_redundancies [flops: 75, elapsed: 0.00] >>
     eliminate_intra_stencil_redundancies [flops: 66, elapsed: 0.01] >>
     factorize [flops: 46, elapsed: 0.03] >>
     finalize [flops: 50, elapsed: 0.00]
     [Total elapsed: 0.04 s]
DLE: avoid_denormals [elapsed: 0.00] >>
     loop_fission [elapsed: 0.00] >>
     loop_blocking [elapsed: 0.05] >>
     simdize [elapsed: 0.01] >>
     ompize [elapsed: 0.03] >>
     create_elemental_functions [elapsed: 0.07] >>
     minimize_remainders [elapsed: 0.01]
     [Total elapsed: 0.17 s]
Allocating memory for rec ((329, 768))
Allocating memory for u ((3, 788, 788, 788))
IntelCompiler: compiled /tmp/devito-xol5icks/92bd3b21d3ad32a95984b5dd0a371435b59223c7.c [1.01 s]
AutoTuner: Block shape <8,8,8> took 0.220727 (s) in 3 time steps
AutoTuner: Block shape <16,16,16> took 0.191146 (s) in 3 time steps
AutoTuner: Block shape <24,24,24> took 0.178640 (s) in 3 time steps
AutoTuner: Block shape <32,32,32> took 0.207496 (s) in 3 time steps
AutoTuner: Block shape <40,40,40> took 0.211777 (s) in 3 time steps
AutoTuner: Block shape <64,64,64> took 0.197611 (s) in 3 time steps
AutoTuner: Block shape <128,128,128> took 0.230511 (s) in 3 time steps
AutoTuner: Block shape <256,256,256> took 0.328916 (s) in 3 time steps
AutoTuner: Block shape <512,512,512> took 2.155319 (s) in 3 time steps
AutoTuner: Block shape <780,780,780> took 1.409597 (s) in 3 time steps
AutoTuner: Block shape <8,8,16> took 0.203314 (s) in 3 time steps
AutoTuner: Block shape <8,8,24> took 0.179414 (s) in 3 time steps
AutoTuner: Block shape <8,8,32> took 0.177615 (s) in 3 time steps
AutoTuner: Block shape <8,8,40> took 0.176127 (s) in 3 time steps
AutoTuner: Block shape <8,8,64> took 0.174733 (s) in 3 time steps
AutoTuner: Block shape <8,8,128> took 0.167716 (s) in 3 time steps
AutoTuner: Block shape <8,8,256> took 0.179890 (s) in 3 time steps
AutoTuner: Block shape <8,8,512> took 0.183854 (s) in 3 time steps
AutoTuner: Block shape <8,8,780> took 0.145540 (s) in 3 time steps
AutoTuner: Block shape <16,16,8> took 0.223925 (s) in 3 time steps
AutoTuner: Block shape <16,16,24> took 0.170103 (s) in 3 time steps
AutoTuner: Block shape <16,16,32> took 0.169942 (s) in 3 time steps
AutoTuner: Block shape <16,16,40> took 0.171069 (s) in 3 time steps
AutoTuner: Block shape <16,16,64> took 0.179096 (s) in 3 time steps
AutoTuner: Block shape <16,16,128> took 0.198505 (s) in 3 time steps
AutoTuner: Block shape <16,16,256> took 0.196716 (s) in 3 time steps
AutoTuner: Block shape <16,16,512> took 0.183910 (s) in 3 time steps
AutoTuner: Block shape <16,16,780> took 0.146700 (s) in 3 time steps
AutoTuner: Block shape <24,24,8> took 0.224179 (s) in 3 time steps
AutoTuner: Block shape <24,24,16> took 0.192369 (s) in 3 time steps
AutoTuner: Block shape <24,24,32> took 0.182615 (s) in 3 time steps
AutoTuner: Block shape <24,24,40> took 0.187812 (s) in 3 time steps
AutoTuner: Block shape <24,24,64> took 0.191316 (s) in 3 time steps
AutoTuner: Block shape <24,24,128> took 0.198634 (s) in 3 time steps
AutoTuner: Block shape <24,24,256> took 0.201393 (s) in 3 time steps
AutoTuner: Block shape <24,24,512> took 0.184588 (s) in 3 time steps
AutoTuner: Block shape <24,24,780> took 0.152520 (s) in 3 time steps
AutoTuner: Block shape <32,32,8> took 0.234348 (s) in 3 time steps
AutoTuner: Block shape <32,32,16> took 0.202517 (s) in 3 time steps
AutoTuner: Block shape <32,32,24> took 0.204923 (s) in 3 time steps
AutoTuner: Block shape <32,32,40> took 0.206503 (s) in 3 time steps
AutoTuner: Block shape <32,32,64> took 0.195733 (s) in 3 time steps
AutoTuner: Block shape <32,32,128> took 0.197028 (s) in 3 time steps
AutoTuner: Block shape <32,32,256> took 0.203668 (s) in 3 time steps
AutoTuner: Block shape <32,32,512> took 0.192288 (s) in 3 time steps
AutoTuner: Block shape <32,32,780> took 0.178234 (s) in 3 time steps
AutoTuner: Block shape <16,8,8> took 0.224847 (s) in 3 time steps
AutoTuner: Block shape <8,16,8> took 0.229629 (s) in 3 time steps
AutoTuner: Block shape <16,8,16> took 0.197695 (s) in 3 time steps
AutoTuner: Block shape <8,16,16> took 0.198824 (s) in 3 time steps
AutoTuner: Block shape <32,16,16> took 0.192700 (s) in 3 time steps
AutoTuner: Block shape <16,32,16> took 0.192918 (s) in 3 time steps
AutoTuner: Block shape <32,16,32> took 0.180139 (s) in 3 time steps
AutoTuner: Block shape <16,32,32> took 0.181487 (s) in 3 time steps
AutoTuner: Block shape <48,24,24> took 0.212495 (s) in 3 time steps
AutoTuner: Block shape <24,48,24> took 0.213896 (s) in 3 time steps
AutoTuner: Block shape <24,24,48> took 0.190844 (s) in 3 time steps
AutoTuner: Block shape <48,48,24> took 0.234053 (s) in 3 time steps
AutoTuner: Block shape <48,24,48> took 0.204674 (s) in 3 time steps
AutoTuner: Block shape <24,48,48> took 0.203606 (s) in 3 time steps
AutoTuner: Block shape <48,48,48> took 0.204284 (s) in 3 time steps
AutoTuner: Block shape <64,32,32> took 0.222830 (s) in 3 time steps
AutoTuner: Block shape <32,64,32> took 0.222709 (s) in 3 time steps
AutoTuner: Block shape <64,64,32> took 0.224147 (s) in 3 time steps
AutoTuner: Block shape <64,32,64> took 0.195747 (s) in 3 time steps
AutoTuner: Block shape <32,64,64> took 0.198131 (s) in 3 time steps
AutoTuner: Block shape <80,40,40> took 0.215634 (s) in 3 time steps
AutoTuner: Block shape <40,80,40> took 0.218518 (s) in 3 time steps
AutoTuner: Block shape <40,40,80> took 0.191544 (s) in 3 time steps
AutoTuner: Block shape <80,80,40> took 0.223999 (s) in 3 time steps
AutoTuner: Block shape <80,40,80> took 0.194769 (s) in 3 time steps
AutoTuner: Block shape <40,80,80> took 0.202566 (s) in 3 time steps
AutoTuner: Block shape <80,80,80> took 0.209214 (s) in 3 time steps
AutoTuner: Block shape <128,64,64> took 0.200225 (s) in 3 time steps
AutoTuner: Block shape <64,128,64> took 0.209646 (s) in 3 time steps
AutoTuner: Block shape <64,64,128> took 0.203257 (s) in 3 time steps
AutoTuner: Block shape <128,128,64> took 0.209014 (s) in 3 time steps
AutoTuner: Block shape <128,64,128> took 0.201911 (s) in 3 time steps
AutoTuner: Block shape <64,128,128> took 0.234273 (s) in 3 time steps
AutoTuner: Block shape <256,128,128> took 0.228348 (s) in 3 time steps
AutoTuner: Block shape <128,256,128> took 0.309227 (s) in 3 time steps
AutoTuner: Block shape <128,128,256> took 0.289839 (s) in 3 time steps
AutoTuner: Block shape <256,256,128> took 0.262704 (s) in 3 time steps
AutoTuner: Block shape <256,128,256> took 0.247536 (s) in 3 time steps
AutoTuner: Block shape <128,256,256> took 0.283559 (s) in 3 time steps
AutoTuner: Block shape <512,256,256> took 0.317265 (s) in 3 time steps
AutoTuner: Block shape <256,512,256> took 0.380219 (s) in 3 time steps
AutoTuner: Block shape <256,256,512> took 0.369135 (s) in 3 time steps
AutoTuner: Block shape <512,512,256> took 0.889601 (s) in 3 time steps
AutoTuner: Block shape <512,256,512> took 0.769678 (s) in 3 time steps
AutoTuner: Block shape <256,512,512> took 0.831105 (s) in 3 time steps
Auto-tuned block shape: {'x0_block_size': 8, 'y0_block_size': 8, 'z0_block_size': 780}
=========================================================================================
Section section_1<327,1> with OI=0.96 computed in 0.000 s [0.19 GFlops/s]
Section section_2<327,768> with OI=2.09 computed in 0.003 s [8.13 GFlops/s]
Section main<327,780,780,780> with OI=3.01 computed in 47.600 s [163.00 GFlops/s, 3.26 GPts/s]
=========================================================================================


OpesciBench: Running 3 repeats - parameters: arch: unknown, autotune: True, dle: advanced, dse: advanced, nbpml: 10, shape: (768, 768, 768), space_order: 8, spacing: (20.0, 20.0, 20.0), time_order: 2, tn: 1000
OpesciBench [14:30:31]: --- Run 0 ---
OpesciBench [14:32:29]: --- Run 0 finished ---

OpesciBench [14:32:29]: --- Run 1 ---
OpesciBench [14:34:27]: --- Run 1 finished ---

OpesciBench [14:34:27]: --- Run 2 ---
OpesciBench [14:36:25]: --- Run 2 finished ---



Tue Dec 19 14:36:25 PST 2017
top - 14:36:25 up 20 days,  5:25,  3 users,  load average: 44.39, 32.52, 22.07
Tasks: 1952 total,   1 running, 1951 sleeping,   0 stopped,   0 zombie
%Cpu(s):  4.9 us,  0.1 sy,  0.0 ni, 95.1 id,  0.0 wa,  0.0 hi,  0.0 si,  0.0 st
KiB Mem : 19652648+total, 18914454+free,  4713852 used,  2668080 buff/cache
KiB Swap: 50331644 total, 47096004 free,  3235640 used. 19105443+avail Mem 

   PID USER      PR  NI    VIRT    RES    SHR S  %CPU %MEM     TIME+ COMMAND
225839 cyount    20   0  152228   3932   1476 R  11.8  0.0   0:00.02 top
330689 root      20   0       0      0      0 S   5.9  0.0   4:12.25 kworker/u896:1
     1 root      20   0  197856   6200   1468 S   0.0  0.0   1:05.20 systemd
     2 root      20   0       0      0      0 S   0.0  0.0   0:00.28 kthreadd
     3 root      20   0       0      0      0 S   0.0  0.0   0:00.07 ksoftirqd/0
     5 root       0 -20       0      0      0 S   0.0  0.0   0:00.00 kworker/0:0H
     8 root      rt   0       0      0      0 S   0.0  0.0   0:01.43 migration/0
     9 root      20   0       0      0      0 S   0.0  0.0   0:00.00 rcu_bh
    10 root      20   0       0      0      0 S   0.0  0.0   0:00.00 rcuob/0
    11 root      20   0       0      0      0 S   0.0  0.0   0:00.00 rcuob/1
    12 root      20   0       0      0      0 S   0.0  0.0   0:00.00 rcuob/2
    13 root      20   0       0      0      0 S   0.0  0.0   0:00.00 rcuob/3
    14 root      20   0       0      0      0 S   0.0  0.0   0:00.00 rcuob/4
    15 root      20   0       0      0      0 S   0.0  0.0   0:00.00 rcuob/5
    16 root      20   0       0      0      0 S   0.0  0.0   0:00.00 rcuob/6
    17 root      20   0       0      0      0 S   0.0  0.0   0:00.00 rcuob/7
    18 root      20   0       0      0      0 S   0.0  0.0   0:00.00 rcuob/8
    19 root      20   0       0      0      0 S   0.0  0.0   0:00.00 rcuob/9
    20 root      20   0       0      0      0 S   0.0  0.0   0:00.00 rcuob/10
    21 root      20   0       0      0      0 S   0.0  0.0   0:00.00 rcuob/11
    22 root      20   0       0      0      0 S   0.0  0.0   0:00.00 rcuob/12
    23 root      20   0       0      0      0 S   0.0  0.0   0:00.00 rcuob/13
    24 root      20   0       0      0      0 S   0.0  0.0   0:00.00 rcuob/14
