Thu Dec 21 22:22:58 PST 2017
Linux ortce-skl1 3.10.0-514.el7.x86_64 #1 SMP Wed Oct 19 11:24:13 EDT 2016 x86_64 x86_64 x86_64 GNU/Linux
Architecture:          x86_64
CPU op-mode(s):        32-bit, 64-bit
Byte Order:            Little Endian
CPU(s):                80
On-line CPU(s) list:   0-79
Thread(s) per core:    2
Core(s) per socket:    20
Socket(s):             2
NUMA node(s):          2
Vendor ID:             GenuineIntel
CPU family:            6
Model:                 85
Model name:            Intel(R) Xeon(R) Gold 6148 CPU @ 2.40GHz
Stepping:              4
CPU MHz:               3099.937
BogoMIPS:              4805.49
Virtualization:        VT-x
L1d cache:             32K
L1i cache:             32K
L2 cache:              1024K
L3 cache:              28160K
NUMA node0 CPU(s):     0-19,40-59
NUMA node1 CPU(s):     20-39,60-79
Linux ortce-skl1 3.10.0-514.el7.x86_64 #1 SMP Wed Oct 19 11:24:13 EDT 2016 x86_64 x86_64 x86_64 GNU/Linux
available: 2 nodes (0-1)
node 0 cpus: 0 1 2 3 4 5 6 7 8 9 10 11 12 13 14 15 16 17 18 19 40 41 42 43 44 45 46 47 48 49 50 51 52 53 54 55 56 57 58 59
node 0 size: 96973 MB
node 0 free: 88693 MB
node 1 cpus: 20 21 22 23 24 25 26 27 28 29 30 31 32 33 34 35 36 37 38 39 60 61 62 63 64 65 66 67 68 69 70 71 72 73 74 75 76 77 78 79
node 1 size: 98304 MB
node 1 free: 92046 MB
node distances:
node   0   1 
  0:  10  21 
  1:  21  10 

Per-node system memory usage (in MBs):
                          Node 0          Node 1           Total
                 --------------- --------------- ---------------
MemTotal                96973.63        98304.00       195277.63
MemFree                 88693.80        92046.50       180740.30
MemUsed                  8279.83         6257.50        14537.33
Active                   1783.40         1097.66         2881.06
Inactive                 3394.55         2432.89         5827.45
Active(anon)                9.39           15.29           24.68
Inactive(anon)             39.41            4.11           43.52
Active(file)             1774.01         1082.38         2856.39
Inactive(file)           3355.14         2428.78         5783.93
Unevictable                 0.00            0.00            0.00
Mlocked                     0.00            0.00            0.00
Dirty                       0.00            0.00            0.00
Writeback                   0.00            0.00            0.00
FilePages                5167.35         3514.80         8682.15
Mapped                     29.02            4.16           33.18
AnonPages                  14.02           15.68           29.70
Shmem                      23.78            0.09           23.87
KernelStack                10.08            9.48           19.56
PageTables                  3.52            3.88            7.40
NFS_Unstable                0.00            0.00            0.00
Bounce                      0.00            0.00            0.00
WritebackTmp                0.00            0.00            0.00
Slab                      338.93          332.88          671.81
SReclaimable              216.37          188.38          404.75
SUnreclaim                122.57          144.50          267.06
AnonHugePages               0.00            0.00            0.00
HugePages_Total             0.00            0.00            0.00
HugePages_Free              0.00            0.00            0.00
HugePages_Surp              0.00            0.00            0.00
top - 22:22:58 up 6 days,  7:46,  1 user,  load average: 39.64, 36.10, 29.82
Tasks: 715 total,   1 running, 714 sleeping,   0 stopped,   0 zombie
%Cpu(s): 11.3 us,  0.2 sy,  0.0 ni, 88.4 id,  0.0 wa,  0.0 hi,  0.0 si,  0.0 st
KiB Mem : 19652252+total, 18507752+free,  1884940 used,  9560056 buff/cache
KiB Swap:  4194300 total,  4124520 free,    69780 used. 19358868+avail Mem 

   PID USER      PR  NI    VIRT    RES    SHR S  %CPU %MEM     TIME+ COMMAND
453397 cyount    20   0  162512   2964   1888 R   6.2  0.0   0:00.03 top
     1 root      20   0  197536   2864   1516 S   0.0  0.0   0:30.56 systemd
     2 root      20   0       0      0      0 S   0.0  0.0   0:00.06 kthreadd
     3 root      20   0       0      0      0 S   0.0  0.0   0:00.31 ksoftirqd/0
     5 root       0 -20       0      0      0 S   0.0  0.0   0:00.00 kworker/0:0H
     6 root      20   0       0      0      0 S   0.0  0.0   0:14.39 kworker/u896:0
     8 root      rt   0       0      0      0 S   0.0  0.0   0:00.78 migration/0
     9 root      20   0       0      0      0 S   0.0  0.0   0:00.00 rcu_bh
    10 root      20   0       0      0      0 S   0.0  0.0   0:52.10 rcu_sched
    11 root      rt   0       0      0      0 S   0.0  0.0   0:02.17 watchdog/0
    12 root      rt   0       0      0      0 S   0.0  0.0   0:01.54 watchdog/1
    13 root      rt   0       0      0      0 S   0.0  0.0   0:00.83 migration/1
    14 root      20   0       0      0      0 S   0.0  0.0   0:00.02 ksoftirqd/1
    16 root       0 -20       0      0      0 S   0.0  0.0   0:00.00 kworker/1:0H
    17 root      rt   0       0      0      0 S   0.0  0.0   0:01.50 watchdog/2
    18 root      rt   0       0      0      0 S   0.0  0.0   0:00.78 migration/2
    19 root      20   0       0      0      0 S   0.0  0.0   0:00.02 ksoftirqd/2
    22 root      rt   0       0      0      0 S   0.0  0.0   0:01.56 watchdog/3
    23 root      rt   0       0      0      0 S   0.0  0.0   0:00.84 migration/3
    24 root      20   0       0      0      0 S   0.0  0.0   0:00.01 ksoftirqd/3
    27 root      rt   0       0      0      0 S   0.0  0.0   0:01.49 watchdog/4
    28 root      rt   0       0      0      0 S   0.0  0.0   0:00.81 migration/4
    29 root      20   0       0      0      0 S   0.0  0.0   0:00.01 ksoftirqd/4
env DEVITO_PLATFORM=skx DEVITO_ISA=avx512 DEVITO_DEBUG_COMPILER=1 DEVITO_DLE_OPTIONS=blockinner:True DEVITO_AUTOTUNING=aggressive DEVITO_BACKEND=core DEVITO_OPENMP=1 DEVITO_ARCH=intel DEVITO_LOGGING=DEBUG DEVITO_YASK_AUTOTUNING=preemptive DEVITO_YASK_DUMP=devito.bench.2017-12-21/tti/core/bmdse/ortce-skl1/grid768/so4 numactl --cpubind=1 python examples/seismic/benchmark.py bench -bm dse -P tti -so 4 -to 2 -d 768 768 768 --tn 1000 -x 3 -r devito.bench.2017-12-21/tti/core/bmdse/ortce-skl1/grid768/so4
Allocating memory for m ((788, 788, 788))
Allocating memory for damp ((788, 788, 788))
Allocating memory for epsilon ((788, 788, 788))
Allocating memory for delta ((788, 788, 788))
Allocating memory for theta ((788, 788, 788))
Allocating memory for phi ((788, 788, 788))
Allocating memory for src ((417, 1))
Allocating memory for src_coords ((1, 3))
Allocating memory for nrec_coords ((101, 3))
Allocating memory for rec_coords ((101, 3))
DSE: eliminate_intra_stencil_redundancies [flops: 297, elapsed: 0.10] >>
     finalize [flops: 299, elapsed: 0.01]
     [Total elapsed: 0.10 s]
DLE: avoid_denormals [elapsed: 0.00] >>
     loop_fission [elapsed: 0.01] >>
     loop_blocking [elapsed: 0.09] >>
     simdize [elapsed: 0.25] >>
     ompize [elapsed: 0.04] >>
     create_elemental_functions [elapsed: 0.16] >>
     minimize_remainders [elapsed: 0.01]
     [Total elapsed: 0.56 s]
Allocating memory for rec ((417, 101))
Allocating memory for u ((3, 788, 788, 788))
Allocating memory for v ((3, 788, 788, 788))
IntelCompiler: compiled /tmp/devito-l3xxdlbn/e76a5e5431156145bcabff0eed0bfc122ac5460b.c [1.78 s]
AutoTuner: Block shape <8,8,8> took 1.365173 (s) in 3 time steps
AutoTuner: Block shape <16,16,16> took 1.267400 (s) in 3 time steps
AutoTuner: Block shape <24,24,24> took 1.315073 (s) in 3 time steps
AutoTuner: Block shape <32,32,32> took 1.317197 (s) in 3 time steps
AutoTuner: Block shape <40,40,40> took 1.306270 (s) in 3 time steps
AutoTuner: Block shape <64,64,64> took 1.325157 (s) in 3 time steps
AutoTuner: Block shape <128,128,128> took 1.674989 (s) in 3 time steps
AutoTuner: Block shape <256,256,256> took 1.707857 (s) in 3 time steps
AutoTuner: Block shape <512,512,512> took 14.293625 (s) in 3 time steps
AutoTuner: Block shape <784,784,784> took 12.676871 (s) in 3 time steps
AutoTuner: Block shape <8,8,16> took 1.300460 (s) in 3 time steps
AutoTuner: Block shape <8,8,24> took 1.208408 (s) in 3 time steps
AutoTuner: Block shape <8,8,32> took 1.179970 (s) in 3 time steps
AutoTuner: Block shape <8,8,40> took 1.183317 (s) in 3 time steps
AutoTuner: Block shape <8,8,64> took 1.202738 (s) in 3 time steps
AutoTuner: Block shape <8,8,128> took 1.091511 (s) in 3 time steps
AutoTuner: Block shape <8,8,256> took 0.985658 (s) in 3 time steps
AutoTuner: Block shape <8,8,512> took 1.021350 (s) in 3 time steps
AutoTuner: Block shape <8,8,784> took 1.270955 (s) in 3 time steps
AutoTuner: Block shape <16,16,8> took 1.309739 (s) in 3 time steps
AutoTuner: Block shape <16,16,24> took 1.197397 (s) in 3 time steps
AutoTuner: Block shape <16,16,32> took 1.202730 (s) in 3 time steps
AutoTuner: Block shape <16,16,40> took 1.222557 (s) in 3 time steps
AutoTuner: Block shape <16,16,64> took 1.241189 (s) in 3 time steps
AutoTuner: Block shape <16,16,128> took 1.135927 (s) in 3 time steps
AutoTuner: Block shape <16,16,256> took 1.164003 (s) in 3 time steps
AutoTuner: Block shape <16,16,512> took 1.288619 (s) in 3 time steps
AutoTuner: Block shape <16,16,784> took 1.400438 (s) in 3 time steps
AutoTuner: Block shape <24,24,8> took 1.431081 (s) in 3 time steps
AutoTuner: Block shape <24,24,16> took 1.359043 (s) in 3 time steps
AutoTuner: Block shape <24,24,32> took 1.296454 (s) in 3 time steps
AutoTuner: Block shape <24,24,40> took 1.284732 (s) in 3 time steps
AutoTuner: Block shape <24,24,64> took 1.246625 (s) in 3 time steps
AutoTuner: Block shape <24,24,128> took 1.221480 (s) in 3 time steps
AutoTuner: Block shape <24,24,256> took 1.306778 (s) in 3 time steps
AutoTuner: Block shape <24,24,512> took 1.386571 (s) in 3 time steps
AutoTuner: Block shape <24,24,784> took 1.480769 (s) in 3 time steps
AutoTuner: Block shape <32,32,8> took 1.644963 (s) in 3 time steps
AutoTuner: Block shape <32,32,16> took 1.421046 (s) in 3 time steps
AutoTuner: Block shape <32,32,24> took 1.352919 (s) in 3 time steps
AutoTuner: Block shape <32,32,40> took 1.285607 (s) in 3 time steps
AutoTuner: Block shape <32,32,64> took 1.252671 (s) in 3 time steps
AutoTuner: Block shape <32,32,128> took 1.272850 (s) in 3 time steps
AutoTuner: Block shape <32,32,256> took 1.345228 (s) in 3 time steps
AutoTuner: Block shape <32,32,512> took 1.489243 (s) in 3 time steps
AutoTuner: Block shape <32,32,784> took 1.556717 (s) in 3 time steps
AutoTuner: Block shape <16,8,8> took 1.322099 (s) in 3 time steps
AutoTuner: Block shape <8,16,8> took 1.321159 (s) in 3 time steps
AutoTuner: Block shape <16,8,16> took 1.275651 (s) in 3 time steps
AutoTuner: Block shape <8,16,16> took 1.274718 (s) in 3 time steps
AutoTuner: Block shape <32,16,16> took 1.349161 (s) in 3 time steps
AutoTuner: Block shape <16,32,16> took 1.346474 (s) in 3 time steps
AutoTuner: Block shape <32,16,32> took 1.291391 (s) in 3 time steps
AutoTuner: Block shape <16,32,32> took 1.286454 (s) in 3 time steps
AutoTuner: Block shape <48,24,24> took 1.354880 (s) in 3 time steps
AutoTuner: Block shape <24,48,24> took 1.354514 (s) in 3 time steps
AutoTuner: Block shape <24,24,48> took 1.269875 (s) in 3 time steps
AutoTuner: Block shape <48,48,24> took 1.357101 (s) in 3 time steps
AutoTuner: Block shape <48,24,48> took 1.267966 (s) in 3 time steps
AutoTuner: Block shape <24,48,48> took 1.280471 (s) in 3 time steps
AutoTuner: Block shape <48,48,48> took 1.288147 (s) in 3 time steps
AutoTuner: Block shape <64,32,32> took 1.315878 (s) in 3 time steps
AutoTuner: Block shape <32,64,32> took 1.329805 (s) in 3 time steps
AutoTuner: Block shape <64,64,32> took 1.342087 (s) in 3 time steps
AutoTuner: Block shape <64,32,64> took 1.258787 (s) in 3 time steps
AutoTuner: Block shape <32,64,64> took 1.317283 (s) in 3 time steps
AutoTuner: Block shape <80,40,40> took 1.320736 (s) in 3 time steps
AutoTuner: Block shape <40,80,40> took 1.370153 (s) in 3 time steps
AutoTuner: Block shape <40,40,80> took 1.298957 (s) in 3 time steps
AutoTuner: Block shape <80,80,40> took 1.410876 (s) in 3 time steps
AutoTuner: Block shape <80,40,80> took 1.334454 (s) in 3 time steps
AutoTuner: Block shape <40,80,80> took 1.423026 (s) in 3 time steps
AutoTuner: Block shape <80,80,80> took 1.554341 (s) in 3 time steps
AutoTuner: Block shape <128,64,64> took 1.319086 (s) in 3 time steps
AutoTuner: Block shape <64,128,64> took 1.468265 (s) in 3 time steps
AutoTuner: Block shape <64,64,128> took 1.363007 (s) in 3 time steps
AutoTuner: Block shape <128,128,64> took 1.474530 (s) in 3 time steps
AutoTuner: Block shape <128,64,128> took 1.377423 (s) in 3 time steps
AutoTuner: Block shape <64,128,128> took 1.542855 (s) in 3 time steps
AutoTuner: Block shape <256,128,128> took 1.713753 (s) in 3 time steps
AutoTuner: Block shape <128,256,128> took 1.797165 (s) in 3 time steps
AutoTuner: Block shape <128,128,256> took 1.737141 (s) in 3 time steps
AutoTuner: Block shape <256,256,128> took 1.895575 (s) in 3 time steps
AutoTuner: Block shape <256,128,256> took 1.670710 (s) in 3 time steps
AutoTuner: Block shape <128,256,256> took 1.681578 (s) in 3 time steps
AutoTuner: Block shape <512,256,256> took 2.588669 (s) in 3 time steps
AutoTuner: Block shape <256,512,256> took 2.604887 (s) in 3 time steps
AutoTuner: Block shape <256,256,512> took 2.274990 (s) in 3 time steps
AutoTuner: Block shape <512,512,256> took 6.483424 (s) in 3 time steps
AutoTuner: Block shape <512,256,512> took 5.678942 (s) in 3 time steps
AutoTuner: Block shape <256,512,512> took 5.704056 (s) in 3 time steps
Auto-tuned block shape: {'x0_block_size': 8, 'y0_block_size': 8, 'z0_block_size': 256}
=========================================================================================
Section section_1<415,1> with OI=0.64 computed in 0.000 s [0.10 GFlops/s]
Section section_2<415,101> with OI=1.27 computed in 0.004 s [0.91 GFlops/s]
Section main<415,784,784,784> with OI=7.33 computed in 399.870 s [149.54 GFlops/s, 0.50 GPts/s]
=========================================================================================
Allocating memory for m ((788, 788, 788))
Allocating memory for damp ((788, 788, 788))
Allocating memory for epsilon ((788, 788, 788))
Allocating memory for delta ((788, 788, 788))
Allocating memory for theta ((788, 788, 788))
Allocating memory for phi ((788, 788, 788))
Allocating memory for src ((417, 1))
Allocating memory for src_coords ((1, 3))
Allocating memory for nrec_coords ((101, 3))
Allocating memory for rec_coords ((101, 3))
DSE: eliminate_intra_stencil_redundancies [flops: 297, elapsed: 0.09] >>
     finalize [flops: 299, elapsed: 0.01]
     [Total elapsed: 0.10 s]
DLE: avoid_denormals [elapsed: 0.00] >>
     loop_fission [elapsed: 0.01] >>
     loop_blocking [elapsed: 0.09] >>
     simdize [elapsed: 0.04] >>
     ompize [elapsed: 0.04] >>
     create_elemental_functions [elapsed: 0.16] >>
     minimize_remainders [elapsed: 0.01]
     [Total elapsed: 0.35 s]
Allocating memory for rec ((417, 101))
Allocating memory for u ((3, 788, 788, 788))
Allocating memory for v ((3, 788, 788, 788))
IntelCompiler: compiled /tmp/devito-l3xxdlbn/e76a5e5431156145bcabff0eed0bfc122ac5460b.c [1.80 s]
AutoTuner: Block shape <8,8,8> took 1.351136 (s) in 3 time steps
AutoTuner: Block shape <16,16,16> took 1.262208 (s) in 3 time steps
AutoTuner: Block shape <24,24,24> took 1.305111 (s) in 3 time steps
AutoTuner: Block shape <32,32,32> took 1.315389 (s) in 3 time steps
AutoTuner: Block shape <40,40,40> took 1.303141 (s) in 3 time steps
AutoTuner: Block shape <64,64,64> took 1.328386 (s) in 3 time steps
AutoTuner: Block shape <128,128,128> took 1.655405 (s) in 3 time steps
AutoTuner: Block shape <256,256,256> took 1.810138 (s) in 3 time steps
AutoTuner: Block shape <512,512,512> took 14.331364 (s) in 3 time steps
AutoTuner: Block shape <784,784,784> took 12.727960 (s) in 3 time steps
AutoTuner: Block shape <8,8,16> took 1.304987 (s) in 3 time steps
AutoTuner: Block shape <8,8,24> took 1.214354 (s) in 3 time steps
AutoTuner: Block shape <8,8,32> took 1.184845 (s) in 3 time steps
AutoTuner: Block shape <8,8,40> took 1.189031 (s) in 3 time steps
AutoTuner: Block shape <8,8,64> took 1.209158 (s) in 3 time steps
AutoTuner: Block shape <8,8,128> took 1.098740 (s) in 3 time steps
AutoTuner: Block shape <8,8,256> took 0.987010 (s) in 3 time steps
AutoTuner: Block shape <8,8,512> took 1.016936 (s) in 3 time steps
AutoTuner: Block shape <8,8,784> took 1.303211 (s) in 3 time steps
AutoTuner: Block shape <16,16,8> took 1.314921 (s) in 3 time steps
AutoTuner: Block shape <16,16,24> took 1.201413 (s) in 3 time steps
AutoTuner: Block shape <16,16,32> took 1.206559 (s) in 3 time steps
AutoTuner: Block shape <16,16,40> took 1.226608 (s) in 3 time steps
AutoTuner: Block shape <16,16,64> took 1.247706 (s) in 3 time steps
AutoTuner: Block shape <16,16,128> took 1.182728 (s) in 3 time steps
AutoTuner: Block shape <16,16,256> took 1.206111 (s) in 3 time steps
AutoTuner: Block shape <16,16,512> took 1.300309 (s) in 3 time steps
AutoTuner: Block shape <16,16,784> took 1.418624 (s) in 3 time steps
AutoTuner: Block shape <24,24,8> took 1.432061 (s) in 3 time steps
AutoTuner: Block shape <24,24,16> took 1.357168 (s) in 3 time steps
AutoTuner: Block shape <24,24,32> took 1.299463 (s) in 3 time steps
AutoTuner: Block shape <24,24,40> took 1.289962 (s) in 3 time steps
AutoTuner: Block shape <24,24,64> took 1.253745 (s) in 3 time steps
AutoTuner: Block shape <24,24,128> took 1.230527 (s) in 3 time steps
AutoTuner: Block shape <24,24,256> took 1.313946 (s) in 3 time steps
AutoTuner: Block shape <24,24,512> took 1.409257 (s) in 3 time steps
AutoTuner: Block shape <24,24,784> took 1.506678 (s) in 3 time steps
AutoTuner: Block shape <32,32,8> took 1.638632 (s) in 3 time steps
AutoTuner: Block shape <32,32,16> took 1.420499 (s) in 3 time steps
AutoTuner: Block shape <32,32,24> took 1.357437 (s) in 3 time steps
AutoTuner: Block shape <32,32,40> took 1.292224 (s) in 3 time steps
AutoTuner: Block shape <32,32,64> took 1.259857 (s) in 3 time steps
AutoTuner: Block shape <32,32,128> took 1.275820 (s) in 3 time steps
AutoTuner: Block shape <32,32,256> took 1.355462 (s) in 3 time steps
AutoTuner: Block shape <32,32,512> took 1.510171 (s) in 3 time steps
AutoTuner: Block shape <32,32,784> took 1.574035 (s) in 3 time steps
AutoTuner: Block shape <16,8,8> took 1.327467 (s) in 3 time steps
AutoTuner: Block shape <8,16,8> took 1.326335 (s) in 3 time steps
AutoTuner: Block shape <16,8,16> took 1.279835 (s) in 3 time steps
AutoTuner: Block shape <8,16,16> took 1.279455 (s) in 3 time steps
AutoTuner: Block shape <32,16,16> took 1.349322 (s) in 3 time steps
AutoTuner: Block shape <16,32,16> took 1.348412 (s) in 3 time steps
AutoTuner: Block shape <32,16,32> took 1.295666 (s) in 3 time steps
AutoTuner: Block shape <16,32,32> took 1.289219 (s) in 3 time steps
AutoTuner: Block shape <48,24,24> took 1.358596 (s) in 3 time steps
AutoTuner: Block shape <24,48,24> took 1.360874 (s) in 3 time steps
AutoTuner: Block shape <24,24,48> took 1.275636 (s) in 3 time steps
AutoTuner: Block shape <48,48,24> took 1.363198 (s) in 3 time steps
AutoTuner: Block shape <48,24,48> took 1.273823 (s) in 3 time steps
AutoTuner: Block shape <24,48,48> took 1.288978 (s) in 3 time steps
AutoTuner: Block shape <48,48,48> took 1.297821 (s) in 3 time steps
AutoTuner: Block shape <64,32,32> took 1.320048 (s) in 3 time steps
AutoTuner: Block shape <32,64,32> took 1.342970 (s) in 3 time steps
AutoTuner: Block shape <64,64,32> took 1.352961 (s) in 3 time steps
AutoTuner: Block shape <64,32,64> took 1.265311 (s) in 3 time steps
AutoTuner: Block shape <32,64,64> took 1.326667 (s) in 3 time steps
AutoTuner: Block shape <80,40,40> took 1.328509 (s) in 3 time steps
AutoTuner: Block shape <40,80,40> took 1.383097 (s) in 3 time steps
AutoTuner: Block shape <40,40,80> took 1.308362 (s) in 3 time steps
AutoTuner: Block shape <80,80,40> took 1.425871 (s) in 3 time steps
AutoTuner: Block shape <80,40,80> took 1.345793 (s) in 3 time steps
AutoTuner: Block shape <40,80,80> took 1.440890 (s) in 3 time steps
AutoTuner: Block shape <80,80,80> took 1.576615 (s) in 3 time steps
AutoTuner: Block shape <128,64,64> took 1.326163 (s) in 3 time steps
AutoTuner: Block shape <64,128,64> took 1.484187 (s) in 3 time steps
AutoTuner: Block shape <64,64,128> took 1.388548 (s) in 3 time steps
AutoTuner: Block shape <128,128,64> took 1.488650 (s) in 3 time steps
AutoTuner: Block shape <128,64,128> took 1.392567 (s) in 3 time steps
AutoTuner: Block shape <64,128,128> took 1.563800 (s) in 3 time steps
AutoTuner: Block shape <256,128,128> took 1.726379 (s) in 3 time steps
AutoTuner: Block shape <128,256,128> took 1.801953 (s) in 3 time steps
AutoTuner: Block shape <128,128,256> took 1.739529 (s) in 3 time steps
AutoTuner: Block shape <256,256,128> took 1.904051 (s) in 3 time steps
AutoTuner: Block shape <256,128,256> took 1.674054 (s) in 3 time steps
AutoTuner: Block shape <128,256,256> took 1.682478 (s) in 3 time steps
AutoTuner: Block shape <512,256,256> took 2.592052 (s) in 3 time steps
AutoTuner: Block shape <256,512,256> took 2.611520 (s) in 3 time steps
AutoTuner: Block shape <256,256,512> took 2.277723 (s) in 3 time steps
AutoTuner: Block shape <512,512,256> took 6.509276 (s) in 3 time steps
AutoTuner: Block shape <512,256,512> took 5.696410 (s) in 3 time steps
AutoTuner: Block shape <256,512,512> took 5.709139 (s) in 3 time steps
Auto-tuned block shape: {'x0_block_size': 8, 'y0_block_size': 8, 'z0_block_size': 256}
=========================================================================================
Section section_1<415,1> with OI=0.64 computed in 0.000 s [0.10 GFlops/s]
Section section_2<415,101> with OI=1.27 computed in 0.004 s [0.89 GFlops/s]
Section main<415,784,784,784> with OI=7.33 computed in 396.218 s [150.92 GFlops/s, 0.50 GPts/s]
=========================================================================================
Allocating memory for m ((788, 788, 788))
Allocating memory for damp ((788, 788, 788))
Allocating memory for epsilon ((788, 788, 788))
Allocating memory for delta ((788, 788, 788))
Allocating memory for theta ((788, 788, 788))
Allocating memory for phi ((788, 788, 788))
Allocating memory for src ((417, 1))
Allocating memory for src_coords ((1, 3))
Allocating memory for nrec_coords ((101, 3))
Allocating memory for rec_coords ((101, 3))
DSE: eliminate_intra_stencil_redundancies [flops: 297, elapsed: 0.09] >>
     finalize [flops: 299, elapsed: 0.01]
     [Total elapsed: 0.10 s]
DLE: avoid_denormals [elapsed: 0.00] >>
     loop_fission [elapsed: 0.01] >>
     loop_blocking [elapsed: 0.09] >>
     simdize [elapsed: 0.04] >>
     ompize [elapsed: 0.04] >>
     create_elemental_functions [elapsed: 0.16] >>
     minimize_remainders [elapsed: 0.01]
     [Total elapsed: 0.35 s]
Allocating memory for rec ((417, 101))
Allocating memory for u ((3, 788, 788, 788))
Allocating memory for v ((3, 788, 788, 788))
IntelCompiler: compiled /tmp/devito-l3xxdlbn/e76a5e5431156145bcabff0eed0bfc122ac5460b.c [1.80 s]
AutoTuner: Block shape <8,8,8> took 1.337707 (s) in 3 time steps
AutoTuner: Block shape <16,16,16> took 1.262074 (s) in 3 time steps
AutoTuner: Block shape <24,24,24> took 1.306374 (s) in 3 time steps
AutoTuner: Block shape <32,32,32> took 1.315182 (s) in 3 time steps
AutoTuner: Block shape <40,40,40> took 1.303224 (s) in 3 time steps
AutoTuner: Block shape <64,64,64> took 1.329180 (s) in 3 time steps
AutoTuner: Block shape <128,128,128> took 1.671261 (s) in 3 time steps
AutoTuner: Block shape <256,256,256> took 1.788665 (s) in 3 time steps
AutoTuner: Block shape <512,512,512> took 14.261279 (s) in 3 time steps
AutoTuner: Block shape <784,784,784> took 12.644657 (s) in 3 time steps
AutoTuner: Block shape <8,8,16> took 1.303226 (s) in 3 time steps
AutoTuner: Block shape <8,8,24> took 1.215713 (s) in 3 time steps
AutoTuner: Block shape <8,8,32> took 1.183971 (s) in 3 time steps
AutoTuner: Block shape <8,8,40> took 1.185604 (s) in 3 time steps
AutoTuner: Block shape <8,8,64> took 1.204880 (s) in 3 time steps
AutoTuner: Block shape <8,8,128> took 1.102016 (s) in 3 time steps
AutoTuner: Block shape <8,8,256> took 0.990439 (s) in 3 time steps
AutoTuner: Block shape <8,8,512> took 1.027231 (s) in 3 time steps
AutoTuner: Block shape <8,8,784> took 1.291278 (s) in 3 time steps
AutoTuner: Block shape <16,16,8> took 1.312582 (s) in 3 time steps
AutoTuner: Block shape <16,16,24> took 1.197855 (s) in 3 time steps
AutoTuner: Block shape <16,16,32> took 1.200062 (s) in 3 time steps
AutoTuner: Block shape <16,16,40> took 1.221663 (s) in 3 time steps
AutoTuner: Block shape <16,16,64> took 1.243404 (s) in 3 time steps
AutoTuner: Block shape <16,16,128> took 1.161782 (s) in 3 time steps
AutoTuner: Block shape <16,16,256> took 1.190345 (s) in 3 time steps
AutoTuner: Block shape <16,16,512> took 1.289975 (s) in 3 time steps
AutoTuner: Block shape <16,16,784> took 1.406302 (s) in 3 time steps
AutoTuner: Block shape <24,24,8> took 1.419844 (s) in 3 time steps
AutoTuner: Block shape <24,24,16> took 1.348986 (s) in 3 time steps
AutoTuner: Block shape <24,24,32> took 1.295547 (s) in 3 time steps
AutoTuner: Block shape <24,24,40> took 1.286904 (s) in 3 time steps
AutoTuner: Block shape <24,24,64> took 1.249565 (s) in 3 time steps
AutoTuner: Block shape <24,24,128> took 1.236948 (s) in 3 time steps
AutoTuner: Block shape <24,24,256> took 1.312628 (s) in 3 time steps
AutoTuner: Block shape <24,24,512> took 1.408400 (s) in 3 time steps
AutoTuner: Block shape <24,24,784> took 1.509339 (s) in 3 time steps
AutoTuner: Block shape <32,32,8> took 1.624185 (s) in 3 time steps
AutoTuner: Block shape <32,32,16> took 1.413010 (s) in 3 time steps
AutoTuner: Block shape <32,32,24> took 1.354209 (s) in 3 time steps
AutoTuner: Block shape <32,32,40> took 1.290200 (s) in 3 time steps
AutoTuner: Block shape <32,32,64> took 1.254766 (s) in 3 time steps
AutoTuner: Block shape <32,32,128> took 1.279650 (s) in 3 time steps
AutoTuner: Block shape <32,32,256> took 1.344654 (s) in 3 time steps
AutoTuner: Block shape <32,32,512> took 1.521778 (s) in 3 time steps
AutoTuner: Block shape <32,32,784> took 1.592114 (s) in 3 time steps
AutoTuner: Block shape <16,8,8> took 1.327424 (s) in 3 time steps
AutoTuner: Block shape <8,16,8> took 1.325257 (s) in 3 time steps
AutoTuner: Block shape <16,8,16> took 1.278264 (s) in 3 time steps
AutoTuner: Block shape <8,16,16> took 1.277336 (s) in 3 time steps
AutoTuner: Block shape <32,16,16> took 1.341226 (s) in 3 time steps
AutoTuner: Block shape <16,32,16> took 1.338467 (s) in 3 time steps
AutoTuner: Block shape <32,16,32> took 1.291201 (s) in 3 time steps
AutoTuner: Block shape <16,32,32> took 1.285525 (s) in 3 time steps
AutoTuner: Block shape <48,24,24> took 1.356869 (s) in 3 time steps
AutoTuner: Block shape <24,48,24> took 1.357693 (s) in 3 time steps
AutoTuner: Block shape <24,24,48> took 1.272130 (s) in 3 time steps
AutoTuner: Block shape <48,48,24> took 1.361302 (s) in 3 time steps
AutoTuner: Block shape <48,24,48> took 1.271201 (s) in 3 time steps
AutoTuner: Block shape <24,48,48> took 1.285603 (s) in 3 time steps
AutoTuner: Block shape <48,48,48> took 1.295743 (s) in 3 time steps
AutoTuner: Block shape <64,32,32> took 1.318365 (s) in 3 time steps
AutoTuner: Block shape <32,64,32> took 1.339791 (s) in 3 time steps
AutoTuner: Block shape <64,64,32> took 1.350491 (s) in 3 time steps
AutoTuner: Block shape <64,32,64> took 1.261758 (s) in 3 time steps
AutoTuner: Block shape <32,64,64> took 1.322997 (s) in 3 time steps
AutoTuner: Block shape <80,40,40> took 1.323161 (s) in 3 time steps
AutoTuner: Block shape <40,80,40> took 1.374904 (s) in 3 time steps
AutoTuner: Block shape <40,40,80> took 1.299864 (s) in 3 time steps
AutoTuner: Block shape <80,80,40> took 1.420841 (s) in 3 time steps
AutoTuner: Block shape <80,40,80> took 1.342224 (s) in 3 time steps
AutoTuner: Block shape <40,80,80> took 1.428296 (s) in 3 time steps
AutoTuner: Block shape <80,80,80> took 1.553381 (s) in 3 time steps
AutoTuner: Block shape <128,64,64> took 1.330530 (s) in 3 time steps
AutoTuner: Block shape <64,128,64> took 1.482396 (s) in 3 time steps
AutoTuner: Block shape <64,64,128> took 1.392146 (s) in 3 time steps
AutoTuner: Block shape <128,128,64> took 1.481098 (s) in 3 time steps
AutoTuner: Block shape <128,64,128> took 1.388412 (s) in 3 time steps
AutoTuner: Block shape <64,128,128> took 1.567193 (s) in 3 time steps
AutoTuner: Block shape <256,128,128> took 1.735157 (s) in 3 time steps
AutoTuner: Block shape <128,256,128> took 1.827173 (s) in 3 time steps
AutoTuner: Block shape <128,128,256> took 1.756135 (s) in 3 time steps
AutoTuner: Block shape <256,256,128> took 1.856910 (s) in 3 time steps
AutoTuner: Block shape <256,128,256> took 1.668363 (s) in 3 time steps
AutoTuner: Block shape <128,256,256> took 1.682319 (s) in 3 time steps
AutoTuner: Block shape <512,256,256> took 2.583281 (s) in 3 time steps
AutoTuner: Block shape <256,512,256> took 2.597299 (s) in 3 time steps
AutoTuner: Block shape <256,256,512> took 2.268918 (s) in 3 time steps
AutoTuner: Block shape <512,512,256> took 6.397027 (s) in 3 time steps
AutoTuner: Block shape <512,256,512> took 5.661655 (s) in 3 time steps
AutoTuner: Block shape <256,512,512> took 5.679745 (s) in 3 time steps
Auto-tuned block shape: {'x0_block_size': 8, 'y0_block_size': 8, 'z0_block_size': 256}
=========================================================================================
Section section_1<415,1> with OI=0.64 computed in 0.000 s [0.12 GFlops/s]
Section section_2<415,101> with OI=1.27 computed in 0.004 s [0.92 GFlops/s]
Section main<415,784,784,784> with OI=7.33 computed in 396.595 s [150.77 GFlops/s, 0.50 GPts/s]
=========================================================================================
Allocating memory for m ((788, 788, 788))
Allocating memory for damp ((788, 788, 788))
Allocating memory for epsilon ((788, 788, 788))
Allocating memory for delta ((788, 788, 788))
Allocating memory for theta ((788, 788, 788))
Allocating memory for phi ((788, 788, 788))
Allocating memory for src ((417, 1))
Allocating memory for src_coords ((1, 3))
Allocating memory for nrec_coords ((101, 3))
Allocating memory for rec_coords ((101, 3))
DSE: extract_time_invariants [flops: 533, elapsed: 0.05] >>
     eliminate_inter_stencil_redundancies [flops: 491, elapsed: 0.10] >>
     eliminate_intra_stencil_redundancies [flops: 241, elapsed: 0.07] >>
     factorize [flops: 226, elapsed: 0.08] >>
     finalize [flops: 228, elapsed: 0.00]
     [Total elapsed: 0.30 s]
DLE: avoid_denormals [elapsed: 0.00] >>
     loop_fission [elapsed: 0.01] >>
     loop_blocking [elapsed: 0.08] >>
     simdize [elapsed: 0.04] >>
     ompize [elapsed: 0.03] >>
     create_elemental_functions [elapsed: 0.15] >>
     minimize_remainders [elapsed: 0.01]
     [Total elapsed: 0.32 s]
Allocating memory for rec ((417, 101))
Allocating memory for u ((3, 788, 788, 788))
Allocating memory for v ((3, 788, 788, 788))
IntelCompiler: compiled /tmp/devito-l3xxdlbn/1a300a6eae984663d1c29483feabc8e5c918b4e1.c [2.94 s]
AutoTuner: Block shape <8,8,8> took 1.018794 (s) in 3 time steps
AutoTuner: Block shape <16,16,16> took 0.983774 (s) in 3 time steps
AutoTuner: Block shape <24,24,24> took 1.042545 (s) in 3 time steps
AutoTuner: Block shape <32,32,32> took 1.027772 (s) in 3 time steps
AutoTuner: Block shape <40,40,40> took 1.005726 (s) in 3 time steps
AutoTuner: Block shape <64,64,64> took 1.015717 (s) in 3 time steps
AutoTuner: Block shape <128,128,128> took 1.158435 (s) in 3 time steps
AutoTuner: Block shape <256,256,256> took 1.447870 (s) in 3 time steps
AutoTuner: Block shape <512,512,512> took 6.172928 (s) in 3 time steps
AutoTuner: Block shape <784,784,784> took 4.437421 (s) in 3 time steps
AutoTuner: Block shape <8,8,16> took 0.974914 (s) in 3 time steps
AutoTuner: Block shape <8,8,24> took 0.936309 (s) in 3 time steps
AutoTuner: Block shape <8,8,32> took 0.933649 (s) in 3 time steps
AutoTuner: Block shape <8,8,40> took 0.935674 (s) in 3 time steps
AutoTuner: Block shape <8,8,64> took 0.948473 (s) in 3 time steps
AutoTuner: Block shape <8,8,128> took 0.937529 (s) in 3 time steps
AutoTuner: Block shape <8,8,256> took 0.913925 (s) in 3 time steps
AutoTuner: Block shape <8,8,512> took 0.927224 (s) in 3 time steps
AutoTuner: Block shape <8,8,784> took 0.978946 (s) in 3 time steps
AutoTuner: Block shape <16,16,8> took 1.015837 (s) in 3 time steps
AutoTuner: Block shape <16,16,24> took 0.961345 (s) in 3 time steps
AutoTuner: Block shape <16,16,32> took 0.972350 (s) in 3 time steps
AutoTuner: Block shape <16,16,40> took 0.971439 (s) in 3 time steps
AutoTuner: Block shape <16,16,64> took 0.962699 (s) in 3 time steps
AutoTuner: Block shape <16,16,128> took 0.951728 (s) in 3 time steps
AutoTuner: Block shape <16,16,256> took 0.957011 (s) in 3 time steps
AutoTuner: Block shape <16,16,512> took 0.982348 (s) in 3 time steps
AutoTuner: Block shape <16,16,784> took 1.041503 (s) in 3 time steps
AutoTuner: Block shape <24,24,8> took 1.160069 (s) in 3 time steps
AutoTuner: Block shape <24,24,16> took 1.068490 (s) in 3 time steps
AutoTuner: Block shape <24,24,32> took 1.019226 (s) in 3 time steps
AutoTuner: Block shape <24,24,40> took 0.999935 (s) in 3 time steps
AutoTuner: Block shape <24,24,64> took 0.964420 (s) in 3 time steps
AutoTuner: Block shape <24,24,128> took 0.956258 (s) in 3 time steps
AutoTuner: Block shape <24,24,256> took 0.985007 (s) in 3 time steps
AutoTuner: Block shape <24,24,512> took 1.042361 (s) in 3 time steps
AutoTuner: Block shape <24,24,784> took 1.094048 (s) in 3 time steps
AutoTuner: Block shape <32,32,8> took 1.354171 (s) in 3 time steps
AutoTuner: Block shape <32,32,16> took 1.108730 (s) in 3 time steps
AutoTuner: Block shape <32,32,24> took 1.063917 (s) in 3 time steps
AutoTuner: Block shape <32,32,40> took 0.998678 (s) in 3 time steps
AutoTuner: Block shape <32,32,64> took 0.966794 (s) in 3 time steps
AutoTuner: Block shape <32,32,128> took 0.975145 (s) in 3 time steps
AutoTuner: Block shape <32,32,256> took 1.024590 (s) in 3 time steps
AutoTuner: Block shape <32,32,512> took 1.099092 (s) in 3 time steps
AutoTuner: Block shape <32,32,784> took 1.122429 (s) in 3 time steps
AutoTuner: Block shape <16,8,8> took 1.006339 (s) in 3 time steps
AutoTuner: Block shape <8,16,8> took 1.006363 (s) in 3 time steps
AutoTuner: Block shape <16,8,16> took 0.966978 (s) in 3 time steps
AutoTuner: Block shape <8,16,16> took 0.963427 (s) in 3 time steps
AutoTuner: Block shape <32,16,16> took 1.057320 (s) in 3 time steps
AutoTuner: Block shape <16,32,16> took 1.060829 (s) in 3 time steps
AutoTuner: Block shape <32,16,32> took 1.017115 (s) in 3 time steps
AutoTuner: Block shape <16,32,32> took 1.015256 (s) in 3 time steps
AutoTuner: Block shape <48,24,24> took 1.064555 (s) in 3 time steps
AutoTuner: Block shape <24,48,24> took 1.062458 (s) in 3 time steps
AutoTuner: Block shape <24,24,48> took 0.983198 (s) in 3 time steps
AutoTuner: Block shape <48,48,24> took 1.063113 (s) in 3 time steps
AutoTuner: Block shape <48,24,48> took 0.987646 (s) in 3 time steps
AutoTuner: Block shape <24,48,48> took 0.993439 (s) in 3 time steps
AutoTuner: Block shape <48,48,48> took 0.997154 (s) in 3 time steps
AutoTuner: Block shape <64,32,32> took 1.026195 (s) in 3 time steps
AutoTuner: Block shape <32,64,32> took 1.043120 (s) in 3 time steps
AutoTuner: Block shape <64,64,32> took 1.048897 (s) in 3 time steps
AutoTuner: Block shape <64,32,64> took 0.968673 (s) in 3 time steps
AutoTuner: Block shape <32,64,64> took 1.013646 (s) in 3 time steps
AutoTuner: Block shape <80,40,40> took 1.016046 (s) in 3 time steps
AutoTuner: Block shape <40,80,40> took 1.057263 (s) in 3 time steps
AutoTuner: Block shape <40,40,80> took 0.988443 (s) in 3 time steps
AutoTuner: Block shape <80,80,40> took 1.079145 (s) in 3 time steps
AutoTuner: Block shape <80,40,80> took 1.007439 (s) in 3 time steps
AutoTuner: Block shape <40,80,80> took 1.069330 (s) in 3 time steps
AutoTuner: Block shape <80,80,80> took 1.136005 (s) in 3 time steps
AutoTuner: Block shape <128,64,64> took 1.015712 (s) in 3 time steps
AutoTuner: Block shape <64,128,64> took 1.118099 (s) in 3 time steps
AutoTuner: Block shape <64,64,128> took 1.049782 (s) in 3 time steps
AutoTuner: Block shape <128,128,64> took 1.114234 (s) in 3 time steps
AutoTuner: Block shape <128,64,128> took 1.052029 (s) in 3 time steps
AutoTuner: Block shape <64,128,128> took 1.150319 (s) in 3 time steps
AutoTuner: Block shape <256,128,128> took 1.245823 (s) in 3 time steps
AutoTuner: Block shape <128,256,128> took 1.294682 (s) in 3 time steps
AutoTuner: Block shape <128,128,256> took 1.272049 (s) in 3 time steps
AutoTuner: Block shape <256,256,128> took 1.425400 (s) in 3 time steps
AutoTuner: Block shape <256,128,256> took 1.200429 (s) in 3 time steps
AutoTuner: Block shape <128,256,256> took 1.226059 (s) in 3 time steps
AutoTuner: Block shape <512,256,256> took 1.532100 (s) in 3 time steps
AutoTuner: Block shape <256,512,256> took 1.583612 (s) in 3 time steps
AutoTuner: Block shape <256,256,512> took 1.363952 (s) in 3 time steps
AutoTuner: Block shape <512,512,256> took 3.163733 (s) in 3 time steps
AutoTuner: Block shape <512,256,512> took 2.737761 (s) in 3 time steps
AutoTuner: Block shape <256,512,512> took 2.769987 (s) in 3 time steps
Auto-tuned block shape: {'x0_block_size': 8, 'y0_block_size': 8, 'z0_block_size': 256}
=========================================================================================
Section section_0<786,786,786> with OI=0.35 computed in 0.296 s [11.48 GFlops/s]
Section section_2<415,1> with OI=0.64 computed in 0.000 s [0.12 GFlops/s]
Section section_3<415,101> with OI=1.27 computed in 0.004 s [1.09 GFlops/s]
Section main<415,784,784,784> with OI=5.08 computed in 250.412 s [182.09 GFlops/s, 0.80 GPts/s]
=========================================================================================
Allocating memory for m ((788, 788, 788))
Allocating memory for damp ((788, 788, 788))
Allocating memory for epsilon ((788, 788, 788))
Allocating memory for delta ((788, 788, 788))
Allocating memory for theta ((788, 788, 788))
Allocating memory for phi ((788, 788, 788))
Allocating memory for src ((417, 1))
Allocating memory for src_coords ((1, 3))
Allocating memory for nrec_coords ((101, 3))
Allocating memory for rec_coords ((101, 3))
DSE: extract_time_invariants [flops: 533, elapsed: 0.05] >>
     eliminate_inter_stencil_redundancies [flops: 491, elapsed: 0.10] >>
     eliminate_intra_stencil_redundancies [flops: 241, elapsed: 0.07] >>
     factorize [flops: 226, elapsed: 0.08] >>
     finalize [flops: 228, elapsed: 0.00]
     [Total elapsed: 0.30 s]
DLE: avoid_denormals [elapsed: 0.00] >>
     loop_fission [elapsed: 0.01] >>
     loop_blocking [elapsed: 0.08] >>
     simdize [elapsed: 0.04] >>
     ompize [elapsed: 0.03] >>
     create_elemental_functions [elapsed: 0.15] >>
     minimize_remainders [elapsed: 0.01]
     [Total elapsed: 0.33 s]
Allocating memory for rec ((417, 101))
Allocating memory for u ((3, 788, 788, 788))
Allocating memory for v ((3, 788, 788, 788))
IntelCompiler: compiled /tmp/devito-l3xxdlbn/1a300a6eae984663d1c29483feabc8e5c918b4e1.c [2.97 s]
AutoTuner: Block shape <8,8,8> took 1.029029 (s) in 3 time steps
AutoTuner: Block shape <16,16,16> took 0.994123 (s) in 3 time steps
AutoTuner: Block shape <24,24,24> took 1.054656 (s) in 3 time steps
AutoTuner: Block shape <32,32,32> took 1.039833 (s) in 3 time steps
AutoTuner: Block shape <40,40,40> took 1.017374 (s) in 3 time steps
AutoTuner: Block shape <64,64,64> took 1.028283 (s) in 3 time steps
AutoTuner: Block shape <128,128,128> took 1.212873 (s) in 3 time steps
AutoTuner: Block shape <256,256,256> took 1.413204 (s) in 3 time steps
AutoTuner: Block shape <512,512,512> took 6.164844 (s) in 3 time steps
AutoTuner: Block shape <784,784,784> took 4.436587 (s) in 3 time steps
AutoTuner: Block shape <8,8,16> took 0.978492 (s) in 3 time steps
AutoTuner: Block shape <8,8,24> took 0.941694 (s) in 3 time steps
AutoTuner: Block shape <8,8,32> took 0.938670 (s) in 3 time steps
AutoTuner: Block shape <8,8,40> took 0.938417 (s) in 3 time steps
AutoTuner: Block shape <8,8,64> took 0.948818 (s) in 3 time steps
AutoTuner: Block shape <8,8,128> took 0.938569 (s) in 3 time steps
AutoTuner: Block shape <8,8,256> took 0.915981 (s) in 3 time steps
AutoTuner: Block shape <8,8,512> took 0.925214 (s) in 3 time steps
AutoTuner: Block shape <8,8,784> took 0.979258 (s) in 3 time steps
AutoTuner: Block shape <16,16,8> took 1.016802 (s) in 3 time steps
AutoTuner: Block shape <16,16,24> took 0.964139 (s) in 3 time steps
AutoTuner: Block shape <16,16,32> took 0.974388 (s) in 3 time steps
AutoTuner: Block shape <16,16,40> took 0.976026 (s) in 3 time steps
AutoTuner: Block shape <16,16,64> took 0.967642 (s) in 3 time steps
AutoTuner: Block shape <16,16,128> took 0.953001 (s) in 3 time steps
AutoTuner: Block shape <16,16,256> took 0.959263 (s) in 3 time steps
AutoTuner: Block shape <16,16,512> took 0.989010 (s) in 3 time steps
AutoTuner: Block shape <16,16,784> took 1.048979 (s) in 3 time steps
AutoTuner: Block shape <24,24,8> took 1.160418 (s) in 3 time steps
AutoTuner: Block shape <24,24,16> took 1.071966 (s) in 3 time steps
AutoTuner: Block shape <24,24,32> took 1.021603 (s) in 3 time steps
AutoTuner: Block shape <24,24,40> took 0.999128 (s) in 3 time steps
AutoTuner: Block shape <24,24,64> took 0.965096 (s) in 3 time steps
AutoTuner: Block shape <24,24,128> took 0.960353 (s) in 3 time steps
AutoTuner: Block shape <24,24,256> took 0.982677 (s) in 3 time steps
AutoTuner: Block shape <24,24,512> took 1.041317 (s) in 3 time steps
AutoTuner: Block shape <24,24,784> took 1.091318 (s) in 3 time steps
AutoTuner: Block shape <32,32,8> took 1.358475 (s) in 3 time steps
AutoTuner: Block shape <32,32,16> took 1.113998 (s) in 3 time steps
AutoTuner: Block shape <32,32,24> took 1.066205 (s) in 3 time steps
AutoTuner: Block shape <32,32,40> took 0.998026 (s) in 3 time steps
AutoTuner: Block shape <32,32,64> took 0.967735 (s) in 3 time steps
AutoTuner: Block shape <32,32,128> took 0.973455 (s) in 3 time steps
AutoTuner: Block shape <32,32,256> took 1.022743 (s) in 3 time steps
AutoTuner: Block shape <32,32,512> took 1.076146 (s) in 3 time steps
AutoTuner: Block shape <32,32,784> took 1.101415 (s) in 3 time steps
AutoTuner: Block shape <16,8,8> took 1.005223 (s) in 3 time steps
AutoTuner: Block shape <8,16,8> took 1.003443 (s) in 3 time steps
AutoTuner: Block shape <16,8,16> took 0.971464 (s) in 3 time steps
AutoTuner: Block shape <8,16,16> took 0.967962 (s) in 3 time steps
AutoTuner: Block shape <32,16,16> took 1.059634 (s) in 3 time steps
AutoTuner: Block shape <16,32,16> took 1.065112 (s) in 3 time steps
AutoTuner: Block shape <32,16,32> took 1.017032 (s) in 3 time steps
AutoTuner: Block shape <16,32,32> took 1.017790 (s) in 3 time steps
AutoTuner: Block shape <48,24,24> took 1.067957 (s) in 3 time steps
AutoTuner: Block shape <24,48,24> took 1.062349 (s) in 3 time steps
AutoTuner: Block shape <24,24,48> took 0.984120 (s) in 3 time steps
AutoTuner: Block shape <48,48,24> took 1.067597 (s) in 3 time steps
AutoTuner: Block shape <48,24,48> took 0.983903 (s) in 3 time steps
AutoTuner: Block shape <24,48,48> took 0.990935 (s) in 3 time steps
AutoTuner: Block shape <48,48,48> took 0.994829 (s) in 3 time steps
AutoTuner: Block shape <64,32,32> took 1.026724 (s) in 3 time steps
AutoTuner: Block shape <32,64,32> took 1.040651 (s) in 3 time steps
AutoTuner: Block shape <64,64,32> took 1.047588 (s) in 3 time steps
AutoTuner: Block shape <64,32,64> took 0.968662 (s) in 3 time steps
AutoTuner: Block shape <32,64,64> took 1.012501 (s) in 3 time steps
AutoTuner: Block shape <80,40,40> took 1.013638 (s) in 3 time steps
AutoTuner: Block shape <40,80,40> took 1.055211 (s) in 3 time steps
AutoTuner: Block shape <40,40,80> took 0.984599 (s) in 3 time steps
AutoTuner: Block shape <80,80,40> took 1.076507 (s) in 3 time steps
AutoTuner: Block shape <80,40,80> took 1.004411 (s) in 3 time steps
AutoTuner: Block shape <40,80,80> took 1.058652 (s) in 3 time steps
AutoTuner: Block shape <80,80,80> took 1.113281 (s) in 3 time steps
AutoTuner: Block shape <128,64,64> took 1.020456 (s) in 3 time steps
AutoTuner: Block shape <64,128,64> took 1.122357 (s) in 3 time steps
AutoTuner: Block shape <64,64,128> took 1.050233 (s) in 3 time steps
AutoTuner: Block shape <128,128,64> took 1.120144 (s) in 3 time steps
AutoTuner: Block shape <128,64,128> took 1.055960 (s) in 3 time steps
AutoTuner: Block shape <64,128,128> took 1.155033 (s) in 3 time steps
AutoTuner: Block shape <256,128,128> took 1.241531 (s) in 3 time steps
AutoTuner: Block shape <128,256,128> took 1.302099 (s) in 3 time steps
AutoTuner: Block shape <128,128,256> took 1.257716 (s) in 3 time steps
AutoTuner: Block shape <256,256,128> took 1.311696 (s) in 3 time steps
AutoTuner: Block shape <256,128,256> took 1.188291 (s) in 3 time steps
AutoTuner: Block shape <128,256,256> took 1.210409 (s) in 3 time steps
AutoTuner: Block shape <512,256,256> took 1.524891 (s) in 3 time steps
AutoTuner: Block shape <256,512,256> took 1.573245 (s) in 3 time steps
AutoTuner: Block shape <256,256,512> took 1.350532 (s) in 3 time steps
AutoTuner: Block shape <512,512,256> took 3.148510 (s) in 3 time steps
AutoTuner: Block shape <512,256,512> took 2.713448 (s) in 3 time steps
AutoTuner: Block shape <256,512,512> took 2.744761 (s) in 3 time steps
Auto-tuned block shape: {'x0_block_size': 8, 'y0_block_size': 8, 'z0_block_size': 256}
=========================================================================================
Section section_0<786,786,786> with OI=0.35 computed in 0.286 s [11.89 GFlops/s]
Section section_2<415,1> with OI=0.64 computed in 0.000 s [0.13 GFlops/s]
Section section_3<415,101> with OI=1.27 computed in 0.004 s [1.05 GFlops/s]
Section main<415,784,784,784> with OI=5.08 computed in 250.121 s [182.30 GFlops/s, 0.80 GPts/s]
=========================================================================================
Allocating memory for m ((788, 788, 788))
Allocating memory for damp ((788, 788, 788))
Allocating memory for epsilon ((788, 788, 788))
Allocating memory for delta ((788, 788, 788))
Allocating memory for theta ((788, 788, 788))
Allocating memory for phi ((788, 788, 788))
Allocating memory for src ((417, 1))
Allocating memory for src_coords ((1, 3))
Allocating memory for nrec_coords ((101, 3))
Allocating memory for rec_coords ((101, 3))
DSE: extract_time_invariants [flops: 533, elapsed: 0.05] >>
     eliminate_inter_stencil_redundancies [flops: 491, elapsed: 0.10] >>
     eliminate_intra_stencil_redundancies [flops: 241, elapsed: 0.07] >>
     factorize [flops: 226, elapsed: 0.08] >>
     finalize [flops: 228, elapsed: 0.00]
     [Total elapsed: 0.30 s]
DLE: avoid_denormals [elapsed: 0.00] >>
     loop_fission [elapsed: 0.01] >>
     loop_blocking [elapsed: 0.08] >>
     simdize [elapsed: 0.04] >>
     ompize [elapsed: 0.03] >>
     create_elemental_functions [elapsed: 0.15] >>
     minimize_remainders [elapsed: 0.01]
     [Total elapsed: 0.32 s]
Allocating memory for rec ((417, 101))
Allocating memory for u ((3, 788, 788, 788))
Allocating memory for v ((3, 788, 788, 788))
IntelCompiler: compiled /tmp/devito-l3xxdlbn/1a300a6eae984663d1c29483feabc8e5c918b4e1.c [2.96 s]
AutoTuner: Block shape <8,8,8> took 1.016574 (s) in 3 time steps
AutoTuner: Block shape <16,16,16> took 0.986736 (s) in 3 time steps
AutoTuner: Block shape <24,24,24> took 1.039750 (s) in 3 time steps
AutoTuner: Block shape <32,32,32> took 1.030153 (s) in 3 time steps
AutoTuner: Block shape <40,40,40> took 1.001114 (s) in 3 time steps
AutoTuner: Block shape <64,64,64> took 1.015985 (s) in 3 time steps
AutoTuner: Block shape <128,128,128> took 1.156537 (s) in 3 time steps
AutoTuner: Block shape <256,256,256> took 1.428153 (s) in 3 time steps
AutoTuner: Block shape <512,512,512> took 6.090019 (s) in 3 time steps
AutoTuner: Block shape <784,784,784> took 4.400156 (s) in 3 time steps
AutoTuner: Block shape <8,8,16> took 0.979055 (s) in 3 time steps
AutoTuner: Block shape <8,8,24> took 0.944131 (s) in 3 time steps
AutoTuner: Block shape <8,8,32> took 0.936624 (s) in 3 time steps
AutoTuner: Block shape <8,8,40> took 0.938322 (s) in 3 time steps
AutoTuner: Block shape <8,8,64> took 0.949526 (s) in 3 time steps
AutoTuner: Block shape <8,8,128> took 0.943371 (s) in 3 time steps
AutoTuner: Block shape <8,8,256> took 0.919851 (s) in 3 time steps
AutoTuner: Block shape <8,8,512> took 0.944939 (s) in 3 time steps
AutoTuner: Block shape <8,8,784> took 0.985102 (s) in 3 time steps
AutoTuner: Block shape <16,16,8> took 1.017941 (s) in 3 time steps
AutoTuner: Block shape <16,16,24> took 0.963661 (s) in 3 time steps
AutoTuner: Block shape <16,16,32> took 0.971161 (s) in 3 time steps
AutoTuner: Block shape <16,16,40> took 0.975435 (s) in 3 time steps
AutoTuner: Block shape <16,16,64> took 0.964759 (s) in 3 time steps
AutoTuner: Block shape <16,16,128> took 0.954388 (s) in 3 time steps
AutoTuner: Block shape <16,16,256> took 0.959691 (s) in 3 time steps
AutoTuner: Block shape <16,16,512> took 0.984805 (s) in 3 time steps
AutoTuner: Block shape <16,16,784> took 1.046671 (s) in 3 time steps
AutoTuner: Block shape <24,24,8> took 1.160033 (s) in 3 time steps
AutoTuner: Block shape <24,24,16> took 1.071345 (s) in 3 time steps
AutoTuner: Block shape <24,24,32> took 1.020676 (s) in 3 time steps
AutoTuner: Block shape <24,24,40> took 1.005502 (s) in 3 time steps
AutoTuner: Block shape <24,24,64> took 0.966968 (s) in 3 time steps
AutoTuner: Block shape <24,24,128> took 0.965508 (s) in 3 time steps
AutoTuner: Block shape <24,24,256> took 0.985698 (s) in 3 time steps
AutoTuner: Block shape <24,24,512> took 1.041982 (s) in 3 time steps
AutoTuner: Block shape <24,24,784> took 1.094884 (s) in 3 time steps
AutoTuner: Block shape <32,32,8> took 1.361583 (s) in 3 time steps
AutoTuner: Block shape <32,32,16> took 1.113255 (s) in 3 time steps
AutoTuner: Block shape <32,32,24> took 1.068703 (s) in 3 time steps
AutoTuner: Block shape <32,32,40> took 1.000818 (s) in 3 time steps
AutoTuner: Block shape <32,32,64> took 0.968327 (s) in 3 time steps
AutoTuner: Block shape <32,32,128> took 0.974233 (s) in 3 time steps
AutoTuner: Block shape <32,32,256> took 1.015928 (s) in 3 time steps
AutoTuner: Block shape <32,32,512> took 1.098606 (s) in 3 time steps
AutoTuner: Block shape <32,32,784> took 1.121911 (s) in 3 time steps
AutoTuner: Block shape <16,8,8> took 1.009558 (s) in 3 time steps
AutoTuner: Block shape <8,16,8> took 1.006529 (s) in 3 time steps
AutoTuner: Block shape <16,8,16> took 0.970993 (s) in 3 time steps
AutoTuner: Block shape <8,16,16> took 0.965583 (s) in 3 time steps
AutoTuner: Block shape <32,16,16> took 1.057325 (s) in 3 time steps
AutoTuner: Block shape <16,32,16> took 1.063576 (s) in 3 time steps
AutoTuner: Block shape <32,16,32> took 1.021899 (s) in 3 time steps
AutoTuner: Block shape <16,32,32> took 1.019914 (s) in 3 time steps
AutoTuner: Block shape <48,24,24> took 1.066123 (s) in 3 time steps
AutoTuner: Block shape <24,48,24> took 1.065056 (s) in 3 time steps
AutoTuner: Block shape <24,24,48> took 0.988428 (s) in 3 time steps
AutoTuner: Block shape <48,48,24> took 1.068079 (s) in 3 time steps
AutoTuner: Block shape <48,24,48> took 0.985657 (s) in 3 time steps
AutoTuner: Block shape <24,48,48> took 0.997570 (s) in 3 time steps
AutoTuner: Block shape <48,48,48> took 0.999425 (s) in 3 time steps
AutoTuner: Block shape <64,32,32> took 1.031412 (s) in 3 time steps
AutoTuner: Block shape <32,64,32> took 1.044787 (s) in 3 time steps
AutoTuner: Block shape <64,64,32> took 1.050019 (s) in 3 time steps
AutoTuner: Block shape <64,32,64> took 0.971056 (s) in 3 time steps
AutoTuner: Block shape <32,64,64> took 1.018829 (s) in 3 time steps
AutoTuner: Block shape <80,40,40> took 1.018565 (s) in 3 time steps
AutoTuner: Block shape <40,80,40> took 1.059326 (s) in 3 time steps
AutoTuner: Block shape <40,40,80> took 0.987483 (s) in 3 time steps
AutoTuner: Block shape <80,80,40> took 1.078545 (s) in 3 time steps
AutoTuner: Block shape <80,40,80> took 1.009817 (s) in 3 time steps
AutoTuner: Block shape <40,80,80> took 1.067037 (s) in 3 time steps
AutoTuner: Block shape <80,80,80> took 1.134411 (s) in 3 time steps
AutoTuner: Block shape <128,64,64> took 1.016776 (s) in 3 time steps
AutoTuner: Block shape <64,128,64> took 1.116704 (s) in 3 time steps
AutoTuner: Block shape <64,64,128> took 1.051473 (s) in 3 time steps
AutoTuner: Block shape <128,128,64> took 1.118963 (s) in 3 time steps
AutoTuner: Block shape <128,64,128> took 1.051463 (s) in 3 time steps
AutoTuner: Block shape <64,128,128> took 1.152207 (s) in 3 time steps
AutoTuner: Block shape <256,128,128> took 1.251650 (s) in 3 time steps
AutoTuner: Block shape <128,256,128> took 1.302440 (s) in 3 time steps
AutoTuner: Block shape <128,128,256> took 1.269173 (s) in 3 time steps
AutoTuner: Block shape <256,256,128> took 1.419643 (s) in 3 time steps
AutoTuner: Block shape <256,128,256> took 1.195856 (s) in 3 time steps
AutoTuner: Block shape <128,256,256> took 1.213858 (s) in 3 time steps
AutoTuner: Block shape <512,256,256> took 1.540305 (s) in 3 time steps
AutoTuner: Block shape <256,512,256> took 1.594641 (s) in 3 time steps
AutoTuner: Block shape <256,256,512> took 1.409747 (s) in 3 time steps
AutoTuner: Block shape <512,512,256> took 3.143570 (s) in 3 time steps
AutoTuner: Block shape <512,256,512> took 2.717790 (s) in 3 time steps
AutoTuner: Block shape <256,512,512> took 2.758254 (s) in 3 time steps
Auto-tuned block shape: {'x0_block_size': 8, 'y0_block_size': 8, 'z0_block_size': 256}
=========================================================================================
Section section_0<786,786,786> with OI=0.35 computed in 0.288 s [11.82 GFlops/s]
Section section_2<415,1> with OI=0.64 computed in 0.000 s [0.11 GFlops/s]
Section section_3<415,101> with OI=1.27 computed in 0.004 s [1.07 GFlops/s]
Section main<415,784,784,784> with OI=5.08 computed in 250.122 s [182.30 GFlops/s, 0.80 GPts/s]
=========================================================================================
Allocating memory for m ((788, 788, 788))
Allocating memory for damp ((788, 788, 788))
Allocating memory for epsilon ((788, 788, 788))
Allocating memory for delta ((788, 788, 788))
Allocating memory for theta ((788, 788, 788))
Allocating memory for phi ((788, 788, 788))
Allocating memory for src ((417, 1))
Allocating memory for src_coords ((1, 3))
Allocating memory for nrec_coords ((101, 3))
Allocating memory for rec_coords ((101, 3))
DSE: extract_time_varying [flops: 581, elapsed: 0.04] >>
     extract_time_invariants [flops: 445, elapsed: 0.03] >>
     eliminate_inter_stencil_redundancies [flops: 331, elapsed: 0.08] >>
     extract_sum_of_products [flops: 241, elapsed: 0.02] >>
     eliminate_inter_stencil_redundancies [flops: 171, elapsed: 0.03] >>
     extract_sum_of_products [flops: 150, elapsed: 0.01] >>
     factorize [flops: 119, elapsed: 0.04] >>
     eliminate_intra_stencil_redundancies [flops: 101, elapsed: 0.02] >>
     finalize [flops: 102, elapsed: 0.00]
     [Total elapsed: 0.26 s]
DLE: avoid_denormals [elapsed: 0.00] >>
     loop_fission [elapsed: 0.01] >>
     loop_blocking [elapsed: 0.22] >>
     simdize [elapsed: 0.04] >>
     ompize [elapsed: 0.03] >>
     create_elemental_functions [elapsed: 0.27] >>
     minimize_remainders [elapsed: 0.02]
     [Total elapsed: 0.58 s]
Allocating memory for rec ((417, 101))
Allocating memory for u ((3, 788, 788, 788))
Allocating memory for v ((3, 788, 788, 788))
IntelCompiler: compiled /tmp/devito-l3xxdlbn/ebbc18cbc297027e8c587ed24c6e5830c49e727b.c [1.74 s]
AutoTuner: Block shape <8,8,8> took 1.060141 (s) in 3 time steps
AutoTuner: Block shape <16,16,16> took 1.089128 (s) in 3 time steps
AutoTuner: Block shape <24,24,24> took 1.185696 (s) in 3 time steps
AutoTuner: Block shape <32,32,32> took 1.386846 (s) in 3 time steps
AutoTuner: Block shape <40,40,40> took 1.312506 (s) in 3 time steps
AutoTuner: Block shape <8,8,16> took 1.001601 (s) in 3 time steps
AutoTuner: Block shape <8,8,24> took 0.952213 (s) in 3 time steps
AutoTuner: Block shape <8,8,32> took 0.977539 (s) in 3 time steps
AutoTuner: Block shape <8,8,40> took 0.947879 (s) in 3 time steps
AutoTuner: Block shape <8,8,64> took 0.975196 (s) in 3 time steps
AutoTuner: Block shape <8,8,128> took 0.989448 (s) in 3 time steps
AutoTuner: Block shape <8,8,256> took 1.048903 (s) in 3 time steps
AutoTuner: Block shape <8,8,512> took 1.132247 (s) in 3 time steps
AutoTuner: Block shape <8,8,784> took 1.247744 (s) in 3 time steps
AutoTuner: Block shape <16,16,8> took 1.058208 (s) in 3 time steps
AutoTuner: Block shape <16,16,24> took 0.996337 (s) in 3 time steps
AutoTuner: Block shape <16,16,32> took 1.055164 (s) in 3 time steps
AutoTuner: Block shape <16,16,40> took 1.004721 (s) in 3 time steps
AutoTuner: Block shape <16,16,64> took 1.071562 (s) in 3 time steps
AutoTuner: Block shape <16,16,128> took 1.151671 (s) in 3 time steps
AutoTuner: Block shape <16,16,256> took 1.199416 (s) in 3 time steps
AutoTuner: Block shape <16,16,512> took 1.214033 (s) in 3 time steps
AutoTuner: Block shape <16,16,784> took 1.261380 (s) in 3 time steps
AutoTuner: Block shape <24,24,8> took 1.317092 (s) in 3 time steps
AutoTuner: Block shape <24,24,16> took 1.334915 (s) in 3 time steps
AutoTuner: Block shape <24,24,32> took 1.267956 (s) in 3 time steps
AutoTuner: Block shape <24,24,40> took 1.179494 (s) in 3 time steps
AutoTuner: Block shape <24,24,64> took 1.222571 (s) in 3 time steps
AutoTuner: Block shape <24,24,128> took 1.212322 (s) in 3 time steps
AutoTuner: Block shape <24,24,256> took 1.201171 (s) in 3 time steps
AutoTuner: Block shape <32,32,8> took 1.688426 (s) in 3 time steps
AutoTuner: Block shape <32,32,16> took 1.585826 (s) in 3 time steps
AutoTuner: Block shape <32,32,24> took 1.347276 (s) in 3 time steps
AutoTuner: Block shape <32,32,40> took 1.271255 (s) in 3 time steps
AutoTuner: Block shape <32,32,64> took 1.282876 (s) in 3 time steps
AutoTuner: Block shape <32,32,128> took 1.229140 (s) in 3 time steps
AutoTuner: Block shape <16,8,8> took 1.039569 (s) in 3 time steps
AutoTuner: Block shape <8,16,8> took 1.030932 (s) in 3 time steps
AutoTuner: Block shape <16,8,16> took 1.031182 (s) in 3 time steps
AutoTuner: Block shape <8,16,16> took 1.003366 (s) in 3 time steps
AutoTuner: Block shape <32,16,16> took 1.299250 (s) in 3 time steps
AutoTuner: Block shape <16,32,16> took 1.303984 (s) in 3 time steps
AutoTuner: Block shape <32,16,32> took 1.246275 (s) in 3 time steps
AutoTuner: Block shape <16,32,32> took 1.237890 (s) in 3 time steps
AutoTuner: Block shape <48,24,24> took 1.371573 (s) in 3 time steps
AutoTuner: Block shape <24,48,24> took 1.372524 (s) in 3 time steps
AutoTuner: Block shape <24,24,48> took 1.240674 (s) in 3 time steps
AutoTuner: Block shape <48,48,24> took 1.444959 (s) in 3 time steps
AutoTuner: Block shape <48,24,48> took 1.320797 (s) in 3 time steps
AutoTuner: Block shape <24,48,48> took 1.351391 (s) in 3 time steps
AutoTuner: Block shape <48,48,48> took 1.369659 (s) in 3 time steps
AutoTuner: Block shape <64,32,32> took 1.452142 (s) in 3 time steps
AutoTuner: Block shape <32,64,32> took 1.488336 (s) in 3 time steps
AutoTuner: Block shape <64,64,32> took 1.491741 (s) in 3 time steps
AutoTuner: Block shape <64,32,64> took 1.297624 (s) in 3 time steps
AutoTuner: Block shape <32,64,64> took 1.328563 (s) in 3 time steps
AutoTuner: Block shape <80,40,40> took 1.341317 (s) in 3 time steps
AutoTuner: Block shape <40,80,40> took 1.372071 (s) in 3 time steps
AutoTuner: Block shape <40,40,80> took 1.274741 (s) in 3 time steps
Auto-tuned block shape: {'x0_block_size': 8, 'y0_block_size': 8, 'z0_block_size': 40}
=========================================================================================
Section section_0<786,786,786> with OI=0.17 computed in 0.325 s [5.97 GFlops/s]
Section section_3<415,1> with OI=0.64 computed in 0.000 s [0.13 GFlops/s]
Section section_4<415,101> with OI=1.27 computed in 0.003 s [1.13 GFlops/s]
Section main<415,786,786,786> with OI=1.57 computed in 247.241 s [83.14 GFlops/s, 0.82 GPts/s]
=========================================================================================
Allocating memory for m ((788, 788, 788))
Allocating memory for damp ((788, 788, 788))
Allocating memory for epsilon ((788, 788, 788))
Allocating memory for delta ((788, 788, 788))
Allocating memory for theta ((788, 788, 788))
Allocating memory for phi ((788, 788, 788))
Allocating memory for src ((417, 1))
Allocating memory for src_coords ((1, 3))
Allocating memory for nrec_coords ((101, 3))
Allocating memory for rec_coords ((101, 3))
DSE: extract_time_varying [flops: 581, elapsed: 0.04] >>
     extract_time_invariants [flops: 445, elapsed: 0.03] >>
     eliminate_inter_stencil_redundancies [flops: 331, elapsed: 0.08] >>
     extract_sum_of_products [flops: 241, elapsed: 0.02] >>
     eliminate_inter_stencil_redundancies [flops: 171, elapsed: 0.03] >>
     extract_sum_of_products [flops: 150, elapsed: 0.01] >>
     factorize [flops: 119, elapsed: 0.03] >>
     eliminate_intra_stencil_redundancies [flops: 101, elapsed: 0.02] >>
     finalize [flops: 102, elapsed: 0.00]
     [Total elapsed: 0.26 s]
DLE: avoid_denormals [elapsed: 0.00] >>
     loop_fission [elapsed: 0.01] >>
     loop_blocking [elapsed: 0.22] >>
     simdize [elapsed: 0.04] >>
     ompize [elapsed: 0.03] >>
     create_elemental_functions [elapsed: 0.27] >>
     minimize_remainders [elapsed: 0.02]
     [Total elapsed: 0.58 s]
Allocating memory for rec ((417, 101))
Allocating memory for u ((3, 788, 788, 788))
Allocating memory for v ((3, 788, 788, 788))
IntelCompiler: compiled /tmp/devito-l3xxdlbn/d5b1d8894f51f9dd0d0e75bf7c569abf04f8d37e.c [1.74 s]
AutoTuner: Block shape <8,8,8> took 1.057147 (s) in 3 time steps
AutoTuner: Block shape <16,16,16> took 1.086821 (s) in 3 time steps
AutoTuner: Block shape <24,24,24> took 1.185107 (s) in 3 time steps
AutoTuner: Block shape <32,32,32> took 1.387251 (s) in 3 time steps
AutoTuner: Block shape <40,40,40> took 1.313463 (s) in 3 time steps
AutoTuner: Block shape <8,8,16> took 1.002536 (s) in 3 time steps
AutoTuner: Block shape <8,8,24> took 0.952226 (s) in 3 time steps
AutoTuner: Block shape <8,8,32> took 0.978595 (s) in 3 time steps
AutoTuner: Block shape <8,8,40> took 0.948895 (s) in 3 time steps
AutoTuner: Block shape <8,8,64> took 0.975248 (s) in 3 time steps
AutoTuner: Block shape <8,8,128> took 0.987622 (s) in 3 time steps
AutoTuner: Block shape <8,8,256> took 1.050454 (s) in 3 time steps
AutoTuner: Block shape <8,8,512> took 1.132632 (s) in 3 time steps
AutoTuner: Block shape <8,8,784> took 1.251570 (s) in 3 time steps
AutoTuner: Block shape <16,16,8> took 1.055531 (s) in 3 time steps
AutoTuner: Block shape <16,16,24> took 0.996680 (s) in 3 time steps
AutoTuner: Block shape <16,16,32> took 1.054883 (s) in 3 time steps
AutoTuner: Block shape <16,16,40> took 1.006366 (s) in 3 time steps
AutoTuner: Block shape <16,16,64> took 1.072413 (s) in 3 time steps
AutoTuner: Block shape <16,16,128> took 1.151529 (s) in 3 time steps
AutoTuner: Block shape <16,16,256> took 1.200415 (s) in 3 time steps
AutoTuner: Block shape <16,16,512> took 1.214953 (s) in 3 time steps
AutoTuner: Block shape <16,16,784> took 1.260135 (s) in 3 time steps
AutoTuner: Block shape <24,24,8> took 1.313531 (s) in 3 time steps
AutoTuner: Block shape <24,24,16> took 1.337089 (s) in 3 time steps
AutoTuner: Block shape <24,24,32> took 1.267210 (s) in 3 time steps
AutoTuner: Block shape <24,24,40> took 1.181515 (s) in 3 time steps
AutoTuner: Block shape <24,24,64> took 1.222636 (s) in 3 time steps
AutoTuner: Block shape <24,24,128> took 1.211442 (s) in 3 time steps
AutoTuner: Block shape <24,24,256> took 1.201793 (s) in 3 time steps
AutoTuner: Block shape <32,32,8> took 1.691520 (s) in 3 time steps
AutoTuner: Block shape <32,32,16> took 1.586242 (s) in 3 time steps
AutoTuner: Block shape <32,32,24> took 1.348521 (s) in 3 time steps
AutoTuner: Block shape <32,32,40> took 1.270521 (s) in 3 time steps
AutoTuner: Block shape <32,32,64> took 1.283083 (s) in 3 time steps
AutoTuner: Block shape <32,32,128> took 1.225579 (s) in 3 time steps
AutoTuner: Block shape <16,8,8> took 1.038736 (s) in 3 time steps
AutoTuner: Block shape <8,16,8> took 1.032788 (s) in 3 time steps
AutoTuner: Block shape <16,8,16> took 1.030427 (s) in 3 time steps
AutoTuner: Block shape <8,16,16> took 1.001009 (s) in 3 time steps
AutoTuner: Block shape <32,16,16> took 1.299806 (s) in 3 time steps
AutoTuner: Block shape <16,32,16> took 1.303833 (s) in 3 time steps
AutoTuner: Block shape <32,16,32> took 1.244350 (s) in 3 time steps
AutoTuner: Block shape <16,32,32> took 1.238648 (s) in 3 time steps
AutoTuner: Block shape <48,24,24> took 1.371162 (s) in 3 time steps
AutoTuner: Block shape <24,48,24> took 1.371503 (s) in 3 time steps
AutoTuner: Block shape <24,24,48> took 1.241631 (s) in 3 time steps
AutoTuner: Block shape <48,48,24> took 1.444888 (s) in 3 time steps
AutoTuner: Block shape <48,24,48> took 1.322513 (s) in 3 time steps
AutoTuner: Block shape <24,48,48> took 1.351216 (s) in 3 time steps
AutoTuner: Block shape <48,48,48> took 1.371607 (s) in 3 time steps
AutoTuner: Block shape <64,32,32> took 1.451757 (s) in 3 time steps
AutoTuner: Block shape <32,64,32> took 1.487910 (s) in 3 time steps
AutoTuner: Block shape <64,64,32> took 1.493762 (s) in 3 time steps
AutoTuner: Block shape <64,32,64> took 1.297911 (s) in 3 time steps
AutoTuner: Block shape <32,64,64> took 1.328867 (s) in 3 time steps
AutoTuner: Block shape <80,40,40> took 1.341895 (s) in 3 time steps
AutoTuner: Block shape <40,80,40> took 1.372248 (s) in 3 time steps
AutoTuner: Block shape <40,40,80> took 1.274675 (s) in 3 time steps
Auto-tuned block shape: {'x0_block_size': 8, 'y0_block_size': 8, 'z0_block_size': 40}
=========================================================================================
Section section_0<786,786,786> with OI=0.17 computed in 0.325 s [5.97 GFlops/s]
Section section_3<415,1> with OI=0.64 computed in 0.000 s [0.13 GFlops/s]
Section section_4<415,101> with OI=1.27 computed in 0.003 s [1.11 GFlops/s]
Section main<415,786,786,786> with OI=1.57 computed in 248.041 s [82.87 GFlops/s, 0.81 GPts/s]
=========================================================================================
Allocating memory for m ((788, 788, 788))
Allocating memory for damp ((788, 788, 788))
Allocating memory for epsilon ((788, 788, 788))
Allocating memory for delta ((788, 788, 788))
Allocating memory for theta ((788, 788, 788))
Allocating memory for phi ((788, 788, 788))
Allocating memory for src ((417, 1))
Allocating memory for src_coords ((1, 3))
Allocating memory for nrec_coords ((101, 3))
Allocating memory for rec_coords ((101, 3))
DSE: extract_time_varying [flops: 581, elapsed: 0.04] >>
     extract_time_invariants [flops: 445, elapsed: 0.03] >>
     eliminate_inter_stencil_redundancies [flops: 331, elapsed: 0.08] >>
     extract_sum_of_products [flops: 241, elapsed: 0.02] >>
     eliminate_inter_stencil_redundancies [flops: 171, elapsed: 0.03] >>
     extract_sum_of_products [flops: 150, elapsed: 0.01] >>
     factorize [flops: 119, elapsed: 0.03] >>
     eliminate_intra_stencil_redundancies [flops: 101, elapsed: 0.02] >>
     finalize [flops: 102, elapsed: 0.00]
     [Total elapsed: 0.26 s]
DLE: avoid_denormals [elapsed: 0.00] >>
     loop_fission [elapsed: 0.01] >>
     loop_blocking [elapsed: 0.22] >>
     simdize [elapsed: 0.04] >>
     ompize [elapsed: 0.03] >>
     create_elemental_functions [elapsed: 0.27] >>
     minimize_remainders [elapsed: 0.02]
     [Total elapsed: 0.58 s]
Allocating memory for rec ((417, 101))
Allocating memory for u ((3, 788, 788, 788))
Allocating memory for v ((3, 788, 788, 788))
IntelCompiler: compiled /tmp/devito-l3xxdlbn/1431b3a6af446e7c4402b3eb09d2a6b6c758550f.c [1.75 s]
AutoTuner: Block shape <8,8,8> took 1.057434 (s) in 3 time steps
AutoTuner: Block shape <16,16,16> took 1.087970 (s) in 3 time steps
AutoTuner: Block shape <24,24,24> took 1.183411 (s) in 3 time steps
AutoTuner: Block shape <32,32,32> took 1.388384 (s) in 3 time steps
AutoTuner: Block shape <40,40,40> took 1.313741 (s) in 3 time steps
AutoTuner: Block shape <8,8,16> took 1.003193 (s) in 3 time steps
AutoTuner: Block shape <8,8,24> took 0.952675 (s) in 3 time steps
AutoTuner: Block shape <8,8,32> took 0.978056 (s) in 3 time steps
AutoTuner: Block shape <8,8,40> took 0.949792 (s) in 3 time steps
AutoTuner: Block shape <8,8,64> took 0.976551 (s) in 3 time steps
AutoTuner: Block shape <8,8,128> took 0.985360 (s) in 3 time steps
AutoTuner: Block shape <8,8,256> took 1.049144 (s) in 3 time steps
AutoTuner: Block shape <8,8,512> took 1.131937 (s) in 3 time steps
AutoTuner: Block shape <8,8,784> took 1.248957 (s) in 3 time steps
AutoTuner: Block shape <16,16,8> took 1.056581 (s) in 3 time steps
AutoTuner: Block shape <16,16,24> took 0.994591 (s) in 3 time steps
AutoTuner: Block shape <16,16,32> took 1.051673 (s) in 3 time steps
AutoTuner: Block shape <16,16,40> took 1.004115 (s) in 3 time steps
AutoTuner: Block shape <16,16,64> took 1.071281 (s) in 3 time steps
AutoTuner: Block shape <16,16,128> took 1.150339 (s) in 3 time steps
AutoTuner: Block shape <16,16,256> took 1.199568 (s) in 3 time steps
AutoTuner: Block shape <16,16,512> took 1.214412 (s) in 3 time steps
AutoTuner: Block shape <16,16,784> took 1.261210 (s) in 3 time steps
AutoTuner: Block shape <24,24,8> took 1.311500 (s) in 3 time steps
AutoTuner: Block shape <24,24,16> took 1.335300 (s) in 3 time steps
AutoTuner: Block shape <24,24,32> took 1.267124 (s) in 3 time steps
AutoTuner: Block shape <24,24,40> took 1.181356 (s) in 3 time steps
AutoTuner: Block shape <24,24,64> took 1.222580 (s) in 3 time steps
AutoTuner: Block shape <24,24,128> took 1.210788 (s) in 3 time steps
AutoTuner: Block shape <24,24,256> took 1.202038 (s) in 3 time steps
AutoTuner: Block shape <32,32,8> took 1.687734 (s) in 3 time steps
AutoTuner: Block shape <32,32,16> took 1.585547 (s) in 3 time steps
AutoTuner: Block shape <32,32,24> took 1.347980 (s) in 3 time steps
AutoTuner: Block shape <32,32,40> took 1.269683 (s) in 3 time steps
AutoTuner: Block shape <32,32,64> took 1.282421 (s) in 3 time steps
AutoTuner: Block shape <32,32,128> took 1.225863 (s) in 3 time steps
AutoTuner: Block shape <16,8,8> took 1.040090 (s) in 3 time steps
AutoTuner: Block shape <8,16,8> took 1.032060 (s) in 3 time steps
AutoTuner: Block shape <16,8,16> took 1.029512 (s) in 3 time steps
AutoTuner: Block shape <8,16,16> took 1.001610 (s) in 3 time steps
AutoTuner: Block shape <32,16,16> took 1.296591 (s) in 3 time steps
AutoTuner: Block shape <16,32,16> took 1.303541 (s) in 3 time steps
AutoTuner: Block shape <32,16,32> took 1.246975 (s) in 3 time steps
AutoTuner: Block shape <16,32,32> took 1.237553 (s) in 3 time steps
AutoTuner: Block shape <48,24,24> took 1.370661 (s) in 3 time steps
AutoTuner: Block shape <24,48,24> took 1.369519 (s) in 3 time steps
AutoTuner: Block shape <24,24,48> took 1.238853 (s) in 3 time steps
AutoTuner: Block shape <48,48,24> took 1.444867 (s) in 3 time steps
AutoTuner: Block shape <48,24,48> took 1.321791 (s) in 3 time steps
AutoTuner: Block shape <24,48,48> took 1.351720 (s) in 3 time steps
AutoTuner: Block shape <48,48,48> took 1.371132 (s) in 3 time steps
AutoTuner: Block shape <64,32,32> took 1.453122 (s) in 3 time steps
AutoTuner: Block shape <32,64,32> took 1.487460 (s) in 3 time steps
AutoTuner: Block shape <64,64,32> took 1.493857 (s) in 3 time steps
AutoTuner: Block shape <64,32,64> took 1.298084 (s) in 3 time steps
AutoTuner: Block shape <32,64,64> took 1.326845 (s) in 3 time steps
AutoTuner: Block shape <80,40,40> took 1.343008 (s) in 3 time steps
AutoTuner: Block shape <40,80,40> took 1.372185 (s) in 3 time steps
AutoTuner: Block shape <40,40,80> took 1.272553 (s) in 3 time steps
Auto-tuned block shape: {'x0_block_size': 8, 'y0_block_size': 8, 'z0_block_size': 40}
=========================================================================================
Section section_0<786,786,786> with OI=0.17 computed in 0.326 s [5.95 GFlops/s]
Section section_3<415,1> with OI=0.64 computed in 0.000 s [0.12 GFlops/s]
Section section_4<415,101> with OI=1.27 computed in 0.003 s [1.16 GFlops/s]
Section main<415,786,786,786> with OI=1.57 computed in 248.019 s [82.88 GFlops/s, 0.81 GPts/s]
=========================================================================================


OpesciBench: Running 3 repeats - parameters: arch: unknown, autotune: True, dle: advanced, dse: basic, nbpml: 10, shape: (768, 768, 768), space_order: 4, spacing: (20.0, 20.0, 20.0), time_order: 2, tn: 1000
OpesciBench [22:23:00]: --- Run 0 ---
icc -O3 -g -fPIC -Wall -std=c99 -xhost -shared -qopenmp /tmp/devito-l3xxdlbn/e76a5e5431156145bcabff0eed0bfc122ac5460b.c -o /tmp/devito-l3xxdlbn/e76a5e5431156145bcabff0eed0bfc122ac5460b.so
OpesciBench [22:33:18]: --- Run 0 finished ---

OpesciBench [22:33:18]: --- Run 1 ---
icc -O3 -g -fPIC -Wall -std=c99 -xhost -shared -qopenmp /tmp/devito-l3xxdlbn/e76a5e5431156145bcabff0eed0bfc122ac5460b.c -o /tmp/devito-l3xxdlbn/e76a5e5431156145bcabff0eed0bfc122ac5460b.so
OpesciBench [22:43:33]: --- Run 1 finished ---

OpesciBench [22:43:33]: --- Run 2 ---
icc -O3 -g -fPIC -Wall -std=c99 -xhost -shared -qopenmp /tmp/devito-l3xxdlbn/e76a5e5431156145bcabff0eed0bfc122ac5460b.c -o /tmp/devito-l3xxdlbn/e76a5e5431156145bcabff0eed0bfc122ac5460b.so
OpesciBench [22:53:48]: --- Run 2 finished ---





OpesciBench: Running 3 repeats - parameters: arch: unknown, autotune: True, dle: advanced, dse: advanced, nbpml: 10, shape: (768, 768, 768), space_order: 4, spacing: (20.0, 20.0, 20.0), time_order: 2, tn: 1000
OpesciBench [22:53:48]: --- Run 0 ---
icc -O3 -g -fPIC -Wall -std=c99 -xhost -shared -qopenmp /tmp/devito-l3xxdlbn/1a300a6eae984663d1c29483feabc8e5c918b4e1.c -o /tmp/devito-l3xxdlbn/1a300a6eae984663d1c29483feabc8e5c918b4e1.so
OpesciBench [23:00:45]: --- Run 0 finished ---

OpesciBench [23:00:45]: --- Run 1 ---
icc -O3 -g -fPIC -Wall -std=c99 -xhost -shared -qopenmp /tmp/devito-l3xxdlbn/1a300a6eae984663d1c29483feabc8e5c918b4e1.c -o /tmp/devito-l3xxdlbn/1a300a6eae984663d1c29483feabc8e5c918b4e1.so
OpesciBench [23:07:42]: --- Run 1 finished ---

OpesciBench [23:07:42]: --- Run 2 ---
icc -O3 -g -fPIC -Wall -std=c99 -xhost -shared -qopenmp /tmp/devito-l3xxdlbn/1a300a6eae984663d1c29483feabc8e5c918b4e1.c -o /tmp/devito-l3xxdlbn/1a300a6eae984663d1c29483feabc8e5c918b4e1.so
OpesciBench [23:14:39]: --- Run 2 finished ---





OpesciBench: Running 3 repeats - parameters: arch: unknown, autotune: True, dle: advanced, dse: aggressive, nbpml: 10, shape: (768, 768, 768), space_order: 4, spacing: (20.0, 20.0, 20.0), time_order: 2, tn: 1000
OpesciBench [23:14:39]: --- Run 0 ---
icc -O3 -g -fPIC -Wall -std=c99 -xhost -shared -qopenmp /tmp/devito-l3xxdlbn/ebbc18cbc297027e8c587ed24c6e5830c49e727b.c -o /tmp/devito-l3xxdlbn/ebbc18cbc297027e8c587ed24c6e5830c49e727b.so
OpesciBench [23:20:53]: --- Run 0 finished ---

OpesciBench [23:20:53]: --- Run 1 ---
icc -O3 -g -fPIC -Wall -std=c99 -xhost -shared -qopenmp /tmp/devito-l3xxdlbn/d5b1d8894f51f9dd0d0e75bf7c569abf04f8d37e.c -o /tmp/devito-l3xxdlbn/d5b1d8894f51f9dd0d0e75bf7c569abf04f8d37e.so
OpesciBench [23:27:08]: --- Run 1 finished ---

OpesciBench [23:27:08]: --- Run 2 ---
icc -O3 -g -fPIC -Wall -std=c99 -xhost -shared -qopenmp /tmp/devito-l3xxdlbn/1431b3a6af446e7c4402b3eb09d2a6b6c758550f.c -o /tmp/devito-l3xxdlbn/1431b3a6af446e7c4402b3eb09d2a6b6c758550f.so
OpesciBench [23:33:22]: --- Run 2 finished ---



Thu Dec 21 23:33:23 PST 2017
top - 23:33:23 up 6 days,  8:56,  1 user,  load average: 39.94, 37.09, 34.95
Tasks: 715 total,   1 running, 714 sleeping,   0 stopped,   0 zombie
%Cpu(s): 11.6 us,  0.2 sy,  0.0 ni, 88.2 id,  0.0 wa,  0.0 hi,  0.0 si,  0.0 st
KiB Mem : 19652252+total, 18508326+free,  1878404 used,  9560856 buff/cache
KiB Swap:  4194300 total,  4124520 free,    69780 used. 19359513+avail Mem 

   PID USER      PR  NI    VIRT    RES    SHR S  %CPU %MEM     TIME+ COMMAND
454570 cyount    20   0  162512   2968   1888 R   6.7  0.0   0:00.03 top
     1 root      20   0  197536   2864   1516 S   0.0  0.0   0:30.63 systemd
     2 root      20   0       0      0      0 S   0.0  0.0   0:00.06 kthreadd
     3 root      20   0       0      0      0 S   0.0  0.0   0:00.32 ksoftirqd/0
     5 root       0 -20       0      0      0 S   0.0  0.0   0:00.00 kworker/0:0H
     6 root      20   0       0      0      0 S   0.0  0.0   0:14.39 kworker/u896:0
     8 root      rt   0       0      0      0 S   0.0  0.0   0:00.78 migration/0
     9 root      20   0       0      0      0 S   0.0  0.0   0:00.00 rcu_bh
    10 root      20   0       0      0      0 S   0.0  0.0   0:52.39 rcu_sched
    11 root      rt   0       0      0      0 S   0.0  0.0   0:02.18 watchdog/0
    12 root      rt   0       0      0      0 S   0.0  0.0   0:01.55 watchdog/1
    13 root      rt   0       0      0      0 S   0.0  0.0   0:00.83 migration/1
    14 root      20   0       0      0      0 S   0.0  0.0   0:00.02 ksoftirqd/1
    16 root       0 -20       0      0      0 S   0.0  0.0   0:00.00 kworker/1:0H
    17 root      rt   0       0      0      0 S   0.0  0.0   0:01.51 watchdog/2
    18 root      rt   0       0      0      0 S   0.0  0.0   0:00.78 migration/2
    19 root      20   0       0      0      0 S   0.0  0.0   0:00.02 ksoftirqd/2
    22 root      rt   0       0      0      0 S   0.0  0.0   0:01.57 watchdog/3
    23 root      rt   0       0      0      0 S   0.0  0.0   0:00.84 migration/3
    24 root      20   0       0      0      0 S   0.0  0.0   0:00.01 ksoftirqd/3
    27 root      rt   0       0      0      0 S   0.0  0.0   0:01.50 watchdog/4
    28 root      rt   0       0      0      0 S   0.0  0.0   0:00.81 migration/4
    29 root      20   0       0      0      0 S   0.0  0.0   0:00.01 ksoftirqd/4
