Thu Dec 21 19:53:51 PST 2017
Linux ortce-skl1 3.10.0-514.el7.x86_64 #1 SMP Wed Oct 19 11:24:13 EDT 2016 x86_64 x86_64 x86_64 GNU/Linux
Architecture:          x86_64
CPU op-mode(s):        32-bit, 64-bit
Byte Order:            Little Endian
CPU(s):                80
On-line CPU(s) list:   0-79
Thread(s) per core:    2
Core(s) per socket:    20
Socket(s):             2
NUMA node(s):          2
Vendor ID:             GenuineIntel
CPU family:            6
Model:                 85
Model name:            Intel(R) Xeon(R) Gold 6148 CPU @ 2.40GHz
Stepping:              4
CPU MHz:               3100.406
BogoMIPS:              4805.49
Virtualization:        VT-x
L1d cache:             32K
L1i cache:             32K
L2 cache:              1024K
L3 cache:              28160K
NUMA node0 CPU(s):     0-19,40-59
NUMA node1 CPU(s):     20-39,60-79
Linux ortce-skl1 3.10.0-514.el7.x86_64 #1 SMP Wed Oct 19 11:24:13 EDT 2016 x86_64 x86_64 x86_64 GNU/Linux
available: 2 nodes (0-1)
node 0 cpus: 0 1 2 3 4 5 6 7 8 9 10 11 12 13 14 15 16 17 18 19 40 41 42 43 44 45 46 47 48 49 50 51 52 53 54 55 56 57 58 59
node 0 size: 96973 MB
node 0 free: 88699 MB
node 1 cpus: 20 21 22 23 24 25 26 27 28 29 30 31 32 33 34 35 36 37 38 39 60 61 62 63 64 65 66 67 68 69 70 71 72 73 74 75 76 77 78 79
node 1 size: 98304 MB
node 1 free: 92049 MB
node distances:
node   0   1 
  0:  10  21 
  1:  21  10 

Per-node system memory usage (in MBs):
                          Node 0          Node 1           Total
                 --------------- --------------- ---------------
MemTotal                96973.63        98304.00       195277.63
MemFree                 88699.77        92049.82       180749.59
MemUsed                  8273.86         6254.18        14528.04
Active                   1782.23         1094.84         2877.08
Inactive                 3394.42         2432.89         5827.32
Active(anon)                8.41           13.69           22.09
Inactive(anon)             39.41            4.11           43.52
Active(file)             1773.83         1081.16         2854.98
Inactive(file)           3355.01         2428.78         5783.79
Unevictable                 0.00            0.00            0.00
Mlocked                     0.00            0.00            0.00
Dirty                       0.00            0.01            0.01
Writeback                   0.00            0.00            0.00
FilePages                5167.04         3513.58         8680.62
Mapped                     28.80            4.19           32.98
AnonPages                  13.29           94.73          108.02
Shmem                      23.78            0.09           23.86
KernelStack                10.08            9.48           19.56
PageTables                  3.53            3.99            7.52
NFS_Unstable                0.00            0.00            0.00
Bounce                      0.00            0.00            0.00
WritebackTmp                0.00            0.00            0.00
Slab                      338.57          333.34          671.91
SReclaimable              216.37          188.35          404.72
SUnreclaim                122.20          144.99          267.19
AnonHugePages               0.00           82.00           82.00
HugePages_Total             0.00            0.00            0.00
HugePages_Free              0.00            0.00            0.00
HugePages_Surp              0.00            0.00            0.00
top - 19:53:52 up 6 days,  5:16,  1 user,  load average: 39.54, 36.25, 32.17
Tasks: 715 total,   1 running, 714 sleeping,   0 stopped,   0 zombie
%Cpu(s): 11.1 us,  0.2 sy,  0.0 ni, 88.7 id,  0.0 wa,  0.0 hi,  0.0 si,  0.0 st
KiB Mem : 19652252+total, 18508646+free,  1877472 used,  9558580 buff/cache
KiB Swap:  4194300 total,  4124516 free,    69784 used. 19359603+avail Mem 

   PID USER      PR  NI    VIRT    RES    SHR S  %CPU %MEM     TIME+ COMMAND
451248 cyount    20   0  162512   2968   1888 R   6.2  0.0   0:00.03 top
     1 root      20   0  197536   2864   1516 S   0.0  0.0   0:30.44 systemd
     2 root      20   0       0      0      0 S   0.0  0.0   0:00.06 kthreadd
     3 root      20   0       0      0      0 S   0.0  0.0   0:00.31 ksoftirqd/0
     5 root       0 -20       0      0      0 S   0.0  0.0   0:00.00 kworker/0:0H
     6 root      20   0       0      0      0 S   0.0  0.0   0:14.39 kworker/u896:0
     8 root      rt   0       0      0      0 S   0.0  0.0   0:00.78 migration/0
     9 root      20   0       0      0      0 S   0.0  0.0   0:00.00 rcu_bh
    10 root      20   0       0      0      0 S   0.0  0.0   0:51.56 rcu_sched
    11 root      rt   0       0      0      0 S   0.0  0.0   0:02.15 watchdog/0
    12 root      rt   0       0      0      0 S   0.0  0.0   0:01.51 watchdog/1
    13 root      rt   0       0      0      0 S   0.0  0.0   0:00.83 migration/1
    14 root      20   0       0      0      0 S   0.0  0.0   0:00.02 ksoftirqd/1
    16 root       0 -20       0      0      0 S   0.0  0.0   0:00.00 kworker/1:0H
    17 root      rt   0       0      0      0 S   0.0  0.0   0:01.47 watchdog/2
    18 root      rt   0       0      0      0 S   0.0  0.0   0:00.78 migration/2
    19 root      20   0       0      0      0 S   0.0  0.0   0:00.02 ksoftirqd/2
    22 root      rt   0       0      0      0 S   0.0  0.0   0:01.54 watchdog/3
    23 root      rt   0       0      0      0 S   0.0  0.0   0:00.84 migration/3
    24 root      20   0       0      0      0 S   0.0  0.0   0:00.01 ksoftirqd/3
    27 root      rt   0       0      0      0 S   0.0  0.0   0:01.47 watchdog/4
    28 root      rt   0       0      0      0 S   0.0  0.0   0:00.81 migration/4
    29 root      20   0       0      0      0 S   0.0  0.0   0:00.01 ksoftirqd/4
env DEVITO_PLATFORM=skx DEVITO_ISA=avx512 DEVITO_DEBUG_COMPILER=1 DEVITO_DLE_OPTIONS=blockinner:True DEVITO_AUTOTUNING=aggressive DEVITO_BACKEND=core DEVITO_OPENMP=1 DEVITO_ARCH=intel DEVITO_LOGGING=DEBUG DEVITO_YASK_AUTOTUNING=preemptive DEVITO_YASK_DUMP=devito.bench.2017-12-21/tti/core/bmdse/ortce-skl1/grid512/so16 numactl --cpubind=1 python examples/seismic/benchmark.py bench -bm dse -P tti -so 16 -to 2 -d 512 512 512 --tn 1000 -x 3 -r devito.bench.2017-12-21/tti/core/bmdse/ortce-skl1/grid512/so16
Allocating memory for m ((532, 532, 532))
Allocating memory for damp ((532, 532, 532))
Allocating memory for epsilon ((532, 532, 532))
Allocating memory for delta ((532, 532, 532))
Allocating memory for theta ((532, 532, 532))
Allocating memory for phi ((532, 532, 532))
Allocating memory for src ((417, 1))
Allocating memory for src_coords ((1, 3))
Allocating memory for nrec_coords ((101, 3))
Allocating memory for rec_coords ((101, 3))
DSE: eliminate_intra_stencil_redundancies [flops: 2835, elapsed: 1.94] >>
     finalize [flops: 2837, elapsed: 0.06]
     [Total elapsed: 2.00 s]
DLE: avoid_denormals [elapsed: 0.00] >>
     loop_fission [elapsed: 0.03] >>
     loop_blocking [elapsed: 0.30] >>
     simdize [elapsed: 0.37] >>
     ompize [elapsed: 0.09] >>
     create_elemental_functions [elapsed: 0.55] >>
     minimize_remainders [elapsed: 0.04]
     [Total elapsed: 1.38 s]
Allocating memory for rec ((417, 101))
Allocating memory for u ((3, 532, 532, 532))
Allocating memory for v ((3, 532, 532, 532))
IntelCompiler: compiled /tmp/devito-456zbx7a/3fd64013e5691d1cd9ca08fe7c65c27f84bdcf2f.c [582.79 s]
AutoTuner: Block shape <8,8,8> took 1.776551 (s) in 3 time steps
AutoTuner: Block shape <16,16,16> took 1.638428 (s) in 3 time steps
AutoTuner: Block shape <24,24,24> took 1.643540 (s) in 3 time steps
AutoTuner: Block shape <32,32,32> took 1.639032 (s) in 3 time steps
AutoTuner: Block shape <40,40,40> took 1.778595 (s) in 3 time steps
AutoTuner: Block shape <64,64,64> took 1.862983 (s) in 3 time steps
AutoTuner: Block shape <128,128,128> took 2.420107 (s) in 3 time steps
AutoTuner: Block shape <256,256,256> took 5.483721 (s) in 3 time steps
AutoTuner: Block shape <512,512,512> took 36.998302 (s) in 3 time steps
AutoTuner: Block shape <516,516,516> took 36.713762 (s) in 3 time steps
AutoTuner: Block shape <8,8,16> took 1.666394 (s) in 3 time steps
AutoTuner: Block shape <8,8,24> took 1.638183 (s) in 3 time steps
AutoTuner: Block shape <8,8,32> took 1.630291 (s) in 3 time steps
AutoTuner: Block shape <8,8,40> took 1.623658 (s) in 3 time steps
AutoTuner: Block shape <8,8,64> took 1.622686 (s) in 3 time steps
AutoTuner: Block shape <8,8,128> took 1.652115 (s) in 3 time steps
AutoTuner: Block shape <8,8,256> took 1.715550 (s) in 3 time steps
AutoTuner: Block shape <8,8,512> took 1.988154 (s) in 3 time steps
AutoTuner: Block shape <8,8,516> took 2.021172 (s) in 3 time steps
AutoTuner: Block shape <16,16,8> took 1.714493 (s) in 3 time steps
AutoTuner: Block shape <16,16,24> took 1.625404 (s) in 3 time steps
AutoTuner: Block shape <16,16,32> took 1.609952 (s) in 3 time steps
AutoTuner: Block shape <16,16,40> took 1.604958 (s) in 3 time steps
AutoTuner: Block shape <16,16,64> took 1.610237 (s) in 3 time steps
AutoTuner: Block shape <16,16,128> took 1.639981 (s) in 3 time steps
AutoTuner: Block shape <16,16,256> took 1.800924 (s) in 3 time steps
AutoTuner: Block shape <16,16,512> took 2.136181 (s) in 3 time steps
AutoTuner: Block shape <16,16,516> took 2.159605 (s) in 3 time steps
AutoTuner: Block shape <24,24,8> took 1.745991 (s) in 3 time steps
AutoTuner: Block shape <24,24,16> took 1.669385 (s) in 3 time steps
AutoTuner: Block shape <24,24,32> took 1.621541 (s) in 3 time steps
AutoTuner: Block shape <24,24,40> took 1.629115 (s) in 3 time steps
AutoTuner: Block shape <24,24,64> took 1.639859 (s) in 3 time steps
AutoTuner: Block shape <24,24,128> took 1.712502 (s) in 3 time steps
AutoTuner: Block shape <24,24,256> took 1.989838 (s) in 3 time steps
AutoTuner: Block shape <24,24,512> took 2.328355 (s) in 3 time steps
AutoTuner: Block shape <24,24,516> took 2.350773 (s) in 3 time steps
AutoTuner: Block shape <32,32,8> took 1.789200 (s) in 3 time steps
AutoTuner: Block shape <32,32,16> took 1.700492 (s) in 3 time steps
AutoTuner: Block shape <32,32,24> took 1.659705 (s) in 3 time steps
AutoTuner: Block shape <32,32,40> took 1.652030 (s) in 3 time steps
AutoTuner: Block shape <32,32,64> took 1.658100 (s) in 3 time steps
AutoTuner: Block shape <32,32,128> took 1.794617 (s) in 3 time steps
AutoTuner: Block shape <32,32,256> took 1.965237 (s) in 3 time steps
AutoTuner: Block shape <32,32,512> took 2.254907 (s) in 3 time steps
AutoTuner: Block shape <32,32,516> took 2.266162 (s) in 3 time steps
AutoTuner: Block shape <16,8,8> took 1.733792 (s) in 3 time steps
AutoTuner: Block shape <8,16,8> took 1.734505 (s) in 3 time steps
AutoTuner: Block shape <16,8,16> took 1.666536 (s) in 3 time steps
AutoTuner: Block shape <8,16,16> took 1.663711 (s) in 3 time steps
AutoTuner: Block shape <32,16,16> took 1.672261 (s) in 3 time steps
AutoTuner: Block shape <16,32,16> took 1.682359 (s) in 3 time steps
AutoTuner: Block shape <32,16,32> took 1.612612 (s) in 3 time steps
AutoTuner: Block shape <16,32,32> took 1.646970 (s) in 3 time steps
AutoTuner: Block shape <48,24,24> took 1.663744 (s) in 3 time steps
AutoTuner: Block shape <24,48,24> took 1.741441 (s) in 3 time steps
AutoTuner: Block shape <24,24,48> took 1.637889 (s) in 3 time steps
AutoTuner: Block shape <48,48,24> took 1.779345 (s) in 3 time steps
AutoTuner: Block shape <48,24,48> took 1.667780 (s) in 3 time steps
AutoTuner: Block shape <24,48,48> took 1.749928 (s) in 3 time steps
AutoTuner: Block shape <48,48,48> took 1.822986 (s) in 3 time steps
AutoTuner: Block shape <64,32,32> took 1.650133 (s) in 3 time steps
AutoTuner: Block shape <32,64,32> took 1.748948 (s) in 3 time steps
AutoTuner: Block shape <64,64,32> took 1.766600 (s) in 3 time steps
AutoTuner: Block shape <64,32,64> took 1.680159 (s) in 3 time steps
AutoTuner: Block shape <32,64,64> took 1.876307 (s) in 3 time steps
AutoTuner: Block shape <80,40,40> took 1.805775 (s) in 3 time steps
AutoTuner: Block shape <40,80,40> took 1.950863 (s) in 3 time steps
AutoTuner: Block shape <40,40,80> took 1.847050 (s) in 3 time steps
AutoTuner: Block shape <80,80,40> took 1.966547 (s) in 3 time steps
AutoTuner: Block shape <80,40,80> took 1.864229 (s) in 3 time steps
AutoTuner: Block shape <40,80,80> took 2.059138 (s) in 3 time steps
AutoTuner: Block shape <80,80,80> took 2.130312 (s) in 3 time steps
AutoTuner: Block shape <128,64,64> took 1.923213 (s) in 3 time steps
AutoTuner: Block shape <64,128,64> took 2.068068 (s) in 3 time steps
AutoTuner: Block shape <64,64,128> took 2.005574 (s) in 3 time steps
AutoTuner: Block shape <128,128,64> took 2.207829 (s) in 3 time steps
AutoTuner: Block shape <128,64,128> took 2.115406 (s) in 3 time steps
AutoTuner: Block shape <64,128,128> took 2.197712 (s) in 3 time steps
AutoTuner: Block shape <256,128,128> took 2.648011 (s) in 3 time steps
AutoTuner: Block shape <128,256,128> took 2.672846 (s) in 3 time steps
AutoTuner: Block shape <128,128,256> took 2.664973 (s) in 3 time steps
AutoTuner: Block shape <256,256,128> took 3.326098 (s) in 3 time steps
AutoTuner: Block shape <256,128,256> took 3.090275 (s) in 3 time steps
AutoTuner: Block shape <128,256,256> took 3.173415 (s) in 3 time steps
AutoTuner: Block shape <512,256,256> took 10.126085 (s) in 3 time steps
AutoTuner: Block shape <256,512,256> took 10.486340 (s) in 3 time steps
AutoTuner: Block shape <256,256,512> took 10.201368 (s) in 3 time steps
AutoTuner: Block shape <512,512,256> took 19.916497 (s) in 3 time steps
AutoTuner: Block shape <512,256,512> took 18.608616 (s) in 3 time steps
AutoTuner: Block shape <256,512,512> took 19.271081 (s) in 3 time steps
Auto-tuned block shape: {'x0_block_size': 16, 'y0_block_size': 16, 'z0_block_size': 40}
=========================================================================================
Section section_1<415,1> with OI=0.64 computed in 0.000 s [0.12 GFlops/s]
Section section_2<415,101> with OI=1.27 computed in 0.004 s [0.96 GFlops/s]
Section main<415,516,516,516> with OI=64.41 computed in 668.130 s [242.10 GFlops/s, 0.09 GPts/s]
=========================================================================================
Allocating memory for m ((532, 532, 532))
Allocating memory for damp ((532, 532, 532))
Allocating memory for epsilon ((532, 532, 532))
Allocating memory for delta ((532, 532, 532))
Allocating memory for theta ((532, 532, 532))
Allocating memory for phi ((532, 532, 532))
Allocating memory for src ((417, 1))
Allocating memory for src_coords ((1, 3))
Allocating memory for nrec_coords ((101, 3))
Allocating memory for rec_coords ((101, 3))
DSE: eliminate_intra_stencil_redundancies [flops: 2835, elapsed: 1.93] >>
     finalize [flops: 2837, elapsed: 0.06]
     [Total elapsed: 1.99 s]
DLE: avoid_denormals [elapsed: 0.00] >>
     loop_fission [elapsed: 0.03] >>
     loop_blocking [elapsed: 0.30] >>
     simdize [elapsed: 0.20] >>
     ompize [elapsed: 0.09] >>
     create_elemental_functions [elapsed: 0.50] >>
     minimize_remainders [elapsed: 0.08]
     [Total elapsed: 1.20 s]
Allocating memory for rec ((417, 101))
Allocating memory for u ((3, 532, 532, 532))
Allocating memory for v ((3, 532, 532, 532))
IntelCompiler: compiled /tmp/devito-456zbx7a/3fd64013e5691d1cd9ca08fe7c65c27f84bdcf2f.c [515.67 s]
AutoTuner: Block shape <8,8,8> took 1.749293 (s) in 3 time steps
AutoTuner: Block shape <16,16,16> took 1.642268 (s) in 3 time steps
AutoTuner: Block shape <24,24,24> took 1.645069 (s) in 3 time steps
AutoTuner: Block shape <32,32,32> took 1.660567 (s) in 3 time steps
AutoTuner: Block shape <40,40,40> took 1.799286 (s) in 3 time steps
AutoTuner: Block shape <64,64,64> took 1.871730 (s) in 3 time steps
AutoTuner: Block shape <128,128,128> took 2.508440 (s) in 3 time steps
AutoTuner: Block shape <256,256,256> took 5.525649 (s) in 3 time steps
AutoTuner: Block shape <512,512,512> took 38.389204 (s) in 3 time steps
AutoTuner: Block shape <516,516,516> took 37.556625 (s) in 3 time steps
AutoTuner: Block shape <8,8,16> took 1.675104 (s) in 3 time steps
AutoTuner: Block shape <8,8,24> took 1.648580 (s) in 3 time steps
AutoTuner: Block shape <8,8,32> took 1.640621 (s) in 3 time steps
AutoTuner: Block shape <8,8,40> took 1.634462 (s) in 3 time steps
AutoTuner: Block shape <8,8,64> took 1.625326 (s) in 3 time steps
AutoTuner: Block shape <8,8,128> took 1.662819 (s) in 3 time steps
AutoTuner: Block shape <8,8,256> took 1.722691 (s) in 3 time steps
AutoTuner: Block shape <8,8,512> took 1.993337 (s) in 3 time steps
AutoTuner: Block shape <8,8,516> took 2.026233 (s) in 3 time steps
AutoTuner: Block shape <16,16,8> took 1.718516 (s) in 3 time steps
AutoTuner: Block shape <16,16,24> took 1.630227 (s) in 3 time steps
AutoTuner: Block shape <16,16,32> took 1.618039 (s) in 3 time steps
AutoTuner: Block shape <16,16,40> took 1.620042 (s) in 3 time steps
AutoTuner: Block shape <16,16,64> took 1.643223 (s) in 3 time steps
AutoTuner: Block shape <16,16,128> took 1.652063 (s) in 3 time steps
AutoTuner: Block shape <16,16,256> took 1.801176 (s) in 3 time steps
AutoTuner: Block shape <16,16,512> took 2.133879 (s) in 3 time steps
AutoTuner: Block shape <16,16,516> took 2.156172 (s) in 3 time steps
AutoTuner: Block shape <24,24,8> took 1.749048 (s) in 3 time steps
AutoTuner: Block shape <24,24,16> took 1.675012 (s) in 3 time steps
AutoTuner: Block shape <24,24,32> took 1.634701 (s) in 3 time steps
AutoTuner: Block shape <24,24,40> took 1.653153 (s) in 3 time steps
AutoTuner: Block shape <24,24,64> took 1.655765 (s) in 3 time steps
AutoTuner: Block shape <24,24,128> took 1.731110 (s) in 3 time steps
AutoTuner: Block shape <24,24,256> took 1.990037 (s) in 3 time steps
AutoTuner: Block shape <24,24,512> took 2.325527 (s) in 3 time steps
AutoTuner: Block shape <24,24,516> took 2.341884 (s) in 3 time steps
AutoTuner: Block shape <32,32,8> took 1.794162 (s) in 3 time steps
AutoTuner: Block shape <32,32,16> took 1.691020 (s) in 3 time steps
AutoTuner: Block shape <32,32,24> took 1.662786 (s) in 3 time steps
AutoTuner: Block shape <32,32,40> took 1.689082 (s) in 3 time steps
AutoTuner: Block shape <32,32,64> took 1.672866 (s) in 3 time steps
AutoTuner: Block shape <32,32,128> took 1.814986 (s) in 3 time steps
AutoTuner: Block shape <32,32,256> took 1.961681 (s) in 3 time steps
AutoTuner: Block shape <32,32,512> took 2.313895 (s) in 3 time steps
AutoTuner: Block shape <32,32,516> took 2.326782 (s) in 3 time steps
AutoTuner: Block shape <16,8,8> took 1.734850 (s) in 3 time steps
AutoTuner: Block shape <8,16,8> took 1.733419 (s) in 3 time steps
AutoTuner: Block shape <16,8,16> took 1.673771 (s) in 3 time steps
AutoTuner: Block shape <8,16,16> took 1.670656 (s) in 3 time steps
AutoTuner: Block shape <32,16,16> took 1.682116 (s) in 3 time steps
AutoTuner: Block shape <16,32,16> took 1.681948 (s) in 3 time steps
AutoTuner: Block shape <32,16,32> took 1.619738 (s) in 3 time steps
AutoTuner: Block shape <16,32,32> took 1.654607 (s) in 3 time steps
AutoTuner: Block shape <48,24,24> took 1.662406 (s) in 3 time steps
AutoTuner: Block shape <24,48,24> took 1.733607 (s) in 3 time steps
AutoTuner: Block shape <24,24,48> took 1.663596 (s) in 3 time steps
AutoTuner: Block shape <48,48,24> took 1.775937 (s) in 3 time steps
AutoTuner: Block shape <48,24,48> took 1.695287 (s) in 3 time steps
AutoTuner: Block shape <24,48,48> took 1.762490 (s) in 3 time steps
AutoTuner: Block shape <48,48,48> took 1.839892 (s) in 3 time steps
AutoTuner: Block shape <64,32,32> took 1.670019 (s) in 3 time steps
AutoTuner: Block shape <32,64,32> took 1.756889 (s) in 3 time steps
AutoTuner: Block shape <64,64,32> took 1.771121 (s) in 3 time steps
AutoTuner: Block shape <64,32,64> took 1.693874 (s) in 3 time steps
AutoTuner: Block shape <32,64,64> took 1.873014 (s) in 3 time steps
AutoTuner: Block shape <80,40,40> took 1.818318 (s) in 3 time steps
AutoTuner: Block shape <40,80,40> took 1.949600 (s) in 3 time steps
AutoTuner: Block shape <40,40,80> took 1.862400 (s) in 3 time steps
AutoTuner: Block shape <80,80,40> took 1.973613 (s) in 3 time steps
AutoTuner: Block shape <80,40,80> took 1.882758 (s) in 3 time steps
AutoTuner: Block shape <40,80,80> took 2.081669 (s) in 3 time steps
AutoTuner: Block shape <80,80,80> took 2.178924 (s) in 3 time steps
AutoTuner: Block shape <128,64,64> took 1.963840 (s) in 3 time steps
AutoTuner: Block shape <64,128,64> took 2.126326 (s) in 3 time steps
AutoTuner: Block shape <64,64,128> took 2.055409 (s) in 3 time steps
AutoTuner: Block shape <128,128,64> took 2.276670 (s) in 3 time steps
AutoTuner: Block shape <128,64,128> took 2.124825 (s) in 3 time steps
AutoTuner: Block shape <64,128,128> took 2.205539 (s) in 3 time steps
AutoTuner: Block shape <256,128,128> took 2.598616 (s) in 3 time steps
AutoTuner: Block shape <128,256,128> took 2.673676 (s) in 3 time steps
AutoTuner: Block shape <128,128,256> took 2.610634 (s) in 3 time steps
AutoTuner: Block shape <256,256,128> took 3.351887 (s) in 3 time steps
AutoTuner: Block shape <256,128,256> took 3.094520 (s) in 3 time steps
AutoTuner: Block shape <128,256,256> took 3.169437 (s) in 3 time steps
AutoTuner: Block shape <512,256,256> took 10.186066 (s) in 3 time steps
AutoTuner: Block shape <256,512,256> took 10.549115 (s) in 3 time steps
AutoTuner: Block shape <256,256,512> took 10.180107 (s) in 3 time steps
AutoTuner: Block shape <512,512,256> took 20.005024 (s) in 3 time steps
AutoTuner: Block shape <512,256,512> took 19.141431 (s) in 3 time steps
AutoTuner: Block shape <256,512,512> took 19.437911 (s) in 3 time steps
Auto-tuned block shape: {'x0_block_size': 16, 'y0_block_size': 16, 'z0_block_size': 32}
=========================================================================================
Section section_1<415,1> with OI=0.64 computed in 0.000 s [0.13 GFlops/s]
Section section_2<415,101> with OI=1.27 computed in 0.004 s [1.09 GFlops/s]
Section main<415,516,516,516> with OI=64.41 computed in 667.317 s [242.40 GFlops/s, 0.09 GPts/s]
=========================================================================================
Allocating memory for m ((532, 532, 532))
Allocating memory for damp ((532, 532, 532))
Allocating memory for epsilon ((532, 532, 532))
Allocating memory for delta ((532, 532, 532))
Allocating memory for theta ((532, 532, 532))
Allocating memory for phi ((532, 532, 532))
Allocating memory for src ((417, 1))
Allocating memory for src_coords ((1, 3))
Allocating memory for nrec_coords ((101, 3))
Allocating memory for rec_coords ((101, 3))
DSE: eliminate_intra_stencil_redundancies [flops: 2835, elapsed: 1.94] >>
     finalize [flops: 2837, elapsed: 0.06]
     [Total elapsed: 2.00 s]
DLE: avoid_denormals [elapsed: 0.00] >>
     loop_fission [elapsed: 0.03] >>
     loop_blocking [elapsed: 0.30] >>
     simdize [elapsed: 0.20] >>
     ompize [elapsed: 0.09] >>
     create_elemental_functions [elapsed: 0.50] >>
     minimize_remainders [elapsed: 0.04]
     [Total elapsed: 1.15 s]
Allocating memory for rec ((417, 101))
Allocating memory for u ((3, 532, 532, 532))
Allocating memory for v ((3, 532, 532, 532))
IntelCompiler: compiled /tmp/devito-456zbx7a/3fd64013e5691d1cd9ca08fe7c65c27f84bdcf2f.c [522.84 s]
AutoTuner: Block shape <8,8,8> took 1.743190 (s) in 3 time steps
AutoTuner: Block shape <16,16,16> took 1.639675 (s) in 3 time steps
AutoTuner: Block shape <24,24,24> took 1.641658 (s) in 3 time steps
AutoTuner: Block shape <32,32,32> took 1.661780 (s) in 3 time steps
AutoTuner: Block shape <40,40,40> took 1.772304 (s) in 3 time steps
AutoTuner: Block shape <64,64,64> took 1.873841 (s) in 3 time steps
AutoTuner: Block shape <128,128,128> took 2.500614 (s) in 3 time steps
AutoTuner: Block shape <256,256,256> took 5.496919 (s) in 3 time steps
AutoTuner: Block shape <512,512,512> took 38.068751 (s) in 3 time steps
AutoTuner: Block shape <516,516,516> took 37.524999 (s) in 3 time steps
AutoTuner: Block shape <8,8,16> took 1.673984 (s) in 3 time steps
AutoTuner: Block shape <8,8,24> took 1.649286 (s) in 3 time steps
AutoTuner: Block shape <8,8,32> took 1.641254 (s) in 3 time steps
AutoTuner: Block shape <8,8,40> took 1.635470 (s) in 3 time steps
AutoTuner: Block shape <8,8,64> took 1.629586 (s) in 3 time steps
AutoTuner: Block shape <8,8,128> took 1.666377 (s) in 3 time steps
AutoTuner: Block shape <8,8,256> took 1.724259 (s) in 3 time steps
AutoTuner: Block shape <8,8,512> took 1.996118 (s) in 3 time steps
AutoTuner: Block shape <8,8,516> took 2.029007 (s) in 3 time steps
AutoTuner: Block shape <16,16,8> took 1.729273 (s) in 3 time steps
AutoTuner: Block shape <16,16,24> took 1.633315 (s) in 3 time steps
AutoTuner: Block shape <16,16,32> took 1.617434 (s) in 3 time steps
AutoTuner: Block shape <16,16,40> took 1.622849 (s) in 3 time steps
AutoTuner: Block shape <16,16,64> took 1.625366 (s) in 3 time steps
AutoTuner: Block shape <16,16,128> took 1.653899 (s) in 3 time steps
AutoTuner: Block shape <16,16,256> took 1.796023 (s) in 3 time steps
AutoTuner: Block shape <16,16,512> took 2.137859 (s) in 3 time steps
AutoTuner: Block shape <16,16,516> took 2.158492 (s) in 3 time steps
AutoTuner: Block shape <24,24,8> took 1.752700 (s) in 3 time steps
AutoTuner: Block shape <24,24,16> took 1.678560 (s) in 3 time steps
AutoTuner: Block shape <24,24,32> took 1.625835 (s) in 3 time steps
AutoTuner: Block shape <24,24,40> took 1.653230 (s) in 3 time steps
AutoTuner: Block shape <24,24,64> took 1.655934 (s) in 3 time steps
AutoTuner: Block shape <24,24,128> took 1.720276 (s) in 3 time steps
AutoTuner: Block shape <24,24,256> took 1.970622 (s) in 3 time steps
AutoTuner: Block shape <24,24,512> took 2.309242 (s) in 3 time steps
AutoTuner: Block shape <24,24,516> took 2.323605 (s) in 3 time steps
AutoTuner: Block shape <32,32,8> took 1.795394 (s) in 3 time steps
AutoTuner: Block shape <32,32,16> took 1.693494 (s) in 3 time steps
AutoTuner: Block shape <32,32,24> took 1.662346 (s) in 3 time steps
AutoTuner: Block shape <32,32,40> took 1.689019 (s) in 3 time steps
AutoTuner: Block shape <32,32,64> took 1.678244 (s) in 3 time steps
AutoTuner: Block shape <32,32,128> took 1.804817 (s) in 3 time steps
AutoTuner: Block shape <32,32,256> took 1.961725 (s) in 3 time steps
AutoTuner: Block shape <32,32,512> took 2.304271 (s) in 3 time steps
AutoTuner: Block shape <32,32,516> took 2.317093 (s) in 3 time steps
AutoTuner: Block shape <16,8,8> took 1.739331 (s) in 3 time steps
AutoTuner: Block shape <8,16,8> took 1.735803 (s) in 3 time steps
AutoTuner: Block shape <16,8,16> took 1.674697 (s) in 3 time steps
AutoTuner: Block shape <8,16,16> took 1.672052 (s) in 3 time steps
AutoTuner: Block shape <32,16,16> took 1.682527 (s) in 3 time steps
AutoTuner: Block shape <16,32,16> took 1.684246 (s) in 3 time steps
AutoTuner: Block shape <32,16,32> took 1.623856 (s) in 3 time steps
AutoTuner: Block shape <16,32,32> took 1.669674 (s) in 3 time steps
AutoTuner: Block shape <48,24,24> took 1.666851 (s) in 3 time steps
AutoTuner: Block shape <24,48,24> took 1.741750 (s) in 3 time steps
AutoTuner: Block shape <24,24,48> took 1.670318 (s) in 3 time steps
AutoTuner: Block shape <48,48,24> took 1.794469 (s) in 3 time steps
AutoTuner: Block shape <48,24,48> took 1.710356 (s) in 3 time steps
AutoTuner: Block shape <24,48,48> took 1.779966 (s) in 3 time steps
AutoTuner: Block shape <48,48,48> took 1.863173 (s) in 3 time steps
AutoTuner: Block shape <64,32,32> took 1.669210 (s) in 3 time steps
AutoTuner: Block shape <32,64,32> took 1.755177 (s) in 3 time steps
AutoTuner: Block shape <64,64,32> took 1.767346 (s) in 3 time steps
AutoTuner: Block shape <64,32,64> took 1.689831 (s) in 3 time steps
AutoTuner: Block shape <32,64,64> took 1.878734 (s) in 3 time steps
AutoTuner: Block shape <80,40,40> took 1.833107 (s) in 3 time steps
AutoTuner: Block shape <40,80,40> took 1.965348 (s) in 3 time steps
AutoTuner: Block shape <40,40,80> took 1.874477 (s) in 3 time steps
AutoTuner: Block shape <80,80,40> took 1.984285 (s) in 3 time steps
AutoTuner: Block shape <80,40,80> took 1.890813 (s) in 3 time steps
AutoTuner: Block shape <40,80,80> took 2.086612 (s) in 3 time steps
AutoTuner: Block shape <80,80,80> took 2.177301 (s) in 3 time steps
AutoTuner: Block shape <128,64,64> took 1.956554 (s) in 3 time steps
AutoTuner: Block shape <64,128,64> took 2.126956 (s) in 3 time steps
AutoTuner: Block shape <64,64,128> took 2.051868 (s) in 3 time steps
AutoTuner: Block shape <128,128,64> took 2.272663 (s) in 3 time steps
AutoTuner: Block shape <128,64,128> took 2.123489 (s) in 3 time steps
AutoTuner: Block shape <64,128,128> took 2.208109 (s) in 3 time steps
AutoTuner: Block shape <256,128,128> took 2.602341 (s) in 3 time steps
AutoTuner: Block shape <128,256,128> took 2.689737 (s) in 3 time steps
AutoTuner: Block shape <128,128,256> took 2.644739 (s) in 3 time steps
AutoTuner: Block shape <256,256,128> took 3.299017 (s) in 3 time steps
AutoTuner: Block shape <256,128,256> took 3.094071 (s) in 3 time steps
AutoTuner: Block shape <128,256,256> took 3.166519 (s) in 3 time steps
AutoTuner: Block shape <512,256,256> took 10.203035 (s) in 3 time steps
AutoTuner: Block shape <256,512,256> took 10.570858 (s) in 3 time steps
AutoTuner: Block shape <256,256,512> took 10.180561 (s) in 3 time steps
AutoTuner: Block shape <512,512,256> took 20.161733 (s) in 3 time steps
AutoTuner: Block shape <512,256,512> took 19.163463 (s) in 3 time steps
AutoTuner: Block shape <256,512,512> took 19.439749 (s) in 3 time steps
Auto-tuned block shape: {'x0_block_size': 16, 'y0_block_size': 16, 'z0_block_size': 32}
=========================================================================================
Section section_1<415,1> with OI=0.64 computed in 0.000 s [0.15 GFlops/s]
Section section_2<415,101> with OI=1.27 computed in 0.004 s [1.07 GFlops/s]
Section main<415,516,516,516> with OI=64.41 computed in 669.196 s [241.71 GFlops/s, 0.09 GPts/s]
=========================================================================================
Allocating memory for m ((532, 532, 532))
Allocating memory for damp ((532, 532, 532))
Allocating memory for epsilon ((532, 532, 532))
Allocating memory for delta ((532, 532, 532))
Allocating memory for theta ((532, 532, 532))
Allocating memory for phi ((532, 532, 532))
Allocating memory for src ((417, 1))
Allocating memory for src_coords ((1, 3))
Allocating memory for nrec_coords ((101, 3))
Allocating memory for rec_coords ((101, 3))
DSE: extract_time_invariants [flops: 5483, elapsed: 0.49] >>
     eliminate_inter_stencil_redundancies [flops: 5315, elapsed: 0.72] >>
     eliminate_intra_stencil_redundancies [flops: 2611, elapsed: 0.90] >>
     factorize [flops: 2119, elapsed: 3.13] >>
     finalize [flops: 2121, elapsed: 0.05]
     [Total elapsed: 5.29 s]
DLE: avoid_denormals [elapsed: 0.00] >>
     loop_fission [elapsed: 0.03] >>
     loop_blocking [elapsed: 0.26] >>
     simdize [elapsed: 0.17] >>
     ompize [elapsed: 0.07] >>
     create_elemental_functions [elapsed: 0.45] >>
     minimize_remainders [elapsed: 0.03]
     [Total elapsed: 1.00 s]
Allocating memory for rec ((417, 101))
Allocating memory for u ((3, 532, 532, 532))
Allocating memory for v ((3, 532, 532, 532))
IntelCompiler: compiled /tmp/devito-456zbx7a/2d3a0b46ca3d2e22c51e1de8c4f4a04a6d591a3d.c [502.43 s]
AutoTuner: Block shape <8,8,8> took 1.137274 (s) in 3 time steps
AutoTuner: Block shape <16,16,16> took 1.015097 (s) in 3 time steps
AutoTuner: Block shape <24,24,24> took 1.015740 (s) in 3 time steps
AutoTuner: Block shape <32,32,32> took 1.012338 (s) in 3 time steps
AutoTuner: Block shape <40,40,40> took 1.059249 (s) in 3 time steps
AutoTuner: Block shape <64,64,64> took 1.179854 (s) in 3 time steps
AutoTuner: Block shape <128,128,128> took 1.612583 (s) in 3 time steps
AutoTuner: Block shape <256,256,256> took 3.669671 (s) in 3 time steps
AutoTuner: Block shape <512,512,512> took 24.740023 (s) in 3 time steps
AutoTuner: Block shape <516,516,516> took 23.967795 (s) in 3 time steps
AutoTuner: Block shape <8,8,16> took 1.051515 (s) in 3 time steps
AutoTuner: Block shape <8,8,24> took 1.024845 (s) in 3 time steps
AutoTuner: Block shape <8,8,32> took 1.009998 (s) in 3 time steps
AutoTuner: Block shape <8,8,40> took 1.007698 (s) in 3 time steps
AutoTuner: Block shape <8,8,64> took 1.009247 (s) in 3 time steps
AutoTuner: Block shape <8,8,128> took 1.032707 (s) in 3 time steps
AutoTuner: Block shape <8,8,256> took 1.068054 (s) in 3 time steps
AutoTuner: Block shape <8,8,512> took 1.327092 (s) in 3 time steps
AutoTuner: Block shape <8,8,516> took 1.352435 (s) in 3 time steps
AutoTuner: Block shape <16,16,8> took 1.089727 (s) in 3 time steps
AutoTuner: Block shape <16,16,24> took 0.996330 (s) in 3 time steps
AutoTuner: Block shape <16,16,32> took 0.992131 (s) in 3 time steps
AutoTuner: Block shape <16,16,40> took 0.990537 (s) in 3 time steps
AutoTuner: Block shape <16,16,64> took 1.000448 (s) in 3 time steps
AutoTuner: Block shape <16,16,128> took 1.008109 (s) in 3 time steps
AutoTuner: Block shape <16,16,256> took 1.175173 (s) in 3 time steps
AutoTuner: Block shape <16,16,512> took 1.424727 (s) in 3 time steps
AutoTuner: Block shape <16,16,516> took 1.443396 (s) in 3 time steps
AutoTuner: Block shape <24,24,8> took 1.097382 (s) in 3 time steps
AutoTuner: Block shape <24,24,16> took 1.026685 (s) in 3 time steps
AutoTuner: Block shape <24,24,32> took 1.010437 (s) in 3 time steps
AutoTuner: Block shape <24,24,40> took 1.014740 (s) in 3 time steps
AutoTuner: Block shape <24,24,64> took 1.007643 (s) in 3 time steps
AutoTuner: Block shape <24,24,128> took 1.065471 (s) in 3 time steps
AutoTuner: Block shape <24,24,256> took 1.275697 (s) in 3 time steps
AutoTuner: Block shape <24,24,512> took 1.538785 (s) in 3 time steps
AutoTuner: Block shape <24,24,516> took 1.547174 (s) in 3 time steps
AutoTuner: Block shape <32,32,8> took 1.139398 (s) in 3 time steps
AutoTuner: Block shape <32,32,16> took 1.059896 (s) in 3 time steps
AutoTuner: Block shape <32,32,24> took 1.039629 (s) in 3 time steps
AutoTuner: Block shape <32,32,40> took 1.018771 (s) in 3 time steps
AutoTuner: Block shape <32,32,64> took 1.016912 (s) in 3 time steps
AutoTuner: Block shape <32,32,128> took 1.144210 (s) in 3 time steps
AutoTuner: Block shape <32,32,256> took 1.292881 (s) in 3 time steps
AutoTuner: Block shape <32,32,512> took 1.550216 (s) in 3 time steps
AutoTuner: Block shape <32,32,516> took 1.551952 (s) in 3 time steps
AutoTuner: Block shape <16,8,8> took 1.120837 (s) in 3 time steps
AutoTuner: Block shape <8,16,8> took 1.098597 (s) in 3 time steps
AutoTuner: Block shape <16,8,16> took 1.043813 (s) in 3 time steps
AutoTuner: Block shape <8,16,16> took 1.031728 (s) in 3 time steps
AutoTuner: Block shape <32,16,16> took 1.028644 (s) in 3 time steps
AutoTuner: Block shape <16,32,16> took 1.042125 (s) in 3 time steps
AutoTuner: Block shape <32,16,32> took 0.998152 (s) in 3 time steps
AutoTuner: Block shape <16,32,32> took 1.018079 (s) in 3 time steps
AutoTuner: Block shape <48,24,24> took 1.039626 (s) in 3 time steps
AutoTuner: Block shape <24,48,24> took 1.062441 (s) in 3 time steps
AutoTuner: Block shape <24,24,48> took 1.013313 (s) in 3 time steps
AutoTuner: Block shape <48,48,24> took 1.077343 (s) in 3 time steps
AutoTuner: Block shape <48,24,48> took 1.026633 (s) in 3 time steps
AutoTuner: Block shape <24,48,48> took 1.070401 (s) in 3 time steps
AutoTuner: Block shape <48,48,48> took 1.096964 (s) in 3 time steps
AutoTuner: Block shape <64,32,32> took 1.018867 (s) in 3 time steps
AutoTuner: Block shape <32,64,32> took 1.069753 (s) in 3 time steps
AutoTuner: Block shape <64,64,32> took 1.068034 (s) in 3 time steps
AutoTuner: Block shape <64,32,64> took 1.004367 (s) in 3 time steps
AutoTuner: Block shape <32,64,64> took 1.176473 (s) in 3 time steps
AutoTuner: Block shape <80,40,40> took 1.070951 (s) in 3 time steps
AutoTuner: Block shape <40,80,40> took 1.205343 (s) in 3 time steps
AutoTuner: Block shape <40,40,80> took 1.128256 (s) in 3 time steps
AutoTuner: Block shape <80,80,40> took 1.214282 (s) in 3 time steps
AutoTuner: Block shape <80,40,80> took 1.135116 (s) in 3 time steps
AutoTuner: Block shape <40,80,80> took 1.320881 (s) in 3 time steps
AutoTuner: Block shape <80,80,80> took 1.365080 (s) in 3 time steps
AutoTuner: Block shape <128,64,64> took 1.228728 (s) in 3 time steps
AutoTuner: Block shape <64,128,64> took 1.385911 (s) in 3 time steps
AutoTuner: Block shape <64,64,128> took 1.339950 (s) in 3 time steps
AutoTuner: Block shape <128,128,64> took 1.487808 (s) in 3 time steps
AutoTuner: Block shape <128,64,128> took 1.389383 (s) in 3 time steps
AutoTuner: Block shape <64,128,128> took 1.469685 (s) in 3 time steps
AutoTuner: Block shape <256,128,128> took 1.640767 (s) in 3 time steps
AutoTuner: Block shape <128,256,128> took 1.771524 (s) in 3 time steps
AutoTuner: Block shape <128,128,256> took 1.739710 (s) in 3 time steps
AutoTuner: Block shape <256,256,128> took 2.213554 (s) in 3 time steps
AutoTuner: Block shape <256,128,256> took 2.048943 (s) in 3 time steps
AutoTuner: Block shape <128,256,256> took 2.122230 (s) in 3 time steps
AutoTuner: Block shape <512,256,256> took 6.623875 (s) in 3 time steps
AutoTuner: Block shape <256,512,256> took 6.854194 (s) in 3 time steps
AutoTuner: Block shape <256,256,512> took 6.692605 (s) in 3 time steps
AutoTuner: Block shape <512,512,256> took 13.338857 (s) in 3 time steps
AutoTuner: Block shape <512,256,512> took 12.397857 (s) in 3 time steps
AutoTuner: Block shape <256,512,512> took 12.700957 (s) in 3 time steps
Auto-tuned block shape: {'x0_block_size': 16, 'y0_block_size': 16, 'z0_block_size': 40}
=========================================================================================
Section section_0<524,524,524> with OI=0.33 computed in 0.086 s [11.78 GFlops/s]
Section section_2<415,1> with OI=0.64 computed in 0.000 s [0.14 GFlops/s]
Section section_3<415,101> with OI=1.27 computed in 0.004 s [0.94 GFlops/s]
Section main<415,516,516,516> with OI=43.77 computed in 366.806 s [329.69 GFlops/s, 0.16 GPts/s]
=========================================================================================
Allocating memory for m ((532, 532, 532))
Allocating memory for damp ((532, 532, 532))
Allocating memory for epsilon ((532, 532, 532))
Allocating memory for delta ((532, 532, 532))
Allocating memory for theta ((532, 532, 532))
Allocating memory for phi ((532, 532, 532))
Allocating memory for src ((417, 1))
Allocating memory for src_coords ((1, 3))
Allocating memory for nrec_coords ((101, 3))
Allocating memory for rec_coords ((101, 3))
DSE: extract_time_invariants [flops: 5483, elapsed: 0.45] >>
     eliminate_inter_stencil_redundancies [flops: 5315, elapsed: 0.72] >>
     eliminate_intra_stencil_redundancies [flops: 2611, elapsed: 0.90] >>
     factorize [flops: 2119, elapsed: 3.18] >>
     finalize [flops: 2121, elapsed: 0.05]
     [Total elapsed: 5.29 s]
DLE: avoid_denormals [elapsed: 0.00] >>
     loop_fission [elapsed: 0.03] >>
     loop_blocking [elapsed: 0.26] >>
     simdize [elapsed: 0.17] >>
     ompize [elapsed: 0.07] >>
     create_elemental_functions [elapsed: 0.45] >>
     minimize_remainders [elapsed: 0.03]
     [Total elapsed: 1.00 s]
Allocating memory for rec ((417, 101))
Allocating memory for u ((3, 532, 532, 532))
Allocating memory for v ((3, 532, 532, 532))
IntelCompiler: compiled /tmp/devito-456zbx7a/2d3a0b46ca3d2e22c51e1de8c4f4a04a6d591a3d.c [513.89 s]
AutoTuner: Block shape <8,8,8> took 1.140604 (s) in 3 time steps
AutoTuner: Block shape <16,16,16> took 1.014056 (s) in 3 time steps
AutoTuner: Block shape <24,24,24> took 1.013101 (s) in 3 time steps
AutoTuner: Block shape <32,32,32> took 1.007964 (s) in 3 time steps
AutoTuner: Block shape <40,40,40> took 1.061390 (s) in 3 time steps
AutoTuner: Block shape <64,64,64> took 1.177821 (s) in 3 time steps
AutoTuner: Block shape <128,128,128> took 1.554280 (s) in 3 time steps
AutoTuner: Block shape <256,256,256> took 3.686547 (s) in 3 time steps
AutoTuner: Block shape <512,512,512> took 24.658619 (s) in 3 time steps
AutoTuner: Block shape <516,516,516> took 23.948904 (s) in 3 time steps
AutoTuner: Block shape <8,8,16> took 1.050147 (s) in 3 time steps
AutoTuner: Block shape <8,8,24> took 1.024115 (s) in 3 time steps
AutoTuner: Block shape <8,8,32> took 1.008363 (s) in 3 time steps
AutoTuner: Block shape <8,8,40> took 1.007850 (s) in 3 time steps
AutoTuner: Block shape <8,8,64> took 1.009132 (s) in 3 time steps
AutoTuner: Block shape <8,8,128> took 1.030886 (s) in 3 time steps
AutoTuner: Block shape <8,8,256> took 1.069875 (s) in 3 time steps
AutoTuner: Block shape <8,8,512> took 1.331140 (s) in 3 time steps
AutoTuner: Block shape <8,8,516> took 1.355784 (s) in 3 time steps
AutoTuner: Block shape <16,16,8> took 1.091982 (s) in 3 time steps
AutoTuner: Block shape <16,16,24> took 0.993447 (s) in 3 time steps
AutoTuner: Block shape <16,16,32> took 0.989465 (s) in 3 time steps
AutoTuner: Block shape <16,16,40> took 0.992734 (s) in 3 time steps
AutoTuner: Block shape <16,16,64> took 1.000384 (s) in 3 time steps
AutoTuner: Block shape <16,16,128> took 1.010960 (s) in 3 time steps
AutoTuner: Block shape <16,16,256> took 1.174553 (s) in 3 time steps
AutoTuner: Block shape <16,16,512> took 1.429989 (s) in 3 time steps
AutoTuner: Block shape <16,16,516> took 1.446378 (s) in 3 time steps
AutoTuner: Block shape <24,24,8> took 1.098218 (s) in 3 time steps
AutoTuner: Block shape <24,24,16> took 1.028601 (s) in 3 time steps
AutoTuner: Block shape <24,24,32> took 1.004333 (s) in 3 time steps
AutoTuner: Block shape <24,24,40> took 1.009817 (s) in 3 time steps
AutoTuner: Block shape <24,24,64> took 1.005560 (s) in 3 time steps
AutoTuner: Block shape <24,24,128> took 1.063451 (s) in 3 time steps
AutoTuner: Block shape <24,24,256> took 1.274214 (s) in 3 time steps
AutoTuner: Block shape <24,24,512> took 1.531175 (s) in 3 time steps
AutoTuner: Block shape <24,24,516> took 1.534283 (s) in 3 time steps
AutoTuner: Block shape <32,32,8> took 1.134795 (s) in 3 time steps
AutoTuner: Block shape <32,32,16> took 1.063520 (s) in 3 time steps
AutoTuner: Block shape <32,32,24> took 1.035300 (s) in 3 time steps
AutoTuner: Block shape <32,32,40> took 1.014655 (s) in 3 time steps
AutoTuner: Block shape <32,32,64> took 1.014166 (s) in 3 time steps
AutoTuner: Block shape <32,32,128> took 1.142235 (s) in 3 time steps
AutoTuner: Block shape <32,32,256> took 1.290728 (s) in 3 time steps
AutoTuner: Block shape <32,32,512> took 1.516518 (s) in 3 time steps
AutoTuner: Block shape <32,32,516> took 1.519411 (s) in 3 time steps
AutoTuner: Block shape <16,8,8> took 1.118412 (s) in 3 time steps
AutoTuner: Block shape <8,16,8> took 1.099437 (s) in 3 time steps
AutoTuner: Block shape <16,8,16> took 1.043352 (s) in 3 time steps
AutoTuner: Block shape <8,16,16> took 1.032772 (s) in 3 time steps
AutoTuner: Block shape <32,16,16> took 1.026758 (s) in 3 time steps
AutoTuner: Block shape <16,32,16> took 1.041390 (s) in 3 time steps
AutoTuner: Block shape <32,16,32> took 0.993400 (s) in 3 time steps
AutoTuner: Block shape <16,32,32> took 1.018848 (s) in 3 time steps
AutoTuner: Block shape <48,24,24> took 1.035344 (s) in 3 time steps
AutoTuner: Block shape <24,48,24> took 1.061163 (s) in 3 time steps
AutoTuner: Block shape <24,24,48> took 1.011660 (s) in 3 time steps
AutoTuner: Block shape <48,48,24> took 1.078186 (s) in 3 time steps
AutoTuner: Block shape <48,24,48> took 1.023843 (s) in 3 time steps
AutoTuner: Block shape <24,48,48> took 1.071611 (s) in 3 time steps
AutoTuner: Block shape <48,48,48> took 1.097594 (s) in 3 time steps
AutoTuner: Block shape <64,32,32> took 1.017402 (s) in 3 time steps
AutoTuner: Block shape <32,64,32> took 1.069532 (s) in 3 time steps
AutoTuner: Block shape <64,64,32> took 1.064871 (s) in 3 time steps
AutoTuner: Block shape <64,32,64> took 1.003352 (s) in 3 time steps
AutoTuner: Block shape <32,64,64> took 1.173527 (s) in 3 time steps
AutoTuner: Block shape <80,40,40> took 1.068400 (s) in 3 time steps
AutoTuner: Block shape <40,80,40> took 1.205614 (s) in 3 time steps
AutoTuner: Block shape <40,40,80> took 1.126653 (s) in 3 time steps
AutoTuner: Block shape <80,80,40> took 1.213155 (s) in 3 time steps
AutoTuner: Block shape <80,40,80> took 1.138650 (s) in 3 time steps
AutoTuner: Block shape <40,80,80> took 1.316970 (s) in 3 time steps
AutoTuner: Block shape <80,80,80> took 1.339064 (s) in 3 time steps
AutoTuner: Block shape <128,64,64> took 1.198388 (s) in 3 time steps
AutoTuner: Block shape <64,128,64> took 1.363191 (s) in 3 time steps
AutoTuner: Block shape <64,64,128> took 1.314320 (s) in 3 time steps
AutoTuner: Block shape <128,128,64> took 1.437103 (s) in 3 time steps
AutoTuner: Block shape <128,64,128> took 1.381419 (s) in 3 time steps
AutoTuner: Block shape <64,128,128> took 1.457584 (s) in 3 time steps
AutoTuner: Block shape <256,128,128> took 1.660874 (s) in 3 time steps
AutoTuner: Block shape <128,256,128> took 1.697757 (s) in 3 time steps
AutoTuner: Block shape <128,128,256> took 1.723016 (s) in 3 time steps
AutoTuner: Block shape <256,256,128> took 2.196754 (s) in 3 time steps
AutoTuner: Block shape <256,128,256> took 2.050461 (s) in 3 time steps
AutoTuner: Block shape <128,256,256> took 2.121353 (s) in 3 time steps
AutoTuner: Block shape <512,256,256> took 6.614203 (s) in 3 time steps
AutoTuner: Block shape <256,512,256> took 6.841743 (s) in 3 time steps
AutoTuner: Block shape <256,256,512> took 6.689201 (s) in 3 time steps
AutoTuner: Block shape <512,512,256> took 13.309974 (s) in 3 time steps
AutoTuner: Block shape <512,256,512> took 12.389773 (s) in 3 time steps
AutoTuner: Block shape <256,512,512> took 12.732745 (s) in 3 time steps
Auto-tuned block shape: {'x0_block_size': 16, 'y0_block_size': 16, 'z0_block_size': 32}
=========================================================================================
Section section_0<524,524,524> with OI=0.33 computed in 0.086 s [11.66 GFlops/s]
Section section_2<415,1> with OI=0.64 computed in 0.000 s [0.14 GFlops/s]
Section section_3<415,101> with OI=1.27 computed in 0.004 s [0.98 GFlops/s]
Section main<415,516,516,516> with OI=43.77 computed in 367.231 s [329.31 GFlops/s, 0.16 GPts/s]
=========================================================================================
Allocating memory for m ((532, 532, 532))
Allocating memory for damp ((532, 532, 532))
Allocating memory for epsilon ((532, 532, 532))
Allocating memory for delta ((532, 532, 532))
Allocating memory for theta ((532, 532, 532))
Allocating memory for phi ((532, 532, 532))
Allocating memory for src ((417, 1))
Allocating memory for src_coords ((1, 3))
Allocating memory for nrec_coords ((101, 3))
Allocating memory for rec_coords ((101, 3))
DSE: extract_time_invariants [flops: 5483, elapsed: 0.45] >>
     eliminate_inter_stencil_redundancies [flops: 5315, elapsed: 0.72] >>
     eliminate_intra_stencil_redundancies [flops: 2611, elapsed: 0.90] >>
     factorize [flops: 2119, elapsed: 3.18] >>
     finalize [flops: 2121, elapsed: 0.05]
     [Total elapsed: 5.30 s]
DLE: avoid_denormals [elapsed: 0.00] >>
     loop_fission [elapsed: 0.03] >>
     loop_blocking [elapsed: 0.26] >>
     simdize [elapsed: 0.17] >>
     ompize [elapsed: 0.07] >>
     create_elemental_functions [elapsed: 0.45] >>
     minimize_remainders [elapsed: 0.03]
     [Total elapsed: 1.00 s]
Allocating memory for rec ((417, 101))
Allocating memory for u ((3, 532, 532, 532))
Allocating memory for v ((3, 532, 532, 532))
IntelCompiler: compiled /tmp/devito-456zbx7a/2d3a0b46ca3d2e22c51e1de8c4f4a04a6d591a3d.c [557.97 s]
AutoTuner: Block shape <8,8,8> took 1.131404 (s) in 3 time steps
AutoTuner: Block shape <16,16,16> took 1.013221 (s) in 3 time steps
AutoTuner: Block shape <24,24,24> took 1.006837 (s) in 3 time steps
AutoTuner: Block shape <32,32,32> took 1.014111 (s) in 3 time steps
AutoTuner: Block shape <40,40,40> took 1.074818 (s) in 3 time steps
AutoTuner: Block shape <64,64,64> took 1.177877 (s) in 3 time steps
AutoTuner: Block shape <128,128,128> took 1.625818 (s) in 3 time steps
AutoTuner: Block shape <256,256,256> took 3.687255 (s) in 3 time steps
AutoTuner: Block shape <512,512,512> took 24.653297 (s) in 3 time steps
AutoTuner: Block shape <516,516,516> took 23.908781 (s) in 3 time steps
AutoTuner: Block shape <8,8,16> took 1.047362 (s) in 3 time steps
AutoTuner: Block shape <8,8,24> took 1.022578 (s) in 3 time steps
AutoTuner: Block shape <8,8,32> took 1.007320 (s) in 3 time steps
AutoTuner: Block shape <8,8,40> took 1.005210 (s) in 3 time steps
AutoTuner: Block shape <8,8,64> took 1.006863 (s) in 3 time steps
AutoTuner: Block shape <8,8,128> took 1.030474 (s) in 3 time steps
AutoTuner: Block shape <8,8,256> took 1.067475 (s) in 3 time steps
AutoTuner: Block shape <8,8,512> took 1.331784 (s) in 3 time steps
AutoTuner: Block shape <8,8,516> took 1.358843 (s) in 3 time steps
AutoTuner: Block shape <16,16,8> took 1.087383 (s) in 3 time steps
AutoTuner: Block shape <16,16,24> took 0.993548 (s) in 3 time steps
AutoTuner: Block shape <16,16,32> took 0.985135 (s) in 3 time steps
AutoTuner: Block shape <16,16,40> took 0.994547 (s) in 3 time steps
AutoTuner: Block shape <16,16,64> took 0.998464 (s) in 3 time steps
AutoTuner: Block shape <16,16,128> took 1.009087 (s) in 3 time steps
AutoTuner: Block shape <16,16,256> took 1.175577 (s) in 3 time steps
AutoTuner: Block shape <16,16,512> took 1.427557 (s) in 3 time steps
AutoTuner: Block shape <16,16,516> took 1.444167 (s) in 3 time steps
AutoTuner: Block shape <24,24,8> took 1.096513 (s) in 3 time steps
AutoTuner: Block shape <24,24,16> took 1.025107 (s) in 3 time steps
AutoTuner: Block shape <24,24,32> took 1.009313 (s) in 3 time steps
AutoTuner: Block shape <24,24,40> took 1.009540 (s) in 3 time steps
AutoTuner: Block shape <24,24,64> took 1.006707 (s) in 3 time steps
AutoTuner: Block shape <24,24,128> took 1.065787 (s) in 3 time steps
AutoTuner: Block shape <24,24,256> took 1.277466 (s) in 3 time steps
AutoTuner: Block shape <24,24,512> took 1.533406 (s) in 3 time steps
AutoTuner: Block shape <24,24,516> took 1.540357 (s) in 3 time steps
AutoTuner: Block shape <32,32,8> took 1.133554 (s) in 3 time steps
AutoTuner: Block shape <32,32,16> took 1.054736 (s) in 3 time steps
AutoTuner: Block shape <32,32,24> took 1.038873 (s) in 3 time steps
AutoTuner: Block shape <32,32,40> took 1.012966 (s) in 3 time steps
AutoTuner: Block shape <32,32,64> took 1.015620 (s) in 3 time steps
AutoTuner: Block shape <32,32,128> took 1.133864 (s) in 3 time steps
AutoTuner: Block shape <32,32,256> took 1.281488 (s) in 3 time steps
AutoTuner: Block shape <32,32,512> took 1.540240 (s) in 3 time steps
AutoTuner: Block shape <32,32,516> took 1.546167 (s) in 3 time steps
AutoTuner: Block shape <16,8,8> took 1.115411 (s) in 3 time steps
AutoTuner: Block shape <8,16,8> took 1.096704 (s) in 3 time steps
AutoTuner: Block shape <16,8,16> took 1.044103 (s) in 3 time steps
AutoTuner: Block shape <8,16,16> took 1.030525 (s) in 3 time steps
AutoTuner: Block shape <32,16,16> took 1.024910 (s) in 3 time steps
AutoTuner: Block shape <16,32,16> took 1.038785 (s) in 3 time steps
AutoTuner: Block shape <32,16,32> took 0.991244 (s) in 3 time steps
AutoTuner: Block shape <16,32,32> took 1.013981 (s) in 3 time steps
AutoTuner: Block shape <48,24,24> took 1.030429 (s) in 3 time steps
AutoTuner: Block shape <24,48,24> took 1.064420 (s) in 3 time steps
AutoTuner: Block shape <24,24,48> took 1.013142 (s) in 3 time steps
AutoTuner: Block shape <48,48,24> took 1.075108 (s) in 3 time steps
AutoTuner: Block shape <48,24,48> took 1.021038 (s) in 3 time steps
AutoTuner: Block shape <24,48,48> took 1.070710 (s) in 3 time steps
AutoTuner: Block shape <48,48,48> took 1.095513 (s) in 3 time steps
AutoTuner: Block shape <64,32,32> took 1.018645 (s) in 3 time steps
AutoTuner: Block shape <32,64,32> took 1.068138 (s) in 3 time steps
AutoTuner: Block shape <64,64,32> took 1.064054 (s) in 3 time steps
AutoTuner: Block shape <64,32,64> took 1.002910 (s) in 3 time steps
AutoTuner: Block shape <32,64,64> took 1.175638 (s) in 3 time steps
AutoTuner: Block shape <80,40,40> took 1.067199 (s) in 3 time steps
AutoTuner: Block shape <40,80,40> took 1.202454 (s) in 3 time steps
AutoTuner: Block shape <40,40,80> took 1.126838 (s) in 3 time steps
AutoTuner: Block shape <80,80,40> took 1.208265 (s) in 3 time steps
AutoTuner: Block shape <80,40,80> took 1.129877 (s) in 3 time steps
AutoTuner: Block shape <40,80,80> took 1.305834 (s) in 3 time steps
AutoTuner: Block shape <80,80,80> took 1.363174 (s) in 3 time steps
AutoTuner: Block shape <128,64,64> took 1.219481 (s) in 3 time steps
AutoTuner: Block shape <64,128,64> took 1.380690 (s) in 3 time steps
AutoTuner: Block shape <64,64,128> took 1.333076 (s) in 3 time steps
AutoTuner: Block shape <128,128,64> took 1.483481 (s) in 3 time steps
AutoTuner: Block shape <128,64,128> took 1.385603 (s) in 3 time steps
AutoTuner: Block shape <64,128,128> took 1.462304 (s) in 3 time steps
AutoTuner: Block shape <256,128,128> took 1.747936 (s) in 3 time steps
AutoTuner: Block shape <128,256,128> took 1.772279 (s) in 3 time steps
AutoTuner: Block shape <128,128,256> took 1.735101 (s) in 3 time steps
AutoTuner: Block shape <256,256,128> took 2.259609 (s) in 3 time steps
AutoTuner: Block shape <256,128,256> took 2.061605 (s) in 3 time steps
AutoTuner: Block shape <128,256,256> took 2.133835 (s) in 3 time steps
AutoTuner: Block shape <512,256,256> took 6.682888 (s) in 3 time steps
AutoTuner: Block shape <256,512,256> took 6.882149 (s) in 3 time steps
AutoTuner: Block shape <256,256,512> took 6.682886 (s) in 3 time steps
AutoTuner: Block shape <512,512,256> took 13.329564 (s) in 3 time steps
AutoTuner: Block shape <512,256,512> took 12.423291 (s) in 3 time steps
AutoTuner: Block shape <256,512,512> took 12.756477 (s) in 3 time steps
Auto-tuned block shape: {'x0_block_size': 16, 'y0_block_size': 16, 'z0_block_size': 32}
=========================================================================================
Section section_0<524,524,524> with OI=0.33 computed in 0.088 s [11.46 GFlops/s]
Section section_2<415,1> with OI=0.64 computed in 0.000 s [0.15 GFlops/s]
Section section_3<415,101> with OI=1.27 computed in 0.004 s [0.95 GFlops/s]
Section main<415,516,516,516> with OI=43.77 computed in 368.430 s [328.23 GFlops/s, 0.15 GPts/s]
=========================================================================================
Allocating memory for m ((532, 532, 532))
Allocating memory for damp ((532, 532, 532))
Allocating memory for epsilon ((532, 532, 532))
Allocating memory for delta ((532, 532, 532))
Allocating memory for theta ((532, 532, 532))
Allocating memory for phi ((532, 532, 532))
Allocating memory for src ((417, 1))
Allocating memory for src_coords ((1, 3))
Allocating memory for nrec_coords ((101, 3))
Allocating memory for rec_coords ((101, 3))
DSE: extract_time_varying [flops: 3953, elapsed: 0.37] >>
     extract_time_invariants [flops: 3409, elapsed: 0.15] >>
     eliminate_inter_stencil_redundancies [flops: 1243, elapsed: 0.42] >>
     extract_sum_of_products [flops: 901, elapsed: 0.06] >>
     eliminate_inter_stencil_redundancies [flops: 579, elapsed: 0.09] >>
     extract_sum_of_products [flops: 492, elapsed: 0.03] >>
     factorize [flops: 368, elapsed: 0.28] >>
     eliminate_intra_stencil_redundancies [flops: 299, elapsed: 0.06] >>
     finalize [flops: 300, elapsed: 0.01]
     [Total elapsed: 1.48 s]
DLE: avoid_denormals [elapsed: 0.00] >>
     loop_fission [elapsed: 0.01] >>
     loop_blocking [elapsed: 0.43] >>
     simdize [elapsed: 0.04] >>
     ompize [elapsed: 0.04] >>
     create_elemental_functions [elapsed: 0.29] >>
     minimize_remainders [elapsed: 0.02]
     [Total elapsed: 0.83 s]
Allocating memory for rec ((417, 101))
Allocating memory for u ((3, 532, 532, 532))
Allocating memory for v ((3, 532, 532, 532))
IntelCompiler: compiled /tmp/devito-456zbx7a/c819e5f729991eae33c8979e7b521d6add386faa.c [6.89 s]
AutoTuner: Block shape <8,8,8> took 1.078118 (s) in 3 time steps
AutoTuner: Block shape <16,16,16> took 0.732117 (s) in 3 time steps
AutoTuner: Block shape <24,24,24> took 0.734622 (s) in 3 time steps
AutoTuner: Block shape <32,32,32> took 0.676493 (s) in 3 time steps
AutoTuner: Block shape <40,40,40> took 0.672306 (s) in 3 time steps
AutoTuner: Block shape <8,8,16> took 0.801092 (s) in 3 time steps
AutoTuner: Block shape <8,8,24> took 0.847761 (s) in 3 time steps
AutoTuner: Block shape <8,8,32> took 0.760321 (s) in 3 time steps
AutoTuner: Block shape <8,8,40> took 0.828875 (s) in 3 time steps
AutoTuner: Block shape <8,8,64> took 0.772359 (s) in 3 time steps
AutoTuner: Block shape <8,8,128> took 0.784922 (s) in 3 time steps
AutoTuner: Block shape <8,8,256> took 0.831746 (s) in 3 time steps
AutoTuner: Block shape <8,8,512> took 0.897815 (s) in 3 time steps
AutoTuner: Block shape <8,8,516> took 0.897131 (s) in 3 time steps
AutoTuner: Block shape <16,16,8> took 1.044393 (s) in 3 time steps
AutoTuner: Block shape <16,16,24> took 0.754347 (s) in 3 time steps
AutoTuner: Block shape <16,16,32> took 0.659758 (s) in 3 time steps
AutoTuner: Block shape <16,16,40> took 0.700618 (s) in 3 time steps
AutoTuner: Block shape <16,16,64> took 0.655681 (s) in 3 time steps
AutoTuner: Block shape <16,16,128> took 0.648299 (s) in 3 time steps
AutoTuner: Block shape <16,16,256> took 0.675261 (s) in 3 time steps
AutoTuner: Block shape <24,24,8> took 1.114692 (s) in 3 time steps
AutoTuner: Block shape <24,24,16> took 0.736601 (s) in 3 time steps
AutoTuner: Block shape <24,24,32> took 0.651661 (s) in 3 time steps
AutoTuner: Block shape <24,24,40> took 0.680326 (s) in 3 time steps
AutoTuner: Block shape <24,24,64> took 0.633021 (s) in 3 time steps
AutoTuner: Block shape <24,24,128> took 0.607150 (s) in 3 time steps
AutoTuner: Block shape <32,32,8> took 1.172054 (s) in 3 time steps
AutoTuner: Block shape <32,32,16> took 0.764960 (s) in 3 time steps
AutoTuner: Block shape <32,32,24> took 0.758659 (s) in 3 time steps
AutoTuner: Block shape <32,32,40> took 0.676202 (s) in 3 time steps
AutoTuner: Block shape <32,32,64> took 0.609289 (s) in 3 time steps
AutoTuner: Block shape <32,32,128> took 0.620195 (s) in 3 time steps
AutoTuner: Block shape <16,8,8> took 0.989712 (s) in 3 time steps
AutoTuner: Block shape <8,16,8> took 0.996557 (s) in 3 time steps
AutoTuner: Block shape <16,8,16> took 0.747965 (s) in 3 time steps
AutoTuner: Block shape <8,16,16> took 0.746425 (s) in 3 time steps
AutoTuner: Block shape <32,16,16> took 0.755546 (s) in 3 time steps
AutoTuner: Block shape <16,32,16> took 0.763400 (s) in 3 time steps
AutoTuner: Block shape <32,16,32> took 0.657585 (s) in 3 time steps
AutoTuner: Block shape <16,32,32> took 0.685080 (s) in 3 time steps
AutoTuner: Block shape <48,24,24> took 0.732253 (s) in 3 time steps
AutoTuner: Block shape <24,48,24> took 0.784758 (s) in 3 time steps
AutoTuner: Block shape <24,24,48> took 0.642997 (s) in 3 time steps
AutoTuner: Block shape <48,48,24> took 0.752814 (s) in 3 time steps
AutoTuner: Block shape <48,24,48> took 0.637645 (s) in 3 time steps
AutoTuner: Block shape <24,48,48> took 0.649006 (s) in 3 time steps
AutoTuner: Block shape <48,48,48> took 0.624261 (s) in 3 time steps
AutoTuner: Block shape <64,32,32> took 0.659462 (s) in 3 time steps
AutoTuner: Block shape <32,64,32> took 0.679965 (s) in 3 time steps
AutoTuner: Block shape <64,64,32> took 0.649462 (s) in 3 time steps
AutoTuner: Block shape <64,32,64> took 0.584144 (s) in 3 time steps
AutoTuner: Block shape <32,64,64> took 0.674322 (s) in 3 time steps
AutoTuner: Block shape <40,40,80> took 0.613162 (s) in 3 time steps
Auto-tuned block shape: {'x0_block_size': 64, 'y0_block_size': 32, 'z0_block_size': 64}
=========================================================================================
Section section_0<524,524,524> with OI=0.16 computed in 0.099 s [5.79 GFlops/s]
Section section_3<415,1> with OI=0.64 computed in 0.000 s [0.14 GFlops/s]
Section section_4<415,101> with OI=1.27 computed in 0.004 s [0.98 GFlops/s]
Section main<415,524,524,524> with OI=4.46 computed in 197.187 s [90.84 GFlops/s, 0.30 GPts/s]
=========================================================================================
Allocating memory for m ((532, 532, 532))
Allocating memory for damp ((532, 532, 532))
Allocating memory for epsilon ((532, 532, 532))
Allocating memory for delta ((532, 532, 532))
Allocating memory for theta ((532, 532, 532))
Allocating memory for phi ((532, 532, 532))
Allocating memory for src ((417, 1))
Allocating memory for src_coords ((1, 3))
Allocating memory for nrec_coords ((101, 3))
Allocating memory for rec_coords ((101, 3))
DSE: extract_time_varying [flops: 3953, elapsed: 0.37] >>
     extract_time_invariants [flops: 3409, elapsed: 0.15] >>
     eliminate_inter_stencil_redundancies [flops: 1243, elapsed: 0.42] >>
     extract_sum_of_products [flops: 901, elapsed: 0.06] >>
     eliminate_inter_stencil_redundancies [flops: 579, elapsed: 0.09] >>
     extract_sum_of_products [flops: 492, elapsed: 0.03] >>
     factorize [flops: 368, elapsed: 0.28] >>
     eliminate_intra_stencil_redundancies [flops: 299, elapsed: 0.06] >>
     finalize [flops: 300, elapsed: 0.01]
     [Total elapsed: 1.48 s]
DLE: avoid_denormals [elapsed: 0.00] >>
     loop_fission [elapsed: 0.01] >>
     loop_blocking [elapsed: 0.43] >>
     simdize [elapsed: 0.04] >>
     ompize [elapsed: 0.04] >>
     create_elemental_functions [elapsed: 0.29] >>
     minimize_remainders [elapsed: 0.02]
     [Total elapsed: 0.83 s]
Allocating memory for rec ((417, 101))
Allocating memory for u ((3, 532, 532, 532))
Allocating memory for v ((3, 532, 532, 532))
IntelCompiler: compiled /tmp/devito-456zbx7a/e06cef8e18e60847727813b0812e1d8168402cde.c [6.90 s]
AutoTuner: Block shape <8,8,8> took 1.084174 (s) in 3 time steps
AutoTuner: Block shape <16,16,16> took 0.734584 (s) in 3 time steps
AutoTuner: Block shape <24,24,24> took 0.737460 (s) in 3 time steps
AutoTuner: Block shape <32,32,32> took 0.677684 (s) in 3 time steps
AutoTuner: Block shape <40,40,40> took 0.672992 (s) in 3 time steps
AutoTuner: Block shape <8,8,16> took 0.810261 (s) in 3 time steps
AutoTuner: Block shape <8,8,24> took 0.852478 (s) in 3 time steps
AutoTuner: Block shape <8,8,32> took 0.764071 (s) in 3 time steps
AutoTuner: Block shape <8,8,40> took 0.831572 (s) in 3 time steps
AutoTuner: Block shape <8,8,64> took 0.769775 (s) in 3 time steps
AutoTuner: Block shape <8,8,128> took 0.785252 (s) in 3 time steps
AutoTuner: Block shape <8,8,256> took 0.832534 (s) in 3 time steps
AutoTuner: Block shape <8,8,512> took 0.903380 (s) in 3 time steps
AutoTuner: Block shape <8,8,516> took 0.903995 (s) in 3 time steps
AutoTuner: Block shape <16,16,8> took 1.042407 (s) in 3 time steps
AutoTuner: Block shape <16,16,24> took 0.757686 (s) in 3 time steps
AutoTuner: Block shape <16,16,32> took 0.663871 (s) in 3 time steps
AutoTuner: Block shape <16,16,40> took 0.701070 (s) in 3 time steps
AutoTuner: Block shape <16,16,64> took 0.657591 (s) in 3 time steps
AutoTuner: Block shape <16,16,128> took 0.648654 (s) in 3 time steps
AutoTuner: Block shape <16,16,256> took 0.677667 (s) in 3 time steps
AutoTuner: Block shape <24,24,8> took 1.115753 (s) in 3 time steps
AutoTuner: Block shape <24,24,16> took 0.736462 (s) in 3 time steps
AutoTuner: Block shape <24,24,32> took 0.653538 (s) in 3 time steps
AutoTuner: Block shape <24,24,40> took 0.682557 (s) in 3 time steps
AutoTuner: Block shape <24,24,64> took 0.637793 (s) in 3 time steps
AutoTuner: Block shape <24,24,128> took 0.608697 (s) in 3 time steps
AutoTuner: Block shape <32,32,8> took 1.176653 (s) in 3 time steps
AutoTuner: Block shape <32,32,16> took 0.765663 (s) in 3 time steps
AutoTuner: Block shape <32,32,24> took 0.758863 (s) in 3 time steps
AutoTuner: Block shape <32,32,40> took 0.681157 (s) in 3 time steps
AutoTuner: Block shape <32,32,64> took 0.611403 (s) in 3 time steps
AutoTuner: Block shape <32,32,128> took 0.622825 (s) in 3 time steps
AutoTuner: Block shape <16,8,8> took 0.998208 (s) in 3 time steps
AutoTuner: Block shape <8,16,8> took 0.987276 (s) in 3 time steps
AutoTuner: Block shape <16,8,16> took 0.747588 (s) in 3 time steps
AutoTuner: Block shape <8,16,16> took 0.750943 (s) in 3 time steps
AutoTuner: Block shape <32,16,16> took 0.758138 (s) in 3 time steps
AutoTuner: Block shape <16,32,16> took 0.767247 (s) in 3 time steps
AutoTuner: Block shape <32,16,32> took 0.659921 (s) in 3 time steps
AutoTuner: Block shape <16,32,32> took 0.683836 (s) in 3 time steps
AutoTuner: Block shape <48,24,24> took 0.734291 (s) in 3 time steps
AutoTuner: Block shape <24,48,24> took 0.786324 (s) in 3 time steps
AutoTuner: Block shape <24,24,48> took 0.638002 (s) in 3 time steps
AutoTuner: Block shape <48,48,24> took 0.750006 (s) in 3 time steps
AutoTuner: Block shape <48,24,48> took 0.635490 (s) in 3 time steps
AutoTuner: Block shape <24,48,48> took 0.649888 (s) in 3 time steps
AutoTuner: Block shape <48,48,48> took 0.625323 (s) in 3 time steps
AutoTuner: Block shape <64,32,32> took 0.660700 (s) in 3 time steps
AutoTuner: Block shape <32,64,32> took 0.680231 (s) in 3 time steps
AutoTuner: Block shape <64,64,32> took 0.650799 (s) in 3 time steps
AutoTuner: Block shape <64,32,64> took 0.583863 (s) in 3 time steps
AutoTuner: Block shape <32,64,64> took 0.676212 (s) in 3 time steps
AutoTuner: Block shape <40,40,80> took 0.615512 (s) in 3 time steps
Auto-tuned block shape: {'x0_block_size': 64, 'y0_block_size': 32, 'z0_block_size': 64}
=========================================================================================
Section section_0<524,524,524> with OI=0.16 computed in 0.099 s [5.83 GFlops/s]
Section section_3<415,1> with OI=0.64 computed in 0.000 s [0.15 GFlops/s]
Section section_4<415,101> with OI=1.27 computed in 0.004 s [0.98 GFlops/s]
Section main<415,524,524,524> with OI=4.46 computed in 196.826 s [91.01 GFlops/s, 0.30 GPts/s]
=========================================================================================
Allocating memory for m ((532, 532, 532))
Allocating memory for damp ((532, 532, 532))
Allocating memory for epsilon ((532, 532, 532))
Allocating memory for delta ((532, 532, 532))
Allocating memory for theta ((532, 532, 532))
Allocating memory for phi ((532, 532, 532))
Allocating memory for src ((417, 1))
Allocating memory for src_coords ((1, 3))
Allocating memory for nrec_coords ((101, 3))
Allocating memory for rec_coords ((101, 3))
DSE: extract_time_varying [flops: 3953, elapsed: 0.37] >>
     extract_time_invariants [flops: 3409, elapsed: 0.15] >>
     eliminate_inter_stencil_redundancies [flops: 1243, elapsed: 0.42] >>
     extract_sum_of_products [flops: 901, elapsed: 0.06] >>
     eliminate_inter_stencil_redundancies [flops: 579, elapsed: 0.09] >>
     extract_sum_of_products [flops: 492, elapsed: 0.03] >>
     factorize [flops: 368, elapsed: 0.29] >>
     eliminate_intra_stencil_redundancies [flops: 299, elapsed: 0.06] >>
     finalize [flops: 300, elapsed: 0.01]
     [Total elapsed: 1.48 s]
DLE: avoid_denormals [elapsed: 0.00] >>
     loop_fission [elapsed: 0.01] >>
     loop_blocking [elapsed: 0.43] >>
     simdize [elapsed: 0.04] >>
     ompize [elapsed: 0.04] >>
     create_elemental_functions [elapsed: 0.29] >>
     minimize_remainders [elapsed: 0.02]
     [Total elapsed: 0.83 s]
Allocating memory for rec ((417, 101))
Allocating memory for u ((3, 532, 532, 532))
Allocating memory for v ((3, 532, 532, 532))
IntelCompiler: compiled /tmp/devito-456zbx7a/bad782043a968d077e3ab3931865f51c5da5e613.c [6.92 s]
AutoTuner: Block shape <8,8,8> took 1.077850 (s) in 3 time steps
AutoTuner: Block shape <16,16,16> took 0.734164 (s) in 3 time steps
AutoTuner: Block shape <24,24,24> took 0.734713 (s) in 3 time steps
AutoTuner: Block shape <32,32,32> took 0.676834 (s) in 3 time steps
AutoTuner: Block shape <40,40,40> took 0.671016 (s) in 3 time steps
AutoTuner: Block shape <8,8,16> took 0.804556 (s) in 3 time steps
AutoTuner: Block shape <8,8,24> took 0.849662 (s) in 3 time steps
AutoTuner: Block shape <8,8,32> took 0.760283 (s) in 3 time steps
AutoTuner: Block shape <8,8,40> took 0.828708 (s) in 3 time steps
AutoTuner: Block shape <8,8,64> took 0.770095 (s) in 3 time steps
AutoTuner: Block shape <8,8,128> took 0.783522 (s) in 3 time steps
AutoTuner: Block shape <8,8,256> took 0.829296 (s) in 3 time steps
AutoTuner: Block shape <8,8,512> took 0.900703 (s) in 3 time steps
AutoTuner: Block shape <8,8,516> took 0.900589 (s) in 3 time steps
AutoTuner: Block shape <16,16,8> took 1.042979 (s) in 3 time steps
AutoTuner: Block shape <16,16,24> took 0.753583 (s) in 3 time steps
AutoTuner: Block shape <16,16,32> took 0.658706 (s) in 3 time steps
AutoTuner: Block shape <16,16,40> took 0.697340 (s) in 3 time steps
AutoTuner: Block shape <16,16,64> took 0.656011 (s) in 3 time steps
AutoTuner: Block shape <16,16,128> took 0.650283 (s) in 3 time steps
AutoTuner: Block shape <16,16,256> took 0.674582 (s) in 3 time steps
AutoTuner: Block shape <24,24,8> took 1.115572 (s) in 3 time steps
AutoTuner: Block shape <24,24,16> took 0.734941 (s) in 3 time steps
AutoTuner: Block shape <24,24,32> took 0.651233 (s) in 3 time steps
AutoTuner: Block shape <24,24,40> took 0.679262 (s) in 3 time steps
AutoTuner: Block shape <24,24,64> took 0.633973 (s) in 3 time steps
AutoTuner: Block shape <24,24,128> took 0.605077 (s) in 3 time steps
AutoTuner: Block shape <32,32,8> took 1.172713 (s) in 3 time steps
AutoTuner: Block shape <32,32,16> took 0.765707 (s) in 3 time steps
AutoTuner: Block shape <32,32,24> took 0.759536 (s) in 3 time steps
AutoTuner: Block shape <32,32,40> took 0.681054 (s) in 3 time steps
AutoTuner: Block shape <32,32,64> took 0.609927 (s) in 3 time steps
AutoTuner: Block shape <32,32,128> took 0.620205 (s) in 3 time steps
AutoTuner: Block shape <16,8,8> took 0.989901 (s) in 3 time steps
AutoTuner: Block shape <8,16,8> took 0.987317 (s) in 3 time steps
AutoTuner: Block shape <16,8,16> took 0.751593 (s) in 3 time steps
AutoTuner: Block shape <8,16,16> took 0.750069 (s) in 3 time steps
AutoTuner: Block shape <32,16,16> took 0.755458 (s) in 3 time steps
AutoTuner: Block shape <16,32,16> took 0.764927 (s) in 3 time steps
AutoTuner: Block shape <32,16,32> took 0.658531 (s) in 3 time steps
AutoTuner: Block shape <16,32,32> took 0.685227 (s) in 3 time steps
AutoTuner: Block shape <48,24,24> took 0.731993 (s) in 3 time steps
AutoTuner: Block shape <24,48,24> took 0.782302 (s) in 3 time steps
AutoTuner: Block shape <24,24,48> took 0.638023 (s) in 3 time steps
AutoTuner: Block shape <48,48,24> took 0.747240 (s) in 3 time steps
AutoTuner: Block shape <48,24,48> took 0.631604 (s) in 3 time steps
AutoTuner: Block shape <24,48,48> took 0.644741 (s) in 3 time steps
AutoTuner: Block shape <48,48,48> took 0.623445 (s) in 3 time steps
AutoTuner: Block shape <64,32,32> took 0.659491 (s) in 3 time steps
AutoTuner: Block shape <32,64,32> took 0.677178 (s) in 3 time steps
AutoTuner: Block shape <64,64,32> took 0.649814 (s) in 3 time steps
AutoTuner: Block shape <64,32,64> took 0.582812 (s) in 3 time steps
AutoTuner: Block shape <32,64,64> took 0.672827 (s) in 3 time steps
AutoTuner: Block shape <40,40,80> took 0.611718 (s) in 3 time steps
Auto-tuned block shape: {'x0_block_size': 64, 'y0_block_size': 32, 'z0_block_size': 64}
=========================================================================================
Section section_0<524,524,524> with OI=0.16 computed in 0.099 s [5.82 GFlops/s]
Section section_3<415,1> with OI=0.64 computed in 0.000 s [0.16 GFlops/s]
Section section_4<415,101> with OI=1.27 computed in 0.004 s [0.97 GFlops/s]
Section main<415,524,524,524> with OI=4.46 computed in 196.586 s [91.12 GFlops/s, 0.30 GPts/s]
=========================================================================================


OpesciBench: Running 3 repeats - parameters: arch: unknown, autotune: True, dle: advanced, dse: basic, nbpml: 10, shape: (512, 512, 512), space_order: 16, spacing: (20.0, 20.0, 20.0), time_order: 2, tn: 1000
OpesciBench [19:53:54]: --- Run 0 ---
icc -O3 -g -fPIC -Wall -std=c99 -xhost -shared -qopenmp /tmp/devito-456zbx7a/3fd64013e5691d1cd9ca08fe7c65c27f84bdcf2f.c -o /tmp/devito-456zbx7a/3fd64013e5691d1cd9ca08fe7c65c27f84bdcf2f.so
OpesciBench [20:20:42]: --- Run 0 finished ---

OpesciBench [20:20:42]: --- Run 1 ---
icc -O3 -g -fPIC -Wall -std=c99 -xhost -shared -qopenmp /tmp/devito-456zbx7a/3fd64013e5691d1cd9ca08fe7c65c27f84bdcf2f.c -o /tmp/devito-456zbx7a/3fd64013e5691d1cd9ca08fe7c65c27f84bdcf2f.so
OpesciBench [20:46:26]: --- Run 1 finished ---

OpesciBench [20:46:26]: --- Run 2 ---
icc -O3 -g -fPIC -Wall -std=c99 -xhost -shared -qopenmp /tmp/devito-456zbx7a/3fd64013e5691d1cd9ca08fe7c65c27f84bdcf2f.c -o /tmp/devito-456zbx7a/3fd64013e5691d1cd9ca08fe7c65c27f84bdcf2f.so
OpesciBench [21:12:19]: --- Run 2 finished ---





OpesciBench: Running 3 repeats - parameters: arch: unknown, autotune: True, dle: advanced, dse: advanced, nbpml: 10, shape: (512, 512, 512), space_order: 16, spacing: (20.0, 20.0, 20.0), time_order: 2, tn: 1000
OpesciBench [21:12:19]: --- Run 0 ---
icc -O3 -g -fPIC -Wall -std=c99 -xhost -shared -qopenmp /tmp/devito-456zbx7a/2d3a0b46ca3d2e22c51e1de8c4f4a04a6d591a3d.c -o /tmp/devito-456zbx7a/2d3a0b46ca3d2e22c51e1de8c4f4a04a6d591a3d.so
OpesciBench [21:30:55]: --- Run 0 finished ---

OpesciBench [21:30:55]: --- Run 1 ---
icc -O3 -g -fPIC -Wall -std=c99 -xhost -shared -qopenmp /tmp/devito-456zbx7a/2d3a0b46ca3d2e22c51e1de8c4f4a04a6d591a3d.c -o /tmp/devito-456zbx7a/2d3a0b46ca3d2e22c51e1de8c4f4a04a6d591a3d.so
OpesciBench [21:49:42]: --- Run 1 finished ---

OpesciBench [21:49:42]: --- Run 2 ---
icc -O3 -g -fPIC -Wall -std=c99 -xhost -shared -qopenmp /tmp/devito-456zbx7a/2d3a0b46ca3d2e22c51e1de8c4f4a04a6d591a3d.c -o /tmp/devito-456zbx7a/2d3a0b46ca3d2e22c51e1de8c4f4a04a6d591a3d.so
OpesciBench [22:09:14]: --- Run 2 finished ---





OpesciBench: Running 3 repeats - parameters: arch: unknown, autotune: True, dle: advanced, dse: aggressive, nbpml: 10, shape: (512, 512, 512), space_order: 16, spacing: (20.0, 20.0, 20.0), time_order: 2, tn: 1000
OpesciBench [22:09:14]: --- Run 0 ---
icc -O3 -g -fPIC -Wall -std=c99 -xhost -shared -qopenmp /tmp/devito-456zbx7a/c819e5f729991eae33c8979e7b521d6add386faa.c -o /tmp/devito-456zbx7a/c819e5f729991eae33c8979e7b521d6add386faa.so
OpesciBench [22:13:49]: --- Run 0 finished ---

OpesciBench [22:13:49]: --- Run 1 ---
icc -O3 -g -fPIC -Wall -std=c99 -xhost -shared -qopenmp /tmp/devito-456zbx7a/e06cef8e18e60847727813b0812e1d8168402cde.c -o /tmp/devito-456zbx7a/e06cef8e18e60847727813b0812e1d8168402cde.so
OpesciBench [22:18:23]: --- Run 1 finished ---

OpesciBench [22:18:23]: --- Run 2 ---
icc -O3 -g -fPIC -Wall -std=c99 -xhost -shared -qopenmp /tmp/devito-456zbx7a/bad782043a968d077e3ab3931865f51c5da5e613.c -o /tmp/devito-456zbx7a/bad782043a968d077e3ab3931865f51c5da5e613.so
OpesciBench [22:22:57]: --- Run 2 finished ---



Thu Dec 21 22:22:57 PST 2017
top - 22:22:58 up 6 days,  7:46,  1 user,  load average: 39.64, 36.10, 29.82
Tasks: 715 total,   1 running, 714 sleeping,   0 stopped,   0 zombie
%Cpu(s): 11.3 us,  0.2 sy,  0.0 ni, 88.4 id,  0.0 wa,  0.0 hi,  0.0 si,  0.0 st
KiB Mem : 19652252+total, 18507932+free,  1883140 used,  9560056 buff/cache
KiB Swap:  4194300 total,  4124520 free,    69780 used. 19359049+avail Mem 

   PID USER      PR  NI    VIRT    RES    SHR S  %CPU %MEM     TIME+ COMMAND
453377 cyount    20   0  162512   2968   1888 R   6.2  0.0   0:00.03 top
     1 root      20   0  197536   2864   1516 S   0.0  0.0   0:30.56 systemd
     2 root      20   0       0      0      0 S   0.0  0.0   0:00.06 kthreadd
     3 root      20   0       0      0      0 S   0.0  0.0   0:00.31 ksoftirqd/0
     5 root       0 -20       0      0      0 S   0.0  0.0   0:00.00 kworker/0:0H
     6 root      20   0       0      0      0 S   0.0  0.0   0:14.39 kworker/u896:0
     8 root      rt   0       0      0      0 S   0.0  0.0   0:00.78 migration/0
     9 root      20   0       0      0      0 S   0.0  0.0   0:00.00 rcu_bh
    10 root      20   0       0      0      0 S   0.0  0.0   0:52.10 rcu_sched
    11 root      rt   0       0      0      0 S   0.0  0.0   0:02.17 watchdog/0
    12 root      rt   0       0      0      0 S   0.0  0.0   0:01.54 watchdog/1
    13 root      rt   0       0      0      0 S   0.0  0.0   0:00.83 migration/1
    14 root      20   0       0      0      0 S   0.0  0.0   0:00.02 ksoftirqd/1
    16 root       0 -20       0      0      0 S   0.0  0.0   0:00.00 kworker/1:0H
    17 root      rt   0       0      0      0 S   0.0  0.0   0:01.50 watchdog/2
    18 root      rt   0       0      0      0 S   0.0  0.0   0:00.78 migration/2
    19 root      20   0       0      0      0 S   0.0  0.0   0:00.02 ksoftirqd/2
    22 root      rt   0       0      0      0 S   0.0  0.0   0:01.56 watchdog/3
    23 root      rt   0       0      0      0 S   0.0  0.0   0:00.84 migration/3
    24 root      20   0       0      0      0 S   0.0  0.0   0:00.01 ksoftirqd/3
    27 root      rt   0       0      0      0 S   0.0  0.0   0:01.49 watchdog/4
    28 root      rt   0       0      0      0 S   0.0  0.0   0:00.81 migration/4
    29 root      20   0       0      0      0 S   0.0  0.0   0:00.01 ksoftirqd/4
