Thu Dec 21 17:57:35 PST 2017
Linux ortce-skl1 3.10.0-514.el7.x86_64 #1 SMP Wed Oct 19 11:24:13 EDT 2016 x86_64 x86_64 x86_64 GNU/Linux
Architecture:          x86_64
CPU op-mode(s):        32-bit, 64-bit
Byte Order:            Little Endian
CPU(s):                80
On-line CPU(s) list:   0-79
Thread(s) per core:    2
Core(s) per socket:    20
Socket(s):             2
NUMA node(s):          2
Vendor ID:             GenuineIntel
CPU family:            6
Model:                 85
Model name:            Intel(R) Xeon(R) Gold 6148 CPU @ 2.40GHz
Stepping:              4
CPU MHz:               3100.406
BogoMIPS:              4805.49
Virtualization:        VT-x
L1d cache:             32K
L1i cache:             32K
L2 cache:              1024K
L3 cache:              28160K
NUMA node0 CPU(s):     0-19,40-59
NUMA node1 CPU(s):     20-39,60-79
Linux ortce-skl1 3.10.0-514.el7.x86_64 #1 SMP Wed Oct 19 11:24:13 EDT 2016 x86_64 x86_64 x86_64 GNU/Linux
available: 2 nodes (0-1)
node 0 cpus: 0 1 2 3 4 5 6 7 8 9 10 11 12 13 14 15 16 17 18 19 40 41 42 43 44 45 46 47 48 49 50 51 52 53 54 55 56 57 58 59
node 0 size: 96973 MB
node 0 free: 88699 MB
node 1 cpus: 20 21 22 23 24 25 26 27 28 29 30 31 32 33 34 35 36 37 38 39 60 61 62 63 64 65 66 67 68 69 70 71 72 73 74 75 76 77 78 79
node 1 size: 98304 MB
node 1 free: 92056 MB
node distances:
node   0   1 
  0:  10  21 
  1:  21  10 

Per-node system memory usage (in MBs):
                          Node 0          Node 1           Total
                 --------------- --------------- ---------------
MemTotal                96973.63        98304.00       195277.63
MemFree                 88699.64        92056.84       180756.49
MemUsed                  8273.98         6247.16        14521.14
Active                   1782.54         1085.95         2868.49
Inactive                 3394.30         2432.97         5827.27
Active(anon)                8.85            6.71           15.56
Inactive(anon)             39.41            4.11           43.52
Active(file)             1773.69         1079.24         2852.93
Inactive(file)           3354.89         2428.86         5783.75
Unevictable                 0.00            0.00            0.00
Mlocked                     0.00            0.00            0.00
Dirty                       0.00            0.01            0.01
Writeback                   0.00            0.00            0.00
FilePages                5166.78         3511.74         8678.52
Mapped                     28.63            4.12           32.75
AnonPages                  13.29           43.67           56.96
Shmem                      23.78            0.09           23.86
KernelStack                10.08            9.48           19.56
PageTables                  3.53            3.80            7.33
NFS_Unstable                0.00            0.00            0.00
Bounce                      0.00            0.00            0.00
WritebackTmp                0.00            0.00            0.00
Slab                      338.39          332.18          670.58
SReclaimable              216.37          188.12          404.49
SUnreclaim                122.03          144.06          266.09
AnonHugePages               0.00           38.00           38.00
HugePages_Total             0.00            0.00            0.00
HugePages_Free              0.00            0.00            0.00
HugePages_Surp              0.00            0.00            0.00
top - 17:57:35 up 6 days,  3:20,  1 user,  load average: 37.57, 33.50, 33.92
Tasks: 715 total,   1 running, 714 sleeping,   0 stopped,   0 zombie
%Cpu(s): 10.8 us,  0.2 sy,  0.0 ni, 89.0 id,  0.0 wa,  0.0 hi,  0.0 si,  0.0 st
KiB Mem : 19652252+total, 18509459+free,  1872864 used,  9555068 buff/cache
KiB Swap:  4194300 total,  4124516 free,    69784 used. 19360177+avail Mem 

   PID USER      PR  NI    VIRT    RES    SHR S  %CPU %MEM     TIME+ COMMAND
449296 cyount    20   0  162516   2972   1888 R   6.2  0.0   0:00.03 top
     1 root      20   0  197536   2864   1516 S   0.0  0.0   0:30.34 systemd
     2 root      20   0       0      0      0 S   0.0  0.0   0:00.06 kthreadd
     3 root      20   0       0      0      0 S   0.0  0.0   0:00.31 ksoftirqd/0
     5 root       0 -20       0      0      0 S   0.0  0.0   0:00.00 kworker/0:0H
     6 root      20   0       0      0      0 S   0.0  0.0   0:14.39 kworker/u896:0
     8 root      rt   0       0      0      0 S   0.0  0.0   0:00.78 migration/0
     9 root      20   0       0      0      0 S   0.0  0.0   0:00.00 rcu_bh
    10 root      20   0       0      0      0 S   0.0  0.0   0:51.06 rcu_sched
    11 root      rt   0       0      0      0 S   0.0  0.0   0:02.13 watchdog/0
    12 root      rt   0       0      0      0 S   0.0  0.0   0:01.50 watchdog/1
    13 root      rt   0       0      0      0 S   0.0  0.0   0:00.83 migration/1
    14 root      20   0       0      0      0 S   0.0  0.0   0:00.02 ksoftirqd/1
    16 root       0 -20       0      0      0 S   0.0  0.0   0:00.00 kworker/1:0H
    17 root      rt   0       0      0      0 S   0.0  0.0   0:01.46 watchdog/2
    18 root      rt   0       0      0      0 S   0.0  0.0   0:00.78 migration/2
    19 root      20   0       0      0      0 S   0.0  0.0   0:00.02 ksoftirqd/2
    22 root      rt   0       0      0      0 S   0.0  0.0   0:01.52 watchdog/3
    23 root      rt   0       0      0      0 S   0.0  0.0   0:00.84 migration/3
    24 root      20   0       0      0      0 S   0.0  0.0   0:00.01 ksoftirqd/3
    27 root      rt   0       0      0      0 S   0.0  0.0   0:01.45 watchdog/4
    28 root      rt   0       0      0      0 S   0.0  0.0   0:00.81 migration/4
    29 root      20   0       0      0      0 S   0.0  0.0   0:00.01 ksoftirqd/4
env DEVITO_PLATFORM=skx DEVITO_ISA=avx512 DEVITO_DEBUG_COMPILER=1 DEVITO_DLE_OPTIONS=blockinner:True DEVITO_AUTOTUNING=aggressive DEVITO_BACKEND=core DEVITO_OPENMP=1 DEVITO_ARCH=intel DEVITO_LOGGING=DEBUG DEVITO_YASK_AUTOTUNING=preemptive DEVITO_YASK_DUMP=devito.bench.2017-12-21/tti/core/bmdse/ortce-skl1/grid512/so8 numactl --cpubind=1 python examples/seismic/benchmark.py bench -bm dse -P tti -so 8 -to 2 -d 512 512 512 --tn 1000 -x 3 -r devito.bench.2017-12-21/tti/core/bmdse/ortce-skl1/grid512/so8
Allocating memory for m ((532, 532, 532))
Allocating memory for damp ((532, 532, 532))
Allocating memory for epsilon ((532, 532, 532))
Allocating memory for delta ((532, 532, 532))
Allocating memory for theta ((532, 532, 532))
Allocating memory for phi ((532, 532, 532))
Allocating memory for src ((417, 1))
Allocating memory for src_coords ((1, 3))
Allocating memory for nrec_coords ((101, 3))
Allocating memory for rec_coords ((101, 3))
DSE: eliminate_intra_stencil_redundancies [flops: 855, elapsed: 0.43] >>
     finalize [flops: 857, elapsed: 0.02]
     [Total elapsed: 0.45 s]
DLE: avoid_denormals [elapsed: 0.00] >>
     loop_fission [elapsed: 0.02] >>
     loop_blocking [elapsed: 0.15] >>
     simdize [elapsed: 0.25] >>
     ompize [elapsed: 0.05] >>
     create_elemental_functions [elapsed: 0.25] >>
     minimize_remainders [elapsed: 0.02]
     [Total elapsed: 0.75 s]
Allocating memory for rec ((417, 101))
Allocating memory for u ((3, 532, 532, 532))
Allocating memory for v ((3, 532, 532, 532))
IntelCompiler: compiled /tmp/devito-_j8exf7v/ba427f586b373f72dc393d0a742487c3c926b358.c [11.14 s]
AutoTuner: Block shape <8,8,8> took 0.735865 (s) in 3 time steps
AutoTuner: Block shape <16,16,16> took 0.671650 (s) in 3 time steps
AutoTuner: Block shape <24,24,24> took 0.681303 (s) in 3 time steps
AutoTuner: Block shape <32,32,32> took 0.666703 (s) in 3 time steps
AutoTuner: Block shape <40,40,40> took 0.661680 (s) in 3 time steps
AutoTuner: Block shape <64,64,64> took 0.732171 (s) in 3 time steps
AutoTuner: Block shape <128,128,128> took 1.152341 (s) in 3 time steps
AutoTuner: Block shape <256,256,256> took 1.928742 (s) in 3 time steps
AutoTuner: Block shape <512,512,512> took 9.123909 (s) in 3 time steps
AutoTuner: Block shape <524,524,524> took 8.554219 (s) in 3 time steps
AutoTuner: Block shape <8,8,16> took 0.697150 (s) in 3 time steps
AutoTuner: Block shape <8,8,24> took 0.681188 (s) in 3 time steps
AutoTuner: Block shape <8,8,32> took 0.671808 (s) in 3 time steps
AutoTuner: Block shape <8,8,40> took 0.664340 (s) in 3 time steps
AutoTuner: Block shape <8,8,64> took 0.637814 (s) in 3 time steps
AutoTuner: Block shape <8,8,128> took 0.621577 (s) in 3 time steps
AutoTuner: Block shape <8,8,256> took 0.651579 (s) in 3 time steps
AutoTuner: Block shape <8,8,512> took 0.727144 (s) in 3 time steps
AutoTuner: Block shape <8,8,524> took 0.721273 (s) in 3 time steps
AutoTuner: Block shape <16,16,8> took 0.700815 (s) in 3 time steps
AutoTuner: Block shape <16,16,24> took 0.661577 (s) in 3 time steps
AutoTuner: Block shape <16,16,32> took 0.656883 (s) in 3 time steps
AutoTuner: Block shape <16,16,40> took 0.655522 (s) in 3 time steps
AutoTuner: Block shape <16,16,64> took 0.632089 (s) in 3 time steps
AutoTuner: Block shape <16,16,128> took 0.652230 (s) in 3 time steps
AutoTuner: Block shape <16,16,256> took 0.702876 (s) in 3 time steps
AutoTuner: Block shape <16,16,512> took 0.819975 (s) in 3 time steps
AutoTuner: Block shape <16,16,524> took 0.815741 (s) in 3 time steps
AutoTuner: Block shape <24,24,8> took 0.724085 (s) in 3 time steps
AutoTuner: Block shape <24,24,16> took 0.689334 (s) in 3 time steps
AutoTuner: Block shape <24,24,32> took 0.668656 (s) in 3 time steps
AutoTuner: Block shape <24,24,40> took 0.658148 (s) in 3 time steps
AutoTuner: Block shape <24,24,64> took 0.661888 (s) in 3 time steps
AutoTuner: Block shape <24,24,128> took 0.693714 (s) in 3 time steps
AutoTuner: Block shape <24,24,256> took 0.777093 (s) in 3 time steps
AutoTuner: Block shape <24,24,512> took 0.951359 (s) in 3 time steps
AutoTuner: Block shape <24,24,524> took 0.946763 (s) in 3 time steps
AutoTuner: Block shape <32,32,8> took 0.769527 (s) in 3 time steps
AutoTuner: Block shape <32,32,16> took 0.705042 (s) in 3 time steps
AutoTuner: Block shape <32,32,24> took 0.681303 (s) in 3 time steps
AutoTuner: Block shape <32,32,40> took 0.660445 (s) in 3 time steps
AutoTuner: Block shape <32,32,64> took 0.670783 (s) in 3 time steps
AutoTuner: Block shape <32,32,128> took 0.700866 (s) in 3 time steps
AutoTuner: Block shape <32,32,256> took 0.808411 (s) in 3 time steps
AutoTuner: Block shape <32,32,512> took 0.973564 (s) in 3 time steps
AutoTuner: Block shape <32,32,524> took 0.972191 (s) in 3 time steps
AutoTuner: Block shape <16,8,8> took 0.712025 (s) in 3 time steps
AutoTuner: Block shape <8,16,8> took 0.707163 (s) in 3 time steps
AutoTuner: Block shape <16,8,16> took 0.681279 (s) in 3 time steps
AutoTuner: Block shape <8,16,16> took 0.677924 (s) in 3 time steps
AutoTuner: Block shape <32,16,16> took 0.687226 (s) in 3 time steps
AutoTuner: Block shape <16,32,16> took 0.684368 (s) in 3 time steps
AutoTuner: Block shape <32,16,32> took 0.666214 (s) in 3 time steps
AutoTuner: Block shape <16,32,32> took 0.667422 (s) in 3 time steps
AutoTuner: Block shape <48,24,24> took 0.695774 (s) in 3 time steps
AutoTuner: Block shape <24,48,24> took 0.701062 (s) in 3 time steps
AutoTuner: Block shape <24,24,48> took 0.653980 (s) in 3 time steps
AutoTuner: Block shape <48,48,24> took 0.724691 (s) in 3 time steps
AutoTuner: Block shape <48,24,48> took 0.673142 (s) in 3 time steps
AutoTuner: Block shape <24,48,48> took 0.713898 (s) in 3 time steps
AutoTuner: Block shape <48,48,48> took 0.759144 (s) in 3 time steps
AutoTuner: Block shape <64,32,32> took 0.670785 (s) in 3 time steps
AutoTuner: Block shape <32,64,32> took 0.701795 (s) in 3 time steps
AutoTuner: Block shape <64,64,32> took 0.709799 (s) in 3 time steps
AutoTuner: Block shape <64,32,64> took 0.674482 (s) in 3 time steps
AutoTuner: Block shape <32,64,64> took 0.728255 (s) in 3 time steps
AutoTuner: Block shape <80,40,40> took 0.675890 (s) in 3 time steps
AutoTuner: Block shape <40,80,40> took 0.735448 (s) in 3 time steps
AutoTuner: Block shape <40,40,80> took 0.693761 (s) in 3 time steps
AutoTuner: Block shape <80,80,40> took 0.753259 (s) in 3 time steps
AutoTuner: Block shape <80,40,80> took 0.702607 (s) in 3 time steps
AutoTuner: Block shape <40,80,80> took 0.789034 (s) in 3 time steps
AutoTuner: Block shape <80,80,80> took 0.889376 (s) in 3 time steps
AutoTuner: Block shape <128,64,64> took 0.762690 (s) in 3 time steps
AutoTuner: Block shape <64,128,64> took 0.916380 (s) in 3 time steps
AutoTuner: Block shape <64,64,128> took 0.864285 (s) in 3 time steps
AutoTuner: Block shape <128,128,64> took 1.037919 (s) in 3 time steps
AutoTuner: Block shape <128,64,128> took 0.948033 (s) in 3 time steps
AutoTuner: Block shape <64,128,128> took 1.045077 (s) in 3 time steps
AutoTuner: Block shape <256,128,128> took 1.263962 (s) in 3 time steps
AutoTuner: Block shape <128,256,128> took 1.387683 (s) in 3 time steps
AutoTuner: Block shape <128,128,256> took 1.291488 (s) in 3 time steps
AutoTuner: Block shape <256,256,128> took 1.715460 (s) in 3 time steps
AutoTuner: Block shape <256,128,256> took 1.131161 (s) in 3 time steps
AutoTuner: Block shape <128,256,256> took 1.125003 (s) in 3 time steps
AutoTuner: Block shape <512,256,256> took 3.175993 (s) in 3 time steps
AutoTuner: Block shape <256,512,256> took 3.295663 (s) in 3 time steps
AutoTuner: Block shape <256,256,512> took 2.813113 (s) in 3 time steps
AutoTuner: Block shape <512,512,256> took 5.712160 (s) in 3 time steps
AutoTuner: Block shape <512,256,512> took 4.885134 (s) in 3 time steps
AutoTuner: Block shape <256,512,512> took 4.953598 (s) in 3 time steps
Auto-tuned block shape: {'x0_block_size': 8, 'y0_block_size': 8, 'z0_block_size': 128}
=========================================================================================
Section section_1<415,1> with OI=0.64 computed in 0.000 s [0.16 GFlops/s]
Section section_2<415,101> with OI=1.27 computed in 0.003 s [1.21 GFlops/s]
Section main<415,524,524,524> with OI=20.37 computed in 259.783 s [196.98 GFlops/s, 0.23 GPts/s]
=========================================================================================
Allocating memory for m ((532, 532, 532))
Allocating memory for damp ((532, 532, 532))
Allocating memory for epsilon ((532, 532, 532))
Allocating memory for delta ((532, 532, 532))
Allocating memory for theta ((532, 532, 532))
Allocating memory for phi ((532, 532, 532))
Allocating memory for src ((417, 1))
Allocating memory for src_coords ((1, 3))
Allocating memory for nrec_coords ((101, 3))
Allocating memory for rec_coords ((101, 3))
DSE: eliminate_intra_stencil_redundancies [flops: 855, elapsed: 0.43] >>
     finalize [flops: 857, elapsed: 0.02]
     [Total elapsed: 0.45 s]
DLE: avoid_denormals [elapsed: 0.00] >>
     loop_fission [elapsed: 0.02] >>
     loop_blocking [elapsed: 0.15] >>
     simdize [elapsed: 0.09] >>
     ompize [elapsed: 0.05] >>
     create_elemental_functions [elapsed: 0.25] >>
     minimize_remainders [elapsed: 0.02]
     [Total elapsed: 0.58 s]
Allocating memory for rec ((417, 101))
Allocating memory for u ((3, 532, 532, 532))
Allocating memory for v ((3, 532, 532, 532))
IntelCompiler: compiled /tmp/devito-_j8exf7v/ba427f586b373f72dc393d0a742487c3c926b358.c [11.09 s]
AutoTuner: Block shape <8,8,8> took 0.736714 (s) in 3 time steps
AutoTuner: Block shape <16,16,16> took 0.682155 (s) in 3 time steps
AutoTuner: Block shape <24,24,24> took 0.691841 (s) in 3 time steps
AutoTuner: Block shape <32,32,32> took 0.675450 (s) in 3 time steps
AutoTuner: Block shape <40,40,40> took 0.675078 (s) in 3 time steps
AutoTuner: Block shape <64,64,64> took 0.731493 (s) in 3 time steps
AutoTuner: Block shape <128,128,128> took 1.174841 (s) in 3 time steps
AutoTuner: Block shape <256,256,256> took 1.850064 (s) in 3 time steps
AutoTuner: Block shape <512,512,512> took 9.347202 (s) in 3 time steps
AutoTuner: Block shape <524,524,524> took 8.780444 (s) in 3 time steps
AutoTuner: Block shape <8,8,16> took 0.706514 (s) in 3 time steps
AutoTuner: Block shape <8,8,24> took 0.691006 (s) in 3 time steps
AutoTuner: Block shape <8,8,32> took 0.681649 (s) in 3 time steps
AutoTuner: Block shape <8,8,40> took 0.674812 (s) in 3 time steps
AutoTuner: Block shape <8,8,64> took 0.641229 (s) in 3 time steps
AutoTuner: Block shape <8,8,128> took 0.627687 (s) in 3 time steps
AutoTuner: Block shape <8,8,256> took 0.651743 (s) in 3 time steps
AutoTuner: Block shape <8,8,512> took 0.737089 (s) in 3 time steps
AutoTuner: Block shape <8,8,524> took 0.731324 (s) in 3 time steps
AutoTuner: Block shape <16,16,8> took 0.708223 (s) in 3 time steps
AutoTuner: Block shape <16,16,24> took 0.675753 (s) in 3 time steps
AutoTuner: Block shape <16,16,32> took 0.667926 (s) in 3 time steps
AutoTuner: Block shape <16,16,40> took 0.664468 (s) in 3 time steps
AutoTuner: Block shape <16,16,64> took 0.638179 (s) in 3 time steps
AutoTuner: Block shape <16,16,128> took 0.663318 (s) in 3 time steps
AutoTuner: Block shape <16,16,256> took 0.709549 (s) in 3 time steps
AutoTuner: Block shape <16,16,512> took 0.826160 (s) in 3 time steps
AutoTuner: Block shape <16,16,524> took 0.822132 (s) in 3 time steps
AutoTuner: Block shape <24,24,8> took 0.735647 (s) in 3 time steps
AutoTuner: Block shape <24,24,16> took 0.701378 (s) in 3 time steps
AutoTuner: Block shape <24,24,32> took 0.676595 (s) in 3 time steps
AutoTuner: Block shape <24,24,40> took 0.669325 (s) in 3 time steps
AutoTuner: Block shape <24,24,64> took 0.677954 (s) in 3 time steps
AutoTuner: Block shape <24,24,128> took 0.713345 (s) in 3 time steps
AutoTuner: Block shape <24,24,256> took 0.785166 (s) in 3 time steps
AutoTuner: Block shape <24,24,512> took 0.956874 (s) in 3 time steps
AutoTuner: Block shape <24,24,524> took 0.952877 (s) in 3 time steps
AutoTuner: Block shape <32,32,8> took 0.783400 (s) in 3 time steps
AutoTuner: Block shape <32,32,16> took 0.715341 (s) in 3 time steps
AutoTuner: Block shape <32,32,24> took 0.690150 (s) in 3 time steps
AutoTuner: Block shape <32,32,40> took 0.669936 (s) in 3 time steps
AutoTuner: Block shape <32,32,64> took 0.682044 (s) in 3 time steps
AutoTuner: Block shape <32,32,128> took 0.709320 (s) in 3 time steps
AutoTuner: Block shape <32,32,256> took 0.814300 (s) in 3 time steps
AutoTuner: Block shape <32,32,512> took 0.925568 (s) in 3 time steps
AutoTuner: Block shape <32,32,524> took 0.918325 (s) in 3 time steps
AutoTuner: Block shape <16,8,8> took 0.716921 (s) in 3 time steps
AutoTuner: Block shape <8,16,8> took 0.714932 (s) in 3 time steps
AutoTuner: Block shape <16,8,16> took 0.688395 (s) in 3 time steps
AutoTuner: Block shape <8,16,16> took 0.687955 (s) in 3 time steps
AutoTuner: Block shape <32,16,16> took 0.698784 (s) in 3 time steps
AutoTuner: Block shape <16,32,16> took 0.695836 (s) in 3 time steps
AutoTuner: Block shape <32,16,32> took 0.676086 (s) in 3 time steps
AutoTuner: Block shape <16,32,32> took 0.676232 (s) in 3 time steps
AutoTuner: Block shape <48,24,24> took 0.703651 (s) in 3 time steps
AutoTuner: Block shape <24,48,24> took 0.709297 (s) in 3 time steps
AutoTuner: Block shape <24,24,48> took 0.667914 (s) in 3 time steps
AutoTuner: Block shape <48,48,24> took 0.730129 (s) in 3 time steps
AutoTuner: Block shape <48,24,48> took 0.678958 (s) in 3 time steps
AutoTuner: Block shape <24,48,48> took 0.722259 (s) in 3 time steps
AutoTuner: Block shape <48,48,48> took 0.760213 (s) in 3 time steps
AutoTuner: Block shape <64,32,32> took 0.678133 (s) in 3 time steps
AutoTuner: Block shape <32,64,32> took 0.708401 (s) in 3 time steps
AutoTuner: Block shape <64,64,32> took 0.709431 (s) in 3 time steps
AutoTuner: Block shape <64,32,64> took 0.690506 (s) in 3 time steps
AutoTuner: Block shape <32,64,64> took 0.736040 (s) in 3 time steps
AutoTuner: Block shape <80,40,40> took 0.691340 (s) in 3 time steps
AutoTuner: Block shape <40,80,40> took 0.742585 (s) in 3 time steps
AutoTuner: Block shape <40,40,80> took 0.705921 (s) in 3 time steps
AutoTuner: Block shape <80,80,40> took 0.755405 (s) in 3 time steps
AutoTuner: Block shape <80,40,80> took 0.707070 (s) in 3 time steps
AutoTuner: Block shape <40,80,80> took 0.795561 (s) in 3 time steps
AutoTuner: Block shape <80,80,80> took 0.901616 (s) in 3 time steps
AutoTuner: Block shape <128,64,64> took 0.766491 (s) in 3 time steps
AutoTuner: Block shape <64,128,64> took 0.928492 (s) in 3 time steps
AutoTuner: Block shape <64,64,128> took 0.874408 (s) in 3 time steps
AutoTuner: Block shape <128,128,64> took 1.035130 (s) in 3 time steps
AutoTuner: Block shape <128,64,128> took 0.949216 (s) in 3 time steps
AutoTuner: Block shape <64,128,128> took 1.047931 (s) in 3 time steps
AutoTuner: Block shape <256,128,128> took 1.262179 (s) in 3 time steps
AutoTuner: Block shape <128,256,128> took 1.343974 (s) in 3 time steps
AutoTuner: Block shape <128,128,256> took 1.254324 (s) in 3 time steps
AutoTuner: Block shape <256,256,128> took 1.713930 (s) in 3 time steps
AutoTuner: Block shape <256,128,256> took 1.245087 (s) in 3 time steps
AutoTuner: Block shape <128,256,256> took 1.139683 (s) in 3 time steps
AutoTuner: Block shape <512,256,256> took 3.215197 (s) in 3 time steps
AutoTuner: Block shape <256,512,256> took 3.372908 (s) in 3 time steps
AutoTuner: Block shape <256,256,512> took 2.890407 (s) in 3 time steps
AutoTuner: Block shape <512,512,256> took 5.765937 (s) in 3 time steps
AutoTuner: Block shape <512,256,512> took 5.094499 (s) in 3 time steps
AutoTuner: Block shape <256,512,512> took 5.059332 (s) in 3 time steps
Auto-tuned block shape: {'x0_block_size': 8, 'y0_block_size': 8, 'z0_block_size': 128}
=========================================================================================
Section section_1<415,1> with OI=0.64 computed in 0.000 s [0.18 GFlops/s]
Section section_2<415,101> with OI=1.27 computed in 0.003 s [1.22 GFlops/s]
Section main<415,524,524,524> with OI=20.37 computed in 259.821 s [196.95 GFlops/s, 0.23 GPts/s]
=========================================================================================
Allocating memory for m ((532, 532, 532))
Allocating memory for damp ((532, 532, 532))
Allocating memory for epsilon ((532, 532, 532))
Allocating memory for delta ((532, 532, 532))
Allocating memory for theta ((532, 532, 532))
Allocating memory for phi ((532, 532, 532))
Allocating memory for src ((417, 1))
Allocating memory for src_coords ((1, 3))
Allocating memory for nrec_coords ((101, 3))
Allocating memory for rec_coords ((101, 3))
DSE: eliminate_intra_stencil_redundancies [flops: 855, elapsed: 0.43] >>
     finalize [flops: 857, elapsed: 0.02]
     [Total elapsed: 0.45 s]
DLE: avoid_denormals [elapsed: 0.00] >>
     loop_fission [elapsed: 0.02] >>
     loop_blocking [elapsed: 0.15] >>
     simdize [elapsed: 0.09] >>
     ompize [elapsed: 0.05] >>
     create_elemental_functions [elapsed: 0.25] >>
     minimize_remainders [elapsed: 0.02]
     [Total elapsed: 0.58 s]
Allocating memory for rec ((417, 101))
Allocating memory for u ((3, 532, 532, 532))
Allocating memory for v ((3, 532, 532, 532))
IntelCompiler: compiled /tmp/devito-_j8exf7v/ba427f586b373f72dc393d0a742487c3c926b358.c [11.12 s]
AutoTuner: Block shape <8,8,8> took 0.734403 (s) in 3 time steps
AutoTuner: Block shape <16,16,16> took 0.682025 (s) in 3 time steps
AutoTuner: Block shape <24,24,24> took 0.690495 (s) in 3 time steps
AutoTuner: Block shape <32,32,32> took 0.673996 (s) in 3 time steps
AutoTuner: Block shape <40,40,40> took 0.670886 (s) in 3 time steps
AutoTuner: Block shape <64,64,64> took 0.736574 (s) in 3 time steps
AutoTuner: Block shape <128,128,128> took 1.183660 (s) in 3 time steps
AutoTuner: Block shape <256,256,256> took 1.859032 (s) in 3 time steps
AutoTuner: Block shape <512,512,512> took 9.366368 (s) in 3 time steps
AutoTuner: Block shape <524,524,524> took 8.761324 (s) in 3 time steps
AutoTuner: Block shape <8,8,16> took 0.703943 (s) in 3 time steps
AutoTuner: Block shape <8,8,24> took 0.688900 (s) in 3 time steps
AutoTuner: Block shape <8,8,32> took 0.679570 (s) in 3 time steps
AutoTuner: Block shape <8,8,40> took 0.673576 (s) in 3 time steps
AutoTuner: Block shape <8,8,64> took 0.644589 (s) in 3 time steps
AutoTuner: Block shape <8,8,128> took 0.627004 (s) in 3 time steps
AutoTuner: Block shape <8,8,256> took 0.655599 (s) in 3 time steps
AutoTuner: Block shape <8,8,512> took 0.734951 (s) in 3 time steps
AutoTuner: Block shape <8,8,524> took 0.729684 (s) in 3 time steps
AutoTuner: Block shape <16,16,8> took 0.706820 (s) in 3 time steps
AutoTuner: Block shape <16,16,24> took 0.674313 (s) in 3 time steps
AutoTuner: Block shape <16,16,32> took 0.667472 (s) in 3 time steps
AutoTuner: Block shape <16,16,40> took 0.668327 (s) in 3 time steps
AutoTuner: Block shape <16,16,64> took 0.637745 (s) in 3 time steps
AutoTuner: Block shape <16,16,128> took 0.662869 (s) in 3 time steps
AutoTuner: Block shape <16,16,256> took 0.711845 (s) in 3 time steps
AutoTuner: Block shape <16,16,512> took 0.832347 (s) in 3 time steps
AutoTuner: Block shape <16,16,524> took 0.829930 (s) in 3 time steps
AutoTuner: Block shape <24,24,8> took 0.735184 (s) in 3 time steps
AutoTuner: Block shape <24,24,16> took 0.701200 (s) in 3 time steps
AutoTuner: Block shape <24,24,32> took 0.677088 (s) in 3 time steps
AutoTuner: Block shape <24,24,40> took 0.667292 (s) in 3 time steps
AutoTuner: Block shape <24,24,64> took 0.665962 (s) in 3 time steps
AutoTuner: Block shape <24,24,128> took 0.709232 (s) in 3 time steps
AutoTuner: Block shape <24,24,256> took 0.782056 (s) in 3 time steps
AutoTuner: Block shape <24,24,512> took 0.948435 (s) in 3 time steps
AutoTuner: Block shape <24,24,524> took 0.943691 (s) in 3 time steps
AutoTuner: Block shape <32,32,8> took 0.783114 (s) in 3 time steps
AutoTuner: Block shape <32,32,16> took 0.715470 (s) in 3 time steps
AutoTuner: Block shape <32,32,24> took 0.690443 (s) in 3 time steps
AutoTuner: Block shape <32,32,40> took 0.669423 (s) in 3 time steps
AutoTuner: Block shape <32,32,64> took 0.681160 (s) in 3 time steps
AutoTuner: Block shape <32,32,128> took 0.713360 (s) in 3 time steps
AutoTuner: Block shape <32,32,256> took 0.818348 (s) in 3 time steps
AutoTuner: Block shape <32,32,512> took 0.921440 (s) in 3 time steps
AutoTuner: Block shape <32,32,524> took 0.917020 (s) in 3 time steps
AutoTuner: Block shape <16,8,8> took 0.717020 (s) in 3 time steps
AutoTuner: Block shape <8,16,8> took 0.711796 (s) in 3 time steps
AutoTuner: Block shape <16,8,16> took 0.689003 (s) in 3 time steps
AutoTuner: Block shape <8,16,16> took 0.685149 (s) in 3 time steps
AutoTuner: Block shape <32,16,16> took 0.699772 (s) in 3 time steps
AutoTuner: Block shape <16,32,16> took 0.695110 (s) in 3 time steps
AutoTuner: Block shape <32,16,32> took 0.674994 (s) in 3 time steps
AutoTuner: Block shape <16,32,32> took 0.676324 (s) in 3 time steps
AutoTuner: Block shape <48,24,24> took 0.703769 (s) in 3 time steps
AutoTuner: Block shape <24,48,24> took 0.707972 (s) in 3 time steps
AutoTuner: Block shape <24,24,48> took 0.662597 (s) in 3 time steps
AutoTuner: Block shape <48,48,24> took 0.727811 (s) in 3 time steps
AutoTuner: Block shape <48,24,48> took 0.679773 (s) in 3 time steps
AutoTuner: Block shape <24,48,48> took 0.728115 (s) in 3 time steps
AutoTuner: Block shape <48,48,48> took 0.761096 (s) in 3 time steps
AutoTuner: Block shape <64,32,32> took 0.678644 (s) in 3 time steps
AutoTuner: Block shape <32,64,32> took 0.706741 (s) in 3 time steps
AutoTuner: Block shape <64,64,32> took 0.713278 (s) in 3 time steps
AutoTuner: Block shape <64,32,64> took 0.687081 (s) in 3 time steps
AutoTuner: Block shape <32,64,64> took 0.740174 (s) in 3 time steps
AutoTuner: Block shape <80,40,40> took 0.685580 (s) in 3 time steps
AutoTuner: Block shape <40,80,40> took 0.739703 (s) in 3 time steps
AutoTuner: Block shape <40,40,80> took 0.702557 (s) in 3 time steps
AutoTuner: Block shape <80,80,40> took 0.759954 (s) in 3 time steps
AutoTuner: Block shape <80,40,80> took 0.711666 (s) in 3 time steps
AutoTuner: Block shape <40,80,80> took 0.793534 (s) in 3 time steps
AutoTuner: Block shape <80,80,80> took 0.897092 (s) in 3 time steps
AutoTuner: Block shape <128,64,64> took 0.766471 (s) in 3 time steps
AutoTuner: Block shape <64,128,64> took 0.926722 (s) in 3 time steps
AutoTuner: Block shape <64,64,128> took 0.873109 (s) in 3 time steps
AutoTuner: Block shape <128,128,64> took 1.026881 (s) in 3 time steps
AutoTuner: Block shape <128,64,128> took 0.944638 (s) in 3 time steps
AutoTuner: Block shape <64,128,128> took 1.047351 (s) in 3 time steps
AutoTuner: Block shape <256,128,128> took 1.295468 (s) in 3 time steps
AutoTuner: Block shape <128,256,128> took 1.354863 (s) in 3 time steps
AutoTuner: Block shape <128,128,256> took 1.229200 (s) in 3 time steps
AutoTuner: Block shape <256,256,128> took 1.719547 (s) in 3 time steps
AutoTuner: Block shape <256,128,256> took 1.167898 (s) in 3 time steps
AutoTuner: Block shape <128,256,256> took 1.139058 (s) in 3 time steps
AutoTuner: Block shape <512,256,256> took 3.216317 (s) in 3 time steps
AutoTuner: Block shape <256,512,256> took 3.332376 (s) in 3 time steps
AutoTuner: Block shape <256,256,512> took 2.870618 (s) in 3 time steps
AutoTuner: Block shape <512,512,256> took 5.780594 (s) in 3 time steps
AutoTuner: Block shape <512,256,512> took 5.003954 (s) in 3 time steps
AutoTuner: Block shape <256,512,512> took 5.059637 (s) in 3 time steps
Auto-tuned block shape: {'x0_block_size': 8, 'y0_block_size': 8, 'z0_block_size': 128}
=========================================================================================
Section section_1<415,1> with OI=0.64 computed in 0.000 s [0.16 GFlops/s]
Section section_2<415,101> with OI=1.27 computed in 0.003 s [1.22 GFlops/s]
Section main<415,524,524,524> with OI=20.37 computed in 260.100 s [196.74 GFlops/s, 0.23 GPts/s]
=========================================================================================
Allocating memory for m ((532, 532, 532))
Allocating memory for damp ((532, 532, 532))
Allocating memory for epsilon ((532, 532, 532))
Allocating memory for delta ((532, 532, 532))
Allocating memory for theta ((532, 532, 532))
Allocating memory for phi ((532, 532, 532))
Allocating memory for src ((417, 1))
Allocating memory for src_coords ((1, 3))
Allocating memory for nrec_coords ((101, 3))
Allocating memory for rec_coords ((101, 3))
DSE: extract_time_invariants [flops: 1607, elapsed: 0.16] >>
     eliminate_inter_stencil_redundancies [flops: 1523, elapsed: 0.24] >>
     eliminate_intra_stencil_redundancies [flops: 743, elapsed: 0.30] >>
     factorize [flops: 641, elapsed: 0.52] >>
     finalize [flops: 643, elapsed: 0.01]
     [Total elapsed: 1.23 s]
DLE: avoid_denormals [elapsed: 0.00] >>
     loop_fission [elapsed: 0.01] >>
     loop_blocking [elapsed: 0.13] >>
     simdize [elapsed: 0.08] >>
     ompize [elapsed: 0.04] >>
     create_elemental_functions [elapsed: 0.23] >>
     minimize_remainders [elapsed: 0.02]
     [Total elapsed: 0.51 s]
Allocating memory for rec ((417, 101))
Allocating memory for u ((3, 532, 532, 532))
Allocating memory for v ((3, 532, 532, 532))
IntelCompiler: compiled /tmp/devito-_j8exf7v/4b36f3748a151cfc18654e93621d5a6863c83da0.c [17.70 s]
AutoTuner: Block shape <8,8,8> took 0.455902 (s) in 3 time steps
AutoTuner: Block shape <16,16,16> took 0.420877 (s) in 3 time steps
AutoTuner: Block shape <24,24,24> took 0.411977 (s) in 3 time steps
AutoTuner: Block shape <32,32,32> took 0.408346 (s) in 3 time steps
AutoTuner: Block shape <40,40,40> took 0.420263 (s) in 3 time steps
AutoTuner: Block shape <64,64,64> took 0.455918 (s) in 3 time steps
AutoTuner: Block shape <128,128,128> took 0.686599 (s) in 3 time steps
AutoTuner: Block shape <256,256,256> took 1.527251 (s) in 3 time steps
AutoTuner: Block shape <512,512,512> took 9.445223 (s) in 3 time steps
AutoTuner: Block shape <524,524,524> took 9.352447 (s) in 3 time steps
AutoTuner: Block shape <8,8,16> took 0.431107 (s) in 3 time steps
AutoTuner: Block shape <8,8,24> took 0.414475 (s) in 3 time steps
AutoTuner: Block shape <8,8,32> took 0.411148 (s) in 3 time steps
AutoTuner: Block shape <8,8,40> took 0.408768 (s) in 3 time steps
AutoTuner: Block shape <8,8,64> took 0.408729 (s) in 3 time steps
AutoTuner: Block shape <8,8,128> took 0.405712 (s) in 3 time steps
AutoTuner: Block shape <8,8,256> took 0.420703 (s) in 3 time steps
AutoTuner: Block shape <8,8,512> took 0.460100 (s) in 3 time steps
AutoTuner: Block shape <8,8,524> took 0.455284 (s) in 3 time steps
AutoTuner: Block shape <16,16,8> took 0.450955 (s) in 3 time steps
AutoTuner: Block shape <16,16,24> took 0.406570 (s) in 3 time steps
AutoTuner: Block shape <16,16,32> took 0.400398 (s) in 3 time steps
AutoTuner: Block shape <16,16,40> took 0.397907 (s) in 3 time steps
AutoTuner: Block shape <16,16,64> took 0.397320 (s) in 3 time steps
AutoTuner: Block shape <16,16,128> took 0.416860 (s) in 3 time steps
AutoTuner: Block shape <16,16,256> took 0.434195 (s) in 3 time steps
AutoTuner: Block shape <16,16,512> took 0.529045 (s) in 3 time steps
AutoTuner: Block shape <16,16,524> took 0.528656 (s) in 3 time steps
AutoTuner: Block shape <24,24,8> took 0.461030 (s) in 3 time steps
AutoTuner: Block shape <24,24,16> took 0.429778 (s) in 3 time steps
AutoTuner: Block shape <24,24,32> took 0.403038 (s) in 3 time steps
AutoTuner: Block shape <24,24,40> took 0.401113 (s) in 3 time steps
AutoTuner: Block shape <24,24,64> took 0.420504 (s) in 3 time steps
AutoTuner: Block shape <24,24,128> took 0.427176 (s) in 3 time steps
AutoTuner: Block shape <24,24,256> took 0.489658 (s) in 3 time steps
AutoTuner: Block shape <24,24,512> took 0.610218 (s) in 3 time steps
AutoTuner: Block shape <24,24,524> took 0.607153 (s) in 3 time steps
AutoTuner: Block shape <32,32,8> took 0.492624 (s) in 3 time steps
AutoTuner: Block shape <32,32,16> took 0.436286 (s) in 3 time steps
AutoTuner: Block shape <32,32,24> took 0.413701 (s) in 3 time steps
AutoTuner: Block shape <32,32,40> took 0.408552 (s) in 3 time steps
AutoTuner: Block shape <32,32,64> took 0.427385 (s) in 3 time steps
AutoTuner: Block shape <32,32,128> took 0.434362 (s) in 3 time steps
AutoTuner: Block shape <32,32,256> took 0.526602 (s) in 3 time steps
AutoTuner: Block shape <32,32,512> took 0.598676 (s) in 3 time steps
AutoTuner: Block shape <32,32,524> took 0.598050 (s) in 3 time steps
AutoTuner: Block shape <16,8,8> took 0.452836 (s) in 3 time steps
AutoTuner: Block shape <8,16,8> took 0.446029 (s) in 3 time steps
AutoTuner: Block shape <16,8,16> took 0.426507 (s) in 3 time steps
AutoTuner: Block shape <8,16,16> took 0.423431 (s) in 3 time steps
AutoTuner: Block shape <32,16,16> took 0.431513 (s) in 3 time steps
AutoTuner: Block shape <16,32,16> took 0.430270 (s) in 3 time steps
AutoTuner: Block shape <32,16,32> took 0.403501 (s) in 3 time steps
AutoTuner: Block shape <16,32,32> took 0.411420 (s) in 3 time steps
AutoTuner: Block shape <48,24,24> took 0.414985 (s) in 3 time steps
AutoTuner: Block shape <24,48,24> took 0.432363 (s) in 3 time steps
AutoTuner: Block shape <24,24,48> took 0.411965 (s) in 3 time steps
AutoTuner: Block shape <48,48,24> took 0.439982 (s) in 3 time steps
AutoTuner: Block shape <48,24,48> took 0.410827 (s) in 3 time steps
AutoTuner: Block shape <24,48,48> took 0.451435 (s) in 3 time steps
AutoTuner: Block shape <48,48,48> took 0.460017 (s) in 3 time steps
AutoTuner: Block shape <64,32,32> took 0.409147 (s) in 3 time steps
AutoTuner: Block shape <32,64,32> took 0.443164 (s) in 3 time steps
AutoTuner: Block shape <64,64,32> took 0.445361 (s) in 3 time steps
AutoTuner: Block shape <64,32,64> took 0.433944 (s) in 3 time steps
AutoTuner: Block shape <32,64,64> took 0.457371 (s) in 3 time steps
AutoTuner: Block shape <80,40,40> took 0.430572 (s) in 3 time steps
AutoTuner: Block shape <40,80,40> took 0.457046 (s) in 3 time steps
AutoTuner: Block shape <40,40,80> took 0.429583 (s) in 3 time steps
AutoTuner: Block shape <80,80,40> took 0.461309 (s) in 3 time steps
AutoTuner: Block shape <80,40,80> took 0.434367 (s) in 3 time steps
AutoTuner: Block shape <40,80,80> took 0.507099 (s) in 3 time steps
AutoTuner: Block shape <80,80,80> took 0.538900 (s) in 3 time steps
AutoTuner: Block shape <128,64,64> took 0.461925 (s) in 3 time steps
AutoTuner: Block shape <64,128,64> took 0.585238 (s) in 3 time steps
AutoTuner: Block shape <64,64,128> took 0.546085 (s) in 3 time steps
AutoTuner: Block shape <128,128,64> took 0.622719 (s) in 3 time steps
AutoTuner: Block shape <128,64,128> took 0.570571 (s) in 3 time steps
AutoTuner: Block shape <64,128,128> took 0.643021 (s) in 3 time steps
AutoTuner: Block shape <256,128,128> took 0.722870 (s) in 3 time steps
AutoTuner: Block shape <128,256,128> took 0.774815 (s) in 3 time steps
AutoTuner: Block shape <128,128,256> took 0.734712 (s) in 3 time steps
AutoTuner: Block shape <256,256,128> took 0.945819 (s) in 3 time steps
AutoTuner: Block shape <256,128,256> took 0.877771 (s) in 3 time steps
AutoTuner: Block shape <128,256,256> took 0.932196 (s) in 3 time steps
AutoTuner: Block shape <512,256,256> took 2.653282 (s) in 3 time steps
AutoTuner: Block shape <256,512,256> took 2.866198 (s) in 3 time steps
AutoTuner: Block shape <256,256,512> took 2.848840 (s) in 3 time steps
AutoTuner: Block shape <512,512,256> took 5.026189 (s) in 3 time steps
AutoTuner: Block shape <512,256,512> took 4.879806 (s) in 3 time steps
AutoTuner: Block shape <256,512,512> took 5.332092 (s) in 3 time steps
Auto-tuned block shape: {'x0_block_size': 16, 'y0_block_size': 16, 'z0_block_size': 64}
=========================================================================================
Section section_0<528,528,528> with OI=0.34 computed in 0.091 s [11.36 GFlops/s]
Section section_2<415,1> with OI=0.64 computed in 0.000 s [0.18 GFlops/s]
Section section_3<415,101> with OI=1.27 computed in 0.003 s [1.19 GFlops/s]
Section main<415,524,524,524> with OI=13.90 computed in 124.852 s [307.51 GFlops/s, 0.48 GPts/s]
=========================================================================================
Allocating memory for m ((532, 532, 532))
Allocating memory for damp ((532, 532, 532))
Allocating memory for epsilon ((532, 532, 532))
Allocating memory for delta ((532, 532, 532))
Allocating memory for theta ((532, 532, 532))
Allocating memory for phi ((532, 532, 532))
Allocating memory for src ((417, 1))
Allocating memory for src_coords ((1, 3))
Allocating memory for nrec_coords ((101, 3))
Allocating memory for rec_coords ((101, 3))
DSE: extract_time_invariants [flops: 1607, elapsed: 0.16] >>
     eliminate_inter_stencil_redundancies [flops: 1523, elapsed: 0.24] >>
     eliminate_intra_stencil_redundancies [flops: 743, elapsed: 0.31] >>
     factorize [flops: 641, elapsed: 0.52] >>
     finalize [flops: 643, elapsed: 0.01]
     [Total elapsed: 1.23 s]
DLE: avoid_denormals [elapsed: 0.00] >>
     loop_fission [elapsed: 0.01] >>
     loop_blocking [elapsed: 0.13] >>
     simdize [elapsed: 0.08] >>
     ompize [elapsed: 0.04] >>
     create_elemental_functions [elapsed: 0.23] >>
     minimize_remainders [elapsed: 0.02]
     [Total elapsed: 0.51 s]
Allocating memory for rec ((417, 101))
Allocating memory for u ((3, 532, 532, 532))
Allocating memory for v ((3, 532, 532, 532))
IntelCompiler: compiled /tmp/devito-_j8exf7v/4b36f3748a151cfc18654e93621d5a6863c83da0.c [17.80 s]
AutoTuner: Block shape <8,8,8> took 0.459004 (s) in 3 time steps
AutoTuner: Block shape <16,16,16> took 0.423261 (s) in 3 time steps
AutoTuner: Block shape <24,24,24> took 0.410860 (s) in 3 time steps
AutoTuner: Block shape <32,32,32> took 0.407332 (s) in 3 time steps
AutoTuner: Block shape <40,40,40> took 0.427122 (s) in 3 time steps
AutoTuner: Block shape <64,64,64> took 0.455007 (s) in 3 time steps
AutoTuner: Block shape <128,128,128> took 0.686848 (s) in 3 time steps
AutoTuner: Block shape <256,256,256> took 1.524399 (s) in 3 time steps
AutoTuner: Block shape <512,512,512> took 9.468294 (s) in 3 time steps
AutoTuner: Block shape <524,524,524> took 9.331242 (s) in 3 time steps
AutoTuner: Block shape <8,8,16> took 0.430624 (s) in 3 time steps
AutoTuner: Block shape <8,8,24> took 0.415595 (s) in 3 time steps
AutoTuner: Block shape <8,8,32> took 0.411841 (s) in 3 time steps
AutoTuner: Block shape <8,8,40> took 0.409280 (s) in 3 time steps
AutoTuner: Block shape <8,8,64> took 0.407870 (s) in 3 time steps
AutoTuner: Block shape <8,8,128> took 0.403792 (s) in 3 time steps
AutoTuner: Block shape <8,8,256> took 0.420016 (s) in 3 time steps
AutoTuner: Block shape <8,8,512> took 0.459349 (s) in 3 time steps
AutoTuner: Block shape <8,8,524> took 0.457839 (s) in 3 time steps
AutoTuner: Block shape <16,16,8> took 0.451154 (s) in 3 time steps
AutoTuner: Block shape <16,16,24> took 0.406215 (s) in 3 time steps
AutoTuner: Block shape <16,16,32> took 0.400899 (s) in 3 time steps
AutoTuner: Block shape <16,16,40> took 0.400056 (s) in 3 time steps
AutoTuner: Block shape <16,16,64> took 0.396130 (s) in 3 time steps
AutoTuner: Block shape <16,16,128> took 0.417328 (s) in 3 time steps
AutoTuner: Block shape <16,16,256> took 0.435170 (s) in 3 time steps
AutoTuner: Block shape <16,16,512> took 0.529067 (s) in 3 time steps
AutoTuner: Block shape <16,16,524> took 0.530000 (s) in 3 time steps
AutoTuner: Block shape <24,24,8> took 0.461618 (s) in 3 time steps
AutoTuner: Block shape <24,24,16> took 0.429526 (s) in 3 time steps
AutoTuner: Block shape <24,24,32> took 0.404278 (s) in 3 time steps
AutoTuner: Block shape <24,24,40> took 0.402150 (s) in 3 time steps
AutoTuner: Block shape <24,24,64> took 0.421640 (s) in 3 time steps
AutoTuner: Block shape <24,24,128> took 0.427754 (s) in 3 time steps
AutoTuner: Block shape <24,24,256> took 0.486960 (s) in 3 time steps
AutoTuner: Block shape <24,24,512> took 0.606610 (s) in 3 time steps
AutoTuner: Block shape <24,24,524> took 0.605131 (s) in 3 time steps
AutoTuner: Block shape <32,32,8> took 0.492450 (s) in 3 time steps
AutoTuner: Block shape <32,32,16> took 0.437366 (s) in 3 time steps
AutoTuner: Block shape <32,32,24> took 0.413505 (s) in 3 time steps
AutoTuner: Block shape <32,32,40> took 0.411876 (s) in 3 time steps
AutoTuner: Block shape <32,32,64> took 0.427983 (s) in 3 time steps
AutoTuner: Block shape <32,32,128> took 0.435017 (s) in 3 time steps
AutoTuner: Block shape <32,32,256> took 0.525339 (s) in 3 time steps
AutoTuner: Block shape <32,32,512> took 0.599631 (s) in 3 time steps
AutoTuner: Block shape <32,32,524> took 0.599355 (s) in 3 time steps
AutoTuner: Block shape <16,8,8> took 0.450111 (s) in 3 time steps
AutoTuner: Block shape <8,16,8> took 0.445647 (s) in 3 time steps
AutoTuner: Block shape <16,8,16> took 0.424509 (s) in 3 time steps
AutoTuner: Block shape <8,16,16> took 0.421007 (s) in 3 time steps
AutoTuner: Block shape <32,16,16> took 0.431334 (s) in 3 time steps
AutoTuner: Block shape <16,32,16> took 0.429368 (s) in 3 time steps
AutoTuner: Block shape <32,16,32> took 0.403269 (s) in 3 time steps
AutoTuner: Block shape <16,32,32> took 0.409038 (s) in 3 time steps
AutoTuner: Block shape <48,24,24> took 0.414342 (s) in 3 time steps
AutoTuner: Block shape <24,48,24> took 0.430701 (s) in 3 time steps
AutoTuner: Block shape <24,24,48> took 0.409753 (s) in 3 time steps
AutoTuner: Block shape <48,48,24> took 0.439777 (s) in 3 time steps
AutoTuner: Block shape <48,24,48> took 0.416187 (s) in 3 time steps
AutoTuner: Block shape <24,48,48> took 0.451115 (s) in 3 time steps
AutoTuner: Block shape <48,48,48> took 0.456671 (s) in 3 time steps
AutoTuner: Block shape <64,32,32> took 0.407882 (s) in 3 time steps
AutoTuner: Block shape <32,64,32> took 0.444589 (s) in 3 time steps
AutoTuner: Block shape <64,64,32> took 0.444966 (s) in 3 time steps
AutoTuner: Block shape <64,32,64> took 0.434953 (s) in 3 time steps
AutoTuner: Block shape <32,64,64> took 0.457130 (s) in 3 time steps
AutoTuner: Block shape <80,40,40> took 0.429869 (s) in 3 time steps
AutoTuner: Block shape <40,80,40> took 0.457813 (s) in 3 time steps
AutoTuner: Block shape <40,40,80> took 0.430426 (s) in 3 time steps
AutoTuner: Block shape <80,80,40> took 0.460493 (s) in 3 time steps
AutoTuner: Block shape <80,40,80> took 0.436212 (s) in 3 time steps
AutoTuner: Block shape <40,80,80> took 0.506062 (s) in 3 time steps
AutoTuner: Block shape <80,80,80> took 0.539666 (s) in 3 time steps
AutoTuner: Block shape <128,64,64> took 0.463098 (s) in 3 time steps
AutoTuner: Block shape <64,128,64> took 0.584253 (s) in 3 time steps
AutoTuner: Block shape <64,64,128> took 0.545540 (s) in 3 time steps
AutoTuner: Block shape <128,128,64> took 0.624259 (s) in 3 time steps
AutoTuner: Block shape <128,64,128> took 0.573640 (s) in 3 time steps
AutoTuner: Block shape <64,128,128> took 0.642457 (s) in 3 time steps
AutoTuner: Block shape <256,128,128> took 0.725330 (s) in 3 time steps
AutoTuner: Block shape <128,256,128> took 0.772274 (s) in 3 time steps
AutoTuner: Block shape <128,128,256> took 0.733682 (s) in 3 time steps
AutoTuner: Block shape <256,256,128> took 0.945712 (s) in 3 time steps
AutoTuner: Block shape <256,128,256> took 0.878183 (s) in 3 time steps
AutoTuner: Block shape <128,256,256> took 0.933026 (s) in 3 time steps
AutoTuner: Block shape <512,256,256> took 2.656534 (s) in 3 time steps
AutoTuner: Block shape <256,512,256> took 2.858502 (s) in 3 time steps
AutoTuner: Block shape <256,256,512> took 2.851663 (s) in 3 time steps
AutoTuner: Block shape <512,512,256> took 5.015733 (s) in 3 time steps
AutoTuner: Block shape <512,256,512> took 4.867579 (s) in 3 time steps
AutoTuner: Block shape <256,512,512> took 5.322801 (s) in 3 time steps
Auto-tuned block shape: {'x0_block_size': 16, 'y0_block_size': 16, 'z0_block_size': 64}
=========================================================================================
Section section_0<528,528,528> with OI=0.34 computed in 0.089 s [11.61 GFlops/s]
Section section_2<415,1> with OI=0.64 computed in 0.000 s [0.18 GFlops/s]
Section section_3<415,101> with OI=1.27 computed in 0.003 s [1.22 GFlops/s]
Section main<415,524,524,524> with OI=13.90 computed in 124.242 s [309.02 GFlops/s, 0.48 GPts/s]
=========================================================================================
Allocating memory for m ((532, 532, 532))
Allocating memory for damp ((532, 532, 532))
Allocating memory for epsilon ((532, 532, 532))
Allocating memory for delta ((532, 532, 532))
Allocating memory for theta ((532, 532, 532))
Allocating memory for phi ((532, 532, 532))
Allocating memory for src ((417, 1))
Allocating memory for src_coords ((1, 3))
Allocating memory for nrec_coords ((101, 3))
Allocating memory for rec_coords ((101, 3))
DSE: extract_time_invariants [flops: 1607, elapsed: 0.16] >>
     eliminate_inter_stencil_redundancies [flops: 1523, elapsed: 0.24] >>
     eliminate_intra_stencil_redundancies [flops: 743, elapsed: 0.31] >>
     factorize [flops: 641, elapsed: 0.52] >>
     finalize [flops: 643, elapsed: 0.01]
     [Total elapsed: 1.24 s]
DLE: avoid_denormals [elapsed: 0.00] >>
     loop_fission [elapsed: 0.01] >>
     loop_blocking [elapsed: 0.13] >>
     simdize [elapsed: 0.08] >>
     ompize [elapsed: 0.04] >>
     create_elemental_functions [elapsed: 0.23] >>
     minimize_remainders [elapsed: 0.02]
     [Total elapsed: 0.51 s]
Allocating memory for rec ((417, 101))
Allocating memory for u ((3, 532, 532, 532))
Allocating memory for v ((3, 532, 532, 532))
IntelCompiler: compiled /tmp/devito-_j8exf7v/4b36f3748a151cfc18654e93621d5a6863c83da0.c [17.77 s]
AutoTuner: Block shape <8,8,8> took 0.453306 (s) in 3 time steps
AutoTuner: Block shape <16,16,16> took 0.422371 (s) in 3 time steps
AutoTuner: Block shape <24,24,24> took 0.410656 (s) in 3 time steps
AutoTuner: Block shape <32,32,32> took 0.410625 (s) in 3 time steps
AutoTuner: Block shape <40,40,40> took 0.428210 (s) in 3 time steps
AutoTuner: Block shape <64,64,64> took 0.456559 (s) in 3 time steps
AutoTuner: Block shape <128,128,128> took 0.686292 (s) in 3 time steps
AutoTuner: Block shape <256,256,256> took 1.523857 (s) in 3 time steps
AutoTuner: Block shape <512,512,512> took 9.444661 (s) in 3 time steps
AutoTuner: Block shape <524,524,524> took 9.337700 (s) in 3 time steps
AutoTuner: Block shape <8,8,16> took 0.430547 (s) in 3 time steps
AutoTuner: Block shape <8,8,24> took 0.415283 (s) in 3 time steps
AutoTuner: Block shape <8,8,32> took 0.412454 (s) in 3 time steps
AutoTuner: Block shape <8,8,40> took 0.409074 (s) in 3 time steps
AutoTuner: Block shape <8,8,64> took 0.408370 (s) in 3 time steps
AutoTuner: Block shape <8,8,128> took 0.403142 (s) in 3 time steps
AutoTuner: Block shape <8,8,256> took 0.420567 (s) in 3 time steps
AutoTuner: Block shape <8,8,512> took 0.460131 (s) in 3 time steps
AutoTuner: Block shape <8,8,524> took 0.455644 (s) in 3 time steps
AutoTuner: Block shape <16,16,8> took 0.453150 (s) in 3 time steps
AutoTuner: Block shape <16,16,24> took 0.406729 (s) in 3 time steps
AutoTuner: Block shape <16,16,32> took 0.401715 (s) in 3 time steps
AutoTuner: Block shape <16,16,40> took 0.398280 (s) in 3 time steps
AutoTuner: Block shape <16,16,64> took 0.397549 (s) in 3 time steps
AutoTuner: Block shape <16,16,128> took 0.417476 (s) in 3 time steps
AutoTuner: Block shape <16,16,256> took 0.435448 (s) in 3 time steps
AutoTuner: Block shape <16,16,512> took 0.530806 (s) in 3 time steps
AutoTuner: Block shape <16,16,524> took 0.530148 (s) in 3 time steps
AutoTuner: Block shape <24,24,8> took 0.459938 (s) in 3 time steps
AutoTuner: Block shape <24,24,16> took 0.429159 (s) in 3 time steps
AutoTuner: Block shape <24,24,32> took 0.403324 (s) in 3 time steps
AutoTuner: Block shape <24,24,40> took 0.402758 (s) in 3 time steps
AutoTuner: Block shape <24,24,64> took 0.420033 (s) in 3 time steps
AutoTuner: Block shape <24,24,128> took 0.428697 (s) in 3 time steps
AutoTuner: Block shape <24,24,256> took 0.487678 (s) in 3 time steps
AutoTuner: Block shape <24,24,512> took 0.605615 (s) in 3 time steps
AutoTuner: Block shape <24,24,524> took 0.605536 (s) in 3 time steps
AutoTuner: Block shape <32,32,8> took 0.491732 (s) in 3 time steps
AutoTuner: Block shape <32,32,16> took 0.436892 (s) in 3 time steps
AutoTuner: Block shape <32,32,24> took 0.413142 (s) in 3 time steps
AutoTuner: Block shape <32,32,40> took 0.412012 (s) in 3 time steps
AutoTuner: Block shape <32,32,64> took 0.428046 (s) in 3 time steps
AutoTuner: Block shape <32,32,128> took 0.436227 (s) in 3 time steps
AutoTuner: Block shape <32,32,256> took 0.526295 (s) in 3 time steps
AutoTuner: Block shape <32,32,512> took 0.599799 (s) in 3 time steps
AutoTuner: Block shape <32,32,524> took 0.598991 (s) in 3 time steps
AutoTuner: Block shape <16,8,8> took 0.452990 (s) in 3 time steps
AutoTuner: Block shape <8,16,8> took 0.447192 (s) in 3 time steps
AutoTuner: Block shape <16,8,16> took 0.424503 (s) in 3 time steps
AutoTuner: Block shape <8,16,16> took 0.421590 (s) in 3 time steps
AutoTuner: Block shape <32,16,16> took 0.431484 (s) in 3 time steps
AutoTuner: Block shape <16,32,16> took 0.429293 (s) in 3 time steps
AutoTuner: Block shape <32,16,32> took 0.402330 (s) in 3 time steps
AutoTuner: Block shape <16,32,32> took 0.409852 (s) in 3 time steps
AutoTuner: Block shape <48,24,24> took 0.414426 (s) in 3 time steps
AutoTuner: Block shape <24,48,24> took 0.433180 (s) in 3 time steps
AutoTuner: Block shape <24,24,48> took 0.408093 (s) in 3 time steps
AutoTuner: Block shape <48,48,24> took 0.439728 (s) in 3 time steps
AutoTuner: Block shape <48,24,48> took 0.420333 (s) in 3 time steps
AutoTuner: Block shape <24,48,48> took 0.452077 (s) in 3 time steps
AutoTuner: Block shape <48,48,48> took 0.457587 (s) in 3 time steps
AutoTuner: Block shape <64,32,32> took 0.407534 (s) in 3 time steps
AutoTuner: Block shape <32,64,32> took 0.444661 (s) in 3 time steps
AutoTuner: Block shape <64,64,32> took 0.444718 (s) in 3 time steps
AutoTuner: Block shape <64,32,64> took 0.433969 (s) in 3 time steps
AutoTuner: Block shape <32,64,64> took 0.457275 (s) in 3 time steps
AutoTuner: Block shape <80,40,40> took 0.430144 (s) in 3 time steps
AutoTuner: Block shape <40,80,40> took 0.456549 (s) in 3 time steps
AutoTuner: Block shape <40,40,80> took 0.432353 (s) in 3 time steps
AutoTuner: Block shape <80,80,40> took 0.460689 (s) in 3 time steps
AutoTuner: Block shape <80,40,80> took 0.436955 (s) in 3 time steps
AutoTuner: Block shape <40,80,80> took 0.508690 (s) in 3 time steps
AutoTuner: Block shape <80,80,80> took 0.541428 (s) in 3 time steps
AutoTuner: Block shape <128,64,64> took 0.463032 (s) in 3 time steps
AutoTuner: Block shape <64,128,64> took 0.586381 (s) in 3 time steps
AutoTuner: Block shape <64,64,128> took 0.545428 (s) in 3 time steps
AutoTuner: Block shape <128,128,64> took 0.622038 (s) in 3 time steps
AutoTuner: Block shape <128,64,128> took 0.573122 (s) in 3 time steps
AutoTuner: Block shape <64,128,128> took 0.642315 (s) in 3 time steps
AutoTuner: Block shape <256,128,128> took 0.724776 (s) in 3 time steps
AutoTuner: Block shape <128,256,128> took 0.773327 (s) in 3 time steps
AutoTuner: Block shape <128,128,256> took 0.733752 (s) in 3 time steps
AutoTuner: Block shape <256,256,128> took 0.943558 (s) in 3 time steps
AutoTuner: Block shape <256,128,256> took 0.874945 (s) in 3 time steps
AutoTuner: Block shape <128,256,256> took 0.932400 (s) in 3 time steps
AutoTuner: Block shape <512,256,256> took 2.653657 (s) in 3 time steps
AutoTuner: Block shape <256,512,256> took 2.854077 (s) in 3 time steps
AutoTuner: Block shape <256,256,512> took 2.852079 (s) in 3 time steps
AutoTuner: Block shape <512,512,256> took 5.013237 (s) in 3 time steps
AutoTuner: Block shape <512,256,512> took 4.869512 (s) in 3 time steps
AutoTuner: Block shape <256,512,512> took 5.345608 (s) in 3 time steps
Auto-tuned block shape: {'x0_block_size': 16, 'y0_block_size': 16, 'z0_block_size': 64}
=========================================================================================
Section section_0<528,528,528> with OI=0.34 computed in 0.088 s [11.67 GFlops/s]
Section section_2<415,1> with OI=0.64 computed in 0.000 s [0.17 GFlops/s]
Section section_3<415,101> with OI=1.27 computed in 0.003 s [1.24 GFlops/s]
Section main<415,524,524,524> with OI=13.90 computed in 124.641 s [308.03 GFlops/s, 0.48 GPts/s]
=========================================================================================
Allocating memory for m ((532, 532, 532))
Allocating memory for damp ((532, 532, 532))
Allocating memory for epsilon ((532, 532, 532))
Allocating memory for delta ((532, 532, 532))
Allocating memory for theta ((532, 532, 532))
Allocating memory for phi ((532, 532, 532))
Allocating memory for src ((417, 1))
Allocating memory for src_coords ((1, 3))
Allocating memory for nrec_coords ((101, 3))
Allocating memory for rec_coords ((101, 3))
DSE: extract_time_varying [flops: 1417, elapsed: 0.11] >>
     extract_time_invariants [flops: 1145, elapsed: 0.06] >>
     eliminate_inter_stencil_redundancies [flops: 635, elapsed: 0.18] >>
     extract_sum_of_products [flops: 461, elapsed: 0.03] >>
     eliminate_inter_stencil_redundancies [flops: 307, elapsed: 0.05] >>
     extract_sum_of_products [flops: 264, elapsed: 0.01] >>
     factorize [flops: 202, elapsed: 0.11] >>
     eliminate_intra_stencil_redundancies [flops: 167, elapsed: 0.04] >>
     finalize [flops: 168, elapsed: 0.00]
     [Total elapsed: 0.60 s]
DLE: avoid_denormals [elapsed: 0.00] >>
     loop_fission [elapsed: 0.01] >>
     loop_blocking [elapsed: 0.30] >>
     simdize [elapsed: 0.04] >>
     ompize [elapsed: 0.04] >>
     create_elemental_functions [elapsed: 0.28] >>
     minimize_remainders [elapsed: 0.02]
     [Total elapsed: 0.69 s]
Allocating memory for rec ((417, 101))
Allocating memory for u ((3, 532, 532, 532))
Allocating memory for v ((3, 532, 532, 532))
IntelCompiler: compiled /tmp/devito-_j8exf7v/3e518cf6126bd4e67c0c5a6ad12c53ffe37eb9c7.c [2.67 s]
AutoTuner: Block shape <8,8,8> took 0.483126 (s) in 3 time steps
AutoTuner: Block shape <16,16,16> took 0.472136 (s) in 3 time steps
AutoTuner: Block shape <24,24,24> took 0.439855 (s) in 3 time steps
AutoTuner: Block shape <32,32,32> took 0.510832 (s) in 3 time steps
AutoTuner: Block shape <40,40,40> took 0.479394 (s) in 3 time steps
AutoTuner: Block shape <8,8,16> took 0.490765 (s) in 3 time steps
AutoTuner: Block shape <8,8,24> took 0.430947 (s) in 3 time steps
AutoTuner: Block shape <8,8,32> took 0.455282 (s) in 3 time steps
AutoTuner: Block shape <8,8,40> took 0.425431 (s) in 3 time steps
AutoTuner: Block shape <8,8,64> took 0.443577 (s) in 3 time steps
AutoTuner: Block shape <8,8,128> took 0.447085 (s) in 3 time steps
AutoTuner: Block shape <8,8,256> took 0.463897 (s) in 3 time steps
AutoTuner: Block shape <8,8,512> took 0.511402 (s) in 3 time steps
AutoTuner: Block shape <8,8,524> took 0.508768 (s) in 3 time steps
AutoTuner: Block shape <16,16,8> took 0.459414 (s) in 3 time steps
AutoTuner: Block shape <16,16,24> took 0.411292 (s) in 3 time steps
AutoTuner: Block shape <16,16,32> took 0.436284 (s) in 3 time steps
AutoTuner: Block shape <16,16,40> took 0.407935 (s) in 3 time steps
AutoTuner: Block shape <16,16,64> took 0.429723 (s) in 3 time steps
AutoTuner: Block shape <16,16,128> took 0.455057 (s) in 3 time steps
AutoTuner: Block shape <16,16,256> took 0.470440 (s) in 3 time steps
AutoTuner: Block shape <16,16,512> took 0.496060 (s) in 3 time steps
AutoTuner: Block shape <16,16,524> took 0.496922 (s) in 3 time steps
AutoTuner: Block shape <24,24,8> took 0.517531 (s) in 3 time steps
AutoTuner: Block shape <24,24,16> took 0.518746 (s) in 3 time steps
AutoTuner: Block shape <24,24,32> took 0.472672 (s) in 3 time steps
AutoTuner: Block shape <24,24,40> took 0.436545 (s) in 3 time steps
AutoTuner: Block shape <24,24,64> took 0.468710 (s) in 3 time steps
AutoTuner: Block shape <24,24,128> took 0.463969 (s) in 3 time steps
AutoTuner: Block shape <24,24,256> took 0.471726 (s) in 3 time steps
AutoTuner: Block shape <32,32,8> took 0.585502 (s) in 3 time steps
AutoTuner: Block shape <32,32,16> took 0.559953 (s) in 3 time steps
AutoTuner: Block shape <32,32,24> took 0.476292 (s) in 3 time steps
AutoTuner: Block shape <32,32,40> took 0.466876 (s) in 3 time steps
AutoTuner: Block shape <32,32,64> took 0.483849 (s) in 3 time steps
AutoTuner: Block shape <32,32,128> took 0.458030 (s) in 3 time steps
AutoTuner: Block shape <16,8,8> took 0.484535 (s) in 3 time steps
AutoTuner: Block shape <8,16,8> took 0.463515 (s) in 3 time steps
AutoTuner: Block shape <16,8,16> took 0.466466 (s) in 3 time steps
AutoTuner: Block shape <8,16,16> took 0.473390 (s) in 3 time steps
AutoTuner: Block shape <32,16,16> took 0.516672 (s) in 3 time steps
AutoTuner: Block shape <16,32,16> took 0.516384 (s) in 3 time steps
AutoTuner: Block shape <32,16,32> took 0.469199 (s) in 3 time steps
AutoTuner: Block shape <16,32,32> took 0.471849 (s) in 3 time steps
AutoTuner: Block shape <48,24,24> took 0.482010 (s) in 3 time steps
AutoTuner: Block shape <24,48,24> took 0.496341 (s) in 3 time steps
AutoTuner: Block shape <24,24,48> took 0.466447 (s) in 3 time steps
AutoTuner: Block shape <48,48,24> took 0.522012 (s) in 3 time steps
AutoTuner: Block shape <48,24,48> took 0.493267 (s) in 3 time steps
AutoTuner: Block shape <24,48,48> took 0.511514 (s) in 3 time steps
AutoTuner: Block shape <48,48,48> took 0.512541 (s) in 3 time steps
AutoTuner: Block shape <64,32,32> took 0.526224 (s) in 3 time steps
AutoTuner: Block shape <32,64,32> took 0.543028 (s) in 3 time steps
AutoTuner: Block shape <64,64,32> took 0.536534 (s) in 3 time steps
AutoTuner: Block shape <64,32,64> took 0.482233 (s) in 3 time steps
AutoTuner: Block shape <32,64,64> took 0.488805 (s) in 3 time steps
AutoTuner: Block shape <80,40,40> took 0.483620 (s) in 3 time steps
AutoTuner: Block shape <40,80,40> took 0.487678 (s) in 3 time steps
AutoTuner: Block shape <40,40,80> took 0.464456 (s) in 3 time steps
Auto-tuned block shape: {'x0_block_size': 16, 'y0_block_size': 16, 'z0_block_size': 40}
=========================================================================================
Section section_0<528,528,528> with OI=0.16 computed in 0.100 s [5.90 GFlops/s]
Section section_3<415,1> with OI=0.64 computed in 0.000 s [0.18 GFlops/s]
Section section_4<415,101> with OI=1.27 computed in 0.003 s [1.16 GFlops/s]
Section main<415,528,528,528> with OI=2.55 computed in 120.059 s [85.48 GFlops/s, 0.51 GPts/s]
=========================================================================================
Allocating memory for m ((532, 532, 532))
Allocating memory for damp ((532, 532, 532))
Allocating memory for epsilon ((532, 532, 532))
Allocating memory for delta ((532, 532, 532))
Allocating memory for theta ((532, 532, 532))
Allocating memory for phi ((532, 532, 532))
Allocating memory for src ((417, 1))
Allocating memory for src_coords ((1, 3))
Allocating memory for nrec_coords ((101, 3))
Allocating memory for rec_coords ((101, 3))
DSE: extract_time_varying [flops: 1417, elapsed: 0.11] >>
     extract_time_invariants [flops: 1145, elapsed: 0.06] >>
     eliminate_inter_stencil_redundancies [flops: 635, elapsed: 0.18] >>
     extract_sum_of_products [flops: 461, elapsed: 0.03] >>
     eliminate_inter_stencil_redundancies [flops: 307, elapsed: 0.05] >>
     extract_sum_of_products [flops: 264, elapsed: 0.01] >>
     factorize [flops: 202, elapsed: 0.11] >>
     eliminate_intra_stencil_redundancies [flops: 167, elapsed: 0.04] >>
     finalize [flops: 168, elapsed: 0.00]
     [Total elapsed: 0.60 s]
DLE: avoid_denormals [elapsed: 0.00] >>
     loop_fission [elapsed: 0.01] >>
     loop_blocking [elapsed: 0.30] >>
     simdize [elapsed: 0.04] >>
     ompize [elapsed: 0.04] >>
     create_elemental_functions [elapsed: 0.28] >>
     minimize_remainders [elapsed: 0.02]
     [Total elapsed: 0.68 s]
Allocating memory for rec ((417, 101))
Allocating memory for u ((3, 532, 532, 532))
Allocating memory for v ((3, 532, 532, 532))
IntelCompiler: compiled /tmp/devito-_j8exf7v/aa883eef83539bbac256c895d15a9722e231228a.c [2.68 s]
AutoTuner: Block shape <8,8,8> took 0.480427 (s) in 3 time steps
AutoTuner: Block shape <16,16,16> took 0.473511 (s) in 3 time steps
AutoTuner: Block shape <24,24,24> took 0.439579 (s) in 3 time steps
AutoTuner: Block shape <32,32,32> took 0.510932 (s) in 3 time steps
AutoTuner: Block shape <40,40,40> took 0.479256 (s) in 3 time steps
AutoTuner: Block shape <8,8,16> took 0.490568 (s) in 3 time steps
AutoTuner: Block shape <8,8,24> took 0.425831 (s) in 3 time steps
AutoTuner: Block shape <8,8,32> took 0.448539 (s) in 3 time steps
AutoTuner: Block shape <8,8,40> took 0.423860 (s) in 3 time steps
AutoTuner: Block shape <8,8,64> took 0.443330 (s) in 3 time steps
AutoTuner: Block shape <8,8,128> took 0.444711 (s) in 3 time steps
AutoTuner: Block shape <8,8,256> took 0.462196 (s) in 3 time steps
AutoTuner: Block shape <8,8,512> took 0.511743 (s) in 3 time steps
AutoTuner: Block shape <8,8,524> took 0.509012 (s) in 3 time steps
AutoTuner: Block shape <16,16,8> took 0.453794 (s) in 3 time steps
AutoTuner: Block shape <16,16,24> took 0.408812 (s) in 3 time steps
AutoTuner: Block shape <16,16,32> took 0.435248 (s) in 3 time steps
AutoTuner: Block shape <16,16,40> took 0.408379 (s) in 3 time steps
AutoTuner: Block shape <16,16,64> took 0.429127 (s) in 3 time steps
AutoTuner: Block shape <16,16,128> took 0.454323 (s) in 3 time steps
AutoTuner: Block shape <16,16,256> took 0.471138 (s) in 3 time steps
AutoTuner: Block shape <16,16,512> took 0.498855 (s) in 3 time steps
AutoTuner: Block shape <16,16,524> took 0.495514 (s) in 3 time steps
AutoTuner: Block shape <24,24,8> took 0.514950 (s) in 3 time steps
AutoTuner: Block shape <24,24,16> took 0.515711 (s) in 3 time steps
AutoTuner: Block shape <24,24,32> took 0.471970 (s) in 3 time steps
AutoTuner: Block shape <24,24,40> took 0.435061 (s) in 3 time steps
AutoTuner: Block shape <24,24,64> took 0.468443 (s) in 3 time steps
AutoTuner: Block shape <24,24,128> took 0.464818 (s) in 3 time steps
AutoTuner: Block shape <24,24,256> took 0.470740 (s) in 3 time steps
AutoTuner: Block shape <32,32,8> took 0.583516 (s) in 3 time steps
AutoTuner: Block shape <32,32,16> took 0.560379 (s) in 3 time steps
AutoTuner: Block shape <32,32,24> took 0.476954 (s) in 3 time steps
AutoTuner: Block shape <32,32,40> took 0.467663 (s) in 3 time steps
AutoTuner: Block shape <32,32,64> took 0.482614 (s) in 3 time steps
AutoTuner: Block shape <32,32,128> took 0.458934 (s) in 3 time steps
AutoTuner: Block shape <16,8,8> took 0.478726 (s) in 3 time steps
AutoTuner: Block shape <8,16,8> took 0.460604 (s) in 3 time steps
AutoTuner: Block shape <16,8,16> took 0.466966 (s) in 3 time steps
AutoTuner: Block shape <8,16,16> took 0.466776 (s) in 3 time steps
AutoTuner: Block shape <32,16,16> took 0.516186 (s) in 3 time steps
AutoTuner: Block shape <16,32,16> took 0.515161 (s) in 3 time steps
AutoTuner: Block shape <32,16,32> took 0.470765 (s) in 3 time steps
AutoTuner: Block shape <16,32,32> took 0.470866 (s) in 3 time steps
AutoTuner: Block shape <48,24,24> took 0.482316 (s) in 3 time steps
AutoTuner: Block shape <24,48,24> took 0.496812 (s) in 3 time steps
AutoTuner: Block shape <24,24,48> took 0.465642 (s) in 3 time steps
AutoTuner: Block shape <48,48,24> took 0.521716 (s) in 3 time steps
AutoTuner: Block shape <48,24,48> took 0.496921 (s) in 3 time steps
AutoTuner: Block shape <24,48,48> took 0.512545 (s) in 3 time steps
AutoTuner: Block shape <48,48,48> took 0.512987 (s) in 3 time steps
AutoTuner: Block shape <64,32,32> took 0.525254 (s) in 3 time steps
AutoTuner: Block shape <32,64,32> took 0.542637 (s) in 3 time steps
AutoTuner: Block shape <64,64,32> took 0.535595 (s) in 3 time steps
AutoTuner: Block shape <64,32,64> took 0.482501 (s) in 3 time steps
AutoTuner: Block shape <32,64,64> took 0.491008 (s) in 3 time steps
AutoTuner: Block shape <80,40,40> took 0.484822 (s) in 3 time steps
AutoTuner: Block shape <40,80,40> took 0.486631 (s) in 3 time steps
AutoTuner: Block shape <40,40,80> took 0.464492 (s) in 3 time steps
Auto-tuned block shape: {'x0_block_size': 16, 'y0_block_size': 16, 'z0_block_size': 40}
=========================================================================================
Section section_0<528,528,528> with OI=0.16 computed in 0.100 s [5.87 GFlops/s]
Section section_3<415,1> with OI=0.64 computed in 0.000 s [0.16 GFlops/s]
Section section_4<415,101> with OI=1.27 computed in 0.003 s [1.16 GFlops/s]
Section main<415,528,528,528> with OI=2.55 computed in 119.894 s [85.60 GFlops/s, 0.51 GPts/s]
=========================================================================================
Allocating memory for m ((532, 532, 532))
Allocating memory for damp ((532, 532, 532))
Allocating memory for epsilon ((532, 532, 532))
Allocating memory for delta ((532, 532, 532))
Allocating memory for theta ((532, 532, 532))
Allocating memory for phi ((532, 532, 532))
Allocating memory for src ((417, 1))
Allocating memory for src_coords ((1, 3))
Allocating memory for nrec_coords ((101, 3))
Allocating memory for rec_coords ((101, 3))
DSE: extract_time_varying [flops: 1417, elapsed: 0.11] >>
     extract_time_invariants [flops: 1145, elapsed: 0.06] >>
     eliminate_inter_stencil_redundancies [flops: 635, elapsed: 0.18] >>
     extract_sum_of_products [flops: 461, elapsed: 0.03] >>
     eliminate_inter_stencil_redundancies [flops: 307, elapsed: 0.05] >>
     extract_sum_of_products [flops: 264, elapsed: 0.01] >>
     factorize [flops: 202, elapsed: 0.11] >>
     eliminate_intra_stencil_redundancies [flops: 167, elapsed: 0.04] >>
     finalize [flops: 168, elapsed: 0.00]
     [Total elapsed: 0.60 s]
DLE: avoid_denormals [elapsed: 0.00] >>
     loop_fission [elapsed: 0.01] >>
     loop_blocking [elapsed: 0.30] >>
     simdize [elapsed: 0.04] >>
     ompize [elapsed: 0.04] >>
     create_elemental_functions [elapsed: 0.28] >>
     minimize_remainders [elapsed: 0.02]
     [Total elapsed: 0.69 s]
Allocating memory for rec ((417, 101))
Allocating memory for u ((3, 532, 532, 532))
Allocating memory for v ((3, 532, 532, 532))
IntelCompiler: compiled /tmp/devito-_j8exf7v/34ae205b9d00143ad398762a938f3657389c70a9.c [2.68 s]
AutoTuner: Block shape <8,8,8> took 0.481206 (s) in 3 time steps
AutoTuner: Block shape <16,16,16> took 0.468144 (s) in 3 time steps
AutoTuner: Block shape <24,24,24> took 0.440240 (s) in 3 time steps
AutoTuner: Block shape <32,32,32> took 0.510031 (s) in 3 time steps
AutoTuner: Block shape <40,40,40> took 0.479868 (s) in 3 time steps
AutoTuner: Block shape <8,8,16> took 0.487523 (s) in 3 time steps
AutoTuner: Block shape <8,8,24> took 0.432816 (s) in 3 time steps
AutoTuner: Block shape <8,8,32> took 0.450887 (s) in 3 time steps
AutoTuner: Block shape <8,8,40> took 0.426400 (s) in 3 time steps
AutoTuner: Block shape <8,8,64> took 0.443846 (s) in 3 time steps
AutoTuner: Block shape <8,8,128> took 0.445543 (s) in 3 time steps
AutoTuner: Block shape <8,8,256> took 0.464053 (s) in 3 time steps
AutoTuner: Block shape <8,8,512> took 0.512808 (s) in 3 time steps
AutoTuner: Block shape <8,8,524> took 0.509238 (s) in 3 time steps
AutoTuner: Block shape <16,16,8> took 0.458761 (s) in 3 time steps
AutoTuner: Block shape <16,16,24> took 0.410586 (s) in 3 time steps
AutoTuner: Block shape <16,16,32> took 0.437017 (s) in 3 time steps
AutoTuner: Block shape <16,16,40> took 0.406944 (s) in 3 time steps
AutoTuner: Block shape <16,16,64> took 0.429344 (s) in 3 time steps
AutoTuner: Block shape <16,16,128> took 0.454046 (s) in 3 time steps
AutoTuner: Block shape <16,16,256> took 0.469867 (s) in 3 time steps
AutoTuner: Block shape <16,16,512> took 0.499302 (s) in 3 time steps
AutoTuner: Block shape <16,16,524> took 0.495977 (s) in 3 time steps
AutoTuner: Block shape <24,24,8> took 0.518202 (s) in 3 time steps
AutoTuner: Block shape <24,24,16> took 0.519215 (s) in 3 time steps
AutoTuner: Block shape <24,24,32> took 0.471730 (s) in 3 time steps
AutoTuner: Block shape <24,24,40> took 0.435131 (s) in 3 time steps
AutoTuner: Block shape <24,24,64> took 0.468188 (s) in 3 time steps
AutoTuner: Block shape <24,24,128> took 0.463327 (s) in 3 time steps
AutoTuner: Block shape <24,24,256> took 0.473133 (s) in 3 time steps
AutoTuner: Block shape <32,32,8> took 0.583865 (s) in 3 time steps
AutoTuner: Block shape <32,32,16> took 0.559743 (s) in 3 time steps
AutoTuner: Block shape <32,32,24> took 0.477593 (s) in 3 time steps
AutoTuner: Block shape <32,32,40> took 0.467986 (s) in 3 time steps
AutoTuner: Block shape <32,32,64> took 0.483711 (s) in 3 time steps
AutoTuner: Block shape <32,32,128> took 0.457103 (s) in 3 time steps
AutoTuner: Block shape <16,8,8> took 0.483232 (s) in 3 time steps
AutoTuner: Block shape <8,16,8> took 0.465008 (s) in 3 time steps
AutoTuner: Block shape <16,8,16> took 0.466390 (s) in 3 time steps
AutoTuner: Block shape <8,16,16> took 0.470139 (s) in 3 time steps
AutoTuner: Block shape <32,16,16> took 0.517077 (s) in 3 time steps
AutoTuner: Block shape <16,32,16> took 0.516213 (s) in 3 time steps
AutoTuner: Block shape <32,16,32> took 0.468935 (s) in 3 time steps
AutoTuner: Block shape <16,32,32> took 0.470762 (s) in 3 time steps
AutoTuner: Block shape <48,24,24> took 0.481848 (s) in 3 time steps
AutoTuner: Block shape <24,48,24> took 0.496235 (s) in 3 time steps
AutoTuner: Block shape <24,24,48> took 0.465577 (s) in 3 time steps
AutoTuner: Block shape <48,48,24> took 0.521621 (s) in 3 time steps
AutoTuner: Block shape <48,24,48> took 0.496536 (s) in 3 time steps
AutoTuner: Block shape <24,48,48> took 0.510472 (s) in 3 time steps
AutoTuner: Block shape <48,48,48> took 0.513485 (s) in 3 time steps
AutoTuner: Block shape <64,32,32> took 0.525374 (s) in 3 time steps
AutoTuner: Block shape <32,64,32> took 0.542420 (s) in 3 time steps
AutoTuner: Block shape <64,64,32> took 0.536084 (s) in 3 time steps
AutoTuner: Block shape <64,32,64> took 0.483239 (s) in 3 time steps
AutoTuner: Block shape <32,64,64> took 0.490296 (s) in 3 time steps
AutoTuner: Block shape <80,40,40> took 0.483222 (s) in 3 time steps
AutoTuner: Block shape <40,80,40> took 0.486793 (s) in 3 time steps
AutoTuner: Block shape <40,40,80> took 0.464173 (s) in 3 time steps
Auto-tuned block shape: {'x0_block_size': 16, 'y0_block_size': 16, 'z0_block_size': 40}
=========================================================================================
Section section_0<528,528,528> with OI=0.16 computed in 0.100 s [5.88 GFlops/s]
Section section_3<415,1> with OI=0.64 computed in 0.000 s [0.18 GFlops/s]
Section section_4<415,101> with OI=1.27 computed in 0.004 s [1.00 GFlops/s]
Section main<415,528,528,528> with OI=2.55 computed in 119.837 s [85.64 GFlops/s, 0.51 GPts/s]
=========================================================================================


OpesciBench: Running 3 repeats - parameters: arch: unknown, autotune: True, dle: advanced, dse: basic, nbpml: 10, shape: (512, 512, 512), space_order: 8, spacing: (20.0, 20.0, 20.0), time_order: 2, tn: 1000
OpesciBench [17:57:38]: --- Run 0 ---
icc -O3 -g -fPIC -Wall -std=c99 -xhost -shared -qopenmp /tmp/devito-_j8exf7v/ba427f586b373f72dc393d0a742487c3c926b358.c -o /tmp/devito-_j8exf7v/ba427f586b373f72dc393d0a742487c3c926b358.so
OpesciBench [18:04:18]: --- Run 0 finished ---

OpesciBench [18:04:18]: --- Run 1 ---
icc -O3 -g -fPIC -Wall -std=c99 -xhost -shared -qopenmp /tmp/devito-_j8exf7v/ba427f586b373f72dc393d0a742487c3c926b358.c -o /tmp/devito-_j8exf7v/ba427f586b373f72dc393d0a742487c3c926b358.so
OpesciBench [18:11:01]: --- Run 1 finished ---

OpesciBench [18:11:01]: --- Run 2 ---
icc -O3 -g -fPIC -Wall -std=c99 -xhost -shared -qopenmp /tmp/devito-_j8exf7v/ba427f586b373f72dc393d0a742487c3c926b358.c -o /tmp/devito-_j8exf7v/ba427f586b373f72dc393d0a742487c3c926b358.so
OpesciBench [18:17:43]: --- Run 2 finished ---





OpesciBench: Running 3 repeats - parameters: arch: unknown, autotune: True, dle: advanced, dse: advanced, nbpml: 10, shape: (512, 512, 512), space_order: 8, spacing: (20.0, 20.0, 20.0), time_order: 2, tn: 1000
OpesciBench [18:17:43]: --- Run 0 ---
icc -O3 -g -fPIC -Wall -std=c99 -xhost -shared -qopenmp /tmp/devito-_j8exf7v/4b36f3748a151cfc18654e93621d5a6863c83da0.c -o /tmp/devito-_j8exf7v/4b36f3748a151cfc18654e93621d5a6863c83da0.so
OpesciBench [18:21:52]: --- Run 0 finished ---

OpesciBench [18:21:52]: --- Run 1 ---
icc -O3 -g -fPIC -Wall -std=c99 -xhost -shared -qopenmp /tmp/devito-_j8exf7v/4b36f3748a151cfc18654e93621d5a6863c83da0.c -o /tmp/devito-_j8exf7v/4b36f3748a151cfc18654e93621d5a6863c83da0.so
OpesciBench [18:26:00]: --- Run 1 finished ---

OpesciBench [18:26:00]: --- Run 2 ---
icc -O3 -g -fPIC -Wall -std=c99 -xhost -shared -qopenmp /tmp/devito-_j8exf7v/4b36f3748a151cfc18654e93621d5a6863c83da0.c -o /tmp/devito-_j8exf7v/4b36f3748a151cfc18654e93621d5a6863c83da0.so
OpesciBench [18:30:09]: --- Run 2 finished ---





OpesciBench: Running 3 repeats - parameters: arch: unknown, autotune: True, dle: advanced, dse: aggressive, nbpml: 10, shape: (512, 512, 512), space_order: 8, spacing: (20.0, 20.0, 20.0), time_order: 2, tn: 1000
OpesciBench [18:30:09]: --- Run 0 ---
icc -O3 -g -fPIC -Wall -std=c99 -xhost -shared -qopenmp /tmp/devito-_j8exf7v/3e518cf6126bd4e67c0c5a6ad12c53ffe37eb9c7.c -o /tmp/devito-_j8exf7v/3e518cf6126bd4e67c0c5a6ad12c53ffe37eb9c7.so
OpesciBench [18:33:02]: --- Run 0 finished ---

OpesciBench [18:33:02]: --- Run 1 ---
icc -O3 -g -fPIC -Wall -std=c99 -xhost -shared -qopenmp /tmp/devito-_j8exf7v/aa883eef83539bbac256c895d15a9722e231228a.c -o /tmp/devito-_j8exf7v/aa883eef83539bbac256c895d15a9722e231228a.so
OpesciBench [18:35:54]: --- Run 1 finished ---

OpesciBench [18:35:54]: --- Run 2 ---
icc -O3 -g -fPIC -Wall -std=c99 -xhost -shared -qopenmp /tmp/devito-_j8exf7v/34ae205b9d00143ad398762a938f3657389c70a9.c -o /tmp/devito-_j8exf7v/34ae205b9d00143ad398762a938f3657389c70a9.so
OpesciBench [18:38:47]: --- Run 2 finished ---



Thu Dec 21 18:38:47 PST 2017
top - 18:38:47 up 6 days,  4:01,  1 user,  load average: 38.56, 34.14, 31.91
Tasks: 715 total,   1 running, 714 sleeping,   0 stopped,   0 zombie
%Cpu(s): 10.9 us,  0.2 sy,  0.0 ni, 88.9 id,  0.0 wa,  0.0 hi,  0.0 si,  0.0 st
KiB Mem : 19652252+total, 18509097+free,  1874460 used,  9557084 buff/cache
KiB Swap:  4194300 total,  4124516 free,    69784 used. 19359928+avail Mem 

   PID USER      PR  NI    VIRT    RES    SHR S  %CPU %MEM     TIME+ COMMAND
450072 cyount    20   0  162512   2964   1888 R   6.7  0.0   0:00.03 top
     1 root      20   0  197536   2864   1516 S   0.0  0.0   0:30.37 systemd
     2 root      20   0       0      0      0 S   0.0  0.0   0:00.06 kthreadd
     3 root      20   0       0      0      0 S   0.0  0.0   0:00.31 ksoftirqd/0
     5 root       0 -20       0      0      0 S   0.0  0.0   0:00.00 kworker/0:0H
     6 root      20   0       0      0      0 S   0.0  0.0   0:14.39 kworker/u896:0
     8 root      rt   0       0      0      0 S   0.0  0.0   0:00.78 migration/0
     9 root      20   0       0      0      0 S   0.0  0.0   0:00.00 rcu_bh
    10 root      20   0       0      0      0 S   0.0  0.0   0:51.25 rcu_sched
    11 root      rt   0       0      0      0 S   0.0  0.0   0:02.14 watchdog/0
    12 root      rt   0       0      0      0 S   0.0  0.0   0:01.50 watchdog/1
    13 root      rt   0       0      0      0 S   0.0  0.0   0:00.83 migration/1
    14 root      20   0       0      0      0 S   0.0  0.0   0:00.02 ksoftirqd/1
    16 root       0 -20       0      0      0 S   0.0  0.0   0:00.00 kworker/1:0H
    17 root      rt   0       0      0      0 S   0.0  0.0   0:01.46 watchdog/2
    18 root      rt   0       0      0      0 S   0.0  0.0   0:00.78 migration/2
    19 root      20   0       0      0      0 S   0.0  0.0   0:00.02 ksoftirqd/2
    22 root      rt   0       0      0      0 S   0.0  0.0   0:01.52 watchdog/3
    23 root      rt   0       0      0      0 S   0.0  0.0   0:00.84 migration/3
    24 root      20   0       0      0      0 S   0.0  0.0   0:00.01 ksoftirqd/3
    27 root      rt   0       0      0      0 S   0.0  0.0   0:01.46 watchdog/4
    28 root      rt   0       0      0      0 S   0.0  0.0   0:00.81 migration/4
    29 root      20   0       0      0      0 S   0.0  0.0   0:00.01 ksoftirqd/4
