Thu Dec 21 10:13:16 PST 2017
Linux ortce-skl3 3.10.0-327.el7.x86_64 #1 SMP Thu Oct 29 17:29:29 EDT 2015 x86_64 x86_64 x86_64 GNU/Linux
Architecture:          x86_64
CPU op-mode(s):        32-bit, 64-bit
Byte Order:            Little Endian
CPU(s):                112
On-line CPU(s) list:   0-111
Thread(s) per core:    2
Core(s) per socket:    28
Socket(s):             2
NUMA node(s):          2
Vendor ID:             GenuineIntel
CPU family:            6
Model:                 85
Model name:            Intel(R) Xeon(R) Platinum 8180 CPU @ 2.50GHz
Stepping:              4
CPU MHz:               2501.000
BogoMIPS:              4993.64
Virtualization:        VT-x
L1d cache:             32K
L1i cache:             32K
L2 cache:              1024K
L3 cache:              39424K
NUMA node0 CPU(s):     0-27,56-83
NUMA node1 CPU(s):     28-55,84-111
Linux ortce-skl3 3.10.0-327.el7.x86_64 #1 SMP Thu Oct 29 17:29:29 EDT 2015 x86_64 x86_64 x86_64 GNU/Linux
available: 2 nodes (0-1)
node 0 cpus: 0 1 2 3 4 5 6 7 8 9 10 11 12 13 14 15 16 17 18 19 20 21 22 23 24 25 26 27 56 57 58 59 60 61 62 63 64 65 66 67 68 69 70 71 72 73 74 75 76 77 78 79 80 81 82 83
node 0 size: 96973 MB
node 0 free: 90404 MB
node 1 cpus: 28 29 30 31 32 33 34 35 36 37 38 39 40 41 42 43 44 45 46 47 48 49 50 51 52 53 54 55 84 85 86 87 88 89 90 91 92 93 94 95 96 97 98 99 100 101 102 103 104 105 106 107 108 109 110 111
node 1 size: 98304 MB
node 1 free: 92937 MB
node distances:
node   0   1 
  0:  10  21 
  1:  21  10 

Per-node system memory usage (in MBs):
                          Node 0          Node 1           Total
                 --------------- --------------- ---------------
MemTotal                96973.63        98304.00       195277.63
MemFree                 90404.07        92937.93       183342.00
MemUsed                  6569.56         5366.07        11935.63
Active                    367.57          556.43          924.00
Inactive                 2570.75         2165.66         4736.41
Active(anon)              192.85           17.58          210.43
Inactive(anon)           1559.70          675.67         2235.37
Active(file)              174.72          538.85          713.57
Inactive(file)           1011.06         1489.99         2501.05
Unevictable                 0.00            0.00            0.00
Mlocked                     0.00            0.00            0.00
Dirty                       0.00            0.00            0.00
Writeback                   0.00            0.00            0.00
FilePages                2719.32         2699.05         5418.38
Mapped                     39.60           11.32           50.92
AnonPages                 268.07           27.11          295.18
Shmem                      14.21            2.65           16.86
KernelStack                33.19            9.55           42.73
PageTables                 28.26           22.37           50.62
NFS_Unstable                0.00            0.00            0.00
Bounce                      0.00            0.00            0.00
WritebackTmp                0.00            0.00            0.00
Slab                      393.10          335.45          728.55
SReclaimable              203.09          140.95          344.04
SUnreclaim                190.01          194.51          384.52
AnonHugePages              90.00            2.00           92.00
HugePages_Total             0.00            0.00            0.00
HugePages_Free              0.00            0.00            0.00
HugePages_Surp              0.00            0.00            0.00
top - 10:13:17 up 22 days,  1:02,  3 users,  load average: 46.76, 34.37, 20.19
Tasks: 1953 total,   1 running, 1952 sleeping,   0 stopped,   0 zombie
%Cpu(s):  5.1 us,  0.1 sy,  0.0 ni, 94.8 id,  0.0 wa,  0.0 hi,  0.0 si,  0.0 st
KiB Mem : 19652648+total, 18773990+free,  4731492 used,  4055080 buff/cache
KiB Swap: 50331644 total, 47136364 free,  3195280 used. 19104611+avail Mem 

   PID USER      PR  NI    VIRT    RES    SHR S  %CPU %MEM     TIME+ COMMAND
 51914 cyount    20   0  152236   3932   1472 R  11.8  0.0   0:00.02 top
     1 root      20   0  197856   6604   1468 S   0.0  0.0   1:10.15 systemd
     2 root      20   0       0      0      0 S   0.0  0.0   0:00.29 kthreadd
     3 root      20   0       0      0      0 S   0.0  0.0   0:00.10 ksoftirqd/0
     5 root       0 -20       0      0      0 S   0.0  0.0   0:00.00 kworker/0:0H
     8 root      rt   0       0      0      0 S   0.0  0.0   0:01.43 migration/0
     9 root      20   0       0      0      0 S   0.0  0.0   0:00.00 rcu_bh
    10 root      20   0       0      0      0 S   0.0  0.0   0:00.00 rcuob/0
    11 root      20   0       0      0      0 S   0.0  0.0   0:00.00 rcuob/1
    12 root      20   0       0      0      0 S   0.0  0.0   0:00.00 rcuob/2
    13 root      20   0       0      0      0 S   0.0  0.0   0:00.00 rcuob/3
    14 root      20   0       0      0      0 S   0.0  0.0   0:00.00 rcuob/4
    15 root      20   0       0      0      0 S   0.0  0.0   0:00.00 rcuob/5
    16 root      20   0       0      0      0 S   0.0  0.0   0:00.00 rcuob/6
    17 root      20   0       0      0      0 S   0.0  0.0   0:00.00 rcuob/7
    18 root      20   0       0      0      0 S   0.0  0.0   0:00.00 rcuob/8
    19 root      20   0       0      0      0 S   0.0  0.0   0:00.00 rcuob/9
    20 root      20   0       0      0      0 S   0.0  0.0   0:00.00 rcuob/10
    21 root      20   0       0      0      0 S   0.0  0.0   0:00.00 rcuob/11
    22 root      20   0       0      0      0 S   0.0  0.0   0:00.00 rcuob/12
    23 root      20   0       0      0      0 S   0.0  0.0   0:00.00 rcuob/13
    24 root      20   0       0      0      0 S   0.0  0.0   0:00.00 rcuob/14
    25 root      20   0       0      0      0 S   0.0  0.0   0:00.00 rcuob/15
env DEVITO_PLATFORM=skx DEVITO_ISA=avx512 DEVITO_DEBUG_COMPILER=1 DEVITO_DLE_OPTIONS=blockinner:True DEVITO_AUTOTUNING=aggressive DEVITO_BACKEND=core DEVITO_OPENMP=1 DEVITO_ARCH=intel DEVITO_LOGGING=DEBUG DEVITO_YASK_AUTOTUNING=preemptive DEVITO_YASK_DUMP=devito.bench.2017-12-21/tti/core/bmO3/ortce-skl3/grid512/so8 numactl --cpubind=1 python examples/seismic/benchmark.py bench -bm O3 -P tti -so 8 -to 2 -d 512 512 512 --tn 1000 -x 3 -r devito.bench.2017-12-21/tti/core/bmO3/ortce-skl3/grid512/so8
Allocating memory for m ((532, 532, 532))
Allocating memory for damp ((532, 532, 532))
Allocating memory for epsilon ((532, 532, 532))
Allocating memory for delta ((532, 532, 532))
Allocating memory for theta ((532, 532, 532))
Allocating memory for phi ((532, 532, 532))
Allocating memory for src ((417, 1))
Allocating memory for src_coords ((1, 3))
Allocating memory for nrec_coords ((101, 3))
Allocating memory for rec_coords ((101, 3))
DSE: extract_time_varying [flops: 1417, elapsed: 0.11] >>
     extract_time_invariants [flops: 1145, elapsed: 0.06] >>
     eliminate_inter_stencil_redundancies [flops: 635, elapsed: 0.18] >>
     extract_sum_of_products [flops: 461, elapsed: 0.03] >>
     eliminate_inter_stencil_redundancies [flops: 307, elapsed: 0.05] >>
     extract_sum_of_products [flops: 264, elapsed: 0.01] >>
     factorize [flops: 202, elapsed: 0.11] >>
     eliminate_intra_stencil_redundancies [flops: 167, elapsed: 0.04] >>
     finalize [flops: 168, elapsed: 0.00]
     [Total elapsed: 0.59 s]
DLE: avoid_denormals [elapsed: 0.00] >>
     loop_fission [elapsed: 0.01] >>
     loop_blocking [elapsed: 0.32] >>
     simdize [elapsed: 0.17] >>
     ompize [elapsed: 0.04] >>
     create_elemental_functions [elapsed: 0.28] >>
     minimize_remainders [elapsed: 0.02]
     [Total elapsed: 0.83 s]
Allocating memory for rec ((417, 101))
Allocating memory for u ((3, 532, 532, 532))
Allocating memory for v ((3, 532, 532, 532))
IntelCompiler: compiled /tmp/devito-x81kl0lv/57a0a91cc3ec8f6c912f3eef8e6832d729b9c276.c [2.53 s]
AutoTuner: Block shape <8,8,8> took 0.381739 (s) in 3 time steps
AutoTuner: Block shape <16,16,16> took 0.363599 (s) in 3 time steps
AutoTuner: Block shape <24,24,24> took 0.377208 (s) in 3 time steps
AutoTuner: Block shape <32,32,32> took 0.442083 (s) in 3 time steps
AutoTuner: Block shape <40,40,40> took 0.417424 (s) in 3 time steps
AutoTuner: Block shape <8,8,16> took 0.378795 (s) in 3 time steps
AutoTuner: Block shape <8,8,24> took 0.348899 (s) in 3 time steps
AutoTuner: Block shape <8,8,32> took 0.359460 (s) in 3 time steps
AutoTuner: Block shape <8,8,40> took 0.344582 (s) in 3 time steps
AutoTuner: Block shape <8,8,64> took 0.352081 (s) in 3 time steps
AutoTuner: Block shape <8,8,128> took 0.358356 (s) in 3 time steps
AutoTuner: Block shape <8,8,256> took 0.394414 (s) in 3 time steps
AutoTuner: Block shape <8,8,512> took 0.439681 (s) in 3 time steps
AutoTuner: Block shape <8,8,524> took 0.437848 (s) in 3 time steps
AutoTuner: Block shape <16,16,8> took 0.354166 (s) in 3 time steps
AutoTuner: Block shape <16,16,24> took 0.331366 (s) in 3 time steps
AutoTuner: Block shape <16,16,32> took 0.353075 (s) in 3 time steps
AutoTuner: Block shape <16,16,40> took 0.335561 (s) in 3 time steps
AutoTuner: Block shape <16,16,64> took 0.365880 (s) in 3 time steps
AutoTuner: Block shape <16,16,128> took 0.392119 (s) in 3 time steps
AutoTuner: Block shape <16,16,256> took 0.404190 (s) in 3 time steps
AutoTuner: Block shape <16,16,512> took 0.435983 (s) in 3 time steps
AutoTuner: Block shape <16,16,524> took 0.434219 (s) in 3 time steps
AutoTuner: Block shape <24,24,8> took 0.408287 (s) in 3 time steps
AutoTuner: Block shape <24,24,16> took 0.425878 (s) in 3 time steps
AutoTuner: Block shape <24,24,32> took 0.409778 (s) in 3 time steps
AutoTuner: Block shape <24,24,40> took 0.380143 (s) in 3 time steps
AutoTuner: Block shape <24,24,64> took 0.401709 (s) in 3 time steps
AutoTuner: Block shape <24,24,128> took 0.401613 (s) in 3 time steps
AutoTuner: Block shape <24,24,256> took 0.401759 (s) in 3 time steps
AutoTuner: Block shape <32,32,8> took 0.496092 (s) in 3 time steps
AutoTuner: Block shape <32,32,16> took 0.483792 (s) in 3 time steps
AutoTuner: Block shape <32,32,24> took 0.414484 (s) in 3 time steps
AutoTuner: Block shape <32,32,40> took 0.403934 (s) in 3 time steps
AutoTuner: Block shape <32,32,64> took 0.420127 (s) in 3 time steps
AutoTuner: Block shape <32,32,128> took 0.397115 (s) in 3 time steps
AutoTuner: Block shape <16,8,8> took 0.368756 (s) in 3 time steps
AutoTuner: Block shape <8,16,8> took 0.360102 (s) in 3 time steps
AutoTuner: Block shape <16,8,16> took 0.364416 (s) in 3 time steps
AutoTuner: Block shape <8,16,16> took 0.357036 (s) in 3 time steps
AutoTuner: Block shape <32,16,16> took 0.419630 (s) in 3 time steps
AutoTuner: Block shape <16,32,16> took 0.417023 (s) in 3 time steps
AutoTuner: Block shape <32,16,32> took 0.407073 (s) in 3 time steps
AutoTuner: Block shape <16,32,32> took 0.409356 (s) in 3 time steps
AutoTuner: Block shape <48,24,24> took 0.422341 (s) in 3 time steps
AutoTuner: Block shape <24,48,24> took 0.430767 (s) in 3 time steps
AutoTuner: Block shape <24,24,48> took 0.402033 (s) in 3 time steps
AutoTuner: Block shape <48,48,24> took 0.452341 (s) in 3 time steps
AutoTuner: Block shape <48,24,48> took 0.425429 (s) in 3 time steps
AutoTuner: Block shape <24,48,48> took 0.442341 (s) in 3 time steps
AutoTuner: Block shape <48,48,48> took 0.447541 (s) in 3 time steps
AutoTuner: Block shape <64,32,32> took 0.455216 (s) in 3 time steps
AutoTuner: Block shape <32,64,32> took 0.472593 (s) in 3 time steps
AutoTuner: Block shape <64,64,32> took 0.471297 (s) in 3 time steps
AutoTuner: Block shape <64,32,64> took 0.422192 (s) in 3 time steps
AutoTuner: Block shape <32,64,64> took 0.426799 (s) in 3 time steps
AutoTuner: Block shape <80,40,40> took 0.425815 (s) in 3 time steps
AutoTuner: Block shape <40,80,40> took 0.432978 (s) in 3 time steps
AutoTuner: Block shape <40,40,80> took 0.408157 (s) in 3 time steps
Auto-tuned block shape: {'x0_block_size': 16, 'y0_block_size': 16, 'z0_block_size': 24}
=========================================================================================
Section section_0<528,528,528> with OI=0.16 computed in 0.097 s [6.09 GFlops/s]
Section section_3<415,1> with OI=0.64 computed in 0.000 s [0.19 GFlops/s]
Section section_4<415,101> with OI=1.27 computed in 0.003 s [1.17 GFlops/s]
Section main<415,528,528,528> with OI=2.55 computed in 91.140 s [112.60 GFlops/s, 0.67 GPts/s]
=========================================================================================
Allocating memory for m ((532, 532, 532))
Allocating memory for damp ((532, 532, 532))
Allocating memory for epsilon ((532, 532, 532))
Allocating memory for delta ((532, 532, 532))
Allocating memory for theta ((532, 532, 532))
Allocating memory for phi ((532, 532, 532))
Allocating memory for src ((417, 1))
Allocating memory for src_coords ((1, 3))
Allocating memory for nrec_coords ((101, 3))
Allocating memory for rec_coords ((101, 3))
DSE: extract_time_varying [flops: 1417, elapsed: 0.11] >>
     extract_time_invariants [flops: 1145, elapsed: 0.06] >>
     eliminate_inter_stencil_redundancies [flops: 635, elapsed: 0.18] >>
     extract_sum_of_products [flops: 461, elapsed: 0.03] >>
     eliminate_inter_stencil_redundancies [flops: 307, elapsed: 0.05] >>
     extract_sum_of_products [flops: 264, elapsed: 0.01] >>
     factorize [flops: 202, elapsed: 0.11] >>
     eliminate_intra_stencil_redundancies [flops: 167, elapsed: 0.04] >>
     finalize [flops: 168, elapsed: 0.00]
     [Total elapsed: 0.59 s]
DLE: avoid_denormals [elapsed: 0.00] >>
     loop_fission [elapsed: 0.01] >>
     loop_blocking [elapsed: 0.32] >>
     simdize [elapsed: 0.04] >>
     ompize [elapsed: 0.04] >>
     create_elemental_functions [elapsed: 0.27] >>
     minimize_remainders [elapsed: 0.02]
     [Total elapsed: 0.70 s]
Allocating memory for rec ((417, 101))
Allocating memory for u ((3, 532, 532, 532))
Allocating memory for v ((3, 532, 532, 532))
IntelCompiler: compiled /tmp/devito-x81kl0lv/8fb524f2226c63207552cd85790b4b1ec41ce497.c [2.54 s]
AutoTuner: Block shape <8,8,8> took 0.360166 (s) in 3 time steps
AutoTuner: Block shape <16,16,16> took 0.360673 (s) in 3 time steps
AutoTuner: Block shape <24,24,24> took 0.377448 (s) in 3 time steps
AutoTuner: Block shape <32,32,32> took 0.437139 (s) in 3 time steps
AutoTuner: Block shape <40,40,40> took 0.412581 (s) in 3 time steps
AutoTuner: Block shape <8,8,16> took 0.369696 (s) in 3 time steps
AutoTuner: Block shape <8,8,24> took 0.336182 (s) in 3 time steps
AutoTuner: Block shape <8,8,32> took 0.351049 (s) in 3 time steps
AutoTuner: Block shape <8,8,40> took 0.334652 (s) in 3 time steps
AutoTuner: Block shape <8,8,64> took 0.346225 (s) in 3 time steps
AutoTuner: Block shape <8,8,128> took 0.358069 (s) in 3 time steps
AutoTuner: Block shape <8,8,256> took 0.393709 (s) in 3 time steps
AutoTuner: Block shape <8,8,512> took 0.439919 (s) in 3 time steps
AutoTuner: Block shape <8,8,524> took 0.437118 (s) in 3 time steps
AutoTuner: Block shape <16,16,8> took 0.342576 (s) in 3 time steps
AutoTuner: Block shape <16,16,24> took 0.325769 (s) in 3 time steps
AutoTuner: Block shape <16,16,32> took 0.350985 (s) in 3 time steps
AutoTuner: Block shape <16,16,40> took 0.334161 (s) in 3 time steps
AutoTuner: Block shape <16,16,64> took 0.365703 (s) in 3 time steps
AutoTuner: Block shape <16,16,128> took 0.391681 (s) in 3 time steps
AutoTuner: Block shape <16,16,256> took 0.404851 (s) in 3 time steps
AutoTuner: Block shape <16,16,512> took 0.437571 (s) in 3 time steps
AutoTuner: Block shape <16,16,524> took 0.436007 (s) in 3 time steps
AutoTuner: Block shape <24,24,8> took 0.407305 (s) in 3 time steps
AutoTuner: Block shape <24,24,16> took 0.427280 (s) in 3 time steps
AutoTuner: Block shape <24,24,32> took 0.409863 (s) in 3 time steps
AutoTuner: Block shape <24,24,40> took 0.378798 (s) in 3 time steps
AutoTuner: Block shape <24,24,64> took 0.397256 (s) in 3 time steps
AutoTuner: Block shape <24,24,128> took 0.397939 (s) in 3 time steps
AutoTuner: Block shape <24,24,256> took 0.401396 (s) in 3 time steps
AutoTuner: Block shape <32,32,8> took 0.494918 (s) in 3 time steps
AutoTuner: Block shape <32,32,16> took 0.484454 (s) in 3 time steps
AutoTuner: Block shape <32,32,24> took 0.410928 (s) in 3 time steps
AutoTuner: Block shape <32,32,40> took 0.399367 (s) in 3 time steps
AutoTuner: Block shape <32,32,64> took 0.413246 (s) in 3 time steps
AutoTuner: Block shape <32,32,128> took 0.396554 (s) in 3 time steps
AutoTuner: Block shape <16,8,8> took 0.350747 (s) in 3 time steps
AutoTuner: Block shape <8,16,8> took 0.343163 (s) in 3 time steps
AutoTuner: Block shape <16,8,16> took 0.359819 (s) in 3 time steps
AutoTuner: Block shape <8,16,16> took 0.355951 (s) in 3 time steps
AutoTuner: Block shape <32,16,16> took 0.421099 (s) in 3 time steps
AutoTuner: Block shape <16,32,16> took 0.419437 (s) in 3 time steps
AutoTuner: Block shape <32,16,32> took 0.405796 (s) in 3 time steps
AutoTuner: Block shape <16,32,32> took 0.407149 (s) in 3 time steps
AutoTuner: Block shape <48,24,24> took 0.419926 (s) in 3 time steps
AutoTuner: Block shape <24,48,24> took 0.426853 (s) in 3 time steps
AutoTuner: Block shape <24,24,48> took 0.400195 (s) in 3 time steps
AutoTuner: Block shape <48,48,24> took 0.446769 (s) in 3 time steps
AutoTuner: Block shape <48,24,48> took 0.419465 (s) in 3 time steps
AutoTuner: Block shape <24,48,48> took 0.437410 (s) in 3 time steps
AutoTuner: Block shape <48,48,48> took 0.441974 (s) in 3 time steps
AutoTuner: Block shape <64,32,32> took 0.450025 (s) in 3 time steps
AutoTuner: Block shape <32,64,32> took 0.468105 (s) in 3 time steps
AutoTuner: Block shape <64,64,32> took 0.464266 (s) in 3 time steps
AutoTuner: Block shape <64,32,64> took 0.413878 (s) in 3 time steps
AutoTuner: Block shape <32,64,64> took 0.424327 (s) in 3 time steps
AutoTuner: Block shape <80,40,40> took 0.419326 (s) in 3 time steps
AutoTuner: Block shape <40,80,40> took 0.428739 (s) in 3 time steps
AutoTuner: Block shape <40,40,80> took 0.405122 (s) in 3 time steps
Auto-tuned block shape: {'x0_block_size': 16, 'y0_block_size': 16, 'z0_block_size': 24}
=========================================================================================
Section section_0<528,528,528> with OI=0.16 computed in 0.096 s [6.11 GFlops/s]
Section section_3<415,1> with OI=0.64 computed in 0.000 s [0.20 GFlops/s]
Section section_4<415,101> with OI=1.27 computed in 0.003 s [1.19 GFlops/s]
Section main<415,528,528,528> with OI=2.55 computed in 92.790 s [110.60 GFlops/s, 0.66 GPts/s]
=========================================================================================
Allocating memory for m ((532, 532, 532))
Allocating memory for damp ((532, 532, 532))
Allocating memory for epsilon ((532, 532, 532))
Allocating memory for delta ((532, 532, 532))
Allocating memory for theta ((532, 532, 532))
Allocating memory for phi ((532, 532, 532))
Allocating memory for src ((417, 1))
Allocating memory for src_coords ((1, 3))
Allocating memory for nrec_coords ((101, 3))
Allocating memory for rec_coords ((101, 3))
DSE: extract_time_varying [flops: 1417, elapsed: 0.11] >>
     extract_time_invariants [flops: 1145, elapsed: 0.06] >>
     eliminate_inter_stencil_redundancies [flops: 635, elapsed: 0.18] >>
     extract_sum_of_products [flops: 461, elapsed: 0.03] >>
     eliminate_inter_stencil_redundancies [flops: 307, elapsed: 0.05] >>
     extract_sum_of_products [flops: 264, elapsed: 0.01] >>
     factorize [flops: 202, elapsed: 0.11] >>
     eliminate_intra_stencil_redundancies [flops: 167, elapsed: 0.04] >>
     finalize [flops: 168, elapsed: 0.00]
     [Total elapsed: 0.59 s]
DLE: avoid_denormals [elapsed: 0.00] >>
     loop_fission [elapsed: 0.01] >>
     loop_blocking [elapsed: 0.30] >>
     simdize [elapsed: 0.04] >>
     ompize [elapsed: 0.07] >>
     create_elemental_functions [elapsed: 0.27] >>
     minimize_remainders [elapsed: 0.02]
     [Total elapsed: 0.70 s]
Allocating memory for rec ((417, 101))
Allocating memory for u ((3, 532, 532, 532))
Allocating memory for v ((3, 532, 532, 532))
IntelCompiler: compiled /tmp/devito-x81kl0lv/e2fe624ed994aa4ec2b7baa64ad3679d750a72aa.c [2.54 s]
AutoTuner: Block shape <8,8,8> took 0.360129 (s) in 3 time steps
AutoTuner: Block shape <16,16,16> took 0.361874 (s) in 3 time steps
AutoTuner: Block shape <24,24,24> took 0.377933 (s) in 3 time steps
AutoTuner: Block shape <32,32,32> took 0.437280 (s) in 3 time steps
AutoTuner: Block shape <40,40,40> took 0.412744 (s) in 3 time steps
AutoTuner: Block shape <8,8,16> took 0.366448 (s) in 3 time steps
AutoTuner: Block shape <8,8,24> took 0.337309 (s) in 3 time steps
AutoTuner: Block shape <8,8,32> took 0.350625 (s) in 3 time steps
AutoTuner: Block shape <8,8,40> took 0.334959 (s) in 3 time steps
AutoTuner: Block shape <8,8,64> took 0.347318 (s) in 3 time steps
AutoTuner: Block shape <8,8,128> took 0.356942 (s) in 3 time steps
AutoTuner: Block shape <8,8,256> took 0.394515 (s) in 3 time steps
AutoTuner: Block shape <8,8,512> took 0.440496 (s) in 3 time steps
AutoTuner: Block shape <8,8,524> took 0.438072 (s) in 3 time steps
AutoTuner: Block shape <16,16,8> took 0.343651 (s) in 3 time steps
AutoTuner: Block shape <16,16,24> took 0.325916 (s) in 3 time steps
AutoTuner: Block shape <16,16,32> took 0.352837 (s) in 3 time steps
AutoTuner: Block shape <16,16,40> took 0.335656 (s) in 3 time steps
AutoTuner: Block shape <16,16,64> took 0.366377 (s) in 3 time steps
AutoTuner: Block shape <16,16,128> took 0.392319 (s) in 3 time steps
AutoTuner: Block shape <16,16,256> took 0.404405 (s) in 3 time steps
AutoTuner: Block shape <16,16,512> took 0.438331 (s) in 3 time steps
AutoTuner: Block shape <16,16,524> took 0.434941 (s) in 3 time steps
AutoTuner: Block shape <24,24,8> took 0.407582 (s) in 3 time steps
AutoTuner: Block shape <24,24,16> took 0.428813 (s) in 3 time steps
AutoTuner: Block shape <24,24,32> took 0.410666 (s) in 3 time steps
AutoTuner: Block shape <24,24,40> took 0.379792 (s) in 3 time steps
AutoTuner: Block shape <24,24,64> took 0.397631 (s) in 3 time steps
AutoTuner: Block shape <24,24,128> took 0.398126 (s) in 3 time steps
AutoTuner: Block shape <24,24,256> took 0.401609 (s) in 3 time steps
AutoTuner: Block shape <32,32,8> took 0.494882 (s) in 3 time steps
AutoTuner: Block shape <32,32,16> took 0.484265 (s) in 3 time steps
AutoTuner: Block shape <32,32,24> took 0.410447 (s) in 3 time steps
AutoTuner: Block shape <32,32,40> took 0.399523 (s) in 3 time steps
AutoTuner: Block shape <32,32,64> took 0.413492 (s) in 3 time steps
AutoTuner: Block shape <32,32,128> took 0.396351 (s) in 3 time steps
AutoTuner: Block shape <16,8,8> took 0.353402 (s) in 3 time steps
AutoTuner: Block shape <8,16,8> took 0.341637 (s) in 3 time steps
AutoTuner: Block shape <16,8,16> took 0.360005 (s) in 3 time steps
AutoTuner: Block shape <8,16,16> took 0.355184 (s) in 3 time steps
AutoTuner: Block shape <32,16,16> took 0.421584 (s) in 3 time steps
AutoTuner: Block shape <16,32,16> took 0.419377 (s) in 3 time steps
AutoTuner: Block shape <32,16,32> took 0.405989 (s) in 3 time steps
AutoTuner: Block shape <16,32,32> took 0.408904 (s) in 3 time steps
AutoTuner: Block shape <48,24,24> took 0.420824 (s) in 3 time steps
AutoTuner: Block shape <24,48,24> took 0.427635 (s) in 3 time steps
AutoTuner: Block shape <24,24,48> took 0.401160 (s) in 3 time steps
AutoTuner: Block shape <48,48,24> took 0.447426 (s) in 3 time steps
AutoTuner: Block shape <48,24,48> took 0.419578 (s) in 3 time steps
AutoTuner: Block shape <24,48,48> took 0.436647 (s) in 3 time steps
AutoTuner: Block shape <48,48,48> took 0.441509 (s) in 3 time steps
AutoTuner: Block shape <64,32,32> took 0.449182 (s) in 3 time steps
AutoTuner: Block shape <32,64,32> took 0.467079 (s) in 3 time steps
AutoTuner: Block shape <64,64,32> took 0.464494 (s) in 3 time steps
AutoTuner: Block shape <64,32,64> took 0.413710 (s) in 3 time steps
AutoTuner: Block shape <32,64,64> took 0.424068 (s) in 3 time steps
AutoTuner: Block shape <80,40,40> took 0.419617 (s) in 3 time steps
AutoTuner: Block shape <40,80,40> took 0.428125 (s) in 3 time steps
AutoTuner: Block shape <40,40,80> took 0.404787 (s) in 3 time steps
Auto-tuned block shape: {'x0_block_size': 16, 'y0_block_size': 16, 'z0_block_size': 24}
=========================================================================================
Section section_0<528,528,528> with OI=0.16 computed in 0.096 s [6.10 GFlops/s]
Section section_3<415,1> with OI=0.64 computed in 0.000 s [0.19 GFlops/s]
Section section_4<415,101> with OI=1.27 computed in 0.003 s [1.16 GFlops/s]
Section main<415,528,528,528> with OI=2.55 computed in 92.973 s [110.38 GFlops/s, 0.66 GPts/s]
=========================================================================================


OpesciBench: Running 3 repeats - parameters: arch: unknown, autotune: True, dle: advanced, dse: aggressive, nbpml: 10, shape: (512, 512, 512), space_order: 8, spacing: (20.0, 20.0, 20.0), time_order: 2, tn: 1000
OpesciBench [10:13:18]: --- Run 0 ---
icc -O3 -g -fPIC -Wall -std=c99 -xhost -shared -qopenmp /tmp/devito-x81kl0lv/57a0a91cc3ec8f6c912f3eef8e6832d729b9c276.c -o /tmp/devito-x81kl0lv/57a0a91cc3ec8f6c912f3eef8e6832d729b9c276.so
OpesciBench [10:15:37]: --- Run 0 finished ---

OpesciBench [10:15:37]: --- Run 1 ---
icc -O3 -g -fPIC -Wall -std=c99 -xhost -shared -qopenmp /tmp/devito-x81kl0lv/8fb524f2226c63207552cd85790b4b1ec41ce497.c -o /tmp/devito-x81kl0lv/8fb524f2226c63207552cd85790b4b1ec41ce497.so
OpesciBench [10:17:57]: --- Run 1 finished ---

OpesciBench [10:17:57]: --- Run 2 ---
icc -O3 -g -fPIC -Wall -std=c99 -xhost -shared -qopenmp /tmp/devito-x81kl0lv/e2fe624ed994aa4ec2b7baa64ad3679d750a72aa.c -o /tmp/devito-x81kl0lv/e2fe624ed994aa4ec2b7baa64ad3679d750a72aa.so
OpesciBench [10:20:18]: --- Run 2 finished ---



Thu Dec 21 10:20:18 PST 2017
top - 10:20:18 up 22 days,  1:09,  3 users,  load average: 53.72, 45.67, 30.36
Tasks: 1952 total,   1 running, 1951 sleeping,   0 stopped,   0 zombie
%Cpu(s):  5.1 us,  0.1 sy,  0.0 ni, 94.8 id,  0.0 wa,  0.0 hi,  0.0 si,  0.0 st
KiB Mem : 19652648+total, 18772992+free,  4739460 used,  4057112 buff/cache
KiB Swap: 50331644 total, 47136364 free,  3195280 used. 19103712+avail Mem 

   PID USER      PR  NI    VIRT    RES    SHR S  %CPU %MEM     TIME+ COMMAND
 52310 cyount    20   0  152236   3924   1472 R   5.9  0.0   0:00.02 top
     1 root      20   0  197856   6604   1468 S   0.0  0.0   1:10.17 systemd
     2 root      20   0       0      0      0 S   0.0  0.0   0:00.29 kthreadd
     3 root      20   0       0      0      0 S   0.0  0.0   0:00.10 ksoftirqd/0
     5 root       0 -20       0      0      0 S   0.0  0.0   0:00.00 kworker/0:0H
     8 root      rt   0       0      0      0 S   0.0  0.0   0:01.43 migration/0
     9 root      20   0       0      0      0 S   0.0  0.0   0:00.00 rcu_bh
    10 root      20   0       0      0      0 S   0.0  0.0   0:00.00 rcuob/0
    11 root      20   0       0      0      0 S   0.0  0.0   0:00.00 rcuob/1
    12 root      20   0       0      0      0 S   0.0  0.0   0:00.00 rcuob/2
    13 root      20   0       0      0      0 S   0.0  0.0   0:00.00 rcuob/3
    14 root      20   0       0      0      0 S   0.0  0.0   0:00.00 rcuob/4
    15 root      20   0       0      0      0 S   0.0  0.0   0:00.00 rcuob/5
    16 root      20   0       0      0      0 S   0.0  0.0   0:00.00 rcuob/6
    17 root      20   0       0      0      0 S   0.0  0.0   0:00.00 rcuob/7
    18 root      20   0       0      0      0 S   0.0  0.0   0:00.00 rcuob/8
    19 root      20   0       0      0      0 S   0.0  0.0   0:00.00 rcuob/9
    20 root      20   0       0      0      0 S   0.0  0.0   0:00.00 rcuob/10
    21 root      20   0       0      0      0 S   0.0  0.0   0:00.00 rcuob/11
    22 root      20   0       0      0      0 S   0.0  0.0   0:00.00 rcuob/12
    23 root      20   0       0      0      0 S   0.0  0.0   0:00.00 rcuob/13
    24 root      20   0       0      0      0 S   0.0  0.0   0:00.00 rcuob/14
    25 root      20   0       0      0      0 S   0.0  0.0   0:00.00 rcuob/15
