Tue Dec 19 14:18:25 PST 2017
Architecture:          x86_64
CPU op-mode(s):        32-bit, 64-bit
Byte Order:            Little Endian
CPU(s):                112
On-line CPU(s) list:   0-111
Thread(s) per core:    2
Core(s) per socket:    28
Socket(s):             2
NUMA node(s):          2
Vendor ID:             GenuineIntel
CPU family:            6
Model:                 85
Model name:            Intel(R) Xeon(R) Platinum 8180 CPU @ 2.50GHz
Stepping:              4
CPU MHz:               2501.000
BogoMIPS:              4993.64
Virtualization:        VT-x
L1d cache:             32K
L1i cache:             32K
L2 cache:              1024K
L3 cache:              39424K
NUMA node0 CPU(s):     0-27,56-83
NUMA node1 CPU(s):     28-55,84-111
Linux ortce-skl3 3.10.0-327.el7.x86_64 #1 SMP Thu Oct 29 17:29:29 EDT 2015 x86_64 x86_64 x86_64 GNU/Linux
available: 2 nodes (0-1)
node 0 cpus: 0 1 2 3 4 5 6 7 8 9 10 11 12 13 14 15 16 17 18 19 20 21 22 23 24 25 26 27 56 57 58 59 60 61 62 63 64 65 66 67 68 69 70 71 72 73 74 75 76 77 78 79 80 81 82 83
node 0 size: 96973 MB
node 0 free: 91472 MB
node 1 cpus: 28 29 30 31 32 33 34 35 36 37 38 39 40 41 42 43 44 45 46 47 48 49 50 51 52 53 54 55 84 85 86 87 88 89 90 91 92 93 94 95 96 97 98 99 100 101 102 103 104 105 106 107 108 109 110 111
node 1 size: 98304 MB
node 1 free: 93235 MB
node distances:
node   0   1 
  0:  10  21 
  1:  21  10 

Per-node system memory usage (in MBs):
                          Node 0          Node 1           Total
                 --------------- --------------- ---------------
MemTotal                96973.63        98304.00       195277.63
MemFree                 91472.61        93235.21       184707.82
MemUsed                  5501.02         5068.79        10569.80
Active                    203.63          471.68          675.32
Inactive                 1680.27         1978.27         3658.54
Active(anon)              146.48           59.21          205.69
Inactive(anon)           1545.56          683.64         2229.20
Active(file)               57.15          412.48          469.63
Inactive(file)            134.71         1294.62         1429.34
Unevictable                 0.00            0.00            0.00
Mlocked                     0.00            0.00            0.00
Dirty                       0.00            0.00            0.00
Writeback                   0.00            0.00            0.00
FilePages                1743.38         2378.84         4122.22
Mapped                     35.45           10.40           45.84
AnonPages                 213.20           96.69          309.89
Shmem                      14.05            2.32           16.38
KernelStack                33.22           10.34           43.56
PageTables                 28.20           22.67           50.86
NFS_Unstable                0.00            0.00            0.00
Bounce                      0.00            0.00            0.00
WritebackTmp                0.00            0.00            0.00
Slab                      373.86          309.82          683.68
SReclaimable              183.75          111.45          295.20
SUnreclaim                190.11          198.36          388.48
AnonHugePages              54.00           34.00           88.00
HugePages_Total             0.00            0.00            0.00
HugePages_Free              0.00            0.00            0.00
HugePages_Surp              0.00            0.00            0.00
top - 14:18:25 up 20 days,  5:07,  3 users,  load average: 21.91, 7.87, 2.96
Tasks: 1952 total,   1 running, 1951 sleeping,   0 stopped,   0 zombie
%Cpu(s):  4.8 us,  0.1 sy,  0.0 ni, 95.1 id,  0.0 wa,  0.0 hi,  0.0 si,  0.0 st
KiB Mem : 19652648+total, 18913851+free,  4726564 used,  2661404 buff/cache
KiB Swap: 50331644 total, 47095992 free,  3235652 used. 19104747+avail Mem 

   PID USER      PR  NI    VIRT    RES    SHR S  %CPU %MEM     TIME+ COMMAND
222770 cyount    20   0  152228   3932   1476 R   5.9  0.0   0:00.02 top
     1 root      20   0  197856   6196   1468 S   0.0  0.0   1:05.15 systemd
     2 root      20   0       0      0      0 S   0.0  0.0   0:00.28 kthreadd
     3 root      20   0       0      0      0 S   0.0  0.0   0:00.07 ksoftirqd/0
     5 root       0 -20       0      0      0 S   0.0  0.0   0:00.00 kworker/0:0H
     8 root      rt   0       0      0      0 S   0.0  0.0   0:01.43 migration/0
     9 root      20   0       0      0      0 S   0.0  0.0   0:00.00 rcu_bh
    10 root      20   0       0      0      0 S   0.0  0.0   0:00.00 rcuob/0
    11 root      20   0       0      0      0 S   0.0  0.0   0:00.00 rcuob/1
    12 root      20   0       0      0      0 S   0.0  0.0   0:00.00 rcuob/2
    13 root      20   0       0      0      0 S   0.0  0.0   0:00.00 rcuob/3
    14 root      20   0       0      0      0 S   0.0  0.0   0:00.00 rcuob/4
    15 root      20   0       0      0      0 S   0.0  0.0   0:00.00 rcuob/5
    16 root      20   0       0      0      0 S   0.0  0.0   0:00.00 rcuob/6
    17 root      20   0       0      0      0 S   0.0  0.0   0:00.00 rcuob/7
    18 root      20   0       0      0      0 S   0.0  0.0   0:00.00 rcuob/8
    19 root      20   0       0      0      0 S   0.0  0.0   0:00.00 rcuob/9
    20 root      20   0       0      0      0 S   0.0  0.0   0:00.00 rcuob/10
    21 root      20   0       0      0      0 S   0.0  0.0   0:00.00 rcuob/11
    22 root      20   0       0      0      0 S   0.0  0.0   0:00.00 rcuob/12
    23 root      20   0       0      0      0 S   0.0  0.0   0:00.00 rcuob/13
    24 root      20   0       0      0      0 S   0.0  0.0   0:00.00 rcuob/14
    25 root      20   0       0      0      0 S   0.0  0.0   0:00.00 rcuob/15
env DEVITO_PLATFORM=skx DEVITO_ISA=avx512 DEVITO_DLE_OPTIONS=blockinner:True DEVITO_AUTOTUNING=aggressive DEVITO_BACKEND=core DEVITO_OPENMP=1 DEVITO_ARCH=intel DEVITO_LOGGING=DEBUG DEVITO_YASK_AUTOTUNING=preemptive DEVITO_YASK_DUMP=devito.bench.2017-12-19/acoustic/core/bmO2/ortce-skl3/grid512/so8 numactl --cpubind=1 python examples/seismic/benchmark.py bench -bm O2 -P acoustic -so 8 -to 2 -d 512 512 512 --tn 1000 -x 3 -r devito.bench.2017-12-19/acoustic/core/bmO2/ortce-skl3/grid512/so8
Allocating memory for m ((532, 532, 532))
Allocating memory for damp ((532, 532, 532))
Allocating memory for src ((329, 1))
Allocating memory for src_coords ((1, 3))
Allocating memory for nrec_coords ((512, 3))
Applying Forward
Allocating memory for rec_coords ((512, 3))
DSE: extract_time_invariants [flops: 75, elapsed: 0.00] >>
     eliminate_inter_stencil_redundancies [flops: 75, elapsed: 0.00] >>
     eliminate_intra_stencil_redundancies [flops: 66, elapsed: 0.01] >>
     factorize [flops: 46, elapsed: 0.03] >>
     finalize [flops: 50, elapsed: 0.00]
     [Total elapsed: 0.04 s]
DLE: avoid_denormals [elapsed: 0.00] >>
     loop_fission [elapsed: 0.00] >>
     loop_blocking [elapsed: 0.06] >>
     simdize [elapsed: 0.13] >>
     ompize [elapsed: 0.03] >>
     create_elemental_functions [elapsed: 0.07] >>
     minimize_remainders [elapsed: 0.01]
     [Total elapsed: 0.29 s]
Allocating memory for rec ((329, 512))
Allocating memory for u ((3, 532, 532, 532))
IntelCompiler: compiled /tmp/devito-dqd6cjcl/92bd3b21d3ad32a95984b5dd0a371435b59223c7.c [0.98 s]
AutoTuner: Block shape <8,8,8> took 0.163262 (s) in 3 time steps
AutoTuner: Block shape <16,16,16> took 0.062111 (s) in 3 time steps
AutoTuner: Block shape <24,24,24> took 0.056490 (s) in 3 time steps
AutoTuner: Block shape <32,32,32> took 0.065290 (s) in 3 time steps
AutoTuner: Block shape <40,40,40> took 0.066919 (s) in 3 time steps
AutoTuner: Block shape <64,64,64> took 0.064426 (s) in 3 time steps
AutoTuner: Block shape <128,128,128> took 0.073801 (s) in 3 time steps
AutoTuner: Block shape <256,256,256> took 0.100505 (s) in 3 time steps
AutoTuner: Block shape <512,512,512> took 0.516927 (s) in 3 time steps
AutoTuner: Block shape <524,524,524> took 0.444529 (s) in 3 time steps
AutoTuner: Block shape <8,8,16> took 0.061612 (s) in 3 time steps
AutoTuner: Block shape <8,8,24> took 0.054794 (s) in 3 time steps
AutoTuner: Block shape <8,8,32> took 0.053990 (s) in 3 time steps
AutoTuner: Block shape <8,8,40> took 0.053702 (s) in 3 time steps
AutoTuner: Block shape <8,8,64> took 0.052280 (s) in 3 time steps
AutoTuner: Block shape <8,8,128> took 0.052943 (s) in 3 time steps
AutoTuner: Block shape <8,8,256> took 0.052377 (s) in 3 time steps
AutoTuner: Block shape <8,8,512> took 0.046147 (s) in 3 time steps
AutoTuner: Block shape <8,8,524> took 0.043907 (s) in 3 time steps
AutoTuner: Block shape <16,16,8> took 0.062593 (s) in 3 time steps
AutoTuner: Block shape <16,16,24> took 0.052735 (s) in 3 time steps
AutoTuner: Block shape <16,16,32> took 0.053102 (s) in 3 time steps
AutoTuner: Block shape <16,16,40> took 0.053680 (s) in 3 time steps
AutoTuner: Block shape <16,16,64> took 0.055020 (s) in 3 time steps
AutoTuner: Block shape <16,16,128> took 0.066625 (s) in 3 time steps
AutoTuner: Block shape <16,16,256> took 0.056558 (s) in 3 time steps
AutoTuner: Block shape <16,16,512> took 0.045902 (s) in 3 time steps
AutoTuner: Block shape <16,16,524> took 0.043470 (s) in 3 time steps
AutoTuner: Block shape <24,24,8> took 0.063739 (s) in 3 time steps
AutoTuner: Block shape <24,24,16> took 0.060996 (s) in 3 time steps
AutoTuner: Block shape <24,24,32> took 0.057522 (s) in 3 time steps
AutoTuner: Block shape <24,24,40> took 0.059491 (s) in 3 time steps
AutoTuner: Block shape <24,24,64> took 0.060821 (s) in 3 time steps
AutoTuner: Block shape <24,24,128> took 0.067466 (s) in 3 time steps
AutoTuner: Block shape <24,24,256> took 0.057925 (s) in 3 time steps
AutoTuner: Block shape <24,24,512> took 0.046892 (s) in 3 time steps
AutoTuner: Block shape <24,24,524> took 0.044397 (s) in 3 time steps
AutoTuner: Block shape <32,32,8> took 0.067074 (s) in 3 time steps
AutoTuner: Block shape <32,32,16> took 0.064292 (s) in 3 time steps
AutoTuner: Block shape <32,32,24> took 0.064191 (s) in 3 time steps
AutoTuner: Block shape <32,32,40> took 0.065787 (s) in 3 time steps
AutoTuner: Block shape <32,32,64> took 0.061726 (s) in 3 time steps
AutoTuner: Block shape <32,32,128> took 0.068377 (s) in 3 time steps
AutoTuner: Block shape <32,32,256> took 0.060260 (s) in 3 time steps
AutoTuner: Block shape <32,32,512> took 0.046703 (s) in 3 time steps
AutoTuner: Block shape <32,32,524> took 0.044089 (s) in 3 time steps
AutoTuner: Block shape <16,8,8> took 0.064978 (s) in 3 time steps
AutoTuner: Block shape <8,16,8> took 0.066948 (s) in 3 time steps
AutoTuner: Block shape <16,8,16> took 0.060552 (s) in 3 time steps
AutoTuner: Block shape <8,16,16> took 0.061231 (s) in 3 time steps
AutoTuner: Block shape <32,16,16> took 0.060918 (s) in 3 time steps
AutoTuner: Block shape <16,32,16> took 0.060551 (s) in 3 time steps
AutoTuner: Block shape <32,16,32> took 0.056696 (s) in 3 time steps
AutoTuner: Block shape <16,32,32> took 0.056395 (s) in 3 time steps
AutoTuner: Block shape <48,24,24> took 0.067669 (s) in 3 time steps
AutoTuner: Block shape <24,48,24> took 0.067383 (s) in 3 time steps
AutoTuner: Block shape <24,24,48> took 0.060318 (s) in 3 time steps
AutoTuner: Block shape <48,48,24> took 0.074737 (s) in 3 time steps
AutoTuner: Block shape <48,24,48> took 0.065200 (s) in 3 time steps
AutoTuner: Block shape <24,48,48> took 0.064126 (s) in 3 time steps
AutoTuner: Block shape <48,48,48> took 0.065419 (s) in 3 time steps
AutoTuner: Block shape <64,32,32> took 0.069855 (s) in 3 time steps
AutoTuner: Block shape <32,64,32> took 0.069837 (s) in 3 time steps
AutoTuner: Block shape <64,64,32> took 0.071105 (s) in 3 time steps
AutoTuner: Block shape <64,32,64> took 0.062294 (s) in 3 time steps
AutoTuner: Block shape <32,64,64> took 0.063505 (s) in 3 time steps
AutoTuner: Block shape <80,40,40> took 0.068449 (s) in 3 time steps
AutoTuner: Block shape <40,80,40> took 0.069548 (s) in 3 time steps
AutoTuner: Block shape <40,40,80> took 0.063007 (s) in 3 time steps
AutoTuner: Block shape <80,80,40> took 0.070791 (s) in 3 time steps
AutoTuner: Block shape <80,40,80> took 0.063991 (s) in 3 time steps
AutoTuner: Block shape <40,80,80> took 0.065300 (s) in 3 time steps
AutoTuner: Block shape <80,80,80> took 0.067456 (s) in 3 time steps
AutoTuner: Block shape <128,64,64> took 0.064706 (s) in 3 time steps
AutoTuner: Block shape <64,128,64> took 0.069196 (s) in 3 time steps
AutoTuner: Block shape <64,64,128> took 0.071390 (s) in 3 time steps
AutoTuner: Block shape <128,128,64> took 0.076366 (s) in 3 time steps
AutoTuner: Block shape <128,64,128> took 0.072829 (s) in 3 time steps
AutoTuner: Block shape <64,128,128> took 0.084236 (s) in 3 time steps
AutoTuner: Block shape <256,128,128> took 0.080120 (s) in 3 time steps
AutoTuner: Block shape <128,256,128> took 0.094091 (s) in 3 time steps
AutoTuner: Block shape <128,128,256> took 0.076598 (s) in 3 time steps
AutoTuner: Block shape <256,256,128> took 0.129702 (s) in 3 time steps
AutoTuner: Block shape <256,128,256> took 0.100448 (s) in 3 time steps
AutoTuner: Block shape <128,256,256> took 0.113517 (s) in 3 time steps
AutoTuner: Block shape <512,256,256> took 0.185796 (s) in 3 time steps
AutoTuner: Block shape <256,512,256> took 0.214380 (s) in 3 time steps
AutoTuner: Block shape <256,256,512> took 0.146982 (s) in 3 time steps
AutoTuner: Block shape <512,512,256> took 0.344831 (s) in 3 time steps
AutoTuner: Block shape <512,256,512> took 0.277038 (s) in 3 time steps
AutoTuner: Block shape <256,512,512> took 0.279212 (s) in 3 time steps
Auto-tuned block shape: {'x0_block_size': 16, 'y0_block_size': 16, 'z0_block_size': 524}
=========================================================================================
Section section_1<327,1> with OI=0.96 computed in 0.000 s [0.21 GFlops/s]
Section section_2<327,512> with OI=2.09 computed in 0.003 s [5.47 GFlops/s]
Section main<327,524,524,524> with OI=2.97 computed in 14.277 s [164.77 GFlops/s, 3.30 GPts/s]
=========================================================================================
Allocating memory for m ((532, 532, 532))
Allocating memory for damp ((532, 532, 532))
Allocating memory for src ((329, 1))
Allocating memory for src_coords ((1, 3))
Allocating memory for nrec_coords ((512, 3))
Applying Forward
Allocating memory for rec_coords ((512, 3))
DSE: extract_time_invariants [flops: 75, elapsed: 0.00] >>
     eliminate_inter_stencil_redundancies [flops: 75, elapsed: 0.00] >>
     eliminate_intra_stencil_redundancies [flops: 66, elapsed: 0.01] >>
     factorize [flops: 46, elapsed: 0.03] >>
     finalize [flops: 50, elapsed: 0.00]
     [Total elapsed: 0.04 s]
DLE: avoid_denormals [elapsed: 0.00] >>
     loop_fission [elapsed: 0.00] >>
     loop_blocking [elapsed: 0.05] >>
     simdize [elapsed: 0.01] >>
     ompize [elapsed: 0.03] >>
     create_elemental_functions [elapsed: 0.07] >>
     minimize_remainders [elapsed: 0.01]
     [Total elapsed: 0.17 s]
Allocating memory for rec ((329, 512))
Allocating memory for u ((3, 532, 532, 532))
IntelCompiler: compiled /tmp/devito-dqd6cjcl/92bd3b21d3ad32a95984b5dd0a371435b59223c7.c [1.00 s]
AutoTuner: Block shape <8,8,8> took 0.066474 (s) in 3 time steps
AutoTuner: Block shape <16,16,16> took 0.059010 (s) in 3 time steps
AutoTuner: Block shape <24,24,24> took 0.058647 (s) in 3 time steps
AutoTuner: Block shape <32,32,32> took 0.065451 (s) in 3 time steps
AutoTuner: Block shape <40,40,40> took 0.066968 (s) in 3 time steps
AutoTuner: Block shape <64,64,64> took 0.064651 (s) in 3 time steps
AutoTuner: Block shape <128,128,128> took 0.075554 (s) in 3 time steps
AutoTuner: Block shape <256,256,256> took 0.100872 (s) in 3 time steps
AutoTuner: Block shape <512,512,512> took 0.515875 (s) in 3 time steps
AutoTuner: Block shape <524,524,524> took 0.443540 (s) in 3 time steps
AutoTuner: Block shape <8,8,16> took 0.061631 (s) in 3 time steps
AutoTuner: Block shape <8,8,24> took 0.054746 (s) in 3 time steps
AutoTuner: Block shape <8,8,32> took 0.053999 (s) in 3 time steps
AutoTuner: Block shape <8,8,40> took 0.053717 (s) in 3 time steps
AutoTuner: Block shape <8,8,64> took 0.052130 (s) in 3 time steps
AutoTuner: Block shape <8,8,128> took 0.053035 (s) in 3 time steps
AutoTuner: Block shape <8,8,256> took 0.052276 (s) in 3 time steps
AutoTuner: Block shape <8,8,512> took 0.045973 (s) in 3 time steps
AutoTuner: Block shape <8,8,524> took 0.043667 (s) in 3 time steps
AutoTuner: Block shape <16,16,8> took 0.062755 (s) in 3 time steps
AutoTuner: Block shape <16,16,24> took 0.054582 (s) in 3 time steps
AutoTuner: Block shape <16,16,32> took 0.054871 (s) in 3 time steps
AutoTuner: Block shape <16,16,40> took 0.055135 (s) in 3 time steps
AutoTuner: Block shape <16,16,64> took 0.055593 (s) in 3 time steps
AutoTuner: Block shape <16,16,128> took 0.066578 (s) in 3 time steps
AutoTuner: Block shape <16,16,256> took 0.056315 (s) in 3 time steps
AutoTuner: Block shape <16,16,512> took 0.045984 (s) in 3 time steps
AutoTuner: Block shape <16,16,524> took 0.043553 (s) in 3 time steps
AutoTuner: Block shape <24,24,8> took 0.063243 (s) in 3 time steps
AutoTuner: Block shape <24,24,16> took 0.061095 (s) in 3 time steps
AutoTuner: Block shape <24,24,32> took 0.058781 (s) in 3 time steps
AutoTuner: Block shape <24,24,40> took 0.060469 (s) in 3 time steps
AutoTuner: Block shape <24,24,64> took 0.060780 (s) in 3 time steps
AutoTuner: Block shape <24,24,128> took 0.067177 (s) in 3 time steps
AutoTuner: Block shape <24,24,256> took 0.057565 (s) in 3 time steps
AutoTuner: Block shape <24,24,512> took 0.046748 (s) in 3 time steps
AutoTuner: Block shape <24,24,524> took 0.044110 (s) in 3 time steps
AutoTuner: Block shape <32,32,8> took 0.066045 (s) in 3 time steps
AutoTuner: Block shape <32,32,16> took 0.063631 (s) in 3 time steps
AutoTuner: Block shape <32,32,24> took 0.064647 (s) in 3 time steps
AutoTuner: Block shape <32,32,40> took 0.065879 (s) in 3 time steps
AutoTuner: Block shape <32,32,64> took 0.062006 (s) in 3 time steps
AutoTuner: Block shape <32,32,128> took 0.068208 (s) in 3 time steps
AutoTuner: Block shape <32,32,256> took 0.060126 (s) in 3 time steps
AutoTuner: Block shape <32,32,512> took 0.046628 (s) in 3 time steps
AutoTuner: Block shape <32,32,524> took 0.044047 (s) in 3 time steps
AutoTuner: Block shape <16,8,8> took 0.064670 (s) in 3 time steps
AutoTuner: Block shape <8,16,8> took 0.064616 (s) in 3 time steps
AutoTuner: Block shape <16,8,16> took 0.060567 (s) in 3 time steps
AutoTuner: Block shape <8,16,16> took 0.060492 (s) in 3 time steps
AutoTuner: Block shape <32,16,16> took 0.060958 (s) in 3 time steps
AutoTuner: Block shape <16,32,16> took 0.061071 (s) in 3 time steps
AutoTuner: Block shape <32,16,32> took 0.058441 (s) in 3 time steps
AutoTuner: Block shape <16,32,32> took 0.057662 (s) in 3 time steps
AutoTuner: Block shape <48,24,24> took 0.067773 (s) in 3 time steps
AutoTuner: Block shape <24,48,24> took 0.067464 (s) in 3 time steps
AutoTuner: Block shape <24,24,48> took 0.060368 (s) in 3 time steps
AutoTuner: Block shape <48,48,24> took 0.074718 (s) in 3 time steps
AutoTuner: Block shape <48,24,48> took 0.065213 (s) in 3 time steps
AutoTuner: Block shape <24,48,48> took 0.064201 (s) in 3 time steps
AutoTuner: Block shape <48,48,48> took 0.065567 (s) in 3 time steps
AutoTuner: Block shape <64,32,32> took 0.069893 (s) in 3 time steps
AutoTuner: Block shape <32,64,32> took 0.069690 (s) in 3 time steps
AutoTuner: Block shape <64,64,32> took 0.070958 (s) in 3 time steps
AutoTuner: Block shape <64,32,64> took 0.062417 (s) in 3 time steps
AutoTuner: Block shape <32,64,64> took 0.063673 (s) in 3 time steps
AutoTuner: Block shape <80,40,40> took 0.068661 (s) in 3 time steps
AutoTuner: Block shape <40,80,40> took 0.069519 (s) in 3 time steps
AutoTuner: Block shape <40,40,80> took 0.062900 (s) in 3 time steps
AutoTuner: Block shape <80,80,40> took 0.070808 (s) in 3 time steps
AutoTuner: Block shape <80,40,80> took 0.064037 (s) in 3 time steps
AutoTuner: Block shape <40,80,80> took 0.065329 (s) in 3 time steps
AutoTuner: Block shape <80,80,80> took 0.066814 (s) in 3 time steps
AutoTuner: Block shape <128,64,64> took 0.064569 (s) in 3 time steps
AutoTuner: Block shape <64,128,64> took 0.068964 (s) in 3 time steps
AutoTuner: Block shape <64,64,128> took 0.071265 (s) in 3 time steps
AutoTuner: Block shape <128,128,64> took 0.076538 (s) in 3 time steps
AutoTuner: Block shape <128,64,128> took 0.072776 (s) in 3 time steps
AutoTuner: Block shape <64,128,128> took 0.084673 (s) in 3 time steps
AutoTuner: Block shape <256,128,128> took 0.080638 (s) in 3 time steps
AutoTuner: Block shape <128,256,128> took 0.093882 (s) in 3 time steps
AutoTuner: Block shape <128,128,256> took 0.076637 (s) in 3 time steps
AutoTuner: Block shape <256,256,128> took 0.130529 (s) in 3 time steps
AutoTuner: Block shape <256,128,256> took 0.100423 (s) in 3 time steps
AutoTuner: Block shape <128,256,256> took 0.113529 (s) in 3 time steps
AutoTuner: Block shape <512,256,256> took 0.186196 (s) in 3 time steps
AutoTuner: Block shape <256,512,256> took 0.215070 (s) in 3 time steps
AutoTuner: Block shape <256,256,512> took 0.147101 (s) in 3 time steps
AutoTuner: Block shape <512,512,256> took 0.345035 (s) in 3 time steps
AutoTuner: Block shape <512,256,512> took 0.277423 (s) in 3 time steps
AutoTuner: Block shape <256,512,512> took 0.279512 (s) in 3 time steps
Auto-tuned block shape: {'x0_block_size': 16, 'y0_block_size': 16, 'z0_block_size': 524}
=========================================================================================
Section section_1<327,1> with OI=0.96 computed in 0.000 s [0.22 GFlops/s]
Section section_2<327,512> with OI=2.09 computed in 0.002 s [5.67 GFlops/s]
Section main<327,524,524,524> with OI=2.97 computed in 14.140 s [166.37 GFlops/s, 3.33 GPts/s]
=========================================================================================
Allocating memory for m ((532, 532, 532))
Allocating memory for damp ((532, 532, 532))
Allocating memory for src ((329, 1))
Allocating memory for src_coords ((1, 3))
Allocating memory for nrec_coords ((512, 3))
Applying Forward
Allocating memory for rec_coords ((512, 3))
DSE: extract_time_invariants [flops: 75, elapsed: 0.00] >>
     eliminate_inter_stencil_redundancies [flops: 75, elapsed: 0.00] >>
     eliminate_intra_stencil_redundancies [flops: 66, elapsed: 0.01] >>
     factorize [flops: 46, elapsed: 0.03] >>
     finalize [flops: 50, elapsed: 0.00]
     [Total elapsed: 0.04 s]
DLE: avoid_denormals [elapsed: 0.00] >>
     loop_fission [elapsed: 0.00] >>
     loop_blocking [elapsed: 0.05] >>
     simdize [elapsed: 0.01] >>
     ompize [elapsed: 0.03] >>
     create_elemental_functions [elapsed: 0.07] >>
     minimize_remainders [elapsed: 0.01]
     [Total elapsed: 0.17 s]
Allocating memory for rec ((329, 512))
Allocating memory for u ((3, 532, 532, 532))
IntelCompiler: compiled /tmp/devito-dqd6cjcl/92bd3b21d3ad32a95984b5dd0a371435b59223c7.c [1.03 s]
AutoTuner: Block shape <8,8,8> took 0.066433 (s) in 3 time steps
AutoTuner: Block shape <16,16,16> took 0.058929 (s) in 3 time steps
AutoTuner: Block shape <24,24,24> took 0.058520 (s) in 3 time steps
AutoTuner: Block shape <32,32,32> took 0.065384 (s) in 3 time steps
AutoTuner: Block shape <40,40,40> took 0.067111 (s) in 3 time steps
AutoTuner: Block shape <64,64,64> took 0.064478 (s) in 3 time steps
AutoTuner: Block shape <128,128,128> took 0.075455 (s) in 3 time steps
AutoTuner: Block shape <256,256,256> took 0.101047 (s) in 3 time steps
AutoTuner: Block shape <512,512,512> took 0.517418 (s) in 3 time steps
AutoTuner: Block shape <524,524,524> took 0.444092 (s) in 3 time steps
AutoTuner: Block shape <8,8,16> took 0.061747 (s) in 3 time steps
AutoTuner: Block shape <8,8,24> took 0.054893 (s) in 3 time steps
AutoTuner: Block shape <8,8,32> took 0.054136 (s) in 3 time steps
AutoTuner: Block shape <8,8,40> took 0.053792 (s) in 3 time steps
AutoTuner: Block shape <8,8,64> took 0.052422 (s) in 3 time steps
AutoTuner: Block shape <8,8,128> took 0.053063 (s) in 3 time steps
AutoTuner: Block shape <8,8,256> took 0.052344 (s) in 3 time steps
AutoTuner: Block shape <8,8,512> took 0.046050 (s) in 3 time steps
AutoTuner: Block shape <8,8,524> took 0.043834 (s) in 3 time steps
AutoTuner: Block shape <16,16,8> took 0.062625 (s) in 3 time steps
AutoTuner: Block shape <16,16,24> took 0.054821 (s) in 3 time steps
AutoTuner: Block shape <16,16,32> took 0.054971 (s) in 3 time steps
AutoTuner: Block shape <16,16,40> took 0.055228 (s) in 3 time steps
AutoTuner: Block shape <16,16,64> took 0.055575 (s) in 3 time steps
AutoTuner: Block shape <16,16,128> took 0.066589 (s) in 3 time steps
AutoTuner: Block shape <16,16,256> took 0.056469 (s) in 3 time steps
AutoTuner: Block shape <16,16,512> took 0.045943 (s) in 3 time steps
AutoTuner: Block shape <16,16,524> took 0.043470 (s) in 3 time steps
AutoTuner: Block shape <24,24,8> took 0.063286 (s) in 3 time steps
AutoTuner: Block shape <24,24,16> took 0.060931 (s) in 3 time steps
AutoTuner: Block shape <24,24,32> took 0.058932 (s) in 3 time steps
AutoTuner: Block shape <24,24,40> took 0.060193 (s) in 3 time steps
AutoTuner: Block shape <24,24,64> took 0.061817 (s) in 3 time steps
AutoTuner: Block shape <24,24,128> took 0.067262 (s) in 3 time steps
AutoTuner: Block shape <24,24,256> took 0.057736 (s) in 3 time steps
AutoTuner: Block shape <24,24,512> took 0.047092 (s) in 3 time steps
AutoTuner: Block shape <24,24,524> took 0.044313 (s) in 3 time steps
AutoTuner: Block shape <32,32,8> took 0.066100 (s) in 3 time steps
AutoTuner: Block shape <32,32,16> took 0.063697 (s) in 3 time steps
AutoTuner: Block shape <32,32,24> took 0.064487 (s) in 3 time steps
AutoTuner: Block shape <32,32,40> took 0.065734 (s) in 3 time steps
AutoTuner: Block shape <32,32,64> took 0.062031 (s) in 3 time steps
AutoTuner: Block shape <32,32,128> took 0.068347 (s) in 3 time steps
AutoTuner: Block shape <32,32,256> took 0.060317 (s) in 3 time steps
AutoTuner: Block shape <32,32,512> took 0.046592 (s) in 3 time steps
AutoTuner: Block shape <32,32,524> took 0.043965 (s) in 3 time steps
AutoTuner: Block shape <16,8,8> took 0.064443 (s) in 3 time steps
AutoTuner: Block shape <8,16,8> took 0.064476 (s) in 3 time steps
AutoTuner: Block shape <16,8,16> took 0.060400 (s) in 3 time steps
AutoTuner: Block shape <8,16,16> took 0.060552 (s) in 3 time steps
AutoTuner: Block shape <32,16,16> took 0.060916 (s) in 3 time steps
AutoTuner: Block shape <16,32,16> took 0.060973 (s) in 3 time steps
AutoTuner: Block shape <32,16,32> took 0.058408 (s) in 3 time steps
AutoTuner: Block shape <16,32,32> took 0.057645 (s) in 3 time steps
AutoTuner: Block shape <48,24,24> took 0.067780 (s) in 3 time steps
AutoTuner: Block shape <24,48,24> took 0.067371 (s) in 3 time steps
AutoTuner: Block shape <24,24,48> took 0.060521 (s) in 3 time steps
AutoTuner: Block shape <48,48,24> took 0.074777 (s) in 3 time steps
AutoTuner: Block shape <48,24,48> took 0.065276 (s) in 3 time steps
AutoTuner: Block shape <24,48,48> took 0.064421 (s) in 3 time steps
AutoTuner: Block shape <48,48,48> took 0.065632 (s) in 3 time steps
AutoTuner: Block shape <64,32,32> took 0.070014 (s) in 3 time steps
AutoTuner: Block shape <32,64,32> took 0.069954 (s) in 3 time steps
AutoTuner: Block shape <64,64,32> took 0.071236 (s) in 3 time steps
AutoTuner: Block shape <64,32,64> took 0.062613 (s) in 3 time steps
AutoTuner: Block shape <32,64,64> took 0.063904 (s) in 3 time steps
AutoTuner: Block shape <80,40,40> took 0.068727 (s) in 3 time steps
AutoTuner: Block shape <40,80,40> took 0.069411 (s) in 3 time steps
AutoTuner: Block shape <40,40,80> took 0.063216 (s) in 3 time steps
AutoTuner: Block shape <80,80,40> took 0.070805 (s) in 3 time steps
AutoTuner: Block shape <80,40,80> took 0.064356 (s) in 3 time steps
AutoTuner: Block shape <40,80,80> took 0.065730 (s) in 3 time steps
AutoTuner: Block shape <80,80,80> took 0.067242 (s) in 3 time steps
AutoTuner: Block shape <128,64,64> took 0.064690 (s) in 3 time steps
AutoTuner: Block shape <64,128,64> took 0.069048 (s) in 3 time steps
AutoTuner: Block shape <64,64,128> took 0.071762 (s) in 3 time steps
AutoTuner: Block shape <128,128,64> took 0.076574 (s) in 3 time steps
AutoTuner: Block shape <128,64,128> took 0.073068 (s) in 3 time steps
AutoTuner: Block shape <64,128,128> took 0.083913 (s) in 3 time steps
AutoTuner: Block shape <256,128,128> took 0.080689 (s) in 3 time steps
AutoTuner: Block shape <128,256,128> took 0.093455 (s) in 3 time steps
AutoTuner: Block shape <128,128,256> took 0.076541 (s) in 3 time steps
AutoTuner: Block shape <256,256,128> took 0.130551 (s) in 3 time steps
AutoTuner: Block shape <256,128,256> took 0.100477 (s) in 3 time steps
AutoTuner: Block shape <128,256,256> took 0.113747 (s) in 3 time steps
AutoTuner: Block shape <512,256,256> took 0.186251 (s) in 3 time steps
AutoTuner: Block shape <256,512,256> took 0.189890 (s) in 3 time steps
AutoTuner: Block shape <256,256,512> took 0.147186 (s) in 3 time steps
AutoTuner: Block shape <512,512,256> took 0.345553 (s) in 3 time steps
AutoTuner: Block shape <512,256,512> took 0.277317 (s) in 3 time steps
AutoTuner: Block shape <256,512,512> took 0.279953 (s) in 3 time steps
Auto-tuned block shape: {'x0_block_size': 16, 'y0_block_size': 16, 'z0_block_size': 524}
=========================================================================================
Section section_1<327,1> with OI=0.96 computed in 0.000 s [0.22 GFlops/s]
Section section_2<327,512> with OI=2.09 computed in 0.002 s [5.67 GFlops/s]
Section main<327,524,524,524> with OI=2.97 computed in 14.129 s [166.50 GFlops/s, 3.33 GPts/s]
=========================================================================================


OpesciBench: Running 3 repeats - parameters: arch: unknown, autotune: True, dle: advanced, dse: advanced, nbpml: 10, shape: (512, 512, 512), space_order: 8, spacing: (20.0, 20.0, 20.0), time_order: 2, tn: 1000
OpesciBench [14:18:26]: --- Run 0 ---
OpesciBench [14:19:06]: --- Run 0 finished ---

OpesciBench [14:19:06]: --- Run 1 ---
OpesciBench [14:19:45]: --- Run 1 finished ---

OpesciBench [14:19:45]: --- Run 2 ---
OpesciBench [14:20:25]: --- Run 2 finished ---



Tue Dec 19 14:20:25 PST 2017
top - 14:20:25 up 20 days,  5:09,  3 users,  load average: 30.66, 14.37, 5.84
Tasks: 1952 total,   1 running, 1951 sleeping,   0 stopped,   0 zombie
%Cpu(s):  4.8 us,  0.1 sy,  0.0 ni, 95.1 id,  0.0 wa,  0.0 hi,  0.0 si,  0.0 st
KiB Mem : 19652648+total, 18914624+free,  4717060 used,  2663192 buff/cache
KiB Swap: 50331644 total, 47095992 free,  3235652 used. 19105542+avail Mem 

   PID USER      PR  NI    VIRT    RES    SHR S  %CPU %MEM     TIME+ COMMAND
223155 cyount    20   0  152228   3932   1476 R  11.8  0.0   0:00.03 top
     1 root      20   0  197856   6196   1468 S   0.0  0.0   1:05.15 systemd
     2 root      20   0       0      0      0 S   0.0  0.0   0:00.28 kthreadd
     3 root      20   0       0      0      0 S   0.0  0.0   0:00.07 ksoftirqd/0
     5 root       0 -20       0      0      0 S   0.0  0.0   0:00.00 kworker/0:0H
     8 root      rt   0       0      0      0 S   0.0  0.0   0:01.43 migration/0
     9 root      20   0       0      0      0 S   0.0  0.0   0:00.00 rcu_bh
    10 root      20   0       0      0      0 S   0.0  0.0   0:00.00 rcuob/0
    11 root      20   0       0      0      0 S   0.0  0.0   0:00.00 rcuob/1
    12 root      20   0       0      0      0 S   0.0  0.0   0:00.00 rcuob/2
    13 root      20   0       0      0      0 S   0.0  0.0   0:00.00 rcuob/3
    14 root      20   0       0      0      0 S   0.0  0.0   0:00.00 rcuob/4
    15 root      20   0       0      0      0 S   0.0  0.0   0:00.00 rcuob/5
    16 root      20   0       0      0      0 S   0.0  0.0   0:00.00 rcuob/6
    17 root      20   0       0      0      0 S   0.0  0.0   0:00.00 rcuob/7
    18 root      20   0       0      0      0 S   0.0  0.0   0:00.00 rcuob/8
    19 root      20   0       0      0      0 S   0.0  0.0   0:00.00 rcuob/9
    20 root      20   0       0      0      0 S   0.0  0.0   0:00.00 rcuob/10
    21 root      20   0       0      0      0 S   0.0  0.0   0:00.00 rcuob/11
    22 root      20   0       0      0      0 S   0.0  0.0   0:00.00 rcuob/12
    23 root      20   0       0      0      0 S   0.0  0.0   0:00.00 rcuob/13
    24 root      20   0       0      0      0 S   0.0  0.0   0:00.00 rcuob/14
    25 root      20   0       0      0      0 S   0.0  0.0   0:00.00 rcuob/15
