Tue Dec 19 14:38:36 PST 2017
Architecture:          x86_64
CPU op-mode(s):        32-bit, 64-bit
Byte Order:            Little Endian
CPU(s):                272
On-line CPU(s) list:   0-271
Thread(s) per core:    4
Core(s) per socket:    68
Socket(s):             1
NUMA node(s):          2
Vendor ID:             GenuineIntel
CPU family:            6
Model:                 87
Model name:            Intel(R) Xeon Phi(TM) CPU 7250 @ 1.40GHz
Stepping:              1
CPU MHz:               1500.570
BogoMIPS:              2793.75
L1d cache:             32K
L1i cache:             32K
L2 cache:              1024K
NUMA node0 CPU(s):     0-271
NUMA node1 CPU(s):     
Linux ortce-knl8 3.10.0-327.el7.x86_64 #1 SMP Thu Oct 29 17:29:29 EDT 2015 x86_64 x86_64 x86_64 GNU/Linux
available: 2 nodes (0-1)
node 0 cpus: 0 1 2 3 4 5 6 7 8 9 10 11 12 13 14 15 16 17 18 19 20 21 22 23 24 25 26 27 28 29 30 31 32 33 34 35 36 37 38 39 40 41 42 43 44 45 46 47 48 49 50 51 52 53 54 55 56 57 58 59 60 61 62 63 64 65 66 67 68 69 70 71 72 73 74 75 76 77 78 79 80 81 82 83 84 85 86 87 88 89 90 91 92 93 94 95 96 97 98 99 100 101 102 103 104 105 106 107 108 109 110 111 112 113 114 115 116 117 118 119 120 121 122 123 124 125 126 127 128 129 130 131 132 133 134 135 136 137 138 139 140 141 142 143 144 145 146 147 148 149 150 151 152 153 154 155 156 157 158 159 160 161 162 163 164 165 166 167 168 169 170 171 172 173 174 175 176 177 178 179 180 181 182 183 184 185 186 187 188 189 190 191 192 193 194 195 196 197 198 199 200 201 202 203 204 205 206 207 208 209 210 211 212 213 214 215 216 217 218 219 220 221 222 223 224 225 226 227 228 229 230 231 232 233 234 235 236 237 238 239 240 241 242 243 244 245 246 247 248 249 250 251 252 253 254 255 256 257 258 259 260 261 262 263 264 265 266 267 268 269 270 271
node 0 size: 98200 MB
node 0 free: 94294 MB
node 1 cpus:
node 1 size: 16384 MB
node 1 free: 15368 MB
node distances:
node   0   1 
  0:  10  31 
  1:  31  10 

Per-node system memory usage (in MBs):
                          Node 0          Node 1           Total
                 --------------- --------------- ---------------
MemTotal                98200.81        16384.00       114584.81
MemFree                 94294.97        15368.04       109663.02
MemUsed                  3905.84         1015.96         4921.80
Active                    330.54          132.46          463.00
Inactive                  515.87          230.55          746.41
Active(anon)               83.09            0.00           83.09
Inactive(anon)             17.59            0.00           17.59
Active(file)              247.46          132.46          379.92
Inactive(file)            498.27          230.55          728.82
Unevictable                 0.00            0.00            0.00
Mlocked                     0.00            0.00            0.00
Dirty                       0.02            0.00            0.02
Writeback                   0.01            0.00            0.01
FilePages                 763.39          363.01         1126.40
Mapped                     38.57            0.00           38.57
AnonPages                  83.12            0.00           83.12
Shmem                      17.66            0.00           17.66
KernelStack                39.55            0.00           39.55
PageTables                  5.95            0.00            5.95
NFS_Unstable                0.00            0.00            0.00
Bounce                      0.00            0.00            0.00
WritebackTmp                0.00            0.00            0.00
Slab                      550.97          156.68          707.65
SReclaimable              221.62           47.73          269.35
SUnreclaim                329.35          108.95          438.30
AnonHugePages              10.00            0.00           10.00
HugePages_Total             0.00            0.00            0.00
HugePages_Free              0.00            0.00            0.00
HugePages_Surp              0.00            0.00            0.00
top - 14:38:37 up 1 day,  5:44,  1 user,  load average: 219.66, 189.71, 138.53
Tasks: 2209 total,   1 running, 2208 sleeping,   0 stopped,   0 zombie
%Cpu(s):  6.3 us,  0.4 sy,  0.0 ni, 93.3 id,  0.0 wa,  0.0 hi,  0.0 si,  0.0 st
KiB Mem : 11538529+total, 11229269+free,  1214520 used,  1878076 buff/cache
KiB Swap: 58593276 total, 58593276 free,        0 used. 11336598+avail Mem 

   PID USER      PR  NI    VIRT    RES    SHR S  %CPU %MEM     TIME+ COMMAND
136668 cyount    20   0  152536   4100   1460 R  55.6  0.0   0:00.41 top
   281 root      20   0       0      0      0 S   2.8  0.0   2:03.57 rcu_sched
   363 root      20   0       0      0      0 S   2.8  0.0   0:04.62 rcuos/81
     1 root      20   0   51548  13932   2384 S   0.0  0.0   0:34.26 systemd
     2 root      20   0       0      0      0 S   0.0  0.0   0:00.12 kthreadd
     3 root      20   0       0      0      0 S   0.0  0.0   0:00.00 ksoftirqd/0
     4 root      20   0       0      0      0 S   0.0  0.0   1:46.95 kworker/0:0
     5 root       0 -20       0      0      0 S   0.0  0.0   0:00.00 kworker/0:0H
     7 root      rt   0       0      0      0 S   0.0  0.0   0:04.10 migration/0
     8 root      20   0       0      0      0 S   0.0  0.0   0:00.00 rcu_bh
     9 root      20   0       0      0      0 S   0.0  0.0   0:00.00 rcuob/0
    10 root      20   0       0      0      0 S   0.0  0.0   0:00.00 rcuob/1
    11 root      20   0       0      0      0 S   0.0  0.0   0:00.00 rcuob/2
    12 root      20   0       0      0      0 S   0.0  0.0   0:00.00 rcuob/3
    13 root      20   0       0      0      0 S   0.0  0.0   0:00.00 rcuob/4
    14 root      20   0       0      0      0 S   0.0  0.0   0:00.00 rcuob/5
    15 root      20   0       0      0      0 S   0.0  0.0   0:00.00 rcuob/6
    16 root      20   0       0      0      0 S   0.0  0.0   0:00.00 rcuob/7
    17 root      20   0       0      0      0 S   0.0  0.0   0:00.00 rcuob/8
    18 root      20   0       0      0      0 S   0.0  0.0   0:00.00 rcuob/9
    19 root      20   0       0      0      0 S   0.0  0.0   0:00.00 rcuob/10
    20 root      20   0       0      0      0 S   0.0  0.0   0:00.00 rcuob/11
    21 root      20   0       0      0      0 S   0.0  0.0   0:00.00 rcuob/12
env DEVITO_PLATFORM=knl DEVITO_ISA=avx512 DEVITO_DLE_OPTIONS=blockinner:True DEVITO_AUTOTUNING=aggressive DEVITO_BACKEND=core DEVITO_OPENMP=1 DEVITO_ARCH=intel DEVITO_LOGGING=DEBUG DEVITO_YASK_AUTOTUNING=preemptive DEVITO_YASK_DUMP=devito.bench.2017-12-19/acoustic/core/bmO2/ortce-knl8/grid768/so4 numactl --preferred=1 python examples/seismic/benchmark.py bench -bm O2 -P acoustic -so 4 -to 2 -d 768 768 768 --tn 1000 -x 3 -r devito.bench.2017-12-19/acoustic/core/bmO2/ortce-knl8/grid768/so4
Allocating memory for m ((788, 788, 788))
Allocating memory for damp ((788, 788, 788))
Allocating memory for src ((329, 1))
Allocating memory for src_coords ((1, 3))
Allocating memory for nrec_coords ((768, 3))
Applying Forward
Allocating memory for rec_coords ((768, 3))
DSE: extract_time_invariants [flops: 51, elapsed: 0.04] >>
     eliminate_inter_stencil_redundancies [flops: 51, elapsed: 0.03] >>
     eliminate_intra_stencil_redundancies [flops: 42, elapsed: 0.05] >>
     factorize [flops: 32, elapsed: 0.18] >>
     finalize [flops: 36, elapsed: 0.01]
     [Total elapsed: 0.31 s]
DLE: avoid_denormals [elapsed: 0.00] >>
     loop_fission [elapsed: 0.06] >>
     loop_blocking [elapsed: 0.72] >>
     simdize [elapsed: 1.20] >>
     ompize [elapsed: 0.52] >>
     create_elemental_functions [elapsed: 0.90] >>
     minimize_remainders [elapsed: 0.09]
     [Total elapsed: 3.49 s]
Allocating memory for rec ((329, 768))
Allocating memory for u ((3, 788, 788, 788))
IntelCompiler: compiled /tmp/devito-orwbx8ft/7de75c714735bf25dbb87102c5bf50b328ecdf49.c [5.64 s]
AutoTuner: Block shape <8,8,8> took 0.352930 (s) in 3 time steps
AutoTuner: Block shape <16,16,16> took 0.365656 (s) in 3 time steps
AutoTuner: Block shape <24,24,24> took 0.551743 (s) in 3 time steps
AutoTuner: Block shape <32,32,32> took 0.412378 (s) in 3 time steps
AutoTuner: Block shape <40,40,40> took 0.482714 (s) in 3 time steps
AutoTuner: Block shape <64,64,64> took 0.380531 (s) in 3 time steps
AutoTuner: Block shape <128,128,128> took 0.294234 (s) in 3 time steps
AutoTuner: Block shape <256,256,256> took 0.338231 (s) in 3 time steps
AutoTuner: Block shape <512,512,512> took 3.363645 (s) in 3 time steps
AutoTuner: Block shape <784,784,784> took 2.142438 (s) in 3 time steps
AutoTuner: Block shape <8,8,16> took 0.171886 (s) in 3 time steps
AutoTuner: Block shape <8,8,24> took 0.330619 (s) in 3 time steps
AutoTuner: Block shape <8,8,32> took 0.236616 (s) in 3 time steps
AutoTuner: Block shape <8,8,40> took 0.308778 (s) in 3 time steps
AutoTuner: Block shape <8,8,64> took 0.253017 (s) in 3 time steps
AutoTuner: Block shape <8,8,128> took 0.262825 (s) in 3 time steps
AutoTuner: Block shape <8,8,256> took 0.249215 (s) in 3 time steps
AutoTuner: Block shape <8,8,512> took 0.247401 (s) in 3 time steps
AutoTuner: Block shape <8,8,784> took 0.191216 (s) in 3 time steps
AutoTuner: Block shape <16,16,8> took 0.830020 (s) in 3 time steps
AutoTuner: Block shape <16,16,24> took 0.461548 (s) in 3 time steps
AutoTuner: Block shape <16,16,32> took 0.318194 (s) in 3 time steps
AutoTuner: Block shape <16,16,40> took 0.408363 (s) in 3 time steps
AutoTuner: Block shape <16,16,64> took 0.326386 (s) in 3 time steps
AutoTuner: Block shape <16,16,128> took 0.309267 (s) in 3 time steps
AutoTuner: Block shape <16,16,256> took 0.273328 (s) in 3 time steps
AutoTuner: Block shape <16,16,512> took 0.246508 (s) in 3 time steps
AutoTuner: Block shape <16,16,784> took 0.191332 (s) in 3 time steps
AutoTuner: Block shape <24,24,8> took 1.046724 (s) in 3 time steps
AutoTuner: Block shape <24,24,16> took 0.450798 (s) in 3 time steps
AutoTuner: Block shape <24,24,32> took 0.384555 (s) in 3 time steps
AutoTuner: Block shape <24,24,40> took 0.460618 (s) in 3 time steps
AutoTuner: Block shape <24,24,64> took 0.357035 (s) in 3 time steps
AutoTuner: Block shape <24,24,128> took 0.316794 (s) in 3 time steps
AutoTuner: Block shape <24,24,256> took 0.275305 (s) in 3 time steps
AutoTuner: Block shape <24,24,512> took 0.251522 (s) in 3 time steps
AutoTuner: Block shape <24,24,784> took 0.190281 (s) in 3 time steps
AutoTuner: Block shape <32,32,8> took 1.156712 (s) in 3 time steps
AutoTuner: Block shape <32,32,16> took 0.510261 (s) in 3 time steps
AutoTuner: Block shape <32,32,24> took 0.585690 (s) in 3 time steps
AutoTuner: Block shape <32,32,40> took 0.480097 (s) in 3 time steps
AutoTuner: Block shape <32,32,64> took 0.366497 (s) in 3 time steps
AutoTuner: Block shape <32,32,128> took 0.319285 (s) in 3 time steps
AutoTuner: Block shape <32,32,256> took 0.279201 (s) in 3 time steps
AutoTuner: Block shape <32,32,512> took 0.248050 (s) in 3 time steps
AutoTuner: Block shape <32,32,784> took 0.191060 (s) in 3 time steps
AutoTuner: Block shape <16,8,8> took 0.729560 (s) in 3 time steps
AutoTuner: Block shape <8,16,8> took 0.748279 (s) in 3 time steps
AutoTuner: Block shape <16,8,16> took 0.316187 (s) in 3 time steps
AutoTuner: Block shape <8,16,16> took 0.327542 (s) in 3 time steps
AutoTuner: Block shape <32,16,16> took 0.402109 (s) in 3 time steps
AutoTuner: Block shape <16,32,16> took 0.469649 (s) in 3 time steps
AutoTuner: Block shape <32,16,32> took 0.368256 (s) in 3 time steps
AutoTuner: Block shape <16,32,32> took 0.398088 (s) in 3 time steps
AutoTuner: Block shape <48,24,24> took 0.566744 (s) in 3 time steps
AutoTuner: Block shape <24,48,24> took 0.600652 (s) in 3 time steps
AutoTuner: Block shape <24,24,48> took 0.370610 (s) in 3 time steps
AutoTuner: Block shape <48,48,24> took 0.599363 (s) in 3 time steps
AutoTuner: Block shape <48,24,48> took 0.377889 (s) in 3 time steps
AutoTuner: Block shape <24,48,48> took 0.391824 (s) in 3 time steps
AutoTuner: Block shape <48,48,48> took 0.390091 (s) in 3 time steps
AutoTuner: Block shape <64,32,32> took 0.417607 (s) in 3 time steps
AutoTuner: Block shape <32,64,32> took 0.432385 (s) in 3 time steps
AutoTuner: Block shape <64,64,32> took 0.436178 (s) in 3 time steps
AutoTuner: Block shape <64,32,64> took 0.368019 (s) in 3 time steps
AutoTuner: Block shape <32,64,64> took 0.372055 (s) in 3 time steps
AutoTuner: Block shape <80,40,40> took 0.480974 (s) in 3 time steps
AutoTuner: Block shape <40,80,40> took 0.486085 (s) in 3 time steps
AutoTuner: Block shape <40,40,80> took 0.351983 (s) in 3 time steps
AutoTuner: Block shape <80,80,40> took 0.489583 (s) in 3 time steps
AutoTuner: Block shape <80,40,80> took 0.361365 (s) in 3 time steps
AutoTuner: Block shape <40,80,80> took 0.363922 (s) in 3 time steps
AutoTuner: Block shape <80,80,80> took 0.384804 (s) in 3 time steps
AutoTuner: Block shape <128,64,64> took 0.379871 (s) in 3 time steps
AutoTuner: Block shape <64,128,64> took 0.384270 (s) in 3 time steps
AutoTuner: Block shape <64,64,128> took 0.330070 (s) in 3 time steps
AutoTuner: Block shape <128,128,64> took 0.366333 (s) in 3 time steps
AutoTuner: Block shape <128,64,128> took 0.325457 (s) in 3 time steps
AutoTuner: Block shape <64,128,128> took 0.331365 (s) in 3 time steps
AutoTuner: Block shape <256,128,128> took 0.323000 (s) in 3 time steps
AutoTuner: Block shape <128,256,128> took 0.315696 (s) in 3 time steps
AutoTuner: Block shape <128,128,256> took 0.300626 (s) in 3 time steps
AutoTuner: Block shape <256,256,128> took 0.329622 (s) in 3 time steps
AutoTuner: Block shape <256,128,256> took 0.263350 (s) in 3 time steps
AutoTuner: Block shape <128,256,256> took 0.255252 (s) in 3 time steps
AutoTuner: Block shape <512,256,256> took 0.805051 (s) in 3 time steps
AutoTuner: Block shape <256,512,256> took 0.806353 (s) in 3 time steps
AutoTuner: Block shape <256,256,512> took 0.585913 (s) in 3 time steps
AutoTuner: Block shape <512,512,256> took 2.194840 (s) in 3 time steps
AutoTuner: Block shape <512,256,512> took 1.557847 (s) in 3 time steps
AutoTuner: Block shape <256,512,512> took 1.558156 (s) in 3 time steps
Auto-tuned block shape: {'x0_block_size': 8, 'y0_block_size': 8, 'z0_block_size': 16}
=========================================================================================
Section section_1<327,1> with OI=0.96 computed in 0.001 s [0.03 GFlops/s]
Section section_2<327,768> with OI=2.09 computed in 0.070 s [0.30 GFlops/s]
Section main<327,784,784,784> with OI=2.20 computed in 27.914 s [203.22 GFlops/s, 5.65 GPts/s]
=========================================================================================
Allocating memory for m ((788, 788, 788))
Allocating memory for damp ((788, 788, 788))
Allocating memory for src ((329, 1))
Allocating memory for src_coords ((1, 3))
Allocating memory for nrec_coords ((768, 3))
Applying Forward
Allocating memory for rec_coords ((768, 3))
DSE: extract_time_invariants [flops: 51, elapsed: 0.03] >>
     eliminate_inter_stencil_redundancies [flops: 51, elapsed: 0.03] >>
     eliminate_intra_stencil_redundancies [flops: 42, elapsed: 0.05] >>
     factorize [flops: 32, elapsed: 0.18] >>
     finalize [flops: 36, elapsed: 0.01]
     [Total elapsed: 0.31 s]
DLE: avoid_denormals [elapsed: 0.00] >>
     loop_fission [elapsed: 0.06] >>
     loop_blocking [elapsed: 0.72] >>
     simdize [elapsed: 0.14] >>
     ompize [elapsed: 0.52] >>
     create_elemental_functions [elapsed: 0.90] >>
     minimize_remainders [elapsed: 0.09]
     [Total elapsed: 2.44 s]
Allocating memory for rec ((329, 768))
Allocating memory for u ((3, 788, 788, 788))
IntelCompiler: compiled /tmp/devito-orwbx8ft/7de75c714735bf25dbb87102c5bf50b328ecdf49.c [5.60 s]
AutoTuner: Block shape <8,8,8> took 0.197483 (s) in 3 time steps
AutoTuner: Block shape <16,16,16> took 0.365442 (s) in 3 time steps
AutoTuner: Block shape <24,24,24> took 0.549579 (s) in 3 time steps
AutoTuner: Block shape <32,32,32> took 0.410999 (s) in 3 time steps
AutoTuner: Block shape <40,40,40> took 0.482583 (s) in 3 time steps
AutoTuner: Block shape <64,64,64> took 0.380696 (s) in 3 time steps
AutoTuner: Block shape <128,128,128> took 0.291509 (s) in 3 time steps
AutoTuner: Block shape <256,256,256> took 0.339169 (s) in 3 time steps
AutoTuner: Block shape <512,512,512> took 3.354134 (s) in 3 time steps
AutoTuner: Block shape <784,784,784> took 2.126924 (s) in 3 time steps
AutoTuner: Block shape <8,8,16> took 0.166544 (s) in 3 time steps
AutoTuner: Block shape <8,8,24> took 0.328305 (s) in 3 time steps
AutoTuner: Block shape <8,8,32> took 0.235255 (s) in 3 time steps
AutoTuner: Block shape <8,8,40> took 0.305056 (s) in 3 time steps
AutoTuner: Block shape <8,8,64> took 0.249638 (s) in 3 time steps
AutoTuner: Block shape <8,8,128> took 0.255510 (s) in 3 time steps
AutoTuner: Block shape <8,8,256> took 0.244985 (s) in 3 time steps
AutoTuner: Block shape <8,8,512> took 0.243762 (s) in 3 time steps
AutoTuner: Block shape <8,8,784> took 0.190097 (s) in 3 time steps
AutoTuner: Block shape <16,16,8> took 0.832156 (s) in 3 time steps
AutoTuner: Block shape <16,16,24> took 0.460190 (s) in 3 time steps
AutoTuner: Block shape <16,16,32> took 0.318165 (s) in 3 time steps
AutoTuner: Block shape <16,16,40> took 0.407048 (s) in 3 time steps
AutoTuner: Block shape <16,16,64> took 0.324906 (s) in 3 time steps
AutoTuner: Block shape <16,16,128> took 0.306000 (s) in 3 time steps
AutoTuner: Block shape <16,16,256> took 0.268905 (s) in 3 time steps
AutoTuner: Block shape <16,16,512> took 0.246388 (s) in 3 time steps
AutoTuner: Block shape <16,16,784> took 0.195445 (s) in 3 time steps
AutoTuner: Block shape <24,24,8> took 1.036020 (s) in 3 time steps
AutoTuner: Block shape <24,24,16> took 0.448924 (s) in 3 time steps
AutoTuner: Block shape <24,24,32> took 0.395483 (s) in 3 time steps
AutoTuner: Block shape <24,24,40> took 0.459639 (s) in 3 time steps
AutoTuner: Block shape <24,24,64> took 0.355735 (s) in 3 time steps
AutoTuner: Block shape <24,24,128> took 0.315219 (s) in 3 time steps
AutoTuner: Block shape <24,24,256> took 0.272228 (s) in 3 time steps
AutoTuner: Block shape <24,24,512> took 0.251021 (s) in 3 time steps
AutoTuner: Block shape <24,24,784> took 0.191762 (s) in 3 time steps
AutoTuner: Block shape <32,32,8> took 1.146660 (s) in 3 time steps
AutoTuner: Block shape <32,32,16> took 0.508097 (s) in 3 time steps
AutoTuner: Block shape <32,32,24> took 0.584151 (s) in 3 time steps
AutoTuner: Block shape <32,32,40> took 0.477990 (s) in 3 time steps
AutoTuner: Block shape <32,32,64> took 0.365747 (s) in 3 time steps
AutoTuner: Block shape <32,32,128> took 0.318276 (s) in 3 time steps
AutoTuner: Block shape <32,32,256> took 0.275850 (s) in 3 time steps
AutoTuner: Block shape <32,32,512> took 0.248495 (s) in 3 time steps
AutoTuner: Block shape <32,32,784> took 0.192383 (s) in 3 time steps
AutoTuner: Block shape <16,8,8> took 0.737800 (s) in 3 time steps
AutoTuner: Block shape <8,16,8> took 0.752104 (s) in 3 time steps
AutoTuner: Block shape <16,8,16> took 0.316727 (s) in 3 time steps
AutoTuner: Block shape <8,16,16> took 0.328728 (s) in 3 time steps
AutoTuner: Block shape <32,16,16> took 0.395036 (s) in 3 time steps
AutoTuner: Block shape <16,32,16> took 0.470251 (s) in 3 time steps
AutoTuner: Block shape <32,16,32> took 0.346811 (s) in 3 time steps
AutoTuner: Block shape <16,32,32> took 0.406241 (s) in 3 time steps
AutoTuner: Block shape <48,24,24> took 0.563013 (s) in 3 time steps
AutoTuner: Block shape <24,48,24> took 0.600188 (s) in 3 time steps
AutoTuner: Block shape <24,24,48> took 0.369362 (s) in 3 time steps
AutoTuner: Block shape <48,48,24> took 0.599211 (s) in 3 time steps
AutoTuner: Block shape <48,24,48> took 0.376685 (s) in 3 time steps
AutoTuner: Block shape <24,48,48> took 0.390419 (s) in 3 time steps
AutoTuner: Block shape <48,48,48> took 0.390760 (s) in 3 time steps
AutoTuner: Block shape <64,32,32> took 0.416615 (s) in 3 time steps
AutoTuner: Block shape <32,64,32> took 0.432910 (s) in 3 time steps
AutoTuner: Block shape <64,64,32> took 0.436008 (s) in 3 time steps
AutoTuner: Block shape <64,32,64> took 0.367586 (s) in 3 time steps
AutoTuner: Block shape <32,64,64> took 0.371602 (s) in 3 time steps
AutoTuner: Block shape <80,40,40> took 0.481355 (s) in 3 time steps
AutoTuner: Block shape <40,80,40> took 0.486687 (s) in 3 time steps
AutoTuner: Block shape <40,40,80> took 0.350537 (s) in 3 time steps
AutoTuner: Block shape <80,80,40> took 0.491476 (s) in 3 time steps
AutoTuner: Block shape <80,40,80> took 0.360169 (s) in 3 time steps
AutoTuner: Block shape <40,80,80> took 0.363858 (s) in 3 time steps
AutoTuner: Block shape <80,80,80> took 0.382533 (s) in 3 time steps
AutoTuner: Block shape <128,64,64> took 0.379559 (s) in 3 time steps
AutoTuner: Block shape <64,128,64> took 0.383798 (s) in 3 time steps
AutoTuner: Block shape <64,64,128> took 0.328367 (s) in 3 time steps
AutoTuner: Block shape <128,128,64> took 0.365539 (s) in 3 time steps
AutoTuner: Block shape <128,64,128> took 0.326483 (s) in 3 time steps
AutoTuner: Block shape <64,128,128> took 0.332061 (s) in 3 time steps
AutoTuner: Block shape <256,128,128> took 0.325031 (s) in 3 time steps
AutoTuner: Block shape <128,256,128> took 0.315394 (s) in 3 time steps
AutoTuner: Block shape <128,128,256> took 0.296989 (s) in 3 time steps
AutoTuner: Block shape <256,256,128> took 0.330553 (s) in 3 time steps
AutoTuner: Block shape <256,128,256> took 0.257790 (s) in 3 time steps
AutoTuner: Block shape <128,256,256> took 0.260757 (s) in 3 time steps
AutoTuner: Block shape <512,256,256> took 0.821871 (s) in 3 time steps
AutoTuner: Block shape <256,512,256> took 0.809108 (s) in 3 time steps
AutoTuner: Block shape <256,256,512> took 0.590985 (s) in 3 time steps
AutoTuner: Block shape <512,512,256> took 2.196640 (s) in 3 time steps
AutoTuner: Block shape <512,256,512> took 1.556282 (s) in 3 time steps
AutoTuner: Block shape <256,512,512> took 1.554444 (s) in 3 time steps
Auto-tuned block shape: {'x0_block_size': 8, 'y0_block_size': 8, 'z0_block_size': 16}
=========================================================================================
Section section_1<327,1> with OI=0.96 computed in 0.001 s [0.04 GFlops/s]
Section section_2<327,768> with OI=2.09 computed in 0.024 s [0.89 GFlops/s]
Section main<327,784,784,784> with OI=2.20 computed in 27.192 s [208.62 GFlops/s, 5.80 GPts/s]
=========================================================================================
Allocating memory for m ((788, 788, 788))
Allocating memory for damp ((788, 788, 788))
Allocating memory for src ((329, 1))
Allocating memory for src_coords ((1, 3))
Allocating memory for nrec_coords ((768, 3))
Applying Forward
Allocating memory for rec_coords ((768, 3))
DSE: extract_time_invariants [flops: 51, elapsed: 0.03] >>
     eliminate_inter_stencil_redundancies [flops: 51, elapsed: 0.03] >>
     eliminate_intra_stencil_redundancies [flops: 42, elapsed: 0.06] >>
     factorize [flops: 32, elapsed: 0.18] >>
     finalize [flops: 36, elapsed: 0.01]
     [Total elapsed: 0.31 s]
DLE: avoid_denormals [elapsed: 0.00] >>
     loop_fission [elapsed: 0.06] >>
     loop_blocking [elapsed: 0.72] >>
     simdize [elapsed: 0.14] >>
     ompize [elapsed: 0.52] >>
     create_elemental_functions [elapsed: 0.91] >>
     minimize_remainders [elapsed: 0.09]
     [Total elapsed: 2.45 s]
Allocating memory for rec ((329, 768))
Allocating memory for u ((3, 788, 788, 788))
IntelCompiler: compiled /tmp/devito-orwbx8ft/7de75c714735bf25dbb87102c5bf50b328ecdf49.c [5.51 s]
AutoTuner: Block shape <8,8,8> took 0.198109 (s) in 3 time steps
AutoTuner: Block shape <16,16,16> took 0.365638 (s) in 3 time steps
AutoTuner: Block shape <24,24,24> took 0.550052 (s) in 3 time steps
AutoTuner: Block shape <32,32,32> took 0.411249 (s) in 3 time steps
AutoTuner: Block shape <40,40,40> took 0.482393 (s) in 3 time steps
AutoTuner: Block shape <64,64,64> took 0.381233 (s) in 3 time steps
AutoTuner: Block shape <128,128,128> took 0.287874 (s) in 3 time steps
AutoTuner: Block shape <256,256,256> took 0.341919 (s) in 3 time steps
AutoTuner: Block shape <512,512,512> took 3.354469 (s) in 3 time steps
AutoTuner: Block shape <784,784,784> took 2.126357 (s) in 3 time steps
AutoTuner: Block shape <8,8,16> took 0.166467 (s) in 3 time steps
AutoTuner: Block shape <8,8,24> took 0.328422 (s) in 3 time steps
AutoTuner: Block shape <8,8,32> took 0.235137 (s) in 3 time steps
AutoTuner: Block shape <8,8,40> took 0.305207 (s) in 3 time steps
AutoTuner: Block shape <8,8,64> took 0.249908 (s) in 3 time steps
AutoTuner: Block shape <8,8,128> took 0.256598 (s) in 3 time steps
AutoTuner: Block shape <8,8,256> took 0.245323 (s) in 3 time steps
AutoTuner: Block shape <8,8,512> took 0.244283 (s) in 3 time steps
AutoTuner: Block shape <8,8,784> took 0.190708 (s) in 3 time steps
AutoTuner: Block shape <16,16,8> took 0.833472 (s) in 3 time steps
AutoTuner: Block shape <16,16,24> took 0.460543 (s) in 3 time steps
AutoTuner: Block shape <16,16,32> took 0.318507 (s) in 3 time steps
AutoTuner: Block shape <16,16,40> took 0.407074 (s) in 3 time steps
AutoTuner: Block shape <16,16,64> took 0.325318 (s) in 3 time steps
AutoTuner: Block shape <16,16,128> took 0.305986 (s) in 3 time steps
AutoTuner: Block shape <16,16,256> took 0.269429 (s) in 3 time steps
AutoTuner: Block shape <16,16,512> took 0.246244 (s) in 3 time steps
AutoTuner: Block shape <16,16,784> took 0.195357 (s) in 3 time steps
AutoTuner: Block shape <24,24,8> took 1.035927 (s) in 3 time steps
AutoTuner: Block shape <24,24,16> took 0.449120 (s) in 3 time steps
AutoTuner: Block shape <24,24,32> took 0.383240 (s) in 3 time steps
AutoTuner: Block shape <24,24,40> took 0.459766 (s) in 3 time steps
AutoTuner: Block shape <24,24,64> took 0.362505 (s) in 3 time steps
AutoTuner: Block shape <24,24,128> took 0.315099 (s) in 3 time steps
AutoTuner: Block shape <24,24,256> took 0.272213 (s) in 3 time steps
AutoTuner: Block shape <24,24,512> took 0.250533 (s) in 3 time steps
AutoTuner: Block shape <24,24,784> took 0.192583 (s) in 3 time steps
AutoTuner: Block shape <32,32,8> took 1.147160 (s) in 3 time steps
AutoTuner: Block shape <32,32,16> took 0.508830 (s) in 3 time steps
AutoTuner: Block shape <32,32,24> took 0.584282 (s) in 3 time steps
AutoTuner: Block shape <32,32,40> took 0.478424 (s) in 3 time steps
AutoTuner: Block shape <32,32,64> took 0.384977 (s) in 3 time steps
AutoTuner: Block shape <32,32,128> took 0.353287 (s) in 3 time steps
AutoTuner: Block shape <32,32,256> took 0.310119 (s) in 3 time steps
AutoTuner: Block shape <32,32,512> took 0.283228 (s) in 3 time steps
AutoTuner: Block shape <32,32,784> took 0.209653 (s) in 3 time steps
AutoTuner: Block shape <16,8,8> took 0.857273 (s) in 3 time steps
AutoTuner: Block shape <8,16,8> took 0.857835 (s) in 3 time steps
AutoTuner: Block shape <16,8,16> took 0.376922 (s) in 3 time steps
AutoTuner: Block shape <8,16,16> took 0.331019 (s) in 3 time steps
AutoTuner: Block shape <32,16,16> took 0.395633 (s) in 3 time steps
AutoTuner: Block shape <16,32,16> took 0.471358 (s) in 3 time steps
AutoTuner: Block shape <32,16,32> took 0.347333 (s) in 3 time steps
AutoTuner: Block shape <16,32,32> took 0.396507 (s) in 3 time steps
AutoTuner: Block shape <48,24,24> took 0.569629 (s) in 3 time steps
AutoTuner: Block shape <24,48,24> took 0.600222 (s) in 3 time steps
AutoTuner: Block shape <24,24,48> took 0.369213 (s) in 3 time steps
AutoTuner: Block shape <48,48,24> took 0.600030 (s) in 3 time steps
AutoTuner: Block shape <48,24,48> took 0.376859 (s) in 3 time steps
AutoTuner: Block shape <24,48,48> took 0.391137 (s) in 3 time steps
AutoTuner: Block shape <48,48,48> took 0.390296 (s) in 3 time steps
AutoTuner: Block shape <64,32,32> took 0.417191 (s) in 3 time steps
AutoTuner: Block shape <32,64,32> took 0.431919 (s) in 3 time steps
AutoTuner: Block shape <64,64,32> took 0.436015 (s) in 3 time steps
AutoTuner: Block shape <64,32,64> took 0.367422 (s) in 3 time steps
AutoTuner: Block shape <32,64,64> took 0.371620 (s) in 3 time steps
AutoTuner: Block shape <80,40,40> took 0.481110 (s) in 3 time steps
AutoTuner: Block shape <40,80,40> took 0.486700 (s) in 3 time steps
AutoTuner: Block shape <40,40,80> took 0.350986 (s) in 3 time steps
AutoTuner: Block shape <80,80,40> took 0.491574 (s) in 3 time steps
AutoTuner: Block shape <80,40,80> took 0.360836 (s) in 3 time steps
AutoTuner: Block shape <40,80,80> took 0.362834 (s) in 3 time steps
AutoTuner: Block shape <80,80,80> took 0.385980 (s) in 3 time steps
AutoTuner: Block shape <128,64,64> took 0.379332 (s) in 3 time steps
AutoTuner: Block shape <64,128,64> took 0.384638 (s) in 3 time steps
AutoTuner: Block shape <64,64,128> took 0.328962 (s) in 3 time steps
AutoTuner: Block shape <128,128,64> took 0.367706 (s) in 3 time steps
AutoTuner: Block shape <128,64,128> took 0.325011 (s) in 3 time steps
AutoTuner: Block shape <64,128,128> took 0.338724 (s) in 3 time steps
AutoTuner: Block shape <256,128,128> took 0.334492 (s) in 3 time steps
AutoTuner: Block shape <128,256,128> took 0.316040 (s) in 3 time steps
AutoTuner: Block shape <128,128,256> took 0.299277 (s) in 3 time steps
AutoTuner: Block shape <256,256,128> took 0.330105 (s) in 3 time steps
AutoTuner: Block shape <256,128,256> took 0.254233 (s) in 3 time steps
AutoTuner: Block shape <128,256,256> took 0.259155 (s) in 3 time steps
AutoTuner: Block shape <512,256,256> took 0.808649 (s) in 3 time steps
AutoTuner: Block shape <256,512,256> took 0.809943 (s) in 3 time steps
AutoTuner: Block shape <256,256,512> took 0.585934 (s) in 3 time steps
AutoTuner: Block shape <512,512,256> took 2.193589 (s) in 3 time steps
AutoTuner: Block shape <512,256,512> took 1.559630 (s) in 3 time steps
AutoTuner: Block shape <256,512,512> took 1.555317 (s) in 3 time steps
Auto-tuned block shape: {'x0_block_size': 8, 'y0_block_size': 8, 'z0_block_size': 16}
=========================================================================================
Section section_1<327,1> with OI=0.96 computed in 0.001 s [0.03 GFlops/s]
Section section_2<327,768> with OI=2.09 computed in 0.017 s [1.21 GFlops/s]
Section main<327,784,784,784> with OI=2.20 computed in 27.243 s [208.23 GFlops/s, 5.78 GPts/s]
=========================================================================================


OpesciBench: Running 3 repeats - parameters: arch: unknown, autotune: True, dle: advanced, dse: advanced, nbpml: 10, shape: (768, 768, 768), space_order: 4, spacing: (20.0, 20.0, 20.0), time_order: 2, tn: 1000
OpesciBench [14:38:47]: --- Run 0 ---
OpesciBench [14:43:06]: --- Run 0 finished ---

OpesciBench [14:43:06]: --- Run 1 ---
OpesciBench [14:47:25]: --- Run 1 finished ---

OpesciBench [14:47:25]: --- Run 2 ---
OpesciBench [14:51:44]: --- Run 2 finished ---



Tue Dec 19 14:51:45 PST 2017
top - 14:51:46 up 1 day,  5:58,  1 user,  load average: 204.70, 145.02, 131.49
Tasks: 2210 total,   1 running, 2209 sleeping,   0 stopped,   0 zombie
%Cpu(s):  6.4 us,  0.4 sy,  0.0 ni, 93.2 id,  0.0 wa,  0.0 hi,  0.0 si,  0.0 st
KiB Mem : 11538529+total, 11229361+free,  1212072 used,  1879604 buff/cache
KiB Swap: 58593276 total, 58593276 free,        0 used. 11336737+avail Mem 

   PID USER      PR  NI    VIRT    RES    SHR S  %CPU %MEM     TIME+ COMMAND
137325 cyount    20   0  152536   4100   1460 R  57.1  0.0   0:00.41 top
     1 root      20   0   51548  13932   2384 S   0.0  0.0   0:34.37 systemd
     2 root      20   0       0      0      0 S   0.0  0.0   0:00.12 kthreadd
     3 root      20   0       0      0      0 S   0.0  0.0   0:00.00 ksoftirqd/0
     4 root      20   0       0      0      0 S   0.0  0.0   1:48.47 kworker/0:0
     5 root       0 -20       0      0      0 S   0.0  0.0   0:00.00 kworker/0:0H
     7 root      rt   0       0      0      0 S   0.0  0.0   0:04.10 migration/0
     8 root      20   0       0      0      0 S   0.0  0.0   0:00.00 rcu_bh
     9 root      20   0       0      0      0 S   0.0  0.0   0:00.00 rcuob/0
    10 root      20   0       0      0      0 S   0.0  0.0   0:00.00 rcuob/1
    11 root      20   0       0      0      0 S   0.0  0.0   0:00.00 rcuob/2
    12 root      20   0       0      0      0 S   0.0  0.0   0:00.00 rcuob/3
    13 root      20   0       0      0      0 S   0.0  0.0   0:00.00 rcuob/4
    14 root      20   0       0      0      0 S   0.0  0.0   0:00.00 rcuob/5
    15 root      20   0       0      0      0 S   0.0  0.0   0:00.00 rcuob/6
    16 root      20   0       0      0      0 S   0.0  0.0   0:00.00 rcuob/7
    17 root      20   0       0      0      0 S   0.0  0.0   0:00.00 rcuob/8
    18 root      20   0       0      0      0 S   0.0  0.0   0:00.00 rcuob/9
    19 root      20   0       0      0      0 S   0.0  0.0   0:00.00 rcuob/10
    20 root      20   0       0      0      0 S   0.0  0.0   0:00.00 rcuob/11
    21 root      20   0       0      0      0 S   0.0  0.0   0:00.00 rcuob/12
    22 root      20   0       0      0      0 S   0.0  0.0   0:00.00 rcuob/13
    23 root      20   0       0      0      0 S   0.0  0.0   0:00.00 rcuob/14
