Fri Dec 22 13:26:25 PST 2017
Linux ortce-knl8 3.10.0-327.el7.x86_64 #1 SMP Thu Oct 29 17:29:29 EDT 2015 x86_64 x86_64 x86_64 GNU/Linux
Architecture:          x86_64
CPU op-mode(s):        32-bit, 64-bit
Byte Order:            Little Endian
CPU(s):                272
On-line CPU(s) list:   0-271
Thread(s) per core:    4
Core(s) per socket:    68
Socket(s):             1
NUMA node(s):          2
Vendor ID:             GenuineIntel
CPU family:            6
Model:                 87
Model name:            Intel(R) Xeon Phi(TM) CPU 7250 @ 1.40GHz
Stepping:              1
CPU MHz:               1400.000
BogoMIPS:              2793.75
L1d cache:             32K
L1i cache:             32K
L2 cache:              1024K
NUMA node0 CPU(s):     0-271
NUMA node1 CPU(s):     
Linux ortce-knl8 3.10.0-327.el7.x86_64 #1 SMP Thu Oct 29 17:29:29 EDT 2015 x86_64 x86_64 x86_64 GNU/Linux
available: 2 nodes (0-1)
node 0 cpus: 0 1 2 3 4 5 6 7 8 9 10 11 12 13 14 15 16 17 18 19 20 21 22 23 24 25 26 27 28 29 30 31 32 33 34 35 36 37 38 39 40 41 42 43 44 45 46 47 48 49 50 51 52 53 54 55 56 57 58 59 60 61 62 63 64 65 66 67 68 69 70 71 72 73 74 75 76 77 78 79 80 81 82 83 84 85 86 87 88 89 90 91 92 93 94 95 96 97 98 99 100 101 102 103 104 105 106 107 108 109 110 111 112 113 114 115 116 117 118 119 120 121 122 123 124 125 126 127 128 129 130 131 132 133 134 135 136 137 138 139 140 141 142 143 144 145 146 147 148 149 150 151 152 153 154 155 156 157 158 159 160 161 162 163 164 165 166 167 168 169 170 171 172 173 174 175 176 177 178 179 180 181 182 183 184 185 186 187 188 189 190 191 192 193 194 195 196 197 198 199 200 201 202 203 204 205 206 207 208 209 210 211 212 213 214 215 216 217 218 219 220 221 222 223 224 225 226 227 228 229 230 231 232 233 234 235 236 237 238 239 240 241 242 243 244 245 246 247 248 249 250 251 252 253 254 255 256 257 258 259 260 261 262 263 264 265 266 267 268 269 270 271
node 0 size: 98200 MB
node 0 free: 94057 MB
node 1 cpus:
node 1 size: 16384 MB
node 1 free: 15040 MB
node distances:
node   0   1 
  0:  10  31 
  1:  31  10 

Per-node system memory usage (in MBs):
                          Node 0          Node 1           Total
                 --------------- --------------- ---------------
MemTotal                98200.81        16384.00       114584.81
MemFree                 94057.71        15040.29       109097.99
MemUsed                  4143.11         1343.71         5486.82
Active                    385.78          222.54          608.32
Inactive                  560.26          304.78          865.04
Active(anon)               83.15            0.00           83.15
Inactive(anon)             25.59            0.00           25.59
Active(file)              302.63          222.54          525.17
Inactive(file)            534.67          304.78          839.45
Unevictable                 0.00            0.00            0.00
Mlocked                     0.00            0.00            0.00
Dirty                       0.00            0.00            0.00
Writeback                   0.00            0.00            0.00
FilePages                 862.96          527.32         1390.28
Mapped                     44.97            0.00           44.97
AnonPages                  82.44            0.00           82.44
Shmem                      25.66            0.00           25.66
KernelStack                40.47            0.00           40.47
PageTables                  6.75            0.00            6.75
NFS_Unstable                0.00            0.00            0.00
Bounce                      0.00            0.00            0.00
WritebackTmp                0.00            0.00            0.00
Slab                      618.30          219.88          838.18
SReclaimable              231.81           85.35          317.16
SUnreclaim                386.50          134.53          521.02
AnonHugePages              10.00            0.00           10.00
HugePages_Total             0.00            0.00            0.00
HugePages_Free              0.00            0.00            0.00
HugePages_Surp              0.00            0.00            0.00
top - 13:26:26 up 4 days,  4:32,  1 user,  load average: 271.66, 264.70, 248.21
Tasks: 2267 total,   1 running, 2266 sleeping,   0 stopped,   0 zombie
%Cpu(s): 26.6 us,  1.6 sy,  0.0 ni, 71.8 id,  0.0 wa,  0.0 hi,  0.0 si,  0.0 st
KiB Mem : 11538529+total, 11171353+free,  1389128 used,  2282628 buff/cache
KiB Swap: 58593276 total, 58593276 free,        0 used. 11309779+avail Mem 

   PID USER      PR  NI    VIRT    RES    SHR S  %CPU %MEM     TIME+ COMMAND
163530 cyount    20   0  152536   4072   1460 R  54.1  0.0   0:00.42 top
     4 root      20   0       0      0      0 S   2.7  0.0  10:20.32 kworker/0:0
   281 root      20   0       0      0      0 S   2.7  0.0   8:16.76 rcu_sched
  1972 root      20   0       0      0      0 S   2.7  0.0   0:01.02 kworker/29:1
     1 root      20   0   51548  13932   2384 S   0.0  0.0   2:04.83 systemd
     2 root      20   0       0      0      0 S   0.0  0.0   0:00.16 kthreadd
     3 root      20   0       0      0      0 S   0.0  0.0   0:00.06 ksoftirqd/0
     5 root       0 -20       0      0      0 S   0.0  0.0   0:00.00 kworker/0:0H
     7 root      rt   0       0      0      0 S   0.0  0.0   0:04.68 migration/0
     8 root      20   0       0      0      0 S   0.0  0.0   0:00.00 rcu_bh
     9 root      20   0       0      0      0 S   0.0  0.0   0:00.00 rcuob/0
    10 root      20   0       0      0      0 S   0.0  0.0   0:00.00 rcuob/1
    11 root      20   0       0      0      0 S   0.0  0.0   0:00.00 rcuob/2
    12 root      20   0       0      0      0 S   0.0  0.0   0:00.00 rcuob/3
    13 root      20   0       0      0      0 S   0.0  0.0   0:00.00 rcuob/4
    14 root      20   0       0      0      0 S   0.0  0.0   0:00.00 rcuob/5
    15 root      20   0       0      0      0 S   0.0  0.0   0:00.00 rcuob/6
    16 root      20   0       0      0      0 S   0.0  0.0   0:00.00 rcuob/7
    17 root      20   0       0      0      0 S   0.0  0.0   0:00.00 rcuob/8
    18 root      20   0       0      0      0 S   0.0  0.0   0:00.00 rcuob/9
    19 root      20   0       0      0      0 S   0.0  0.0   0:00.00 rcuob/10
    20 root      20   0       0      0      0 S   0.0  0.0   0:00.00 rcuob/11
    21 root      20   0       0      0      0 S   0.0  0.0   0:00.00 rcuob/12
env DEVITO_PLATFORM=knl DEVITO_ISA=avx512 DEVITO_DEBUG_COMPILER=1 DEVITO_DLE_OPTIONS=blockinner:True DEVITO_AUTOTUNING=aggressive DEVITO_BACKEND=core DEVITO_OPENMP=1 DEVITO_ARCH=intel DEVITO_LOGGING=DEBUG DEVITO_YASK_AUTOTUNING=preemptive DEVITO_YASK_DUMP=devito.bench.2017-12-22/tti/core/bmdse/ortce-knl8/grid768/so12 numactl --preferred=1 python examples/seismic/benchmark.py bench -bm dse -P tti -so 12 -to 2 -d 768 768 768 --tn 1000 -x 3 -r devito.bench.2017-12-22/tti/core/bmdse/ortce-knl8/grid768/so12
Allocating memory for m ((788, 788, 788))
Allocating memory for damp ((788, 788, 788))
Allocating memory for epsilon ((788, 788, 788))
Allocating memory for delta ((788, 788, 788))
Allocating memory for theta ((788, 788, 788))
Allocating memory for phi ((788, 788, 788))
Allocating memory for src ((417, 1))
Allocating memory for src_coords ((1, 3))
Allocating memory for nrec_coords ((101, 3))
Allocating memory for rec_coords ((101, 3))
DSE: eliminate_intra_stencil_redundancies [flops: 1701, elapsed: 14.36] >>
     finalize [flops: 1703, elapsed: 0.58]
     [Total elapsed: 14.94 s]
DLE: avoid_denormals [elapsed: 0.00] >>
     loop_fission [elapsed: 0.32] >>
     loop_blocking [elapsed: 3.11] >>
     simdize [elapsed: 3.12] >>
     ompize [elapsed: 1.15] >>
     create_elemental_functions [elapsed: 4.94] >>
     minimize_remainders [elapsed: 0.39]
     [Total elapsed: 13.04 s]
Allocating memory for rec ((417, 101))
Allocating memory for u ((3, 788, 788, 788))
Allocating memory for v ((3, 788, 788, 788))
IntelCompiler: compiled /tmp/devito-xwaejzwp/f6f81a1daf2df47448abcb13b4ab73d593ff4238.c [279.29 s]
AutoTuner: Block shape <8,8,8> took 16.627256 (s) in 3 time steps
AutoTuner: Block shape <16,16,16> took 5.651144 (s) in 3 time steps
AutoTuner: Block shape <24,24,24> took 7.454893 (s) in 3 time steps
AutoTuner: Block shape <32,32,32> took 3.547110 (s) in 3 time steps
AutoTuner: Block shape <40,40,40> took 5.242756 (s) in 3 time steps
AutoTuner: Block shape <64,64,64> took 2.879067 (s) in 3 time steps
AutoTuner: Block shape <128,128,128> took 4.372977 (s) in 3 time steps
AutoTuner: Block shape <256,256,256> took 12.420398 (s) in 3 time steps
AutoTuner: Block shape <512,512,512> took 228.661721 (s) in 3 time steps
AutoTuner: Block shape <776,776,776> took 220.963550 (s) in 3 time steps
AutoTuner: Block shape <8,8,16> took 5.466772 (s) in 3 time steps
AutoTuner: Block shape <8,8,24> took 7.247384 (s) in 3 time steps
AutoTuner: Block shape <8,8,32> took 3.916251 (s) in 3 time steps
AutoTuner: Block shape <8,8,40> took 5.072578 (s) in 3 time steps
AutoTuner: Block shape <8,8,64> took 2.729227 (s) in 3 time steps
AutoTuner: Block shape <8,8,128> took 3.085908 (s) in 3 time steps
AutoTuner: Block shape <8,8,256> took 3.757064 (s) in 3 time steps
AutoTuner: Block shape <8,8,512> took 3.663600 (s) in 3 time steps
AutoTuner: Block shape <8,8,776> took 3.577493 (s) in 3 time steps
AutoTuner: Block shape <16,16,8> took 16.828551 (s) in 3 time steps
AutoTuner: Block shape <16,16,24> took 7.375958 (s) in 3 time steps
AutoTuner: Block shape <16,16,32> took 3.631761 (s) in 3 time steps
AutoTuner: Block shape <16,16,40> took 5.120457 (s) in 3 time steps
AutoTuner: Block shape <16,16,64> took 2.691632 (s) in 3 time steps
AutoTuner: Block shape <16,16,128> took 3.314645 (s) in 3 time steps
AutoTuner: Block shape <16,16,256> took 3.838340 (s) in 3 time steps
AutoTuner: Block shape <16,16,512> took 3.896184 (s) in 3 time steps
AutoTuner: Block shape <16,16,776> took 3.803565 (s) in 3 time steps
AutoTuner: Block shape <24,24,8> took 17.061864 (s) in 3 time steps
AutoTuner: Block shape <24,24,16> took 5.658134 (s) in 3 time steps
AutoTuner: Block shape <24,24,32> took 3.530914 (s) in 3 time steps
AutoTuner: Block shape <24,24,40> took 5.138621 (s) in 3 time steps
AutoTuner: Block shape <24,24,64> took 2.650190 (s) in 3 time steps
AutoTuner: Block shape <24,24,128> took 3.664692 (s) in 3 time steps
AutoTuner: Block shape <24,24,256> took 3.986979 (s) in 3 time steps
AutoTuner: Block shape <24,24,512> took 3.973456 (s) in 3 time steps
AutoTuner: Block shape <24,24,776> took 3.928463 (s) in 3 time steps
AutoTuner: Block shape <32,32,8> took 16.973257 (s) in 3 time steps
AutoTuner: Block shape <32,32,16> took 5.678641 (s) in 3 time steps
AutoTuner: Block shape <32,32,24> took 7.537838 (s) in 3 time steps
AutoTuner: Block shape <32,32,40> took 5.172355 (s) in 3 time steps
AutoTuner: Block shape <32,32,64> took 2.705287 (s) in 3 time steps
AutoTuner: Block shape <32,32,128> took 3.830106 (s) in 3 time steps
AutoTuner: Block shape <32,32,256> took 4.081414 (s) in 3 time steps
AutoTuner: Block shape <32,32,512> took 4.372492 (s) in 3 time steps
AutoTuner: Block shape <32,32,776> took 4.314158 (s) in 3 time steps
AutoTuner: Block shape <16,8,8> took 16.537864 (s) in 3 time steps
AutoTuner: Block shape <8,16,8> took 16.914218 (s) in 3 time steps
AutoTuner: Block shape <16,8,16> took 5.357143 (s) in 3 time steps
AutoTuner: Block shape <8,16,16> took 5.632717 (s) in 3 time steps
AutoTuner: Block shape <32,16,16> took 5.687258 (s) in 3 time steps
AutoTuner: Block shape <16,32,16> took 5.611274 (s) in 3 time steps
AutoTuner: Block shape <32,16,32> took 3.675901 (s) in 3 time steps
AutoTuner: Block shape <16,32,32> took 3.510115 (s) in 3 time steps
AutoTuner: Block shape <48,24,24> took 7.358620 (s) in 3 time steps
AutoTuner: Block shape <24,48,24> took 7.379991 (s) in 3 time steps
AutoTuner: Block shape <24,24,48> took 2.818611 (s) in 3 time steps
AutoTuner: Block shape <48,48,24> took 7.439759 (s) in 3 time steps
AutoTuner: Block shape <48,24,48> took 2.832641 (s) in 3 time steps
AutoTuner: Block shape <24,48,48> took 2.810732 (s) in 3 time steps
AutoTuner: Block shape <48,48,48> took 2.827149 (s) in 3 time steps
AutoTuner: Block shape <64,32,32> took 3.787981 (s) in 3 time steps
AutoTuner: Block shape <32,64,32> took 3.638480 (s) in 3 time steps
AutoTuner: Block shape <64,64,32> took 3.624338 (s) in 3 time steps
AutoTuner: Block shape <64,32,64> took 2.787768 (s) in 3 time steps
AutoTuner: Block shape <32,64,64> took 2.780411 (s) in 3 time steps
AutoTuner: Block shape <80,40,40> took 5.534390 (s) in 3 time steps
AutoTuner: Block shape <40,80,40> took 5.550412 (s) in 3 time steps
AutoTuner: Block shape <40,40,80> took 2.993033 (s) in 3 time steps
AutoTuner: Block shape <80,80,40> took 5.932121 (s) in 3 time steps
AutoTuner: Block shape <80,40,80> took 3.381365 (s) in 3 time steps
AutoTuner: Block shape <40,80,80> took 3.644221 (s) in 3 time steps
AutoTuner: Block shape <80,80,80> took 4.669490 (s) in 3 time steps
AutoTuner: Block shape <128,64,64> took 3.166611 (s) in 3 time steps
AutoTuner: Block shape <64,128,64> took 3.168176 (s) in 3 time steps
AutoTuner: Block shape <64,64,128> took 3.952857 (s) in 3 time steps
AutoTuner: Block shape <128,128,64> took 3.390349 (s) in 3 time steps
AutoTuner: Block shape <128,64,128> took 3.898360 (s) in 3 time steps
AutoTuner: Block shape <64,128,128> took 4.176697 (s) in 3 time steps
AutoTuner: Block shape <256,128,128> took 4.840822 (s) in 3 time steps
AutoTuner: Block shape <128,256,128> took 4.835748 (s) in 3 time steps
AutoTuner: Block shape <128,128,256> took 4.591545 (s) in 3 time steps
AutoTuner: Block shape <256,256,128> took 7.463511 (s) in 3 time steps
AutoTuner: Block shape <256,128,256> took 6.331654 (s) in 3 time steps
AutoTuner: Block shape <128,256,256> took 6.362779 (s) in 3 time steps
AutoTuner: Block shape <512,256,256> took 35.675095 (s) in 3 time steps
AutoTuner: Block shape <256,512,256> took 35.767759 (s) in 3 time steps
AutoTuner: Block shape <256,256,512> took 32.324734 (s) in 3 time steps
AutoTuner: Block shape <512,512,256> took 102.999826 (s) in 3 time steps
AutoTuner: Block shape <512,256,512> took 92.700800 (s) in 3 time steps
AutoTuner: Block shape <256,512,512> took 92.689021 (s) in 3 time steps
Auto-tuned block shape: {'x0_block_size': 24, 'y0_block_size': 24, 'z0_block_size': 64}
=========================================================================================
Section section_1<415,1> with OI=0.64 computed in 0.001 s [0.04 GFlops/s]
Section section_2<415,101> with OI=1.27 computed in 0.034 s [0.11 GFlops/s]
Section main<415,776,776,776> with OI=40.46 computed in 942.388 s [350.44 GFlops/s, 0.21 GPts/s]
=========================================================================================
Allocating memory for m ((788, 788, 788))
Allocating memory for damp ((788, 788, 788))
Allocating memory for epsilon ((788, 788, 788))
Allocating memory for delta ((788, 788, 788))
Allocating memory for theta ((788, 788, 788))
Allocating memory for phi ((788, 788, 788))
Allocating memory for src ((417, 1))
Allocating memory for src_coords ((1, 3))
Allocating memory for nrec_coords ((101, 3))
Allocating memory for rec_coords ((101, 3))
DSE: eliminate_intra_stencil_redundancies [flops: 1701, elapsed: 14.75] >>
     finalize [flops: 1703, elapsed: 0.59]
     [Total elapsed: 15.34 s]
DLE: avoid_denormals [elapsed: 0.00] >>
     loop_fission [elapsed: 0.33] >>
     loop_blocking [elapsed: 3.10] >>
     simdize [elapsed: 2.19] >>
     ompize [elapsed: 1.16] >>
     create_elemental_functions [elapsed: 4.98] >>
     minimize_remainders [elapsed: 0.38]
     [Total elapsed: 12.14 s]
Allocating memory for rec ((417, 101))
Allocating memory for u ((3, 788, 788, 788))
Allocating memory for v ((3, 788, 788, 788))
IntelCompiler: compiled /tmp/devito-xwaejzwp/f6f81a1daf2df47448abcb13b4ab73d593ff4238.c [287.91 s]
AutoTuner: Block shape <8,8,8> took 16.605331 (s) in 3 time steps
AutoTuner: Block shape <16,16,16> took 5.592398 (s) in 3 time steps
AutoTuner: Block shape <24,24,24> took 7.520513 (s) in 3 time steps
AutoTuner: Block shape <32,32,32> took 3.497462 (s) in 3 time steps
AutoTuner: Block shape <40,40,40> took 5.222579 (s) in 3 time steps
AutoTuner: Block shape <64,64,64> took 2.739603 (s) in 3 time steps
AutoTuner: Block shape <128,128,128> took 3.866245 (s) in 3 time steps
AutoTuner: Block shape <256,256,256> took 12.258545 (s) in 3 time steps
AutoTuner: Block shape <512,512,512> took 226.737553 (s) in 3 time steps
AutoTuner: Block shape <776,776,776> took 218.882297 (s) in 3 time steps
AutoTuner: Block shape <8,8,16> took 4.624575 (s) in 3 time steps
AutoTuner: Block shape <8,8,24> took 7.266712 (s) in 3 time steps
AutoTuner: Block shape <8,8,32> took 3.156286 (s) in 3 time steps
AutoTuner: Block shape <8,8,40> took 5.064093 (s) in 3 time steps
AutoTuner: Block shape <8,8,64> took 2.436396 (s) in 3 time steps
AutoTuner: Block shape <8,8,128> took 2.882466 (s) in 3 time steps
AutoTuner: Block shape <8,8,256> took 3.700652 (s) in 3 time steps
AutoTuner: Block shape <8,8,512> took 3.612099 (s) in 3 time steps
AutoTuner: Block shape <8,8,776> took 3.503411 (s) in 3 time steps
AutoTuner: Block shape <16,16,8> took 16.908375 (s) in 3 time steps
AutoTuner: Block shape <16,16,24> took 7.404101 (s) in 3 time steps
AutoTuner: Block shape <16,16,32> took 3.638986 (s) in 3 time steps
AutoTuner: Block shape <16,16,40> took 5.102716 (s) in 3 time steps
AutoTuner: Block shape <16,16,64> took 2.520087 (s) in 3 time steps
AutoTuner: Block shape <16,16,128> took 3.030346 (s) in 3 time steps
AutoTuner: Block shape <16,16,256> took 3.760782 (s) in 3 time steps
AutoTuner: Block shape <16,16,512> took 3.809799 (s) in 3 time steps
AutoTuner: Block shape <16,16,776> took 3.722680 (s) in 3 time steps
AutoTuner: Block shape <24,24,8> took 17.029134 (s) in 3 time steps
AutoTuner: Block shape <24,24,16> took 5.604195 (s) in 3 time steps
AutoTuner: Block shape <24,24,32> took 3.493480 (s) in 3 time steps
AutoTuner: Block shape <24,24,40> took 5.135405 (s) in 3 time steps
AutoTuner: Block shape <24,24,64> took 2.590747 (s) in 3 time steps
AutoTuner: Block shape <24,24,128> took 3.345926 (s) in 3 time steps
AutoTuner: Block shape <24,24,256> took 3.867170 (s) in 3 time steps
AutoTuner: Block shape <24,24,512> took 3.889770 (s) in 3 time steps
AutoTuner: Block shape <24,24,776> took 3.851649 (s) in 3 time steps
AutoTuner: Block shape <32,32,8> took 17.073402 (s) in 3 time steps
AutoTuner: Block shape <32,32,16> took 5.549255 (s) in 3 time steps
AutoTuner: Block shape <32,32,24> took 7.436772 (s) in 3 time steps
AutoTuner: Block shape <32,32,40> took 5.167803 (s) in 3 time steps
AutoTuner: Block shape <32,32,64> took 2.637785 (s) in 3 time steps
AutoTuner: Block shape <32,32,128> took 3.368146 (s) in 3 time steps
AutoTuner: Block shape <32,32,256> took 3.945335 (s) in 3 time steps
AutoTuner: Block shape <32,32,512> took 4.323326 (s) in 3 time steps
AutoTuner: Block shape <32,32,776> took 4.235959 (s) in 3 time steps
AutoTuner: Block shape <16,8,8> took 16.603964 (s) in 3 time steps
AutoTuner: Block shape <8,16,8> took 16.981876 (s) in 3 time steps
AutoTuner: Block shape <16,8,16> took 4.649081 (s) in 3 time steps
AutoTuner: Block shape <8,16,16> took 5.560325 (s) in 3 time steps
AutoTuner: Block shape <32,16,16> took 5.600665 (s) in 3 time steps
AutoTuner: Block shape <16,32,16> took 5.541649 (s) in 3 time steps
AutoTuner: Block shape <32,16,32> took 3.553692 (s) in 3 time steps
AutoTuner: Block shape <16,32,32> took 3.481710 (s) in 3 time steps
AutoTuner: Block shape <48,24,24> took 7.376634 (s) in 3 time steps
AutoTuner: Block shape <24,48,24> took 7.364015 (s) in 3 time steps
AutoTuner: Block shape <24,24,48> took 2.790584 (s) in 3 time steps
AutoTuner: Block shape <48,48,24> took 7.429458 (s) in 3 time steps
AutoTuner: Block shape <48,24,48> took 2.825178 (s) in 3 time steps
AutoTuner: Block shape <24,48,48> took 2.781903 (s) in 3 time steps
AutoTuner: Block shape <48,48,48> took 3.087767 (s) in 3 time steps
AutoTuner: Block shape <64,32,32> took 3.615669 (s) in 3 time steps
AutoTuner: Block shape <32,64,32> took 3.540080 (s) in 3 time steps
AutoTuner: Block shape <64,64,32> took 3.527313 (s) in 3 time steps
AutoTuner: Block shape <64,32,64> took 2.752440 (s) in 3 time steps
AutoTuner: Block shape <32,64,64> took 2.646196 (s) in 3 time steps
AutoTuner: Block shape <80,40,40> took 5.495954 (s) in 3 time steps
AutoTuner: Block shape <40,80,40> took 5.504084 (s) in 3 time steps
AutoTuner: Block shape <40,40,80> took 2.795453 (s) in 3 time steps
AutoTuner: Block shape <80,80,40> took 5.858986 (s) in 3 time steps
AutoTuner: Block shape <80,40,80> took 3.181453 (s) in 3 time steps
AutoTuner: Block shape <40,80,80> took 3.385785 (s) in 3 time steps
AutoTuner: Block shape <80,80,80> took 4.415894 (s) in 3 time steps
AutoTuner: Block shape <128,64,64> took 3.046239 (s) in 3 time steps
AutoTuner: Block shape <64,128,64> took 3.159715 (s) in 3 time steps
AutoTuner: Block shape <64,64,128> took 3.515414 (s) in 3 time steps
AutoTuner: Block shape <128,128,64> took 3.360609 (s) in 3 time steps
AutoTuner: Block shape <128,64,128> took 3.537363 (s) in 3 time steps
AutoTuner: Block shape <64,128,128> took 3.809199 (s) in 3 time steps
AutoTuner: Block shape <256,128,128> took 4.688493 (s) in 3 time steps
AutoTuner: Block shape <128,256,128> took 4.684163 (s) in 3 time steps
AutoTuner: Block shape <128,128,256> took 4.368029 (s) in 3 time steps
AutoTuner: Block shape <256,256,128> took 7.436788 (s) in 3 time steps
AutoTuner: Block shape <256,128,256> took 6.178571 (s) in 3 time steps
AutoTuner: Block shape <128,256,256> took 6.223621 (s) in 3 time steps
AutoTuner: Block shape <512,256,256> took 35.216084 (s) in 3 time steps
AutoTuner: Block shape <256,512,256> took 35.357830 (s) in 3 time steps
AutoTuner: Block shape <256,256,512> took 31.742875 (s) in 3 time steps
AutoTuner: Block shape <512,512,256> took 101.751757 (s) in 3 time steps
AutoTuner: Block shape <512,256,512> took 90.744778 (s) in 3 time steps
AutoTuner: Block shape <256,512,512> took 90.720951 (s) in 3 time steps
Auto-tuned block shape: {'x0_block_size': 8, 'y0_block_size': 8, 'z0_block_size': 64}
=========================================================================================
Section section_1<415,1> with OI=0.64 computed in 0.001 s [0.04 GFlops/s]
Section section_2<415,101> with OI=1.27 computed in 0.023 s [0.17 GFlops/s]
Section main<415,776,776,776> with OI=40.46 computed in 915.030 s [360.92 GFlops/s, 0.21 GPts/s]
=========================================================================================
Allocating memory for m ((788, 788, 788))
Allocating memory for damp ((788, 788, 788))
Allocating memory for epsilon ((788, 788, 788))
Allocating memory for delta ((788, 788, 788))
Allocating memory for theta ((788, 788, 788))
Allocating memory for phi ((788, 788, 788))
Allocating memory for src ((417, 1))
Allocating memory for src_coords ((1, 3))
Allocating memory for nrec_coords ((101, 3))
Allocating memory for rec_coords ((101, 3))
DSE: eliminate_intra_stencil_redundancies [flops: 1701, elapsed: 14.82] >>
     finalize [flops: 1703, elapsed: 0.59]
     [Total elapsed: 15.41 s]
DLE: avoid_denormals [elapsed: 0.00] >>
     loop_fission [elapsed: 0.33] >>
     loop_blocking [elapsed: 3.10] >>
     simdize [elapsed: 2.21] >>
     ompize [elapsed: 1.15] >>
     create_elemental_functions [elapsed: 5.02] >>
     minimize_remainders [elapsed: 0.38]
     [Total elapsed: 12.20 s]
Allocating memory for rec ((417, 101))
Allocating memory for u ((3, 788, 788, 788))
Allocating memory for v ((3, 788, 788, 788))
IntelCompiler: compiled /tmp/devito-xwaejzwp/f6f81a1daf2df47448abcb13b4ab73d593ff4238.c [365.05 s]
AutoTuner: Block shape <8,8,8> took 16.607961 (s) in 3 time steps
AutoTuner: Block shape <16,16,16> took 5.585701 (s) in 3 time steps
AutoTuner: Block shape <24,24,24> took 7.502201 (s) in 3 time steps
AutoTuner: Block shape <32,32,32> took 3.497586 (s) in 3 time steps
AutoTuner: Block shape <40,40,40> took 5.212377 (s) in 3 time steps
AutoTuner: Block shape <64,64,64> took 2.740882 (s) in 3 time steps
AutoTuner: Block shape <128,128,128> took 3.864241 (s) in 3 time steps
AutoTuner: Block shape <256,256,256> took 12.251736 (s) in 3 time steps
AutoTuner: Block shape <512,512,512> took 226.769086 (s) in 3 time steps
AutoTuner: Block shape <776,776,776> took 219.047534 (s) in 3 time steps
AutoTuner: Block shape <8,8,16> took 4.620395 (s) in 3 time steps
AutoTuner: Block shape <8,8,24> took 7.254307 (s) in 3 time steps
AutoTuner: Block shape <8,8,32> took 3.154105 (s) in 3 time steps
AutoTuner: Block shape <8,8,40> took 5.055960 (s) in 3 time steps
AutoTuner: Block shape <8,8,64> took 2.431738 (s) in 3 time steps
AutoTuner: Block shape <8,8,128> took 2.881485 (s) in 3 time steps
AutoTuner: Block shape <8,8,256> took 3.698871 (s) in 3 time steps
AutoTuner: Block shape <8,8,512> took 3.614222 (s) in 3 time steps
AutoTuner: Block shape <8,8,776> took 3.503405 (s) in 3 time steps
AutoTuner: Block shape <16,16,8> took 16.912370 (s) in 3 time steps
AutoTuner: Block shape <16,16,24> took 7.378897 (s) in 3 time steps
AutoTuner: Block shape <16,16,32> took 3.516950 (s) in 3 time steps
AutoTuner: Block shape <16,16,40> took 5.098010 (s) in 3 time steps
AutoTuner: Block shape <16,16,64> took 2.517967 (s) in 3 time steps
AutoTuner: Block shape <16,16,128> took 3.032592 (s) in 3 time steps
AutoTuner: Block shape <16,16,256> took 3.765066 (s) in 3 time steps
AutoTuner: Block shape <16,16,512> took 3.809988 (s) in 3 time steps
AutoTuner: Block shape <16,16,776> took 3.719387 (s) in 3 time steps
AutoTuner: Block shape <24,24,8> took 17.021237 (s) in 3 time steps
AutoTuner: Block shape <24,24,16> took 5.601454 (s) in 3 time steps
AutoTuner: Block shape <24,24,32> took 3.493509 (s) in 3 time steps
AutoTuner: Block shape <24,24,40> took 5.120026 (s) in 3 time steps
AutoTuner: Block shape <24,24,64> took 2.847035 (s) in 3 time steps
AutoTuner: Block shape <24,24,128> took 3.323771 (s) in 3 time steps
AutoTuner: Block shape <24,24,256> took 3.867646 (s) in 3 time steps
AutoTuner: Block shape <24,24,512> took 3.885472 (s) in 3 time steps
AutoTuner: Block shape <24,24,776> took 3.850772 (s) in 3 time steps
AutoTuner: Block shape <32,32,8> took 17.083561 (s) in 3 time steps
AutoTuner: Block shape <32,32,16> took 5.548156 (s) in 3 time steps
AutoTuner: Block shape <32,32,24> took 7.397816 (s) in 3 time steps
AutoTuner: Block shape <32,32,40> took 5.161810 (s) in 3 time steps
AutoTuner: Block shape <32,32,64> took 2.626843 (s) in 3 time steps
AutoTuner: Block shape <32,32,128> took 3.366300 (s) in 3 time steps
AutoTuner: Block shape <32,32,256> took 4.110454 (s) in 3 time steps
AutoTuner: Block shape <32,32,512> took 4.326189 (s) in 3 time steps
AutoTuner: Block shape <32,32,776> took 4.234887 (s) in 3 time steps
AutoTuner: Block shape <16,8,8> took 16.619024 (s) in 3 time steps
AutoTuner: Block shape <8,16,8> took 16.855917 (s) in 3 time steps
AutoTuner: Block shape <16,8,16> took 4.642752 (s) in 3 time steps
AutoTuner: Block shape <8,16,16> took 5.549683 (s) in 3 time steps
AutoTuner: Block shape <32,16,16> took 5.599403 (s) in 3 time steps
AutoTuner: Block shape <16,32,16> took 5.589033 (s) in 3 time steps
AutoTuner: Block shape <32,16,32> took 3.542794 (s) in 3 time steps
AutoTuner: Block shape <16,32,32> took 3.475817 (s) in 3 time steps
AutoTuner: Block shape <48,24,24> took 7.362703 (s) in 3 time steps
AutoTuner: Block shape <24,48,24> took 7.351892 (s) in 3 time steps
AutoTuner: Block shape <24,24,48> took 2.779144 (s) in 3 time steps
AutoTuner: Block shape <48,48,24> took 7.430672 (s) in 3 time steps
AutoTuner: Block shape <48,24,48> took 2.815761 (s) in 3 time steps
AutoTuner: Block shape <24,48,48> took 2.773224 (s) in 3 time steps
AutoTuner: Block shape <48,48,48> took 2.816294 (s) in 3 time steps
AutoTuner: Block shape <64,32,32> took 3.604551 (s) in 3 time steps
AutoTuner: Block shape <32,64,32> took 3.574394 (s) in 3 time steps
AutoTuner: Block shape <64,64,32> took 3.525330 (s) in 3 time steps
AutoTuner: Block shape <64,32,64> took 2.751111 (s) in 3 time steps
AutoTuner: Block shape <32,64,64> took 2.650013 (s) in 3 time steps
AutoTuner: Block shape <80,40,40> took 5.562299 (s) in 3 time steps
AutoTuner: Block shape <40,80,40> took 5.500791 (s) in 3 time steps
AutoTuner: Block shape <40,40,80> took 2.795054 (s) in 3 time steps
AutoTuner: Block shape <80,80,40> took 5.869089 (s) in 3 time steps
AutoTuner: Block shape <80,40,80> took 3.174744 (s) in 3 time steps
AutoTuner: Block shape <40,80,80> took 3.373657 (s) in 3 time steps
AutoTuner: Block shape <80,80,80> took 4.427168 (s) in 3 time steps
AutoTuner: Block shape <128,64,64> took 3.038634 (s) in 3 time steps
AutoTuner: Block shape <64,128,64> took 3.169302 (s) in 3 time steps
AutoTuner: Block shape <64,64,128> took 3.511573 (s) in 3 time steps
AutoTuner: Block shape <128,128,64> took 3.353431 (s) in 3 time steps
AutoTuner: Block shape <128,64,128> took 3.542757 (s) in 3 time steps
AutoTuner: Block shape <64,128,128> took 3.809685 (s) in 3 time steps
AutoTuner: Block shape <256,128,128> took 4.685724 (s) in 3 time steps
AutoTuner: Block shape <128,256,128> took 4.688174 (s) in 3 time steps
AutoTuner: Block shape <128,128,256> took 4.369624 (s) in 3 time steps
AutoTuner: Block shape <256,256,128> took 7.435164 (s) in 3 time steps
AutoTuner: Block shape <256,128,256> took 6.181261 (s) in 3 time steps
AutoTuner: Block shape <128,256,256> took 6.224579 (s) in 3 time steps
AutoTuner: Block shape <512,256,256> took 35.205066 (s) in 3 time steps
AutoTuner: Block shape <256,512,256> took 35.347901 (s) in 3 time steps
AutoTuner: Block shape <256,256,512> took 31.490826 (s) in 3 time steps
AutoTuner: Block shape <512,512,256> took 101.749053 (s) in 3 time steps
AutoTuner: Block shape <512,256,512> took 90.763722 (s) in 3 time steps
AutoTuner: Block shape <256,512,512> took 90.698306 (s) in 3 time steps
Auto-tuned block shape: {'x0_block_size': 8, 'y0_block_size': 8, 'z0_block_size': 64}
=========================================================================================
Section section_1<415,1> with OI=0.64 computed in 0.001 s [0.04 GFlops/s]
Section section_2<415,101> with OI=1.27 computed in 0.023 s [0.17 GFlops/s]
Section main<415,776,776,776> with OI=40.46 computed in 910.626 s [362.67 GFlops/s, 0.21 GPts/s]
=========================================================================================
Allocating memory for m ((788, 788, 788))
Allocating memory for damp ((788, 788, 788))
Allocating memory for epsilon ((788, 788, 788))
Allocating memory for delta ((788, 788, 788))
Allocating memory for theta ((788, 788, 788))
Allocating memory for phi ((788, 788, 788))
Allocating memory for src ((417, 1))
Allocating memory for src_coords ((1, 3))
Allocating memory for nrec_coords ((101, 3))
Allocating memory for rec_coords ((101, 3))
DSE: extract_time_invariants [flops: 3257, elapsed: 3.94] >>
     eliminate_inter_stencil_redundancies [flops: 3131, elapsed: 5.32] >>
     eliminate_intra_stencil_redundancies [flops: 1533, elapsed: 7.62] >>
     factorize [flops: 1272, elapsed: 21.22] >>
     finalize [flops: 1274, elapsed: 0.48]
     [Total elapsed: 38.59 s]
DLE: avoid_denormals [elapsed: 0.00] >>
     loop_fission [elapsed: 0.29] >>
     loop_blocking [elapsed: 2.65] >>
     simdize [elapsed: 1.74] >>
     ompize [elapsed: 0.99] >>
     create_elemental_functions [elapsed: 4.48] >>
     minimize_remainders [elapsed: 0.33]
     [Total elapsed: 10.48 s]
Allocating memory for rec ((417, 101))
Allocating memory for u ((3, 788, 788, 788))
Allocating memory for v ((3, 788, 788, 788))
IntelCompiler: compiled /tmp/devito-xwaejzwp/5221bf17627bdc61352854762dd319e05041b67c.c [326.88 s]
AutoTuner: Block shape <8,8,8> took 12.497021 (s) in 3 time steps
AutoTuner: Block shape <16,16,16> took 6.186373 (s) in 3 time steps
AutoTuner: Block shape <24,24,24> took 6.250804 (s) in 3 time steps
AutoTuner: Block shape <32,32,32> took 3.928795 (s) in 3 time steps
AutoTuner: Block shape <40,40,40> took 4.574943 (s) in 3 time steps
AutoTuner: Block shape <64,64,64> took 2.825134 (s) in 3 time steps
AutoTuner: Block shape <128,128,128> took 3.170580 (s) in 3 time steps
AutoTuner: Block shape <256,256,256> took 6.270828 (s) in 3 time steps
AutoTuner: Block shape <512,512,512> took 87.340111 (s) in 3 time steps
AutoTuner: Block shape <776,776,776> took 86.722477 (s) in 3 time steps
AutoTuner: Block shape <8,8,16> took 5.440042 (s) in 3 time steps
AutoTuner: Block shape <8,8,24> took 6.144217 (s) in 3 time steps
AutoTuner: Block shape <8,8,32> took 3.847591 (s) in 3 time steps
AutoTuner: Block shape <8,8,40> took 4.427790 (s) in 3 time steps
AutoTuner: Block shape <8,8,64> took 2.878081 (s) in 3 time steps
AutoTuner: Block shape <8,8,128> took 3.599346 (s) in 3 time steps
AutoTuner: Block shape <8,8,256> took 4.193037 (s) in 3 time steps
AutoTuner: Block shape <8,8,512> took 4.127369 (s) in 3 time steps
AutoTuner: Block shape <8,8,776> took 4.032288 (s) in 3 time steps
AutoTuner: Block shape <16,16,8> took 12.627420 (s) in 3 time steps
AutoTuner: Block shape <16,16,24> took 6.245973 (s) in 3 time steps
AutoTuner: Block shape <16,16,32> took 4.008989 (s) in 3 time steps
AutoTuner: Block shape <16,16,40> took 4.479639 (s) in 3 time steps
AutoTuner: Block shape <16,16,64> took 2.807800 (s) in 3 time steps
AutoTuner: Block shape <16,16,128> took 3.281280 (s) in 3 time steps
AutoTuner: Block shape <16,16,256> took 4.201657 (s) in 3 time steps
AutoTuner: Block shape <16,16,512> took 4.182603 (s) in 3 time steps
AutoTuner: Block shape <16,16,776> took 4.127133 (s) in 3 time steps
AutoTuner: Block shape <24,24,8> took 12.749249 (s) in 3 time steps
AutoTuner: Block shape <24,24,16> took 6.166874 (s) in 3 time steps
AutoTuner: Block shape <24,24,32> took 4.062782 (s) in 3 time steps
AutoTuner: Block shape <24,24,40> took 4.592410 (s) in 3 time steps
AutoTuner: Block shape <24,24,64> took 2.766319 (s) in 3 time steps
AutoTuner: Block shape <24,24,128> took 3.211464 (s) in 3 time steps
AutoTuner: Block shape <24,24,256> took 4.238935 (s) in 3 time steps
AutoTuner: Block shape <24,24,512> took 4.259156 (s) in 3 time steps
AutoTuner: Block shape <24,24,776> took 4.220295 (s) in 3 time steps
AutoTuner: Block shape <32,32,8> took 12.796722 (s) in 3 time steps
AutoTuner: Block shape <32,32,16> took 6.209680 (s) in 3 time steps
AutoTuner: Block shape <32,32,24> took 6.275813 (s) in 3 time steps
AutoTuner: Block shape <32,32,40> took 4.506028 (s) in 3 time steps
AutoTuner: Block shape <32,32,64> took 2.772742 (s) in 3 time steps
AutoTuner: Block shape <32,32,128> took 3.188612 (s) in 3 time steps
AutoTuner: Block shape <32,32,256> took 4.254201 (s) in 3 time steps
AutoTuner: Block shape <32,32,512> took 4.464432 (s) in 3 time steps
AutoTuner: Block shape <32,32,776> took 4.436068 (s) in 3 time steps
AutoTuner: Block shape <16,8,8> took 12.482973 (s) in 3 time steps
AutoTuner: Block shape <8,16,8> took 12.617711 (s) in 3 time steps
AutoTuner: Block shape <16,8,16> took 5.535114 (s) in 3 time steps
AutoTuner: Block shape <8,16,16> took 6.176086 (s) in 3 time steps
AutoTuner: Block shape <32,16,16> took 6.221482 (s) in 3 time steps
AutoTuner: Block shape <16,32,16> took 6.093503 (s) in 3 time steps
AutoTuner: Block shape <32,16,32> took 4.020532 (s) in 3 time steps
AutoTuner: Block shape <16,32,32> took 3.914754 (s) in 3 time steps
AutoTuner: Block shape <48,24,24> took 6.297590 (s) in 3 time steps
AutoTuner: Block shape <24,48,24> took 6.261021 (s) in 3 time steps
AutoTuner: Block shape <24,24,48> took 3.122626 (s) in 3 time steps
AutoTuner: Block shape <48,48,24> took 6.296708 (s) in 3 time steps
AutoTuner: Block shape <48,24,48> took 3.120603 (s) in 3 time steps
AutoTuner: Block shape <24,48,48> took 3.090608 (s) in 3 time steps
AutoTuner: Block shape <48,48,48> took 3.093779 (s) in 3 time steps
AutoTuner: Block shape <64,32,32> took 4.051019 (s) in 3 time steps
AutoTuner: Block shape <32,64,32> took 3.931243 (s) in 3 time steps
AutoTuner: Block shape <64,64,32> took 3.920580 (s) in 3 time steps
AutoTuner: Block shape <64,32,64> took 2.829782 (s) in 3 time steps
AutoTuner: Block shape <32,64,64> took 2.776787 (s) in 3 time steps
AutoTuner: Block shape <80,40,40> took 4.607819 (s) in 3 time steps
AutoTuner: Block shape <40,80,40> took 4.631177 (s) in 3 time steps
AutoTuner: Block shape <40,40,80> took 2.831295 (s) in 3 time steps
AutoTuner: Block shape <80,80,40> took 4.862221 (s) in 3 time steps
AutoTuner: Block shape <80,40,80> took 2.967063 (s) in 3 time steps
AutoTuner: Block shape <40,80,80> took 2.926915 (s) in 3 time steps
AutoTuner: Block shape <80,80,80> took 3.526940 (s) in 3 time steps
AutoTuner: Block shape <128,64,64> took 2.955053 (s) in 3 time steps
AutoTuner: Block shape <64,128,64> took 2.943217 (s) in 3 time steps
AutoTuner: Block shape <64,64,128> took 3.324746 (s) in 3 time steps
AutoTuner: Block shape <128,128,64> took 2.962706 (s) in 3 time steps
AutoTuner: Block shape <128,64,128> took 3.229378 (s) in 3 time steps
AutoTuner: Block shape <64,128,128> took 3.197300 (s) in 3 time steps
AutoTuner: Block shape <256,128,128> took 3.121308 (s) in 3 time steps
AutoTuner: Block shape <128,256,128> took 3.121000 (s) in 3 time steps
AutoTuner: Block shape <128,128,256> took 3.248458 (s) in 3 time steps
AutoTuner: Block shape <256,256,128> took 3.896818 (s) in 3 time steps
AutoTuner: Block shape <256,128,256> took 3.565262 (s) in 3 time steps
AutoTuner: Block shape <128,256,256> took 3.609202 (s) in 3 time steps
AutoTuner: Block shape <512,256,256> took 16.763320 (s) in 3 time steps
AutoTuner: Block shape <256,512,256> took 16.880776 (s) in 3 time steps
AutoTuner: Block shape <256,256,512> took 15.985179 (s) in 3 time steps
AutoTuner: Block shape <512,512,256> took 46.884085 (s) in 3 time steps
AutoTuner: Block shape <512,256,512> took 44.388237 (s) in 3 time steps
AutoTuner: Block shape <256,512,512> took 44.347512 (s) in 3 time steps
Auto-tuned block shape: {'x0_block_size': 24, 'y0_block_size': 24, 'z0_block_size': 64}
=========================================================================================
Section section_0<782,782,782> with OI=0.34 computed in 0.333 s [10.06 GFlops/s]
Section section_2<415,1> with OI=0.64 computed in 0.001 s [0.04 GFlops/s]
Section section_3<415,101> with OI=1.27 computed in 0.025 s [0.15 GFlops/s]
Section main<415,776,776,776> with OI=27.52 computed in 768.736 s [321.38 GFlops/s, 0.25 GPts/s]
=========================================================================================
Allocating memory for m ((788, 788, 788))
Allocating memory for damp ((788, 788, 788))
Allocating memory for epsilon ((788, 788, 788))
Allocating memory for delta ((788, 788, 788))
Allocating memory for theta ((788, 788, 788))
Allocating memory for phi ((788, 788, 788))
Allocating memory for src ((417, 1))
Allocating memory for src_coords ((1, 3))
Allocating memory for nrec_coords ((101, 3))
Allocating memory for rec_coords ((101, 3))
DSE: extract_time_invariants [flops: 3257, elapsed: 3.95] >>
     eliminate_inter_stencil_redundancies [flops: 3131, elapsed: 5.34] >>
     eliminate_intra_stencil_redundancies [flops: 1533, elapsed: 7.63] >>
     factorize [flops: 1272, elapsed: 21.24] >>
     finalize [flops: 1274, elapsed: 0.48]
     [Total elapsed: 38.63 s]
DLE: avoid_denormals [elapsed: 0.00] >>
     loop_fission [elapsed: 0.29] >>
     loop_blocking [elapsed: 2.67] >>
     simdize [elapsed: 1.75] >>
     ompize [elapsed: 0.99] >>
     create_elemental_functions [elapsed: 4.50] >>
     minimize_remainders [elapsed: 0.33]
     [Total elapsed: 10.53 s]
Allocating memory for rec ((417, 101))
Allocating memory for u ((3, 788, 788, 788))
Allocating memory for v ((3, 788, 788, 788))
IntelCompiler: compiled /tmp/devito-xwaejzwp/5221bf17627bdc61352854762dd319e05041b67c.c [351.49 s]
AutoTuner: Block shape <8,8,8> took 12.538101 (s) in 3 time steps
AutoTuner: Block shape <16,16,16> took 6.349857 (s) in 3 time steps
AutoTuner: Block shape <24,24,24> took 6.254266 (s) in 3 time steps
AutoTuner: Block shape <32,32,32> took 3.926605 (s) in 3 time steps
AutoTuner: Block shape <40,40,40> took 4.586025 (s) in 3 time steps
AutoTuner: Block shape <64,64,64> took 2.830460 (s) in 3 time steps
AutoTuner: Block shape <128,128,128> took 3.159869 (s) in 3 time steps
AutoTuner: Block shape <256,256,256> took 6.266922 (s) in 3 time steps
AutoTuner: Block shape <512,512,512> took 87.333189 (s) in 3 time steps
AutoTuner: Block shape <776,776,776> took 86.928784 (s) in 3 time steps
AutoTuner: Block shape <8,8,16> took 5.438213 (s) in 3 time steps
AutoTuner: Block shape <8,8,24> took 6.148331 (s) in 3 time steps
AutoTuner: Block shape <8,8,32> took 3.846153 (s) in 3 time steps
AutoTuner: Block shape <8,8,40> took 4.424348 (s) in 3 time steps
AutoTuner: Block shape <8,8,64> took 2.875096 (s) in 3 time steps
AutoTuner: Block shape <8,8,128> took 3.455173 (s) in 3 time steps
AutoTuner: Block shape <8,8,256> took 4.193691 (s) in 3 time steps
AutoTuner: Block shape <8,8,512> took 4.125710 (s) in 3 time steps
AutoTuner: Block shape <8,8,776> took 4.030086 (s) in 3 time steps
AutoTuner: Block shape <16,16,8> took 12.733012 (s) in 3 time steps
AutoTuner: Block shape <16,16,24> took 6.262325 (s) in 3 time steps
AutoTuner: Block shape <16,16,32> took 4.007409 (s) in 3 time steps
AutoTuner: Block shape <16,16,40> took 4.478232 (s) in 3 time steps
AutoTuner: Block shape <16,16,64> took 2.809080 (s) in 3 time steps
AutoTuner: Block shape <16,16,128> took 3.296328 (s) in 3 time steps
AutoTuner: Block shape <16,16,256> took 4.201743 (s) in 3 time steps
AutoTuner: Block shape <16,16,512> took 4.180087 (s) in 3 time steps
AutoTuner: Block shape <16,16,776> took 4.126737 (s) in 3 time steps
AutoTuner: Block shape <24,24,8> took 12.748784 (s) in 3 time steps
AutoTuner: Block shape <24,24,16> took 6.246038 (s) in 3 time steps
AutoTuner: Block shape <24,24,32> took 3.931995 (s) in 3 time steps
AutoTuner: Block shape <24,24,40> took 4.477700 (s) in 3 time steps
AutoTuner: Block shape <24,24,64> took 2.764204 (s) in 3 time steps
AutoTuner: Block shape <24,24,128> took 3.199454 (s) in 3 time steps
AutoTuner: Block shape <24,24,256> took 4.236941 (s) in 3 time steps
AutoTuner: Block shape <24,24,512> took 4.252536 (s) in 3 time steps
AutoTuner: Block shape <24,24,776> took 4.218368 (s) in 3 time steps
AutoTuner: Block shape <32,32,8> took 12.796926 (s) in 3 time steps
AutoTuner: Block shape <32,32,16> took 6.101177 (s) in 3 time steps
AutoTuner: Block shape <32,32,24> took 6.282297 (s) in 3 time steps
AutoTuner: Block shape <32,32,40> took 4.503091 (s) in 3 time steps
AutoTuner: Block shape <32,32,64> took 3.168793 (s) in 3 time steps
AutoTuner: Block shape <32,32,128> took 3.192045 (s) in 3 time steps
AutoTuner: Block shape <32,32,256> took 4.253934 (s) in 3 time steps
AutoTuner: Block shape <32,32,512> took 4.471279 (s) in 3 time steps
AutoTuner: Block shape <32,32,776> took 4.432527 (s) in 3 time steps
AutoTuner: Block shape <16,8,8> took 12.490963 (s) in 3 time steps
AutoTuner: Block shape <8,16,8> took 12.621635 (s) in 3 time steps
AutoTuner: Block shape <16,8,16> took 5.396868 (s) in 3 time steps
AutoTuner: Block shape <8,16,16> took 6.178379 (s) in 3 time steps
AutoTuner: Block shape <32,16,16> took 6.185064 (s) in 3 time steps
AutoTuner: Block shape <16,32,16> took 6.257310 (s) in 3 time steps
AutoTuner: Block shape <32,16,32> took 4.019991 (s) in 3 time steps
AutoTuner: Block shape <16,32,32> took 3.911627 (s) in 3 time steps
AutoTuner: Block shape <48,24,24> took 6.283679 (s) in 3 time steps
AutoTuner: Block shape <24,48,24> took 6.271858 (s) in 3 time steps
AutoTuner: Block shape <24,24,48> took 3.119083 (s) in 3 time steps
AutoTuner: Block shape <48,48,24> took 6.306063 (s) in 3 time steps
AutoTuner: Block shape <48,24,48> took 3.121598 (s) in 3 time steps
AutoTuner: Block shape <24,48,48> took 3.092000 (s) in 3 time steps
AutoTuner: Block shape <48,48,48> took 3.091887 (s) in 3 time steps
AutoTuner: Block shape <64,32,32> took 3.934681 (s) in 3 time steps
AutoTuner: Block shape <32,64,32> took 3.927001 (s) in 3 time steps
AutoTuner: Block shape <64,64,32> took 3.913263 (s) in 3 time steps
AutoTuner: Block shape <64,32,64> took 2.785712 (s) in 3 time steps
AutoTuner: Block shape <32,64,64> took 2.781255 (s) in 3 time steps
AutoTuner: Block shape <80,40,40> took 4.665782 (s) in 3 time steps
AutoTuner: Block shape <40,80,40> took 4.630952 (s) in 3 time steps
AutoTuner: Block shape <40,40,80> took 2.832654 (s) in 3 time steps
AutoTuner: Block shape <80,80,40> took 4.870227 (s) in 3 time steps
AutoTuner: Block shape <80,40,80> took 2.963555 (s) in 3 time steps
AutoTuner: Block shape <40,80,80> took 2.923183 (s) in 3 time steps
AutoTuner: Block shape <80,80,80> took 3.524463 (s) in 3 time steps
AutoTuner: Block shape <128,64,64> took 2.956820 (s) in 3 time steps
AutoTuner: Block shape <64,128,64> took 2.939350 (s) in 3 time steps
AutoTuner: Block shape <64,64,128> took 3.321296 (s) in 3 time steps
AutoTuner: Block shape <128,128,64> took 2.964793 (s) in 3 time steps
AutoTuner: Block shape <128,64,128> took 3.229937 (s) in 3 time steps
AutoTuner: Block shape <64,128,128> took 3.189651 (s) in 3 time steps
AutoTuner: Block shape <256,128,128> took 3.101563 (s) in 3 time steps
AutoTuner: Block shape <128,256,128> took 3.147610 (s) in 3 time steps
AutoTuner: Block shape <128,128,256> took 3.236794 (s) in 3 time steps
AutoTuner: Block shape <256,256,128> took 3.864991 (s) in 3 time steps
AutoTuner: Block shape <256,128,256> took 3.577286 (s) in 3 time steps
AutoTuner: Block shape <128,256,256> took 3.606012 (s) in 3 time steps
AutoTuner: Block shape <512,256,256> took 16.750007 (s) in 3 time steps
AutoTuner: Block shape <256,512,256> took 16.882792 (s) in 3 time steps
AutoTuner: Block shape <256,256,512> took 15.989298 (s) in 3 time steps
AutoTuner: Block shape <512,512,256> took 46.873302 (s) in 3 time steps
AutoTuner: Block shape <512,256,512> took 44.364843 (s) in 3 time steps
AutoTuner: Block shape <256,512,512> took 44.367944 (s) in 3 time steps
Auto-tuned block shape: {'x0_block_size': 24, 'y0_block_size': 24, 'z0_block_size': 64}
=========================================================================================
Section section_0<782,782,782> with OI=0.34 computed in 0.333 s [10.07 GFlops/s]
Section section_2<415,1> with OI=0.64 computed in 0.001 s [0.04 GFlops/s]
Section section_3<415,101> with OI=1.27 computed in 0.025 s [0.15 GFlops/s]
Section main<415,776,776,776> with OI=27.52 computed in 765.108 s [322.91 GFlops/s, 0.25 GPts/s]
=========================================================================================
Allocating memory for m ((788, 788, 788))
Allocating memory for damp ((788, 788, 788))
Allocating memory for epsilon ((788, 788, 788))
Allocating memory for delta ((788, 788, 788))
Allocating memory for theta ((788, 788, 788))
Allocating memory for phi ((788, 788, 788))
Allocating memory for src ((417, 1))
Allocating memory for src_coords ((1, 3))
Allocating memory for nrec_coords ((101, 3))
Allocating memory for rec_coords ((101, 3))
DSE: extract_time_invariants [flops: 3257, elapsed: 3.96] >>
     eliminate_inter_stencil_redundancies [flops: 3131, elapsed: 5.34] >>
     eliminate_intra_stencil_redundancies [flops: 1533, elapsed: 7.63] >>
     factorize [flops: 1272, elapsed: 21.25] >>
     finalize [flops: 1274, elapsed: 0.48]
     [Total elapsed: 38.66 s]
DLE: avoid_denormals [elapsed: 0.00] >>
     loop_fission [elapsed: 0.29] >>
     loop_blocking [elapsed: 2.65] >>
     simdize [elapsed: 1.73] >>
     ompize [elapsed: 0.99] >>
     create_elemental_functions [elapsed: 4.48] >>
     minimize_remainders [elapsed: 0.32]
     [Total elapsed: 10.48 s]
Allocating memory for rec ((417, 101))
Allocating memory for u ((3, 788, 788, 788))
Allocating memory for v ((3, 788, 788, 788))
IntelCompiler: compiled /tmp/devito-xwaejzwp/5221bf17627bdc61352854762dd319e05041b67c.c [360.50 s]
AutoTuner: Block shape <8,8,8> took 12.499070 (s) in 3 time steps
AutoTuner: Block shape <16,16,16> took 6.187924 (s) in 3 time steps
AutoTuner: Block shape <24,24,24> took 6.242362 (s) in 3 time steps
AutoTuner: Block shape <32,32,32> took 4.068863 (s) in 3 time steps
AutoTuner: Block shape <40,40,40> took 4.566210 (s) in 3 time steps
AutoTuner: Block shape <64,64,64> took 2.837813 (s) in 3 time steps
AutoTuner: Block shape <128,128,128> took 3.159766 (s) in 3 time steps
AutoTuner: Block shape <256,256,256> took 6.266394 (s) in 3 time steps
AutoTuner: Block shape <512,512,512> took 87.350947 (s) in 3 time steps
AutoTuner: Block shape <776,776,776> took 86.727835 (s) in 3 time steps
AutoTuner: Block shape <8,8,16> took 5.443956 (s) in 3 time steps
AutoTuner: Block shape <8,8,24> took 6.162566 (s) in 3 time steps
AutoTuner: Block shape <8,8,32> took 3.838231 (s) in 3 time steps
AutoTuner: Block shape <8,8,40> took 4.411017 (s) in 3 time steps
AutoTuner: Block shape <8,8,64> took 2.878680 (s) in 3 time steps
AutoTuner: Block shape <8,8,128> took 3.450513 (s) in 3 time steps
AutoTuner: Block shape <8,8,256> took 4.193767 (s) in 3 time steps
AutoTuner: Block shape <8,8,512> took 4.130447 (s) in 3 time steps
AutoTuner: Block shape <8,8,776> took 4.028160 (s) in 3 time steps
AutoTuner: Block shape <16,16,8> took 12.636690 (s) in 3 time steps
AutoTuner: Block shape <16,16,24> took 6.259019 (s) in 3 time steps
AutoTuner: Block shape <16,16,32> took 4.011542 (s) in 3 time steps
AutoTuner: Block shape <16,16,40> took 4.481717 (s) in 3 time steps
AutoTuner: Block shape <16,16,64> took 2.811617 (s) in 3 time steps
AutoTuner: Block shape <16,16,128> took 3.284403 (s) in 3 time steps
AutoTuner: Block shape <16,16,256> took 4.200206 (s) in 3 time steps
AutoTuner: Block shape <16,16,512> took 4.175168 (s) in 3 time steps
AutoTuner: Block shape <16,16,776> took 4.123265 (s) in 3 time steps
AutoTuner: Block shape <24,24,8> took 12.752097 (s) in 3 time steps
AutoTuner: Block shape <24,24,16> took 6.148771 (s) in 3 time steps
AutoTuner: Block shape <24,24,32> took 3.941459 (s) in 3 time steps
AutoTuner: Block shape <24,24,40> took 4.525090 (s) in 3 time steps
AutoTuner: Block shape <24,24,64> took 2.759574 (s) in 3 time steps
AutoTuner: Block shape <24,24,128> took 3.200011 (s) in 3 time steps
AutoTuner: Block shape <24,24,256> took 4.236085 (s) in 3 time steps
AutoTuner: Block shape <24,24,512> took 4.250542 (s) in 3 time steps
AutoTuner: Block shape <24,24,776> took 4.209135 (s) in 3 time steps
AutoTuner: Block shape <32,32,8> took 12.795274 (s) in 3 time steps
AutoTuner: Block shape <32,32,16> took 6.111466 (s) in 3 time steps
AutoTuner: Block shape <32,32,24> took 6.258804 (s) in 3 time steps
AutoTuner: Block shape <32,32,40> took 4.516208 (s) in 3 time steps
AutoTuner: Block shape <32,32,64> took 2.772265 (s) in 3 time steps
AutoTuner: Block shape <32,32,128> took 3.191594 (s) in 3 time steps
AutoTuner: Block shape <32,32,256> took 4.592587 (s) in 3 time steps
AutoTuner: Block shape <32,32,512> took 4.471631 (s) in 3 time steps
AutoTuner: Block shape <32,32,776> took 4.433866 (s) in 3 time steps
AutoTuner: Block shape <16,8,8> took 12.492220 (s) in 3 time steps
AutoTuner: Block shape <8,16,8> took 12.621950 (s) in 3 time steps
AutoTuner: Block shape <16,8,16> took 5.404123 (s) in 3 time steps
AutoTuner: Block shape <8,16,16> took 6.176965 (s) in 3 time steps
AutoTuner: Block shape <32,16,16> took 6.185050 (s) in 3 time steps
AutoTuner: Block shape <16,32,16> took 6.098039 (s) in 3 time steps
AutoTuner: Block shape <32,16,32> took 4.103553 (s) in 3 time steps
AutoTuner: Block shape <16,32,32> took 3.987470 (s) in 3 time steps
AutoTuner: Block shape <48,24,24> took 6.289715 (s) in 3 time steps
AutoTuner: Block shape <24,48,24> took 6.258091 (s) in 3 time steps
AutoTuner: Block shape <24,24,48> took 3.124074 (s) in 3 time steps
AutoTuner: Block shape <48,48,24> took 6.315024 (s) in 3 time steps
AutoTuner: Block shape <48,24,48> took 3.127294 (s) in 3 time steps
AutoTuner: Block shape <24,48,48> took 3.091386 (s) in 3 time steps
AutoTuner: Block shape <48,48,48> took 3.090942 (s) in 3 time steps
AutoTuner: Block shape <64,32,32> took 3.943718 (s) in 3 time steps
AutoTuner: Block shape <32,64,32> took 3.930684 (s) in 3 time steps
AutoTuner: Block shape <64,64,32> took 3.928760 (s) in 3 time steps
AutoTuner: Block shape <64,32,64> took 2.798526 (s) in 3 time steps
AutoTuner: Block shape <32,64,64> took 2.790967 (s) in 3 time steps
AutoTuner: Block shape <80,40,40> took 4.614319 (s) in 3 time steps
AutoTuner: Block shape <40,80,40> took 4.685954 (s) in 3 time steps
AutoTuner: Block shape <40,40,80> took 2.827493 (s) in 3 time steps
AutoTuner: Block shape <80,80,40> took 4.891331 (s) in 3 time steps
AutoTuner: Block shape <80,40,80> took 2.969697 (s) in 3 time steps
AutoTuner: Block shape <40,80,80> took 2.923558 (s) in 3 time steps
AutoTuner: Block shape <80,80,80> took 3.515668 (s) in 3 time steps
AutoTuner: Block shape <128,64,64> took 2.957753 (s) in 3 time steps
AutoTuner: Block shape <64,128,64> took 2.944624 (s) in 3 time steps
AutoTuner: Block shape <64,64,128> took 3.320617 (s) in 3 time steps
AutoTuner: Block shape <128,128,64> took 2.951063 (s) in 3 time steps
AutoTuner: Block shape <128,64,128> took 3.227952 (s) in 3 time steps
AutoTuner: Block shape <64,128,128> took 3.191888 (s) in 3 time steps
AutoTuner: Block shape <256,128,128> took 3.124140 (s) in 3 time steps
AutoTuner: Block shape <128,256,128> took 3.119980 (s) in 3 time steps
AutoTuner: Block shape <128,128,256> took 3.235103 (s) in 3 time steps
AutoTuner: Block shape <256,256,128> took 3.905079 (s) in 3 time steps
AutoTuner: Block shape <256,128,256> took 3.590078 (s) in 3 time steps
AutoTuner: Block shape <128,256,256> took 3.605898 (s) in 3 time steps
AutoTuner: Block shape <512,256,256> took 16.756002 (s) in 3 time steps
AutoTuner: Block shape <256,512,256> took 16.879079 (s) in 3 time steps
AutoTuner: Block shape <256,256,512> took 16.021116 (s) in 3 time steps
AutoTuner: Block shape <512,512,256> took 46.876578 (s) in 3 time steps
AutoTuner: Block shape <512,256,512> took 44.379475 (s) in 3 time steps
AutoTuner: Block shape <256,512,512> took 44.340996 (s) in 3 time steps
Auto-tuned block shape: {'x0_block_size': 24, 'y0_block_size': 24, 'z0_block_size': 64}
=========================================================================================
Section section_0<782,782,782> with OI=0.34 computed in 0.335 s [10.01 GFlops/s]
Section section_2<415,1> with OI=0.64 computed in 0.001 s [0.04 GFlops/s]
Section section_3<415,101> with OI=1.27 computed in 0.057 s [0.07 GFlops/s]
Section main<415,776,776,776> with OI=27.52 computed in 766.472 s [322.33 GFlops/s, 0.25 GPts/s]
=========================================================================================
Allocating memory for m ((788, 788, 788))
Allocating memory for damp ((788, 788, 788))
Allocating memory for epsilon ((788, 788, 788))
Allocating memory for delta ((788, 788, 788))
Allocating memory for theta ((788, 788, 788))
Allocating memory for phi ((788, 788, 788))
Allocating memory for src ((417, 1))
Allocating memory for src_coords ((1, 3))
Allocating memory for nrec_coords ((101, 3))
Allocating memory for rec_coords ((101, 3))
DSE: extract_time_varying [flops: 2541, elapsed: 3.14] >>
     extract_time_invariants [flops: 2133, elapsed: 1.39] >>
     eliminate_inter_stencil_redundancies [flops: 939, elapsed: 4.01] >>
     extract_sum_of_products [flops: 681, elapsed: 0.65] >>
     eliminate_inter_stencil_redundancies [flops: 443, elapsed: 1.00] >>
     extract_sum_of_products [flops: 378, elapsed: 0.34] >>
     factorize [flops: 285, elapsed: 2.59] >>
     eliminate_intra_stencil_redundancies [flops: 233, elapsed: 0.72] >>
     finalize [flops: 234, elapsed: 0.06]
     [Total elapsed: 13.90 s]
DLE: avoid_denormals [elapsed: 0.00] >>
     loop_fission [elapsed: 0.12] >>
     loop_blocking [elapsed: 5.34] >>
     simdize [elapsed: 0.62] >>
     ompize [elapsed: 0.73] >>
     create_elemental_functions [elapsed: 3.89] >>
     minimize_remainders [elapsed: 0.22]
     [Total elapsed: 10.92 s]
Allocating memory for rec ((417, 101))
Allocating memory for u ((3, 788, 788, 788))
Allocating memory for v ((3, 788, 788, 788))
IntelCompiler: compiled /tmp/devito-xwaejzwp/2f4effdc633b5e690ea71e3cd8b0f453f623f808.c [25.63 s]
AutoTuner: Block shape <8,8,8> took 8.795326 (s) in 3 time steps
AutoTuner: Block shape <16,16,16> took 5.782136 (s) in 3 time steps
AutoTuner: Block shape <24,24,24> took 4.361818 (s) in 3 time steps
AutoTuner: Block shape <32,32,32> took 3.852808 (s) in 3 time steps
AutoTuner: Block shape <40,40,40> took 3.302674 (s) in 3 time steps
AutoTuner: Block shape <8,8,16> took 7.026093 (s) in 3 time steps
AutoTuner: Block shape <8,8,24> took 5.340545 (s) in 3 time steps
AutoTuner: Block shape <8,8,32> took 5.445934 (s) in 3 time steps
AutoTuner: Block shape <8,8,40> took 4.704702 (s) in 3 time steps
AutoTuner: Block shape <8,8,64> took 4.556304 (s) in 3 time steps
AutoTuner: Block shape <8,8,128> took 4.338898 (s) in 3 time steps
AutoTuner: Block shape <8,8,256> took 4.282478 (s) in 3 time steps
AutoTuner: Block shape <8,8,512> took 4.249307 (s) in 3 time steps
AutoTuner: Block shape <8,8,776> took 4.278399 (s) in 3 time steps
AutoTuner: Block shape <16,16,8> took 8.113671 (s) in 3 time steps
AutoTuner: Block shape <16,16,24> took 4.567387 (s) in 3 time steps
AutoTuner: Block shape <16,16,32> took 4.289175 (s) in 3 time steps
AutoTuner: Block shape <16,16,40> took 3.755286 (s) in 3 time steps
AutoTuner: Block shape <16,16,64> took 3.430211 (s) in 3 time steps
AutoTuner: Block shape <16,16,128> took 3.186982 (s) in 3 time steps
AutoTuner: Block shape <16,16,256> took 3.161902 (s) in 3 time steps
AutoTuner: Block shape <16,16,512> took 3.242680 (s) in 3 time steps
AutoTuner: Block shape <24,24,8> took 8.119623 (s) in 3 time steps
AutoTuner: Block shape <24,24,16> took 5.535657 (s) in 3 time steps
AutoTuner: Block shape <24,24,32> took 4.035552 (s) in 3 time steps
AutoTuner: Block shape <24,24,40> took 3.523659 (s) in 3 time steps
AutoTuner: Block shape <24,24,64> took 3.186603 (s) in 3 time steps
AutoTuner: Block shape <24,24,128> took 2.955974 (s) in 3 time steps
AutoTuner: Block shape <24,24,256> took 3.017358 (s) in 3 time steps
AutoTuner: Block shape <32,32,8> took 7.950951 (s) in 3 time steps
AutoTuner: Block shape <32,32,16> took 5.352066 (s) in 3 time steps
AutoTuner: Block shape <32,32,24> took 4.218130 (s) in 3 time steps
AutoTuner: Block shape <32,32,40> took 3.370802 (s) in 3 time steps
AutoTuner: Block shape <32,32,64> took 3.022086 (s) in 3 time steps
AutoTuner: Block shape <32,32,128> took 2.806352 (s) in 3 time steps
AutoTuner: Block shape <16,8,8> took 7.749515 (s) in 3 time steps
AutoTuner: Block shape <8,16,8> took 9.003645 (s) in 3 time steps
AutoTuner: Block shape <16,8,16> took 6.018003 (s) in 3 time steps
AutoTuner: Block shape <8,16,16> took 6.560414 (s) in 3 time steps
AutoTuner: Block shape <32,16,16> took 5.402930 (s) in 3 time steps
AutoTuner: Block shape <16,32,16> took 5.701089 (s) in 3 time steps
AutoTuner: Block shape <32,16,32> took 4.009575 (s) in 3 time steps
AutoTuner: Block shape <16,32,32> took 4.104608 (s) in 3 time steps
AutoTuner: Block shape <48,24,24> took 4.193816 (s) in 3 time steps
AutoTuner: Block shape <24,48,24> took 4.228935 (s) in 3 time steps
AutoTuner: Block shape <24,24,48> took 3.499395 (s) in 3 time steps
AutoTuner: Block shape <48,48,24> took 4.071823 (s) in 3 time steps
AutoTuner: Block shape <48,24,48> took 3.323667 (s) in 3 time steps
AutoTuner: Block shape <24,48,48> took 3.342916 (s) in 3 time steps
AutoTuner: Block shape <48,48,48> took 3.181676 (s) in 3 time steps
AutoTuner: Block shape <64,32,32> took 3.830093 (s) in 3 time steps
AutoTuner: Block shape <32,64,32> took 3.788759 (s) in 3 time steps
AutoTuner: Block shape <64,64,32> took 3.689744 (s) in 3 time steps
AutoTuner: Block shape <64,32,64> took 2.922095 (s) in 3 time steps
AutoTuner: Block shape <32,64,64> took 2.946123 (s) in 3 time steps
AutoTuner: Block shape <80,40,40> took 3.225568 (s) in 3 time steps
AutoTuner: Block shape <40,80,40> took 3.244781 (s) in 3 time steps
AutoTuner: Block shape <40,40,80> took 2.840550 (s) in 3 time steps
Auto-tuned block shape: {'x0_block_size': 32, 'y0_block_size': 32, 'z0_block_size': 128}
=========================================================================================
Section section_0<782,782,782> with OI=0.16 computed in 0.411 s [4.66 GFlops/s]
Section section_3<415,1> with OI=0.64 computed in 0.001 s [0.04 GFlops/s]
Section section_4<415,101> with OI=1.27 computed in 0.066 s [0.06 GFlops/s]
Section main<415,782,782,782> with OI=3.56 computed in 640.070 s [72.55 GFlops/s, 0.31 GPts/s]
=========================================================================================
Allocating memory for m ((788, 788, 788))
Allocating memory for damp ((788, 788, 788))
Allocating memory for epsilon ((788, 788, 788))
Allocating memory for delta ((788, 788, 788))
Allocating memory for theta ((788, 788, 788))
Allocating memory for phi ((788, 788, 788))
Allocating memory for src ((417, 1))
Allocating memory for src_coords ((1, 3))
Allocating memory for nrec_coords ((101, 3))
Allocating memory for rec_coords ((101, 3))
DSE: extract_time_varying [flops: 2541, elapsed: 3.14] >>
     extract_time_invariants [flops: 2133, elapsed: 1.38] >>
     eliminate_inter_stencil_redundancies [flops: 939, elapsed: 4.03] >>
     extract_sum_of_products [flops: 681, elapsed: 0.65] >>
     eliminate_inter_stencil_redundancies [flops: 443, elapsed: 1.00] >>
     extract_sum_of_products [flops: 378, elapsed: 0.34] >>
     factorize [flops: 285, elapsed: 2.61] >>
     eliminate_intra_stencil_redundancies [flops: 233, elapsed: 0.72] >>
     finalize [flops: 234, elapsed: 0.07]
     [Total elapsed: 13.93 s]
DLE: avoid_denormals [elapsed: 0.00] >>
     loop_fission [elapsed: 0.12] >>
     loop_blocking [elapsed: 5.36] >>
     simdize [elapsed: 0.61] >>
     ompize [elapsed: 0.73] >>
     create_elemental_functions [elapsed: 3.92] >>
     minimize_remainders [elapsed: 0.22]
     [Total elapsed: 10.96 s]
Allocating memory for rec ((417, 101))
Allocating memory for u ((3, 788, 788, 788))
Allocating memory for v ((3, 788, 788, 788))
IntelCompiler: compiled /tmp/devito-xwaejzwp/283cd1392cda3ac27a152d6be8b3ff2d17b51d7f.c [25.60 s]
AutoTuner: Block shape <8,8,8> took 8.798786 (s) in 3 time steps
AutoTuner: Block shape <16,16,16> took 5.783664 (s) in 3 time steps
AutoTuner: Block shape <24,24,24> took 4.366816 (s) in 3 time steps
AutoTuner: Block shape <32,32,32> took 3.856802 (s) in 3 time steps
AutoTuner: Block shape <40,40,40> took 3.306233 (s) in 3 time steps
AutoTuner: Block shape <8,8,16> took 7.041147 (s) in 3 time steps
AutoTuner: Block shape <8,8,24> took 5.344371 (s) in 3 time steps
AutoTuner: Block shape <8,8,32> took 5.385387 (s) in 3 time steps
AutoTuner: Block shape <8,8,40> took 4.718390 (s) in 3 time steps
AutoTuner: Block shape <8,8,64> took 4.634038 (s) in 3 time steps
AutoTuner: Block shape <8,8,128> took 4.335801 (s) in 3 time steps
AutoTuner: Block shape <8,8,256> took 4.282025 (s) in 3 time steps
AutoTuner: Block shape <8,8,512> took 4.248395 (s) in 3 time steps
AutoTuner: Block shape <8,8,776> took 4.273546 (s) in 3 time steps
AutoTuner: Block shape <16,16,8> took 8.115483 (s) in 3 time steps
AutoTuner: Block shape <16,16,24> took 4.567697 (s) in 3 time steps
AutoTuner: Block shape <16,16,32> took 4.290960 (s) in 3 time steps
AutoTuner: Block shape <16,16,40> took 3.757022 (s) in 3 time steps
AutoTuner: Block shape <16,16,64> took 3.432680 (s) in 3 time steps
AutoTuner: Block shape <16,16,128> took 3.188576 (s) in 3 time steps
AutoTuner: Block shape <16,16,256> took 3.156979 (s) in 3 time steps
AutoTuner: Block shape <16,16,512> took 3.234293 (s) in 3 time steps
AutoTuner: Block shape <24,24,8> took 8.006743 (s) in 3 time steps
AutoTuner: Block shape <24,24,16> took 5.674648 (s) in 3 time steps
AutoTuner: Block shape <24,24,32> took 4.034336 (s) in 3 time steps
AutoTuner: Block shape <24,24,40> took 3.532662 (s) in 3 time steps
AutoTuner: Block shape <24,24,64> took 3.187495 (s) in 3 time steps
AutoTuner: Block shape <24,24,128> took 2.957389 (s) in 3 time steps
AutoTuner: Block shape <24,24,256> took 3.016474 (s) in 3 time steps
AutoTuner: Block shape <32,32,8> took 7.958484 (s) in 3 time steps
AutoTuner: Block shape <32,32,16> took 5.351843 (s) in 3 time steps
AutoTuner: Block shape <32,32,24> took 4.220179 (s) in 3 time steps
AutoTuner: Block shape <32,32,40> took 3.369658 (s) in 3 time steps
AutoTuner: Block shape <32,32,64> took 3.022162 (s) in 3 time steps
AutoTuner: Block shape <32,32,128> took 2.808298 (s) in 3 time steps
AutoTuner: Block shape <16,8,8> took 7.746296 (s) in 3 time steps
AutoTuner: Block shape <8,16,8> took 9.083093 (s) in 3 time steps
AutoTuner: Block shape <16,8,16> took 6.072417 (s) in 3 time steps
AutoTuner: Block shape <8,16,16> took 6.574721 (s) in 3 time steps
AutoTuner: Block shape <32,16,16> took 5.403917 (s) in 3 time steps
AutoTuner: Block shape <16,32,16> took 5.707063 (s) in 3 time steps
AutoTuner: Block shape <32,16,32> took 4.009170 (s) in 3 time steps
AutoTuner: Block shape <16,32,32> took 4.109443 (s) in 3 time steps
AutoTuner: Block shape <48,24,24> took 4.206050 (s) in 3 time steps
AutoTuner: Block shape <24,48,24> took 4.271355 (s) in 3 time steps
AutoTuner: Block shape <24,24,48> took 3.562858 (s) in 3 time steps
AutoTuner: Block shape <48,48,24> took 4.148747 (s) in 3 time steps
AutoTuner: Block shape <48,24,48> took 3.389450 (s) in 3 time steps
AutoTuner: Block shape <24,48,48> took 3.349030 (s) in 3 time steps
AutoTuner: Block shape <48,48,48> took 3.179878 (s) in 3 time steps
AutoTuner: Block shape <64,32,32> took 3.825341 (s) in 3 time steps
AutoTuner: Block shape <32,64,32> took 3.835365 (s) in 3 time steps
AutoTuner: Block shape <64,64,32> took 3.691319 (s) in 3 time steps
AutoTuner: Block shape <64,32,64> took 2.925100 (s) in 3 time steps
AutoTuner: Block shape <32,64,64> took 2.943727 (s) in 3 time steps
AutoTuner: Block shape <80,40,40> took 3.245226 (s) in 3 time steps
AutoTuner: Block shape <40,80,40> took 3.243853 (s) in 3 time steps
AutoTuner: Block shape <40,40,80> took 2.840995 (s) in 3 time steps
Auto-tuned block shape: {'x0_block_size': 32, 'y0_block_size': 32, 'z0_block_size': 128}
=========================================================================================
Section section_0<782,782,782> with OI=0.16 computed in 0.426 s [4.49 GFlops/s]
Section section_3<415,1> with OI=0.64 computed in 0.001 s [0.04 GFlops/s]
Section section_4<415,101> with OI=1.27 computed in 0.039 s [0.10 GFlops/s]
Section main<415,782,782,782> with OI=3.56 computed in 641.026 s [72.45 GFlops/s, 0.31 GPts/s]
=========================================================================================
Allocating memory for m ((788, 788, 788))
Allocating memory for damp ((788, 788, 788))
Allocating memory for epsilon ((788, 788, 788))
Allocating memory for delta ((788, 788, 788))
Allocating memory for theta ((788, 788, 788))
Allocating memory for phi ((788, 788, 788))
Allocating memory for src ((417, 1))
Allocating memory for src_coords ((1, 3))
Allocating memory for nrec_coords ((101, 3))
Allocating memory for rec_coords ((101, 3))
DSE: extract_time_varying [flops: 2541, elapsed: 3.15] >>
     extract_time_invariants [flops: 2133, elapsed: 1.39] >>
     eliminate_inter_stencil_redundancies [flops: 939, elapsed: 4.01] >>
     extract_sum_of_products [flops: 681, elapsed: 0.65] >>
     eliminate_inter_stencil_redundancies [flops: 443, elapsed: 1.26] >>
     extract_sum_of_products [flops: 378, elapsed: 0.34] >>
     factorize [flops: 285, elapsed: 2.61] >>
     eliminate_intra_stencil_redundancies [flops: 233, elapsed: 0.72] >>
     finalize [flops: 234, elapsed: 0.06]
     [Total elapsed: 14.20 s]
DLE: avoid_denormals [elapsed: 0.00] >>
     loop_fission [elapsed: 0.13] >>
     loop_blocking [elapsed: 5.35] >>
     simdize [elapsed: 0.62] >>
     ompize [elapsed: 0.73] >>
     create_elemental_functions [elapsed: 3.91] >>
     minimize_remainders [elapsed: 0.22]
     [Total elapsed: 10.95 s]
Allocating memory for rec ((417, 101))
Allocating memory for u ((3, 788, 788, 788))
Allocating memory for v ((3, 788, 788, 788))
IntelCompiler: compiled /tmp/devito-xwaejzwp/afda3a5ade6b166b5fa4af28c754d797c0e18797.c [25.43 s]
AutoTuner: Block shape <8,8,8> took 8.787865 (s) in 3 time steps
AutoTuner: Block shape <16,16,16> took 5.783489 (s) in 3 time steps
AutoTuner: Block shape <24,24,24> took 4.368305 (s) in 3 time steps
AutoTuner: Block shape <32,32,32> took 3.858708 (s) in 3 time steps
AutoTuner: Block shape <40,40,40> took 3.338097 (s) in 3 time steps
AutoTuner: Block shape <8,8,16> took 7.029089 (s) in 3 time steps
AutoTuner: Block shape <8,8,24> took 5.340759 (s) in 3 time steps
AutoTuner: Block shape <8,8,32> took 5.421047 (s) in 3 time steps
AutoTuner: Block shape <8,8,40> took 4.789025 (s) in 3 time steps
AutoTuner: Block shape <8,8,64> took 4.557358 (s) in 3 time steps
AutoTuner: Block shape <8,8,128> took 4.340847 (s) in 3 time steps
AutoTuner: Block shape <8,8,256> took 4.285232 (s) in 3 time steps
AutoTuner: Block shape <8,8,512> took 4.247269 (s) in 3 time steps
AutoTuner: Block shape <8,8,776> took 4.276020 (s) in 3 time steps
AutoTuner: Block shape <16,16,8> took 8.120195 (s) in 3 time steps
AutoTuner: Block shape <16,16,24> took 4.570985 (s) in 3 time steps
AutoTuner: Block shape <16,16,32> took 4.291071 (s) in 3 time steps
AutoTuner: Block shape <16,16,40> took 3.755632 (s) in 3 time steps
AutoTuner: Block shape <16,16,64> took 3.432253 (s) in 3 time steps
AutoTuner: Block shape <16,16,128> took 3.187714 (s) in 3 time steps
AutoTuner: Block shape <16,16,256> took 3.156908 (s) in 3 time steps
AutoTuner: Block shape <16,16,512> took 3.236703 (s) in 3 time steps
AutoTuner: Block shape <24,24,8> took 8.042030 (s) in 3 time steps
AutoTuner: Block shape <24,24,16> took 5.537657 (s) in 3 time steps
AutoTuner: Block shape <24,24,32> took 4.034344 (s) in 3 time steps
AutoTuner: Block shape <24,24,40> took 3.521409 (s) in 3 time steps
AutoTuner: Block shape <24,24,64> took 3.188972 (s) in 3 time steps
AutoTuner: Block shape <24,24,128> took 2.959003 (s) in 3 time steps
AutoTuner: Block shape <24,24,256> took 3.017897 (s) in 3 time steps
AutoTuner: Block shape <32,32,8> took 7.965534 (s) in 3 time steps
AutoTuner: Block shape <32,32,16> took 5.353300 (s) in 3 time steps
AutoTuner: Block shape <32,32,24> took 4.221102 (s) in 3 time steps
AutoTuner: Block shape <32,32,40> took 3.368230 (s) in 3 time steps
AutoTuner: Block shape <32,32,64> took 3.021522 (s) in 3 time steps
AutoTuner: Block shape <32,32,128> took 2.806747 (s) in 3 time steps
AutoTuner: Block shape <16,8,8> took 7.745780 (s) in 3 time steps
AutoTuner: Block shape <8,16,8> took 8.946944 (s) in 3 time steps
AutoTuner: Block shape <16,8,16> took 6.017318 (s) in 3 time steps
AutoTuner: Block shape <8,16,16> took 6.573204 (s) in 3 time steps
AutoTuner: Block shape <32,16,16> took 5.403476 (s) in 3 time steps
AutoTuner: Block shape <16,32,16> took 5.704570 (s) in 3 time steps
AutoTuner: Block shape <32,16,32> took 4.010190 (s) in 3 time steps
AutoTuner: Block shape <16,32,32> took 4.110774 (s) in 3 time steps
AutoTuner: Block shape <48,24,24> took 4.197739 (s) in 3 time steps
AutoTuner: Block shape <24,48,24> took 4.231068 (s) in 3 time steps
AutoTuner: Block shape <24,24,48> took 3.496139 (s) in 3 time steps
AutoTuner: Block shape <48,48,24> took 4.073001 (s) in 3 time steps
AutoTuner: Block shape <48,24,48> took 3.324387 (s) in 3 time steps
AutoTuner: Block shape <24,48,48> took 3.341418 (s) in 3 time steps
AutoTuner: Block shape <48,48,48> took 3.179310 (s) in 3 time steps
AutoTuner: Block shape <64,32,32> took 3.793989 (s) in 3 time steps
AutoTuner: Block shape <32,64,32> took 3.818768 (s) in 3 time steps
AutoTuner: Block shape <64,64,32> took 3.689901 (s) in 3 time steps
AutoTuner: Block shape <64,32,64> took 2.926108 (s) in 3 time steps
AutoTuner: Block shape <32,64,64> took 2.944705 (s) in 3 time steps
AutoTuner: Block shape <80,40,40> took 3.239841 (s) in 3 time steps
AutoTuner: Block shape <40,80,40> took 3.241748 (s) in 3 time steps
AutoTuner: Block shape <40,40,80> took 2.839287 (s) in 3 time steps
Auto-tuned block shape: {'x0_block_size': 32, 'y0_block_size': 32, 'z0_block_size': 128}
=========================================================================================
Section section_0<782,782,782> with OI=0.16 computed in 0.410 s [4.67 GFlops/s]
Section section_3<415,1> with OI=0.64 computed in 0.001 s [0.04 GFlops/s]
Section section_4<415,101> with OI=1.27 computed in 0.042 s [0.09 GFlops/s]
Section main<415,782,782,782> with OI=3.56 computed in 640.173 s [72.54 GFlops/s, 0.31 GPts/s]
=========================================================================================


OpesciBench: Running 3 repeats - parameters: arch: unknown, autotune: True, dle: advanced, dse: basic, nbpml: 10, shape: (768, 768, 768), space_order: 12, spacing: (20.0, 20.0, 20.0), time_order: 2, tn: 1000
OpesciBench [13:26:35]: --- Run 0 ---
icc -O3 -g -fPIC -Wall -std=c99 -xhost -shared -qopenmp /tmp/devito-xwaejzwp/f6f81a1daf2df47448abcb13b4ab73d593ff4238.c -o /tmp/devito-xwaejzwp/f6f81a1daf2df47448abcb13b4ab73d593ff4238.so
OpesciBench [14:12:06]: --- Run 0 finished ---

OpesciBench [14:12:06]: --- Run 1 ---
icc -O3 -g -fPIC -Wall -std=c99 -xhost -shared -qopenmp /tmp/devito-xwaejzwp/f6f81a1daf2df47448abcb13b4ab73d593ff4238.c -o /tmp/devito-xwaejzwp/f6f81a1daf2df47448abcb13b4ab73d593ff4238.so
OpesciBench [14:57:03]: --- Run 1 finished ---

OpesciBench [14:57:03]: --- Run 2 ---
icc -O3 -g -fPIC -Wall -std=c99 -xhost -shared -qopenmp /tmp/devito-xwaejzwp/f6f81a1daf2df47448abcb13b4ab73d593ff4238.c -o /tmp/devito-xwaejzwp/f6f81a1daf2df47448abcb13b4ab73d593ff4238.so
OpesciBench [15:43:14]: --- Run 2 finished ---





OpesciBench: Running 3 repeats - parameters: arch: unknown, autotune: True, dle: advanced, dse: advanced, nbpml: 10, shape: (768, 768, 768), space_order: 12, spacing: (20.0, 20.0, 20.0), time_order: 2, tn: 1000
OpesciBench [15:43:14]: --- Run 0 ---
icc -O3 -g -fPIC -Wall -std=c99 -xhost -shared -qopenmp /tmp/devito-xwaejzwp/5221bf17627bdc61352854762dd319e05041b67c.c -o /tmp/devito-xwaejzwp/5221bf17627bdc61352854762dd319e05041b67c.so
OpesciBench [16:18:08]: --- Run 0 finished ---

OpesciBench [16:18:08]: --- Run 1 ---
icc -O3 -g -fPIC -Wall -std=c99 -xhost -shared -qopenmp /tmp/devito-xwaejzwp/5221bf17627bdc61352854762dd319e05041b67c.c -o /tmp/devito-xwaejzwp/5221bf17627bdc61352854762dd319e05041b67c.so
OpesciBench [16:53:23]: --- Run 1 finished ---

OpesciBench [16:53:23]: --- Run 2 ---
icc -O3 -g -fPIC -Wall -std=c99 -xhost -shared -qopenmp /tmp/devito-xwaejzwp/5221bf17627bdc61352854762dd319e05041b67c.c -o /tmp/devito-xwaejzwp/5221bf17627bdc61352854762dd319e05041b67c.so
OpesciBench [17:28:49]: --- Run 2 finished ---





OpesciBench: Running 3 repeats - parameters: arch: unknown, autotune: True, dle: advanced, dse: aggressive, nbpml: 10, shape: (768, 768, 768), space_order: 12, spacing: (20.0, 20.0, 20.0), time_order: 2, tn: 1000
OpesciBench [17:28:49]: --- Run 0 ---
icc -O3 -g -fPIC -Wall -std=c99 -xhost -shared -qopenmp /tmp/devito-xwaejzwp/2f4effdc633b5e690ea71e3cd8b0f453f623f808.c -o /tmp/devito-xwaejzwp/2f4effdc633b5e690ea71e3cd8b0f453f623f808.so
OpesciBench [17:47:38]: --- Run 0 finished ---

OpesciBench [17:47:38]: --- Run 1 ---
icc -O3 -g -fPIC -Wall -std=c99 -xhost -shared -qopenmp /tmp/devito-xwaejzwp/283cd1392cda3ac27a152d6be8b3ff2d17b51d7f.c -o /tmp/devito-xwaejzwp/283cd1392cda3ac27a152d6be8b3ff2d17b51d7f.so
OpesciBench [18:06:29]: --- Run 1 finished ---

OpesciBench [18:06:29]: --- Run 2 ---
icc -O3 -g -fPIC -Wall -std=c99 -xhost -shared -qopenmp /tmp/devito-xwaejzwp/afda3a5ade6b166b5fa4af28c754d797c0e18797.c -o /tmp/devito-xwaejzwp/afda3a5ade6b166b5fa4af28c754d797c0e18797.so
OpesciBench [18:25:18]: --- Run 2 finished ---



Fri Dec 22 18:25:20 PST 2017
top - 18:25:20 up 4 days,  9:31,  1 user,  load average: 272.50, 268.07, 253.34
Tasks: 2267 total,   2 running, 2265 sleeping,   0 stopped,   0 zombie
%Cpu(s): 28.0 us,  1.6 sy,  0.0 ni, 70.4 id,  0.0 wa,  0.0 hi,  0.0 si,  0.0 st
KiB Mem : 11538529+total, 11171705+free,  1381412 used,  2286820 buff/cache
KiB Swap: 58593276 total, 58593276 free,        0 used. 11310516+avail Mem 

   PID USER      PR  NI    VIRT    RES    SHR S  %CPU %MEM     TIME+ COMMAND
177729 cyount    20   0  152536   4072   1460 R  54.1  0.0   0:00.42 top
   281 root      20   0       0      0      0 R   2.7  0.0   8:32.95 rcu_sched
     1 root      20   0   51548  13932   2384 S   0.0  0.0   2:10.87 systemd
     2 root      20   0       0      0      0 S   0.0  0.0   0:00.16 kthreadd
     3 root      20   0       0      0      0 S   0.0  0.0   0:00.06 ksoftirqd/0
     4 root      20   0       0      0      0 S   0.0  0.0  10:59.11 kworker/0:0
     5 root       0 -20       0      0      0 S   0.0  0.0   0:00.00 kworker/0:0H
     7 root      rt   0       0      0      0 S   0.0  0.0   0:04.71 migration/0
     8 root      20   0       0      0      0 S   0.0  0.0   0:00.00 rcu_bh
     9 root      20   0       0      0      0 S   0.0  0.0   0:00.00 rcuob/0
    10 root      20   0       0      0      0 S   0.0  0.0   0:00.00 rcuob/1
    11 root      20   0       0      0      0 S   0.0  0.0   0:00.00 rcuob/2
    12 root      20   0       0      0      0 S   0.0  0.0   0:00.00 rcuob/3
    13 root      20   0       0      0      0 S   0.0  0.0   0:00.00 rcuob/4
    14 root      20   0       0      0      0 S   0.0  0.0   0:00.00 rcuob/5
    15 root      20   0       0      0      0 S   0.0  0.0   0:00.00 rcuob/6
    16 root      20   0       0      0      0 S   0.0  0.0   0:00.00 rcuob/7
    17 root      20   0       0      0      0 S   0.0  0.0   0:00.00 rcuob/8
    18 root      20   0       0      0      0 S   0.0  0.0   0:00.00 rcuob/9
    19 root      20   0       0      0      0 S   0.0  0.0   0:00.00 rcuob/10
    20 root      20   0       0      0      0 S   0.0  0.0   0:00.00 rcuob/11
    21 root      20   0       0      0      0 S   0.0  0.0   0:00.00 rcuob/12
    22 root      20   0       0      0      0 S   0.0  0.0   0:00.00 rcuob/13
