Thu Dec 21 10:20:18 PST 2017
Linux ortce-skl3 3.10.0-327.el7.x86_64 #1 SMP Thu Oct 29 17:29:29 EDT 2015 x86_64 x86_64 x86_64 GNU/Linux
Architecture:          x86_64
CPU op-mode(s):        32-bit, 64-bit
Byte Order:            Little Endian
CPU(s):                112
On-line CPU(s) list:   0-111
Thread(s) per core:    2
Core(s) per socket:    28
Socket(s):             2
NUMA node(s):          2
Vendor ID:             GenuineIntel
CPU family:            6
Model:                 85
Model name:            Intel(R) Xeon(R) Platinum 8180 CPU @ 2.50GHz
Stepping:              4
CPU MHz:               2501.000
BogoMIPS:              4993.64
Virtualization:        VT-x
L1d cache:             32K
L1i cache:             32K
L2 cache:              1024K
L3 cache:              39424K
NUMA node0 CPU(s):     0-27,56-83
NUMA node1 CPU(s):     28-55,84-111
Linux ortce-skl3 3.10.0-327.el7.x86_64 #1 SMP Thu Oct 29 17:29:29 EDT 2015 x86_64 x86_64 x86_64 GNU/Linux
available: 2 nodes (0-1)
node 0 cpus: 0 1 2 3 4 5 6 7 8 9 10 11 12 13 14 15 16 17 18 19 20 21 22 23 24 25 26 27 56 57 58 59 60 61 62 63 64 65 66 67 68 69 70 71 72 73 74 75 76 77 78 79 80 81 82 83
node 0 size: 96973 MB
node 0 free: 90403 MB
node 1 cpus: 28 29 30 31 32 33 34 35 36 37 38 39 40 41 42 43 44 45 46 47 48 49 50 51 52 53 54 55 84 85 86 87 88 89 90 91 92 93 94 95 96 97 98 99 100 101 102 103 104 105 106 107 108 109 110 111
node 1 size: 98304 MB
node 1 free: 92926 MB
node distances:
node   0   1 
  0:  10  21 
  1:  21  10 

Per-node system memory usage (in MBs):
                          Node 0          Node 1           Total
                 --------------- --------------- ---------------
MemTotal                96973.63        98304.00       195277.63
MemFree                 90403.79        92926.48       183330.27
MemUsed                  6569.84         5377.52        11947.36
Active                    367.82          566.19          934.00
Inactive                 2570.46         2165.28         4735.74
Active(anon)              192.70           26.57          219.27
Inactive(anon)           1559.76          675.61         2235.37
Active(file)              175.12          539.62          714.73
Inactive(file)           1010.70         1489.67         2500.37
Unevictable                 0.00            0.00            0.00
Mlocked                     0.00            0.00            0.00
Dirty                       0.00            0.00            0.00
Writeback                   0.00            0.00            0.00
FilePages                2719.36         2699.50         5418.86
Mapped                     40.00           11.04           51.04
AnonPages                 266.58           33.64          300.21
Shmem                      14.21            2.65           16.86
KernelStack                33.17           10.41           43.58
PageTables                 28.16           22.84           51.00
NFS_Unstable                0.00            0.00            0.00
Bounce                      0.00            0.00            0.00
WritebackTmp                0.00            0.00            0.00
Slab                      394.50          336.05          730.55
SReclaimable              203.48          141.06          344.54
SUnreclaim                191.02          194.99          386.01
AnonHugePages              90.00            0.00           90.00
HugePages_Total             0.00            0.00            0.00
HugePages_Free              0.00            0.00            0.00
HugePages_Surp              0.00            0.00            0.00
top - 10:20:18 up 22 days,  1:09,  3 users,  load average: 53.72, 45.67, 30.36
Tasks: 1952 total,   1 running, 1951 sleeping,   0 stopped,   0 zombie
%Cpu(s):  5.1 us,  0.1 sy,  0.0 ni, 94.8 id,  0.0 wa,  0.0 hi,  0.0 si,  0.0 st
KiB Mem : 19652648+total, 18774094+free,  4728292 used,  4057244 buff/cache
KiB Swap: 50331644 total, 47136364 free,  3195280 used. 19104816+avail Mem 

   PID USER      PR  NI    VIRT    RES    SHR S  %CPU %MEM     TIME+ COMMAND
 52329 cyount    20   0  152236   3928   1472 R  11.8  0.0   0:00.02 top
     1 root      20   0  197856   6604   1468 S   0.0  0.0   1:10.17 systemd
     2 root      20   0       0      0      0 S   0.0  0.0   0:00.29 kthreadd
     3 root      20   0       0      0      0 S   0.0  0.0   0:00.10 ksoftirqd/0
     5 root       0 -20       0      0      0 S   0.0  0.0   0:00.00 kworker/0:0H
     8 root      rt   0       0      0      0 S   0.0  0.0   0:01.43 migration/0
     9 root      20   0       0      0      0 S   0.0  0.0   0:00.00 rcu_bh
    10 root      20   0       0      0      0 S   0.0  0.0   0:00.00 rcuob/0
    11 root      20   0       0      0      0 S   0.0  0.0   0:00.00 rcuob/1
    12 root      20   0       0      0      0 S   0.0  0.0   0:00.00 rcuob/2
    13 root      20   0       0      0      0 S   0.0  0.0   0:00.00 rcuob/3
    14 root      20   0       0      0      0 S   0.0  0.0   0:00.00 rcuob/4
    15 root      20   0       0      0      0 S   0.0  0.0   0:00.00 rcuob/5
    16 root      20   0       0      0      0 S   0.0  0.0   0:00.00 rcuob/6
    17 root      20   0       0      0      0 S   0.0  0.0   0:00.00 rcuob/7
    18 root      20   0       0      0      0 S   0.0  0.0   0:00.00 rcuob/8
    19 root      20   0       0      0      0 S   0.0  0.0   0:00.00 rcuob/9
    20 root      20   0       0      0      0 S   0.0  0.0   0:00.00 rcuob/10
    21 root      20   0       0      0      0 S   0.0  0.0   0:00.00 rcuob/11
    22 root      20   0       0      0      0 S   0.0  0.0   0:00.00 rcuob/12
    23 root      20   0       0      0      0 S   0.0  0.0   0:00.00 rcuob/13
    24 root      20   0       0      0      0 S   0.0  0.0   0:00.00 rcuob/14
    25 root      20   0       0      0      0 S   0.0  0.0   0:00.00 rcuob/15
env DEVITO_PLATFORM=skx DEVITO_ISA=avx512 DEVITO_DEBUG_COMPILER=1 DEVITO_DLE_OPTIONS=blockinner:True DEVITO_AUTOTUNING=aggressive DEVITO_BACKEND=core DEVITO_OPENMP=1 DEVITO_ARCH=intel DEVITO_LOGGING=DEBUG DEVITO_YASK_AUTOTUNING=preemptive DEVITO_YASK_DUMP=devito.bench.2017-12-21/tti/core/bmO3/ortce-skl3/grid512/so12 numactl --cpubind=1 python examples/seismic/benchmark.py bench -bm O3 -P tti -so 12 -to 2 -d 512 512 512 --tn 1000 -x 3 -r devito.bench.2017-12-21/tti/core/bmO3/ortce-skl3/grid512/so12
Allocating memory for m ((532, 532, 532))
Allocating memory for damp ((532, 532, 532))
Allocating memory for epsilon ((532, 532, 532))
Allocating memory for delta ((532, 532, 532))
Allocating memory for theta ((532, 532, 532))
Allocating memory for phi ((532, 532, 532))
Allocating memory for src ((417, 1))
Allocating memory for src_coords ((1, 3))
Allocating memory for nrec_coords ((101, 3))
Allocating memory for rec_coords ((101, 3))
DSE: extract_time_varying [flops: 2541, elapsed: 0.22] >>
     extract_time_invariants [flops: 2133, elapsed: 0.10] >>
     eliminate_inter_stencil_redundancies [flops: 939, elapsed: 0.28] >>
     extract_sum_of_products [flops: 681, elapsed: 0.04] >>
     eliminate_inter_stencil_redundancies [flops: 443, elapsed: 0.07] >>
     extract_sum_of_products [flops: 378, elapsed: 0.02] >>
     factorize [flops: 285, elapsed: 0.19] >>
     eliminate_intra_stencil_redundancies [flops: 233, elapsed: 0.05] >>
     finalize [flops: 234, elapsed: 0.00]
     [Total elapsed: 0.98 s]
DLE: avoid_denormals [elapsed: 0.00] >>
     loop_fission [elapsed: 0.01] >>
     loop_blocking [elapsed: 0.36] >>
     simdize [elapsed: 0.17] >>
     ompize [elapsed: 0.04] >>
     create_elemental_functions [elapsed: 0.32] >>
     minimize_remainders [elapsed: 0.02]
     [Total elapsed: 0.91 s]
Allocating memory for rec ((417, 101))
Allocating memory for u ((3, 532, 532, 532))
Allocating memory for v ((3, 532, 532, 532))
IntelCompiler: compiled /tmp/devito-eeuzn6rv/aac9464fe294ad29e770d3e30caa2196820ef9fe.c [4.14 s]
AutoTuner: Block shape <8,8,8> took 0.572889 (s) in 3 time steps
AutoTuner: Block shape <16,16,16> took 0.472211 (s) in 3 time steps
AutoTuner: Block shape <24,24,24> took 0.457357 (s) in 3 time steps
AutoTuner: Block shape <32,32,32> took 0.531027 (s) in 3 time steps
AutoTuner: Block shape <40,40,40> took 0.491173 (s) in 3 time steps
AutoTuner: Block shape <8,8,16> took 0.525650 (s) in 3 time steps
AutoTuner: Block shape <8,8,24> took 0.471465 (s) in 3 time steps
AutoTuner: Block shape <8,8,32> took 0.488963 (s) in 3 time steps
AutoTuner: Block shape <8,8,40> took 0.460120 (s) in 3 time steps
AutoTuner: Block shape <8,8,64> took 0.476439 (s) in 3 time steps
AutoTuner: Block shape <8,8,128> took 0.498007 (s) in 3 time steps
AutoTuner: Block shape <8,8,256> took 0.560426 (s) in 3 time steps
AutoTuner: Block shape <8,8,512> took 0.603599 (s) in 3 time steps
AutoTuner: Block shape <8,8,520> took 0.593302 (s) in 3 time steps
AutoTuner: Block shape <16,16,8> took 0.451809 (s) in 3 time steps
AutoTuner: Block shape <16,16,24> took 0.412069 (s) in 3 time steps
AutoTuner: Block shape <16,16,32> took 0.450046 (s) in 3 time steps
AutoTuner: Block shape <16,16,40> took 0.418964 (s) in 3 time steps
AutoTuner: Block shape <16,16,64> took 0.465126 (s) in 3 time steps
AutoTuner: Block shape <16,16,128> took 0.493667 (s) in 3 time steps
AutoTuner: Block shape <16,16,256> took 0.501107 (s) in 3 time steps
AutoTuner: Block shape <16,16,512> took 0.578125 (s) in 3 time steps
AutoTuner: Block shape <16,16,520> took 0.571727 (s) in 3 time steps
AutoTuner: Block shape <24,24,8> took 0.512849 (s) in 3 time steps
AutoTuner: Block shape <24,24,16> took 0.540024 (s) in 3 time steps
AutoTuner: Block shape <24,24,32> took 0.501838 (s) in 3 time steps
AutoTuner: Block shape <24,24,40> took 0.460739 (s) in 3 time steps
AutoTuner: Block shape <24,24,64> took 0.495553 (s) in 3 time steps
AutoTuner: Block shape <24,24,128> took 0.477073 (s) in 3 time steps
AutoTuner: Block shape <24,24,256> took 0.513177 (s) in 3 time steps
AutoTuner: Block shape <32,32,8> took 0.613240 (s) in 3 time steps
AutoTuner: Block shape <32,32,16> took 0.593168 (s) in 3 time steps
AutoTuner: Block shape <32,32,24> took 0.490048 (s) in 3 time steps
AutoTuner: Block shape <32,32,40> took 0.482940 (s) in 3 time steps
AutoTuner: Block shape <32,32,64> took 0.489566 (s) in 3 time steps
AutoTuner: Block shape <32,32,128> took 0.477396 (s) in 3 time steps
AutoTuner: Block shape <16,8,8> took 0.487707 (s) in 3 time steps
AutoTuner: Block shape <8,16,8> took 0.481875 (s) in 3 time steps
AutoTuner: Block shape <16,8,16> took 0.482263 (s) in 3 time steps
AutoTuner: Block shape <8,16,16> took 0.477799 (s) in 3 time steps
AutoTuner: Block shape <32,16,16> took 0.536307 (s) in 3 time steps
AutoTuner: Block shape <16,32,16> took 0.537475 (s) in 3 time steps
AutoTuner: Block shape <32,16,32> took 0.499833 (s) in 3 time steps
AutoTuner: Block shape <16,32,32> took 0.510204 (s) in 3 time steps
AutoTuner: Block shape <48,24,24> took 0.496613 (s) in 3 time steps
AutoTuner: Block shape <24,48,24> took 0.517525 (s) in 3 time steps
AutoTuner: Block shape <24,24,48> took 0.494227 (s) in 3 time steps
AutoTuner: Block shape <48,48,24> took 0.529555 (s) in 3 time steps
AutoTuner: Block shape <48,24,48> took 0.510777 (s) in 3 time steps
AutoTuner: Block shape <24,48,48> took 0.517475 (s) in 3 time steps
AutoTuner: Block shape <48,48,48> took 0.512151 (s) in 3 time steps
AutoTuner: Block shape <64,32,32> took 0.535155 (s) in 3 time steps
AutoTuner: Block shape <32,64,32> took 0.541601 (s) in 3 time steps
AutoTuner: Block shape <64,64,32> took 0.534297 (s) in 3 time steps
AutoTuner: Block shape <64,32,64> took 0.482240 (s) in 3 time steps
AutoTuner: Block shape <32,64,64> took 0.516509 (s) in 3 time steps
AutoTuner: Block shape <80,40,40> took 0.487810 (s) in 3 time steps
AutoTuner: Block shape <40,80,40> took 0.497895 (s) in 3 time steps
AutoTuner: Block shape <40,40,80> took 0.478224 (s) in 3 time steps
Auto-tuned block shape: {'x0_block_size': 16, 'y0_block_size': 16, 'z0_block_size': 24}
=========================================================================================
Section section_0<526,526,526> with OI=0.16 computed in 0.096 s [6.07 GFlops/s]
Section section_3<415,1> with OI=0.64 computed in 0.000 s [0.15 GFlops/s]
Section section_4<415,101> with OI=1.27 computed in 0.004 s [1.09 GFlops/s]
Section main<415,526,526,526> with OI=3.52 computed in 126.573 s [111.66 GFlops/s, 0.48 GPts/s]
=========================================================================================
Allocating memory for m ((532, 532, 532))
Allocating memory for damp ((532, 532, 532))
Allocating memory for epsilon ((532, 532, 532))
Allocating memory for delta ((532, 532, 532))
Allocating memory for theta ((532, 532, 532))
Allocating memory for phi ((532, 532, 532))
Allocating memory for src ((417, 1))
Allocating memory for src_coords ((1, 3))
Allocating memory for nrec_coords ((101, 3))
Allocating memory for rec_coords ((101, 3))
DSE: extract_time_varying [flops: 2541, elapsed: 0.22] >>
     extract_time_invariants [flops: 2133, elapsed: 0.10] >>
     eliminate_inter_stencil_redundancies [flops: 939, elapsed: 0.28] >>
     extract_sum_of_products [flops: 681, elapsed: 0.04] >>
     eliminate_inter_stencil_redundancies [flops: 443, elapsed: 0.07] >>
     extract_sum_of_products [flops: 378, elapsed: 0.02] >>
     factorize [flops: 285, elapsed: 0.19] >>
     eliminate_intra_stencil_redundancies [flops: 233, elapsed: 0.05] >>
     finalize [flops: 234, elapsed: 0.00]
     [Total elapsed: 0.98 s]
DLE: avoid_denormals [elapsed: 0.00] >>
     loop_fission [elapsed: 0.01] >>
     loop_blocking [elapsed: 0.36] >>
     simdize [elapsed: 0.04] >>
     ompize [elapsed: 0.04] >>
     create_elemental_functions [elapsed: 0.28] >>
     minimize_remainders [elapsed: 0.02]
     [Total elapsed: 0.75 s]
Allocating memory for rec ((417, 101))
Allocating memory for u ((3, 532, 532, 532))
Allocating memory for v ((3, 532, 532, 532))
IntelCompiler: compiled /tmp/devito-eeuzn6rv/47edbfad79bf7f6ead359a65e6aec774bddfb208.c [4.14 s]
AutoTuner: Block shape <8,8,8> took 0.512770 (s) in 3 time steps
AutoTuner: Block shape <16,16,16> took 0.477487 (s) in 3 time steps
AutoTuner: Block shape <24,24,24> took 0.460473 (s) in 3 time steps
AutoTuner: Block shape <32,32,32> took 0.523036 (s) in 3 time steps
AutoTuner: Block shape <40,40,40> took 0.484045 (s) in 3 time steps
AutoTuner: Block shape <8,8,16> took 0.508418 (s) in 3 time steps
AutoTuner: Block shape <8,8,24> took 0.457015 (s) in 3 time steps
AutoTuner: Block shape <8,8,32> took 0.476170 (s) in 3 time steps
AutoTuner: Block shape <8,8,40> took 0.448096 (s) in 3 time steps
AutoTuner: Block shape <8,8,64> took 0.472150 (s) in 3 time steps
AutoTuner: Block shape <8,8,128> took 0.496418 (s) in 3 time steps
AutoTuner: Block shape <8,8,256> took 0.560035 (s) in 3 time steps
AutoTuner: Block shape <8,8,512> took 0.600659 (s) in 3 time steps
AutoTuner: Block shape <8,8,520> took 0.593944 (s) in 3 time steps
AutoTuner: Block shape <16,16,8> took 0.444653 (s) in 3 time steps
AutoTuner: Block shape <16,16,24> took 0.411767 (s) in 3 time steps
AutoTuner: Block shape <16,16,32> took 0.451992 (s) in 3 time steps
AutoTuner: Block shape <16,16,40> took 0.419630 (s) in 3 time steps
AutoTuner: Block shape <16,16,64> took 0.466096 (s) in 3 time steps
AutoTuner: Block shape <16,16,128> took 0.489921 (s) in 3 time steps
AutoTuner: Block shape <16,16,256> took 0.502034 (s) in 3 time steps
AutoTuner: Block shape <16,16,512> took 0.577997 (s) in 3 time steps
AutoTuner: Block shape <16,16,520> took 0.571388 (s) in 3 time steps
AutoTuner: Block shape <24,24,8> took 0.515969 (s) in 3 time steps
AutoTuner: Block shape <24,24,16> took 0.542636 (s) in 3 time steps
AutoTuner: Block shape <24,24,32> took 0.500859 (s) in 3 time steps
AutoTuner: Block shape <24,24,40> took 0.455832 (s) in 3 time steps
AutoTuner: Block shape <24,24,64> took 0.485669 (s) in 3 time steps
AutoTuner: Block shape <24,24,128> took 0.472793 (s) in 3 time steps
AutoTuner: Block shape <24,24,256> took 0.513553 (s) in 3 time steps
AutoTuner: Block shape <32,32,8> took 0.612958 (s) in 3 time steps
AutoTuner: Block shape <32,32,16> took 0.590915 (s) in 3 time steps
AutoTuner: Block shape <32,32,24> took 0.484752 (s) in 3 time steps
AutoTuner: Block shape <32,32,40> took 0.475628 (s) in 3 time steps
AutoTuner: Block shape <32,32,64> took 0.484978 (s) in 3 time steps
AutoTuner: Block shape <32,32,128> took 0.476237 (s) in 3 time steps
AutoTuner: Block shape <16,8,8> took 0.476083 (s) in 3 time steps
AutoTuner: Block shape <8,16,8> took 0.463927 (s) in 3 time steps
AutoTuner: Block shape <16,8,16> took 0.481319 (s) in 3 time steps
AutoTuner: Block shape <8,16,16> took 0.479340 (s) in 3 time steps
AutoTuner: Block shape <32,16,16> took 0.539858 (s) in 3 time steps
AutoTuner: Block shape <16,32,16> took 0.538955 (s) in 3 time steps
AutoTuner: Block shape <32,16,32> took 0.500134 (s) in 3 time steps
AutoTuner: Block shape <16,32,32> took 0.507792 (s) in 3 time steps
AutoTuner: Block shape <48,24,24> took 0.493162 (s) in 3 time steps
AutoTuner: Block shape <24,48,24> took 0.510573 (s) in 3 time steps
AutoTuner: Block shape <24,24,48> took 0.487478 (s) in 3 time steps
AutoTuner: Block shape <48,48,24> took 0.522379 (s) in 3 time steps
AutoTuner: Block shape <48,24,48> took 0.499206 (s) in 3 time steps
AutoTuner: Block shape <24,48,48> took 0.513560 (s) in 3 time steps
AutoTuner: Block shape <48,48,48> took 0.507581 (s) in 3 time steps
AutoTuner: Block shape <64,32,32> took 0.526624 (s) in 3 time steps
AutoTuner: Block shape <32,64,32> took 0.541405 (s) in 3 time steps
AutoTuner: Block shape <64,64,32> took 0.532506 (s) in 3 time steps
AutoTuner: Block shape <64,32,64> took 0.478943 (s) in 3 time steps
AutoTuner: Block shape <32,64,64> took 0.513377 (s) in 3 time steps
AutoTuner: Block shape <80,40,40> took 0.481817 (s) in 3 time steps
AutoTuner: Block shape <40,80,40> took 0.494135 (s) in 3 time steps
AutoTuner: Block shape <40,40,80> took 0.474192 (s) in 3 time steps
Auto-tuned block shape: {'x0_block_size': 16, 'y0_block_size': 16, 'z0_block_size': 24}
=========================================================================================
Section section_0<526,526,526> with OI=0.16 computed in 0.096 s [6.06 GFlops/s]
Section section_3<415,1> with OI=0.64 computed in 0.000 s [0.15 GFlops/s]
Section section_4<415,101> with OI=1.27 computed in 0.003 s [1.13 GFlops/s]
Section main<415,526,526,526> with OI=3.52 computed in 127.935 s [110.47 GFlops/s, 0.47 GPts/s]
=========================================================================================
Allocating memory for m ((532, 532, 532))
Allocating memory for damp ((532, 532, 532))
Allocating memory for epsilon ((532, 532, 532))
Allocating memory for delta ((532, 532, 532))
Allocating memory for theta ((532, 532, 532))
Allocating memory for phi ((532, 532, 532))
Allocating memory for src ((417, 1))
Allocating memory for src_coords ((1, 3))
Allocating memory for nrec_coords ((101, 3))
Allocating memory for rec_coords ((101, 3))
DSE: extract_time_varying [flops: 2541, elapsed: 0.22] >>
     extract_time_invariants [flops: 2133, elapsed: 0.10] >>
     eliminate_inter_stencil_redundancies [flops: 939, elapsed: 0.28] >>
     extract_sum_of_products [flops: 681, elapsed: 0.04] >>
     eliminate_inter_stencil_redundancies [flops: 443, elapsed: 0.07] >>
     extract_sum_of_products [flops: 378, elapsed: 0.02] >>
     factorize [flops: 285, elapsed: 0.19] >>
     eliminate_intra_stencil_redundancies [flops: 233, elapsed: 0.05] >>
     finalize [flops: 234, elapsed: 0.00]
     [Total elapsed: 0.98 s]
DLE: avoid_denormals [elapsed: 0.00] >>
     loop_fission [elapsed: 0.01] >>
     loop_blocking [elapsed: 0.36] >>
     simdize [elapsed: 0.04] >>
     ompize [elapsed: 0.04] >>
     create_elemental_functions [elapsed: 0.28] >>
     minimize_remainders [elapsed: 0.02]
     [Total elapsed: 0.75 s]
Allocating memory for rec ((417, 101))
Allocating memory for u ((3, 532, 532, 532))
Allocating memory for v ((3, 532, 532, 532))
IntelCompiler: compiled /tmp/devito-eeuzn6rv/f8b135173b14ba69ddd6878c6fd5bbb8177ed37c.c [4.13 s]
AutoTuner: Block shape <8,8,8> took 0.510632 (s) in 3 time steps
AutoTuner: Block shape <16,16,16> took 0.477536 (s) in 3 time steps
AutoTuner: Block shape <24,24,24> took 0.460097 (s) in 3 time steps
AutoTuner: Block shape <32,32,32> took 0.523460 (s) in 3 time steps
AutoTuner: Block shape <40,40,40> took 0.484658 (s) in 3 time steps
AutoTuner: Block shape <8,8,16> took 0.506705 (s) in 3 time steps
AutoTuner: Block shape <8,8,24> took 0.456020 (s) in 3 time steps
AutoTuner: Block shape <8,8,32> took 0.475236 (s) in 3 time steps
AutoTuner: Block shape <8,8,40> took 0.447260 (s) in 3 time steps
AutoTuner: Block shape <8,8,64> took 0.470969 (s) in 3 time steps
AutoTuner: Block shape <8,8,128> took 0.498351 (s) in 3 time steps
AutoTuner: Block shape <8,8,256> took 0.559637 (s) in 3 time steps
AutoTuner: Block shape <8,8,512> took 0.599945 (s) in 3 time steps
AutoTuner: Block shape <8,8,520> took 0.594642 (s) in 3 time steps
AutoTuner: Block shape <16,16,8> took 0.442830 (s) in 3 time steps
AutoTuner: Block shape <16,16,24> took 0.412062 (s) in 3 time steps
AutoTuner: Block shape <16,16,32> took 0.452027 (s) in 3 time steps
AutoTuner: Block shape <16,16,40> took 0.419038 (s) in 3 time steps
AutoTuner: Block shape <16,16,64> took 0.465453 (s) in 3 time steps
AutoTuner: Block shape <16,16,128> took 0.490542 (s) in 3 time steps
AutoTuner: Block shape <16,16,256> took 0.502108 (s) in 3 time steps
AutoTuner: Block shape <16,16,512> took 0.577003 (s) in 3 time steps
AutoTuner: Block shape <16,16,520> took 0.571382 (s) in 3 time steps
AutoTuner: Block shape <24,24,8> took 0.516552 (s) in 3 time steps
AutoTuner: Block shape <24,24,16> took 0.543290 (s) in 3 time steps
AutoTuner: Block shape <24,24,32> took 0.501201 (s) in 3 time steps
AutoTuner: Block shape <24,24,40> took 0.455761 (s) in 3 time steps
AutoTuner: Block shape <24,24,64> took 0.485661 (s) in 3 time steps
AutoTuner: Block shape <24,24,128> took 0.472583 (s) in 3 time steps
AutoTuner: Block shape <24,24,256> took 0.514254 (s) in 3 time steps
AutoTuner: Block shape <32,32,8> took 0.613897 (s) in 3 time steps
AutoTuner: Block shape <32,32,16> took 0.592031 (s) in 3 time steps
AutoTuner: Block shape <32,32,24> took 0.485406 (s) in 3 time steps
AutoTuner: Block shape <32,32,40> took 0.474394 (s) in 3 time steps
AutoTuner: Block shape <32,32,64> took 0.485392 (s) in 3 time steps
AutoTuner: Block shape <32,32,128> took 0.477070 (s) in 3 time steps
AutoTuner: Block shape <16,8,8> took 0.476432 (s) in 3 time steps
AutoTuner: Block shape <8,16,8> took 0.462525 (s) in 3 time steps
AutoTuner: Block shape <16,8,16> took 0.478761 (s) in 3 time steps
AutoTuner: Block shape <8,16,16> took 0.476559 (s) in 3 time steps
AutoTuner: Block shape <32,16,16> took 0.539568 (s) in 3 time steps
AutoTuner: Block shape <16,32,16> took 0.539895 (s) in 3 time steps
AutoTuner: Block shape <32,16,32> took 0.501459 (s) in 3 time steps
AutoTuner: Block shape <16,32,32> took 0.507244 (s) in 3 time steps
AutoTuner: Block shape <48,24,24> took 0.493703 (s) in 3 time steps
AutoTuner: Block shape <24,48,24> took 0.509315 (s) in 3 time steps
AutoTuner: Block shape <24,24,48> took 0.488243 (s) in 3 time steps
AutoTuner: Block shape <48,48,24> took 0.522235 (s) in 3 time steps
AutoTuner: Block shape <48,24,48> took 0.498405 (s) in 3 time steps
AutoTuner: Block shape <24,48,48> took 0.514719 (s) in 3 time steps
AutoTuner: Block shape <48,48,48> took 0.508617 (s) in 3 time steps
AutoTuner: Block shape <64,32,32> took 0.526320 (s) in 3 time steps
AutoTuner: Block shape <32,64,32> took 0.541497 (s) in 3 time steps
AutoTuner: Block shape <64,64,32> took 0.531694 (s) in 3 time steps
AutoTuner: Block shape <64,32,64> took 0.478976 (s) in 3 time steps
AutoTuner: Block shape <32,64,64> took 0.513432 (s) in 3 time steps
AutoTuner: Block shape <80,40,40> took 0.482356 (s) in 3 time steps
AutoTuner: Block shape <40,80,40> took 0.495414 (s) in 3 time steps
AutoTuner: Block shape <40,40,80> took 0.474854 (s) in 3 time steps
Auto-tuned block shape: {'x0_block_size': 16, 'y0_block_size': 16, 'z0_block_size': 24}
=========================================================================================
Section section_0<526,526,526> with OI=0.16 computed in 0.096 s [6.05 GFlops/s]
Section section_3<415,1> with OI=0.64 computed in 0.000 s [0.16 GFlops/s]
Section section_4<415,101> with OI=1.27 computed in 0.004 s [1.09 GFlops/s]
Section main<415,526,526,526> with OI=3.52 computed in 127.996 s [110.41 GFlops/s, 0.47 GPts/s]
=========================================================================================


OpesciBench: Running 3 repeats - parameters: arch: unknown, autotune: True, dle: advanced, dse: aggressive, nbpml: 10, shape: (512, 512, 512), space_order: 12, spacing: (20.0, 20.0, 20.0), time_order: 2, tn: 1000
OpesciBench [10:20:20]: --- Run 0 ---
icc -O3 -g -fPIC -Wall -std=c99 -xhost -shared -qopenmp /tmp/devito-eeuzn6rv/aac9464fe294ad29e770d3e30caa2196820ef9fe.c -o /tmp/devito-eeuzn6rv/aac9464fe294ad29e770d3e30caa2196820ef9fe.so
OpesciBench [10:23:25]: --- Run 0 finished ---

OpesciBench [10:23:25]: --- Run 1 ---
icc -O3 -g -fPIC -Wall -std=c99 -xhost -shared -qopenmp /tmp/devito-eeuzn6rv/47edbfad79bf7f6ead359a65e6aec774bddfb208.c -o /tmp/devito-eeuzn6rv/47edbfad79bf7f6ead359a65e6aec774bddfb208.so
OpesciBench [10:26:31]: --- Run 1 finished ---

OpesciBench [10:26:31]: --- Run 2 ---
icc -O3 -g -fPIC -Wall -std=c99 -xhost -shared -qopenmp /tmp/devito-eeuzn6rv/f8b135173b14ba69ddd6878c6fd5bbb8177ed37c.c -o /tmp/devito-eeuzn6rv/f8b135173b14ba69ddd6878c6fd5bbb8177ed37c.so
OpesciBench [10:29:37]: --- Run 2 finished ---



Thu Dec 21 10:29:38 PST 2017
top - 10:29:38 up 22 days,  1:18,  3 users,  load average: 54.44, 48.80, 38.31
Tasks: 1953 total,   1 running, 1952 sleeping,   0 stopped,   0 zombie
%Cpu(s):  5.1 us,  0.1 sy,  0.0 ni, 94.8 id,  0.0 wa,  0.0 hi,  0.0 si,  0.0 st
KiB Mem : 19652648+total, 18772492+free,  4740520 used,  4061040 buff/cache
KiB Swap: 50331644 total, 47136372 free,  3195272 used. 19103244+avail Mem 

   PID USER      PR  NI    VIRT    RES    SHR S  %CPU %MEM     TIME+ COMMAND
 53964 cyount    20   0  152236   3928   1472 R  11.8  0.0   0:00.02 top
     1 root      20   0  197856   6604   1468 S   0.0  0.0   1:10.18 systemd
     2 root      20   0       0      0      0 S   0.0  0.0   0:00.29 kthreadd
     3 root      20   0       0      0      0 S   0.0  0.0   0:00.10 ksoftirqd/0
     5 root       0 -20       0      0      0 S   0.0  0.0   0:00.00 kworker/0:0H
     8 root      rt   0       0      0      0 S   0.0  0.0   0:01.43 migration/0
     9 root      20   0       0      0      0 S   0.0  0.0   0:00.00 rcu_bh
    10 root      20   0       0      0      0 S   0.0  0.0   0:00.00 rcuob/0
    11 root      20   0       0      0      0 S   0.0  0.0   0:00.00 rcuob/1
    12 root      20   0       0      0      0 S   0.0  0.0   0:00.00 rcuob/2
    13 root      20   0       0      0      0 S   0.0  0.0   0:00.00 rcuob/3
    14 root      20   0       0      0      0 S   0.0  0.0   0:00.00 rcuob/4
    15 root      20   0       0      0      0 S   0.0  0.0   0:00.00 rcuob/5
    16 root      20   0       0      0      0 S   0.0  0.0   0:00.00 rcuob/6
    17 root      20   0       0      0      0 S   0.0  0.0   0:00.00 rcuob/7
    18 root      20   0       0      0      0 S   0.0  0.0   0:00.00 rcuob/8
    19 root      20   0       0      0      0 S   0.0  0.0   0:00.00 rcuob/9
    20 root      20   0       0      0      0 S   0.0  0.0   0:00.00 rcuob/10
    21 root      20   0       0      0      0 S   0.0  0.0   0:00.00 rcuob/11
    22 root      20   0       0      0      0 S   0.0  0.0   0:00.00 rcuob/12
    23 root      20   0       0      0      0 S   0.0  0.0   0:00.00 rcuob/13
    24 root      20   0       0      0      0 S   0.0  0.0   0:00.00 rcuob/14
    25 root      20   0       0      0      0 S   0.0  0.0   0:00.00 rcuob/15
