Fri Dec 22 19:03:05 PST 2017
Linux ortce-skl3 3.10.0-327.el7.x86_64 #1 SMP Thu Oct 29 17:29:29 EDT 2015 x86_64 x86_64 x86_64 GNU/Linux
Architecture:          x86_64
CPU op-mode(s):        32-bit, 64-bit
Byte Order:            Little Endian
CPU(s):                112
On-line CPU(s) list:   0-111
Thread(s) per core:    2
Core(s) per socket:    28
Socket(s):             2
NUMA node(s):          2
Vendor ID:             GenuineIntel
CPU family:            6
Model:                 85
Model name:            Intel(R) Xeon(R) Platinum 8180 CPU @ 2.50GHz
Stepping:              4
CPU MHz:               2501.000
BogoMIPS:              4993.64
Virtualization:        VT-x
L1d cache:             32K
L1i cache:             32K
L2 cache:              1024K
L3 cache:              39424K
NUMA node0 CPU(s):     0-27,56-83
NUMA node1 CPU(s):     28-55,84-111
Linux ortce-skl3 3.10.0-327.el7.x86_64 #1 SMP Thu Oct 29 17:29:29 EDT 2015 x86_64 x86_64 x86_64 GNU/Linux
available: 2 nodes (0-1)
node 0 cpus: 0 1 2 3 4 5 6 7 8 9 10 11 12 13 14 15 16 17 18 19 20 21 22 23 24 25 26 27 56 57 58 59 60 61 62 63 64 65 66 67 68 69 70 71 72 73 74 75 76 77 78 79 80 81 82 83
node 0 size: 96973 MB
node 0 free: 90301 MB
node 1 cpus: 28 29 30 31 32 33 34 35 36 37 38 39 40 41 42 43 44 45 46 47 48 49 50 51 52 53 54 55 84 85 86 87 88 89 90 91 92 93 94 95 96 97 98 99 100 101 102 103 104 105 106 107 108 109 110 111
node 1 size: 98304 MB
node 1 free: 92976 MB
node distances:
node   0   1 
  0:  10  21 
  1:  21  10 

Per-node system memory usage (in MBs):
                          Node 0          Node 1           Total
                 --------------- --------------- ---------------
MemTotal                96973.63        98304.00       195277.63
MemFree                 90301.22        92976.59       183277.81
MemUsed                  6672.41         5327.41        11999.82
Active                    398.70          579.49          978.18
Inactive                 2631.41         2117.81         4749.21
Active(anon)              219.88           24.34          244.22
Inactive(anon)           1574.05          670.08         2244.14
Active(file)              178.82          555.14          733.96
Inactive(file)           1057.35         1447.73         2505.08
Unevictable                 0.00            0.00            0.00
Mlocked                     0.00            0.00            0.00
Dirty                       0.00            0.01            0.01
Writeback                   0.00            0.00            0.00
FilePages                2779.22         2672.38         5451.60
Mapped                     43.36           10.48           53.84
AnonPages                 409.96           47.66          457.62
Shmem                      22.26            2.69           24.95
KernelStack                33.27           10.30           43.56
PageTables                 28.38           22.07           50.45
NFS_Unstable                0.00            0.00            0.00
Bounce                      0.00            0.00            0.00
WritebackTmp                0.00            0.00            0.00
Slab                      401.67          325.90          727.57
SReclaimable              204.20          139.78          343.98
SUnreclaim                197.46          186.12          383.58
AnonHugePages             216.00           22.00          238.00
HugePages_Total             0.00            0.00            0.00
HugePages_Free              0.00            0.00            0.00
HugePages_Surp              0.00            0.00            0.00
top - 19:03:05 up 23 days,  9:52,  3 users,  load average: 56.01, 55.67, 53.47
Tasks: 1952 total,   1 running, 1951 sleeping,   0 stopped,   0 zombie
%Cpu(s):  7.0 us,  0.1 sy,  0.0 ni, 92.9 id,  0.0 wa,  0.0 hi,  0.0 si,  0.0 st
KiB Mem : 19652648+total, 18767472+free,  4764404 used,  4087356 buff/cache
KiB Swap: 50331644 total, 47139728 free,  3191916 used. 19100587+avail Mem 

   PID USER      PR  NI    VIRT    RES    SHR S  %CPU %MEM     TIME+ COMMAND
194630 cyount    20   0  152236   3936   1476 R  11.8  0.0   0:00.02 top
     1 root      20   0  197856   6720   1468 S   0.0  0.0   1:13.86 systemd
     2 root      20   0       0      0      0 S   0.0  0.0   0:00.31 kthreadd
     3 root      20   0       0      0      0 S   0.0  0.0   0:00.15 ksoftirqd/0
     5 root       0 -20       0      0      0 S   0.0  0.0   0:00.00 kworker/0:0H
     8 root      rt   0       0      0      0 S   0.0  0.0   0:01.43 migration/0
     9 root      20   0       0      0      0 S   0.0  0.0   0:00.00 rcu_bh
    10 root      20   0       0      0      0 S   0.0  0.0   0:00.00 rcuob/0
    11 root      20   0       0      0      0 S   0.0  0.0   0:00.00 rcuob/1
    12 root      20   0       0      0      0 S   0.0  0.0   0:00.00 rcuob/2
    13 root      20   0       0      0      0 S   0.0  0.0   0:00.00 rcuob/3
    14 root      20   0       0      0      0 S   0.0  0.0   0:00.00 rcuob/4
    15 root      20   0       0      0      0 S   0.0  0.0   0:00.00 rcuob/5
    16 root      20   0       0      0      0 S   0.0  0.0   0:00.00 rcuob/6
    17 root      20   0       0      0      0 S   0.0  0.0   0:00.00 rcuob/7
    18 root      20   0       0      0      0 S   0.0  0.0   0:00.00 rcuob/8
    19 root      20   0       0      0      0 S   0.0  0.0   0:00.00 rcuob/9
    20 root      20   0       0      0      0 S   0.0  0.0   0:00.00 rcuob/10
    21 root      20   0       0      0      0 S   0.0  0.0   0:00.00 rcuob/11
    22 root      20   0       0      0      0 S   0.0  0.0   0:00.00 rcuob/12
    23 root      20   0       0      0      0 S   0.0  0.0   0:00.00 rcuob/13
    24 root      20   0       0      0      0 S   0.0  0.0   0:00.00 rcuob/14
    25 root      20   0       0      0      0 S   0.0  0.0   0:00.00 rcuob/15
env DEVITO_PLATFORM=skx DEVITO_ISA=avx512 DEVITO_DEBUG_COMPILER=1 DEVITO_DLE_OPTIONS=blockinner:True DEVITO_AUTOTUNING=aggressive DEVITO_BACKEND=core DEVITO_OPENMP=1 DEVITO_ARCH=intel DEVITO_LOGGING=DEBUG DEVITO_YASK_AUTOTUNING=preemptive DEVITO_YASK_DUMP=devito.bench.2017-12-22/tti/core/bmdse/ortce-skl3/grid1024/so16 numactl --cpubind=1 python examples/seismic/benchmark.py bench -bm dse -P tti -so 16 -to 2 -d 1024 1024 1024 --tn 1000 -x 3 -r devito.bench.2017-12-22/tti/core/bmdse/ortce-skl3/grid1024/so16
Allocating memory for m ((1044, 1044, 1044))
Allocating memory for damp ((1044, 1044, 1044))
Allocating memory for epsilon ((1044, 1044, 1044))
Allocating memory for delta ((1044, 1044, 1044))
Allocating memory for theta ((1044, 1044, 1044))
Allocating memory for phi ((1044, 1044, 1044))
Allocating memory for src ((417, 1))
Allocating memory for src_coords ((1, 3))
Allocating memory for nrec_coords ((101, 3))
Allocating memory for rec_coords ((101, 3))
DSE: eliminate_intra_stencil_redundancies [flops: 2835, elapsed: 1.89] >>
     finalize [flops: 2837, elapsed: 0.06]
     [Total elapsed: 1.95 s]
DLE: avoid_denormals [elapsed: 0.00] >>
     loop_fission [elapsed: 0.03] >>
     loop_blocking [elapsed: 0.30] >>
     simdize [elapsed: 0.46] >>
     ompize [elapsed: 0.09] >>
     create_elemental_functions [elapsed: 0.53] >>
     minimize_remainders [elapsed: 0.04]
     [Total elapsed: 1.45 s]
Allocating memory for rec ((417, 101))
Allocating memory for u ((3, 1044, 1044, 1044))
Allocating memory for v ((3, 1044, 1044, 1044))
IntelCompiler: compiled /tmp/devito-kv4c5t_o/3fd64013e5691d1cd9ca08fe7c65c27f84bdcf2f.c [513.77 s]
AutoTuner: Block shape <8,8,8> took 9.474138 (s) in 3 time steps
AutoTuner: Block shape <16,16,16> took 8.952176 (s) in 3 time steps
AutoTuner: Block shape <24,24,24> took 8.858852 (s) in 3 time steps
AutoTuner: Block shape <32,32,32> took 8.943592 (s) in 3 time steps
AutoTuner: Block shape <40,40,40> took 9.229868 (s) in 3 time steps
AutoTuner: Block shape <64,64,64> took 10.116404 (s) in 3 time steps
AutoTuner: Block shape <128,128,128> took 11.097074 (s) in 3 time steps
AutoTuner: Block shape <256,256,256> took 14.445116 (s) in 3 time steps
AutoTuner: Block shape <512,512,512> took 41.588426 (s) in 3 time steps
AutoTuner: Block shape <1024,1024,1024> took 327.274626 (s) in 3 time steps
AutoTuner: Block shape <1028,1028,1028> took 330.859194 (s) in 3 time steps
AutoTuner: Block shape <8,8,16> took 9.035616 (s) in 3 time steps
AutoTuner: Block shape <8,8,24> took 8.965731 (s) in 3 time steps
AutoTuner: Block shape <8,8,32> took 8.897311 (s) in 3 time steps
AutoTuner: Block shape <8,8,40> took 8.879045 (s) in 3 time steps
AutoTuner: Block shape <8,8,64> took 8.825374 (s) in 3 time steps
AutoTuner: Block shape <8,8,128> took 8.912737 (s) in 3 time steps
AutoTuner: Block shape <8,8,256> took 9.373482 (s) in 3 time steps
AutoTuner: Block shape <8,8,512> took 10.932254 (s) in 3 time steps
AutoTuner: Block shape <8,8,1024> took 13.205416 (s) in 3 time steps
AutoTuner: Block shape <8,8,1028> took 13.384289 (s) in 3 time steps
AutoTuner: Block shape <16,16,8> took 9.324582 (s) in 3 time steps
AutoTuner: Block shape <16,16,24> took 8.830915 (s) in 3 time steps
AutoTuner: Block shape <16,16,32> took 8.750054 (s) in 3 time steps
AutoTuner: Block shape <16,16,40> took 8.711656 (s) in 3 time steps
AutoTuner: Block shape <16,16,64> took 8.677091 (s) in 3 time steps
AutoTuner: Block shape <16,16,128> took 9.053400 (s) in 3 time steps
AutoTuner: Block shape <16,16,256> took 9.815226 (s) in 3 time steps
AutoTuner: Block shape <16,16,512> took 11.419194 (s) in 3 time steps
AutoTuner: Block shape <16,16,1024> took 13.167070 (s) in 3 time steps
AutoTuner: Block shape <16,16,1028> took 13.359704 (s) in 3 time steps
AutoTuner: Block shape <24,24,8> took 9.558400 (s) in 3 time steps
AutoTuner: Block shape <24,24,16> took 9.073259 (s) in 3 time steps
AutoTuner: Block shape <24,24,32> took 8.775959 (s) in 3 time steps
AutoTuner: Block shape <24,24,40> took 8.777810 (s) in 3 time steps
AutoTuner: Block shape <24,24,64> took 8.879244 (s) in 3 time steps
AutoTuner: Block shape <24,24,128> took 9.261674 (s) in 3 time steps
AutoTuner: Block shape <24,24,256> took 10.275101 (s) in 3 time steps
AutoTuner: Block shape <24,24,512> took 11.638270 (s) in 3 time steps
AutoTuner: Block shape <24,24,1024> took 13.185741 (s) in 3 time steps
AutoTuner: Block shape <24,24,1028> took 13.364758 (s) in 3 time steps
AutoTuner: Block shape <32,32,8> took 9.752119 (s) in 3 time steps
AutoTuner: Block shape <32,32,16> took 9.156819 (s) in 3 time steps
AutoTuner: Block shape <32,32,24> took 8.981561 (s) in 3 time steps
AutoTuner: Block shape <32,32,40> took 8.983328 (s) in 3 time steps
AutoTuner: Block shape <32,32,64> took 9.098776 (s) in 3 time steps
AutoTuner: Block shape <32,32,128> took 9.769680 (s) in 3 time steps
AutoTuner: Block shape <32,32,256> took 10.449878 (s) in 3 time steps
AutoTuner: Block shape <32,32,512> took 11.487064 (s) in 3 time steps
AutoTuner: Block shape <32,32,1024> took 12.999793 (s) in 3 time steps
AutoTuner: Block shape <32,32,1028> took 13.184192 (s) in 3 time steps
AutoTuner: Block shape <16,8,8> took 9.373185 (s) in 3 time steps
AutoTuner: Block shape <8,16,8> took 9.378583 (s) in 3 time steps
AutoTuner: Block shape <16,8,16> took 9.022971 (s) in 3 time steps
AutoTuner: Block shape <8,16,16> took 9.014403 (s) in 3 time steps
AutoTuner: Block shape <32,16,16> took 9.071984 (s) in 3 time steps
AutoTuner: Block shape <16,32,16> took 9.113264 (s) in 3 time steps
AutoTuner: Block shape <32,16,32> took 8.739974 (s) in 3 time steps
AutoTuner: Block shape <16,32,32> took 8.952278 (s) in 3 time steps
AutoTuner: Block shape <48,24,24> took 8.881527 (s) in 3 time steps
AutoTuner: Block shape <24,48,24> took 9.317682 (s) in 3 time steps
AutoTuner: Block shape <24,24,48> took 8.784027 (s) in 3 time steps
AutoTuner: Block shape <48,48,24> took 9.316716 (s) in 3 time steps
AutoTuner: Block shape <48,24,48> took 8.769907 (s) in 3 time steps
AutoTuner: Block shape <24,48,48> took 9.335167 (s) in 3 time steps
AutoTuner: Block shape <48,48,48> took 9.295009 (s) in 3 time steps
AutoTuner: Block shape <64,32,32> took 8.948507 (s) in 3 time steps
AutoTuner: Block shape <32,64,32> took 9.488682 (s) in 3 time steps
AutoTuner: Block shape <64,64,32> took 9.477804 (s) in 3 time steps
AutoTuner: Block shape <64,32,64> took 9.088259 (s) in 3 time steps
AutoTuner: Block shape <32,64,64> took 10.074950 (s) in 3 time steps
AutoTuner: Block shape <80,40,40> took 9.250001 (s) in 3 time steps
AutoTuner: Block shape <40,80,40> took 10.099065 (s) in 3 time steps
AutoTuner: Block shape <40,40,80> took 9.519350 (s) in 3 time steps
AutoTuner: Block shape <80,80,40> took 10.290676 (s) in 3 time steps
AutoTuner: Block shape <80,40,80> took 9.681116 (s) in 3 time steps
AutoTuner: Block shape <40,80,80> took 10.821439 (s) in 3 time steps
AutoTuner: Block shape <80,80,80> took 11.138856 (s) in 3 time steps
AutoTuner: Block shape <128,64,64> took 10.044874 (s) in 3 time steps
AutoTuner: Block shape <64,128,64> took 10.772412 (s) in 3 time steps
AutoTuner: Block shape <64,64,128> took 10.470697 (s) in 3 time steps
AutoTuner: Block shape <128,128,64> took 10.905250 (s) in 3 time steps
AutoTuner: Block shape <128,64,128> took 10.558957 (s) in 3 time steps
AutoTuner: Block shape <64,128,128> took 10.815961 (s) in 3 time steps
AutoTuner: Block shape <256,128,128> took 11.522995 (s) in 3 time steps
AutoTuner: Block shape <128,256,128> took 11.681009 (s) in 3 time steps
AutoTuner: Block shape <128,128,256> took 11.573346 (s) in 3 time steps
AutoTuner: Block shape <256,256,128> took 12.125872 (s) in 3 time steps
AutoTuner: Block shape <256,128,256> took 11.991469 (s) in 3 time steps
AutoTuner: Block shape <128,256,256> took 12.109698 (s) in 3 time steps
AutoTuner: Block shape <512,256,256> took 16.082335 (s) in 3 time steps
AutoTuner: Block shape <256,512,256> took 16.027632 (s) in 3 time steps
AutoTuner: Block shape <256,256,512> took 16.124332 (s) in 3 time steps
AutoTuner: Block shape <512,512,256> took 21.911231 (s) in 3 time steps
AutoTuner: Block shape <512,256,512> took 21.252766 (s) in 3 time steps
AutoTuner: Block shape <256,512,512> took 21.384325 (s) in 3 time steps
AutoTuner: Block shape <1024,512,512> took 79.750462 (s) in 3 time steps
AutoTuner: Block shape <512,1024,512> took 80.698280 (s) in 3 time steps
AutoTuner: Block shape <512,512,1024> took 85.180983 (s) in 3 time steps
AutoTuner: Block shape <1024,1024,512> took 153.543583 (s) in 3 time steps
AutoTuner: Block shape <1024,512,1024> took 164.759905 (s) in 3 time steps
AutoTuner: Block shape <512,1024,1024> took 164.788833 (s) in 3 time steps
Auto-tuned block shape: {'x0_block_size': 16, 'y0_block_size': 16, 'z0_block_size': 64}
=========================================================================================
Section section_1<415,1> with OI=0.64 computed in 0.001 s [0.08 GFlops/s]
Section section_2<415,101> with OI=1.27 computed in 0.009 s [0.45 GFlops/s]
Section main<415,1028,1028,1028> with OI=67.39 computed in 3592.109 s [356.07 GFlops/s, 0.13 GPts/s]
=========================================================================================
Allocating memory for m ((1044, 1044, 1044))
Allocating memory for damp ((1044, 1044, 1044))
Allocating memory for epsilon ((1044, 1044, 1044))
Allocating memory for delta ((1044, 1044, 1044))
Allocating memory for theta ((1044, 1044, 1044))
Allocating memory for phi ((1044, 1044, 1044))
Allocating memory for src ((417, 1))
Allocating memory for src_coords ((1, 3))
Allocating memory for nrec_coords ((101, 3))
Allocating memory for rec_coords ((101, 3))
DSE: eliminate_intra_stencil_redundancies [flops: 2835, elapsed: 1.90] >>
     finalize [flops: 2837, elapsed: 0.06]
     [Total elapsed: 1.96 s]
DLE: avoid_denormals [elapsed: 0.00] >>
     loop_fission [elapsed: 0.03] >>
     loop_blocking [elapsed: 0.30] >>
     simdize [elapsed: 0.20] >>
     ompize [elapsed: 0.09] >>
     create_elemental_functions [elapsed: 0.49] >>
     minimize_remainders [elapsed: 0.07]
     [Total elapsed: 1.18 s]
Allocating memory for rec ((417, 101))
Allocating memory for u ((3, 1044, 1044, 1044))
Allocating memory for v ((3, 1044, 1044, 1044))
IntelCompiler: compiled /tmp/devito-kv4c5t_o/3fd64013e5691d1cd9ca08fe7c65c27f84bdcf2f.c [525.60 s]
AutoTuner: Block shape <8,8,8> took 9.449949 (s) in 3 time steps
AutoTuner: Block shape <16,16,16> took 8.944039 (s) in 3 time steps
AutoTuner: Block shape <24,24,24> took 8.851301 (s) in 3 time steps
AutoTuner: Block shape <32,32,32> took 8.926318 (s) in 3 time steps
AutoTuner: Block shape <40,40,40> took 9.204359 (s) in 3 time steps
AutoTuner: Block shape <64,64,64> took 10.111676 (s) in 3 time steps
AutoTuner: Block shape <128,128,128> took 11.101393 (s) in 3 time steps
AutoTuner: Block shape <256,256,256> took 14.456480 (s) in 3 time steps
AutoTuner: Block shape <512,512,512> took 41.565885 (s) in 3 time steps
AutoTuner: Block shape <1024,1024,1024> took 326.648791 (s) in 3 time steps
AutoTuner: Block shape <1028,1028,1028> took 330.329418 (s) in 3 time steps
AutoTuner: Block shape <8,8,16> took 9.027607 (s) in 3 time steps
AutoTuner: Block shape <8,8,24> took 8.953139 (s) in 3 time steps
AutoTuner: Block shape <8,8,32> took 8.885534 (s) in 3 time steps
AutoTuner: Block shape <8,8,40> took 8.879028 (s) in 3 time steps
AutoTuner: Block shape <8,8,64> took 8.818763 (s) in 3 time steps
AutoTuner: Block shape <8,8,128> took 8.900697 (s) in 3 time steps
AutoTuner: Block shape <8,8,256> took 9.370889 (s) in 3 time steps
AutoTuner: Block shape <8,8,512> took 10.914022 (s) in 3 time steps
AutoTuner: Block shape <8,8,1024> took 13.195379 (s) in 3 time steps
AutoTuner: Block shape <8,8,1028> took 13.381079 (s) in 3 time steps
AutoTuner: Block shape <16,16,8> took 9.304966 (s) in 3 time steps
AutoTuner: Block shape <16,16,24> took 8.832720 (s) in 3 time steps
AutoTuner: Block shape <16,16,32> took 8.739830 (s) in 3 time steps
AutoTuner: Block shape <16,16,40> took 8.706360 (s) in 3 time steps
AutoTuner: Block shape <16,16,64> took 8.671580 (s) in 3 time steps
AutoTuner: Block shape <16,16,128> took 9.048910 (s) in 3 time steps
AutoTuner: Block shape <16,16,256> took 9.809458 (s) in 3 time steps
AutoTuner: Block shape <16,16,512> took 11.400122 (s) in 3 time steps
AutoTuner: Block shape <16,16,1024> took 13.159966 (s) in 3 time steps
AutoTuner: Block shape <16,16,1028> took 13.342618 (s) in 3 time steps
AutoTuner: Block shape <24,24,8> took 9.563375 (s) in 3 time steps
AutoTuner: Block shape <24,24,16> took 9.069507 (s) in 3 time steps
AutoTuner: Block shape <24,24,32> took 8.767822 (s) in 3 time steps
AutoTuner: Block shape <24,24,40> took 8.766836 (s) in 3 time steps
AutoTuner: Block shape <24,24,64> took 8.870826 (s) in 3 time steps
AutoTuner: Block shape <24,24,128> took 9.256435 (s) in 3 time steps
AutoTuner: Block shape <24,24,256> took 10.271596 (s) in 3 time steps
AutoTuner: Block shape <24,24,512> took 11.629639 (s) in 3 time steps
AutoTuner: Block shape <24,24,1024> took 13.196102 (s) in 3 time steps
AutoTuner: Block shape <24,24,1028> took 13.374224 (s) in 3 time steps
AutoTuner: Block shape <32,32,8> took 9.756422 (s) in 3 time steps
AutoTuner: Block shape <32,32,16> took 9.157762 (s) in 3 time steps
AutoTuner: Block shape <32,32,24> took 8.965998 (s) in 3 time steps
AutoTuner: Block shape <32,32,40> took 8.976652 (s) in 3 time steps
AutoTuner: Block shape <32,32,64> took 9.095683 (s) in 3 time steps
AutoTuner: Block shape <32,32,128> took 9.748742 (s) in 3 time steps
AutoTuner: Block shape <32,32,256> took 10.451934 (s) in 3 time steps
AutoTuner: Block shape <32,32,512> took 11.496484 (s) in 3 time steps
AutoTuner: Block shape <32,32,1024> took 12.991524 (s) in 3 time steps
AutoTuner: Block shape <32,32,1028> took 13.176307 (s) in 3 time steps
AutoTuner: Block shape <16,8,8> took 9.379889 (s) in 3 time steps
AutoTuner: Block shape <8,16,8> took 9.380228 (s) in 3 time steps
AutoTuner: Block shape <16,8,16> took 9.025068 (s) in 3 time steps
AutoTuner: Block shape <8,16,16> took 9.010400 (s) in 3 time steps
AutoTuner: Block shape <32,16,16> took 9.084787 (s) in 3 time steps
AutoTuner: Block shape <16,32,16> took 9.116973 (s) in 3 time steps
AutoTuner: Block shape <32,16,32> took 8.733617 (s) in 3 time steps
AutoTuner: Block shape <16,32,32> took 8.939279 (s) in 3 time steps
AutoTuner: Block shape <48,24,24> took 8.873493 (s) in 3 time steps
AutoTuner: Block shape <24,48,24> took 9.308953 (s) in 3 time steps
AutoTuner: Block shape <24,24,48> took 8.781201 (s) in 3 time steps
AutoTuner: Block shape <48,48,24> took 9.306619 (s) in 3 time steps
AutoTuner: Block shape <48,24,48> took 8.761481 (s) in 3 time steps
AutoTuner: Block shape <24,48,48> took 9.328004 (s) in 3 time steps
AutoTuner: Block shape <48,48,48> took 9.278860 (s) in 3 time steps
AutoTuner: Block shape <64,32,32> took 8.922748 (s) in 3 time steps
AutoTuner: Block shape <32,64,32> took 9.486288 (s) in 3 time steps
AutoTuner: Block shape <64,64,32> took 9.467486 (s) in 3 time steps
AutoTuner: Block shape <64,32,64> took 9.078999 (s) in 3 time steps
AutoTuner: Block shape <32,64,64> took 10.066720 (s) in 3 time steps
AutoTuner: Block shape <80,40,40> took 9.237874 (s) in 3 time steps
AutoTuner: Block shape <40,80,40> took 10.073034 (s) in 3 time steps
AutoTuner: Block shape <40,40,80> took 9.496610 (s) in 3 time steps
AutoTuner: Block shape <80,80,40> took 10.278009 (s) in 3 time steps
AutoTuner: Block shape <80,40,80> took 9.662663 (s) in 3 time steps
AutoTuner: Block shape <40,80,80> took 10.797643 (s) in 3 time steps
AutoTuner: Block shape <80,80,80> took 11.136914 (s) in 3 time steps
AutoTuner: Block shape <128,64,64> took 10.044925 (s) in 3 time steps
AutoTuner: Block shape <64,128,64> took 10.787800 (s) in 3 time steps
AutoTuner: Block shape <64,64,128> took 10.488584 (s) in 3 time steps
AutoTuner: Block shape <128,128,64> took 10.906325 (s) in 3 time steps
AutoTuner: Block shape <128,64,128> took 10.564349 (s) in 3 time steps
AutoTuner: Block shape <64,128,128> took 10.824649 (s) in 3 time steps
AutoTuner: Block shape <256,128,128> took 11.523802 (s) in 3 time steps
AutoTuner: Block shape <128,256,128> took 11.626006 (s) in 3 time steps
AutoTuner: Block shape <128,128,256> took 11.503625 (s) in 3 time steps
AutoTuner: Block shape <256,256,128> took 12.129458 (s) in 3 time steps
AutoTuner: Block shape <256,128,256> took 11.997996 (s) in 3 time steps
AutoTuner: Block shape <128,256,256> took 12.138111 (s) in 3 time steps
AutoTuner: Block shape <512,256,256> took 15.693832 (s) in 3 time steps
AutoTuner: Block shape <256,512,256> took 15.794164 (s) in 3 time steps
AutoTuner: Block shape <256,256,512> took 15.931243 (s) in 3 time steps
AutoTuner: Block shape <512,512,256> took 21.917252 (s) in 3 time steps
AutoTuner: Block shape <512,256,512> took 21.279128 (s) in 3 time steps
AutoTuner: Block shape <256,512,512> took 21.409342 (s) in 3 time steps
AutoTuner: Block shape <1024,512,512> took 79.588341 (s) in 3 time steps
AutoTuner: Block shape <512,1024,512> took 80.619823 (s) in 3 time steps
AutoTuner: Block shape <512,512,1024> took 85.058788 (s) in 3 time steps
AutoTuner: Block shape <1024,1024,512> took 153.290210 (s) in 3 time steps
AutoTuner: Block shape <1024,512,1024> took 164.513581 (s) in 3 time steps
AutoTuner: Block shape <512,1024,1024> took 164.553827 (s) in 3 time steps
Auto-tuned block shape: {'x0_block_size': 16, 'y0_block_size': 16, 'z0_block_size': 64}
=========================================================================================
Section section_1<415,1> with OI=0.64 computed in 0.001 s [0.07 GFlops/s]
Section section_2<415,101> with OI=1.27 computed in 0.008 s [0.50 GFlops/s]
Section main<415,1028,1028,1028> with OI=67.39 computed in 3598.241 s [355.46 GFlops/s, 0.13 GPts/s]
=========================================================================================
Allocating memory for m ((1044, 1044, 1044))
Allocating memory for damp ((1044, 1044, 1044))
Allocating memory for epsilon ((1044, 1044, 1044))
Allocating memory for delta ((1044, 1044, 1044))
Allocating memory for theta ((1044, 1044, 1044))
Allocating memory for phi ((1044, 1044, 1044))
Allocating memory for src ((417, 1))
Allocating memory for src_coords ((1, 3))
Allocating memory for nrec_coords ((101, 3))
Allocating memory for rec_coords ((101, 3))
DSE: eliminate_intra_stencil_redundancies [flops: 2835, elapsed: 1.91] >>
     finalize [flops: 2837, elapsed: 0.06]
     [Total elapsed: 1.97 s]
DLE: avoid_denormals [elapsed: 0.00] >>
     loop_fission [elapsed: 0.03] >>
     loop_blocking [elapsed: 0.30] >>
     simdize [elapsed: 0.20] >>
     ompize [elapsed: 0.09] >>
     create_elemental_functions [elapsed: 0.49] >>
     minimize_remainders [elapsed: 0.04]
     [Total elapsed: 1.14 s]
Allocating memory for rec ((417, 101))
Allocating memory for u ((3, 1044, 1044, 1044))
Allocating memory for v ((3, 1044, 1044, 1044))
IntelCompiler: compiled /tmp/devito-kv4c5t_o/3fd64013e5691d1cd9ca08fe7c65c27f84bdcf2f.c [489.17 s]
AutoTuner: Block shape <8,8,8> took 9.468799 (s) in 3 time steps
AutoTuner: Block shape <16,16,16> took 8.938716 (s) in 3 time steps
AutoTuner: Block shape <24,24,24> took 8.846676 (s) in 3 time steps
AutoTuner: Block shape <32,32,32> took 8.928917 (s) in 3 time steps
AutoTuner: Block shape <40,40,40> took 9.211425 (s) in 3 time steps
AutoTuner: Block shape <64,64,64> took 10.109907 (s) in 3 time steps
AutoTuner: Block shape <128,128,128> took 11.091544 (s) in 3 time steps
AutoTuner: Block shape <256,256,256> took 14.455579 (s) in 3 time steps
AutoTuner: Block shape <512,512,512> took 41.576027 (s) in 3 time steps
AutoTuner: Block shape <1024,1024,1024> took 326.821649 (s) in 3 time steps
AutoTuner: Block shape <1028,1028,1028> took 330.354423 (s) in 3 time steps
AutoTuner: Block shape <8,8,16> took 9.021501 (s) in 3 time steps
AutoTuner: Block shape <8,8,24> took 8.956448 (s) in 3 time steps
AutoTuner: Block shape <8,8,32> took 8.889581 (s) in 3 time steps
AutoTuner: Block shape <8,8,40> took 8.863615 (s) in 3 time steps
AutoTuner: Block shape <8,8,64> took 8.818820 (s) in 3 time steps
AutoTuner: Block shape <8,8,128> took 8.895962 (s) in 3 time steps
AutoTuner: Block shape <8,8,256> took 9.368319 (s) in 3 time steps
AutoTuner: Block shape <8,8,512> took 10.919636 (s) in 3 time steps
AutoTuner: Block shape <8,8,1024> took 13.201875 (s) in 3 time steps
AutoTuner: Block shape <8,8,1028> took 13.387500 (s) in 3 time steps
AutoTuner: Block shape <16,16,8> took 9.302239 (s) in 3 time steps
AutoTuner: Block shape <16,16,24> took 8.832679 (s) in 3 time steps
AutoTuner: Block shape <16,16,32> took 8.749155 (s) in 3 time steps
AutoTuner: Block shape <16,16,40> took 8.713329 (s) in 3 time steps
AutoTuner: Block shape <16,16,64> took 8.669306 (s) in 3 time steps
AutoTuner: Block shape <16,16,128> took 9.048452 (s) in 3 time steps
AutoTuner: Block shape <16,16,256> took 9.799432 (s) in 3 time steps
AutoTuner: Block shape <16,16,512> took 11.408551 (s) in 3 time steps
AutoTuner: Block shape <16,16,1024> took 13.164211 (s) in 3 time steps
AutoTuner: Block shape <16,16,1028> took 13.352082 (s) in 3 time steps
AutoTuner: Block shape <24,24,8> took 9.546117 (s) in 3 time steps
AutoTuner: Block shape <24,24,16> took 9.057636 (s) in 3 time steps
AutoTuner: Block shape <24,24,32> took 8.771415 (s) in 3 time steps
AutoTuner: Block shape <24,24,40> took 8.766209 (s) in 3 time steps
AutoTuner: Block shape <24,24,64> took 8.872945 (s) in 3 time steps
AutoTuner: Block shape <24,24,128> took 9.259231 (s) in 3 time steps
AutoTuner: Block shape <24,24,256> took 10.269189 (s) in 3 time steps
AutoTuner: Block shape <24,24,512> took 11.632554 (s) in 3 time steps
AutoTuner: Block shape <24,24,1024> took 13.214964 (s) in 3 time steps
AutoTuner: Block shape <24,24,1028> took 13.390264 (s) in 3 time steps
AutoTuner: Block shape <32,32,8> took 9.738440 (s) in 3 time steps
AutoTuner: Block shape <32,32,16> took 9.157071 (s) in 3 time steps
AutoTuner: Block shape <32,32,24> took 8.971448 (s) in 3 time steps
AutoTuner: Block shape <32,32,40> took 8.975157 (s) in 3 time steps
AutoTuner: Block shape <32,32,64> took 9.092412 (s) in 3 time steps
AutoTuner: Block shape <32,32,128> took 9.751464 (s) in 3 time steps
AutoTuner: Block shape <32,32,256> took 10.450882 (s) in 3 time steps
AutoTuner: Block shape <32,32,512> took 11.521503 (s) in 3 time steps
AutoTuner: Block shape <32,32,1024> took 13.012649 (s) in 3 time steps
AutoTuner: Block shape <32,32,1028> took 13.194211 (s) in 3 time steps
AutoTuner: Block shape <16,8,8> took 9.364202 (s) in 3 time steps
AutoTuner: Block shape <8,16,8> took 9.369836 (s) in 3 time steps
AutoTuner: Block shape <16,8,16> took 9.014940 (s) in 3 time steps
AutoTuner: Block shape <8,16,16> took 9.003574 (s) in 3 time steps
AutoTuner: Block shape <32,16,16> took 9.072324 (s) in 3 time steps
AutoTuner: Block shape <16,32,16> took 9.107701 (s) in 3 time steps
AutoTuner: Block shape <32,16,32> took 8.733764 (s) in 3 time steps
AutoTuner: Block shape <16,32,32> took 8.950859 (s) in 3 time steps
AutoTuner: Block shape <48,24,24> took 8.872333 (s) in 3 time steps
AutoTuner: Block shape <24,48,24> took 9.302860 (s) in 3 time steps
AutoTuner: Block shape <24,24,48> took 8.782175 (s) in 3 time steps
AutoTuner: Block shape <48,48,24> took 9.305589 (s) in 3 time steps
AutoTuner: Block shape <48,24,48> took 8.764046 (s) in 3 time steps
AutoTuner: Block shape <24,48,48> took 9.327330 (s) in 3 time steps
AutoTuner: Block shape <48,48,48> took 9.281007 (s) in 3 time steps
AutoTuner: Block shape <64,32,32> took 8.922373 (s) in 3 time steps
AutoTuner: Block shape <32,64,32> took 9.484600 (s) in 3 time steps
AutoTuner: Block shape <64,64,32> took 9.470860 (s) in 3 time steps
AutoTuner: Block shape <64,32,64> took 9.084648 (s) in 3 time steps
AutoTuner: Block shape <32,64,64> took 10.067968 (s) in 3 time steps
AutoTuner: Block shape <80,40,40> took 9.234035 (s) in 3 time steps
AutoTuner: Block shape <40,80,40> took 10.068638 (s) in 3 time steps
AutoTuner: Block shape <40,40,80> took 9.509137 (s) in 3 time steps
AutoTuner: Block shape <80,80,40> took 10.271940 (s) in 3 time steps
AutoTuner: Block shape <80,40,80> took 9.668250 (s) in 3 time steps
AutoTuner: Block shape <40,80,80> took 10.798857 (s) in 3 time steps
AutoTuner: Block shape <80,80,80> took 11.143418 (s) in 3 time steps
AutoTuner: Block shape <128,64,64> took 10.064160 (s) in 3 time steps
AutoTuner: Block shape <64,128,64> took 10.783455 (s) in 3 time steps
AutoTuner: Block shape <64,64,128> took 10.488873 (s) in 3 time steps
AutoTuner: Block shape <128,128,64> took 10.907503 (s) in 3 time steps
AutoTuner: Block shape <128,64,128> took 10.562925 (s) in 3 time steps
AutoTuner: Block shape <64,128,128> took 10.829021 (s) in 3 time steps
AutoTuner: Block shape <256,128,128> took 11.362969 (s) in 3 time steps
AutoTuner: Block shape <128,256,128> took 11.539526 (s) in 3 time steps
AutoTuner: Block shape <128,128,256> took 11.405870 (s) in 3 time steps
AutoTuner: Block shape <256,256,128> took 12.126063 (s) in 3 time steps
AutoTuner: Block shape <256,128,256> took 11.995771 (s) in 3 time steps
AutoTuner: Block shape <128,256,256> took 12.106463 (s) in 3 time steps
AutoTuner: Block shape <512,256,256> took 15.896412 (s) in 3 time steps
AutoTuner: Block shape <256,512,256> took 15.978583 (s) in 3 time steps
AutoTuner: Block shape <256,256,512> took 16.164663 (s) in 3 time steps
AutoTuner: Block shape <512,512,256> took 21.851386 (s) in 3 time steps
AutoTuner: Block shape <512,256,512> took 21.227271 (s) in 3 time steps
AutoTuner: Block shape <256,512,512> took 21.380529 (s) in 3 time steps
AutoTuner: Block shape <1024,512,512> took 79.683886 (s) in 3 time steps
AutoTuner: Block shape <512,1024,512> took 80.666508 (s) in 3 time steps
AutoTuner: Block shape <512,512,1024> took 85.082614 (s) in 3 time steps
AutoTuner: Block shape <1024,1024,512> took 153.514355 (s) in 3 time steps
AutoTuner: Block shape <1024,512,1024> took 164.528083 (s) in 3 time steps
AutoTuner: Block shape <512,1024,1024> took 164.544413 (s) in 3 time steps
Auto-tuned block shape: {'x0_block_size': 16, 'y0_block_size': 16, 'z0_block_size': 64}
=========================================================================================
Section section_1<415,1> with OI=0.64 computed in 0.001 s [0.08 GFlops/s]
Section section_2<415,101> with OI=1.27 computed in 0.009 s [0.43 GFlops/s]
Section main<415,1028,1028,1028> with OI=67.39 computed in 3589.707 s [356.31 GFlops/s, 0.13 GPts/s]
=========================================================================================
Allocating memory for m ((1044, 1044, 1044))
Allocating memory for damp ((1044, 1044, 1044))
Allocating memory for epsilon ((1044, 1044, 1044))
Allocating memory for delta ((1044, 1044, 1044))
Allocating memory for theta ((1044, 1044, 1044))
Allocating memory for phi ((1044, 1044, 1044))
Allocating memory for src ((417, 1))
Allocating memory for src_coords ((1, 3))
Allocating memory for nrec_coords ((101, 3))
Allocating memory for rec_coords ((101, 3))
DSE: extract_time_invariants [flops: 5483, elapsed: 0.47] >>
     eliminate_inter_stencil_redundancies [flops: 5315, elapsed: 0.70] >>
     eliminate_intra_stencil_redundancies [flops: 2611, elapsed: 0.88] >>
     factorize [flops: 2119, elapsed: 3.04] >>
     finalize [flops: 2121, elapsed: 0.05]
     [Total elapsed: 5.14 s]
DLE: avoid_denormals [elapsed: 0.00] >>
     loop_fission [elapsed: 0.03] >>
     loop_blocking [elapsed: 0.25] >>
     simdize [elapsed: 0.17] >>
     ompize [elapsed: 0.07] >>
     create_elemental_functions [elapsed: 0.49] >>
     minimize_remainders [elapsed: 0.03]
     [Total elapsed: 1.04 s]
Allocating memory for rec ((417, 101))
Allocating memory for u ((3, 1044, 1044, 1044))
Allocating memory for v ((3, 1044, 1044, 1044))
IntelCompiler: compiled /tmp/devito-kv4c5t_o/2d3a0b46ca3d2e22c51e1de8c4f4a04a6d591a3d.c [491.08 s]
AutoTuner: Block shape <8,8,8> took 6.208735 (s) in 3 time steps
AutoTuner: Block shape <16,16,16> took 5.665068 (s) in 3 time steps
AutoTuner: Block shape <24,24,24> took 5.501588 (s) in 3 time steps
AutoTuner: Block shape <32,32,32> took 5.531887 (s) in 3 time steps
AutoTuner: Block shape <40,40,40> took 5.706098 (s) in 3 time steps
AutoTuner: Block shape <64,64,64> took 6.852772 (s) in 3 time steps
AutoTuner: Block shape <128,128,128> took 7.829816 (s) in 3 time steps
AutoTuner: Block shape <256,256,256> took 10.260920 (s) in 3 time steps
AutoTuner: Block shape <512,512,512> took 29.179823 (s) in 3 time steps
AutoTuner: Block shape <1024,1024,1024> took 234.082818 (s) in 3 time steps
AutoTuner: Block shape <1028,1028,1028> took 239.497055 (s) in 3 time steps
AutoTuner: Block shape <8,8,16> took 5.800273 (s) in 3 time steps
AutoTuner: Block shape <8,8,24> took 5.695895 (s) in 3 time steps
AutoTuner: Block shape <8,8,32> took 5.659792 (s) in 3 time steps
AutoTuner: Block shape <8,8,40> took 5.648451 (s) in 3 time steps
AutoTuner: Block shape <8,8,64> took 5.613054 (s) in 3 time steps
AutoTuner: Block shape <8,8,128> took 5.656873 (s) in 3 time steps
AutoTuner: Block shape <8,8,256> took 6.085146 (s) in 3 time steps
AutoTuner: Block shape <8,8,512> took 7.716845 (s) in 3 time steps
AutoTuner: Block shape <8,8,1024> took 10.174925 (s) in 3 time steps
AutoTuner: Block shape <8,8,1028> took 10.348732 (s) in 3 time steps
AutoTuner: Block shape <16,16,8> took 6.028696 (s) in 3 time steps
AutoTuner: Block shape <16,16,24> took 5.591322 (s) in 3 time steps
AutoTuner: Block shape <16,16,32> took 5.512271 (s) in 3 time steps
AutoTuner: Block shape <16,16,40> took 5.441453 (s) in 3 time steps
AutoTuner: Block shape <16,16,64> took 5.433733 (s) in 3 time steps
AutoTuner: Block shape <16,16,128> took 5.700601 (s) in 3 time steps
AutoTuner: Block shape <16,16,256> took 6.709563 (s) in 3 time steps
AutoTuner: Block shape <16,16,512> took 8.217729 (s) in 3 time steps
AutoTuner: Block shape <16,16,1024> took 10.129863 (s) in 3 time steps
AutoTuner: Block shape <16,16,1028> took 10.304934 (s) in 3 time steps
AutoTuner: Block shape <24,24,8> took 6.199130 (s) in 3 time steps
AutoTuner: Block shape <24,24,16> took 5.714631 (s) in 3 time steps
AutoTuner: Block shape <24,24,32> took 5.449214 (s) in 3 time steps
AutoTuner: Block shape <24,24,40> took 5.459999 (s) in 3 time steps
AutoTuner: Block shape <24,24,64> took 5.543384 (s) in 3 time steps
AutoTuner: Block shape <24,24,128> took 6.032792 (s) in 3 time steps
AutoTuner: Block shape <24,24,256> took 7.117040 (s) in 3 time steps
AutoTuner: Block shape <24,24,512> took 8.453576 (s) in 3 time steps
AutoTuner: Block shape <24,24,1024> took 10.119557 (s) in 3 time steps
AutoTuner: Block shape <24,24,1028> took 10.260564 (s) in 3 time steps
AutoTuner: Block shape <32,32,8> took 6.306504 (s) in 3 time steps
AutoTuner: Block shape <32,32,16> took 5.696380 (s) in 3 time steps
AutoTuner: Block shape <32,32,24> took 5.553319 (s) in 3 time steps
AutoTuner: Block shape <32,32,40> took 5.572975 (s) in 3 time steps
AutoTuner: Block shape <32,32,64> took 5.677086 (s) in 3 time steps
AutoTuner: Block shape <32,32,128> took 6.586699 (s) in 3 time steps
AutoTuner: Block shape <32,32,256> took 7.316148 (s) in 3 time steps
AutoTuner: Block shape <32,32,512> took 8.391043 (s) in 3 time steps
AutoTuner: Block shape <32,32,1024> took 10.031049 (s) in 3 time steps
AutoTuner: Block shape <32,32,1028> took 10.154361 (s) in 3 time steps
AutoTuner: Block shape <16,8,8> took 6.075453 (s) in 3 time steps
AutoTuner: Block shape <8,16,8> took 5.992607 (s) in 3 time steps
AutoTuner: Block shape <16,8,16> took 5.733642 (s) in 3 time steps
AutoTuner: Block shape <8,16,16> took 5.681728 (s) in 3 time steps
AutoTuner: Block shape <32,16,16> took 5.766671 (s) in 3 time steps
AutoTuner: Block shape <16,32,16> took 5.709667 (s) in 3 time steps
AutoTuner: Block shape <32,16,32> took 5.449974 (s) in 3 time steps
AutoTuner: Block shape <16,32,32> took 5.579570 (s) in 3 time steps
AutoTuner: Block shape <48,24,24> took 5.494405 (s) in 3 time steps
AutoTuner: Block shape <24,48,24> took 5.836059 (s) in 3 time steps
AutoTuner: Block shape <24,24,48> took 5.483262 (s) in 3 time steps
AutoTuner: Block shape <48,48,24> took 5.783976 (s) in 3 time steps
AutoTuner: Block shape <48,24,48> took 5.454801 (s) in 3 time steps
AutoTuner: Block shape <24,48,48> took 5.911649 (s) in 3 time steps
AutoTuner: Block shape <48,48,48> took 5.877263 (s) in 3 time steps
AutoTuner: Block shape <64,32,32> took 5.520923 (s) in 3 time steps
AutoTuner: Block shape <32,64,32> took 6.033668 (s) in 3 time steps
AutoTuner: Block shape <64,64,32> took 6.004560 (s) in 3 time steps
AutoTuner: Block shape <64,32,64> took 5.641959 (s) in 3 time steps
AutoTuner: Block shape <32,64,64> took 6.914424 (s) in 3 time steps
AutoTuner: Block shape <80,40,40> took 5.732942 (s) in 3 time steps
AutoTuner: Block shape <40,80,40> took 6.796412 (s) in 3 time steps
AutoTuner: Block shape <40,40,80> took 6.246075 (s) in 3 time steps
AutoTuner: Block shape <80,80,40> took 6.891155 (s) in 3 time steps
AutoTuner: Block shape <80,40,80> took 6.308163 (s) in 3 time steps
AutoTuner: Block shape <40,80,80> took 7.501742 (s) in 3 time steps
AutoTuner: Block shape <80,80,80> took 7.649964 (s) in 3 time steps
AutoTuner: Block shape <128,64,64> took 6.856656 (s) in 3 time steps
AutoTuner: Block shape <64,128,64> took 7.647391 (s) in 3 time steps
AutoTuner: Block shape <64,64,128> took 7.338370 (s) in 3 time steps
AutoTuner: Block shape <128,128,64> took 7.723456 (s) in 3 time steps
AutoTuner: Block shape <128,64,128> took 7.390509 (s) in 3 time steps
AutoTuner: Block shape <64,128,128> took 7.680220 (s) in 3 time steps
AutoTuner: Block shape <256,128,128> took 8.079247 (s) in 3 time steps
AutoTuner: Block shape <128,256,128> took 8.247639 (s) in 3 time steps
AutoTuner: Block shape <128,128,256> took 8.175796 (s) in 3 time steps
AutoTuner: Block shape <256,256,128> took 8.733544 (s) in 3 time steps
AutoTuner: Block shape <256,128,256> took 8.623640 (s) in 3 time steps
AutoTuner: Block shape <128,256,256> took 8.733705 (s) in 3 time steps
AutoTuner: Block shape <512,256,256> took 11.295575 (s) in 3 time steps
AutoTuner: Block shape <256,512,256> took 11.564161 (s) in 3 time steps
AutoTuner: Block shape <256,256,512> took 11.765657 (s) in 3 time steps
AutoTuner: Block shape <512,512,256> took 16.073893 (s) in 3 time steps
AutoTuner: Block shape <512,256,512> took 15.710648 (s) in 3 time steps
AutoTuner: Block shape <256,512,512> took 15.909460 (s) in 3 time steps
AutoTuner: Block shape <1024,512,512> took 55.127245 (s) in 3 time steps
AutoTuner: Block shape <512,1024,512> took 56.188851 (s) in 3 time steps
AutoTuner: Block shape <512,512,1024> took 60.447817 (s) in 3 time steps
AutoTuner: Block shape <1024,1024,512> took 106.511752 (s) in 3 time steps
AutoTuner: Block shape <1024,512,1024> took 117.816790 (s) in 3 time steps
AutoTuner: Block shape <512,1024,1024> took 118.194656 (s) in 3 time steps
Auto-tuned block shape: {'x0_block_size': 16, 'y0_block_size': 16, 'z0_block_size': 64}
=========================================================================================
Section section_0<1036,1036,1036> with OI=0.34 computed in 0.569 s [13.68 GFlops/s]
Section section_2<415,1> with OI=0.64 computed in 0.001 s [0.08 GFlops/s]
Section section_3<415,101> with OI=1.27 computed in 0.006 s [0.62 GFlops/s]
Section main<415,1028,1028,1028> with OI=45.80 computed in 1939.865 s [492.94 GFlops/s, 0.23 GPts/s]
=========================================================================================
Allocating memory for m ((1044, 1044, 1044))
Allocating memory for damp ((1044, 1044, 1044))
Allocating memory for epsilon ((1044, 1044, 1044))
Allocating memory for delta ((1044, 1044, 1044))
Allocating memory for theta ((1044, 1044, 1044))
Allocating memory for phi ((1044, 1044, 1044))
Allocating memory for src ((417, 1))
Allocating memory for src_coords ((1, 3))
Allocating memory for nrec_coords ((101, 3))
Allocating memory for rec_coords ((101, 3))
DSE: extract_time_invariants [flops: 5483, elapsed: 0.44] >>
     eliminate_inter_stencil_redundancies [flops: 5315, elapsed: 0.70] >>
     eliminate_intra_stencil_redundancies [flops: 2611, elapsed: 0.88] >>
     factorize [flops: 2119, elapsed: 3.09] >>
     finalize [flops: 2121, elapsed: 0.05]
     [Total elapsed: 5.16 s]
DLE: avoid_denormals [elapsed: 0.00] >>
     loop_fission [elapsed: 0.03] >>
     loop_blocking [elapsed: 0.25] >>
     simdize [elapsed: 0.17] >>
     ompize [elapsed: 0.07] >>
     create_elemental_functions [elapsed: 0.44] >>
     minimize_remainders [elapsed: 0.03]
     [Total elapsed: 0.99 s]
Allocating memory for rec ((417, 101))
Allocating memory for u ((3, 1044, 1044, 1044))
Allocating memory for v ((3, 1044, 1044, 1044))
IntelCompiler: compiled /tmp/devito-kv4c5t_o/2d3a0b46ca3d2e22c51e1de8c4f4a04a6d591a3d.c [497.88 s]
AutoTuner: Block shape <8,8,8> took 6.228279 (s) in 3 time steps
AutoTuner: Block shape <16,16,16> took 5.690486 (s) in 3 time steps
AutoTuner: Block shape <24,24,24> took 5.523406 (s) in 3 time steps
AutoTuner: Block shape <32,32,32> took 5.556322 (s) in 3 time steps
AutoTuner: Block shape <40,40,40> took 5.735863 (s) in 3 time steps
AutoTuner: Block shape <64,64,64> took 6.916693 (s) in 3 time steps
AutoTuner: Block shape <128,128,128> took 7.839568 (s) in 3 time steps
AutoTuner: Block shape <256,256,256> took 10.258356 (s) in 3 time steps
AutoTuner: Block shape <512,512,512> took 29.131664 (s) in 3 time steps
AutoTuner: Block shape <1024,1024,1024> took 234.083996 (s) in 3 time steps
AutoTuner: Block shape <1028,1028,1028> took 239.570881 (s) in 3 time steps
AutoTuner: Block shape <8,8,16> took 5.819790 (s) in 3 time steps
AutoTuner: Block shape <8,8,24> took 5.718614 (s) in 3 time steps
AutoTuner: Block shape <8,8,32> took 5.666731 (s) in 3 time steps
AutoTuner: Block shape <8,8,40> took 5.654302 (s) in 3 time steps
AutoTuner: Block shape <8,8,64> took 5.636931 (s) in 3 time steps
AutoTuner: Block shape <8,8,128> took 5.689202 (s) in 3 time steps
AutoTuner: Block shape <8,8,256> took 6.126706 (s) in 3 time steps
AutoTuner: Block shape <8,8,512> took 7.771673 (s) in 3 time steps
AutoTuner: Block shape <8,8,1024> took 10.228424 (s) in 3 time steps
AutoTuner: Block shape <8,8,1028> took 10.397847 (s) in 3 time steps
AutoTuner: Block shape <16,16,8> took 6.054057 (s) in 3 time steps
AutoTuner: Block shape <16,16,24> took 5.616673 (s) in 3 time steps
AutoTuner: Block shape <16,16,32> took 5.529107 (s) in 3 time steps
AutoTuner: Block shape <16,16,40> took 5.468473 (s) in 3 time steps
AutoTuner: Block shape <16,16,64> took 5.452567 (s) in 3 time steps
AutoTuner: Block shape <16,16,128> took 5.735177 (s) in 3 time steps
AutoTuner: Block shape <16,16,256> took 6.751944 (s) in 3 time steps
AutoTuner: Block shape <16,16,512> took 8.233894 (s) in 3 time steps
AutoTuner: Block shape <16,16,1024> took 10.149541 (s) in 3 time steps
AutoTuner: Block shape <16,16,1028> took 10.309593 (s) in 3 time steps
AutoTuner: Block shape <24,24,8> took 6.217683 (s) in 3 time steps
AutoTuner: Block shape <24,24,16> took 5.732601 (s) in 3 time steps
AutoTuner: Block shape <24,24,32> took 5.461744 (s) in 3 time steps
AutoTuner: Block shape <24,24,40> took 5.482836 (s) in 3 time steps
AutoTuner: Block shape <24,24,64> took 5.572169 (s) in 3 time steps
AutoTuner: Block shape <24,24,128> took 6.067679 (s) in 3 time steps
AutoTuner: Block shape <24,24,256> took 7.129318 (s) in 3 time steps
AutoTuner: Block shape <24,24,512> took 8.475294 (s) in 3 time steps
AutoTuner: Block shape <24,24,1024> took 10.205473 (s) in 3 time steps
AutoTuner: Block shape <24,24,1028> took 10.334378 (s) in 3 time steps
AutoTuner: Block shape <32,32,8> took 6.339183 (s) in 3 time steps
AutoTuner: Block shape <32,32,16> took 5.718330 (s) in 3 time steps
AutoTuner: Block shape <32,32,24> took 5.563761 (s) in 3 time steps
AutoTuner: Block shape <32,32,40> took 5.613052 (s) in 3 time steps
AutoTuner: Block shape <32,32,64> took 5.723375 (s) in 3 time steps
AutoTuner: Block shape <32,32,128> took 6.638087 (s) in 3 time steps
AutoTuner: Block shape <32,32,256> took 7.313692 (s) in 3 time steps
AutoTuner: Block shape <32,32,512> took 8.408083 (s) in 3 time steps
AutoTuner: Block shape <32,32,1024> took 10.048638 (s) in 3 time steps
AutoTuner: Block shape <32,32,1028> took 10.177513 (s) in 3 time steps
AutoTuner: Block shape <16,8,8> took 6.097148 (s) in 3 time steps
AutoTuner: Block shape <8,16,8> took 6.012288 (s) in 3 time steps
AutoTuner: Block shape <16,8,16> took 5.750186 (s) in 3 time steps
AutoTuner: Block shape <8,16,16> took 5.713805 (s) in 3 time steps
AutoTuner: Block shape <32,16,16> took 5.787584 (s) in 3 time steps
AutoTuner: Block shape <16,32,16> took 5.734535 (s) in 3 time steps
AutoTuner: Block shape <32,16,32> took 5.465631 (s) in 3 time steps
AutoTuner: Block shape <16,32,32> took 5.606893 (s) in 3 time steps
AutoTuner: Block shape <48,24,24> took 5.510774 (s) in 3 time steps
AutoTuner: Block shape <24,48,24> took 5.864870 (s) in 3 time steps
AutoTuner: Block shape <24,24,48> took 5.501029 (s) in 3 time steps
AutoTuner: Block shape <48,48,24> took 5.814076 (s) in 3 time steps
AutoTuner: Block shape <48,24,48> took 5.473004 (s) in 3 time steps
AutoTuner: Block shape <24,48,48> took 5.936012 (s) in 3 time steps
AutoTuner: Block shape <48,48,48> took 5.902765 (s) in 3 time steps
AutoTuner: Block shape <64,32,32> took 5.550424 (s) in 3 time steps
AutoTuner: Block shape <32,64,32> took 6.091429 (s) in 3 time steps
AutoTuner: Block shape <64,64,32> took 6.048475 (s) in 3 time steps
AutoTuner: Block shape <64,32,64> took 5.689575 (s) in 3 time steps
AutoTuner: Block shape <32,64,64> took 6.953223 (s) in 3 time steps
AutoTuner: Block shape <80,40,40> took 5.752139 (s) in 3 time steps
AutoTuner: Block shape <40,80,40> took 6.825496 (s) in 3 time steps
AutoTuner: Block shape <40,40,80> took 6.275492 (s) in 3 time steps
AutoTuner: Block shape <80,80,40> took 6.919174 (s) in 3 time steps
AutoTuner: Block shape <80,40,80> took 6.335785 (s) in 3 time steps
AutoTuner: Block shape <40,80,80> took 7.504806 (s) in 3 time steps
AutoTuner: Block shape <80,80,80> took 7.689312 (s) in 3 time steps
AutoTuner: Block shape <128,64,64> took 6.979242 (s) in 3 time steps
AutoTuner: Block shape <64,128,64> took 7.683450 (s) in 3 time steps
AutoTuner: Block shape <64,64,128> took 7.383072 (s) in 3 time steps
AutoTuner: Block shape <128,128,64> took 7.737737 (s) in 3 time steps
AutoTuner: Block shape <128,64,128> took 7.402737 (s) in 3 time steps
AutoTuner: Block shape <64,128,128> took 7.704225 (s) in 3 time steps
AutoTuner: Block shape <256,128,128> took 8.145216 (s) in 3 time steps
AutoTuner: Block shape <128,256,128> took 8.332547 (s) in 3 time steps
AutoTuner: Block shape <128,128,256> took 8.197993 (s) in 3 time steps
AutoTuner: Block shape <256,256,128> took 8.749889 (s) in 3 time steps
AutoTuner: Block shape <256,128,256> took 8.628869 (s) in 3 time steps
AutoTuner: Block shape <128,256,256> took 8.760208 (s) in 3 time steps
AutoTuner: Block shape <512,256,256> took 11.264928 (s) in 3 time steps
AutoTuner: Block shape <256,512,256> took 11.374630 (s) in 3 time steps
AutoTuner: Block shape <256,256,512> took 11.876698 (s) in 3 time steps
AutoTuner: Block shape <512,512,256> took 16.279882 (s) in 3 time steps
AutoTuner: Block shape <512,256,512> took 15.778171 (s) in 3 time steps
AutoTuner: Block shape <256,512,512> took 15.957177 (s) in 3 time steps
AutoTuner: Block shape <1024,512,512> took 55.308704 (s) in 3 time steps
AutoTuner: Block shape <512,1024,512> took 56.305192 (s) in 3 time steps
AutoTuner: Block shape <512,512,1024> took 60.611052 (s) in 3 time steps
AutoTuner: Block shape <1024,1024,512> took 106.954510 (s) in 3 time steps
AutoTuner: Block shape <1024,512,1024> took 118.103044 (s) in 3 time steps
AutoTuner: Block shape <512,1024,1024> took 118.199673 (s) in 3 time steps
Auto-tuned block shape: {'x0_block_size': 16, 'y0_block_size': 16, 'z0_block_size': 64}
=========================================================================================
Section section_0<1036,1036,1036> with OI=0.34 computed in 0.566 s [13.74 GFlops/s]
Section section_2<415,1> with OI=0.64 computed in 0.000 s [0.10 GFlops/s]
Section section_3<415,101> with OI=1.27 computed in 0.006 s [0.63 GFlops/s]
Section main<415,1028,1028,1028> with OI=45.80 computed in 1942.563 s [492.26 GFlops/s, 0.23 GPts/s]
=========================================================================================
Allocating memory for m ((1044, 1044, 1044))
Allocating memory for damp ((1044, 1044, 1044))
Allocating memory for epsilon ((1044, 1044, 1044))
Allocating memory for delta ((1044, 1044, 1044))
Allocating memory for theta ((1044, 1044, 1044))
Allocating memory for phi ((1044, 1044, 1044))
Allocating memory for src ((417, 1))
Allocating memory for src_coords ((1, 3))
Allocating memory for nrec_coords ((101, 3))
Allocating memory for rec_coords ((101, 3))
DSE: extract_time_invariants [flops: 5483, elapsed: 0.44] >>
     eliminate_inter_stencil_redundancies [flops: 5315, elapsed: 0.69] >>
     eliminate_intra_stencil_redundancies [flops: 2611, elapsed: 0.88] >>
     factorize [flops: 2119, elapsed: 3.09] >>
     finalize [flops: 2121, elapsed: 0.05]
     [Total elapsed: 5.15 s]
DLE: avoid_denormals [elapsed: 0.00] >>
     loop_fission [elapsed: 0.03] >>
     loop_blocking [elapsed: 0.25] >>
     simdize [elapsed: 0.17] >>
     ompize [elapsed: 0.07] >>
     create_elemental_functions [elapsed: 0.44] >>
     minimize_remainders [elapsed: 0.03]
     [Total elapsed: 1.00 s]
Allocating memory for rec ((417, 101))
Allocating memory for u ((3, 1044, 1044, 1044))
Allocating memory for v ((3, 1044, 1044, 1044))
IntelCompiler: compiled /tmp/devito-kv4c5t_o/2d3a0b46ca3d2e22c51e1de8c4f4a04a6d591a3d.c [491.92 s]
AutoTuner: Block shape <8,8,8> took 6.230871 (s) in 3 time steps
AutoTuner: Block shape <16,16,16> took 5.696260 (s) in 3 time steps
AutoTuner: Block shape <24,24,24> took 5.534322 (s) in 3 time steps
AutoTuner: Block shape <32,32,32> took 5.566842 (s) in 3 time steps
AutoTuner: Block shape <40,40,40> took 5.728208 (s) in 3 time steps
AutoTuner: Block shape <64,64,64> took 6.889920 (s) in 3 time steps
AutoTuner: Block shape <128,128,128> took 7.819612 (s) in 3 time steps
AutoTuner: Block shape <256,256,256> took 10.270389 (s) in 3 time steps
AutoTuner: Block shape <512,512,512> took 29.229581 (s) in 3 time steps
AutoTuner: Block shape <1024,1024,1024> took 234.149128 (s) in 3 time steps
AutoTuner: Block shape <1028,1028,1028> took 239.510448 (s) in 3 time steps
AutoTuner: Block shape <8,8,16> took 5.830796 (s) in 3 time steps
AutoTuner: Block shape <8,8,24> took 5.721470 (s) in 3 time steps
AutoTuner: Block shape <8,8,32> took 5.684097 (s) in 3 time steps
AutoTuner: Block shape <8,8,40> took 5.670880 (s) in 3 time steps
AutoTuner: Block shape <8,8,64> took 5.641276 (s) in 3 time steps
AutoTuner: Block shape <8,8,128> took 5.700327 (s) in 3 time steps
AutoTuner: Block shape <8,8,256> took 6.114932 (s) in 3 time steps
AutoTuner: Block shape <8,8,512> took 7.769225 (s) in 3 time steps
AutoTuner: Block shape <8,8,1024> took 10.220006 (s) in 3 time steps
AutoTuner: Block shape <8,8,1028> took 10.402061 (s) in 3 time steps
AutoTuner: Block shape <16,16,8> took 6.059247 (s) in 3 time steps
AutoTuner: Block shape <16,16,24> took 5.620915 (s) in 3 time steps
AutoTuner: Block shape <16,16,32> took 5.541069 (s) in 3 time steps
AutoTuner: Block shape <16,16,40> took 5.470645 (s) in 3 time steps
AutoTuner: Block shape <16,16,64> took 5.464413 (s) in 3 time steps
AutoTuner: Block shape <16,16,128> took 5.734291 (s) in 3 time steps
AutoTuner: Block shape <16,16,256> took 6.742780 (s) in 3 time steps
AutoTuner: Block shape <16,16,512> took 8.236092 (s) in 3 time steps
AutoTuner: Block shape <16,16,1024> took 10.139781 (s) in 3 time steps
AutoTuner: Block shape <16,16,1028> took 10.298874 (s) in 3 time steps
AutoTuner: Block shape <24,24,8> took 6.222101 (s) in 3 time steps
AutoTuner: Block shape <24,24,16> took 5.734967 (s) in 3 time steps
AutoTuner: Block shape <24,24,32> took 5.477708 (s) in 3 time steps
AutoTuner: Block shape <24,24,40> took 5.493099 (s) in 3 time steps
AutoTuner: Block shape <24,24,64> took 5.563584 (s) in 3 time steps
AutoTuner: Block shape <24,24,128> took 6.064035 (s) in 3 time steps
AutoTuner: Block shape <24,24,256> took 7.163634 (s) in 3 time steps
AutoTuner: Block shape <24,24,512> took 8.495317 (s) in 3 time steps
AutoTuner: Block shape <24,24,1024> took 10.192932 (s) in 3 time steps
AutoTuner: Block shape <24,24,1028> took 10.327280 (s) in 3 time steps
AutoTuner: Block shape <32,32,8> took 6.330614 (s) in 3 time steps
AutoTuner: Block shape <32,32,16> took 5.721486 (s) in 3 time steps
AutoTuner: Block shape <32,32,24> took 5.592056 (s) in 3 time steps
AutoTuner: Block shape <32,32,40> took 5.608017 (s) in 3 time steps
AutoTuner: Block shape <32,32,64> took 5.705340 (s) in 3 time steps
AutoTuner: Block shape <32,32,128> took 6.598250 (s) in 3 time steps
AutoTuner: Block shape <32,32,256> took 7.312693 (s) in 3 time steps
AutoTuner: Block shape <32,32,512> took 8.411052 (s) in 3 time steps
AutoTuner: Block shape <32,32,1024> took 10.048444 (s) in 3 time steps
AutoTuner: Block shape <32,32,1028> took 10.171023 (s) in 3 time steps
AutoTuner: Block shape <16,8,8> took 6.099508 (s) in 3 time steps
AutoTuner: Block shape <8,16,8> took 6.021364 (s) in 3 time steps
AutoTuner: Block shape <16,8,16> took 5.754055 (s) in 3 time steps
AutoTuner: Block shape <8,16,16> took 5.720009 (s) in 3 time steps
AutoTuner: Block shape <32,16,16> took 5.785861 (s) in 3 time steps
AutoTuner: Block shape <16,32,16> took 5.744195 (s) in 3 time steps
AutoTuner: Block shape <32,16,32> took 5.460948 (s) in 3 time steps
AutoTuner: Block shape <16,32,32> took 5.615845 (s) in 3 time steps
AutoTuner: Block shape <48,24,24> took 5.518898 (s) in 3 time steps
AutoTuner: Block shape <24,48,24> took 5.856245 (s) in 3 time steps
AutoTuner: Block shape <24,24,48> took 5.509983 (s) in 3 time steps
AutoTuner: Block shape <48,48,24> took 5.816447 (s) in 3 time steps
AutoTuner: Block shape <48,24,48> took 5.482289 (s) in 3 time steps
AutoTuner: Block shape <24,48,48> took 5.947476 (s) in 3 time steps
AutoTuner: Block shape <48,48,48> took 5.901770 (s) in 3 time steps
AutoTuner: Block shape <64,32,32> took 5.559692 (s) in 3 time steps
AutoTuner: Block shape <32,64,32> took 6.082550 (s) in 3 time steps
AutoTuner: Block shape <64,64,32> took 6.031379 (s) in 3 time steps
AutoTuner: Block shape <64,32,64> took 5.676316 (s) in 3 time steps
AutoTuner: Block shape <32,64,64> took 6.914666 (s) in 3 time steps
AutoTuner: Block shape <80,40,40> took 5.745016 (s) in 3 time steps
AutoTuner: Block shape <40,80,40> took 6.819309 (s) in 3 time steps
AutoTuner: Block shape <40,40,80> took 6.248980 (s) in 3 time steps
AutoTuner: Block shape <80,80,40> took 6.933078 (s) in 3 time steps
AutoTuner: Block shape <80,40,80> took 6.340213 (s) in 3 time steps
AutoTuner: Block shape <40,80,80> took 7.517810 (s) in 3 time steps
AutoTuner: Block shape <80,80,80> took 7.704584 (s) in 3 time steps
AutoTuner: Block shape <128,64,64> took 6.976495 (s) in 3 time steps
AutoTuner: Block shape <64,128,64> took 7.673877 (s) in 3 time steps
AutoTuner: Block shape <64,64,128> took 7.375048 (s) in 3 time steps
AutoTuner: Block shape <128,128,64> took 7.752423 (s) in 3 time steps
AutoTuner: Block shape <128,64,128> took 7.421872 (s) in 3 time steps
AutoTuner: Block shape <64,128,128> took 7.705086 (s) in 3 time steps
AutoTuner: Block shape <256,128,128> took 8.137157 (s) in 3 time steps
AutoTuner: Block shape <128,256,128> took 8.296840 (s) in 3 time steps
AutoTuner: Block shape <128,128,256> took 8.212592 (s) in 3 time steps
AutoTuner: Block shape <256,256,128> took 8.740053 (s) in 3 time steps
AutoTuner: Block shape <256,128,256> took 8.630240 (s) in 3 time steps
AutoTuner: Block shape <128,256,256> took 8.746813 (s) in 3 time steps
AutoTuner: Block shape <512,256,256> took 11.398570 (s) in 3 time steps
AutoTuner: Block shape <256,512,256> took 11.361163 (s) in 3 time steps
AutoTuner: Block shape <256,256,512> took 11.802804 (s) in 3 time steps
AutoTuner: Block shape <512,512,256> took 16.277925 (s) in 3 time steps
AutoTuner: Block shape <512,256,512> took 15.826759 (s) in 3 time steps
AutoTuner: Block shape <256,512,512> took 16.077980 (s) in 3 time steps
AutoTuner: Block shape <1024,512,512> took 55.261608 (s) in 3 time steps
AutoTuner: Block shape <512,1024,512> took 56.329031 (s) in 3 time steps
AutoTuner: Block shape <512,512,1024> took 60.604110 (s) in 3 time steps
AutoTuner: Block shape <1024,1024,512> took 106.865185 (s) in 3 time steps
AutoTuner: Block shape <1024,512,1024> took 118.101528 (s) in 3 time steps
AutoTuner: Block shape <512,1024,1024> took 118.320998 (s) in 3 time steps
Auto-tuned block shape: {'x0_block_size': 32, 'y0_block_size': 16, 'z0_block_size': 32}
=========================================================================================
Section section_0<1036,1036,1036> with OI=0.34 computed in 0.566 s [13.76 GFlops/s]
Section section_2<415,1> with OI=0.64 computed in 0.001 s [0.09 GFlops/s]
Section section_3<415,101> with OI=1.27 computed in 0.005 s [0.73 GFlops/s]
Section main<415,1028,1028,1028> with OI=45.80 computed in 1946.301 s [491.31 GFlops/s, 0.23 GPts/s]
=========================================================================================
Allocating memory for m ((1044, 1044, 1044))
Allocating memory for damp ((1044, 1044, 1044))
Allocating memory for epsilon ((1044, 1044, 1044))
Allocating memory for delta ((1044, 1044, 1044))
Allocating memory for theta ((1044, 1044, 1044))
Allocating memory for phi ((1044, 1044, 1044))
Allocating memory for src ((417, 1))
Allocating memory for src_coords ((1, 3))
Allocating memory for nrec_coords ((101, 3))
Allocating memory for rec_coords ((101, 3))
DSE: extract_time_varying [flops: 3953, elapsed: 0.37] >>
     extract_time_invariants [flops: 3409, elapsed: 0.15] >>
     eliminate_inter_stencil_redundancies [flops: 1243, elapsed: 0.41] >>
     extract_sum_of_products [flops: 901, elapsed: 0.06] >>
     eliminate_inter_stencil_redundancies [flops: 579, elapsed: 0.09] >>
     extract_sum_of_products [flops: 492, elapsed: 0.03] >>
     factorize [flops: 368, elapsed: 0.28] >>
     eliminate_intra_stencil_redundancies [flops: 299, elapsed: 0.06] >>
     finalize [flops: 300, elapsed: 0.01]
     [Total elapsed: 1.45 s]
DLE: avoid_denormals [elapsed: 0.00] >>
     loop_fission [elapsed: 0.01] >>
     loop_blocking [elapsed: 0.43] >>
     simdize [elapsed: 0.04] >>
     ompize [elapsed: 0.04] >>
     create_elemental_functions [elapsed: 0.29] >>
     minimize_remainders [elapsed: 0.02]
     [Total elapsed: 0.82 s]
Allocating memory for rec ((417, 101))
Allocating memory for u ((3, 1044, 1044, 1044))
Allocating memory for v ((3, 1044, 1044, 1044))
IntelCompiler: compiled /tmp/devito-kv4c5t_o/c819e5f729991eae33c8979e7b521d6add386faa.c [6.73 s]
AutoTuner: Block shape <8,8,8> took 6.430031 (s) in 3 time steps
AutoTuner: Block shape <16,16,16> took 4.927530 (s) in 3 time steps
AutoTuner: Block shape <24,24,24> took 4.882159 (s) in 3 time steps
AutoTuner: Block shape <32,32,32> took 4.274229 (s) in 3 time steps
AutoTuner: Block shape <40,40,40> took 4.331248 (s) in 3 time steps
AutoTuner: Block shape <8,8,16> took 5.035692 (s) in 3 time steps
AutoTuner: Block shape <8,8,24> took 5.452938 (s) in 3 time steps
AutoTuner: Block shape <8,8,32> took 4.956873 (s) in 3 time steps
AutoTuner: Block shape <8,8,40> took 5.460657 (s) in 3 time steps
AutoTuner: Block shape <8,8,64> took 5.109960 (s) in 3 time steps
AutoTuner: Block shape <8,8,128> took 5.168118 (s) in 3 time steps
AutoTuner: Block shape <8,8,256> took 5.484979 (s) in 3 time steps
AutoTuner: Block shape <8,8,512> took 6.114337 (s) in 3 time steps
AutoTuner: Block shape <16,16,8> took 6.750814 (s) in 3 time steps
AutoTuner: Block shape <16,16,24> took 5.069588 (s) in 3 time steps
AutoTuner: Block shape <16,16,32> took 4.450759 (s) in 3 time steps
AutoTuner: Block shape <16,16,40> took 4.631763 (s) in 3 time steps
AutoTuner: Block shape <16,16,64> took 4.174969 (s) in 3 time steps
AutoTuner: Block shape <16,16,128> took 4.289035 (s) in 3 time steps
AutoTuner: Block shape <16,16,256> took 4.490458 (s) in 3 time steps
AutoTuner: Block shape <24,24,8> took 7.551339 (s) in 3 time steps
AutoTuner: Block shape <24,24,16> took 5.065728 (s) in 3 time steps
AutoTuner: Block shape <24,24,32> took 4.277449 (s) in 3 time steps
AutoTuner: Block shape <24,24,40> took 4.382801 (s) in 3 time steps
AutoTuner: Block shape <24,24,64> took 4.118333 (s) in 3 time steps
AutoTuner: Block shape <24,24,128> took 4.001934 (s) in 3 time steps
AutoTuner: Block shape <32,32,8> took 7.564821 (s) in 3 time steps
AutoTuner: Block shape <32,32,16> took 4.934748 (s) in 3 time steps
AutoTuner: Block shape <32,32,24> took 4.780716 (s) in 3 time steps
AutoTuner: Block shape <32,32,40> took 4.373389 (s) in 3 time steps
AutoTuner: Block shape <32,32,64> took 3.989659 (s) in 3 time steps
AutoTuner: Block shape <32,32,128> took 4.116192 (s) in 3 time steps
AutoTuner: Block shape <16,8,8> took 6.154189 (s) in 3 time steps
AutoTuner: Block shape <8,16,8> took 6.098089 (s) in 3 time steps
AutoTuner: Block shape <16,8,16> took 4.915251 (s) in 3 time steps
AutoTuner: Block shape <8,16,16> took 4.870110 (s) in 3 time steps
AutoTuner: Block shape <32,16,16> took 5.128155 (s) in 3 time steps
AutoTuner: Block shape <16,32,16> took 5.125682 (s) in 3 time steps
AutoTuner: Block shape <32,16,32> took 4.339744 (s) in 3 time steps
AutoTuner: Block shape <16,32,32> took 4.420886 (s) in 3 time steps
AutoTuner: Block shape <48,24,24> took 4.773870 (s) in 3 time steps
AutoTuner: Block shape <24,48,24> took 5.020561 (s) in 3 time steps
AutoTuner: Block shape <24,24,48> took 4.130299 (s) in 3 time steps
AutoTuner: Block shape <48,48,24> took 4.790833 (s) in 3 time steps
AutoTuner: Block shape <48,24,48> took 4.014871 (s) in 3 time steps
AutoTuner: Block shape <24,48,48> took 4.211192 (s) in 3 time steps
AutoTuner: Block shape <48,48,48> took 3.997231 (s) in 3 time steps
AutoTuner: Block shape <64,32,32> took 4.194457 (s) in 3 time steps
AutoTuner: Block shape <32,64,32> took 4.421084 (s) in 3 time steps
AutoTuner: Block shape <64,64,32> took 4.224400 (s) in 3 time steps
AutoTuner: Block shape <64,32,64> took 3.817834 (s) in 3 time steps
AutoTuner: Block shape <32,64,64> took 4.495798 (s) in 3 time steps
AutoTuner: Block shape <40,40,80> took 3.934598 (s) in 3 time steps
Auto-tuned block shape: {'x0_block_size': 64, 'y0_block_size': 32, 'z0_block_size': 64}
=========================================================================================
Section section_0<1036,1036,1036> with OI=0.16 computed in 0.726 s [6.13 GFlops/s]
Section section_3<415,1> with OI=0.64 computed in 0.000 s [0.10 GFlops/s]
Section section_4<415,101> with OI=1.27 computed in 0.005 s [0.74 GFlops/s]
Section main<415,1036,1036,1036> with OI=4.56 computed in 1185.997 s [116.73 GFlops/s, 0.39 GPts/s]
=========================================================================================
Allocating memory for m ((1044, 1044, 1044))
Allocating memory for damp ((1044, 1044, 1044))
Allocating memory for epsilon ((1044, 1044, 1044))
Allocating memory for delta ((1044, 1044, 1044))
Allocating memory for theta ((1044, 1044, 1044))
Allocating memory for phi ((1044, 1044, 1044))
Allocating memory for src ((417, 1))
Allocating memory for src_coords ((1, 3))
Allocating memory for nrec_coords ((101, 3))
Allocating memory for rec_coords ((101, 3))
DSE: extract_time_varying [flops: 3953, elapsed: 0.36] >>
     extract_time_invariants [flops: 3409, elapsed: 0.15] >>
     eliminate_inter_stencil_redundancies [flops: 1243, elapsed: 0.41] >>
     extract_sum_of_products [flops: 901, elapsed: 0.06] >>
     eliminate_inter_stencil_redundancies [flops: 579, elapsed: 0.09] >>
     extract_sum_of_products [flops: 492, elapsed: 0.03] >>
     factorize [flops: 368, elapsed: 0.28] >>
     eliminate_intra_stencil_redundancies [flops: 299, elapsed: 0.06] >>
     finalize [flops: 300, elapsed: 0.01]
     [Total elapsed: 1.45 s]
DLE: avoid_denormals [elapsed: 0.00] >>
     loop_fission [elapsed: 0.01] >>
     loop_blocking [elapsed: 0.42] >>
     simdize [elapsed: 0.04] >>
     ompize [elapsed: 0.04] >>
     create_elemental_functions [elapsed: 0.29] >>
     minimize_remainders [elapsed: 0.02]
     [Total elapsed: 0.82 s]
Allocating memory for rec ((417, 101))
Allocating memory for u ((3, 1044, 1044, 1044))
Allocating memory for v ((3, 1044, 1044, 1044))
IntelCompiler: compiled /tmp/devito-kv4c5t_o/e06cef8e18e60847727813b0812e1d8168402cde.c [6.71 s]
AutoTuner: Block shape <8,8,8> took 6.441952 (s) in 3 time steps
AutoTuner: Block shape <16,16,16> took 4.929573 (s) in 3 time steps
AutoTuner: Block shape <24,24,24> took 4.894307 (s) in 3 time steps
AutoTuner: Block shape <32,32,32> took 4.290470 (s) in 3 time steps
AutoTuner: Block shape <40,40,40> took 4.327183 (s) in 3 time steps
AutoTuner: Block shape <8,8,16> took 5.028104 (s) in 3 time steps
AutoTuner: Block shape <8,8,24> took 5.456400 (s) in 3 time steps
AutoTuner: Block shape <8,8,32> took 4.976401 (s) in 3 time steps
AutoTuner: Block shape <8,8,40> took 5.487718 (s) in 3 time steps
AutoTuner: Block shape <8,8,64> took 5.137972 (s) in 3 time steps
AutoTuner: Block shape <8,8,128> took 5.184336 (s) in 3 time steps
AutoTuner: Block shape <8,8,256> took 5.481727 (s) in 3 time steps
AutoTuner: Block shape <8,8,512> took 6.112422 (s) in 3 time steps
AutoTuner: Block shape <16,16,8> took 6.787768 (s) in 3 time steps
AutoTuner: Block shape <16,16,24> took 5.096709 (s) in 3 time steps
AutoTuner: Block shape <16,16,32> took 4.453964 (s) in 3 time steps
AutoTuner: Block shape <16,16,40> took 4.645636 (s) in 3 time steps
AutoTuner: Block shape <16,16,64> took 4.188236 (s) in 3 time steps
AutoTuner: Block shape <16,16,128> took 4.280828 (s) in 3 time steps
AutoTuner: Block shape <16,16,256> took 4.492508 (s) in 3 time steps
AutoTuner: Block shape <24,24,8> took 7.544472 (s) in 3 time steps
AutoTuner: Block shape <24,24,16> took 5.072385 (s) in 3 time steps
AutoTuner: Block shape <24,24,32> took 4.297517 (s) in 3 time steps
AutoTuner: Block shape <24,24,40> took 4.403330 (s) in 3 time steps
AutoTuner: Block shape <24,24,64> took 4.119580 (s) in 3 time steps
AutoTuner: Block shape <24,24,128> took 4.015442 (s) in 3 time steps
AutoTuner: Block shape <32,32,8> took 7.568011 (s) in 3 time steps
AutoTuner: Block shape <32,32,16> took 4.936343 (s) in 3 time steps
AutoTuner: Block shape <32,32,24> took 4.782615 (s) in 3 time steps
AutoTuner: Block shape <32,32,40> took 4.382521 (s) in 3 time steps
AutoTuner: Block shape <32,32,64> took 3.989318 (s) in 3 time steps
AutoTuner: Block shape <32,32,128> took 4.074570 (s) in 3 time steps
AutoTuner: Block shape <16,8,8> took 6.192450 (s) in 3 time steps
AutoTuner: Block shape <8,16,8> took 6.129442 (s) in 3 time steps
AutoTuner: Block shape <16,8,16> took 4.941961 (s) in 3 time steps
AutoTuner: Block shape <8,16,16> took 4.883509 (s) in 3 time steps
AutoTuner: Block shape <32,16,16> took 5.138771 (s) in 3 time steps
AutoTuner: Block shape <16,32,16> took 5.136236 (s) in 3 time steps
AutoTuner: Block shape <32,16,32> took 4.342389 (s) in 3 time steps
AutoTuner: Block shape <16,32,32> took 4.419855 (s) in 3 time steps
AutoTuner: Block shape <48,24,24> took 4.755810 (s) in 3 time steps
AutoTuner: Block shape <24,48,24> took 5.026975 (s) in 3 time steps
AutoTuner: Block shape <24,24,48> took 4.118918 (s) in 3 time steps
AutoTuner: Block shape <48,48,24> took 4.786492 (s) in 3 time steps
AutoTuner: Block shape <48,24,48> took 4.011177 (s) in 3 time steps
AutoTuner: Block shape <24,48,48> took 4.211148 (s) in 3 time steps
AutoTuner: Block shape <48,48,48> took 4.000680 (s) in 3 time steps
AutoTuner: Block shape <64,32,32> took 4.201680 (s) in 3 time steps
AutoTuner: Block shape <32,64,32> took 4.414743 (s) in 3 time steps
AutoTuner: Block shape <64,64,32> took 4.218825 (s) in 3 time steps
AutoTuner: Block shape <64,32,64> took 3.836797 (s) in 3 time steps
AutoTuner: Block shape <32,64,64> took 4.450945 (s) in 3 time steps
AutoTuner: Block shape <40,40,80> took 3.919855 (s) in 3 time steps
Auto-tuned block shape: {'x0_block_size': 64, 'y0_block_size': 32, 'z0_block_size': 64}
=========================================================================================
Section section_0<1036,1036,1036> with OI=0.16 computed in 0.727 s [6.12 GFlops/s]
Section section_3<415,1> with OI=0.64 computed in 0.000 s [0.10 GFlops/s]
Section section_4<415,101> with OI=1.27 computed in 0.005 s [0.74 GFlops/s]
Section main<415,1036,1036,1036> with OI=4.56 computed in 1186.858 s [116.64 GFlops/s, 0.39 GPts/s]
=========================================================================================
Allocating memory for m ((1044, 1044, 1044))
Allocating memory for damp ((1044, 1044, 1044))
Allocating memory for epsilon ((1044, 1044, 1044))
Allocating memory for delta ((1044, 1044, 1044))
Allocating memory for theta ((1044, 1044, 1044))
Allocating memory for phi ((1044, 1044, 1044))
Allocating memory for src ((417, 1))
Allocating memory for src_coords ((1, 3))
Allocating memory for nrec_coords ((101, 3))
Allocating memory for rec_coords ((101, 3))
DSE: extract_time_varying [flops: 3953, elapsed: 0.36] >>
     extract_time_invariants [flops: 3409, elapsed: 0.15] >>
     eliminate_inter_stencil_redundancies [flops: 1243, elapsed: 0.41] >>
     extract_sum_of_products [flops: 901, elapsed: 0.06] >>
     eliminate_inter_stencil_redundancies [flops: 579, elapsed: 0.09] >>
     extract_sum_of_products [flops: 492, elapsed: 0.03] >>
     factorize [flops: 368, elapsed: 0.28] >>
     eliminate_intra_stencil_redundancies [flops: 299, elapsed: 0.06] >>
     finalize [flops: 300, elapsed: 0.01]
     [Total elapsed: 1.45 s]
DLE: avoid_denormals [elapsed: 0.00] >>
     loop_fission [elapsed: 0.01] >>
     loop_blocking [elapsed: 0.43] >>
     simdize [elapsed: 0.04] >>
     ompize [elapsed: 0.04] >>
     create_elemental_functions [elapsed: 0.29] >>
     minimize_remainders [elapsed: 0.02]
     [Total elapsed: 0.82 s]
Allocating memory for rec ((417, 101))
Allocating memory for u ((3, 1044, 1044, 1044))
Allocating memory for v ((3, 1044, 1044, 1044))
IntelCompiler: compiled /tmp/devito-kv4c5t_o/bad782043a968d077e3ab3931865f51c5da5e613.c [6.72 s]
AutoTuner: Block shape <8,8,8> took 6.446497 (s) in 3 time steps
AutoTuner: Block shape <16,16,16> took 4.927829 (s) in 3 time steps
AutoTuner: Block shape <24,24,24> took 4.876439 (s) in 3 time steps
AutoTuner: Block shape <32,32,32> took 4.276964 (s) in 3 time steps
AutoTuner: Block shape <40,40,40> took 4.320901 (s) in 3 time steps
AutoTuner: Block shape <8,8,16> took 5.030544 (s) in 3 time steps
AutoTuner: Block shape <8,8,24> took 5.440166 (s) in 3 time steps
AutoTuner: Block shape <8,8,32> took 4.972365 (s) in 3 time steps
AutoTuner: Block shape <8,8,40> took 5.484384 (s) in 3 time steps
AutoTuner: Block shape <8,8,64> took 5.123646 (s) in 3 time steps
AutoTuner: Block shape <8,8,128> took 5.182248 (s) in 3 time steps
AutoTuner: Block shape <8,8,256> took 5.492633 (s) in 3 time steps
AutoTuner: Block shape <8,8,512> took 6.118849 (s) in 3 time steps
AutoTuner: Block shape <16,16,8> took 6.779615 (s) in 3 time steps
AutoTuner: Block shape <16,16,24> took 5.088168 (s) in 3 time steps
AutoTuner: Block shape <16,16,32> took 4.440554 (s) in 3 time steps
AutoTuner: Block shape <16,16,40> took 4.637128 (s) in 3 time steps
AutoTuner: Block shape <16,16,64> took 4.181331 (s) in 3 time steps
AutoTuner: Block shape <16,16,128> took 4.287432 (s) in 3 time steps
AutoTuner: Block shape <16,16,256> took 4.506000 (s) in 3 time steps
AutoTuner: Block shape <24,24,8> took 7.570606 (s) in 3 time steps
AutoTuner: Block shape <24,24,16> took 5.067935 (s) in 3 time steps
AutoTuner: Block shape <24,24,32> took 4.284977 (s) in 3 time steps
AutoTuner: Block shape <24,24,40> took 4.395916 (s) in 3 time steps
AutoTuner: Block shape <24,24,64> took 4.120505 (s) in 3 time steps
AutoTuner: Block shape <24,24,128> took 4.002226 (s) in 3 time steps
AutoTuner: Block shape <32,32,8> took 7.562952 (s) in 3 time steps
AutoTuner: Block shape <32,32,16> took 4.927995 (s) in 3 time steps
AutoTuner: Block shape <32,32,24> took 4.771605 (s) in 3 time steps
AutoTuner: Block shape <32,32,40> took 4.387290 (s) in 3 time steps
AutoTuner: Block shape <32,32,64> took 3.998732 (s) in 3 time steps
AutoTuner: Block shape <32,32,128> took 4.074128 (s) in 3 time steps
AutoTuner: Block shape <16,8,8> took 6.172266 (s) in 3 time steps
AutoTuner: Block shape <8,16,8> took 6.120143 (s) in 3 time steps
AutoTuner: Block shape <16,8,16> took 4.917411 (s) in 3 time steps
AutoTuner: Block shape <8,16,16> took 4.883800 (s) in 3 time steps
AutoTuner: Block shape <32,16,16> took 5.124686 (s) in 3 time steps
AutoTuner: Block shape <16,32,16> took 5.132959 (s) in 3 time steps
AutoTuner: Block shape <32,16,32> took 4.332214 (s) in 3 time steps
AutoTuner: Block shape <16,32,32> took 4.420285 (s) in 3 time steps
AutoTuner: Block shape <48,24,24> took 4.766076 (s) in 3 time steps
AutoTuner: Block shape <24,48,24> took 5.009775 (s) in 3 time steps
AutoTuner: Block shape <24,24,48> took 4.124310 (s) in 3 time steps
AutoTuner: Block shape <48,48,24> took 4.781129 (s) in 3 time steps
AutoTuner: Block shape <48,24,48> took 4.024284 (s) in 3 time steps
AutoTuner: Block shape <24,48,48> took 4.221370 (s) in 3 time steps
AutoTuner: Block shape <48,48,48> took 3.995529 (s) in 3 time steps
AutoTuner: Block shape <64,32,32> took 4.204359 (s) in 3 time steps
AutoTuner: Block shape <32,64,32> took 4.415246 (s) in 3 time steps
AutoTuner: Block shape <64,64,32> took 4.211465 (s) in 3 time steps
AutoTuner: Block shape <64,32,64> took 3.832915 (s) in 3 time steps
AutoTuner: Block shape <32,64,64> took 4.442335 (s) in 3 time steps
AutoTuner: Block shape <40,40,80> took 3.916064 (s) in 3 time steps
Auto-tuned block shape: {'x0_block_size': 64, 'y0_block_size': 32, 'z0_block_size': 64}
=========================================================================================
Section section_0<1036,1036,1036> with OI=0.16 computed in 0.727 s [6.12 GFlops/s]
Section section_3<415,1> with OI=0.64 computed in 0.000 s [0.11 GFlops/s]
Section section_4<415,101> with OI=1.27 computed in 0.005 s [0.76 GFlops/s]
Section main<415,1036,1036,1036> with OI=4.56 computed in 1185.255 s [116.80 GFlops/s, 0.39 GPts/s]
=========================================================================================


OpesciBench: Running 3 repeats - parameters: arch: unknown, autotune: True, dle: advanced, dse: basic, nbpml: 10, shape: (1024, 1024, 1024), space_order: 16, spacing: (20.0, 20.0, 20.0), time_order: 2, tn: 1000
OpesciBench [19:03:06]: --- Run 0 ---
icc -O3 -g -fPIC -Wall -std=c99 -xhost -shared -qopenmp /tmp/devito-kv4c5t_o/3fd64013e5691d1cd9ca08fe7c65c27f84bdcf2f.c -o /tmp/devito-kv4c5t_o/3fd64013e5691d1cd9ca08fe7c65c27f84bdcf2f.so
OpesciBench [20:54:01]: --- Run 0 finished ---

OpesciBench [20:54:01]: --- Run 1 ---
icc -O3 -g -fPIC -Wall -std=c99 -xhost -shared -qopenmp /tmp/devito-kv4c5t_o/3fd64013e5691d1cd9ca08fe7c65c27f84bdcf2f.c -o /tmp/devito-kv4c5t_o/3fd64013e5691d1cd9ca08fe7c65c27f84bdcf2f.so
OpesciBench [22:45:10]: --- Run 1 finished ---

OpesciBench [22:45:10]: --- Run 2 ---
icc -O3 -g -fPIC -Wall -std=c99 -xhost -shared -qopenmp /tmp/devito-kv4c5t_o/3fd64013e5691d1cd9ca08fe7c65c27f84bdcf2f.c -o /tmp/devito-kv4c5t_o/3fd64013e5691d1cd9ca08fe7c65c27f84bdcf2f.so
OpesciBench [00:35:35]: --- Run 2 finished ---





OpesciBench: Running 3 repeats - parameters: arch: unknown, autotune: True, dle: advanced, dse: advanced, nbpml: 10, shape: (1024, 1024, 1024), space_order: 16, spacing: (20.0, 20.0, 20.0), time_order: 2, tn: 1000
OpesciBench [00:35:35]: --- Run 0 ---
icc -O3 -g -fPIC -Wall -std=c99 -xhost -shared -qopenmp /tmp/devito-kv4c5t_o/2d3a0b46ca3d2e22c51e1de8c4f4a04a6d591a3d.c -o /tmp/devito-kv4c5t_o/2d3a0b46ca3d2e22c51e1de8c4f4a04a6d591a3d.so
OpesciBench [01:46:33]: --- Run 0 finished ---

OpesciBench [01:46:33]: --- Run 1 ---
icc -O3 -g -fPIC -Wall -std=c99 -xhost -shared -qopenmp /tmp/devito-kv4c5t_o/2d3a0b46ca3d2e22c51e1de8c4f4a04a6d591a3d.c -o /tmp/devito-kv4c5t_o/2d3a0b46ca3d2e22c51e1de8c4f4a04a6d591a3d.so
OpesciBench [02:57:43]: --- Run 1 finished ---

OpesciBench [02:57:43]: --- Run 2 ---
icc -O3 -g -fPIC -Wall -std=c99 -xhost -shared -qopenmp /tmp/devito-kv4c5t_o/2d3a0b46ca3d2e22c51e1de8c4f4a04a6d591a3d.c -o /tmp/devito-kv4c5t_o/2d3a0b46ca3d2e22c51e1de8c4f4a04a6d591a3d.so
OpesciBench [04:08:52]: --- Run 2 finished ---





OpesciBench: Running 3 repeats - parameters: arch: unknown, autotune: True, dle: advanced, dse: aggressive, nbpml: 10, shape: (1024, 1024, 1024), space_order: 16, spacing: (20.0, 20.0, 20.0), time_order: 2, tn: 1000
OpesciBench [04:08:52]: --- Run 0 ---
icc -O3 -g -fPIC -Wall -std=c99 -xhost -shared -qopenmp /tmp/devito-kv4c5t_o/c819e5f729991eae33c8979e7b521d6add386faa.c -o /tmp/devito-kv4c5t_o/c819e5f729991eae33c8979e7b521d6add386faa.so
OpesciBench [04:35:12]: --- Run 0 finished ---

OpesciBench [04:35:12]: --- Run 1 ---
icc -O3 -g -fPIC -Wall -std=c99 -xhost -shared -qopenmp /tmp/devito-kv4c5t_o/e06cef8e18e60847727813b0812e1d8168402cde.c -o /tmp/devito-kv4c5t_o/e06cef8e18e60847727813b0812e1d8168402cde.so
OpesciBench [05:01:32]: --- Run 1 finished ---

OpesciBench [05:01:32]: --- Run 2 ---
icc -O3 -g -fPIC -Wall -std=c99 -xhost -shared -qopenmp /tmp/devito-kv4c5t_o/bad782043a968d077e3ab3931865f51c5da5e613.c -o /tmp/devito-kv4c5t_o/bad782043a968d077e3ab3931865f51c5da5e613.so
OpesciBench [05:27:51]: --- Run 2 finished ---



Sat Dec 23 05:27:51 PST 2017
top - 05:27:51 up 23 days, 20:16,  3 users,  load average: 56.00, 55.85, 54.14
Tasks: 1951 total,   2 running, 1949 sleeping,   0 stopped,   0 zombie
%Cpu(s):  7.5 us,  0.1 sy,  0.0 ni, 92.4 id,  0.0 wa,  0.0 hi,  0.0 si,  0.0 st
KiB Mem : 19652648+total, 18769014+free,  4745596 used,  4090752 buff/cache
KiB Swap: 50331644 total, 47140104 free,  3191540 used. 19102686+avail Mem 

   PID USER      PR  NI    VIRT    RES    SHR S  %CPU %MEM     TIME+ COMMAND
238667 cyount    20   0  152236   3940   1476 R  11.8  0.0   0:00.03 top
     1 root      20   0  197856   6784   1468 S   0.0  0.0   1:15.03 systemd
     2 root      20   0       0      0      0 S   0.0  0.0   0:00.31 kthreadd
     3 root      20   0       0      0      0 S   0.0  0.0   0:00.16 ksoftirqd/0
     5 root       0 -20       0      0      0 S   0.0  0.0   0:00.00 kworker/0:0H
     8 root      rt   0       0      0      0 S   0.0  0.0   0:01.43 migration/0
     9 root      20   0       0      0      0 S   0.0  0.0   0:00.00 rcu_bh
    10 root      20   0       0      0      0 S   0.0  0.0   0:00.00 rcuob/0
    11 root      20   0       0      0      0 S   0.0  0.0   0:00.00 rcuob/1
    12 root      20   0       0      0      0 S   0.0  0.0   0:00.00 rcuob/2
    13 root      20   0       0      0      0 S   0.0  0.0   0:00.00 rcuob/3
    14 root      20   0       0      0      0 S   0.0  0.0   0:00.00 rcuob/4
    15 root      20   0       0      0      0 S   0.0  0.0   0:00.00 rcuob/5
    16 root      20   0       0      0      0 S   0.0  0.0   0:00.00 rcuob/6
    17 root      20   0       0      0      0 S   0.0  0.0   0:00.00 rcuob/7
    18 root      20   0       0      0      0 S   0.0  0.0   0:00.00 rcuob/8
    19 root      20   0       0      0      0 S   0.0  0.0   0:00.00 rcuob/9
    20 root      20   0       0      0      0 S   0.0  0.0   0:00.00 rcuob/10
    21 root      20   0       0      0      0 S   0.0  0.0   0:00.00 rcuob/11
    22 root      20   0       0      0      0 S   0.0  0.0   0:00.00 rcuob/12
    23 root      20   0       0      0      0 S   0.0  0.0   0:00.00 rcuob/13
    24 root      20   0       0      0      0 S   0.0  0.0   0:00.00 rcuob/14
    25 root      20   0       0      0      0 S   0.0  0.0   0:00.00 rcuob/15
