Fri Dec 22 13:46:24 PST 2017
Linux ortce-skl1 3.10.0-514.el7.x86_64 #1 SMP Wed Oct 19 11:24:13 EDT 2016 x86_64 x86_64 x86_64 GNU/Linux
Architecture:          x86_64
CPU op-mode(s):        32-bit, 64-bit
Byte Order:            Little Endian
CPU(s):                80
On-line CPU(s) list:   0-79
Thread(s) per core:    2
Core(s) per socket:    20
Socket(s):             2
NUMA node(s):          2
Vendor ID:             GenuineIntel
CPU family:            6
Model:                 85
Model name:            Intel(R) Xeon(R) Gold 6148 CPU @ 2.40GHz
Stepping:              4
CPU MHz:               3099.937
BogoMIPS:              4805.49
Virtualization:        VT-x
L1d cache:             32K
L1i cache:             32K
L2 cache:              1024K
L3 cache:              28160K
NUMA node0 CPU(s):     0-19,40-59
NUMA node1 CPU(s):     20-39,60-79
Linux ortce-skl1 3.10.0-514.el7.x86_64 #1 SMP Wed Oct 19 11:24:13 EDT 2016 x86_64 x86_64 x86_64 GNU/Linux
available: 2 nodes (0-1)
node 0 cpus: 0 1 2 3 4 5 6 7 8 9 10 11 12 13 14 15 16 17 18 19 40 41 42 43 44 45 46 47 48 49 50 51 52 53 54 55 56 57 58 59
node 0 size: 96973 MB
node 0 free: 88659 MB
node 1 cpus: 20 21 22 23 24 25 26 27 28 29 30 31 32 33 34 35 36 37 38 39 60 61 62 63 64 65 66 67 68 69 70 71 72 73 74 75 76 77 78 79
node 1 size: 98304 MB
node 1 free: 92071 MB
node distances:
node   0   1 
  0:  10  21 
  1:  21  10 

Per-node system memory usage (in MBs):
                          Node 0          Node 1           Total
                 --------------- --------------- ---------------
MemTotal                96973.63        98304.00       195277.63
MemFree                 88659.89        92071.74       180731.63
MemUsed                  8313.73         6232.26        14546.00
Active                   1789.64         1089.36         2879.00
Inactive                 3414.91         2413.93         5828.85
Active(anon)                8.95            7.52           16.46
Inactive(anon)             39.42            4.11           43.53
Active(file)             1780.69         1081.84         2862.54
Inactive(file)           3375.49         2409.83         5785.32
Unevictable                 0.00            0.00            0.00
Mlocked                     0.00            0.00            0.00
Dirty                       0.00            0.00            0.00
Writeback                   0.00            0.00            0.00
FilePages                5194.39         3495.30         8689.69
Mapped                     30.55            3.18           33.73
AnonPages                  12.65          208.76          221.41
Shmem                      23.82            0.07           23.89
KernelStack                10.08            9.44           19.52
PageTables                  3.55            3.42            6.97
NFS_Unstable                0.00            0.00            0.00
Bounce                      0.00            0.00            0.00
WritebackTmp                0.00            0.00            0.00
Slab                      342.06          332.22          674.29
SReclaimable              216.92          188.48          405.41
SUnreclaim                125.14          143.74          268.88
AnonHugePages               0.00          200.00          200.00
HugePages_Total             0.00            0.00            0.00
HugePages_Free              0.00            0.00            0.00
HugePages_Surp              0.00            0.00            0.00
top - 13:46:24 up 6 days, 23:09,  1 user,  load average: 40.02, 38.82, 36.31
Tasks: 714 total,   1 running, 713 sleeping,   0 stopped,   0 zombie
%Cpu(s): 13.9 us,  0.2 sy,  0.0 ni, 85.8 id,  0.0 wa,  0.0 hi,  0.0 si,  0.0 st
KiB Mem : 19652252+total, 18506910+free,  1883080 used,  9570336 buff/cache
KiB Swap:  4194300 total,  4124552 free,    69748 used. 19358867+avail Mem 

   PID USER      PR  NI    VIRT    RES    SHR S  %CPU %MEM     TIME+ COMMAND
  9308 cyount    20   0  162568   2928   1888 R   6.2  0.0   0:00.03 top
     1 root      20   0  197536   2864   1516 S   0.0  0.0   0:31.34 systemd
     2 root      20   0       0      0      0 S   0.0  0.0   0:00.06 kthreadd
     3 root      20   0       0      0      0 S   0.0  0.0   0:00.34 ksoftirqd/0
     5 root       0 -20       0      0      0 S   0.0  0.0   0:00.00 kworker/0:0H
     6 root      20   0       0      0      0 S   0.0  0.0   0:14.39 kworker/u896:0
     8 root      rt   0       0      0      0 S   0.0  0.0   0:00.78 migration/0
     9 root      20   0       0      0      0 S   0.0  0.0   0:00.00 rcu_bh
    10 root      20   0       0      0      0 S   0.0  0.0   0:55.71 rcu_sched
    11 root      rt   0       0      0      0 S   0.0  0.0   0:02.32 watchdog/0
    12 root      rt   0       0      0      0 S   0.0  0.0   0:01.69 watchdog/1
    13 root      rt   0       0      0      0 S   0.0  0.0   0:00.83 migration/1
    14 root      20   0       0      0      0 S   0.0  0.0   0:00.02 ksoftirqd/1
    16 root       0 -20       0      0      0 S   0.0  0.0   0:00.00 kworker/1:0H
    17 root      rt   0       0      0      0 S   0.0  0.0   0:01.64 watchdog/2
    18 root      rt   0       0      0      0 S   0.0  0.0   0:00.78 migration/2
    19 root      20   0       0      0      0 S   0.0  0.0   0:00.02 ksoftirqd/2
    22 root      rt   0       0      0      0 S   0.0  0.0   0:01.70 watchdog/3
    23 root      rt   0       0      0      0 S   0.0  0.0   0:00.84 migration/3
    24 root      20   0       0      0      0 S   0.0  0.0   0:00.01 ksoftirqd/3
    27 root      rt   0       0      0      0 S   0.0  0.0   0:01.64 watchdog/4
    28 root      rt   0       0      0      0 S   0.0  0.0   0:00.81 migration/4
    29 root      20   0       0      0      0 S   0.0  0.0   0:00.01 ksoftirqd/4
env DEVITO_PLATFORM=skx DEVITO_ISA=avx512 DEVITO_DEBUG_COMPILER=1 DEVITO_DLE_OPTIONS=blockinner:True DEVITO_AUTOTUNING=aggressive DEVITO_BACKEND=core DEVITO_OPENMP=1 DEVITO_ARCH=intel DEVITO_LOGGING=DEBUG DEVITO_YASK_AUTOTUNING=preemptive DEVITO_YASK_DUMP=devito.bench.2017-12-22/tti/core/bmdse/ortce-skl1/grid1024/so8 numactl --cpubind=1 python examples/seismic/benchmark.py bench -bm dse -P tti -so 8 -to 2 -d 1024 1024 1024 --tn 1000 -x 3 -r devito.bench.2017-12-22/tti/core/bmdse/ortce-skl1/grid1024/so8
Allocating memory for m ((1044, 1044, 1044))
Allocating memory for damp ((1044, 1044, 1044))
Allocating memory for epsilon ((1044, 1044, 1044))
Allocating memory for delta ((1044, 1044, 1044))
Allocating memory for theta ((1044, 1044, 1044))
Allocating memory for phi ((1044, 1044, 1044))
Allocating memory for src ((417, 1))
Allocating memory for src_coords ((1, 3))
Allocating memory for nrec_coords ((101, 3))
Allocating memory for rec_coords ((101, 3))
DSE: eliminate_intra_stencil_redundancies [flops: 855, elapsed: 0.43] >>
     finalize [flops: 857, elapsed: 0.02]
     [Total elapsed: 0.45 s]
DLE: avoid_denormals [elapsed: 0.00] >>
     loop_fission [elapsed: 0.02] >>
     loop_blocking [elapsed: 0.16] >>
     simdize [elapsed: 0.42] >>
     ompize [elapsed: 0.05] >>
     create_elemental_functions [elapsed: 0.25] >>
     minimize_remainders [elapsed: 0.02]
     [Total elapsed: 0.91 s]
Allocating memory for rec ((417, 101))
Allocating memory for u ((3, 1044, 1044, 1044))
Allocating memory for v ((3, 1044, 1044, 1044))
IntelCompiler: compiled /tmp/devito-md1rkyzs/ba427f586b373f72dc393d0a742487c3c926b358.c [11.10 s]
AutoTuner: Block shape <8,8,8> took 5.610012 (s) in 3 time steps
AutoTuner: Block shape <16,16,16> took 5.097008 (s) in 3 time steps
AutoTuner: Block shape <24,24,24> took 5.195950 (s) in 3 time steps
AutoTuner: Block shape <32,32,32> took 5.098774 (s) in 3 time steps
AutoTuner: Block shape <40,40,40> took 5.034345 (s) in 3 time steps
AutoTuner: Block shape <64,64,64> took 5.436856 (s) in 3 time steps
AutoTuner: Block shape <128,128,128> took 6.984945 (s) in 3 time steps
AutoTuner: Block shape <256,256,256> took 8.425836 (s) in 3 time steps
AutoTuner: Block shape <512,512,512> took 15.914463 (s) in 3 time steps
AutoTuner: Block shape <1024,1024,1024> took 70.927895 (s) in 3 time steps
AutoTuner: Block shape <1036,1036,1036> took 69.139626 (s) in 3 time steps
AutoTuner: Block shape <8,8,16> took 5.349428 (s) in 3 time steps
AutoTuner: Block shape <8,8,24> took 5.271319 (s) in 3 time steps
AutoTuner: Block shape <8,8,32> took 5.228968 (s) in 3 time steps
AutoTuner: Block shape <8,8,40> took 5.198263 (s) in 3 time steps
AutoTuner: Block shape <8,8,64> took 5.175919 (s) in 3 time steps
AutoTuner: Block shape <8,8,128> took 4.999363 (s) in 3 time steps
AutoTuner: Block shape <8,8,256> took 5.033329 (s) in 3 time steps
AutoTuner: Block shape <8,8,512> took 5.697304 (s) in 3 time steps
AutoTuner: Block shape <8,8,1024> took 6.710023 (s) in 3 time steps
AutoTuner: Block shape <8,8,1036> took 6.688246 (s) in 3 time steps
AutoTuner: Block shape <16,16,8> took 5.273164 (s) in 3 time steps
AutoTuner: Block shape <16,16,24> took 5.059265 (s) in 3 time steps
AutoTuner: Block shape <16,16,32> took 5.053571 (s) in 3 time steps
AutoTuner: Block shape <16,16,40> took 5.048510 (s) in 3 time steps
AutoTuner: Block shape <16,16,64> took 5.012484 (s) in 3 time steps
AutoTuner: Block shape <16,16,128> took 4.937238 (s) in 3 time steps
AutoTuner: Block shape <16,16,256> took 5.336589 (s) in 3 time steps
AutoTuner: Block shape <16,16,512> took 6.237573 (s) in 3 time steps
AutoTuner: Block shape <16,16,1024> took 7.178284 (s) in 3 time steps
AutoTuner: Block shape <16,16,1036> took 7.168091 (s) in 3 time steps
AutoTuner: Block shape <24,24,8> took 5.483198 (s) in 3 time steps
AutoTuner: Block shape <24,24,16> took 5.264440 (s) in 3 time steps
AutoTuner: Block shape <24,24,32> took 5.108261 (s) in 3 time steps
AutoTuner: Block shape <24,24,40> took 5.041832 (s) in 3 time steps
AutoTuner: Block shape <24,24,64> took 4.953007 (s) in 3 time steps
AutoTuner: Block shape <24,24,128> took 5.078200 (s) in 3 time steps
AutoTuner: Block shape <24,24,256> took 5.576354 (s) in 3 time steps
AutoTuner: Block shape <24,24,512> took 6.629851 (s) in 3 time steps
AutoTuner: Block shape <24,24,1024> took 7.255002 (s) in 3 time steps
AutoTuner: Block shape <24,24,1036> took 7.245170 (s) in 3 time steps
AutoTuner: Block shape <32,32,8> took 5.906858 (s) in 3 time steps
AutoTuner: Block shape <32,32,16> took 5.408875 (s) in 3 time steps
AutoTuner: Block shape <32,32,24> took 5.209479 (s) in 3 time steps
AutoTuner: Block shape <32,32,40> took 5.004467 (s) in 3 time steps
AutoTuner: Block shape <32,32,64> took 4.969219 (s) in 3 time steps
AutoTuner: Block shape <32,32,128> took 5.250533 (s) in 3 time steps
AutoTuner: Block shape <32,32,256> took 6.115380 (s) in 3 time steps
AutoTuner: Block shape <32,32,512> took 6.786710 (s) in 3 time steps
AutoTuner: Block shape <32,32,1024> took 7.367230 (s) in 3 time steps
AutoTuner: Block shape <32,32,1036> took 7.347811 (s) in 3 time steps
AutoTuner: Block shape <16,8,8> took 5.425201 (s) in 3 time steps
AutoTuner: Block shape <8,16,8> took 5.404973 (s) in 3 time steps
AutoTuner: Block shape <16,8,16> took 5.203087 (s) in 3 time steps
AutoTuner: Block shape <8,16,16> took 5.179557 (s) in 3 time steps
AutoTuner: Block shape <32,16,16> took 5.250537 (s) in 3 time steps
AutoTuner: Block shape <16,32,16> took 5.233002 (s) in 3 time steps
AutoTuner: Block shape <32,16,32> took 5.130714 (s) in 3 time steps
AutoTuner: Block shape <16,32,32> took 5.115481 (s) in 3 time steps
AutoTuner: Block shape <48,24,24> took 5.222811 (s) in 3 time steps
AutoTuner: Block shape <24,48,24> took 5.229174 (s) in 3 time steps
AutoTuner: Block shape <24,24,48> took 5.007271 (s) in 3 time steps
AutoTuner: Block shape <48,48,24> took 5.202055 (s) in 3 time steps
AutoTuner: Block shape <48,24,48> took 4.966137 (s) in 3 time steps
AutoTuner: Block shape <24,48,48> took 5.139058 (s) in 3 time steps
AutoTuner: Block shape <48,48,48> took 5.116272 (s) in 3 time steps
AutoTuner: Block shape <64,32,32> took 5.048776 (s) in 3 time steps
AutoTuner: Block shape <32,64,32> took 5.300120 (s) in 3 time steps
AutoTuner: Block shape <64,64,32> took 5.268312 (s) in 3 time steps
AutoTuner: Block shape <64,32,64> took 4.933181 (s) in 3 time steps
AutoTuner: Block shape <32,64,64> took 5.451477 (s) in 3 time steps
AutoTuner: Block shape <80,40,40> took 5.038773 (s) in 3 time steps
AutoTuner: Block shape <40,80,40> took 5.546732 (s) in 3 time steps
AutoTuner: Block shape <40,40,80> took 5.199535 (s) in 3 time steps
AutoTuner: Block shape <80,80,40> took 5.612902 (s) in 3 time steps
AutoTuner: Block shape <80,40,80> took 5.258699 (s) in 3 time steps
AutoTuner: Block shape <40,80,80> took 6.071387 (s) in 3 time steps
AutoTuner: Block shape <80,80,80> took 6.189172 (s) in 3 time steps
AutoTuner: Block shape <128,64,64> took 5.421635 (s) in 3 time steps
AutoTuner: Block shape <64,128,64> took 6.685256 (s) in 3 time steps
AutoTuner: Block shape <64,64,128> took 6.277241 (s) in 3 time steps
AutoTuner: Block shape <128,128,64> took 6.707271 (s) in 3 time steps
AutoTuner: Block shape <128,64,128> took 6.291710 (s) in 3 time steps
AutoTuner: Block shape <64,128,128> took 6.966172 (s) in 3 time steps
AutoTuner: Block shape <256,128,128> took 7.127103 (s) in 3 time steps
AutoTuner: Block shape <128,256,128> took 7.387723 (s) in 3 time steps
AutoTuner: Block shape <128,128,256> took 7.238975 (s) in 3 time steps
AutoTuner: Block shape <256,256,128> took 7.936405 (s) in 3 time steps
AutoTuner: Block shape <256,128,256> took 7.684552 (s) in 3 time steps
AutoTuner: Block shape <128,256,256> took 7.951567 (s) in 3 time steps
AutoTuner: Block shape <512,256,256> took 8.927447 (s) in 3 time steps
AutoTuner: Block shape <256,512,256> took 8.987852 (s) in 3 time steps
AutoTuner: Block shape <256,256,512> took 8.615540 (s) in 3 time steps
AutoTuner: Block shape <512,512,256> took 11.966259 (s) in 3 time steps
AutoTuner: Block shape <512,256,512> took 9.493122 (s) in 3 time steps
AutoTuner: Block shape <256,512,512> took 9.587293 (s) in 3 time steps
AutoTuner: Block shape <1024,512,512> took 30.056048 (s) in 3 time steps
AutoTuner: Block shape <512,1024,512> took 30.565477 (s) in 3 time steps
AutoTuner: Block shape <512,512,1024> took 19.519283 (s) in 3 time steps
AutoTuner: Block shape <1024,1024,512> took 56.189264 (s) in 3 time steps
AutoTuner: Block shape <1024,512,1024> took 36.240788 (s) in 3 time steps
AutoTuner: Block shape <512,1024,1024> took 36.227729 (s) in 3 time steps
Auto-tuned block shape: {'x0_block_size': 64, 'y0_block_size': 32, 'z0_block_size': 64}
=========================================================================================
Section section_1<415,1> with OI=0.64 computed in 0.000 s [0.10 GFlops/s]
Section section_2<415,101> with OI=1.27 computed in 0.006 s [0.62 GFlops/s]
Section main<415,1036,1036,1036> with OI=20.84 computed in 2055.523 s [192.39 GFlops/s, 0.22 GPts/s]
=========================================================================================
Allocating memory for m ((1044, 1044, 1044))
Allocating memory for damp ((1044, 1044, 1044))
Allocating memory for epsilon ((1044, 1044, 1044))
Allocating memory for delta ((1044, 1044, 1044))
Allocating memory for theta ((1044, 1044, 1044))
Allocating memory for phi ((1044, 1044, 1044))
Allocating memory for src ((417, 1))
Allocating memory for src_coords ((1, 3))
Allocating memory for nrec_coords ((101, 3))
Allocating memory for rec_coords ((101, 3))
DSE: eliminate_intra_stencil_redundancies [flops: 855, elapsed: 0.43] >>
     finalize [flops: 857, elapsed: 0.02]
     [Total elapsed: 0.45 s]
DLE: avoid_denormals [elapsed: 0.00] >>
     loop_fission [elapsed: 0.02] >>
     loop_blocking [elapsed: 0.15] >>
     simdize [elapsed: 0.09] >>
     ompize [elapsed: 0.05] >>
     create_elemental_functions [elapsed: 0.25] >>
     minimize_remainders [elapsed: 0.02]
     [Total elapsed: 0.58 s]
Allocating memory for rec ((417, 101))
Allocating memory for u ((3, 1044, 1044, 1044))
Allocating memory for v ((3, 1044, 1044, 1044))
IntelCompiler: compiled /tmp/devito-md1rkyzs/ba427f586b373f72dc393d0a742487c3c926b358.c [11.16 s]
AutoTuner: Block shape <8,8,8> took 5.587101 (s) in 3 time steps
AutoTuner: Block shape <16,16,16> took 5.085859 (s) in 3 time steps
AutoTuner: Block shape <24,24,24> took 5.181515 (s) in 3 time steps
AutoTuner: Block shape <32,32,32> took 5.090827 (s) in 3 time steps
AutoTuner: Block shape <40,40,40> took 5.025560 (s) in 3 time steps
AutoTuner: Block shape <64,64,64> took 5.408005 (s) in 3 time steps
AutoTuner: Block shape <128,128,128> took 6.988372 (s) in 3 time steps
AutoTuner: Block shape <256,256,256> took 8.366947 (s) in 3 time steps
AutoTuner: Block shape <512,512,512> took 15.123492 (s) in 3 time steps
AutoTuner: Block shape <1024,1024,1024> took 70.518631 (s) in 3 time steps
AutoTuner: Block shape <1036,1036,1036> took 68.526949 (s) in 3 time steps
AutoTuner: Block shape <8,8,16> took 5.350872 (s) in 3 time steps
AutoTuner: Block shape <8,8,24> took 5.275711 (s) in 3 time steps
AutoTuner: Block shape <8,8,32> took 5.233486 (s) in 3 time steps
AutoTuner: Block shape <8,8,40> took 5.203101 (s) in 3 time steps
AutoTuner: Block shape <8,8,64> took 5.183027 (s) in 3 time steps
AutoTuner: Block shape <8,8,128> took 5.009963 (s) in 3 time steps
AutoTuner: Block shape <8,8,256> took 5.051649 (s) in 3 time steps
AutoTuner: Block shape <8,8,512> took 5.686480 (s) in 3 time steps
AutoTuner: Block shape <8,8,1024> took 6.697142 (s) in 3 time steps
AutoTuner: Block shape <8,8,1036> took 6.672396 (s) in 3 time steps
AutoTuner: Block shape <16,16,8> took 5.276006 (s) in 3 time steps
AutoTuner: Block shape <16,16,24> took 5.063015 (s) in 3 time steps
AutoTuner: Block shape <16,16,32> took 5.060266 (s) in 3 time steps
AutoTuner: Block shape <16,16,40> took 5.052429 (s) in 3 time steps
AutoTuner: Block shape <16,16,64> took 5.023454 (s) in 3 time steps
AutoTuner: Block shape <16,16,128> took 4.947605 (s) in 3 time steps
AutoTuner: Block shape <16,16,256> took 5.326551 (s) in 3 time steps
AutoTuner: Block shape <16,16,512> took 6.230297 (s) in 3 time steps
AutoTuner: Block shape <16,16,1024> took 7.145036 (s) in 3 time steps
AutoTuner: Block shape <16,16,1036> took 7.137785 (s) in 3 time steps
AutoTuner: Block shape <24,24,8> took 5.482365 (s) in 3 time steps
AutoTuner: Block shape <24,24,16> took 5.256970 (s) in 3 time steps
AutoTuner: Block shape <24,24,32> took 5.109727 (s) in 3 time steps
AutoTuner: Block shape <24,24,40> took 5.043816 (s) in 3 time steps
AutoTuner: Block shape <24,24,64> took 4.959133 (s) in 3 time steps
AutoTuner: Block shape <24,24,128> took 5.077391 (s) in 3 time steps
AutoTuner: Block shape <24,24,256> took 5.559151 (s) in 3 time steps
AutoTuner: Block shape <24,24,512> took 6.628556 (s) in 3 time steps
AutoTuner: Block shape <24,24,1024> took 7.208067 (s) in 3 time steps
AutoTuner: Block shape <24,24,1036> took 7.196928 (s) in 3 time steps
AutoTuner: Block shape <32,32,8> took 5.898682 (s) in 3 time steps
AutoTuner: Block shape <32,32,16> took 5.408128 (s) in 3 time steps
AutoTuner: Block shape <32,32,24> took 5.211837 (s) in 3 time steps
AutoTuner: Block shape <32,32,40> took 5.010882 (s) in 3 time steps
AutoTuner: Block shape <32,32,64> took 4.984803 (s) in 3 time steps
AutoTuner: Block shape <32,32,128> took 5.238021 (s) in 3 time steps
AutoTuner: Block shape <32,32,256> took 6.112261 (s) in 3 time steps
AutoTuner: Block shape <32,32,512> took 6.778935 (s) in 3 time steps
AutoTuner: Block shape <32,32,1024> took 7.295203 (s) in 3 time steps
AutoTuner: Block shape <32,32,1036> took 7.297129 (s) in 3 time steps
AutoTuner: Block shape <16,8,8> took 5.432487 (s) in 3 time steps
AutoTuner: Block shape <8,16,8> took 5.409277 (s) in 3 time steps
AutoTuner: Block shape <16,8,16> took 5.211425 (s) in 3 time steps
AutoTuner: Block shape <8,16,16> took 5.186961 (s) in 3 time steps
AutoTuner: Block shape <32,16,16> took 5.246122 (s) in 3 time steps
AutoTuner: Block shape <16,32,16> took 5.232094 (s) in 3 time steps
AutoTuner: Block shape <32,16,32> took 5.134663 (s) in 3 time steps
AutoTuner: Block shape <16,32,32> took 5.123320 (s) in 3 time steps
AutoTuner: Block shape <48,24,24> took 5.224844 (s) in 3 time steps
AutoTuner: Block shape <24,48,24> took 5.228612 (s) in 3 time steps
AutoTuner: Block shape <24,24,48> took 5.008108 (s) in 3 time steps
AutoTuner: Block shape <48,48,24> took 5.201944 (s) in 3 time steps
AutoTuner: Block shape <48,24,48> took 4.970878 (s) in 3 time steps
AutoTuner: Block shape <24,48,48> took 5.141778 (s) in 3 time steps
AutoTuner: Block shape <48,48,48> took 5.119906 (s) in 3 time steps
AutoTuner: Block shape <64,32,32> took 5.052297 (s) in 3 time steps
AutoTuner: Block shape <32,64,32> took 5.302104 (s) in 3 time steps
AutoTuner: Block shape <64,64,32> took 5.264786 (s) in 3 time steps
AutoTuner: Block shape <64,32,64> took 4.948319 (s) in 3 time steps
AutoTuner: Block shape <32,64,64> took 5.427722 (s) in 3 time steps
AutoTuner: Block shape <80,40,40> took 5.043847 (s) in 3 time steps
AutoTuner: Block shape <40,80,40> took 5.524329 (s) in 3 time steps
AutoTuner: Block shape <40,40,80> took 5.195521 (s) in 3 time steps
AutoTuner: Block shape <80,80,40> took 5.592583 (s) in 3 time steps
AutoTuner: Block shape <80,40,80> took 5.254799 (s) in 3 time steps
AutoTuner: Block shape <40,80,80> took 6.047325 (s) in 3 time steps
AutoTuner: Block shape <80,80,80> took 6.186589 (s) in 3 time steps
AutoTuner: Block shape <128,64,64> took 5.392812 (s) in 3 time steps
AutoTuner: Block shape <64,128,64> took 6.668946 (s) in 3 time steps
AutoTuner: Block shape <64,64,128> took 6.264568 (s) in 3 time steps
AutoTuner: Block shape <128,128,64> took 6.711403 (s) in 3 time steps
AutoTuner: Block shape <128,64,128> took 6.310991 (s) in 3 time steps
AutoTuner: Block shape <64,128,128> took 6.963752 (s) in 3 time steps
AutoTuner: Block shape <256,128,128> took 7.141203 (s) in 3 time steps
AutoTuner: Block shape <128,256,128> took 7.414156 (s) in 3 time steps
AutoTuner: Block shape <128,128,256> took 7.268673 (s) in 3 time steps
AutoTuner: Block shape <256,256,128> took 7.905432 (s) in 3 time steps
AutoTuner: Block shape <256,128,256> took 7.672527 (s) in 3 time steps
AutoTuner: Block shape <128,256,256> took 7.934212 (s) in 3 time steps
AutoTuner: Block shape <512,256,256> took 8.798514 (s) in 3 time steps
AutoTuner: Block shape <256,512,256> took 8.905075 (s) in 3 time steps
AutoTuner: Block shape <256,256,512> took 8.471089 (s) in 3 time steps
AutoTuner: Block shape <512,512,256> took 11.798906 (s) in 3 time steps
AutoTuner: Block shape <512,256,512> took 8.972624 (s) in 3 time steps
AutoTuner: Block shape <256,512,512> took 9.014071 (s) in 3 time steps
AutoTuner: Block shape <1024,512,512> took 28.397019 (s) in 3 time steps
AutoTuner: Block shape <512,1024,512> took 28.643703 (s) in 3 time steps
AutoTuner: Block shape <512,512,1024> took 19.307060 (s) in 3 time steps
AutoTuner: Block shape <1024,1024,512> took 53.122799 (s) in 3 time steps
AutoTuner: Block shape <1024,512,1024> took 35.941256 (s) in 3 time steps
AutoTuner: Block shape <512,1024,1024> took 35.878426 (s) in 3 time steps
Auto-tuned block shape: {'x0_block_size': 16, 'y0_block_size': 16, 'z0_block_size': 128}
=========================================================================================
Section section_1<415,1> with OI=0.64 computed in 0.000 s [0.09 GFlops/s]
Section section_2<415,101> with OI=1.27 computed in 0.005 s [0.72 GFlops/s]
Section main<415,1036,1036,1036> with OI=20.84 computed in 2097.300 s [188.56 GFlops/s, 0.22 GPts/s]
=========================================================================================
Allocating memory for m ((1044, 1044, 1044))
Allocating memory for damp ((1044, 1044, 1044))
Allocating memory for epsilon ((1044, 1044, 1044))
Allocating memory for delta ((1044, 1044, 1044))
Allocating memory for theta ((1044, 1044, 1044))
Allocating memory for phi ((1044, 1044, 1044))
Allocating memory for src ((417, 1))
Allocating memory for src_coords ((1, 3))
Allocating memory for nrec_coords ((101, 3))
Allocating memory for rec_coords ((101, 3))
DSE: eliminate_intra_stencil_redundancies [flops: 855, elapsed: 0.43] >>
     finalize [flops: 857, elapsed: 0.02]
     [Total elapsed: 0.45 s]
DLE: avoid_denormals [elapsed: 0.00] >>
     loop_fission [elapsed: 0.02] >>
     loop_blocking [elapsed: 0.15] >>
     simdize [elapsed: 0.09] >>
     ompize [elapsed: 0.05] >>
     create_elemental_functions [elapsed: 0.25] >>
     minimize_remainders [elapsed: 0.02]
     [Total elapsed: 0.58 s]
Allocating memory for rec ((417, 101))
Allocating memory for u ((3, 1044, 1044, 1044))
Allocating memory for v ((3, 1044, 1044, 1044))
IntelCompiler: compiled /tmp/devito-md1rkyzs/ba427f586b373f72dc393d0a742487c3c926b358.c [11.16 s]
AutoTuner: Block shape <8,8,8> took 5.600809 (s) in 3 time steps
AutoTuner: Block shape <16,16,16> took 5.095856 (s) in 3 time steps
AutoTuner: Block shape <24,24,24> took 5.192301 (s) in 3 time steps
AutoTuner: Block shape <32,32,32> took 5.092026 (s) in 3 time steps
AutoTuner: Block shape <40,40,40> took 5.031960 (s) in 3 time steps
AutoTuner: Block shape <64,64,64> took 5.440533 (s) in 3 time steps
AutoTuner: Block shape <128,128,128> took 6.974632 (s) in 3 time steps
AutoTuner: Block shape <256,256,256> took 8.398284 (s) in 3 time steps
AutoTuner: Block shape <512,512,512> took 15.061152 (s) in 3 time steps
AutoTuner: Block shape <1024,1024,1024> took 70.345313 (s) in 3 time steps
AutoTuner: Block shape <1036,1036,1036> took 68.596642 (s) in 3 time steps
AutoTuner: Block shape <8,8,16> took 5.353313 (s) in 3 time steps
AutoTuner: Block shape <8,8,24> took 5.270057 (s) in 3 time steps
AutoTuner: Block shape <8,8,32> took 5.228780 (s) in 3 time steps
AutoTuner: Block shape <8,8,40> took 5.200456 (s) in 3 time steps
AutoTuner: Block shape <8,8,64> took 5.180181 (s) in 3 time steps
AutoTuner: Block shape <8,8,128> took 5.001336 (s) in 3 time steps
AutoTuner: Block shape <8,8,256> took 5.040601 (s) in 3 time steps
AutoTuner: Block shape <8,8,512> took 5.691524 (s) in 3 time steps
AutoTuner: Block shape <8,8,1024> took 6.696381 (s) in 3 time steps
AutoTuner: Block shape <8,8,1036> took 6.675004 (s) in 3 time steps
AutoTuner: Block shape <16,16,8> took 5.272109 (s) in 3 time steps
AutoTuner: Block shape <16,16,24> took 5.061392 (s) in 3 time steps
AutoTuner: Block shape <16,16,32> took 5.061399 (s) in 3 time steps
AutoTuner: Block shape <16,16,40> took 5.054328 (s) in 3 time steps
AutoTuner: Block shape <16,16,64> took 5.020343 (s) in 3 time steps
AutoTuner: Block shape <16,16,128> took 4.940414 (s) in 3 time steps
AutoTuner: Block shape <16,16,256> took 5.334616 (s) in 3 time steps
AutoTuner: Block shape <16,16,512> took 6.249480 (s) in 3 time steps
AutoTuner: Block shape <16,16,1024> took 7.137964 (s) in 3 time steps
AutoTuner: Block shape <16,16,1036> took 7.133382 (s) in 3 time steps
AutoTuner: Block shape <24,24,8> took 5.498029 (s) in 3 time steps
AutoTuner: Block shape <24,24,16> took 5.265834 (s) in 3 time steps
AutoTuner: Block shape <24,24,32> took 5.107618 (s) in 3 time steps
AutoTuner: Block shape <24,24,40> took 5.041320 (s) in 3 time steps
AutoTuner: Block shape <24,24,64> took 4.955715 (s) in 3 time steps
AutoTuner: Block shape <24,24,128> took 5.072884 (s) in 3 time steps
AutoTuner: Block shape <24,24,256> took 5.587810 (s) in 3 time steps
AutoTuner: Block shape <24,24,512> took 6.632827 (s) in 3 time steps
AutoTuner: Block shape <24,24,1024> took 7.198590 (s) in 3 time steps
AutoTuner: Block shape <24,24,1036> took 7.191897 (s) in 3 time steps
AutoTuner: Block shape <32,32,8> took 5.920349 (s) in 3 time steps
AutoTuner: Block shape <32,32,16> took 5.411421 (s) in 3 time steps
AutoTuner: Block shape <32,32,24> took 5.207853 (s) in 3 time steps
AutoTuner: Block shape <32,32,40> took 5.006756 (s) in 3 time steps
AutoTuner: Block shape <32,32,64> took 4.985330 (s) in 3 time steps
AutoTuner: Block shape <32,32,128> took 5.256714 (s) in 3 time steps
AutoTuner: Block shape <32,32,256> took 6.150461 (s) in 3 time steps
AutoTuner: Block shape <32,32,512> took 6.771541 (s) in 3 time steps
AutoTuner: Block shape <32,32,1024> took 7.275149 (s) in 3 time steps
AutoTuner: Block shape <32,32,1036> took 7.270758 (s) in 3 time steps
AutoTuner: Block shape <16,8,8> took 5.426681 (s) in 3 time steps
AutoTuner: Block shape <8,16,8> took 5.402541 (s) in 3 time steps
AutoTuner: Block shape <16,8,16> took 5.211374 (s) in 3 time steps
AutoTuner: Block shape <8,16,16> took 5.187775 (s) in 3 time steps
AutoTuner: Block shape <32,16,16> took 5.253203 (s) in 3 time steps
AutoTuner: Block shape <16,32,16> took 5.241429 (s) in 3 time steps
AutoTuner: Block shape <32,16,32> took 5.134318 (s) in 3 time steps
AutoTuner: Block shape <16,32,32> took 5.121098 (s) in 3 time steps
AutoTuner: Block shape <48,24,24> took 5.222721 (s) in 3 time steps
AutoTuner: Block shape <24,48,24> took 5.226207 (s) in 3 time steps
AutoTuner: Block shape <24,24,48> took 5.005640 (s) in 3 time steps
AutoTuner: Block shape <48,48,24> took 5.202237 (s) in 3 time steps
AutoTuner: Block shape <48,24,48> took 4.969744 (s) in 3 time steps
AutoTuner: Block shape <24,48,48> took 5.148599 (s) in 3 time steps
AutoTuner: Block shape <48,48,48> took 5.126823 (s) in 3 time steps
AutoTuner: Block shape <64,32,32> took 5.051896 (s) in 3 time steps
AutoTuner: Block shape <32,64,32> took 5.309736 (s) in 3 time steps
AutoTuner: Block shape <64,64,32> took 5.277170 (s) in 3 time steps
AutoTuner: Block shape <64,32,64> took 4.949792 (s) in 3 time steps
AutoTuner: Block shape <32,64,64> took 5.463125 (s) in 3 time steps
AutoTuner: Block shape <80,40,40> took 5.045151 (s) in 3 time steps
AutoTuner: Block shape <40,80,40> took 5.558513 (s) in 3 time steps
AutoTuner: Block shape <40,40,80> took 5.214458 (s) in 3 time steps
AutoTuner: Block shape <80,80,40> took 5.625524 (s) in 3 time steps
AutoTuner: Block shape <80,40,80> took 5.269756 (s) in 3 time steps
AutoTuner: Block shape <40,80,80> took 6.094766 (s) in 3 time steps
AutoTuner: Block shape <80,80,80> took 6.215772 (s) in 3 time steps
AutoTuner: Block shape <128,64,64> took 5.434458 (s) in 3 time steps
AutoTuner: Block shape <64,128,64> took 6.711882 (s) in 3 time steps
AutoTuner: Block shape <64,64,128> took 6.304997 (s) in 3 time steps
AutoTuner: Block shape <128,128,64> took 6.703199 (s) in 3 time steps
AutoTuner: Block shape <128,64,128> took 6.297642 (s) in 3 time steps
AutoTuner: Block shape <64,128,128> took 6.943490 (s) in 3 time steps
AutoTuner: Block shape <256,128,128> took 7.121834 (s) in 3 time steps
AutoTuner: Block shape <128,256,128> took 7.397213 (s) in 3 time steps
AutoTuner: Block shape <128,128,256> took 7.249322 (s) in 3 time steps
AutoTuner: Block shape <256,256,128> took 7.919899 (s) in 3 time steps
AutoTuner: Block shape <256,128,256> took 7.659922 (s) in 3 time steps
AutoTuner: Block shape <128,256,256> took 7.920705 (s) in 3 time steps
AutoTuner: Block shape <512,256,256> took 8.814256 (s) in 3 time steps
AutoTuner: Block shape <256,512,256> took 8.932171 (s) in 3 time steps
AutoTuner: Block shape <256,256,512> took 8.504620 (s) in 3 time steps
AutoTuner: Block shape <512,512,256> took 11.781581 (s) in 3 time steps
AutoTuner: Block shape <512,256,512> took 9.024146 (s) in 3 time steps
AutoTuner: Block shape <256,512,512> took 9.125261 (s) in 3 time steps
AutoTuner: Block shape <1024,512,512> took 28.542077 (s) in 3 time steps
AutoTuner: Block shape <512,1024,512> took 28.662222 (s) in 3 time steps
AutoTuner: Block shape <512,512,1024> took 19.303059 (s) in 3 time steps
AutoTuner: Block shape <1024,1024,512> took 52.660778 (s) in 3 time steps
AutoTuner: Block shape <1024,512,1024> took 35.892417 (s) in 3 time steps
AutoTuner: Block shape <512,1024,1024> took 35.811361 (s) in 3 time steps
Auto-tuned block shape: {'x0_block_size': 16, 'y0_block_size': 16, 'z0_block_size': 128}
=========================================================================================
Section section_1<415,1> with OI=0.64 computed in 0.001 s [0.08 GFlops/s]
Section section_2<415,101> with OI=1.27 computed in 0.005 s [0.73 GFlops/s]
Section main<415,1036,1036,1036> with OI=20.84 computed in 2089.127 s [189.30 GFlops/s, 0.22 GPts/s]
=========================================================================================
Allocating memory for m ((1044, 1044, 1044))
Allocating memory for damp ((1044, 1044, 1044))
Allocating memory for epsilon ((1044, 1044, 1044))
Allocating memory for delta ((1044, 1044, 1044))
Allocating memory for theta ((1044, 1044, 1044))
Allocating memory for phi ((1044, 1044, 1044))
Allocating memory for src ((417, 1))
Allocating memory for src_coords ((1, 3))
Allocating memory for nrec_coords ((101, 3))
Allocating memory for rec_coords ((101, 3))
DSE: extract_time_invariants [flops: 1607, elapsed: 0.16] >>
     eliminate_inter_stencil_redundancies [flops: 1523, elapsed: 0.24] >>
     eliminate_intra_stencil_redundancies [flops: 743, elapsed: 0.31] >>
     factorize [flops: 641, elapsed: 0.53] >>
     finalize [flops: 643, elapsed: 0.01]
     [Total elapsed: 1.25 s]
DLE: avoid_denormals [elapsed: 0.00] >>
     loop_fission [elapsed: 0.01] >>
     loop_blocking [elapsed: 0.13] >>
     simdize [elapsed: 0.08] >>
     ompize [elapsed: 0.04] >>
     create_elemental_functions [elapsed: 0.23] >>
     minimize_remainders [elapsed: 0.02]
     [Total elapsed: 0.51 s]
Allocating memory for rec ((417, 101))
Allocating memory for u ((3, 1044, 1044, 1044))
Allocating memory for v ((3, 1044, 1044, 1044))
IntelCompiler: compiled /tmp/devito-md1rkyzs/4b36f3748a151cfc18654e93621d5a6863c83da0.c [17.73 s]
AutoTuner: Block shape <8,8,8> took 3.551998 (s) in 3 time steps
AutoTuner: Block shape <16,16,16> took 3.201557 (s) in 3 time steps
AutoTuner: Block shape <24,24,24> took 3.253949 (s) in 3 time steps
AutoTuner: Block shape <32,32,32> took 3.171484 (s) in 3 time steps
AutoTuner: Block shape <40,40,40> took 3.158369 (s) in 3 time steps
AutoTuner: Block shape <64,64,64> took 3.585493 (s) in 3 time steps
AutoTuner: Block shape <128,128,128> took 4.845641 (s) in 3 time steps
AutoTuner: Block shape <256,256,256> took 5.727534 (s) in 3 time steps
AutoTuner: Block shape <512,512,512> took 12.550086 (s) in 3 time steps
AutoTuner: Block shape <1024,1024,1024> took 87.931376 (s) in 3 time steps
AutoTuner: Block shape <1036,1036,1036> took 88.115518 (s) in 3 time steps
AutoTuner: Block shape <8,8,16> took 3.403215 (s) in 3 time steps
AutoTuner: Block shape <8,8,24> took 3.298270 (s) in 3 time steps
AutoTuner: Block shape <8,8,32> took 3.259026 (s) in 3 time steps
AutoTuner: Block shape <8,8,40> took 3.221250 (s) in 3 time steps
AutoTuner: Block shape <8,8,64> took 3.246569 (s) in 3 time steps
AutoTuner: Block shape <8,8,128> took 3.244131 (s) in 3 time steps
AutoTuner: Block shape <8,8,256> took 3.352638 (s) in 3 time steps
AutoTuner: Block shape <8,8,512> took 3.773253 (s) in 3 time steps
AutoTuner: Block shape <8,8,1024> took 4.680887 (s) in 3 time steps
AutoTuner: Block shape <8,8,1036> took 4.694712 (s) in 3 time steps
AutoTuner: Block shape <16,16,8> took 3.277875 (s) in 3 time steps
AutoTuner: Block shape <16,16,24> took 3.164167 (s) in 3 time steps
AutoTuner: Block shape <16,16,32> took 3.166650 (s) in 3 time steps
AutoTuner: Block shape <16,16,40> took 3.140842 (s) in 3 time steps
AutoTuner: Block shape <16,16,64> took 3.134671 (s) in 3 time steps
AutoTuner: Block shape <16,16,128> took 3.120225 (s) in 3 time steps
AutoTuner: Block shape <16,16,256> took 3.460867 (s) in 3 time steps
AutoTuner: Block shape <16,16,512> took 4.350449 (s) in 3 time steps
AutoTuner: Block shape <16,16,1024> took 5.092557 (s) in 3 time steps
AutoTuner: Block shape <16,16,1036> took 5.102741 (s) in 3 time steps
AutoTuner: Block shape <24,24,8> took 3.529480 (s) in 3 time steps
AutoTuner: Block shape <24,24,16> took 3.368603 (s) in 3 time steps
AutoTuner: Block shape <24,24,32> took 3.192123 (s) in 3 time steps
AutoTuner: Block shape <24,24,40> took 3.110572 (s) in 3 time steps
AutoTuner: Block shape <24,24,64> took 3.067696 (s) in 3 time steps
AutoTuner: Block shape <24,24,128> took 3.254048 (s) in 3 time steps
AutoTuner: Block shape <24,24,256> took 3.859442 (s) in 3 time steps
AutoTuner: Block shape <24,24,512> took 4.610622 (s) in 3 time steps
AutoTuner: Block shape <24,24,1024> took 5.241605 (s) in 3 time steps
AutoTuner: Block shape <24,24,1036> took 5.260039 (s) in 3 time steps
AutoTuner: Block shape <32,32,8> took 3.886726 (s) in 3 time steps
AutoTuner: Block shape <32,32,16> took 3.452262 (s) in 3 time steps
AutoTuner: Block shape <32,32,24> took 3.267359 (s) in 3 time steps
AutoTuner: Block shape <32,32,40> took 3.110618 (s) in 3 time steps
AutoTuner: Block shape <32,32,64> took 3.144532 (s) in 3 time steps
AutoTuner: Block shape <32,32,128> took 3.425401 (s) in 3 time steps
AutoTuner: Block shape <32,32,256> took 4.307531 (s) in 3 time steps
AutoTuner: Block shape <32,32,512> took 4.723205 (s) in 3 time steps
AutoTuner: Block shape <32,32,1024> took 5.299903 (s) in 3 time steps
AutoTuner: Block shape <32,32,1036> took 5.303917 (s) in 3 time steps
AutoTuner: Block shape <16,8,8> took 3.411045 (s) in 3 time steps
AutoTuner: Block shape <8,16,8> took 3.369377 (s) in 3 time steps
AutoTuner: Block shape <16,8,16> took 3.285304 (s) in 3 time steps
AutoTuner: Block shape <8,16,16> took 3.270125 (s) in 3 time steps
AutoTuner: Block shape <32,16,16> took 3.401190 (s) in 3 time steps
AutoTuner: Block shape <16,32,16> took 3.353226 (s) in 3 time steps
AutoTuner: Block shape <32,16,32> took 3.220723 (s) in 3 time steps
AutoTuner: Block shape <16,32,32> took 3.212345 (s) in 3 time steps
AutoTuner: Block shape <48,24,24> took 3.252903 (s) in 3 time steps
AutoTuner: Block shape <24,48,24> took 3.285376 (s) in 3 time steps
AutoTuner: Block shape <24,24,48> took 3.092624 (s) in 3 time steps
AutoTuner: Block shape <48,48,24> took 3.240393 (s) in 3 time steps
AutoTuner: Block shape <48,24,48> took 3.049821 (s) in 3 time steps
AutoTuner: Block shape <24,48,48> took 3.318887 (s) in 3 time steps
AutoTuner: Block shape <48,48,48> took 3.267353 (s) in 3 time steps
AutoTuner: Block shape <64,32,32> took 3.126425 (s) in 3 time steps
AutoTuner: Block shape <32,64,32> took 3.396265 (s) in 3 time steps
AutoTuner: Block shape <64,64,32> took 3.347646 (s) in 3 time steps
AutoTuner: Block shape <64,32,64> took 3.108004 (s) in 3 time steps
AutoTuner: Block shape <32,64,64> took 3.619737 (s) in 3 time steps
AutoTuner: Block shape <80,40,40> took 3.159129 (s) in 3 time steps
AutoTuner: Block shape <40,80,40> took 3.630143 (s) in 3 time steps
AutoTuner: Block shape <40,40,80> took 3.361307 (s) in 3 time steps
AutoTuner: Block shape <80,80,40> took 3.633226 (s) in 3 time steps
AutoTuner: Block shape <80,40,80> took 3.347327 (s) in 3 time steps
AutoTuner: Block shape <40,80,80> took 4.302795 (s) in 3 time steps
AutoTuner: Block shape <80,80,80> took 4.342194 (s) in 3 time steps
AutoTuner: Block shape <128,64,64> took 3.577927 (s) in 3 time steps
AutoTuner: Block shape <64,128,64> took 4.681372 (s) in 3 time steps
AutoTuner: Block shape <64,64,128> took 4.410439 (s) in 3 time steps
AutoTuner: Block shape <128,128,64> took 4.689486 (s) in 3 time steps
AutoTuner: Block shape <128,64,128> took 4.403807 (s) in 3 time steps
AutoTuner: Block shape <64,128,128> took 4.857045 (s) in 3 time steps
AutoTuner: Block shape <256,128,128> took 4.969259 (s) in 3 time steps
AutoTuner: Block shape <128,256,128> took 5.129261 (s) in 3 time steps
AutoTuner: Block shape <128,128,256> took 5.008832 (s) in 3 time steps
AutoTuner: Block shape <256,256,128> took 5.426732 (s) in 3 time steps
AutoTuner: Block shape <256,128,256> took 5.265328 (s) in 3 time steps
AutoTuner: Block shape <128,256,256> took 5.464172 (s) in 3 time steps
AutoTuner: Block shape <512,256,256> took 5.968328 (s) in 3 time steps
AutoTuner: Block shape <256,512,256> took 6.036226 (s) in 3 time steps
AutoTuner: Block shape <256,256,512> took 5.903457 (s) in 3 time steps
AutoTuner: Block shape <512,512,256> took 7.275584 (s) in 3 time steps
AutoTuner: Block shape <512,256,512> took 7.152887 (s) in 3 time steps
AutoTuner: Block shape <256,512,512> took 7.258188 (s) in 3 time steps
AutoTuner: Block shape <1024,512,512> took 23.647070 (s) in 3 time steps
AutoTuner: Block shape <512,1024,512> took 23.896455 (s) in 3 time steps
AutoTuner: Block shape <512,512,1024> took 23.626048 (s) in 3 time steps
AutoTuner: Block shape <1024,1024,512> took 45.615828 (s) in 3 time steps
AutoTuner: Block shape <1024,512,1024> took 44.967033 (s) in 3 time steps
AutoTuner: Block shape <512,1024,1024> took 45.254613 (s) in 3 time steps
Auto-tuned block shape: {'x0_block_size': 48, 'y0_block_size': 24, 'z0_block_size': 48}
=========================================================================================
Section section_0<1040,1040,1040> with OI=0.35 computed in 0.670 s [11.75 GFlops/s]
Section section_2<415,1> with OI=0.64 computed in 0.000 s [0.10 GFlops/s]
Section section_3<415,101> with OI=1.27 computed in 0.004 s [1.00 GFlops/s]
Section main<415,1036,1036,1036> with OI=14.21 computed in 926.846 s [320.13 GFlops/s, 0.50 GPts/s]
=========================================================================================
Allocating memory for m ((1044, 1044, 1044))
Allocating memory for damp ((1044, 1044, 1044))
Allocating memory for epsilon ((1044, 1044, 1044))
Allocating memory for delta ((1044, 1044, 1044))
Allocating memory for theta ((1044, 1044, 1044))
Allocating memory for phi ((1044, 1044, 1044))
Allocating memory for src ((417, 1))
Allocating memory for src_coords ((1, 3))
Allocating memory for nrec_coords ((101, 3))
Allocating memory for rec_coords ((101, 3))
DSE: extract_time_invariants [flops: 1607, elapsed: 0.16] >>
     eliminate_inter_stencil_redundancies [flops: 1523, elapsed: 0.24] >>
     eliminate_intra_stencil_redundancies [flops: 743, elapsed: 0.31] >>
     factorize [flops: 641, elapsed: 0.53] >>
     finalize [flops: 643, elapsed: 0.01]
     [Total elapsed: 1.25 s]
DLE: avoid_denormals [elapsed: 0.00] >>
     loop_fission [elapsed: 0.01] >>
     loop_blocking [elapsed: 0.13] >>
     simdize [elapsed: 0.08] >>
     ompize [elapsed: 0.04] >>
     create_elemental_functions [elapsed: 0.23] >>
     minimize_remainders [elapsed: 0.02]
     [Total elapsed: 0.51 s]
Allocating memory for rec ((417, 101))
Allocating memory for u ((3, 1044, 1044, 1044))
Allocating memory for v ((3, 1044, 1044, 1044))
IntelCompiler: compiled /tmp/devito-md1rkyzs/4b36f3748a151cfc18654e93621d5a6863c83da0.c [17.78 s]
AutoTuner: Block shape <8,8,8> took 3.545337 (s) in 3 time steps
AutoTuner: Block shape <16,16,16> took 3.217221 (s) in 3 time steps
AutoTuner: Block shape <24,24,24> took 3.250626 (s) in 3 time steps
AutoTuner: Block shape <32,32,32> took 3.166339 (s) in 3 time steps
AutoTuner: Block shape <40,40,40> took 3.144129 (s) in 3 time steps
AutoTuner: Block shape <64,64,64> took 3.590244 (s) in 3 time steps
AutoTuner: Block shape <128,128,128> took 4.858249 (s) in 3 time steps
AutoTuner: Block shape <256,256,256> took 5.722591 (s) in 3 time steps
AutoTuner: Block shape <512,512,512> took 12.677648 (s) in 3 time steps
AutoTuner: Block shape <1024,1024,1024> took 87.952756 (s) in 3 time steps
AutoTuner: Block shape <1036,1036,1036> took 88.188593 (s) in 3 time steps
AutoTuner: Block shape <8,8,16> took 3.400502 (s) in 3 time steps
AutoTuner: Block shape <8,8,24> took 3.286211 (s) in 3 time steps
AutoTuner: Block shape <8,8,32> took 3.256574 (s) in 3 time steps
AutoTuner: Block shape <8,8,40> took 3.217389 (s) in 3 time steps
AutoTuner: Block shape <8,8,64> took 3.251160 (s) in 3 time steps
AutoTuner: Block shape <8,8,128> took 3.244807 (s) in 3 time steps
AutoTuner: Block shape <8,8,256> took 3.340087 (s) in 3 time steps
AutoTuner: Block shape <8,8,512> took 3.761767 (s) in 3 time steps
AutoTuner: Block shape <8,8,1024> took 4.680762 (s) in 3 time steps
AutoTuner: Block shape <8,8,1036> took 4.669480 (s) in 3 time steps
AutoTuner: Block shape <16,16,8> took 3.287036 (s) in 3 time steps
AutoTuner: Block shape <16,16,24> took 3.167933 (s) in 3 time steps
AutoTuner: Block shape <16,16,32> took 3.157330 (s) in 3 time steps
AutoTuner: Block shape <16,16,40> took 3.140329 (s) in 3 time steps
AutoTuner: Block shape <16,16,64> took 3.126472 (s) in 3 time steps
AutoTuner: Block shape <16,16,128> took 3.130809 (s) in 3 time steps
AutoTuner: Block shape <16,16,256> took 3.466133 (s) in 3 time steps
AutoTuner: Block shape <16,16,512> took 4.336041 (s) in 3 time steps
AutoTuner: Block shape <16,16,1024> took 5.104043 (s) in 3 time steps
AutoTuner: Block shape <16,16,1036> took 5.116296 (s) in 3 time steps
AutoTuner: Block shape <24,24,8> took 3.529165 (s) in 3 time steps
AutoTuner: Block shape <24,24,16> took 3.355978 (s) in 3 time steps
AutoTuner: Block shape <24,24,32> took 3.182149 (s) in 3 time steps
AutoTuner: Block shape <24,24,40> took 3.112841 (s) in 3 time steps
AutoTuner: Block shape <24,24,64> took 3.080240 (s) in 3 time steps
AutoTuner: Block shape <24,24,128> took 3.250964 (s) in 3 time steps
AutoTuner: Block shape <24,24,256> took 3.841594 (s) in 3 time steps
AutoTuner: Block shape <24,24,512> took 4.599815 (s) in 3 time steps
AutoTuner: Block shape <24,24,1024> took 5.214075 (s) in 3 time steps
AutoTuner: Block shape <24,24,1036> took 5.226928 (s) in 3 time steps
AutoTuner: Block shape <32,32,8> took 3.887846 (s) in 3 time steps
AutoTuner: Block shape <32,32,16> took 3.458020 (s) in 3 time steps
AutoTuner: Block shape <32,32,24> took 3.256898 (s) in 3 time steps
AutoTuner: Block shape <32,32,40> took 3.113920 (s) in 3 time steps
AutoTuner: Block shape <32,32,64> took 3.137308 (s) in 3 time steps
AutoTuner: Block shape <32,32,128> took 3.415398 (s) in 3 time steps
AutoTuner: Block shape <32,32,256> took 4.294959 (s) in 3 time steps
AutoTuner: Block shape <32,32,512> took 4.743624 (s) in 3 time steps
AutoTuner: Block shape <32,32,1024> took 5.282480 (s) in 3 time steps
AutoTuner: Block shape <32,32,1036> took 5.283574 (s) in 3 time steps
AutoTuner: Block shape <16,8,8> took 3.402994 (s) in 3 time steps
AutoTuner: Block shape <8,16,8> took 3.374082 (s) in 3 time steps
AutoTuner: Block shape <16,8,16> took 3.286657 (s) in 3 time steps
AutoTuner: Block shape <8,16,16> took 3.270660 (s) in 3 time steps
AutoTuner: Block shape <32,16,16> took 3.387574 (s) in 3 time steps
AutoTuner: Block shape <16,32,16> took 3.343446 (s) in 3 time steps
AutoTuner: Block shape <32,16,32> took 3.204762 (s) in 3 time steps
AutoTuner: Block shape <16,32,32> took 3.216641 (s) in 3 time steps
AutoTuner: Block shape <48,24,24> took 3.253354 (s) in 3 time steps
AutoTuner: Block shape <24,48,24> took 3.278355 (s) in 3 time steps
AutoTuner: Block shape <24,24,48> took 3.098140 (s) in 3 time steps
AutoTuner: Block shape <48,48,24> took 3.240954 (s) in 3 time steps
AutoTuner: Block shape <48,24,48> took 3.052942 (s) in 3 time steps
AutoTuner: Block shape <24,48,48> took 3.326493 (s) in 3 time steps
AutoTuner: Block shape <48,48,48> took 3.283297 (s) in 3 time steps
AutoTuner: Block shape <64,32,32> took 3.130430 (s) in 3 time steps
AutoTuner: Block shape <32,64,32> took 3.398261 (s) in 3 time steps
AutoTuner: Block shape <64,64,32> took 3.365751 (s) in 3 time steps
AutoTuner: Block shape <64,32,64> took 3.110317 (s) in 3 time steps
AutoTuner: Block shape <32,64,64> took 3.626017 (s) in 3 time steps
AutoTuner: Block shape <80,40,40> took 3.154206 (s) in 3 time steps
AutoTuner: Block shape <40,80,40> took 3.617133 (s) in 3 time steps
AutoTuner: Block shape <40,40,80> took 3.345180 (s) in 3 time steps
AutoTuner: Block shape <80,80,40> took 3.618008 (s) in 3 time steps
AutoTuner: Block shape <80,40,80> took 3.351646 (s) in 3 time steps
AutoTuner: Block shape <40,80,80> took 4.281554 (s) in 3 time steps
AutoTuner: Block shape <80,80,80> took 4.335043 (s) in 3 time steps
AutoTuner: Block shape <128,64,64> took 3.579186 (s) in 3 time steps
AutoTuner: Block shape <64,128,64> took 4.713115 (s) in 3 time steps
AutoTuner: Block shape <64,64,128> took 4.430776 (s) in 3 time steps
AutoTuner: Block shape <128,128,64> took 4.683989 (s) in 3 time steps
AutoTuner: Block shape <128,64,128> took 4.391013 (s) in 3 time steps
AutoTuner: Block shape <64,128,128> took 4.837528 (s) in 3 time steps
AutoTuner: Block shape <256,128,128> took 4.956996 (s) in 3 time steps
AutoTuner: Block shape <128,256,128> took 5.142116 (s) in 3 time steps
AutoTuner: Block shape <128,128,256> took 5.013424 (s) in 3 time steps
AutoTuner: Block shape <256,256,128> took 5.440133 (s) in 3 time steps
AutoTuner: Block shape <256,128,256> took 5.275364 (s) in 3 time steps
AutoTuner: Block shape <128,256,256> took 5.472464 (s) in 3 time steps
AutoTuner: Block shape <512,256,256> took 6.001292 (s) in 3 time steps
AutoTuner: Block shape <256,512,256> took 6.083446 (s) in 3 time steps
AutoTuner: Block shape <256,256,512> took 5.940379 (s) in 3 time steps
AutoTuner: Block shape <512,512,256> took 7.311604 (s) in 3 time steps
AutoTuner: Block shape <512,256,512> took 7.149263 (s) in 3 time steps
AutoTuner: Block shape <256,512,512> took 7.259062 (s) in 3 time steps
AutoTuner: Block shape <1024,512,512> took 23.643075 (s) in 3 time steps
AutoTuner: Block shape <512,1024,512> took 23.877209 (s) in 3 time steps
AutoTuner: Block shape <512,512,1024> took 23.610380 (s) in 3 time steps
AutoTuner: Block shape <1024,1024,512> took 45.724335 (s) in 3 time steps
AutoTuner: Block shape <1024,512,1024> took 45.105373 (s) in 3 time steps
AutoTuner: Block shape <512,1024,1024> took 45.348336 (s) in 3 time steps
Auto-tuned block shape: {'x0_block_size': 48, 'y0_block_size': 24, 'z0_block_size': 48}
=========================================================================================
Section section_0<1040,1040,1040> with OI=0.35 computed in 0.656 s [12.00 GFlops/s]
Section section_2<415,1> with OI=0.64 computed in 0.000 s [0.11 GFlops/s]
Section section_3<415,101> with OI=1.27 computed in 0.004 s [0.87 GFlops/s]
Section main<415,1036,1036,1036> with OI=14.21 computed in 927.056 s [320.06 GFlops/s, 0.50 GPts/s]
=========================================================================================
Allocating memory for m ((1044, 1044, 1044))
Allocating memory for damp ((1044, 1044, 1044))
Allocating memory for epsilon ((1044, 1044, 1044))
Allocating memory for delta ((1044, 1044, 1044))
Allocating memory for theta ((1044, 1044, 1044))
Allocating memory for phi ((1044, 1044, 1044))
Allocating memory for src ((417, 1))
Allocating memory for src_coords ((1, 3))
Allocating memory for nrec_coords ((101, 3))
Allocating memory for rec_coords ((101, 3))
DSE: extract_time_invariants [flops: 1607, elapsed: 0.16] >>
     eliminate_inter_stencil_redundancies [flops: 1523, elapsed: 0.24] >>
     eliminate_intra_stencil_redundancies [flops: 743, elapsed: 0.31] >>
     factorize [flops: 641, elapsed: 0.53] >>
     finalize [flops: 643, elapsed: 0.01]
     [Total elapsed: 1.25 s]
DLE: avoid_denormals [elapsed: 0.00] >>
     loop_fission [elapsed: 0.01] >>
     loop_blocking [elapsed: 0.13] >>
     simdize [elapsed: 0.08] >>
     ompize [elapsed: 0.04] >>
     create_elemental_functions [elapsed: 0.23] >>
     minimize_remainders [elapsed: 0.02]
     [Total elapsed: 0.51 s]
Allocating memory for rec ((417, 101))
Allocating memory for u ((3, 1044, 1044, 1044))
Allocating memory for v ((3, 1044, 1044, 1044))
IntelCompiler: compiled /tmp/devito-md1rkyzs/4b36f3748a151cfc18654e93621d5a6863c83da0.c [17.70 s]
AutoTuner: Block shape <8,8,8> took 3.540374 (s) in 3 time steps
AutoTuner: Block shape <16,16,16> took 3.207110 (s) in 3 time steps
AutoTuner: Block shape <24,24,24> took 3.250045 (s) in 3 time steps
AutoTuner: Block shape <32,32,32> took 3.162857 (s) in 3 time steps
AutoTuner: Block shape <40,40,40> took 3.148479 (s) in 3 time steps
AutoTuner: Block shape <64,64,64> took 3.582269 (s) in 3 time steps
AutoTuner: Block shape <128,128,128> took 4.866781 (s) in 3 time steps
AutoTuner: Block shape <256,256,256> took 5.769131 (s) in 3 time steps
AutoTuner: Block shape <512,512,512> took 12.552021 (s) in 3 time steps
AutoTuner: Block shape <1024,1024,1024> took 87.406218 (s) in 3 time steps
AutoTuner: Block shape <1036,1036,1036> took 87.619444 (s) in 3 time steps
AutoTuner: Block shape <8,8,16> took 3.393251 (s) in 3 time steps
AutoTuner: Block shape <8,8,24> took 3.292150 (s) in 3 time steps
AutoTuner: Block shape <8,8,32> took 3.259554 (s) in 3 time steps
AutoTuner: Block shape <8,8,40> took 3.225728 (s) in 3 time steps
AutoTuner: Block shape <8,8,64> took 3.247932 (s) in 3 time steps
AutoTuner: Block shape <8,8,128> took 3.254038 (s) in 3 time steps
AutoTuner: Block shape <8,8,256> took 3.349003 (s) in 3 time steps
AutoTuner: Block shape <8,8,512> took 3.767711 (s) in 3 time steps
AutoTuner: Block shape <8,8,1024> took 4.680672 (s) in 3 time steps
AutoTuner: Block shape <8,8,1036> took 4.679195 (s) in 3 time steps
AutoTuner: Block shape <16,16,8> took 3.290011 (s) in 3 time steps
AutoTuner: Block shape <16,16,24> took 3.171531 (s) in 3 time steps
AutoTuner: Block shape <16,16,32> took 3.152884 (s) in 3 time steps
AutoTuner: Block shape <16,16,40> took 3.132352 (s) in 3 time steps
AutoTuner: Block shape <16,16,64> took 3.145587 (s) in 3 time steps
AutoTuner: Block shape <16,16,128> took 3.122830 (s) in 3 time steps
AutoTuner: Block shape <16,16,256> took 3.447811 (s) in 3 time steps
AutoTuner: Block shape <16,16,512> took 4.324596 (s) in 3 time steps
AutoTuner: Block shape <16,16,1024> took 5.092459 (s) in 3 time steps
AutoTuner: Block shape <16,16,1036> took 5.095211 (s) in 3 time steps
AutoTuner: Block shape <24,24,8> took 3.527452 (s) in 3 time steps
AutoTuner: Block shape <24,24,16> took 3.378899 (s) in 3 time steps
AutoTuner: Block shape <24,24,32> took 3.184501 (s) in 3 time steps
AutoTuner: Block shape <24,24,40> took 3.112902 (s) in 3 time steps
AutoTuner: Block shape <24,24,64> took 3.072767 (s) in 3 time steps
AutoTuner: Block shape <24,24,128> took 3.259580 (s) in 3 time steps
AutoTuner: Block shape <24,24,256> took 3.842152 (s) in 3 time steps
AutoTuner: Block shape <24,24,512> took 4.603663 (s) in 3 time steps
AutoTuner: Block shape <24,24,1024> took 5.237661 (s) in 3 time steps
AutoTuner: Block shape <24,24,1036> took 5.248285 (s) in 3 time steps
AutoTuner: Block shape <32,32,8> took 3.896873 (s) in 3 time steps
AutoTuner: Block shape <32,32,16> took 3.459621 (s) in 3 time steps
AutoTuner: Block shape <32,32,24> took 3.264656 (s) in 3 time steps
AutoTuner: Block shape <32,32,40> took 3.103534 (s) in 3 time steps
AutoTuner: Block shape <32,32,64> took 3.140836 (s) in 3 time steps
AutoTuner: Block shape <32,32,128> took 3.415705 (s) in 3 time steps
AutoTuner: Block shape <32,32,256> took 4.290480 (s) in 3 time steps
AutoTuner: Block shape <32,32,512> took 4.732109 (s) in 3 time steps
AutoTuner: Block shape <32,32,1024> took 5.295094 (s) in 3 time steps
AutoTuner: Block shape <32,32,1036> took 5.290920 (s) in 3 time steps
AutoTuner: Block shape <16,8,8> took 3.401736 (s) in 3 time steps
AutoTuner: Block shape <8,16,8> took 3.365897 (s) in 3 time steps
AutoTuner: Block shape <16,8,16> took 3.279606 (s) in 3 time steps
AutoTuner: Block shape <8,16,16> took 3.267352 (s) in 3 time steps
AutoTuner: Block shape <32,16,16> took 3.387901 (s) in 3 time steps
AutoTuner: Block shape <16,32,16> took 3.352835 (s) in 3 time steps
AutoTuner: Block shape <32,16,32> took 3.207709 (s) in 3 time steps
AutoTuner: Block shape <16,32,32> took 3.207432 (s) in 3 time steps
AutoTuner: Block shape <48,24,24> took 3.259554 (s) in 3 time steps
AutoTuner: Block shape <24,48,24> took 3.270779 (s) in 3 time steps
AutoTuner: Block shape <24,24,48> took 3.092220 (s) in 3 time steps
AutoTuner: Block shape <48,48,24> took 3.235243 (s) in 3 time steps
AutoTuner: Block shape <48,24,48> took 3.053197 (s) in 3 time steps
AutoTuner: Block shape <24,48,48> took 3.316080 (s) in 3 time steps
AutoTuner: Block shape <48,48,48> took 3.265515 (s) in 3 time steps
AutoTuner: Block shape <64,32,32> took 3.132780 (s) in 3 time steps
AutoTuner: Block shape <32,64,32> took 3.397196 (s) in 3 time steps
AutoTuner: Block shape <64,64,32> took 3.350145 (s) in 3 time steps
AutoTuner: Block shape <64,32,64> took 3.099178 (s) in 3 time steps
AutoTuner: Block shape <32,64,64> took 3.610843 (s) in 3 time steps
AutoTuner: Block shape <80,40,40> took 3.142168 (s) in 3 time steps
AutoTuner: Block shape <40,80,40> took 3.626280 (s) in 3 time steps
AutoTuner: Block shape <40,40,80> took 3.365231 (s) in 3 time steps
AutoTuner: Block shape <80,80,40> took 3.611115 (s) in 3 time steps
AutoTuner: Block shape <80,40,80> took 3.338405 (s) in 3 time steps
AutoTuner: Block shape <40,80,80> took 4.297600 (s) in 3 time steps
AutoTuner: Block shape <80,80,80> took 4.330974 (s) in 3 time steps
AutoTuner: Block shape <128,64,64> took 3.591117 (s) in 3 time steps
AutoTuner: Block shape <64,128,64> took 4.689129 (s) in 3 time steps
AutoTuner: Block shape <64,64,128> took 4.405044 (s) in 3 time steps
AutoTuner: Block shape <128,128,64> took 4.718647 (s) in 3 time steps
AutoTuner: Block shape <128,64,128> took 4.423481 (s) in 3 time steps
AutoTuner: Block shape <64,128,128> took 4.849233 (s) in 3 time steps
AutoTuner: Block shape <256,128,128> took 4.913255 (s) in 3 time steps
AutoTuner: Block shape <128,256,128> took 5.141515 (s) in 3 time steps
AutoTuner: Block shape <128,128,256> took 5.022742 (s) in 3 time steps
AutoTuner: Block shape <256,256,128> took 5.437018 (s) in 3 time steps
AutoTuner: Block shape <256,128,256> took 5.272928 (s) in 3 time steps
AutoTuner: Block shape <128,256,256> took 5.490288 (s) in 3 time steps
AutoTuner: Block shape <512,256,256> took 5.898131 (s) in 3 time steps
AutoTuner: Block shape <256,512,256> took 6.035100 (s) in 3 time steps
AutoTuner: Block shape <256,256,512> took 5.931581 (s) in 3 time steps
AutoTuner: Block shape <512,512,256> took 7.256697 (s) in 3 time steps
AutoTuner: Block shape <512,256,512> took 7.110234 (s) in 3 time steps
AutoTuner: Block shape <256,512,512> took 7.224626 (s) in 3 time steps
AutoTuner: Block shape <1024,512,512> took 23.660370 (s) in 3 time steps
AutoTuner: Block shape <512,1024,512> took 23.883776 (s) in 3 time steps
AutoTuner: Block shape <512,512,1024> took 23.619851 (s) in 3 time steps
AutoTuner: Block shape <1024,1024,512> took 45.401408 (s) in 3 time steps
AutoTuner: Block shape <1024,512,1024> took 44.730548 (s) in 3 time steps
AutoTuner: Block shape <512,1024,1024> took 45.047455 (s) in 3 time steps
Auto-tuned block shape: {'x0_block_size': 48, 'y0_block_size': 24, 'z0_block_size': 48}
=========================================================================================
Section section_0<1040,1040,1040> with OI=0.35 computed in 0.654 s [12.04 GFlops/s]
Section section_2<415,1> with OI=0.64 computed in 0.000 s [0.11 GFlops/s]
Section section_3<415,101> with OI=1.27 computed in 0.004 s [0.88 GFlops/s]
Section main<415,1036,1036,1036> with OI=14.21 computed in 925.508 s [320.60 GFlops/s, 0.50 GPts/s]
=========================================================================================
Allocating memory for m ((1044, 1044, 1044))
Allocating memory for damp ((1044, 1044, 1044))
Allocating memory for epsilon ((1044, 1044, 1044))
Allocating memory for delta ((1044, 1044, 1044))
Allocating memory for theta ((1044, 1044, 1044))
Allocating memory for phi ((1044, 1044, 1044))
Allocating memory for src ((417, 1))
Allocating memory for src_coords ((1, 3))
Allocating memory for nrec_coords ((101, 3))
Allocating memory for rec_coords ((101, 3))
DSE: extract_time_varying [flops: 1417, elapsed: 0.11] >>
     extract_time_invariants [flops: 1145, elapsed: 0.06] >>
     eliminate_inter_stencil_redundancies [flops: 635, elapsed: 0.18] >>
     extract_sum_of_products [flops: 461, elapsed: 0.03] >>
     eliminate_inter_stencil_redundancies [flops: 307, elapsed: 0.05] >>
     extract_sum_of_products [flops: 264, elapsed: 0.01] >>
     factorize [flops: 202, elapsed: 0.11] >>
     eliminate_intra_stencil_redundancies [flops: 167, elapsed: 0.04] >>
     finalize [flops: 168, elapsed: 0.00]
     [Total elapsed: 0.61 s]
DLE: avoid_denormals [elapsed: 0.00] >>
     loop_fission [elapsed: 0.01] >>
     loop_blocking [elapsed: 0.30] >>
     simdize [elapsed: 0.04] >>
     ompize [elapsed: 0.04] >>
     create_elemental_functions [elapsed: 0.29] >>
     minimize_remainders [elapsed: 0.02]
     [Total elapsed: 0.69 s]
Allocating memory for rec ((417, 101))
Allocating memory for u ((3, 1044, 1044, 1044))
Allocating memory for v ((3, 1044, 1044, 1044))
IntelCompiler: compiled /tmp/devito-md1rkyzs/3e518cf6126bd4e67c0c5a6ad12c53ffe37eb9c7.c [2.73 s]
AutoTuner: Block shape <8,8,8> took 3.654768 (s) in 3 time steps
AutoTuner: Block shape <16,16,16> took 3.814057 (s) in 3 time steps
AutoTuner: Block shape <24,24,24> took 3.715772 (s) in 3 time steps
AutoTuner: Block shape <32,32,32> took 3.991461 (s) in 3 time steps
AutoTuner: Block shape <40,40,40> took 3.710465 (s) in 3 time steps
AutoTuner: Block shape <8,8,16> took 3.707581 (s) in 3 time steps
AutoTuner: Block shape <8,8,24> took 3.371702 (s) in 3 time steps
AutoTuner: Block shape <8,8,32> took 3.499525 (s) in 3 time steps
AutoTuner: Block shape <8,8,40> took 3.330293 (s) in 3 time steps
AutoTuner: Block shape <8,8,64> took 3.546101 (s) in 3 time steps
AutoTuner: Block shape <8,8,128> took 3.659834 (s) in 3 time steps
AutoTuner: Block shape <8,8,256> took 3.847342 (s) in 3 time steps
AutoTuner: Block shape <8,8,512> took 4.163740 (s) in 3 time steps
AutoTuner: Block shape <8,8,1024> took 4.471405 (s) in 3 time steps
AutoTuner: Block shape <8,8,1036> took 4.469140 (s) in 3 time steps
AutoTuner: Block shape <16,16,8> took 3.438480 (s) in 3 time steps
AutoTuner: Block shape <16,16,24> took 3.367953 (s) in 3 time steps
AutoTuner: Block shape <16,16,32> took 3.624787 (s) in 3 time steps
AutoTuner: Block shape <16,16,40> took 3.387043 (s) in 3 time steps
AutoTuner: Block shape <16,16,64> took 3.610206 (s) in 3 time steps
AutoTuner: Block shape <16,16,128> took 3.648715 (s) in 3 time steps
AutoTuner: Block shape <16,16,256> took 3.756501 (s) in 3 time steps
AutoTuner: Block shape <16,16,512> took 3.978525 (s) in 3 time steps
AutoTuner: Block shape <24,24,8> took 4.160980 (s) in 3 time steps
AutoTuner: Block shape <24,24,16> took 4.328025 (s) in 3 time steps
AutoTuner: Block shape <24,24,32> took 3.884152 (s) in 3 time steps
AutoTuner: Block shape <24,24,40> took 3.566108 (s) in 3 time steps
AutoTuner: Block shape <24,24,64> took 3.660626 (s) in 3 time steps
AutoTuner: Block shape <24,24,128> took 3.649730 (s) in 3 time steps
AutoTuner: Block shape <24,24,256> took 3.683025 (s) in 3 time steps
AutoTuner: Block shape <32,32,8> took 4.924217 (s) in 3 time steps
AutoTuner: Block shape <32,32,16> took 4.623578 (s) in 3 time steps
AutoTuner: Block shape <32,32,24> took 3.860540 (s) in 3 time steps
AutoTuner: Block shape <32,32,40> took 3.651126 (s) in 3 time steps
AutoTuner: Block shape <32,32,64> took 3.754030 (s) in 3 time steps
AutoTuner: Block shape <32,32,128> took 3.662558 (s) in 3 time steps
AutoTuner: Block shape <16,8,8> took 3.407180 (s) in 3 time steps
AutoTuner: Block shape <8,16,8> took 3.415425 (s) in 3 time steps
AutoTuner: Block shape <16,8,16> took 3.579206 (s) in 3 time steps
AutoTuner: Block shape <8,16,16> took 3.614141 (s) in 3 time steps
AutoTuner: Block shape <32,16,16> took 4.341423 (s) in 3 time steps
AutoTuner: Block shape <16,32,16> took 4.314631 (s) in 3 time steps
AutoTuner: Block shape <32,16,32> took 3.940119 (s) in 3 time steps
AutoTuner: Block shape <16,32,32> took 3.924741 (s) in 3 time steps
AutoTuner: Block shape <48,24,24> took 3.857938 (s) in 3 time steps
AutoTuner: Block shape <24,48,24> took 3.888797 (s) in 3 time steps
AutoTuner: Block shape <24,24,48> took 3.721474 (s) in 3 time steps
AutoTuner: Block shape <48,48,24> took 3.933560 (s) in 3 time steps
AutoTuner: Block shape <48,24,48> took 3.767583 (s) in 3 time steps
AutoTuner: Block shape <24,48,48> took 3.902280 (s) in 3 time steps
AutoTuner: Block shape <48,48,48> took 3.858797 (s) in 3 time steps
AutoTuner: Block shape <64,32,32> took 4.026740 (s) in 3 time steps
AutoTuner: Block shape <32,64,32> took 4.180691 (s) in 3 time steps
AutoTuner: Block shape <64,64,32> took 4.104869 (s) in 3 time steps
AutoTuner: Block shape <64,32,64> took 3.697356 (s) in 3 time steps
AutoTuner: Block shape <32,64,64> took 3.864495 (s) in 3 time steps
AutoTuner: Block shape <80,40,40> took 3.684250 (s) in 3 time steps
AutoTuner: Block shape <40,80,40> took 3.884442 (s) in 3 time steps
AutoTuner: Block shape <40,40,80> took 3.724930 (s) in 3 time steps
Auto-tuned block shape: {'x0_block_size': 8, 'y0_block_size': 8, 'z0_block_size': 40}
=========================================================================================
Section section_0<1040,1040,1040> with OI=0.16 computed in 0.762 s [5.91 GFlops/s]
Section section_3<415,1> with OI=0.64 computed in 0.000 s [0.10 GFlops/s]
Section section_4<415,101> with OI=1.27 computed in 0.004 s [0.90 GFlops/s]
Section main<415,1040,1040,1040> with OI=2.58 computed in 877.597 s [89.36 GFlops/s, 0.53 GPts/s]
=========================================================================================
Allocating memory for m ((1044, 1044, 1044))
Allocating memory for damp ((1044, 1044, 1044))
Allocating memory for epsilon ((1044, 1044, 1044))
Allocating memory for delta ((1044, 1044, 1044))
Allocating memory for theta ((1044, 1044, 1044))
Allocating memory for phi ((1044, 1044, 1044))
Allocating memory for src ((417, 1))
Allocating memory for src_coords ((1, 3))
Allocating memory for nrec_coords ((101, 3))
Allocating memory for rec_coords ((101, 3))
DSE: extract_time_varying [flops: 1417, elapsed: 0.11] >>
     extract_time_invariants [flops: 1145, elapsed: 0.06] >>
     eliminate_inter_stencil_redundancies [flops: 635, elapsed: 0.18] >>
     extract_sum_of_products [flops: 461, elapsed: 0.03] >>
     eliminate_inter_stencil_redundancies [flops: 307, elapsed: 0.05] >>
     extract_sum_of_products [flops: 264, elapsed: 0.01] >>
     factorize [flops: 202, elapsed: 0.11] >>
     eliminate_intra_stencil_redundancies [flops: 167, elapsed: 0.04] >>
     finalize [flops: 168, elapsed: 0.00]
     [Total elapsed: 0.61 s]
DLE: avoid_denormals [elapsed: 0.00] >>
     loop_fission [elapsed: 0.01] >>
     loop_blocking [elapsed: 0.30] >>
     simdize [elapsed: 0.04] >>
     ompize [elapsed: 0.04] >>
     create_elemental_functions [elapsed: 0.28] >>
     minimize_remainders [elapsed: 0.02]
     [Total elapsed: 0.69 s]
Allocating memory for rec ((417, 101))
Allocating memory for u ((3, 1044, 1044, 1044))
Allocating memory for v ((3, 1044, 1044, 1044))
IntelCompiler: compiled /tmp/devito-md1rkyzs/aa883eef83539bbac256c895d15a9722e231228a.c [2.72 s]
AutoTuner: Block shape <8,8,8> took 3.657373 (s) in 3 time steps
AutoTuner: Block shape <16,16,16> took 3.803859 (s) in 3 time steps
AutoTuner: Block shape <24,24,24> took 3.715313 (s) in 3 time steps
AutoTuner: Block shape <32,32,32> took 3.980445 (s) in 3 time steps
AutoTuner: Block shape <40,40,40> took 3.698183 (s) in 3 time steps
AutoTuner: Block shape <8,8,16> took 3.704434 (s) in 3 time steps
AutoTuner: Block shape <8,8,24> took 3.374122 (s) in 3 time steps
AutoTuner: Block shape <8,8,32> took 3.501843 (s) in 3 time steps
AutoTuner: Block shape <8,8,40> took 3.334198 (s) in 3 time steps
AutoTuner: Block shape <8,8,64> took 3.550305 (s) in 3 time steps
AutoTuner: Block shape <8,8,128> took 3.670165 (s) in 3 time steps
AutoTuner: Block shape <8,8,256> took 3.850773 (s) in 3 time steps
AutoTuner: Block shape <8,8,512> took 4.135319 (s) in 3 time steps
AutoTuner: Block shape <8,8,1024> took 4.421229 (s) in 3 time steps
AutoTuner: Block shape <8,8,1036> took 4.429186 (s) in 3 time steps
AutoTuner: Block shape <16,16,8> took 3.442300 (s) in 3 time steps
AutoTuner: Block shape <16,16,24> took 3.368462 (s) in 3 time steps
AutoTuner: Block shape <16,16,32> took 3.622571 (s) in 3 time steps
AutoTuner: Block shape <16,16,40> took 3.387605 (s) in 3 time steps
AutoTuner: Block shape <16,16,64> took 3.613979 (s) in 3 time steps
AutoTuner: Block shape <16,16,128> took 3.629646 (s) in 3 time steps
AutoTuner: Block shape <16,16,256> took 3.729411 (s) in 3 time steps
AutoTuner: Block shape <16,16,512> took 3.943191 (s) in 3 time steps
AutoTuner: Block shape <24,24,8> took 4.162752 (s) in 3 time steps
AutoTuner: Block shape <24,24,16> took 4.331802 (s) in 3 time steps
AutoTuner: Block shape <24,24,32> took 3.892088 (s) in 3 time steps
AutoTuner: Block shape <24,24,40> took 3.570959 (s) in 3 time steps
AutoTuner: Block shape <24,24,64> took 3.647257 (s) in 3 time steps
AutoTuner: Block shape <24,24,128> took 3.622249 (s) in 3 time steps
AutoTuner: Block shape <24,24,256> took 3.649974 (s) in 3 time steps
AutoTuner: Block shape <32,32,8> took 4.933763 (s) in 3 time steps
AutoTuner: Block shape <32,32,16> took 4.609304 (s) in 3 time steps
AutoTuner: Block shape <32,32,24> took 3.855583 (s) in 3 time steps
AutoTuner: Block shape <32,32,40> took 3.639044 (s) in 3 time steps
AutoTuner: Block shape <32,32,64> took 3.741813 (s) in 3 time steps
AutoTuner: Block shape <32,32,128> took 3.637983 (s) in 3 time steps
AutoTuner: Block shape <16,8,8> took 3.415662 (s) in 3 time steps
AutoTuner: Block shape <8,16,8> took 3.415406 (s) in 3 time steps
AutoTuner: Block shape <16,8,16> took 3.584602 (s) in 3 time steps
AutoTuner: Block shape <8,16,16> took 3.617580 (s) in 3 time steps
AutoTuner: Block shape <32,16,16> took 4.346496 (s) in 3 time steps
AutoTuner: Block shape <16,32,16> took 4.313157 (s) in 3 time steps
AutoTuner: Block shape <32,16,32> took 3.933518 (s) in 3 time steps
AutoTuner: Block shape <16,32,32> took 3.914182 (s) in 3 time steps
AutoTuner: Block shape <48,24,24> took 3.850111 (s) in 3 time steps
AutoTuner: Block shape <24,48,24> took 3.879829 (s) in 3 time steps
AutoTuner: Block shape <24,24,48> took 3.719133 (s) in 3 time steps
AutoTuner: Block shape <48,48,24> took 3.909680 (s) in 3 time steps
AutoTuner: Block shape <48,24,48> took 3.737413 (s) in 3 time steps
AutoTuner: Block shape <24,48,48> took 3.869146 (s) in 3 time steps
AutoTuner: Block shape <48,48,48> took 3.814399 (s) in 3 time steps
AutoTuner: Block shape <64,32,32> took 3.981328 (s) in 3 time steps
AutoTuner: Block shape <32,64,32> took 4.141464 (s) in 3 time steps
AutoTuner: Block shape <64,64,32> took 4.057281 (s) in 3 time steps
AutoTuner: Block shape <64,32,64> took 3.664757 (s) in 3 time steps
AutoTuner: Block shape <32,64,64> took 3.826311 (s) in 3 time steps
AutoTuner: Block shape <80,40,40> took 3.662734 (s) in 3 time steps
AutoTuner: Block shape <40,80,40> took 3.849864 (s) in 3 time steps
AutoTuner: Block shape <40,40,80> took 3.700134 (s) in 3 time steps
Auto-tuned block shape: {'x0_block_size': 8, 'y0_block_size': 8, 'z0_block_size': 40}
=========================================================================================
Section section_0<1040,1040,1040> with OI=0.16 computed in 0.762 s [5.91 GFlops/s]
Section section_3<415,1> with OI=0.64 computed in 0.000 s [0.11 GFlops/s]
Section section_4<415,101> with OI=1.27 computed in 0.004 s [0.89 GFlops/s]
Section main<415,1040,1040,1040> with OI=2.58 computed in 878.771 s [89.24 GFlops/s, 0.53 GPts/s]
=========================================================================================
Allocating memory for m ((1044, 1044, 1044))
Allocating memory for damp ((1044, 1044, 1044))
Allocating memory for epsilon ((1044, 1044, 1044))
Allocating memory for delta ((1044, 1044, 1044))
Allocating memory for theta ((1044, 1044, 1044))
Allocating memory for phi ((1044, 1044, 1044))
Allocating memory for src ((417, 1))
Allocating memory for src_coords ((1, 3))
Allocating memory for nrec_coords ((101, 3))
Allocating memory for rec_coords ((101, 3))
DSE: extract_time_varying [flops: 1417, elapsed: 0.11] >>
     extract_time_invariants [flops: 1145, elapsed: 0.06] >>
     eliminate_inter_stencil_redundancies [flops: 635, elapsed: 0.18] >>
     extract_sum_of_products [flops: 461, elapsed: 0.03] >>
     eliminate_inter_stencil_redundancies [flops: 307, elapsed: 0.05] >>
     extract_sum_of_products [flops: 264, elapsed: 0.01] >>
     factorize [flops: 202, elapsed: 0.12] >>
     eliminate_intra_stencil_redundancies [flops: 167, elapsed: 0.04] >>
     finalize [flops: 168, elapsed: 0.00]
     [Total elapsed: 0.61 s]
DLE: avoid_denormals [elapsed: 0.00] >>
     loop_fission [elapsed: 0.01] >>
     loop_blocking [elapsed: 0.31] >>
     simdize [elapsed: 0.04] >>
     ompize [elapsed: 0.04] >>
     create_elemental_functions [elapsed: 0.28] >>
     minimize_remainders [elapsed: 0.02]
     [Total elapsed: 0.69 s]
Allocating memory for rec ((417, 101))
Allocating memory for u ((3, 1044, 1044, 1044))
Allocating memory for v ((3, 1044, 1044, 1044))
IntelCompiler: compiled /tmp/devito-md1rkyzs/34ae205b9d00143ad398762a938f3657389c70a9.c [2.71 s]
AutoTuner: Block shape <8,8,8> took 3.647368 (s) in 3 time steps
AutoTuner: Block shape <16,16,16> took 3.783043 (s) in 3 time steps
AutoTuner: Block shape <24,24,24> took 3.713811 (s) in 3 time steps
AutoTuner: Block shape <32,32,32> took 3.982531 (s) in 3 time steps
AutoTuner: Block shape <40,40,40> took 3.693767 (s) in 3 time steps
AutoTuner: Block shape <8,8,16> took 3.698272 (s) in 3 time steps
AutoTuner: Block shape <8,8,24> took 3.372929 (s) in 3 time steps
AutoTuner: Block shape <8,8,32> took 3.502459 (s) in 3 time steps
AutoTuner: Block shape <8,8,40> took 3.336138 (s) in 3 time steps
AutoTuner: Block shape <8,8,64> took 3.544109 (s) in 3 time steps
AutoTuner: Block shape <8,8,128> took 3.668523 (s) in 3 time steps
AutoTuner: Block shape <8,8,256> took 3.857286 (s) in 3 time steps
AutoTuner: Block shape <8,8,512> took 4.141010 (s) in 3 time steps
AutoTuner: Block shape <8,8,1024> took 4.426586 (s) in 3 time steps
AutoTuner: Block shape <8,8,1036> took 4.424779 (s) in 3 time steps
AutoTuner: Block shape <16,16,8> took 3.439185 (s) in 3 time steps
AutoTuner: Block shape <16,16,24> took 3.366852 (s) in 3 time steps
AutoTuner: Block shape <16,16,32> took 3.614557 (s) in 3 time steps
AutoTuner: Block shape <16,16,40> took 3.387582 (s) in 3 time steps
AutoTuner: Block shape <16,16,64> took 3.604552 (s) in 3 time steps
AutoTuner: Block shape <16,16,128> took 3.638270 (s) in 3 time steps
AutoTuner: Block shape <16,16,256> took 3.736538 (s) in 3 time steps
AutoTuner: Block shape <16,16,512> took 3.950618 (s) in 3 time steps
AutoTuner: Block shape <24,24,8> took 4.165140 (s) in 3 time steps
AutoTuner: Block shape <24,24,16> took 4.335289 (s) in 3 time steps
AutoTuner: Block shape <24,24,32> took 3.888848 (s) in 3 time steps
AutoTuner: Block shape <24,24,40> took 3.571972 (s) in 3 time steps
AutoTuner: Block shape <24,24,64> took 3.641486 (s) in 3 time steps
AutoTuner: Block shape <24,24,128> took 3.628774 (s) in 3 time steps
AutoTuner: Block shape <24,24,256> took 3.653921 (s) in 3 time steps
AutoTuner: Block shape <32,32,8> took 4.931508 (s) in 3 time steps
AutoTuner: Block shape <32,32,16> took 4.605306 (s) in 3 time steps
AutoTuner: Block shape <32,32,24> took 3.854422 (s) in 3 time steps
AutoTuner: Block shape <32,32,40> took 3.640991 (s) in 3 time steps
AutoTuner: Block shape <32,32,64> took 3.738892 (s) in 3 time steps
AutoTuner: Block shape <32,32,128> took 3.648611 (s) in 3 time steps
AutoTuner: Block shape <16,8,8> took 3.411939 (s) in 3 time steps
AutoTuner: Block shape <8,16,8> took 3.418586 (s) in 3 time steps
AutoTuner: Block shape <16,8,16> took 3.583185 (s) in 3 time steps
AutoTuner: Block shape <8,16,16> took 3.614164 (s) in 3 time steps
AutoTuner: Block shape <32,16,16> took 4.340106 (s) in 3 time steps
AutoTuner: Block shape <16,32,16> took 4.303285 (s) in 3 time steps
AutoTuner: Block shape <32,16,32> took 3.935809 (s) in 3 time steps
AutoTuner: Block shape <16,32,32> took 3.912042 (s) in 3 time steps
AutoTuner: Block shape <48,24,24> took 3.852121 (s) in 3 time steps
AutoTuner: Block shape <24,48,24> took 3.887640 (s) in 3 time steps
AutoTuner: Block shape <24,24,48> took 3.711956 (s) in 3 time steps
AutoTuner: Block shape <48,48,24> took 3.915376 (s) in 3 time steps
AutoTuner: Block shape <48,24,48> took 3.748692 (s) in 3 time steps
AutoTuner: Block shape <24,48,48> took 3.876880 (s) in 3 time steps
AutoTuner: Block shape <48,48,48> took 3.829794 (s) in 3 time steps
AutoTuner: Block shape <64,32,32> took 3.993740 (s) in 3 time steps
AutoTuner: Block shape <32,64,32> took 4.162683 (s) in 3 time steps
AutoTuner: Block shape <64,64,32> took 4.074197 (s) in 3 time steps
AutoTuner: Block shape <64,32,64> took 3.680551 (s) in 3 time steps
AutoTuner: Block shape <32,64,64> took 3.846306 (s) in 3 time steps
AutoTuner: Block shape <80,40,40> took 3.666774 (s) in 3 time steps
AutoTuner: Block shape <40,80,40> took 3.862980 (s) in 3 time steps
AutoTuner: Block shape <40,40,80> took 3.711246 (s) in 3 time steps
Auto-tuned block shape: {'x0_block_size': 8, 'y0_block_size': 8, 'z0_block_size': 40}
=========================================================================================
Section section_0<1040,1040,1040> with OI=0.16 computed in 0.762 s [5.91 GFlops/s]
Section section_3<415,1> with OI=0.64 computed in 0.000 s [0.10 GFlops/s]
Section section_4<415,101> with OI=1.27 computed in 0.004 s [0.90 GFlops/s]
Section main<415,1040,1040,1040> with OI=2.58 computed in 877.589 s [89.36 GFlops/s, 0.53 GPts/s]
=========================================================================================


OpesciBench: Running 3 repeats - parameters: arch: unknown, autotune: True, dle: advanced, dse: basic, nbpml: 10, shape: (1024, 1024, 1024), space_order: 8, spacing: (20.0, 20.0, 20.0), time_order: 2, tn: 1000
OpesciBench [13:46:26]: --- Run 0 ---
icc -O3 -g -fPIC -Wall -std=c99 -xhost -shared -qopenmp /tmp/devito-md1rkyzs/ba427f586b373f72dc393d0a742487c3c926b358.c -o /tmp/devito-md1rkyzs/ba427f586b373f72dc393d0a742487c3c926b358.so
OpesciBench [14:38:16]: --- Run 0 finished ---

OpesciBench [14:38:16]: --- Run 1 ---
icc -O3 -g -fPIC -Wall -std=c99 -xhost -shared -qopenmp /tmp/devito-md1rkyzs/ba427f586b373f72dc393d0a742487c3c926b358.c -o /tmp/devito-md1rkyzs/ba427f586b373f72dc393d0a742487c3c926b358.so
OpesciBench [15:30:37]: --- Run 1 finished ---

OpesciBench [15:30:37]: --- Run 2 ---
icc -O3 -g -fPIC -Wall -std=c99 -xhost -shared -qopenmp /tmp/devito-md1rkyzs/ba427f586b373f72dc393d0a742487c3c926b358.c -o /tmp/devito-md1rkyzs/ba427f586b373f72dc393d0a742487c3c926b358.so
OpesciBench [16:22:49]: --- Run 2 finished ---





OpesciBench: Running 3 repeats - parameters: arch: unknown, autotune: True, dle: advanced, dse: advanced, nbpml: 10, shape: (1024, 1024, 1024), space_order: 8, spacing: (20.0, 20.0, 20.0), time_order: 2, tn: 1000
OpesciBench [16:22:49]: --- Run 0 ---
icc -O3 -g -fPIC -Wall -std=c99 -xhost -shared -qopenmp /tmp/devito-md1rkyzs/4b36f3748a151cfc18654e93621d5a6863c83da0.c -o /tmp/devito-md1rkyzs/4b36f3748a151cfc18654e93621d5a6863c83da0.so
OpesciBench [16:53:25]: --- Run 0 finished ---

OpesciBench [16:53:25]: --- Run 1 ---
icc -O3 -g -fPIC -Wall -std=c99 -xhost -shared -qopenmp /tmp/devito-md1rkyzs/4b36f3748a151cfc18654e93621d5a6863c83da0.c -o /tmp/devito-md1rkyzs/4b36f3748a151cfc18654e93621d5a6863c83da0.so
OpesciBench [17:24:00]: --- Run 1 finished ---

OpesciBench [17:24:00]: --- Run 2 ---
icc -O3 -g -fPIC -Wall -std=c99 -xhost -shared -qopenmp /tmp/devito-md1rkyzs/4b36f3748a151cfc18654e93621d5a6863c83da0.c -o /tmp/devito-md1rkyzs/4b36f3748a151cfc18654e93621d5a6863c83da0.so
OpesciBench [17:54:30]: --- Run 2 finished ---





OpesciBench: Running 3 repeats - parameters: arch: unknown, autotune: True, dle: advanced, dse: aggressive, nbpml: 10, shape: (1024, 1024, 1024), space_order: 8, spacing: (20.0, 20.0, 20.0), time_order: 2, tn: 1000
OpesciBench [17:54:30]: --- Run 0 ---
icc -O3 -g -fPIC -Wall -std=c99 -xhost -shared -qopenmp /tmp/devito-md1rkyzs/3e518cf6126bd4e67c0c5a6ad12c53ffe37eb9c7.c -o /tmp/devito-md1rkyzs/3e518cf6126bd4e67c0c5a6ad12c53ffe37eb9c7.so
OpesciBench [18:14:58]: --- Run 0 finished ---

OpesciBench [18:14:58]: --- Run 1 ---
icc -O3 -g -fPIC -Wall -std=c99 -xhost -shared -qopenmp /tmp/devito-md1rkyzs/aa883eef83539bbac256c895d15a9722e231228a.c -o /tmp/devito-md1rkyzs/aa883eef83539bbac256c895d15a9722e231228a.so
OpesciBench [18:35:26]: --- Run 1 finished ---

OpesciBench [18:35:26]: --- Run 2 ---
icc -O3 -g -fPIC -Wall -std=c99 -xhost -shared -qopenmp /tmp/devito-md1rkyzs/34ae205b9d00143ad398762a938f3657389c70a9.c -o /tmp/devito-md1rkyzs/34ae205b9d00143ad398762a938f3657389c70a9.so
OpesciBench [18:55:53]: --- Run 2 finished ---



Fri Dec 22 18:55:53 PST 2017
top - 18:55:53 up 7 days,  4:18,  1 user,  load average: 40.02, 39.69, 37.97
Tasks: 715 total,   1 running, 714 sleeping,   0 stopped,   0 zombie
%Cpu(s): 14.7 us,  0.2 sy,  0.0 ni, 85.0 id,  0.0 wa,  0.0 hi,  0.0 si,  0.0 st
KiB Mem : 19652252+total, 18507635+free,  1872516 used,  9573648 buff/cache
KiB Swap:  4194300 total,  4124572 free,    69728 used. 19359768+avail Mem 

   PID USER      PR  NI    VIRT    RES    SHR S  %CPU %MEM     TIME+ COMMAND
 13339 cyount    20   0  162572   2940   1888 R   6.2  0.0   0:00.03 top
     1 root      20   0  197536   2864   1516 S   0.0  0.0   0:31.58 systemd
     2 root      20   0       0      0      0 S   0.0  0.0   0:00.06 kthreadd
     3 root      20   0       0      0      0 S   0.0  0.0   0:00.35 ksoftirqd/0
     5 root       0 -20       0      0      0 S   0.0  0.0   0:00.00 kworker/0:0H
     6 root      20   0       0      0      0 S   0.0  0.0   0:14.39 kworker/u896:0
     8 root      rt   0       0      0      0 S   0.0  0.0   0:00.78 migration/0
     9 root      20   0       0      0      0 S   0.0  0.0   0:00.00 rcu_bh
    10 root      20   0       0      0      0 S   0.0  0.0   0:56.86 rcu_sched
    11 root      rt   0       0      0      0 S   0.0  0.0   0:02.37 watchdog/0
    12 root      rt   0       0      0      0 S   0.0  0.0   0:01.74 watchdog/1
    13 root      rt   0       0      0      0 S   0.0  0.0   0:00.83 migration/1
    14 root      20   0       0      0      0 S   0.0  0.0   0:00.02 ksoftirqd/1
    16 root       0 -20       0      0      0 S   0.0  0.0   0:00.00 kworker/1:0H
    17 root      rt   0       0      0      0 S   0.0  0.0   0:01.69 watchdog/2
    18 root      rt   0       0      0      0 S   0.0  0.0   0:00.78 migration/2
    19 root      20   0       0      0      0 S   0.0  0.0   0:00.02 ksoftirqd/2
    22 root      rt   0       0      0      0 S   0.0  0.0   0:01.75 watchdog/3
    23 root      rt   0       0      0      0 S   0.0  0.0   0:00.84 migration/3
    24 root      20   0       0      0      0 S   0.0  0.0   0:00.01 ksoftirqd/3
    27 root      rt   0       0      0      0 S   0.0  0.0   0:01.69 watchdog/4
    28 root      rt   0       0      0      0 S   0.0  0.0   0:00.81 migration/4
    29 root      20   0       0      0      0 S   0.0  0.0   0:00.01 ksoftirqd/4
