Tue Dec 19 14:29:56 PST 2017
Architecture:          x86_64
CPU op-mode(s):        32-bit, 64-bit
Byte Order:            Little Endian
CPU(s):                80
On-line CPU(s) list:   0-79
Thread(s) per core:    2
Core(s) per socket:    20
Socket(s):             2
NUMA node(s):          2
Vendor ID:             GenuineIntel
CPU family:            6
Model:                 85
Model name:            Intel(R) Xeon(R) Gold 6148 CPU @ 2.40GHz
Stepping:              4
CPU MHz:               3099.937
BogoMIPS:              4805.49
Virtualization:        VT-x
L1d cache:             32K
L1i cache:             32K
L2 cache:              1024K
L3 cache:              28160K
NUMA node0 CPU(s):     0-19,40-59
NUMA node1 CPU(s):     20-39,60-79
Linux ortce-skl1 3.10.0-514.el7.x86_64 #1 SMP Wed Oct 19 11:24:13 EDT 2016 x86_64 x86_64 x86_64 GNU/Linux
available: 2 nodes (0-1)
node 0 cpus: 0 1 2 3 4 5 6 7 8 9 10 11 12 13 14 15 16 17 18 19 40 41 42 43 44 45 46 47 48 49 50 51 52 53 54 55 56 57 58 59
node 0 size: 96973 MB
node 0 free: 90531 MB
node 1 cpus: 20 21 22 23 24 25 26 27 28 29 30 31 32 33 34 35 36 37 38 39 60 61 62 63 64 65 66 67 68 69 70 71 72 73 74 75 76 77 78 79
node 1 size: 98304 MB
node 1 free: 92934 MB
node distances:
node   0   1 
  0:  10  21 
  1:  21  10 

Per-node system memory usage (in MBs):
                          Node 0          Node 1           Total
                 --------------- --------------- ---------------
MemTotal                96973.63        98304.00       195277.63
MemFree                 90531.82        92934.52       183466.34
MemUsed                  6441.80         5369.48        11811.29
Active                    167.66          635.51          803.17
Inactive                 3216.17         2035.96         5252.12
Active(anon)                7.76            3.75           11.51
Inactive(anon)             31.37            4.12           35.49
Active(file)              159.90          631.76          791.66
Inactive(file)           3184.80         2031.83         5216.63
Unevictable                 0.00            0.00            0.00
Mlocked                     0.00            0.00            0.00
Dirty                       0.00            0.00            0.00
Writeback                   0.00            0.00            0.00
FilePages                3374.94         2667.19         6042.12
Mapped                     24.37            3.02           27.39
AnonPages                  11.40            5.36           16.76
Shmem                      15.59            0.08           15.67
KernelStack                10.09            9.44           19.53
PageTables                  3.54            3.55            7.09
NFS_Unstable                0.00            0.00            0.00
Bounce                      0.00            0.00            0.00
WritebackTmp                0.00            0.00            0.00
Slab                      300.43          300.52          600.95
SReclaimable              182.14          153.41          335.55
SUnreclaim                118.29          147.11          265.40
AnonHugePages               0.00            0.00            0.00
HugePages_Total             0.00            0.00            0.00
HugePages_Free              0.00            0.00            0.00
HugePages_Surp              0.00            0.00            0.00
top - 14:29:57 up 3 days, 23:53,  1 user,  load average: 31.12, 22.64, 13.75
Tasks: 715 total,   1 running, 714 sleeping,   0 stopped,   0 zombie
%Cpu(s):  8.7 us,  0.1 sy,  0.0 ni, 91.1 id,  0.0 wa,  0.0 hi,  0.0 si,  0.0 st
KiB Mem : 19652252+total, 18786944+free,  1869172 used,  6783912 buff/cache
KiB Swap:  4194300 total,  4124272 free,    70028 used. 19361456+avail Mem 

   PID USER      PR  NI    VIRT    RES    SHR S  %CPU %MEM     TIME+ COMMAND
278996 cyount    20   0  162528   3112   1888 R   6.2  0.0   0:00.03 top
     1 root      20   0  197536   2844   1516 S   0.0  0.0   0:27.52 systemd
     2 root      20   0       0      0      0 S   0.0  0.0   0:00.04 kthreadd
     3 root      20   0       0      0      0 S   0.0  0.0   0:00.26 ksoftirqd/0
     5 root       0 -20       0      0      0 S   0.0  0.0   0:00.00 kworker/0:0H
     6 root      20   0       0      0      0 S   0.0  0.0   0:14.39 kworker/u896:0
     8 root      rt   0       0      0      0 S   0.0  0.0   0:00.78 migration/0
     9 root      20   0       0      0      0 S   0.0  0.0   0:00.00 rcu_bh
    10 root      20   0       0      0      0 S   0.0  0.0   0:31.38 rcu_sched
    11 root      rt   0       0      0      0 S   0.0  0.0   0:01.60 watchdog/0
    12 root      rt   0       0      0      0 S   0.0  0.0   0:00.98 watchdog/1
    13 root      rt   0       0      0      0 S   0.0  0.0   0:00.78 migration/1
    14 root      20   0       0      0      0 S   0.0  0.0   0:00.01 ksoftirqd/1
    16 root       0 -20       0      0      0 S   0.0  0.0   0:00.00 kworker/1:0H
    17 root      rt   0       0      0      0 S   0.0  0.0   0:00.95 watchdog/2
    18 root      rt   0       0      0      0 S   0.0  0.0   0:00.78 migration/2
    19 root      20   0       0      0      0 S   0.0  0.0   0:00.01 ksoftirqd/2
    22 root      rt   0       0      0      0 S   0.0  0.0   0:01.01 watchdog/3
    23 root      rt   0       0      0      0 S   0.0  0.0   0:00.78 migration/3
    24 root      20   0       0      0      0 S   0.0  0.0   0:00.00 ksoftirqd/3
    27 root      rt   0       0      0      0 S   0.0  0.0   0:00.94 watchdog/4
    28 root      rt   0       0      0      0 S   0.0  0.0   0:00.78 migration/4
    29 root      20   0       0      0      0 S   0.0  0.0   0:00.00 ksoftirqd/4
env DEVITO_PLATFORM=skx DEVITO_ISA=avx512 DEVITO_DLE_OPTIONS=blockinner:True DEVITO_AUTOTUNING=aggressive DEVITO_BACKEND=core DEVITO_OPENMP=1 DEVITO_ARCH=intel DEVITO_LOGGING=DEBUG DEVITO_YASK_AUTOTUNING=preemptive DEVITO_YASK_DUMP=devito.bench.2017-12-19/acoustic/core/bmO2/ortce-skl1/grid768/so8 numactl --cpubind=1 python examples/seismic/benchmark.py bench -bm O2 -P acoustic -so 8 -to 2 -d 768 768 768 --tn 1000 -x 3 -r devito.bench.2017-12-19/acoustic/core/bmO2/ortce-skl1/grid768/so8
Allocating memory for m ((788, 788, 788))
Allocating memory for damp ((788, 788, 788))
Allocating memory for src ((329, 1))
Allocating memory for src_coords ((1, 3))
Allocating memory for nrec_coords ((768, 3))
Applying Forward
Allocating memory for rec_coords ((768, 3))
DSE: extract_time_invariants [flops: 75, elapsed: 0.00] >>
     eliminate_inter_stencil_redundancies [flops: 75, elapsed: 0.00] >>
     eliminate_intra_stencil_redundancies [flops: 66, elapsed: 0.01] >>
     factorize [flops: 46, elapsed: 0.03] >>
     finalize [flops: 50, elapsed: 0.00]
     [Total elapsed: 0.04 s]
DLE: avoid_denormals [elapsed: 0.00] >>
     loop_fission [elapsed: 0.00] >>
     loop_blocking [elapsed: 0.06] >>
     simdize [elapsed: 0.20] >>
     ompize [elapsed: 0.02] >>
     create_elemental_functions [elapsed: 0.07] >>
     minimize_remainders [elapsed: 0.01]
     [Total elapsed: 0.36 s]
Allocating memory for rec ((329, 768))
Allocating memory for u ((3, 788, 788, 788))
IntelCompiler: compiled /tmp/devito-uwtiy3fc/92bd3b21d3ad32a95984b5dd0a371435b59223c7.c [1.04 s]
AutoTuner: Block shape <8,8,8> took 0.322154 (s) in 3 time steps
AutoTuner: Block shape <16,16,16> took 0.230838 (s) in 3 time steps
AutoTuner: Block shape <24,24,24> took 0.210229 (s) in 3 time steps
AutoTuner: Block shape <32,32,32> took 0.241196 (s) in 3 time steps
AutoTuner: Block shape <40,40,40> took 0.243892 (s) in 3 time steps
AutoTuner: Block shape <64,64,64> took 0.229385 (s) in 3 time steps
AutoTuner: Block shape <128,128,128> took 0.266508 (s) in 3 time steps
AutoTuner: Block shape <256,256,256> took 0.361689 (s) in 3 time steps
AutoTuner: Block shape <512,512,512> took 2.182926 (s) in 3 time steps
AutoTuner: Block shape <780,780,780> took 1.551729 (s) in 3 time steps
AutoTuner: Block shape <8,8,16> took 0.245383 (s) in 3 time steps
AutoTuner: Block shape <8,8,24> took 0.212908 (s) in 3 time steps
AutoTuner: Block shape <8,8,32> took 0.208546 (s) in 3 time steps
AutoTuner: Block shape <8,8,40> took 0.207179 (s) in 3 time steps
AutoTuner: Block shape <8,8,64> took 0.205149 (s) in 3 time steps
AutoTuner: Block shape <8,8,128> took 0.190395 (s) in 3 time steps
AutoTuner: Block shape <8,8,256> took 0.194538 (s) in 3 time steps
AutoTuner: Block shape <8,8,512> took 0.194218 (s) in 3 time steps
AutoTuner: Block shape <8,8,780> took 0.150859 (s) in 3 time steps
AutoTuner: Block shape <16,16,8> took 0.274584 (s) in 3 time steps
AutoTuner: Block shape <16,16,24> took 0.201270 (s) in 3 time steps
AutoTuner: Block shape <16,16,32> took 0.202105 (s) in 3 time steps
AutoTuner: Block shape <16,16,40> took 0.203016 (s) in 3 time steps
AutoTuner: Block shape <16,16,64> took 0.208642 (s) in 3 time steps
AutoTuner: Block shape <16,16,128> took 0.217699 (s) in 3 time steps
AutoTuner: Block shape <16,16,256> took 0.209446 (s) in 3 time steps
AutoTuner: Block shape <16,16,512> took 0.195870 (s) in 3 time steps
AutoTuner: Block shape <16,16,780> took 0.161871 (s) in 3 time steps
AutoTuner: Block shape <24,24,8> took 0.275135 (s) in 3 time steps
AutoTuner: Block shape <24,24,16> took 0.234747 (s) in 3 time steps
AutoTuner: Block shape <24,24,32> took 0.214287 (s) in 3 time steps
AutoTuner: Block shape <24,24,40> took 0.218851 (s) in 3 time steps
AutoTuner: Block shape <24,24,64> took 0.221541 (s) in 3 time steps
AutoTuner: Block shape <24,24,128> took 0.216316 (s) in 3 time steps
AutoTuner: Block shape <24,24,256> took 0.214738 (s) in 3 time steps
AutoTuner: Block shape <24,24,512> took 0.200431 (s) in 3 time steps
AutoTuner: Block shape <24,24,780> took 0.168567 (s) in 3 time steps
AutoTuner: Block shape <32,32,8> took 0.292176 (s) in 3 time steps
AutoTuner: Block shape <32,32,16> took 0.249699 (s) in 3 time steps
AutoTuner: Block shape <32,32,24> took 0.241723 (s) in 3 time steps
AutoTuner: Block shape <32,32,40> took 0.237169 (s) in 3 time steps
AutoTuner: Block shape <32,32,64> took 0.226301 (s) in 3 time steps
AutoTuner: Block shape <32,32,128> took 0.215298 (s) in 3 time steps
AutoTuner: Block shape <32,32,256> took 0.220415 (s) in 3 time steps
AutoTuner: Block shape <32,32,512> took 0.210835 (s) in 3 time steps
AutoTuner: Block shape <32,32,780> took 0.191564 (s) in 3 time steps
AutoTuner: Block shape <16,8,8> took 0.279967 (s) in 3 time steps
AutoTuner: Block shape <8,16,8> took 0.284091 (s) in 3 time steps
AutoTuner: Block shape <16,8,16> took 0.239761 (s) in 3 time steps
AutoTuner: Block shape <8,16,16> took 0.238371 (s) in 3 time steps
AutoTuner: Block shape <32,16,16> took 0.235220 (s) in 3 time steps
AutoTuner: Block shape <16,32,16> took 0.234669 (s) in 3 time steps
AutoTuner: Block shape <32,16,32> took 0.214263 (s) in 3 time steps
AutoTuner: Block shape <16,32,32> took 0.211956 (s) in 3 time steps
AutoTuner: Block shape <48,24,24> took 0.250339 (s) in 3 time steps
AutoTuner: Block shape <24,48,24> took 0.251322 (s) in 3 time steps
AutoTuner: Block shape <24,24,48> took 0.221238 (s) in 3 time steps
AutoTuner: Block shape <48,48,24> took 0.270128 (s) in 3 time steps
AutoTuner: Block shape <48,24,48> took 0.235656 (s) in 3 time steps
AutoTuner: Block shape <24,48,48> took 0.234608 (s) in 3 time steps
AutoTuner: Block shape <48,48,48> took 0.235271 (s) in 3 time steps
AutoTuner: Block shape <64,32,32> took 0.255994 (s) in 3 time steps
AutoTuner: Block shape <32,64,32> took 0.256418 (s) in 3 time steps
AutoTuner: Block shape <64,64,32> took 0.257114 (s) in 3 time steps
AutoTuner: Block shape <64,32,64> took 0.225948 (s) in 3 time steps
AutoTuner: Block shape <32,64,64> took 0.229500 (s) in 3 time steps
AutoTuner: Block shape <80,40,40> took 0.245722 (s) in 3 time steps
AutoTuner: Block shape <40,80,40> took 0.249487 (s) in 3 time steps
AutoTuner: Block shape <40,40,80> took 0.218843 (s) in 3 time steps
AutoTuner: Block shape <80,80,40> took 0.255054 (s) in 3 time steps
AutoTuner: Block shape <80,40,80> took 0.221890 (s) in 3 time steps
AutoTuner: Block shape <40,80,80> took 0.229801 (s) in 3 time steps
AutoTuner: Block shape <80,80,80> took 0.241954 (s) in 3 time steps
AutoTuner: Block shape <128,64,64> took 0.229057 (s) in 3 time steps
AutoTuner: Block shape <64,128,64> took 0.240485 (s) in 3 time steps
AutoTuner: Block shape <64,64,128> took 0.224998 (s) in 3 time steps
AutoTuner: Block shape <128,128,64> took 0.238061 (s) in 3 time steps
AutoTuner: Block shape <128,64,128> took 0.222819 (s) in 3 time steps
AutoTuner: Block shape <64,128,128> took 0.259044 (s) in 3 time steps
AutoTuner: Block shape <256,128,128> took 0.273142 (s) in 3 time steps
AutoTuner: Block shape <128,256,128> took 0.350000 (s) in 3 time steps
AutoTuner: Block shape <128,128,256> took 0.319494 (s) in 3 time steps
AutoTuner: Block shape <256,256,128> took 0.382345 (s) in 3 time steps
AutoTuner: Block shape <256,128,256> took 0.319877 (s) in 3 time steps
AutoTuner: Block shape <128,256,256> took 0.364398 (s) in 3 time steps
AutoTuner: Block shape <512,256,256> took 0.389982 (s) in 3 time steps
AutoTuner: Block shape <256,512,256> took 0.432122 (s) in 3 time steps
AutoTuner: Block shape <256,256,512> took 0.407572 (s) in 3 time steps
AutoTuner: Block shape <512,512,256> took 0.877282 (s) in 3 time steps
AutoTuner: Block shape <512,256,512> took 0.811263 (s) in 3 time steps
AutoTuner: Block shape <256,512,512> took 0.907269 (s) in 3 time steps
Auto-tuned block shape: {'x0_block_size': 8, 'y0_block_size': 8, 'z0_block_size': 780}
=========================================================================================
Section section_1<327,1> with OI=0.96 computed in 0.000 s [0.17 GFlops/s]
Section section_2<327,768> with OI=2.09 computed in 0.003 s [7.92 GFlops/s]
Section main<327,780,780,780> with OI=3.01 computed in 49.384 s [157.11 GFlops/s, 3.14 GPts/s]
=========================================================================================
Allocating memory for m ((788, 788, 788))
Allocating memory for damp ((788, 788, 788))
Allocating memory for src ((329, 1))
Allocating memory for src_coords ((1, 3))
Allocating memory for nrec_coords ((768, 3))
Applying Forward
Allocating memory for rec_coords ((768, 3))
DSE: extract_time_invariants [flops: 75, elapsed: 0.00] >>
     eliminate_inter_stencil_redundancies [flops: 75, elapsed: 0.00] >>
     eliminate_intra_stencil_redundancies [flops: 66, elapsed: 0.01] >>
     factorize [flops: 46, elapsed: 0.03] >>
     finalize [flops: 50, elapsed: 0.00]
     [Total elapsed: 0.04 s]
DLE: avoid_denormals [elapsed: 0.00] >>
     loop_fission [elapsed: 0.00] >>
     loop_blocking [elapsed: 0.06] >>
     simdize [elapsed: 0.01] >>
     ompize [elapsed: 0.02] >>
     create_elemental_functions [elapsed: 0.07] >>
     minimize_remainders [elapsed: 0.01]
     [Total elapsed: 0.17 s]
Allocating memory for rec ((329, 768))
Allocating memory for u ((3, 788, 788, 788))
IntelCompiler: compiled /tmp/devito-uwtiy3fc/92bd3b21d3ad32a95984b5dd0a371435b59223c7.c [1.07 s]
AutoTuner: Block shape <8,8,8> took 0.280598 (s) in 3 time steps
AutoTuner: Block shape <16,16,16> took 0.229071 (s) in 3 time steps
AutoTuner: Block shape <24,24,24> took 0.207666 (s) in 3 time steps
AutoTuner: Block shape <32,32,32> took 0.241846 (s) in 3 time steps
AutoTuner: Block shape <40,40,40> took 0.243637 (s) in 3 time steps
AutoTuner: Block shape <64,64,64> took 0.229185 (s) in 3 time steps
AutoTuner: Block shape <128,128,128> took 0.266221 (s) in 3 time steps
AutoTuner: Block shape <256,256,256> took 0.378842 (s) in 3 time steps
AutoTuner: Block shape <512,512,512> took 2.184733 (s) in 3 time steps
AutoTuner: Block shape <780,780,780> took 1.561497 (s) in 3 time steps
AutoTuner: Block shape <8,8,16> took 0.243790 (s) in 3 time steps
AutoTuner: Block shape <8,8,24> took 0.209795 (s) in 3 time steps
AutoTuner: Block shape <8,8,32> took 0.205346 (s) in 3 time steps
AutoTuner: Block shape <8,8,40> took 0.204230 (s) in 3 time steps
AutoTuner: Block shape <8,8,64> took 0.202050 (s) in 3 time steps
AutoTuner: Block shape <8,8,128> took 0.188505 (s) in 3 time steps
AutoTuner: Block shape <8,8,256> took 0.193775 (s) in 3 time steps
AutoTuner: Block shape <8,8,512> took 0.193427 (s) in 3 time steps
AutoTuner: Block shape <8,8,780> took 0.150921 (s) in 3 time steps
AutoTuner: Block shape <16,16,8> took 0.274128 (s) in 3 time steps
AutoTuner: Block shape <16,16,24> took 0.199693 (s) in 3 time steps
AutoTuner: Block shape <16,16,32> took 0.200852 (s) in 3 time steps
AutoTuner: Block shape <16,16,40> took 0.200225 (s) in 3 time steps
AutoTuner: Block shape <16,16,64> took 0.206373 (s) in 3 time steps
AutoTuner: Block shape <16,16,128> took 0.218129 (s) in 3 time steps
AutoTuner: Block shape <16,16,256> took 0.209351 (s) in 3 time steps
AutoTuner: Block shape <16,16,512> took 0.195703 (s) in 3 time steps
AutoTuner: Block shape <16,16,780> took 0.161385 (s) in 3 time steps
AutoTuner: Block shape <24,24,8> took 0.275258 (s) in 3 time steps
AutoTuner: Block shape <24,24,16> took 0.233168 (s) in 3 time steps
AutoTuner: Block shape <24,24,32> took 0.213189 (s) in 3 time steps
AutoTuner: Block shape <24,24,40> took 0.217739 (s) in 3 time steps
AutoTuner: Block shape <24,24,64> took 0.220717 (s) in 3 time steps
AutoTuner: Block shape <24,24,128> took 0.216919 (s) in 3 time steps
AutoTuner: Block shape <24,24,256> took 0.213727 (s) in 3 time steps
AutoTuner: Block shape <24,24,512> took 0.200019 (s) in 3 time steps
AutoTuner: Block shape <24,24,780> took 0.168250 (s) in 3 time steps
AutoTuner: Block shape <32,32,8> took 0.293233 (s) in 3 time steps
AutoTuner: Block shape <32,32,16> took 0.248822 (s) in 3 time steps
AutoTuner: Block shape <32,32,24> took 0.242523 (s) in 3 time steps
AutoTuner: Block shape <32,32,40> took 0.237344 (s) in 3 time steps
AutoTuner: Block shape <32,32,64> took 0.225371 (s) in 3 time steps
AutoTuner: Block shape <32,32,128> took 0.216321 (s) in 3 time steps
AutoTuner: Block shape <32,32,256> took 0.220286 (s) in 3 time steps
AutoTuner: Block shape <32,32,512> took 0.210310 (s) in 3 time steps
AutoTuner: Block shape <32,32,780> took 0.191312 (s) in 3 time steps
AutoTuner: Block shape <16,8,8> took 0.279679 (s) in 3 time steps
AutoTuner: Block shape <8,16,8> took 0.284240 (s) in 3 time steps
AutoTuner: Block shape <16,8,16> took 0.238102 (s) in 3 time steps
AutoTuner: Block shape <8,16,16> took 0.236948 (s) in 3 time steps
AutoTuner: Block shape <32,16,16> took 0.232872 (s) in 3 time steps
AutoTuner: Block shape <16,32,16> took 0.232938 (s) in 3 time steps
AutoTuner: Block shape <32,16,32> took 0.210937 (s) in 3 time steps
AutoTuner: Block shape <16,32,32> took 0.210344 (s) in 3 time steps
AutoTuner: Block shape <48,24,24> took 0.251477 (s) in 3 time steps
AutoTuner: Block shape <24,48,24> took 0.251090 (s) in 3 time steps
AutoTuner: Block shape <24,24,48> took 0.220964 (s) in 3 time steps
AutoTuner: Block shape <48,48,24> took 0.270783 (s) in 3 time steps
AutoTuner: Block shape <48,24,48> took 0.236327 (s) in 3 time steps
AutoTuner: Block shape <24,48,48> took 0.234624 (s) in 3 time steps
AutoTuner: Block shape <48,48,48> took 0.235551 (s) in 3 time steps
AutoTuner: Block shape <64,32,32> took 0.256913 (s) in 3 time steps
AutoTuner: Block shape <32,64,32> took 0.256973 (s) in 3 time steps
AutoTuner: Block shape <64,64,32> took 0.258274 (s) in 3 time steps
AutoTuner: Block shape <64,32,64> took 0.225392 (s) in 3 time steps
AutoTuner: Block shape <32,64,64> took 0.228184 (s) in 3 time steps
AutoTuner: Block shape <80,40,40> took 0.246253 (s) in 3 time steps
AutoTuner: Block shape <40,80,40> took 0.249224 (s) in 3 time steps
AutoTuner: Block shape <40,40,80> took 0.217364 (s) in 3 time steps
AutoTuner: Block shape <80,80,40> took 0.255270 (s) in 3 time steps
AutoTuner: Block shape <80,40,80> took 0.220177 (s) in 3 time steps
AutoTuner: Block shape <40,80,80> took 0.228601 (s) in 3 time steps
AutoTuner: Block shape <80,80,80> took 0.240830 (s) in 3 time steps
AutoTuner: Block shape <128,64,64> took 0.229584 (s) in 3 time steps
AutoTuner: Block shape <64,128,64> took 0.241134 (s) in 3 time steps
AutoTuner: Block shape <64,64,128> took 0.225677 (s) in 3 time steps
AutoTuner: Block shape <128,128,64> took 0.238965 (s) in 3 time steps
AutoTuner: Block shape <128,64,128> took 0.223762 (s) in 3 time steps
AutoTuner: Block shape <64,128,128> took 0.261315 (s) in 3 time steps
AutoTuner: Block shape <256,128,128> took 0.273836 (s) in 3 time steps
AutoTuner: Block shape <128,256,128> took 0.350639 (s) in 3 time steps
AutoTuner: Block shape <128,128,256> took 0.318477 (s) in 3 time steps
AutoTuner: Block shape <256,256,128> took 0.375303 (s) in 3 time steps
AutoTuner: Block shape <256,128,256> took 0.317785 (s) in 3 time steps
AutoTuner: Block shape <128,256,256> took 0.362954 (s) in 3 time steps
AutoTuner: Block shape <512,256,256> took 0.388866 (s) in 3 time steps
AutoTuner: Block shape <256,512,256> took 0.428183 (s) in 3 time steps
AutoTuner: Block shape <256,256,512> took 0.405905 (s) in 3 time steps
AutoTuner: Block shape <512,512,256> took 0.869627 (s) in 3 time steps
AutoTuner: Block shape <512,256,512> took 0.813082 (s) in 3 time steps
AutoTuner: Block shape <256,512,512> took 0.905544 (s) in 3 time steps
Auto-tuned block shape: {'x0_block_size': 8, 'y0_block_size': 8, 'z0_block_size': 780}
=========================================================================================
Section section_1<327,1> with OI=0.96 computed in 0.000 s [0.21 GFlops/s]
Section section_2<327,768> with OI=2.09 computed in 0.003 s [8.06 GFlops/s]
Section main<327,780,780,780> with OI=3.01 computed in 49.443 s [156.93 GFlops/s, 3.14 GPts/s]
=========================================================================================
Allocating memory for m ((788, 788, 788))
Allocating memory for damp ((788, 788, 788))
Allocating memory for src ((329, 1))
Allocating memory for src_coords ((1, 3))
Allocating memory for nrec_coords ((768, 3))
Applying Forward
Allocating memory for rec_coords ((768, 3))
DSE: extract_time_invariants [flops: 75, elapsed: 0.00] >>
     eliminate_inter_stencil_redundancies [flops: 75, elapsed: 0.00] >>
     eliminate_intra_stencil_redundancies [flops: 66, elapsed: 0.01] >>
     factorize [flops: 46, elapsed: 0.03] >>
     finalize [flops: 50, elapsed: 0.00]
     [Total elapsed: 0.04 s]
DLE: avoid_denormals [elapsed: 0.00] >>
     loop_fission [elapsed: 0.00] >>
     loop_blocking [elapsed: 0.06] >>
     simdize [elapsed: 0.01] >>
     ompize [elapsed: 0.02] >>
     create_elemental_functions [elapsed: 0.07] >>
     minimize_remainders [elapsed: 0.01]
     [Total elapsed: 0.17 s]
Allocating memory for rec ((329, 768))
Allocating memory for u ((3, 788, 788, 788))
IntelCompiler: compiled /tmp/devito-uwtiy3fc/92bd3b21d3ad32a95984b5dd0a371435b59223c7.c [1.07 s]
AutoTuner: Block shape <8,8,8> took 0.278002 (s) in 3 time steps
AutoTuner: Block shape <16,16,16> took 0.229403 (s) in 3 time steps
AutoTuner: Block shape <24,24,24> took 0.208029 (s) in 3 time steps
AutoTuner: Block shape <32,32,32> took 0.241473 (s) in 3 time steps
AutoTuner: Block shape <40,40,40> took 0.243728 (s) in 3 time steps
AutoTuner: Block shape <64,64,64> took 0.229443 (s) in 3 time steps
AutoTuner: Block shape <128,128,128> took 0.267490 (s) in 3 time steps
AutoTuner: Block shape <256,256,256> took 0.378123 (s) in 3 time steps
AutoTuner: Block shape <512,512,512> took 2.183896 (s) in 3 time steps
AutoTuner: Block shape <780,780,780> took 1.559126 (s) in 3 time steps
AutoTuner: Block shape <8,8,16> took 0.244863 (s) in 3 time steps
AutoTuner: Block shape <8,8,24> took 0.210501 (s) in 3 time steps
AutoTuner: Block shape <8,8,32> took 0.206328 (s) in 3 time steps
AutoTuner: Block shape <8,8,40> took 0.205302 (s) in 3 time steps
AutoTuner: Block shape <8,8,64> took 0.202315 (s) in 3 time steps
AutoTuner: Block shape <8,8,128> took 0.189254 (s) in 3 time steps
AutoTuner: Block shape <8,8,256> took 0.193805 (s) in 3 time steps
AutoTuner: Block shape <8,8,512> took 0.193883 (s) in 3 time steps
AutoTuner: Block shape <8,8,780> took 0.150936 (s) in 3 time steps
AutoTuner: Block shape <16,16,8> took 0.274602 (s) in 3 time steps
AutoTuner: Block shape <16,16,24> took 0.200159 (s) in 3 time steps
AutoTuner: Block shape <16,16,32> took 0.200640 (s) in 3 time steps
AutoTuner: Block shape <16,16,40> took 0.200488 (s) in 3 time steps
AutoTuner: Block shape <16,16,64> took 0.206767 (s) in 3 time steps
AutoTuner: Block shape <16,16,128> took 0.218430 (s) in 3 time steps
AutoTuner: Block shape <16,16,256> took 0.209708 (s) in 3 time steps
AutoTuner: Block shape <16,16,512> took 0.195814 (s) in 3 time steps
AutoTuner: Block shape <16,16,780> took 0.161399 (s) in 3 time steps
AutoTuner: Block shape <24,24,8> took 0.275599 (s) in 3 time steps
AutoTuner: Block shape <24,24,16> took 0.233280 (s) in 3 time steps
AutoTuner: Block shape <24,24,32> took 0.213829 (s) in 3 time steps
AutoTuner: Block shape <24,24,40> took 0.218455 (s) in 3 time steps
AutoTuner: Block shape <24,24,64> took 0.220894 (s) in 3 time steps
AutoTuner: Block shape <24,24,128> took 0.217262 (s) in 3 time steps
AutoTuner: Block shape <24,24,256> took 0.214086 (s) in 3 time steps
AutoTuner: Block shape <24,24,512> took 0.200208 (s) in 3 time steps
AutoTuner: Block shape <24,24,780> took 0.168737 (s) in 3 time steps
AutoTuner: Block shape <32,32,8> took 0.293561 (s) in 3 time steps
AutoTuner: Block shape <32,32,16> took 0.249319 (s) in 3 time steps
AutoTuner: Block shape <32,32,24> took 0.243660 (s) in 3 time steps
AutoTuner: Block shape <32,32,40> took 0.237576 (s) in 3 time steps
AutoTuner: Block shape <32,32,64> took 0.225642 (s) in 3 time steps
AutoTuner: Block shape <32,32,128> took 0.216410 (s) in 3 time steps
AutoTuner: Block shape <32,32,256> took 0.220288 (s) in 3 time steps
AutoTuner: Block shape <32,32,512> took 0.210812 (s) in 3 time steps
AutoTuner: Block shape <32,32,780> took 0.191644 (s) in 3 time steps
AutoTuner: Block shape <16,8,8> took 0.279835 (s) in 3 time steps
AutoTuner: Block shape <8,16,8> took 0.284617 (s) in 3 time steps
AutoTuner: Block shape <16,8,16> took 0.238584 (s) in 3 time steps
AutoTuner: Block shape <8,16,16> took 0.237525 (s) in 3 time steps
AutoTuner: Block shape <32,16,16> took 0.233387 (s) in 3 time steps
AutoTuner: Block shape <16,32,16> took 0.233139 (s) in 3 time steps
AutoTuner: Block shape <32,16,32> took 0.211345 (s) in 3 time steps
AutoTuner: Block shape <16,32,32> took 0.210739 (s) in 3 time steps
AutoTuner: Block shape <48,24,24> took 0.251313 (s) in 3 time steps
AutoTuner: Block shape <24,48,24> took 0.251742 (s) in 3 time steps
AutoTuner: Block shape <24,24,48> took 0.221153 (s) in 3 time steps
AutoTuner: Block shape <48,48,24> took 0.271021 (s) in 3 time steps
AutoTuner: Block shape <48,24,48> took 0.236324 (s) in 3 time steps
AutoTuner: Block shape <24,48,48> took 0.234922 (s) in 3 time steps
AutoTuner: Block shape <48,48,48> took 0.235652 (s) in 3 time steps
AutoTuner: Block shape <64,32,32> took 0.257294 (s) in 3 time steps
AutoTuner: Block shape <32,64,32> took 0.257396 (s) in 3 time steps
AutoTuner: Block shape <64,64,32> took 0.258749 (s) in 3 time steps
AutoTuner: Block shape <64,32,64> took 0.225564 (s) in 3 time steps
AutoTuner: Block shape <32,64,64> took 0.228458 (s) in 3 time steps
AutoTuner: Block shape <80,40,40> took 0.246387 (s) in 3 time steps
AutoTuner: Block shape <40,80,40> took 0.249532 (s) in 3 time steps
AutoTuner: Block shape <40,40,80> took 0.217735 (s) in 3 time steps
AutoTuner: Block shape <80,80,40> took 0.255168 (s) in 3 time steps
AutoTuner: Block shape <80,40,80> took 0.220362 (s) in 3 time steps
AutoTuner: Block shape <40,80,80> took 0.229090 (s) in 3 time steps
AutoTuner: Block shape <80,80,80> took 0.240768 (s) in 3 time steps
AutoTuner: Block shape <128,64,64> took 0.229796 (s) in 3 time steps
AutoTuner: Block shape <64,128,64> took 0.241228 (s) in 3 time steps
AutoTuner: Block shape <64,64,128> took 0.225815 (s) in 3 time steps
AutoTuner: Block shape <128,128,64> took 0.239059 (s) in 3 time steps
AutoTuner: Block shape <128,64,128> took 0.223577 (s) in 3 time steps
AutoTuner: Block shape <64,128,128> took 0.261210 (s) in 3 time steps
AutoTuner: Block shape <256,128,128> took 0.274937 (s) in 3 time steps
AutoTuner: Block shape <128,256,128> took 0.351301 (s) in 3 time steps
AutoTuner: Block shape <128,128,256> took 0.319364 (s) in 3 time steps
AutoTuner: Block shape <256,256,128> took 0.379070 (s) in 3 time steps
AutoTuner: Block shape <256,128,256> took 0.320176 (s) in 3 time steps
AutoTuner: Block shape <128,256,256> took 0.364207 (s) in 3 time steps
AutoTuner: Block shape <512,256,256> took 0.385810 (s) in 3 time steps
AutoTuner: Block shape <256,512,256> took 0.431425 (s) in 3 time steps
AutoTuner: Block shape <256,256,512> took 0.403364 (s) in 3 time steps
AutoTuner: Block shape <512,512,256> took 0.910019 (s) in 3 time steps
AutoTuner: Block shape <512,256,512> took 0.812838 (s) in 3 time steps
AutoTuner: Block shape <256,512,512> took 0.905316 (s) in 3 time steps
Auto-tuned block shape: {'x0_block_size': 8, 'y0_block_size': 8, 'z0_block_size': 780}
=========================================================================================
Section section_1<327,1> with OI=0.96 computed in 0.000 s [0.20 GFlops/s]
Section section_2<327,768> with OI=2.09 computed in 0.003 s [8.09 GFlops/s]
Section main<327,780,780,780> with OI=3.01 computed in 49.440 s [156.94 GFlops/s, 3.14 GPts/s]
=========================================================================================


OpesciBench: Running 3 repeats - parameters: arch: unknown, autotune: True, dle: advanced, dse: advanced, nbpml: 10, shape: (768, 768, 768), space_order: 8, spacing: (20.0, 20.0, 20.0), time_order: 2, tn: 1000
OpesciBench [14:29:59]: --- Run 0 ---
OpesciBench [14:32:02]: --- Run 0 finished ---

OpesciBench [14:32:02]: --- Run 1 ---
OpesciBench [14:34:06]: --- Run 1 finished ---

OpesciBench [14:34:06]: --- Run 2 ---
OpesciBench [14:36:10]: --- Run 2 finished ---



Tue Dec 19 14:36:10 PST 2017
top - 14:36:10 up 3 days, 23:59,  1 user,  load average: 32.19, 24.27, 16.87
Tasks: 716 total,   1 running, 715 sleeping,   0 stopped,   0 zombie
%Cpu(s):  8.7 us,  0.1 sy,  0.0 ni, 91.1 id,  0.0 wa,  0.0 hi,  0.0 si,  0.0 st
KiB Mem : 19652252+total, 18787123+free,  1868216 used,  6783068 buff/cache
KiB Swap:  4194300 total,  4124272 free,    70028 used. 19361632+avail Mem 

   PID USER      PR  NI    VIRT    RES    SHR S  %CPU %MEM     TIME+ COMMAND
279283 cyount    20   0  162524   3108   1888 R   6.2  0.0   0:00.03 top
     1 root      20   0  197536   2844   1516 S   0.0  0.0   0:27.52 systemd
     2 root      20   0       0      0      0 S   0.0  0.0   0:00.04 kthreadd
     3 root      20   0       0      0      0 S   0.0  0.0   0:00.26 ksoftirqd/0
     5 root       0 -20       0      0      0 S   0.0  0.0   0:00.00 kworker/0:0H
     6 root      20   0       0      0      0 S   0.0  0.0   0:14.39 kworker/u896:0
     8 root      rt   0       0      0      0 S   0.0  0.0   0:00.78 migration/0
     9 root      20   0       0      0      0 S   0.0  0.0   0:00.00 rcu_bh
    10 root      20   0       0      0      0 S   0.0  0.0   0:31.43 rcu_sched
    11 root      rt   0       0      0      0 S   0.0  0.0   0:01.60 watchdog/0
    12 root      rt   0       0      0      0 S   0.0  0.0   0:00.98 watchdog/1
    13 root      rt   0       0      0      0 S   0.0  0.0   0:00.78 migration/1
    14 root      20   0       0      0      0 S   0.0  0.0   0:00.01 ksoftirqd/1
    16 root       0 -20       0      0      0 S   0.0  0.0   0:00.00 kworker/1:0H
    17 root      rt   0       0      0      0 S   0.0  0.0   0:00.96 watchdog/2
    18 root      rt   0       0      0      0 S   0.0  0.0   0:00.78 migration/2
    19 root      20   0       0      0      0 S   0.0  0.0   0:00.01 ksoftirqd/2
    22 root      rt   0       0      0      0 S   0.0  0.0   0:01.01 watchdog/3
    23 root      rt   0       0      0      0 S   0.0  0.0   0:00.78 migration/3
    24 root      20   0       0      0      0 S   0.0  0.0   0:00.00 ksoftirqd/3
    27 root      rt   0       0      0      0 S   0.0  0.0   0:00.94 watchdog/4
    28 root      rt   0       0      0      0 S   0.0  0.0   0:00.78 migration/4
    29 root      20   0       0      0      0 S   0.0  0.0   0:00.00 ksoftirqd/4
