Thu Dec 21 19:32:21 PST 2017
Linux ortce-knl8 3.10.0-327.el7.x86_64 #1 SMP Thu Oct 29 17:29:29 EDT 2015 x86_64 x86_64 x86_64 GNU/Linux
Architecture:          x86_64
CPU op-mode(s):        32-bit, 64-bit
Byte Order:            Little Endian
CPU(s):                272
On-line CPU(s) list:   0-271
Thread(s) per core:    4
Core(s) per socket:    68
Socket(s):             1
NUMA node(s):          2
Vendor ID:             GenuineIntel
CPU family:            6
Model:                 87
Model name:            Intel(R) Xeon Phi(TM) CPU 7250 @ 1.40GHz
Stepping:              1
CPU MHz:               1485.640
BogoMIPS:              2793.75
L1d cache:             32K
L1i cache:             32K
L2 cache:              1024K
NUMA node0 CPU(s):     0-271
NUMA node1 CPU(s):     
Linux ortce-knl8 3.10.0-327.el7.x86_64 #1 SMP Thu Oct 29 17:29:29 EDT 2015 x86_64 x86_64 x86_64 GNU/Linux
available: 2 nodes (0-1)
node 0 cpus: 0 1 2 3 4 5 6 7 8 9 10 11 12 13 14 15 16 17 18 19 20 21 22 23 24 25 26 27 28 29 30 31 32 33 34 35 36 37 38 39 40 41 42 43 44 45 46 47 48 49 50 51 52 53 54 55 56 57 58 59 60 61 62 63 64 65 66 67 68 69 70 71 72 73 74 75 76 77 78 79 80 81 82 83 84 85 86 87 88 89 90 91 92 93 94 95 96 97 98 99 100 101 102 103 104 105 106 107 108 109 110 111 112 113 114 115 116 117 118 119 120 121 122 123 124 125 126 127 128 129 130 131 132 133 134 135 136 137 138 139 140 141 142 143 144 145 146 147 148 149 150 151 152 153 154 155 156 157 158 159 160 161 162 163 164 165 166 167 168 169 170 171 172 173 174 175 176 177 178 179 180 181 182 183 184 185 186 187 188 189 190 191 192 193 194 195 196 197 198 199 200 201 202 203 204 205 206 207 208 209 210 211 212 213 214 215 216 217 218 219 220 221 222 223 224 225 226 227 228 229 230 231 232 233 234 235 236 237 238 239 240 241 242 243 244 245 246 247 248 249 250 251 252 253 254 255 256 257 258 259 260 261 262 263 264 265 266 267 268 269 270 271
node 0 size: 98200 MB
node 0 free: 94105 MB
node 1 cpus:
node 1 size: 16384 MB
node 1 free: 15050 MB
node distances:
node   0   1 
  0:  10  31 
  1:  31  10 

Per-node system memory usage (in MBs):
                          Node 0          Node 1           Total
                 --------------- --------------- ---------------
MemTotal                98200.81        16384.00       114584.81
MemFree                 94105.29        15050.27       109155.55
MemUsed                  4095.53         1333.73         5429.26
Active                    376.55          217.13          593.68
Inactive                  553.78          300.99          854.77
Active(anon)               83.33            0.00           83.33
Inactive(anon)             25.59            0.00           25.59
Active(file)              293.22          217.13          510.36
Inactive(file)            528.19          300.99          829.18
Unevictable                 0.00            0.00            0.00
Mlocked                     0.00            0.00            0.00
Dirty                       0.00            0.00            0.00
Writeback                   0.00            0.00            0.00
FilePages                 847.07          518.12         1365.20
Mapped                     42.75            0.00           42.75
AnonPages                  83.32            0.00           83.32
Shmem                      25.66            0.00           25.66
KernelStack                40.39            0.00           40.39
PageTables                  6.64            0.00            6.64
NFS_Unstable                0.00            0.00            0.00
Bounce                      0.00            0.00            0.00
WritebackTmp                0.00            0.00            0.00
Slab                      600.88          217.14          818.03
SReclaimable              229.63           84.32          313.95
SUnreclaim                371.25          132.83          504.08
AnonHugePages              10.00            0.00           10.00
HugePages_Total             0.00            0.00            0.00
HugePages_Free              0.00            0.00            0.00
HugePages_Surp              0.00            0.00            0.00
top - 19:32:22 up 3 days, 10:38,  1 user,  load average: 264.25, 270.43, 266.85
Tasks: 2254 total,   1 running, 2253 sleeping,   0 stopped,   0 zombie
%Cpu(s): 24.0 us,  1.8 sy,  0.0 ni, 74.2 id,  0.0 wa,  0.0 hi,  0.0 si,  0.0 st
KiB Mem : 11538529+total, 11177458+free,  1375800 used,  2234908 buff/cache
KiB Swap: 58593276 total, 58593276 free,        0 used. 11312985+avail Mem 

   PID USER      PR  NI    VIRT    RES    SHR S  %CPU %MEM     TIME+ COMMAND
109642 cyount    20   0  152536   4080   1460 R  54.1  0.0   0:00.41 top
   281 root      20   0       0      0      0 S   2.7  0.0   7:22.05 rcu_sched
  2143 root      20   0       0      0      0 S   2.7  0.0   0:00.88 kworker/202:1
     1 root      20   0   51548  13932   2384 S   0.0  0.0   1:44.59 systemd
     2 root      20   0       0      0      0 S   0.0  0.0   0:00.15 kthreadd
     3 root      20   0       0      0      0 S   0.0  0.0   0:00.05 ksoftirqd/0
     4 root      20   0       0      0      0 S   0.0  0.0   8:18.56 kworker/0:0
     5 root       0 -20       0      0      0 S   0.0  0.0   0:00.00 kworker/0:0H
     7 root      rt   0       0      0      0 S   0.0  0.0   0:04.61 migration/0
     8 root      20   0       0      0      0 S   0.0  0.0   0:00.00 rcu_bh
     9 root      20   0       0      0      0 S   0.0  0.0   0:00.00 rcuob/0
    10 root      20   0       0      0      0 S   0.0  0.0   0:00.00 rcuob/1
    11 root      20   0       0      0      0 S   0.0  0.0   0:00.00 rcuob/2
    12 root      20   0       0      0      0 S   0.0  0.0   0:00.00 rcuob/3
    13 root      20   0       0      0      0 S   0.0  0.0   0:00.00 rcuob/4
    14 root      20   0       0      0      0 S   0.0  0.0   0:00.00 rcuob/5
    15 root      20   0       0      0      0 S   0.0  0.0   0:00.00 rcuob/6
    16 root      20   0       0      0      0 S   0.0  0.0   0:00.00 rcuob/7
    17 root      20   0       0      0      0 S   0.0  0.0   0:00.00 rcuob/8
    18 root      20   0       0      0      0 S   0.0  0.0   0:00.00 rcuob/9
    19 root      20   0       0      0      0 S   0.0  0.0   0:00.00 rcuob/10
    20 root      20   0       0      0      0 S   0.0  0.0   0:00.00 rcuob/11
    21 root      20   0       0      0      0 S   0.0  0.0   0:00.00 rcuob/12
env DEVITO_PLATFORM=knl DEVITO_ISA=avx512 DEVITO_DEBUG_COMPILER=1 DEVITO_DLE_OPTIONS=blockinner:True DEVITO_AUTOTUNING=aggressive DEVITO_BACKEND=core DEVITO_OPENMP=1 DEVITO_ARCH=intel DEVITO_LOGGING=DEBUG DEVITO_YASK_AUTOTUNING=preemptive DEVITO_YASK_DUMP=devito.bench.2017-12-21/tti/core/bmO3/ortce-knl8/grid1024/so16 numactl --preferred=1 python examples/seismic/benchmark.py bench -bm O3 -P tti -so 16 -to 2 -d 1024 1024 1024 --tn 1000 -x 3 -r devito.bench.2017-12-21/tti/core/bmO3/ortce-knl8/grid1024/so16
Allocating memory for m ((1044, 1044, 1044))
Allocating memory for damp ((1044, 1044, 1044))
Allocating memory for epsilon ((1044, 1044, 1044))
Allocating memory for delta ((1044, 1044, 1044))
Allocating memory for theta ((1044, 1044, 1044))
Allocating memory for phi ((1044, 1044, 1044))
Allocating memory for src ((417, 1))
Allocating memory for src_coords ((1, 3))
Allocating memory for nrec_coords ((101, 3))
Allocating memory for rec_coords ((101, 3))
DSE: extract_time_varying [flops: 3953, elapsed: 5.01] >>
     extract_time_invariants [flops: 3409, elapsed: 1.95] >>
     eliminate_inter_stencil_redundancies [flops: 1243, elapsed: 5.54] >>
     extract_sum_of_products [flops: 901, elapsed: 0.85] >>
     eliminate_inter_stencil_redundancies [flops: 579, elapsed: 1.22] >>
     extract_sum_of_products [flops: 492, elapsed: 0.48] >>
     factorize [flops: 368, elapsed: 3.64] >>
     eliminate_intra_stencil_redundancies [flops: 299, elapsed: 0.88] >>
     finalize [flops: 300, elapsed: 0.07]
     [Total elapsed: 19.65 s]
DLE: avoid_denormals [elapsed: 0.00] >>
     loop_fission [elapsed: 0.12] >>
     loop_blocking [elapsed: 6.01] >>
     simdize [elapsed: 1.84] >>
     ompize [elapsed: 0.73] >>
     create_elemental_functions [elapsed: 4.02] >>
     minimize_remainders [elapsed: 0.22]
     [Total elapsed: 12.94 s]
Allocating memory for rec ((417, 101))
Allocating memory for u ((3, 1044, 1044, 1044))
Allocating memory for v ((3, 1044, 1044, 1044))
IntelCompiler: compiled /tmp/devito-x9e_dkkp/3c2461b87c0f87f56ef4c5a12f17b533d3514453.c [39.16 s]
AutoTuner: Block shape <8,8,8> took 43.082539 (s) in 3 time steps
AutoTuner: Block shape <16,16,16> took 17.945725 (s) in 3 time steps
AutoTuner: Block shape <24,24,24> took 14.529837 (s) in 3 time steps
AutoTuner: Block shape <32,32,32> took 10.656122 (s) in 3 time steps
AutoTuner: Block shape <40,40,40> took 9.850186 (s) in 3 time steps
AutoTuner: Block shape <8,8,16> took 22.133920 (s) in 3 time steps
AutoTuner: Block shape <8,8,24> took 19.865210 (s) in 3 time steps
AutoTuner: Block shape <8,8,32> took 15.247148 (s) in 3 time steps
AutoTuner: Block shape <8,8,40> took 15.435433 (s) in 3 time steps
AutoTuner: Block shape <8,8,64> took 11.474614 (s) in 3 time steps
AutoTuner: Block shape <8,8,128> took 10.387154 (s) in 3 time steps
AutoTuner: Block shape <8,8,256> took 10.565257 (s) in 3 time steps
AutoTuner: Block shape <8,8,512> took 11.112374 (s) in 3 time steps
AutoTuner: Block shape <16,16,8> took 34.715715 (s) in 3 time steps
AutoTuner: Block shape <16,16,24> took 15.950462 (s) in 3 time steps
AutoTuner: Block shape <16,16,32> took 12.260431 (s) in 3 time steps
AutoTuner: Block shape <16,16,40> took 11.949681 (s) in 3 time steps
AutoTuner: Block shape <16,16,64> took 8.731071 (s) in 3 time steps
AutoTuner: Block shape <16,16,128> took 7.622071 (s) in 3 time steps
AutoTuner: Block shape <16,16,256> took 7.878657 (s) in 3 time steps
AutoTuner: Block shape <24,24,8> took 32.409032 (s) in 3 time steps
AutoTuner: Block shape <24,24,16> took 16.761415 (s) in 3 time steps
AutoTuner: Block shape <24,24,32> took 11.217475 (s) in 3 time steps
AutoTuner: Block shape <24,24,40> took 11.001453 (s) in 3 time steps
AutoTuner: Block shape <24,24,64> took 7.921520 (s) in 3 time steps
AutoTuner: Block shape <24,24,128> took 6.912275 (s) in 3 time steps
AutoTuner: Block shape <32,32,8> took 31.164423 (s) in 3 time steps
AutoTuner: Block shape <32,32,16> took 16.169644 (s) in 3 time steps
AutoTuner: Block shape <32,32,24> took 13.916398 (s) in 3 time steps
AutoTuner: Block shape <32,32,40> took 10.166042 (s) in 3 time steps
AutoTuner: Block shape <32,32,64> took 7.439739 (s) in 3 time steps
AutoTuner: Block shape <32,32,128> took 6.694249 (s) in 3 time steps
AutoTuner: Block shape <16,8,8> took 35.013326 (s) in 3 time steps
AutoTuner: Block shape <8,16,8> took 41.558149 (s) in 3 time steps
AutoTuner: Block shape <16,8,16> took 18.050343 (s) in 3 time steps
AutoTuner: Block shape <8,16,16> took 21.364954 (s) in 3 time steps
AutoTuner: Block shape <32,16,16> took 16.206558 (s) in 3 time steps
AutoTuner: Block shape <16,32,16> took 17.699561 (s) in 3 time steps
AutoTuner: Block shape <32,16,32> took 11.173528 (s) in 3 time steps
AutoTuner: Block shape <16,32,32> took 11.655768 (s) in 3 time steps
AutoTuner: Block shape <48,24,24> took 13.634629 (s) in 3 time steps
AutoTuner: Block shape <24,48,24> took 13.921179 (s) in 3 time steps
AutoTuner: Block shape <24,24,48> took 9.196158 (s) in 3 time steps
AutoTuner: Block shape <48,48,24> took 13.057326 (s) in 3 time steps
AutoTuner: Block shape <48,24,48> took 8.620608 (s) in 3 time steps
AutoTuner: Block shape <24,48,48> took 8.719148 (s) in 3 time steps
AutoTuner: Block shape <48,48,48> took 8.326830 (s) in 3 time steps
AutoTuner: Block shape <64,32,32> took 10.159928 (s) in 3 time steps
AutoTuner: Block shape <32,64,32> took 10.248622 (s) in 3 time steps
AutoTuner: Block shape <64,64,32> took 10.050484 (s) in 3 time steps
AutoTuner: Block shape <64,32,64> took 7.349085 (s) in 3 time steps
AutoTuner: Block shape <32,64,64> took 7.309464 (s) in 3 time steps
AutoTuner: Block shape <40,40,80> took 6.905007 (s) in 3 time steps
Auto-tuned block shape: {'x0_block_size': 32, 'y0_block_size': 32, 'z0_block_size': 128}
=========================================================================================
Section section_0<1036,1036,1036> with OI=0.16 computed in 0.937 s [4.75 GFlops/s]
Section section_3<415,1> with OI=0.64 computed in 0.001 s [0.03 GFlops/s]
Section section_4<415,101> with OI=1.27 computed in 0.072 s [0.05 GFlops/s]
Section main<415,1036,1036,1036> with OI=4.56 computed in 1482.754 s [93.36 GFlops/s, 0.31 GPts/s]
=========================================================================================
Allocating memory for m ((1044, 1044, 1044))
Allocating memory for damp ((1044, 1044, 1044))
Allocating memory for epsilon ((1044, 1044, 1044))
Allocating memory for delta ((1044, 1044, 1044))
Allocating memory for theta ((1044, 1044, 1044))
Allocating memory for phi ((1044, 1044, 1044))
Allocating memory for src ((417, 1))
Allocating memory for src_coords ((1, 3))
Allocating memory for nrec_coords ((101, 3))
Allocating memory for rec_coords ((101, 3))
DSE: extract_time_varying [flops: 3953, elapsed: 5.21] >>
     extract_time_invariants [flops: 3409, elapsed: 2.03] >>
     eliminate_inter_stencil_redundancies [flops: 1243, elapsed: 5.74] >>
     extract_sum_of_products [flops: 901, elapsed: 0.88] >>
     eliminate_inter_stencil_redundancies [flops: 579, elapsed: 1.27] >>
     extract_sum_of_products [flops: 492, elapsed: 0.49] >>
     factorize [flops: 368, elapsed: 3.80] >>
     eliminate_intra_stencil_redundancies [flops: 299, elapsed: 0.91] >>
     finalize [flops: 300, elapsed: 0.08]
     [Total elapsed: 20.41 s]
DLE: avoid_denormals [elapsed: 0.00] >>
     loop_fission [elapsed: 0.12] >>
     loop_blocking [elapsed: 6.46] >>
     simdize [elapsed: 0.61] >>
     ompize [elapsed: 0.73] >>
     create_elemental_functions [elapsed: 4.02] >>
     minimize_remainders [elapsed: 0.22]
     [Total elapsed: 12.15 s]
Allocating memory for rec ((417, 101))
Allocating memory for u ((3, 1044, 1044, 1044))
Allocating memory for v ((3, 1044, 1044, 1044))
IntelCompiler: compiled /tmp/devito-x9e_dkkp/f824d1b66bbc1803e1adf3abf04cb2527daf5eaf.c [38.96 s]
AutoTuner: Block shape <8,8,8> took 42.593136 (s) in 3 time steps
AutoTuner: Block shape <16,16,16> took 17.898080 (s) in 3 time steps
AutoTuner: Block shape <24,24,24> took 14.514613 (s) in 3 time steps
AutoTuner: Block shape <32,32,32> took 10.643680 (s) in 3 time steps
AutoTuner: Block shape <40,40,40> took 9.844152 (s) in 3 time steps
AutoTuner: Block shape <8,8,16> took 21.966503 (s) in 3 time steps
AutoTuner: Block shape <8,8,24> took 19.815400 (s) in 3 time steps
AutoTuner: Block shape <8,8,32> took 15.220987 (s) in 3 time steps
AutoTuner: Block shape <8,8,40> took 15.368982 (s) in 3 time steps
AutoTuner: Block shape <8,8,64> took 11.426974 (s) in 3 time steps
AutoTuner: Block shape <8,8,128> took 10.357320 (s) in 3 time steps
AutoTuner: Block shape <8,8,256> took 10.537754 (s) in 3 time steps
AutoTuner: Block shape <8,8,512> took 11.054889 (s) in 3 time steps
AutoTuner: Block shape <16,16,8> took 34.626561 (s) in 3 time steps
AutoTuner: Block shape <16,16,24> took 15.927565 (s) in 3 time steps
AutoTuner: Block shape <16,16,32> took 12.248831 (s) in 3 time steps
AutoTuner: Block shape <16,16,40> took 11.906879 (s) in 3 time steps
AutoTuner: Block shape <16,16,64> took 8.728004 (s) in 3 time steps
AutoTuner: Block shape <16,16,128> took 7.620661 (s) in 3 time steps
AutoTuner: Block shape <16,16,256> took 7.934985 (s) in 3 time steps
AutoTuner: Block shape <24,24,8> took 32.356765 (s) in 3 time steps
AutoTuner: Block shape <24,24,16> took 16.752772 (s) in 3 time steps
AutoTuner: Block shape <24,24,32> took 11.204011 (s) in 3 time steps
AutoTuner: Block shape <24,24,40> took 10.727348 (s) in 3 time steps
AutoTuner: Block shape <24,24,64> took 7.850030 (s) in 3 time steps
AutoTuner: Block shape <24,24,128> took 6.904116 (s) in 3 time steps
AutoTuner: Block shape <32,32,8> took 31.132835 (s) in 3 time steps
AutoTuner: Block shape <32,32,16> took 16.095422 (s) in 3 time steps
AutoTuner: Block shape <32,32,24> took 13.782739 (s) in 3 time steps
AutoTuner: Block shape <32,32,40> took 10.139620 (s) in 3 time steps
AutoTuner: Block shape <32,32,64> took 7.425868 (s) in 3 time steps
AutoTuner: Block shape <32,32,128> took 6.681501 (s) in 3 time steps
AutoTuner: Block shape <16,8,8> took 34.727834 (s) in 3 time steps
AutoTuner: Block shape <8,16,8> took 41.432488 (s) in 3 time steps
AutoTuner: Block shape <16,8,16> took 17.959696 (s) in 3 time steps
AutoTuner: Block shape <8,16,16> took 21.330968 (s) in 3 time steps
AutoTuner: Block shape <32,16,16> took 16.191632 (s) in 3 time steps
AutoTuner: Block shape <16,32,16> took 17.689215 (s) in 3 time steps
AutoTuner: Block shape <32,16,32> took 11.146443 (s) in 3 time steps
AutoTuner: Block shape <16,32,32> took 11.642694 (s) in 3 time steps
AutoTuner: Block shape <48,24,24> took 13.585305 (s) in 3 time steps
AutoTuner: Block shape <24,48,24> took 13.824739 (s) in 3 time steps
AutoTuner: Block shape <24,24,48> took 9.183022 (s) in 3 time steps
AutoTuner: Block shape <48,48,24> took 13.028654 (s) in 3 time steps
AutoTuner: Block shape <48,24,48> took 8.596077 (s) in 3 time steps
AutoTuner: Block shape <24,48,48> took 8.686353 (s) in 3 time steps
AutoTuner: Block shape <48,48,48> took 8.305224 (s) in 3 time steps
AutoTuner: Block shape <64,32,32> took 10.145857 (s) in 3 time steps
AutoTuner: Block shape <32,64,32> took 10.236839 (s) in 3 time steps
AutoTuner: Block shape <64,64,32> took 10.031398 (s) in 3 time steps
AutoTuner: Block shape <64,32,64> took 7.243378 (s) in 3 time steps
AutoTuner: Block shape <32,64,64> took 7.295231 (s) in 3 time steps
AutoTuner: Block shape <40,40,80> took 6.895804 (s) in 3 time steps
Auto-tuned block shape: {'x0_block_size': 32, 'y0_block_size': 32, 'z0_block_size': 128}
=========================================================================================
Section section_0<1036,1036,1036> with OI=0.16 computed in 0.937 s [4.74 GFlops/s]
Section section_3<415,1> with OI=0.64 computed in 0.001 s [0.03 GFlops/s]
Section section_4<415,101> with OI=1.27 computed in 0.058 s [0.07 GFlops/s]
Section main<415,1036,1036,1036> with OI=4.56 computed in 1481.577 s [93.44 GFlops/s, 0.31 GPts/s]
=========================================================================================
Allocating memory for m ((1044, 1044, 1044))
Allocating memory for damp ((1044, 1044, 1044))
Allocating memory for epsilon ((1044, 1044, 1044))
Allocating memory for delta ((1044, 1044, 1044))
Allocating memory for theta ((1044, 1044, 1044))
Allocating memory for phi ((1044, 1044, 1044))
Allocating memory for src ((417, 1))
Allocating memory for src_coords ((1, 3))
Allocating memory for nrec_coords ((101, 3))
Allocating memory for rec_coords ((101, 3))
DSE: extract_time_varying [flops: 3953, elapsed: 5.45] >>
     extract_time_invariants [flops: 3409, elapsed: 2.04] >>
     eliminate_inter_stencil_redundancies [flops: 1243, elapsed: 5.75] >>
     extract_sum_of_products [flops: 901, elapsed: 0.88] >>
     eliminate_inter_stencil_redundancies [flops: 579, elapsed: 1.28] >>
     extract_sum_of_products [flops: 492, elapsed: 0.50] >>
     factorize [flops: 368, elapsed: 3.79] >>
     eliminate_intra_stencil_redundancies [flops: 299, elapsed: 0.91] >>
     finalize [flops: 300, elapsed: 0.08]
     [Total elapsed: 20.69 s]
DLE: avoid_denormals [elapsed: 0.00] >>
     loop_fission [elapsed: 0.12] >>
     loop_blocking [elapsed: 6.26] >>
     simdize [elapsed: 0.61] >>
     ompize [elapsed: 0.73] >>
     create_elemental_functions [elapsed: 4.28] >>
     minimize_remainders [elapsed: 0.22]
     [Total elapsed: 12.22 s]
Allocating memory for rec ((417, 101))
Allocating memory for u ((3, 1044, 1044, 1044))
Allocating memory for v ((3, 1044, 1044, 1044))
IntelCompiler: compiled /tmp/devito-x9e_dkkp/abff3cf8af7bc5b526108879b20a729f1ef62139.c [38.45 s]
AutoTuner: Block shape <8,8,8> took 42.558733 (s) in 3 time steps
AutoTuner: Block shape <16,16,16> took 17.886461 (s) in 3 time steps
AutoTuner: Block shape <24,24,24> took 14.516548 (s) in 3 time steps
AutoTuner: Block shape <32,32,32> took 10.637909 (s) in 3 time steps
AutoTuner: Block shape <40,40,40> took 9.982534 (s) in 3 time steps
AutoTuner: Block shape <8,8,16> took 21.931098 (s) in 3 time steps
AutoTuner: Block shape <8,8,24> took 19.802092 (s) in 3 time steps
AutoTuner: Block shape <8,8,32> took 15.212352 (s) in 3 time steps
AutoTuner: Block shape <8,8,40> took 15.449375 (s) in 3 time steps
AutoTuner: Block shape <8,8,64> took 11.430008 (s) in 3 time steps
AutoTuner: Block shape <8,8,128> took 10.361779 (s) in 3 time steps
AutoTuner: Block shape <8,8,256> took 10.511618 (s) in 3 time steps
AutoTuner: Block shape <8,8,512> took 11.048479 (s) in 3 time steps
AutoTuner: Block shape <16,16,8> took 34.637238 (s) in 3 time steps
AutoTuner: Block shape <16,16,24> took 15.927942 (s) in 3 time steps
AutoTuner: Block shape <16,16,32> took 12.242535 (s) in 3 time steps
AutoTuner: Block shape <16,16,40> took 11.900180 (s) in 3 time steps
AutoTuner: Block shape <16,16,64> took 8.714960 (s) in 3 time steps
AutoTuner: Block shape <16,16,128> took 7.603562 (s) in 3 time steps
AutoTuner: Block shape <16,16,256> took 7.871258 (s) in 3 time steps
AutoTuner: Block shape <24,24,8> took 32.388738 (s) in 3 time steps
AutoTuner: Block shape <24,24,16> took 16.750580 (s) in 3 time steps
AutoTuner: Block shape <24,24,32> took 11.216172 (s) in 3 time steps
AutoTuner: Block shape <24,24,40> took 10.727196 (s) in 3 time steps
AutoTuner: Block shape <24,24,64> took 7.850509 (s) in 3 time steps
AutoTuner: Block shape <24,24,128> took 6.913466 (s) in 3 time steps
AutoTuner: Block shape <32,32,8> took 31.136555 (s) in 3 time steps
AutoTuner: Block shape <32,32,16> took 16.087201 (s) in 3 time steps
AutoTuner: Block shape <32,32,24> took 13.781158 (s) in 3 time steps
AutoTuner: Block shape <32,32,40> took 10.136744 (s) in 3 time steps
AutoTuner: Block shape <32,32,64> took 7.424152 (s) in 3 time steps
AutoTuner: Block shape <32,32,128> took 6.681477 (s) in 3 time steps
AutoTuner: Block shape <16,8,8> took 34.765951 (s) in 3 time steps
AutoTuner: Block shape <8,16,8> took 41.400737 (s) in 3 time steps
AutoTuner: Block shape <16,8,16> took 17.953022 (s) in 3 time steps
AutoTuner: Block shape <8,16,16> took 21.320216 (s) in 3 time steps
AutoTuner: Block shape <32,16,16> took 16.197678 (s) in 3 time steps
AutoTuner: Block shape <16,32,16> took 17.685902 (s) in 3 time steps
AutoTuner: Block shape <32,16,32> took 11.142644 (s) in 3 time steps
AutoTuner: Block shape <16,32,32> took 11.638716 (s) in 3 time steps
AutoTuner: Block shape <48,24,24> took 13.598118 (s) in 3 time steps
AutoTuner: Block shape <24,48,24> took 13.826583 (s) in 3 time steps
AutoTuner: Block shape <24,24,48> took 9.179138 (s) in 3 time steps
AutoTuner: Block shape <48,48,24> took 13.026567 (s) in 3 time steps
AutoTuner: Block shape <48,24,48> took 8.600913 (s) in 3 time steps
AutoTuner: Block shape <24,48,48> took 8.684643 (s) in 3 time steps
AutoTuner: Block shape <48,48,48> took 8.306925 (s) in 3 time steps
AutoTuner: Block shape <64,32,32> took 10.146826 (s) in 3 time steps
AutoTuner: Block shape <32,64,32> took 10.307496 (s) in 3 time steps
AutoTuner: Block shape <64,64,32> took 10.035607 (s) in 3 time steps
AutoTuner: Block shape <64,32,64> took 7.241939 (s) in 3 time steps
AutoTuner: Block shape <32,64,64> took 7.289598 (s) in 3 time steps
AutoTuner: Block shape <40,40,80> took 6.907900 (s) in 3 time steps
Auto-tuned block shape: {'x0_block_size': 32, 'y0_block_size': 32, 'z0_block_size': 128}
=========================================================================================
Section section_0<1036,1036,1036> with OI=0.16 computed in 0.939 s [4.74 GFlops/s]
Section section_3<415,1> with OI=0.64 computed in 0.001 s [0.03 GFlops/s]
Section section_4<415,101> with OI=1.27 computed in 0.077 s [0.05 GFlops/s]
Section main<415,1036,1036,1036> with OI=4.56 computed in 1480.740 s [93.49 GFlops/s, 0.31 GPts/s]
=========================================================================================


OpesciBench: Running 3 repeats - parameters: arch: unknown, autotune: True, dle: advanced, dse: aggressive, nbpml: 10, shape: (1024, 1024, 1024), space_order: 16, spacing: (20.0, 20.0, 20.0), time_order: 2, tn: 1000
OpesciBench [19:32:31]: --- Run 0 ---
icc -O3 -g -fPIC -Wall -std=c99 -xhost -shared -qopenmp /tmp/devito-x9e_dkkp/3c2461b87c0f87f56ef4c5a12f17b533d3514453.c -o /tmp/devito-x9e_dkkp/3c2461b87c0f87f56ef4c5a12f17b533d3514453.so
OpesciBench [20:16:42]: --- Run 0 finished ---

OpesciBench [20:16:42]: --- Run 1 ---
icc -O3 -g -fPIC -Wall -std=c99 -xhost -shared -qopenmp /tmp/devito-x9e_dkkp/f824d1b66bbc1803e1adf3abf04cb2527daf5eaf.c -o /tmp/devito-x9e_dkkp/f824d1b66bbc1803e1adf3abf04cb2527daf5eaf.so
OpesciBench [21:00:55]: --- Run 1 finished ---

OpesciBench [21:00:55]: --- Run 2 ---
icc -O3 -g -fPIC -Wall -std=c99 -xhost -shared -qopenmp /tmp/devito-x9e_dkkp/abff3cf8af7bc5b526108879b20a729f1ef62139.c -o /tmp/devito-x9e_dkkp/abff3cf8af7bc5b526108879b20a729f1ef62139.so
OpesciBench [21:45:06]: --- Run 2 finished ---



Thu Dec 21 21:45:08 PST 2017
top - 21:45:09 up 3 days, 12:51,  1 user,  load average: 271.64, 271.90, 265.29
Tasks: 2258 total,   1 running, 2257 sleeping,   0 stopped,   0 zombie
%Cpu(s): 25.6 us,  1.8 sy,  0.0 ni, 72.6 id,  0.0 wa,  0.0 hi,  0.0 si,  0.0 st
KiB Mem : 11538529+total, 11168160+free,  1464172 used,  2239512 buff/cache
KiB Swap: 58593276 total, 58593276 free,        0 used. 11303889+avail Mem 

   PID USER      PR  NI    VIRT    RES    SHR S  %CPU %MEM     TIME+ COMMAND
115738 cyount    20   0  152536   4080   1460 R  54.1  0.0   0:00.42 top
   281 root      20   0       0      0      0 S   2.7  0.0   7:41.42 rcu_sched
  2005 root      20   0       0      0      0 S   2.7  0.0   0:01.06 kworker/63:1
     1 root      20   0   51548  13932   2384 S   0.0  0.0   1:50.31 systemd
     2 root      20   0       0      0      0 S   0.0  0.0   0:00.15 kthreadd
     3 root      20   0       0      0      0 S   0.0  0.0   0:00.05 ksoftirqd/0
     4 root      20   0       0      0      0 S   0.0  0.0   8:53.30 kworker/0:0
     5 root       0 -20       0      0      0 S   0.0  0.0   0:00.00 kworker/0:0H
     7 root      rt   0       0      0      0 S   0.0  0.0   0:04.63 migration/0
     8 root      20   0       0      0      0 S   0.0  0.0   0:00.00 rcu_bh
     9 root      20   0       0      0      0 S   0.0  0.0   0:00.00 rcuob/0
    10 root      20   0       0      0      0 S   0.0  0.0   0:00.00 rcuob/1
    11 root      20   0       0      0      0 S   0.0  0.0   0:00.00 rcuob/2
    12 root      20   0       0      0      0 S   0.0  0.0   0:00.00 rcuob/3
    13 root      20   0       0      0      0 S   0.0  0.0   0:00.00 rcuob/4
    14 root      20   0       0      0      0 S   0.0  0.0   0:00.00 rcuob/5
    15 root      20   0       0      0      0 S   0.0  0.0   0:00.00 rcuob/6
    16 root      20   0       0      0      0 S   0.0  0.0   0:00.00 rcuob/7
    17 root      20   0       0      0      0 S   0.0  0.0   0:00.00 rcuob/8
    18 root      20   0       0      0      0 S   0.0  0.0   0:00.00 rcuob/9
    19 root      20   0       0      0      0 S   0.0  0.0   0:00.00 rcuob/10
    20 root      20   0       0      0      0 S   0.0  0.0   0:00.00 rcuob/11
    21 root      20   0       0      0      0 S   0.0  0.0   0:00.00 rcuob/12
