Thu Dec 21 16:30:30 PST 2017
Linux ortce-skl3 3.10.0-327.el7.x86_64 #1 SMP Thu Oct 29 17:29:29 EDT 2015 x86_64 x86_64 x86_64 GNU/Linux
Architecture:          x86_64
CPU op-mode(s):        32-bit, 64-bit
Byte Order:            Little Endian
CPU(s):                112
On-line CPU(s) list:   0-111
Thread(s) per core:    2
Core(s) per socket:    28
Socket(s):             2
NUMA node(s):          2
Vendor ID:             GenuineIntel
CPU family:            6
Model:                 85
Model name:            Intel(R) Xeon(R) Platinum 8180 CPU @ 2.50GHz
Stepping:              4
CPU MHz:               2501.000
BogoMIPS:              4993.64
Virtualization:        VT-x
L1d cache:             32K
L1i cache:             32K
L2 cache:              1024K
L3 cache:              39424K
NUMA node0 CPU(s):     0-27,56-83
NUMA node1 CPU(s):     28-55,84-111
Linux ortce-skl3 3.10.0-327.el7.x86_64 #1 SMP Thu Oct 29 17:29:29 EDT 2015 x86_64 x86_64 x86_64 GNU/Linux
available: 2 nodes (0-1)
node 0 cpus: 0 1 2 3 4 5 6 7 8 9 10 11 12 13 14 15 16 17 18 19 20 21 22 23 24 25 26 27 56 57 58 59 60 61 62 63 64 65 66 67 68 69 70 71 72 73 74 75 76 77 78 79 80 81 82 83
node 0 size: 96973 MB
node 0 free: 90389 MB
node 1 cpus: 28 29 30 31 32 33 34 35 36 37 38 39 40 41 42 43 44 45 46 47 48 49 50 51 52 53 54 55 84 85 86 87 88 89 90 91 92 93 94 95 96 97 98 99 100 101 102 103 104 105 106 107 108 109 110 111
node 1 size: 98304 MB
node 1 free: 92930 MB
node distances:
node   0   1 
  0:  10  21 
  1:  21  10 

Per-node system memory usage (in MBs):
                          Node 0          Node 1           Total
                 --------------- --------------- ---------------
MemTotal                96973.63        98304.00       195277.63
MemFree                 90389.02        92930.05       183319.07
MemUsed                  6584.61         5373.95        11958.56
Active                    369.69          566.14          935.83
Inactive                 2574.32         2163.91         4738.23
Active(anon)              194.11           20.16          214.27
Inactive(anon)           1563.13          672.62         2235.75
Active(file)              175.59          545.97          721.56
Inactive(file)           1011.19         1491.29         2502.48
Unevictable                 0.00            0.00            0.00
Mlocked                     0.00            0.00            0.00
Dirty                       0.03            0.00            0.03
Writeback                   0.00            0.00            0.00
FilePages                2720.73         2707.10         5427.82
Mapped                     40.65           11.88           52.54
AnonPages                 271.66           24.48          296.14
Shmem                      14.23            2.67           16.90
KernelStack                33.27           10.34           43.61
PageTables                 28.33           22.50           50.83
NFS_Unstable                0.00            0.00            0.00
Bounce                      0.00            0.00            0.00
WritebackTmp                0.00            0.00            0.00
Slab                      398.33          330.62          728.95
SReclaimable              203.74          141.23          344.98
SUnreclaim                194.59          189.38          383.97
AnonHugePages              88.00            0.00           88.00
HugePages_Total             0.00            0.00            0.00
HugePages_Free              0.00            0.00            0.00
HugePages_Surp              0.00            0.00            0.00
top - 16:30:30 up 22 days,  7:19,  3 users,  load average: 51.41, 45.88, 46.98
Tasks: 1953 total,   1 running, 1952 sleeping,   0 stopped,   0 zombie
%Cpu(s):  5.6 us,  0.1 sy,  0.0 ni, 94.3 id,  0.0 wa,  0.0 hi,  0.0 si,  0.0 st
KiB Mem : 19652648+total, 18771820+free,  4743112 used,  4065164 buff/cache
KiB Swap: 50331644 total, 47136808 free,  3194836 used. 19103500+avail Mem 

   PID USER      PR  NI    VIRT    RES    SHR S  %CPU %MEM     TIME+ COMMAND
 81212 cyount    20   0  152236   3928   1476 R  11.8  0.0   0:00.02 top
     1 root      20   0  197856   6604   1468 S   0.0  0.0   1:10.86 systemd
     2 root      20   0       0      0      0 S   0.0  0.0   0:00.29 kthreadd
     3 root      20   0       0      0      0 S   0.0  0.0   0:00.11 ksoftirqd/0
     5 root       0 -20       0      0      0 S   0.0  0.0   0:00.00 kworker/0:0H
     8 root      rt   0       0      0      0 S   0.0  0.0   0:01.43 migration/0
     9 root      20   0       0      0      0 S   0.0  0.0   0:00.00 rcu_bh
    10 root      20   0       0      0      0 S   0.0  0.0   0:00.00 rcuob/0
    11 root      20   0       0      0      0 S   0.0  0.0   0:00.00 rcuob/1
    12 root      20   0       0      0      0 S   0.0  0.0   0:00.00 rcuob/2
    13 root      20   0       0      0      0 S   0.0  0.0   0:00.00 rcuob/3
    14 root      20   0       0      0      0 S   0.0  0.0   0:00.00 rcuob/4
    15 root      20   0       0      0      0 S   0.0  0.0   0:00.00 rcuob/5
    16 root      20   0       0      0      0 S   0.0  0.0   0:00.00 rcuob/6
    17 root      20   0       0      0      0 S   0.0  0.0   0:00.00 rcuob/7
    18 root      20   0       0      0      0 S   0.0  0.0   0:00.00 rcuob/8
    19 root      20   0       0      0      0 S   0.0  0.0   0:00.00 rcuob/9
    20 root      20   0       0      0      0 S   0.0  0.0   0:00.00 rcuob/10
    21 root      20   0       0      0      0 S   0.0  0.0   0:00.00 rcuob/11
    22 root      20   0       0      0      0 S   0.0  0.0   0:00.00 rcuob/12
    23 root      20   0       0      0      0 S   0.0  0.0   0:00.00 rcuob/13
    24 root      20   0       0      0      0 S   0.0  0.0   0:00.00 rcuob/14
    25 root      20   0       0      0      0 S   0.0  0.0   0:00.00 rcuob/15
env DEVITO_PLATFORM=skx DEVITO_ISA=avx512 DEVITO_DEBUG_COMPILER=1 DEVITO_DLE_OPTIONS=blockinner:True DEVITO_AUTOTUNING=aggressive DEVITO_BACKEND=core DEVITO_OPENMP=1 DEVITO_ARCH=intel DEVITO_LOGGING=DEBUG DEVITO_YASK_AUTOTUNING=preemptive DEVITO_YASK_DUMP=devito.bench.2017-12-21/tti/core/bmdse/ortce-skl3/grid512/so8 numactl --cpubind=1 python examples/seismic/benchmark.py bench -bm dse -P tti -so 8 -to 2 -d 512 512 512 --tn 1000 -x 3 -r devito.bench.2017-12-21/tti/core/bmdse/ortce-skl3/grid512/so8
Allocating memory for m ((532, 532, 532))
Allocating memory for damp ((532, 532, 532))
Allocating memory for epsilon ((532, 532, 532))
Allocating memory for delta ((532, 532, 532))
Allocating memory for theta ((532, 532, 532))
Allocating memory for phi ((532, 532, 532))
Allocating memory for src ((417, 1))
Allocating memory for src_coords ((1, 3))
Allocating memory for nrec_coords ((101, 3))
Allocating memory for rec_coords ((101, 3))
DSE: eliminate_intra_stencil_redundancies [flops: 855, elapsed: 0.42] >>
     finalize [flops: 857, elapsed: 0.02]
     [Total elapsed: 0.44 s]
DLE: avoid_denormals [elapsed: 0.00] >>
     loop_fission [elapsed: 0.02] >>
     loop_blocking [elapsed: 0.15] >>
     simdize [elapsed: 0.21] >>
     ompize [elapsed: 0.06] >>
     create_elemental_functions [elapsed: 0.25] >>
     minimize_remainders [elapsed: 0.02]
     [Total elapsed: 0.70 s]
Allocating memory for rec ((417, 101))
Allocating memory for u ((3, 532, 532, 532))
Allocating memory for v ((3, 532, 532, 532))
IntelCompiler: compiled /tmp/devito-ez4ufkr0/ba427f586b373f72dc393d0a742487c3c926b358.c [10.78 s]
AutoTuner: Block shape <8,8,8> took 0.585909 (s) in 3 time steps
AutoTuner: Block shape <16,16,16> took 0.508025 (s) in 3 time steps
AutoTuner: Block shape <24,24,24> took 0.516545 (s) in 3 time steps
AutoTuner: Block shape <32,32,32> took 0.505363 (s) in 3 time steps
AutoTuner: Block shape <40,40,40> took 0.509381 (s) in 3 time steps
AutoTuner: Block shape <64,64,64> took 0.547586 (s) in 3 time steps
AutoTuner: Block shape <128,128,128> took 0.941232 (s) in 3 time steps
AutoTuner: Block shape <256,256,256> took 1.771873 (s) in 3 time steps
AutoTuner: Block shape <512,512,512> took 9.006962 (s) in 3 time steps
AutoTuner: Block shape <524,524,524> took 8.423650 (s) in 3 time steps
AutoTuner: Block shape <8,8,16> took 0.522902 (s) in 3 time steps
AutoTuner: Block shape <8,8,24> took 0.512199 (s) in 3 time steps
AutoTuner: Block shape <8,8,32> took 0.506185 (s) in 3 time steps
AutoTuner: Block shape <8,8,40> took 0.501542 (s) in 3 time steps
AutoTuner: Block shape <8,8,64> took 0.482517 (s) in 3 time steps
AutoTuner: Block shape <8,8,128> took 0.470429 (s) in 3 time steps
AutoTuner: Block shape <8,8,256> took 0.489497 (s) in 3 time steps
AutoTuner: Block shape <8,8,512> took 0.542995 (s) in 3 time steps
AutoTuner: Block shape <8,8,524> took 0.538562 (s) in 3 time steps
AutoTuner: Block shape <16,16,8> took 0.526770 (s) in 3 time steps
AutoTuner: Block shape <16,16,24> took 0.500774 (s) in 3 time steps
AutoTuner: Block shape <16,16,32> took 0.500445 (s) in 3 time steps
AutoTuner: Block shape <16,16,40> took 0.501536 (s) in 3 time steps
AutoTuner: Block shape <16,16,64> took 0.483807 (s) in 3 time steps
AutoTuner: Block shape <16,16,128> took 0.492249 (s) in 3 time steps
AutoTuner: Block shape <16,16,256> took 0.526801 (s) in 3 time steps
AutoTuner: Block shape <16,16,512> took 0.625797 (s) in 3 time steps
AutoTuner: Block shape <16,16,524> took 0.623327 (s) in 3 time steps
AutoTuner: Block shape <24,24,8> took 0.546035 (s) in 3 time steps
AutoTuner: Block shape <24,24,16> took 0.522952 (s) in 3 time steps
AutoTuner: Block shape <24,24,32> took 0.506088 (s) in 3 time steps
AutoTuner: Block shape <24,24,40> took 0.501677 (s) in 3 time steps
AutoTuner: Block shape <24,24,64> took 0.492667 (s) in 3 time steps
AutoTuner: Block shape <24,24,128> took 0.519540 (s) in 3 time steps
AutoTuner: Block shape <24,24,256> took 0.560521 (s) in 3 time steps
AutoTuner: Block shape <24,24,512> took 0.680535 (s) in 3 time steps
AutoTuner: Block shape <24,24,524> took 0.677152 (s) in 3 time steps
AutoTuner: Block shape <32,32,8> took 0.581153 (s) in 3 time steps
AutoTuner: Block shape <32,32,16> took 0.535159 (s) in 3 time steps
AutoTuner: Block shape <32,32,24> took 0.513959 (s) in 3 time steps
AutoTuner: Block shape <32,32,40> took 0.502501 (s) in 3 time steps
AutoTuner: Block shape <32,32,64> took 0.505264 (s) in 3 time steps
AutoTuner: Block shape <32,32,128> took 0.535248 (s) in 3 time steps
AutoTuner: Block shape <32,32,256> took 0.600640 (s) in 3 time steps
AutoTuner: Block shape <32,32,512> took 0.707792 (s) in 3 time steps
AutoTuner: Block shape <32,32,524> took 0.704705 (s) in 3 time steps
AutoTuner: Block shape <16,8,8> took 0.533317 (s) in 3 time steps
AutoTuner: Block shape <8,16,8> took 0.530207 (s) in 3 time steps
AutoTuner: Block shape <16,8,16> took 0.512178 (s) in 3 time steps
AutoTuner: Block shape <8,16,16> took 0.509761 (s) in 3 time steps
AutoTuner: Block shape <32,16,16> took 0.520883 (s) in 3 time steps
AutoTuner: Block shape <16,32,16> took 0.518203 (s) in 3 time steps
AutoTuner: Block shape <32,16,32> took 0.505356 (s) in 3 time steps
AutoTuner: Block shape <16,32,32> took 0.508501 (s) in 3 time steps
AutoTuner: Block shape <48,24,24> took 0.526140 (s) in 3 time steps
AutoTuner: Block shape <24,48,24> took 0.529702 (s) in 3 time steps
AutoTuner: Block shape <24,24,48> took 0.492939 (s) in 3 time steps
AutoTuner: Block shape <48,48,24> took 0.553123 (s) in 3 time steps
AutoTuner: Block shape <48,24,48> took 0.512043 (s) in 3 time steps
AutoTuner: Block shape <24,48,48> took 0.537294 (s) in 3 time steps
AutoTuner: Block shape <48,48,48> took 0.563743 (s) in 3 time steps
AutoTuner: Block shape <64,32,32> took 0.516119 (s) in 3 time steps
AutoTuner: Block shape <32,64,32> took 0.539175 (s) in 3 time steps
AutoTuner: Block shape <64,64,32> took 0.556576 (s) in 3 time steps
AutoTuner: Block shape <64,32,64> took 0.520225 (s) in 3 time steps
AutoTuner: Block shape <32,64,64> took 0.565132 (s) in 3 time steps
AutoTuner: Block shape <80,40,40> took 0.514380 (s) in 3 time steps
AutoTuner: Block shape <40,80,40> took 0.553548 (s) in 3 time steps
AutoTuner: Block shape <40,40,80> took 0.514217 (s) in 3 time steps
AutoTuner: Block shape <80,80,40> took 0.624460 (s) in 3 time steps
AutoTuner: Block shape <80,40,80> took 0.568786 (s) in 3 time steps
AutoTuner: Block shape <40,80,80> took 0.651940 (s) in 3 time steps
AutoTuner: Block shape <80,80,80> took 0.694805 (s) in 3 time steps
AutoTuner: Block shape <128,64,64> took 0.587799 (s) in 3 time steps
AutoTuner: Block shape <64,128,64> took 0.706532 (s) in 3 time steps
AutoTuner: Block shape <64,64,128> took 0.667851 (s) in 3 time steps
AutoTuner: Block shape <128,128,64> took 0.832880 (s) in 3 time steps
AutoTuner: Block shape <128,64,128> took 0.767514 (s) in 3 time steps
AutoTuner: Block shape <64,128,128> took 0.829457 (s) in 3 time steps
AutoTuner: Block shape <256,128,128> took 1.136357 (s) in 3 time steps
AutoTuner: Block shape <128,256,128> took 1.212080 (s) in 3 time steps
AutoTuner: Block shape <128,128,256> took 1.056042 (s) in 3 time steps
AutoTuner: Block shape <256,256,128> took 1.813123 (s) in 3 time steps
AutoTuner: Block shape <256,128,256> took 1.290076 (s) in 3 time steps
AutoTuner: Block shape <128,256,256> took 1.291423 (s) in 3 time steps
AutoTuner: Block shape <512,256,256> took 3.053142 (s) in 3 time steps
AutoTuner: Block shape <256,512,256> took 3.236526 (s) in 3 time steps
AutoTuner: Block shape <256,256,512> took 2.780557 (s) in 3 time steps
AutoTuner: Block shape <512,512,256> took 5.490766 (s) in 3 time steps
AutoTuner: Block shape <512,256,512> took 4.789140 (s) in 3 time steps
AutoTuner: Block shape <256,512,512> took 4.915654 (s) in 3 time steps
Auto-tuned block shape: {'x0_block_size': 8, 'y0_block_size': 8, 'z0_block_size': 128}
=========================================================================================
Section section_1<415,1> with OI=0.64 computed in 0.000 s [0.14 GFlops/s]
Section section_2<415,101> with OI=1.27 computed in 0.004 s [1.10 GFlops/s]
Section main<415,524,524,524> with OI=20.37 computed in 197.658 s [258.89 GFlops/s, 0.30 GPts/s]
=========================================================================================
Allocating memory for m ((532, 532, 532))
Allocating memory for damp ((532, 532, 532))
Allocating memory for epsilon ((532, 532, 532))
Allocating memory for delta ((532, 532, 532))
Allocating memory for theta ((532, 532, 532))
Allocating memory for phi ((532, 532, 532))
Allocating memory for src ((417, 1))
Allocating memory for src_coords ((1, 3))
Allocating memory for nrec_coords ((101, 3))
Allocating memory for rec_coords ((101, 3))
DSE: eliminate_intra_stencil_redundancies [flops: 855, elapsed: 0.42] >>
     finalize [flops: 857, elapsed: 0.02]
     [Total elapsed: 0.45 s]
DLE: avoid_denormals [elapsed: 0.00] >>
     loop_fission [elapsed: 0.02] >>
     loop_blocking [elapsed: 0.15] >>
     simdize [elapsed: 0.09] >>
     ompize [elapsed: 0.06] >>
     create_elemental_functions [elapsed: 0.24] >>
     minimize_remainders [elapsed: 0.02]
     [Total elapsed: 0.57 s]
Allocating memory for rec ((417, 101))
Allocating memory for u ((3, 532, 532, 532))
Allocating memory for v ((3, 532, 532, 532))
IntelCompiler: compiled /tmp/devito-ez4ufkr0/ba427f586b373f72dc393d0a742487c3c926b358.c [10.76 s]
AutoTuner: Block shape <8,8,8> took 0.547602 (s) in 3 time steps
AutoTuner: Block shape <16,16,16> took 0.510308 (s) in 3 time steps
AutoTuner: Block shape <24,24,24> took 0.520062 (s) in 3 time steps
AutoTuner: Block shape <32,32,32> took 0.507973 (s) in 3 time steps
AutoTuner: Block shape <40,40,40> took 0.512164 (s) in 3 time steps
AutoTuner: Block shape <64,64,64> took 0.550050 (s) in 3 time steps
AutoTuner: Block shape <128,128,128> took 0.941006 (s) in 3 time steps
AutoTuner: Block shape <256,256,256> took 1.811580 (s) in 3 time steps
AutoTuner: Block shape <512,512,512> took 9.174215 (s) in 3 time steps
AutoTuner: Block shape <524,524,524> took 8.594474 (s) in 3 time steps
AutoTuner: Block shape <8,8,16> took 0.526366 (s) in 3 time steps
AutoTuner: Block shape <8,8,24> took 0.515687 (s) in 3 time steps
AutoTuner: Block shape <8,8,32> took 0.509742 (s) in 3 time steps
AutoTuner: Block shape <8,8,40> took 0.504908 (s) in 3 time steps
AutoTuner: Block shape <8,8,64> took 0.479838 (s) in 3 time steps
AutoTuner: Block shape <8,8,128> took 0.474440 (s) in 3 time steps
AutoTuner: Block shape <8,8,256> took 0.486485 (s) in 3 time steps
AutoTuner: Block shape <8,8,512> took 0.543410 (s) in 3 time steps
AutoTuner: Block shape <8,8,524> took 0.539315 (s) in 3 time steps
AutoTuner: Block shape <16,16,8> took 0.525492 (s) in 3 time steps
AutoTuner: Block shape <16,16,24> took 0.506523 (s) in 3 time steps
AutoTuner: Block shape <16,16,32> took 0.504352 (s) in 3 time steps
AutoTuner: Block shape <16,16,40> took 0.503369 (s) in 3 time steps
AutoTuner: Block shape <16,16,64> took 0.486094 (s) in 3 time steps
AutoTuner: Block shape <16,16,128> took 0.495132 (s) in 3 time steps
AutoTuner: Block shape <16,16,256> took 0.529268 (s) in 3 time steps
AutoTuner: Block shape <16,16,512> took 0.630481 (s) in 3 time steps
AutoTuner: Block shape <16,16,524> took 0.628060 (s) in 3 time steps
AutoTuner: Block shape <24,24,8> took 0.545880 (s) in 3 time steps
AutoTuner: Block shape <24,24,16> took 0.526265 (s) in 3 time steps
AutoTuner: Block shape <24,24,32> took 0.508459 (s) in 3 time steps
AutoTuner: Block shape <24,24,40> took 0.503949 (s) in 3 time steps
AutoTuner: Block shape <24,24,64> took 0.493223 (s) in 3 time steps
AutoTuner: Block shape <24,24,128> took 0.525047 (s) in 3 time steps
AutoTuner: Block shape <24,24,256> took 0.564244 (s) in 3 time steps
AutoTuner: Block shape <24,24,512> took 0.666938 (s) in 3 time steps
AutoTuner: Block shape <24,24,524> took 0.662224 (s) in 3 time steps
AutoTuner: Block shape <32,32,8> took 0.583533 (s) in 3 time steps
AutoTuner: Block shape <32,32,16> took 0.538592 (s) in 3 time steps
AutoTuner: Block shape <32,32,24> took 0.517281 (s) in 3 time steps
AutoTuner: Block shape <32,32,40> took 0.504881 (s) in 3 time steps
AutoTuner: Block shape <32,32,64> took 0.508744 (s) in 3 time steps
AutoTuner: Block shape <32,32,128> took 0.539769 (s) in 3 time steps
AutoTuner: Block shape <32,32,256> took 0.603663 (s) in 3 time steps
AutoTuner: Block shape <32,32,512> took 0.692119 (s) in 3 time steps
AutoTuner: Block shape <32,32,524> took 0.687594 (s) in 3 time steps
AutoTuner: Block shape <16,8,8> took 0.533293 (s) in 3 time steps
AutoTuner: Block shape <8,16,8> took 0.530971 (s) in 3 time steps
AutoTuner: Block shape <16,8,16> took 0.514197 (s) in 3 time steps
AutoTuner: Block shape <8,16,16> took 0.512697 (s) in 3 time steps
AutoTuner: Block shape <32,16,16> took 0.523128 (s) in 3 time steps
AutoTuner: Block shape <16,32,16> took 0.521581 (s) in 3 time steps
AutoTuner: Block shape <32,16,32> took 0.509773 (s) in 3 time steps
AutoTuner: Block shape <16,32,32> took 0.511126 (s) in 3 time steps
AutoTuner: Block shape <48,24,24> took 0.529555 (s) in 3 time steps
AutoTuner: Block shape <24,48,24> took 0.530778 (s) in 3 time steps
AutoTuner: Block shape <24,24,48> took 0.496836 (s) in 3 time steps
AutoTuner: Block shape <48,48,24> took 0.551361 (s) in 3 time steps
AutoTuner: Block shape <48,24,48> took 0.511769 (s) in 3 time steps
AutoTuner: Block shape <24,48,48> took 0.538738 (s) in 3 time steps
AutoTuner: Block shape <48,48,48> took 0.558534 (s) in 3 time steps
AutoTuner: Block shape <64,32,32> took 0.519443 (s) in 3 time steps
AutoTuner: Block shape <32,64,32> took 0.537591 (s) in 3 time steps
AutoTuner: Block shape <64,64,32> took 0.555321 (s) in 3 time steps
AutoTuner: Block shape <64,32,64> took 0.523877 (s) in 3 time steps
AutoTuner: Block shape <32,64,64> took 0.567956 (s) in 3 time steps
AutoTuner: Block shape <80,40,40> took 0.515955 (s) in 3 time steps
AutoTuner: Block shape <40,80,40> took 0.555555 (s) in 3 time steps
AutoTuner: Block shape <40,40,80> took 0.518561 (s) in 3 time steps
AutoTuner: Block shape <80,80,40> took 0.627384 (s) in 3 time steps
AutoTuner: Block shape <80,40,80> took 0.571144 (s) in 3 time steps
AutoTuner: Block shape <40,80,80> took 0.656007 (s) in 3 time steps
AutoTuner: Block shape <80,80,80> took 0.700271 (s) in 3 time steps
AutoTuner: Block shape <128,64,64> took 0.591113 (s) in 3 time steps
AutoTuner: Block shape <64,128,64> took 0.711196 (s) in 3 time steps
AutoTuner: Block shape <64,64,128> took 0.673387 (s) in 3 time steps
AutoTuner: Block shape <128,128,64> took 0.834731 (s) in 3 time steps
AutoTuner: Block shape <128,64,128> took 0.769986 (s) in 3 time steps
AutoTuner: Block shape <64,128,128> took 0.836917 (s) in 3 time steps
AutoTuner: Block shape <256,128,128> took 1.144774 (s) in 3 time steps
AutoTuner: Block shape <128,256,128> took 1.238014 (s) in 3 time steps
AutoTuner: Block shape <128,128,256> took 1.018814 (s) in 3 time steps
AutoTuner: Block shape <256,256,128> took 1.824977 (s) in 3 time steps
AutoTuner: Block shape <256,128,256> took 1.300489 (s) in 3 time steps
AutoTuner: Block shape <128,256,256> took 1.299152 (s) in 3 time steps
AutoTuner: Block shape <512,256,256> took 3.073867 (s) in 3 time steps
AutoTuner: Block shape <256,512,256> took 3.311077 (s) in 3 time steps
AutoTuner: Block shape <256,256,512> took 2.819864 (s) in 3 time steps
AutoTuner: Block shape <512,512,256> took 5.571312 (s) in 3 time steps
AutoTuner: Block shape <512,256,512> took 4.872793 (s) in 3 time steps
AutoTuner: Block shape <256,512,512> took 4.978948 (s) in 3 time steps
Auto-tuned block shape: {'x0_block_size': 8, 'y0_block_size': 8, 'z0_block_size': 128}
=========================================================================================
Section section_1<415,1> with OI=0.64 computed in 0.000 s [0.17 GFlops/s]
Section section_2<415,101> with OI=1.27 computed in 0.004 s [1.08 GFlops/s]
Section main<415,524,524,524> with OI=20.37 computed in 197.152 s [259.55 GFlops/s, 0.30 GPts/s]
=========================================================================================
Allocating memory for m ((532, 532, 532))
Allocating memory for damp ((532, 532, 532))
Allocating memory for epsilon ((532, 532, 532))
Allocating memory for delta ((532, 532, 532))
Allocating memory for theta ((532, 532, 532))
Allocating memory for phi ((532, 532, 532))
Allocating memory for src ((417, 1))
Allocating memory for src_coords ((1, 3))
Allocating memory for nrec_coords ((101, 3))
Allocating memory for rec_coords ((101, 3))
DSE: eliminate_intra_stencil_redundancies [flops: 855, elapsed: 0.42] >>
     finalize [flops: 857, elapsed: 0.02]
     [Total elapsed: 0.44 s]
DLE: avoid_denormals [elapsed: 0.00] >>
     loop_fission [elapsed: 0.02] >>
     loop_blocking [elapsed: 0.15] >>
     simdize [elapsed: 0.09] >>
     ompize [elapsed: 0.06] >>
     create_elemental_functions [elapsed: 0.25] >>
     minimize_remainders [elapsed: 0.02]
     [Total elapsed: 0.57 s]
Allocating memory for rec ((417, 101))
Allocating memory for u ((3, 532, 532, 532))
Allocating memory for v ((3, 532, 532, 532))
IntelCompiler: compiled /tmp/devito-ez4ufkr0/ba427f586b373f72dc393d0a742487c3c926b358.c [10.83 s]
AutoTuner: Block shape <8,8,8> took 0.546964 (s) in 3 time steps
AutoTuner: Block shape <16,16,16> took 0.510558 (s) in 3 time steps
AutoTuner: Block shape <24,24,24> took 0.520180 (s) in 3 time steps
AutoTuner: Block shape <32,32,32> took 0.508514 (s) in 3 time steps
AutoTuner: Block shape <40,40,40> took 0.512608 (s) in 3 time steps
AutoTuner: Block shape <64,64,64> took 0.550405 (s) in 3 time steps
AutoTuner: Block shape <128,128,128> took 0.940332 (s) in 3 time steps
AutoTuner: Block shape <256,256,256> took 1.800152 (s) in 3 time steps
AutoTuner: Block shape <512,512,512> took 9.159482 (s) in 3 time steps
AutoTuner: Block shape <524,524,524> took 8.593902 (s) in 3 time steps
AutoTuner: Block shape <8,8,16> took 0.525919 (s) in 3 time steps
AutoTuner: Block shape <8,8,24> took 0.515137 (s) in 3 time steps
AutoTuner: Block shape <8,8,32> took 0.508942 (s) in 3 time steps
AutoTuner: Block shape <8,8,40> took 0.504289 (s) in 3 time steps
AutoTuner: Block shape <8,8,64> took 0.478990 (s) in 3 time steps
AutoTuner: Block shape <8,8,128> took 0.472967 (s) in 3 time steps
AutoTuner: Block shape <8,8,256> took 0.483658 (s) in 3 time steps
AutoTuner: Block shape <8,8,512> took 0.542942 (s) in 3 time steps
AutoTuner: Block shape <8,8,524> took 0.539067 (s) in 3 time steps
AutoTuner: Block shape <16,16,8> took 0.525473 (s) in 3 time steps
AutoTuner: Block shape <16,16,24> took 0.506958 (s) in 3 time steps
AutoTuner: Block shape <16,16,32> took 0.503722 (s) in 3 time steps
AutoTuner: Block shape <16,16,40> took 0.503534 (s) in 3 time steps
AutoTuner: Block shape <16,16,64> took 0.484678 (s) in 3 time steps
AutoTuner: Block shape <16,16,128> took 0.496058 (s) in 3 time steps
AutoTuner: Block shape <16,16,256> took 0.528693 (s) in 3 time steps
AutoTuner: Block shape <16,16,512> took 0.628605 (s) in 3 time steps
AutoTuner: Block shape <16,16,524> took 0.625895 (s) in 3 time steps
AutoTuner: Block shape <24,24,8> took 0.545792 (s) in 3 time steps
AutoTuner: Block shape <24,24,16> took 0.526053 (s) in 3 time steps
AutoTuner: Block shape <24,24,32> took 0.509438 (s) in 3 time steps
AutoTuner: Block shape <24,24,40> took 0.503763 (s) in 3 time steps
AutoTuner: Block shape <24,24,64> took 0.492425 (s) in 3 time steps
AutoTuner: Block shape <24,24,128> took 0.523960 (s) in 3 time steps
AutoTuner: Block shape <24,24,256> took 0.563536 (s) in 3 time steps
AutoTuner: Block shape <24,24,512> took 0.682742 (s) in 3 time steps
AutoTuner: Block shape <24,24,524> took 0.677972 (s) in 3 time steps
AutoTuner: Block shape <32,32,8> took 0.583342 (s) in 3 time steps
AutoTuner: Block shape <32,32,16> took 0.538831 (s) in 3 time steps
AutoTuner: Block shape <32,32,24> took 0.517190 (s) in 3 time steps
AutoTuner: Block shape <32,32,40> took 0.504199 (s) in 3 time steps
AutoTuner: Block shape <32,32,64> took 0.509627 (s) in 3 time steps
AutoTuner: Block shape <32,32,128> took 0.539347 (s) in 3 time steps
AutoTuner: Block shape <32,32,256> took 0.606102 (s) in 3 time steps
AutoTuner: Block shape <32,32,512> took 0.691642 (s) in 3 time steps
AutoTuner: Block shape <32,32,524> took 0.686645 (s) in 3 time steps
AutoTuner: Block shape <16,8,8> took 0.533518 (s) in 3 time steps
AutoTuner: Block shape <8,16,8> took 0.530415 (s) in 3 time steps
AutoTuner: Block shape <16,8,16> took 0.514051 (s) in 3 time steps
AutoTuner: Block shape <8,16,16> took 0.511821 (s) in 3 time steps
AutoTuner: Block shape <32,16,16> took 0.523276 (s) in 3 time steps
AutoTuner: Block shape <16,32,16> took 0.521625 (s) in 3 time steps
AutoTuner: Block shape <32,16,32> took 0.509451 (s) in 3 time steps
AutoTuner: Block shape <16,32,32> took 0.511936 (s) in 3 time steps
AutoTuner: Block shape <48,24,24> took 0.530235 (s) in 3 time steps
AutoTuner: Block shape <24,48,24> took 0.531019 (s) in 3 time steps
AutoTuner: Block shape <24,24,48> took 0.500276 (s) in 3 time steps
AutoTuner: Block shape <48,48,24> took 0.551839 (s) in 3 time steps
AutoTuner: Block shape <48,24,48> took 0.511459 (s) in 3 time steps
AutoTuner: Block shape <24,48,48> took 0.538028 (s) in 3 time steps
AutoTuner: Block shape <48,48,48> took 0.558662 (s) in 3 time steps
AutoTuner: Block shape <64,32,32> took 0.520217 (s) in 3 time steps
AutoTuner: Block shape <32,64,32> took 0.537885 (s) in 3 time steps
AutoTuner: Block shape <64,64,32> took 0.555894 (s) in 3 time steps
AutoTuner: Block shape <64,32,64> took 0.522842 (s) in 3 time steps
AutoTuner: Block shape <32,64,64> took 0.569316 (s) in 3 time steps
AutoTuner: Block shape <80,40,40> took 0.516242 (s) in 3 time steps
AutoTuner: Block shape <40,80,40> took 0.556259 (s) in 3 time steps
AutoTuner: Block shape <40,40,80> took 0.518518 (s) in 3 time steps
AutoTuner: Block shape <80,80,40> took 0.627828 (s) in 3 time steps
AutoTuner: Block shape <80,40,80> took 0.571416 (s) in 3 time steps
AutoTuner: Block shape <40,80,80> took 0.654862 (s) in 3 time steps
AutoTuner: Block shape <80,80,80> took 0.701599 (s) in 3 time steps
AutoTuner: Block shape <128,64,64> took 0.591910 (s) in 3 time steps
AutoTuner: Block shape <64,128,64> took 0.710322 (s) in 3 time steps
AutoTuner: Block shape <64,64,128> took 0.672602 (s) in 3 time steps
AutoTuner: Block shape <128,128,64> took 0.834847 (s) in 3 time steps
AutoTuner: Block shape <128,64,128> took 0.770113 (s) in 3 time steps
AutoTuner: Block shape <64,128,128> took 0.836380 (s) in 3 time steps
AutoTuner: Block shape <256,128,128> took 1.143477 (s) in 3 time steps
AutoTuner: Block shape <128,256,128> took 1.266111 (s) in 3 time steps
AutoTuner: Block shape <128,128,256> took 1.046695 (s) in 3 time steps
AutoTuner: Block shape <256,256,128> took 1.821827 (s) in 3 time steps
AutoTuner: Block shape <256,128,256> took 1.296987 (s) in 3 time steps
AutoTuner: Block shape <128,256,256> took 1.307794 (s) in 3 time steps
AutoTuner: Block shape <512,256,256> took 3.079358 (s) in 3 time steps
AutoTuner: Block shape <256,512,256> took 3.255366 (s) in 3 time steps
AutoTuner: Block shape <256,256,512> took 2.817231 (s) in 3 time steps
AutoTuner: Block shape <512,512,256> took 5.548157 (s) in 3 time steps
AutoTuner: Block shape <512,256,512> took 4.865745 (s) in 3 time steps
AutoTuner: Block shape <256,512,512> took 4.978492 (s) in 3 time steps
Auto-tuned block shape: {'x0_block_size': 8, 'y0_block_size': 8, 'z0_block_size': 128}
=========================================================================================
Section section_1<415,1> with OI=0.64 computed in 0.000 s [0.16 GFlops/s]
Section section_2<415,101> with OI=1.27 computed in 0.003 s [1.16 GFlops/s]
Section main<415,524,524,524> with OI=20.37 computed in 197.503 s [259.09 GFlops/s, 0.30 GPts/s]
=========================================================================================
Allocating memory for m ((532, 532, 532))
Allocating memory for damp ((532, 532, 532))
Allocating memory for epsilon ((532, 532, 532))
Allocating memory for delta ((532, 532, 532))
Allocating memory for theta ((532, 532, 532))
Allocating memory for phi ((532, 532, 532))
Allocating memory for src ((417, 1))
Allocating memory for src_coords ((1, 3))
Allocating memory for nrec_coords ((101, 3))
Allocating memory for rec_coords ((101, 3))
DSE: extract_time_invariants [flops: 1607, elapsed: 0.16] >>
     eliminate_inter_stencil_redundancies [flops: 1523, elapsed: 0.23] >>
     eliminate_intra_stencil_redundancies [flops: 743, elapsed: 0.30] >>
     factorize [flops: 641, elapsed: 0.52] >>
     finalize [flops: 643, elapsed: 0.01]
     [Total elapsed: 1.22 s]
DLE: avoid_denormals [elapsed: 0.00] >>
     loop_fission [elapsed: 0.01] >>
     loop_blocking [elapsed: 0.13] >>
     simdize [elapsed: 0.08] >>
     ompize [elapsed: 0.05] >>
     create_elemental_functions [elapsed: 0.23] >>
     minimize_remainders [elapsed: 0.02]
     [Total elapsed: 0.51 s]
Allocating memory for rec ((417, 101))
Allocating memory for u ((3, 532, 532, 532))
Allocating memory for v ((3, 532, 532, 532))
IntelCompiler: compiled /tmp/devito-ez4ufkr0/4b36f3748a151cfc18654e93621d5a6863c83da0.c [17.23 s]
AutoTuner: Block shape <8,8,8> took 0.335166 (s) in 3 time steps
AutoTuner: Block shape <16,16,16> took 0.314135 (s) in 3 time steps
AutoTuner: Block shape <24,24,24> took 0.308528 (s) in 3 time steps
AutoTuner: Block shape <32,32,32> took 0.308015 (s) in 3 time steps
AutoTuner: Block shape <40,40,40> took 0.321030 (s) in 3 time steps
AutoTuner: Block shape <64,64,64> took 0.353580 (s) in 3 time steps
AutoTuner: Block shape <128,128,128> took 0.564389 (s) in 3 time steps
AutoTuner: Block shape <256,256,256> took 1.470723 (s) in 3 time steps
AutoTuner: Block shape <512,512,512> took 8.130163 (s) in 3 time steps
AutoTuner: Block shape <524,524,524> took 8.078611 (s) in 3 time steps
AutoTuner: Block shape <8,8,16> took 0.320813 (s) in 3 time steps
AutoTuner: Block shape <8,8,24> took 0.310030 (s) in 3 time steps
AutoTuner: Block shape <8,8,32> took 0.307920 (s) in 3 time steps
AutoTuner: Block shape <8,8,40> took 0.306609 (s) in 3 time steps
AutoTuner: Block shape <8,8,64> took 0.306313 (s) in 3 time steps
AutoTuner: Block shape <8,8,128> took 0.303845 (s) in 3 time steps
AutoTuner: Block shape <8,8,256> took 0.315402 (s) in 3 time steps
AutoTuner: Block shape <8,8,512> took 0.343223 (s) in 3 time steps
AutoTuner: Block shape <8,8,524> took 0.339856 (s) in 3 time steps
AutoTuner: Block shape <16,16,8> took 0.334365 (s) in 3 time steps
AutoTuner: Block shape <16,16,24> took 0.302917 (s) in 3 time steps
AutoTuner: Block shape <16,16,32> took 0.298635 (s) in 3 time steps
AutoTuner: Block shape <16,16,40> took 0.297345 (s) in 3 time steps
AutoTuner: Block shape <16,16,64> took 0.300069 (s) in 3 time steps
AutoTuner: Block shape <16,16,128> took 0.315763 (s) in 3 time steps
AutoTuner: Block shape <16,16,256> took 0.327434 (s) in 3 time steps
AutoTuner: Block shape <16,16,512> took 0.403900 (s) in 3 time steps
AutoTuner: Block shape <16,16,524> took 0.400231 (s) in 3 time steps
AutoTuner: Block shape <24,24,8> took 0.344150 (s) in 3 time steps
AutoTuner: Block shape <24,24,16> took 0.320025 (s) in 3 time steps
AutoTuner: Block shape <24,24,32> took 0.302370 (s) in 3 time steps
AutoTuner: Block shape <24,24,40> took 0.301992 (s) in 3 time steps
AutoTuner: Block shape <24,24,64> took 0.321721 (s) in 3 time steps
AutoTuner: Block shape <24,24,128> took 0.324365 (s) in 3 time steps
AutoTuner: Block shape <24,24,256> took 0.361136 (s) in 3 time steps
AutoTuner: Block shape <24,24,512> took 0.457751 (s) in 3 time steps
AutoTuner: Block shape <24,24,524> took 0.455572 (s) in 3 time steps
AutoTuner: Block shape <32,32,8> took 0.367384 (s) in 3 time steps
AutoTuner: Block shape <32,32,16> took 0.328858 (s) in 3 time steps
AutoTuner: Block shape <32,32,24> took 0.312631 (s) in 3 time steps
AutoTuner: Block shape <32,32,40> took 0.309727 (s) in 3 time steps
AutoTuner: Block shape <32,32,64> took 0.333400 (s) in 3 time steps
AutoTuner: Block shape <32,32,128> took 0.328111 (s) in 3 time steps
AutoTuner: Block shape <32,32,256> took 0.405452 (s) in 3 time steps
AutoTuner: Block shape <32,32,512> took 0.458355 (s) in 3 time steps
AutoTuner: Block shape <32,32,524> took 0.458369 (s) in 3 time steps
AutoTuner: Block shape <16,8,8> took 0.337510 (s) in 3 time steps
AutoTuner: Block shape <8,16,8> took 0.329378 (s) in 3 time steps
AutoTuner: Block shape <16,8,16> took 0.320258 (s) in 3 time steps
AutoTuner: Block shape <8,16,16> took 0.316047 (s) in 3 time steps
AutoTuner: Block shape <32,16,16> took 0.321360 (s) in 3 time steps
AutoTuner: Block shape <16,32,16> took 0.319977 (s) in 3 time steps
AutoTuner: Block shape <32,16,32> took 0.303653 (s) in 3 time steps
AutoTuner: Block shape <16,32,32> took 0.308906 (s) in 3 time steps
AutoTuner: Block shape <48,24,24> took 0.313939 (s) in 3 time steps
AutoTuner: Block shape <24,48,24> took 0.329163 (s) in 3 time steps
AutoTuner: Block shape <24,24,48> took 0.309952 (s) in 3 time steps
AutoTuner: Block shape <48,48,24> took 0.335593 (s) in 3 time steps
AutoTuner: Block shape <48,24,48> took 0.315208 (s) in 3 time steps
AutoTuner: Block shape <24,48,48> took 0.339371 (s) in 3 time steps
AutoTuner: Block shape <48,48,48> took 0.346180 (s) in 3 time steps
AutoTuner: Block shape <64,32,32> took 0.307708 (s) in 3 time steps
AutoTuner: Block shape <32,64,32> took 0.333144 (s) in 3 time steps
AutoTuner: Block shape <64,64,32> took 0.334714 (s) in 3 time steps
AutoTuner: Block shape <64,32,64> took 0.331086 (s) in 3 time steps
AutoTuner: Block shape <32,64,64> took 0.346155 (s) in 3 time steps
AutoTuner: Block shape <80,40,40> took 0.324284 (s) in 3 time steps
AutoTuner: Block shape <40,80,40> took 0.352867 (s) in 3 time steps
AutoTuner: Block shape <40,40,80> took 0.326067 (s) in 3 time steps
AutoTuner: Block shape <80,80,40> took 0.368699 (s) in 3 time steps
AutoTuner: Block shape <80,40,80> took 0.345526 (s) in 3 time steps
AutoTuner: Block shape <40,80,80> took 0.406671 (s) in 3 time steps
AutoTuner: Block shape <80,80,80> took 0.425088 (s) in 3 time steps
AutoTuner: Block shape <128,64,64> took 0.357189 (s) in 3 time steps
AutoTuner: Block shape <64,128,64> took 0.448258 (s) in 3 time steps
AutoTuner: Block shape <64,64,128> took 0.414116 (s) in 3 time steps
AutoTuner: Block shape <128,128,64> took 0.476763 (s) in 3 time steps
AutoTuner: Block shape <128,64,128> took 0.438073 (s) in 3 time steps
AutoTuner: Block shape <64,128,128> took 0.499727 (s) in 3 time steps
AutoTuner: Block shape <256,128,128> took 0.643213 (s) in 3 time steps
AutoTuner: Block shape <128,256,128> took 0.734468 (s) in 3 time steps
AutoTuner: Block shape <128,128,256> took 0.678449 (s) in 3 time steps
AutoTuner: Block shape <256,256,128> took 0.956910 (s) in 3 time steps
AutoTuner: Block shape <256,128,256> took 0.804530 (s) in 3 time steps
AutoTuner: Block shape <128,256,256> took 0.883537 (s) in 3 time steps
AutoTuner: Block shape <512,256,256> took 2.322143 (s) in 3 time steps
AutoTuner: Block shape <256,512,256> took 2.832582 (s) in 3 time steps
AutoTuner: Block shape <256,256,512> took 2.765025 (s) in 3 time steps
AutoTuner: Block shape <512,512,256> took 4.349690 (s) in 3 time steps
AutoTuner: Block shape <512,256,512> took 4.271821 (s) in 3 time steps
AutoTuner: Block shape <256,512,512> took 5.249376 (s) in 3 time steps
Auto-tuned block shape: {'x0_block_size': 16, 'y0_block_size': 16, 'z0_block_size': 40}
=========================================================================================
Section section_0<528,528,528> with OI=0.34 computed in 0.076 s [13.52 GFlops/s]
Section section_2<415,1> with OI=0.64 computed in 0.000 s [0.18 GFlops/s]
Section section_3<415,101> with OI=1.27 computed in 0.003 s [1.17 GFlops/s]
Section main<415,524,524,524> with OI=13.90 computed in 89.919 s [426.98 GFlops/s, 0.66 GPts/s]
=========================================================================================
Allocating memory for m ((532, 532, 532))
Allocating memory for damp ((532, 532, 532))
Allocating memory for epsilon ((532, 532, 532))
Allocating memory for delta ((532, 532, 532))
Allocating memory for theta ((532, 532, 532))
Allocating memory for phi ((532, 532, 532))
Allocating memory for src ((417, 1))
Allocating memory for src_coords ((1, 3))
Allocating memory for nrec_coords ((101, 3))
Allocating memory for rec_coords ((101, 3))
DSE: extract_time_invariants [flops: 1607, elapsed: 0.16] >>
     eliminate_inter_stencil_redundancies [flops: 1523, elapsed: 0.23] >>
     eliminate_intra_stencil_redundancies [flops: 743, elapsed: 0.30] >>
     factorize [flops: 641, elapsed: 0.52] >>
     finalize [flops: 643, elapsed: 0.01]
     [Total elapsed: 1.22 s]
DLE: avoid_denormals [elapsed: 0.00] >>
     loop_fission [elapsed: 0.01] >>
     loop_blocking [elapsed: 0.13] >>
     simdize [elapsed: 0.07] >>
     ompize [elapsed: 0.05] >>
     create_elemental_functions [elapsed: 0.23] >>
     minimize_remainders [elapsed: 0.02]
     [Total elapsed: 0.51 s]
Allocating memory for rec ((417, 101))
Allocating memory for u ((3, 532, 532, 532))
Allocating memory for v ((3, 532, 532, 532))
IntelCompiler: compiled /tmp/devito-ez4ufkr0/4b36f3748a151cfc18654e93621d5a6863c83da0.c [17.22 s]
AutoTuner: Block shape <8,8,8> took 0.336382 (s) in 3 time steps
AutoTuner: Block shape <16,16,16> took 0.315634 (s) in 3 time steps
AutoTuner: Block shape <24,24,24> took 0.308939 (s) in 3 time steps
AutoTuner: Block shape <32,32,32> took 0.309294 (s) in 3 time steps
AutoTuner: Block shape <40,40,40> took 0.322198 (s) in 3 time steps
AutoTuner: Block shape <64,64,64> took 0.353431 (s) in 3 time steps
AutoTuner: Block shape <128,128,128> took 0.563471 (s) in 3 time steps
AutoTuner: Block shape <256,256,256> took 1.472066 (s) in 3 time steps
AutoTuner: Block shape <512,512,512> took 8.135685 (s) in 3 time steps
AutoTuner: Block shape <524,524,524> took 8.091269 (s) in 3 time steps
AutoTuner: Block shape <8,8,16> took 0.320546 (s) in 3 time steps
AutoTuner: Block shape <8,8,24> took 0.311423 (s) in 3 time steps
AutoTuner: Block shape <8,8,32> took 0.307879 (s) in 3 time steps
AutoTuner: Block shape <8,8,40> took 0.306657 (s) in 3 time steps
AutoTuner: Block shape <8,8,64> took 0.307048 (s) in 3 time steps
AutoTuner: Block shape <8,8,128> took 0.306022 (s) in 3 time steps
AutoTuner: Block shape <8,8,256> took 0.315114 (s) in 3 time steps
AutoTuner: Block shape <8,8,512> took 0.343789 (s) in 3 time steps
AutoTuner: Block shape <8,8,524> took 0.340711 (s) in 3 time steps
AutoTuner: Block shape <16,16,8> took 0.337567 (s) in 3 time steps
AutoTuner: Block shape <16,16,24> took 0.303977 (s) in 3 time steps
AutoTuner: Block shape <16,16,32> took 0.300378 (s) in 3 time steps
AutoTuner: Block shape <16,16,40> took 0.297228 (s) in 3 time steps
AutoTuner: Block shape <16,16,64> took 0.303970 (s) in 3 time steps
AutoTuner: Block shape <16,16,128> took 0.316353 (s) in 3 time steps
AutoTuner: Block shape <16,16,256> took 0.328465 (s) in 3 time steps
AutoTuner: Block shape <16,16,512> took 0.401407 (s) in 3 time steps
AutoTuner: Block shape <16,16,524> took 0.399714 (s) in 3 time steps
AutoTuner: Block shape <24,24,8> took 0.342895 (s) in 3 time steps
AutoTuner: Block shape <24,24,16> took 0.320895 (s) in 3 time steps
AutoTuner: Block shape <24,24,32> took 0.303727 (s) in 3 time steps
AutoTuner: Block shape <24,24,40> took 0.302529 (s) in 3 time steps
AutoTuner: Block shape <24,24,64> took 0.322610 (s) in 3 time steps
AutoTuner: Block shape <24,24,128> took 0.325302 (s) in 3 time steps
AutoTuner: Block shape <24,24,256> took 0.362562 (s) in 3 time steps
AutoTuner: Block shape <24,24,512> took 0.458821 (s) in 3 time steps
AutoTuner: Block shape <24,24,524> took 0.457992 (s) in 3 time steps
AutoTuner: Block shape <32,32,8> took 0.367649 (s) in 3 time steps
AutoTuner: Block shape <32,32,16> took 0.329560 (s) in 3 time steps
AutoTuner: Block shape <32,32,24> took 0.310562 (s) in 3 time steps
AutoTuner: Block shape <32,32,40> took 0.311155 (s) in 3 time steps
AutoTuner: Block shape <32,32,64> took 0.334018 (s) in 3 time steps
AutoTuner: Block shape <32,32,128> took 0.329006 (s) in 3 time steps
AutoTuner: Block shape <32,32,256> took 0.407202 (s) in 3 time steps
AutoTuner: Block shape <32,32,512> took 0.461159 (s) in 3 time steps
AutoTuner: Block shape <32,32,524> took 0.459520 (s) in 3 time steps
AutoTuner: Block shape <16,8,8> took 0.337461 (s) in 3 time steps
AutoTuner: Block shape <8,16,8> took 0.331038 (s) in 3 time steps
AutoTuner: Block shape <16,8,16> took 0.320715 (s) in 3 time steps
AutoTuner: Block shape <8,16,16> took 0.316288 (s) in 3 time steps
AutoTuner: Block shape <32,16,16> took 0.321208 (s) in 3 time steps
AutoTuner: Block shape <16,32,16> took 0.321212 (s) in 3 time steps
AutoTuner: Block shape <32,16,32> took 0.303331 (s) in 3 time steps
AutoTuner: Block shape <16,32,32> took 0.308638 (s) in 3 time steps
AutoTuner: Block shape <48,24,24> took 0.314647 (s) in 3 time steps
AutoTuner: Block shape <24,48,24> took 0.329647 (s) in 3 time steps
AutoTuner: Block shape <24,24,48> took 0.309747 (s) in 3 time steps
AutoTuner: Block shape <48,48,24> took 0.333193 (s) in 3 time steps
AutoTuner: Block shape <48,24,48> took 0.316003 (s) in 3 time steps
AutoTuner: Block shape <24,48,48> took 0.340568 (s) in 3 time steps
AutoTuner: Block shape <48,48,48> took 0.348419 (s) in 3 time steps
AutoTuner: Block shape <64,32,32> took 0.309886 (s) in 3 time steps
AutoTuner: Block shape <32,64,32> took 0.334363 (s) in 3 time steps
AutoTuner: Block shape <64,64,32> took 0.335289 (s) in 3 time steps
AutoTuner: Block shape <64,32,64> took 0.332118 (s) in 3 time steps
AutoTuner: Block shape <32,64,64> took 0.347474 (s) in 3 time steps
AutoTuner: Block shape <80,40,40> took 0.328690 (s) in 3 time steps
AutoTuner: Block shape <40,80,40> took 0.351811 (s) in 3 time steps
AutoTuner: Block shape <40,40,80> took 0.324529 (s) in 3 time steps
AutoTuner: Block shape <80,80,40> took 0.369255 (s) in 3 time steps
AutoTuner: Block shape <80,40,80> took 0.345707 (s) in 3 time steps
AutoTuner: Block shape <40,80,80> took 0.406350 (s) in 3 time steps
AutoTuner: Block shape <80,80,80> took 0.426764 (s) in 3 time steps
AutoTuner: Block shape <128,64,64> took 0.360829 (s) in 3 time steps
AutoTuner: Block shape <64,128,64> took 0.452811 (s) in 3 time steps
AutoTuner: Block shape <64,64,128> took 0.419219 (s) in 3 time steps
AutoTuner: Block shape <128,128,64> took 0.477547 (s) in 3 time steps
AutoTuner: Block shape <128,64,128> took 0.437811 (s) in 3 time steps
AutoTuner: Block shape <64,128,128> took 0.500554 (s) in 3 time steps
AutoTuner: Block shape <256,128,128> took 0.679445 (s) in 3 time steps
AutoTuner: Block shape <128,256,128> took 0.708553 (s) in 3 time steps
AutoTuner: Block shape <128,128,256> took 0.665699 (s) in 3 time steps
AutoTuner: Block shape <256,256,128> took 0.873981 (s) in 3 time steps
AutoTuner: Block shape <256,128,256> took 0.804471 (s) in 3 time steps
AutoTuner: Block shape <128,256,256> took 0.875835 (s) in 3 time steps
AutoTuner: Block shape <512,256,256> took 2.321512 (s) in 3 time steps
AutoTuner: Block shape <256,512,256> took 2.792226 (s) in 3 time steps
AutoTuner: Block shape <256,256,512> took 2.761319 (s) in 3 time steps
AutoTuner: Block shape <512,512,256> took 4.338586 (s) in 3 time steps
AutoTuner: Block shape <512,256,512> took 4.260550 (s) in 3 time steps
AutoTuner: Block shape <256,512,512> took 5.185874 (s) in 3 time steps
Auto-tuned block shape: {'x0_block_size': 16, 'y0_block_size': 16, 'z0_block_size': 40}
=========================================================================================
Section section_0<528,528,528> with OI=0.34 computed in 0.076 s [13.48 GFlops/s]
Section section_2<415,1> with OI=0.64 computed in 0.000 s [0.19 GFlops/s]
Section section_3<415,101> with OI=1.27 computed in 0.003 s [1.18 GFlops/s]
Section main<415,524,524,524> with OI=13.90 computed in 89.757 s [427.74 GFlops/s, 0.67 GPts/s]
=========================================================================================
Allocating memory for m ((532, 532, 532))
Allocating memory for damp ((532, 532, 532))
Allocating memory for epsilon ((532, 532, 532))
Allocating memory for delta ((532, 532, 532))
Allocating memory for theta ((532, 532, 532))
Allocating memory for phi ((532, 532, 532))
Allocating memory for src ((417, 1))
Allocating memory for src_coords ((1, 3))
Allocating memory for nrec_coords ((101, 3))
Allocating memory for rec_coords ((101, 3))
DSE: extract_time_invariants [flops: 1607, elapsed: 0.16] >>
     eliminate_inter_stencil_redundancies [flops: 1523, elapsed: 0.23] >>
     eliminate_intra_stencil_redundancies [flops: 743, elapsed: 0.30] >>
     factorize [flops: 641, elapsed: 0.52] >>
     finalize [flops: 643, elapsed: 0.01]
     [Total elapsed: 1.22 s]
DLE: avoid_denormals [elapsed: 0.00] >>
     loop_fission [elapsed: 0.01] >>
     loop_blocking [elapsed: 0.13] >>
     simdize [elapsed: 0.07] >>
     ompize [elapsed: 0.05] >>
     create_elemental_functions [elapsed: 0.23] >>
     minimize_remainders [elapsed: 0.02]
     [Total elapsed: 0.51 s]
Allocating memory for rec ((417, 101))
Allocating memory for u ((3, 532, 532, 532))
Allocating memory for v ((3, 532, 532, 532))
IntelCompiler: compiled /tmp/devito-ez4ufkr0/4b36f3748a151cfc18654e93621d5a6863c83da0.c [17.23 s]
AutoTuner: Block shape <8,8,8> took 0.348690 (s) in 3 time steps
AutoTuner: Block shape <16,16,16> took 0.316109 (s) in 3 time steps
AutoTuner: Block shape <24,24,24> took 0.307202 (s) in 3 time steps
AutoTuner: Block shape <32,32,32> took 0.309169 (s) in 3 time steps
AutoTuner: Block shape <40,40,40> took 0.324398 (s) in 3 time steps
AutoTuner: Block shape <64,64,64> took 0.352257 (s) in 3 time steps
AutoTuner: Block shape <128,128,128> took 0.562955 (s) in 3 time steps
AutoTuner: Block shape <256,256,256> took 1.470526 (s) in 3 time steps
AutoTuner: Block shape <512,512,512> took 8.095626 (s) in 3 time steps
AutoTuner: Block shape <524,524,524> took 8.052928 (s) in 3 time steps
AutoTuner: Block shape <8,8,16> took 0.321013 (s) in 3 time steps
AutoTuner: Block shape <8,8,24> took 0.309842 (s) in 3 time steps
AutoTuner: Block shape <8,8,32> took 0.308769 (s) in 3 time steps
AutoTuner: Block shape <8,8,40> took 0.307539 (s) in 3 time steps
AutoTuner: Block shape <8,8,64> took 0.307506 (s) in 3 time steps
AutoTuner: Block shape <8,8,128> took 0.305663 (s) in 3 time steps
AutoTuner: Block shape <8,8,256> took 0.314934 (s) in 3 time steps
AutoTuner: Block shape <8,8,512> took 0.342223 (s) in 3 time steps
AutoTuner: Block shape <8,8,524> took 0.340184 (s) in 3 time steps
AutoTuner: Block shape <16,16,8> took 0.336439 (s) in 3 time steps
AutoTuner: Block shape <16,16,24> took 0.303886 (s) in 3 time steps
AutoTuner: Block shape <16,16,32> took 0.300608 (s) in 3 time steps
AutoTuner: Block shape <16,16,40> took 0.298417 (s) in 3 time steps
AutoTuner: Block shape <16,16,64> took 0.302292 (s) in 3 time steps
AutoTuner: Block shape <16,16,128> took 0.315548 (s) in 3 time steps
AutoTuner: Block shape <16,16,256> took 0.327612 (s) in 3 time steps
AutoTuner: Block shape <16,16,512> took 0.402567 (s) in 3 time steps
AutoTuner: Block shape <16,16,524> took 0.401848 (s) in 3 time steps
AutoTuner: Block shape <24,24,8> took 0.344052 (s) in 3 time steps
AutoTuner: Block shape <24,24,16> took 0.320962 (s) in 3 time steps
AutoTuner: Block shape <24,24,32> took 0.303837 (s) in 3 time steps
AutoTuner: Block shape <24,24,40> took 0.303288 (s) in 3 time steps
AutoTuner: Block shape <24,24,64> took 0.321122 (s) in 3 time steps
AutoTuner: Block shape <24,24,128> took 0.325616 (s) in 3 time steps
AutoTuner: Block shape <24,24,256> took 0.362122 (s) in 3 time steps
AutoTuner: Block shape <24,24,512> took 0.459134 (s) in 3 time steps
AutoTuner: Block shape <24,24,524> took 0.458206 (s) in 3 time steps
AutoTuner: Block shape <32,32,8> took 0.367695 (s) in 3 time steps
AutoTuner: Block shape <32,32,16> took 0.330218 (s) in 3 time steps
AutoTuner: Block shape <32,32,24> took 0.311134 (s) in 3 time steps
AutoTuner: Block shape <32,32,40> took 0.312114 (s) in 3 time steps
AutoTuner: Block shape <32,32,64> took 0.332395 (s) in 3 time steps
AutoTuner: Block shape <32,32,128> took 0.326611 (s) in 3 time steps
AutoTuner: Block shape <32,32,256> took 0.404245 (s) in 3 time steps
AutoTuner: Block shape <32,32,512> took 0.459427 (s) in 3 time steps
AutoTuner: Block shape <32,32,524> took 0.457770 (s) in 3 time steps
AutoTuner: Block shape <16,8,8> took 0.336608 (s) in 3 time steps
AutoTuner: Block shape <8,16,8> took 0.331085 (s) in 3 time steps
AutoTuner: Block shape <16,8,16> took 0.320906 (s) in 3 time steps
AutoTuner: Block shape <8,16,16> took 0.316091 (s) in 3 time steps
AutoTuner: Block shape <32,16,16> took 0.320679 (s) in 3 time steps
AutoTuner: Block shape <16,32,16> took 0.321063 (s) in 3 time steps
AutoTuner: Block shape <32,16,32> took 0.304095 (s) in 3 time steps
AutoTuner: Block shape <16,32,32> took 0.309222 (s) in 3 time steps
AutoTuner: Block shape <48,24,24> took 0.314403 (s) in 3 time steps
AutoTuner: Block shape <24,48,24> took 0.327027 (s) in 3 time steps
AutoTuner: Block shape <24,24,48> took 0.309597 (s) in 3 time steps
AutoTuner: Block shape <48,48,24> took 0.336938 (s) in 3 time steps
AutoTuner: Block shape <48,24,48> took 0.316214 (s) in 3 time steps
AutoTuner: Block shape <24,48,48> took 0.341021 (s) in 3 time steps
AutoTuner: Block shape <48,48,48> took 0.347260 (s) in 3 time steps
AutoTuner: Block shape <64,32,32> took 0.310105 (s) in 3 time steps
AutoTuner: Block shape <32,64,32> took 0.332820 (s) in 3 time steps
AutoTuner: Block shape <64,64,32> took 0.335731 (s) in 3 time steps
AutoTuner: Block shape <64,32,64> took 0.332103 (s) in 3 time steps
AutoTuner: Block shape <32,64,64> took 0.346115 (s) in 3 time steps
AutoTuner: Block shape <80,40,40> took 0.328428 (s) in 3 time steps
AutoTuner: Block shape <40,80,40> took 0.350022 (s) in 3 time steps
AutoTuner: Block shape <40,40,80> took 0.325065 (s) in 3 time steps
AutoTuner: Block shape <80,80,40> took 0.369486 (s) in 3 time steps
AutoTuner: Block shape <80,40,80> took 0.345408 (s) in 3 time steps
AutoTuner: Block shape <40,80,80> took 0.406482 (s) in 3 time steps
AutoTuner: Block shape <80,80,80> took 0.425133 (s) in 3 time steps
AutoTuner: Block shape <128,64,64> took 0.358496 (s) in 3 time steps
AutoTuner: Block shape <64,128,64> took 0.450442 (s) in 3 time steps
AutoTuner: Block shape <64,64,128> took 0.416102 (s) in 3 time steps
AutoTuner: Block shape <128,128,64> took 0.475597 (s) in 3 time steps
AutoTuner: Block shape <128,64,128> took 0.435413 (s) in 3 time steps
AutoTuner: Block shape <64,128,128> took 0.500658 (s) in 3 time steps
AutoTuner: Block shape <256,128,128> took 0.640664 (s) in 3 time steps
AutoTuner: Block shape <128,256,128> took 0.710339 (s) in 3 time steps
AutoTuner: Block shape <128,128,256> took 0.663860 (s) in 3 time steps
AutoTuner: Block shape <256,256,128> took 0.877809 (s) in 3 time steps
AutoTuner: Block shape <256,128,256> took 0.804264 (s) in 3 time steps
AutoTuner: Block shape <128,256,256> took 0.876468 (s) in 3 time steps
AutoTuner: Block shape <512,256,256> took 2.318138 (s) in 3 time steps
AutoTuner: Block shape <256,512,256> took 2.805342 (s) in 3 time steps
AutoTuner: Block shape <256,256,512> took 2.763531 (s) in 3 time steps
AutoTuner: Block shape <512,512,256> took 4.345964 (s) in 3 time steps
AutoTuner: Block shape <512,256,512> took 4.239231 (s) in 3 time steps
AutoTuner: Block shape <256,512,512> took 5.198270 (s) in 3 time steps
Auto-tuned block shape: {'x0_block_size': 16, 'y0_block_size': 16, 'z0_block_size': 40}
=========================================================================================
Section section_0<528,528,528> with OI=0.34 computed in 0.076 s [13.55 GFlops/s]
Section section_2<415,1> with OI=0.64 computed in 0.000 s [0.18 GFlops/s]
Section section_3<415,101> with OI=1.27 computed in 0.003 s [1.17 GFlops/s]
Section main<415,524,524,524> with OI=13.90 computed in 89.950 s [426.83 GFlops/s, 0.66 GPts/s]
=========================================================================================
Allocating memory for m ((532, 532, 532))
Allocating memory for damp ((532, 532, 532))
Allocating memory for epsilon ((532, 532, 532))
Allocating memory for delta ((532, 532, 532))
Allocating memory for theta ((532, 532, 532))
Allocating memory for phi ((532, 532, 532))
Allocating memory for src ((417, 1))
Allocating memory for src_coords ((1, 3))
Allocating memory for nrec_coords ((101, 3))
Allocating memory for rec_coords ((101, 3))
DSE: extract_time_varying [flops: 1417, elapsed: 0.11] >>
     extract_time_invariants [flops: 1145, elapsed: 0.06] >>
     eliminate_inter_stencil_redundancies [flops: 635, elapsed: 0.18] >>
     extract_sum_of_products [flops: 461, elapsed: 0.03] >>
     eliminate_inter_stencil_redundancies [flops: 307, elapsed: 0.05] >>
     extract_sum_of_products [flops: 264, elapsed: 0.01] >>
     factorize [flops: 202, elapsed: 0.11] >>
     eliminate_intra_stencil_redundancies [flops: 167, elapsed: 0.04] >>
     finalize [flops: 168, elapsed: 0.00]
     [Total elapsed: 0.59 s]
DLE: avoid_denormals [elapsed: 0.00] >>
     loop_fission [elapsed: 0.01] >>
     loop_blocking [elapsed: 0.30] >>
     simdize [elapsed: 0.04] >>
     ompize [elapsed: 0.04] >>
     create_elemental_functions [elapsed: 0.28] >>
     minimize_remainders [elapsed: 0.02]
     [Total elapsed: 0.68 s]
Allocating memory for rec ((417, 101))
Allocating memory for u ((3, 532, 532, 532))
Allocating memory for v ((3, 532, 532, 532))
IntelCompiler: compiled /tmp/devito-ez4ufkr0/3e518cf6126bd4e67c0c5a6ad12c53ffe37eb9c7.c [2.56 s]
AutoTuner: Block shape <8,8,8> took 0.380416 (s) in 3 time steps
AutoTuner: Block shape <16,16,16> took 0.367833 (s) in 3 time steps
AutoTuner: Block shape <24,24,24> took 0.379468 (s) in 3 time steps
AutoTuner: Block shape <32,32,32> took 0.443499 (s) in 3 time steps
AutoTuner: Block shape <40,40,40> took 0.423285 (s) in 3 time steps
AutoTuner: Block shape <8,8,16> took 0.377512 (s) in 3 time steps
AutoTuner: Block shape <8,8,24> took 0.349252 (s) in 3 time steps
AutoTuner: Block shape <8,8,32> took 0.357956 (s) in 3 time steps
AutoTuner: Block shape <8,8,40> took 0.342920 (s) in 3 time steps
AutoTuner: Block shape <8,8,64> took 0.353910 (s) in 3 time steps
AutoTuner: Block shape <8,8,128> took 0.364032 (s) in 3 time steps
AutoTuner: Block shape <8,8,256> took 0.397791 (s) in 3 time steps
AutoTuner: Block shape <8,8,512> took 0.441623 (s) in 3 time steps
AutoTuner: Block shape <8,8,524> took 0.440482 (s) in 3 time steps
AutoTuner: Block shape <16,16,8> took 0.358007 (s) in 3 time steps
AutoTuner: Block shape <16,16,24> took 0.334066 (s) in 3 time steps
AutoTuner: Block shape <16,16,32> took 0.357666 (s) in 3 time steps
AutoTuner: Block shape <16,16,40> took 0.341992 (s) in 3 time steps
AutoTuner: Block shape <16,16,64> took 0.369314 (s) in 3 time steps
AutoTuner: Block shape <16,16,128> took 0.397295 (s) in 3 time steps
AutoTuner: Block shape <16,16,256> took 0.408449 (s) in 3 time steps
AutoTuner: Block shape <16,16,512> took 0.436758 (s) in 3 time steps
AutoTuner: Block shape <16,16,524> took 0.436367 (s) in 3 time steps
AutoTuner: Block shape <24,24,8> took 0.414616 (s) in 3 time steps
AutoTuner: Block shape <24,24,16> took 0.429445 (s) in 3 time steps
AutoTuner: Block shape <24,24,32> took 0.412185 (s) in 3 time steps
AutoTuner: Block shape <24,24,40> took 0.382949 (s) in 3 time steps
AutoTuner: Block shape <24,24,64> took 0.409785 (s) in 3 time steps
AutoTuner: Block shape <24,24,128> took 0.407509 (s) in 3 time steps
AutoTuner: Block shape <24,24,256> took 0.406142 (s) in 3 time steps
AutoTuner: Block shape <32,32,8> took 0.498679 (s) in 3 time steps
AutoTuner: Block shape <32,32,16> took 0.487656 (s) in 3 time steps
AutoTuner: Block shape <32,32,24> took 0.415737 (s) in 3 time steps
AutoTuner: Block shape <32,32,40> took 0.408059 (s) in 3 time steps
AutoTuner: Block shape <32,32,64> took 0.425311 (s) in 3 time steps
AutoTuner: Block shape <32,32,128> took 0.400923 (s) in 3 time steps
AutoTuner: Block shape <16,8,8> took 0.382833 (s) in 3 time steps
AutoTuner: Block shape <8,16,8> took 0.375098 (s) in 3 time steps
AutoTuner: Block shape <16,8,16> took 0.366838 (s) in 3 time steps
AutoTuner: Block shape <8,16,16> took 0.365309 (s) in 3 time steps
AutoTuner: Block shape <32,16,16> took 0.422066 (s) in 3 time steps
AutoTuner: Block shape <16,32,16> took 0.422969 (s) in 3 time steps
AutoTuner: Block shape <32,16,32> took 0.406668 (s) in 3 time steps
AutoTuner: Block shape <16,32,32> took 0.411147 (s) in 3 time steps
AutoTuner: Block shape <48,24,24> took 0.424963 (s) in 3 time steps
AutoTuner: Block shape <24,48,24> took 0.434345 (s) in 3 time steps
AutoTuner: Block shape <24,24,48> took 0.406937 (s) in 3 time steps
AutoTuner: Block shape <48,48,24> took 0.455431 (s) in 3 time steps
AutoTuner: Block shape <48,24,48> took 0.431548 (s) in 3 time steps
AutoTuner: Block shape <24,48,48> took 0.447581 (s) in 3 time steps
AutoTuner: Block shape <48,48,48> took 0.449805 (s) in 3 time steps
AutoTuner: Block shape <64,32,32> took 0.460450 (s) in 3 time steps
AutoTuner: Block shape <32,64,32> took 0.472782 (s) in 3 time steps
AutoTuner: Block shape <64,64,32> took 0.471114 (s) in 3 time steps
AutoTuner: Block shape <64,32,64> took 0.425081 (s) in 3 time steps
AutoTuner: Block shape <32,64,64> took 0.428562 (s) in 3 time steps
AutoTuner: Block shape <80,40,40> took 0.427339 (s) in 3 time steps
AutoTuner: Block shape <40,80,40> took 0.433606 (s) in 3 time steps
AutoTuner: Block shape <40,40,80> took 0.411452 (s) in 3 time steps
Auto-tuned block shape: {'x0_block_size': 16, 'y0_block_size': 16, 'z0_block_size': 24}
=========================================================================================
Section section_0<528,528,528> with OI=0.16 computed in 0.097 s [6.10 GFlops/s]
Section section_3<415,1> with OI=0.64 computed in 0.000 s [0.18 GFlops/s]
Section section_4<415,101> with OI=1.27 computed in 0.004 s [1.06 GFlops/s]
Section main<415,528,528,528> with OI=2.55 computed in 93.799 s [109.41 GFlops/s, 0.65 GPts/s]
=========================================================================================
Allocating memory for m ((532, 532, 532))
Allocating memory for damp ((532, 532, 532))
Allocating memory for epsilon ((532, 532, 532))
Allocating memory for delta ((532, 532, 532))
Allocating memory for theta ((532, 532, 532))
Allocating memory for phi ((532, 532, 532))
Allocating memory for src ((417, 1))
Allocating memory for src_coords ((1, 3))
Allocating memory for nrec_coords ((101, 3))
Allocating memory for rec_coords ((101, 3))
DSE: extract_time_varying [flops: 1417, elapsed: 0.11] >>
     extract_time_invariants [flops: 1145, elapsed: 0.06] >>
     eliminate_inter_stencil_redundancies [flops: 635, elapsed: 0.18] >>
     extract_sum_of_products [flops: 461, elapsed: 0.03] >>
     eliminate_inter_stencil_redundancies [flops: 307, elapsed: 0.05] >>
     extract_sum_of_products [flops: 264, elapsed: 0.01] >>
     factorize [flops: 202, elapsed: 0.11] >>
     eliminate_intra_stencil_redundancies [flops: 167, elapsed: 0.04] >>
     finalize [flops: 168, elapsed: 0.00]
     [Total elapsed: 0.60 s]
DLE: avoid_denormals [elapsed: 0.00] >>
     loop_fission [elapsed: 0.01] >>
     loop_blocking [elapsed: 0.30] >>
     simdize [elapsed: 0.04] >>
     ompize [elapsed: 0.04] >>
     create_elemental_functions [elapsed: 0.27] >>
     minimize_remainders [elapsed: 0.02]
     [Total elapsed: 0.68 s]
Allocating memory for rec ((417, 101))
Allocating memory for u ((3, 532, 532, 532))
Allocating memory for v ((3, 532, 532, 532))
IntelCompiler: compiled /tmp/devito-ez4ufkr0/aa883eef83539bbac256c895d15a9722e231228a.c [2.57 s]
AutoTuner: Block shape <8,8,8> took 0.407274 (s) in 3 time steps
AutoTuner: Block shape <16,16,16> took 0.367763 (s) in 3 time steps
AutoTuner: Block shape <24,24,24> took 0.378919 (s) in 3 time steps
AutoTuner: Block shape <32,32,32> took 0.446159 (s) in 3 time steps
AutoTuner: Block shape <40,40,40> took 0.421153 (s) in 3 time steps
AutoTuner: Block shape <8,8,16> took 0.378838 (s) in 3 time steps
AutoTuner: Block shape <8,8,24> took 0.348720 (s) in 3 time steps
AutoTuner: Block shape <8,8,32> took 0.357939 (s) in 3 time steps
AutoTuner: Block shape <8,8,40> took 0.340586 (s) in 3 time steps
AutoTuner: Block shape <8,8,64> took 0.353188 (s) in 3 time steps
AutoTuner: Block shape <8,8,128> took 0.363376 (s) in 3 time steps
AutoTuner: Block shape <8,8,256> took 0.397633 (s) in 3 time steps
AutoTuner: Block shape <8,8,512> took 0.441009 (s) in 3 time steps
AutoTuner: Block shape <8,8,524> took 0.439805 (s) in 3 time steps
AutoTuner: Block shape <16,16,8> took 0.358071 (s) in 3 time steps
AutoTuner: Block shape <16,16,24> took 0.333489 (s) in 3 time steps
AutoTuner: Block shape <16,16,32> took 0.357965 (s) in 3 time steps
AutoTuner: Block shape <16,16,40> took 0.340368 (s) in 3 time steps
AutoTuner: Block shape <16,16,64> took 0.370269 (s) in 3 time steps
AutoTuner: Block shape <16,16,128> took 0.397296 (s) in 3 time steps
AutoTuner: Block shape <16,16,256> took 0.408001 (s) in 3 time steps
AutoTuner: Block shape <16,16,512> took 0.437830 (s) in 3 time steps
AutoTuner: Block shape <16,16,524> took 0.436607 (s) in 3 time steps
AutoTuner: Block shape <24,24,8> took 0.414091 (s) in 3 time steps
AutoTuner: Block shape <24,24,16> took 0.429480 (s) in 3 time steps
AutoTuner: Block shape <24,24,32> took 0.413287 (s) in 3 time steps
AutoTuner: Block shape <24,24,40> took 0.383892 (s) in 3 time steps
AutoTuner: Block shape <24,24,64> took 0.409034 (s) in 3 time steps
AutoTuner: Block shape <24,24,128> took 0.407361 (s) in 3 time steps
AutoTuner: Block shape <24,24,256> took 0.406418 (s) in 3 time steps
AutoTuner: Block shape <32,32,8> took 0.498642 (s) in 3 time steps
AutoTuner: Block shape <32,32,16> took 0.488126 (s) in 3 time steps
AutoTuner: Block shape <32,32,24> took 0.414600 (s) in 3 time steps
AutoTuner: Block shape <32,32,40> took 0.408914 (s) in 3 time steps
AutoTuner: Block shape <32,32,64> took 0.425163 (s) in 3 time steps
AutoTuner: Block shape <32,32,128> took 0.401422 (s) in 3 time steps
AutoTuner: Block shape <16,8,8> took 0.384459 (s) in 3 time steps
AutoTuner: Block shape <8,16,8> took 0.374882 (s) in 3 time steps
AutoTuner: Block shape <16,8,16> took 0.366655 (s) in 3 time steps
AutoTuner: Block shape <8,16,16> took 0.365165 (s) in 3 time steps
AutoTuner: Block shape <32,16,16> took 0.421191 (s) in 3 time steps
AutoTuner: Block shape <16,32,16> took 0.421250 (s) in 3 time steps
AutoTuner: Block shape <32,16,32> took 0.407090 (s) in 3 time steps
AutoTuner: Block shape <16,32,32> took 0.412395 (s) in 3 time steps
AutoTuner: Block shape <48,24,24> took 0.424981 (s) in 3 time steps
AutoTuner: Block shape <24,48,24> took 0.434059 (s) in 3 time steps
AutoTuner: Block shape <24,24,48> took 0.407057 (s) in 3 time steps
AutoTuner: Block shape <48,48,24> took 0.455886 (s) in 3 time steps
AutoTuner: Block shape <48,24,48> took 0.431219 (s) in 3 time steps
AutoTuner: Block shape <24,48,48> took 0.448237 (s) in 3 time steps
AutoTuner: Block shape <48,48,48> took 0.450827 (s) in 3 time steps
AutoTuner: Block shape <64,32,32> took 0.460087 (s) in 3 time steps
AutoTuner: Block shape <32,64,32> took 0.473189 (s) in 3 time steps
AutoTuner: Block shape <64,64,32> took 0.471365 (s) in 3 time steps
AutoTuner: Block shape <64,32,64> took 0.426195 (s) in 3 time steps
AutoTuner: Block shape <32,64,64> took 0.428345 (s) in 3 time steps
AutoTuner: Block shape <80,40,40> took 0.427886 (s) in 3 time steps
AutoTuner: Block shape <40,80,40> took 0.433585 (s) in 3 time steps
AutoTuner: Block shape <40,40,80> took 0.411206 (s) in 3 time steps
Auto-tuned block shape: {'x0_block_size': 16, 'y0_block_size': 16, 'z0_block_size': 24}
=========================================================================================
Section section_0<528,528,528> with OI=0.16 computed in 0.097 s [6.05 GFlops/s]
Section section_3<415,1> with OI=0.64 computed in 0.000 s [0.20 GFlops/s]
Section section_4<415,101> with OI=1.27 computed in 0.004 s [0.91 GFlops/s]
Section main<415,528,528,528> with OI=2.55 computed in 93.744 s [109.47 GFlops/s, 0.65 GPts/s]
=========================================================================================
Allocating memory for m ((532, 532, 532))
Allocating memory for damp ((532, 532, 532))
Allocating memory for epsilon ((532, 532, 532))
Allocating memory for delta ((532, 532, 532))
Allocating memory for theta ((532, 532, 532))
Allocating memory for phi ((532, 532, 532))
Allocating memory for src ((417, 1))
Allocating memory for src_coords ((1, 3))
Allocating memory for nrec_coords ((101, 3))
Allocating memory for rec_coords ((101, 3))
DSE: extract_time_varying [flops: 1417, elapsed: 0.11] >>
     extract_time_invariants [flops: 1145, elapsed: 0.06] >>
     eliminate_inter_stencil_redundancies [flops: 635, elapsed: 0.18] >>
     extract_sum_of_products [flops: 461, elapsed: 0.03] >>
     eliminate_inter_stencil_redundancies [flops: 307, elapsed: 0.05] >>
     extract_sum_of_products [flops: 264, elapsed: 0.01] >>
     factorize [flops: 202, elapsed: 0.11] >>
     eliminate_intra_stencil_redundancies [flops: 167, elapsed: 0.04] >>
     finalize [flops: 168, elapsed: 0.00]
     [Total elapsed: 0.60 s]
DLE: avoid_denormals [elapsed: 0.00] >>
     loop_fission [elapsed: 0.01] >>
     loop_blocking [elapsed: 0.30] >>
     simdize [elapsed: 0.04] >>
     ompize [elapsed: 0.04] >>
     create_elemental_functions [elapsed: 0.28] >>
     minimize_remainders [elapsed: 0.02]
     [Total elapsed: 0.68 s]
Allocating memory for rec ((417, 101))
Allocating memory for u ((3, 532, 532, 532))
Allocating memory for v ((3, 532, 532, 532))
IntelCompiler: compiled /tmp/devito-ez4ufkr0/34ae205b9d00143ad398762a938f3657389c70a9.c [2.56 s]
AutoTuner: Block shape <8,8,8> took 0.380877 (s) in 3 time steps
AutoTuner: Block shape <16,16,16> took 0.369156 (s) in 3 time steps
AutoTuner: Block shape <24,24,24> took 0.379776 (s) in 3 time steps
AutoTuner: Block shape <32,32,32> took 0.444914 (s) in 3 time steps
AutoTuner: Block shape <40,40,40> took 0.422729 (s) in 3 time steps
AutoTuner: Block shape <8,8,16> took 0.381906 (s) in 3 time steps
AutoTuner: Block shape <8,8,24> took 0.346092 (s) in 3 time steps
AutoTuner: Block shape <8,8,32> took 0.356235 (s) in 3 time steps
AutoTuner: Block shape <8,8,40> took 0.342199 (s) in 3 time steps
AutoTuner: Block shape <8,8,64> took 0.353320 (s) in 3 time steps
AutoTuner: Block shape <8,8,128> took 0.362889 (s) in 3 time steps
AutoTuner: Block shape <8,8,256> took 0.397560 (s) in 3 time steps
AutoTuner: Block shape <8,8,512> took 0.442571 (s) in 3 time steps
AutoTuner: Block shape <8,8,524> took 0.439792 (s) in 3 time steps
AutoTuner: Block shape <16,16,8> took 0.361269 (s) in 3 time steps
AutoTuner: Block shape <16,16,24> took 0.333970 (s) in 3 time steps
AutoTuner: Block shape <16,16,32> took 0.358281 (s) in 3 time steps
AutoTuner: Block shape <16,16,40> took 0.341091 (s) in 3 time steps
AutoTuner: Block shape <16,16,64> took 0.368365 (s) in 3 time steps
AutoTuner: Block shape <16,16,128> took 0.397140 (s) in 3 time steps
AutoTuner: Block shape <16,16,256> took 0.406976 (s) in 3 time steps
AutoTuner: Block shape <16,16,512> took 0.437455 (s) in 3 time steps
AutoTuner: Block shape <16,16,524> took 0.437277 (s) in 3 time steps
AutoTuner: Block shape <24,24,8> took 0.414545 (s) in 3 time steps
AutoTuner: Block shape <24,24,16> took 0.429304 (s) in 3 time steps
AutoTuner: Block shape <24,24,32> took 0.413221 (s) in 3 time steps
AutoTuner: Block shape <24,24,40> took 0.383164 (s) in 3 time steps
AutoTuner: Block shape <24,24,64> took 0.408943 (s) in 3 time steps
AutoTuner: Block shape <24,24,128> took 0.407656 (s) in 3 time steps
AutoTuner: Block shape <24,24,256> took 0.406280 (s) in 3 time steps
AutoTuner: Block shape <32,32,8> took 0.498545 (s) in 3 time steps
AutoTuner: Block shape <32,32,16> took 0.487592 (s) in 3 time steps
AutoTuner: Block shape <32,32,24> took 0.415745 (s) in 3 time steps
AutoTuner: Block shape <32,32,40> took 0.408249 (s) in 3 time steps
AutoTuner: Block shape <32,32,64> took 0.425322 (s) in 3 time steps
AutoTuner: Block shape <32,32,128> took 0.400349 (s) in 3 time steps
AutoTuner: Block shape <16,8,8> took 0.378274 (s) in 3 time steps
AutoTuner: Block shape <8,16,8> took 0.364067 (s) in 3 time steps
AutoTuner: Block shape <16,8,16> took 0.365241 (s) in 3 time steps
AutoTuner: Block shape <8,16,16> took 0.366818 (s) in 3 time steps
AutoTuner: Block shape <32,16,16> took 0.422816 (s) in 3 time steps
AutoTuner: Block shape <16,32,16> took 0.423532 (s) in 3 time steps
AutoTuner: Block shape <32,16,32> took 0.407674 (s) in 3 time steps
AutoTuner: Block shape <16,32,32> took 0.411408 (s) in 3 time steps
AutoTuner: Block shape <48,24,24> took 0.424117 (s) in 3 time steps
AutoTuner: Block shape <24,48,24> took 0.434991 (s) in 3 time steps
AutoTuner: Block shape <24,24,48> took 0.407407 (s) in 3 time steps
AutoTuner: Block shape <48,48,24> took 0.455171 (s) in 3 time steps
AutoTuner: Block shape <48,24,48> took 0.431495 (s) in 3 time steps
AutoTuner: Block shape <24,48,48> took 0.447872 (s) in 3 time steps
AutoTuner: Block shape <48,48,48> took 0.449589 (s) in 3 time steps
AutoTuner: Block shape <64,32,32> took 0.460323 (s) in 3 time steps
AutoTuner: Block shape <32,64,32> took 0.473401 (s) in 3 time steps
AutoTuner: Block shape <64,64,32> took 0.472009 (s) in 3 time steps
AutoTuner: Block shape <64,32,64> took 0.425061 (s) in 3 time steps
AutoTuner: Block shape <32,64,64> took 0.429143 (s) in 3 time steps
AutoTuner: Block shape <80,40,40> took 0.429219 (s) in 3 time steps
AutoTuner: Block shape <40,80,40> took 0.434087 (s) in 3 time steps
AutoTuner: Block shape <40,40,80> took 0.411505 (s) in 3 time steps
Auto-tuned block shape: {'x0_block_size': 16, 'y0_block_size': 16, 'z0_block_size': 24}
=========================================================================================
Section section_0<528,528,528> with OI=0.16 computed in 0.097 s [6.07 GFlops/s]
Section section_3<415,1> with OI=0.64 computed in 0.000 s [0.18 GFlops/s]
Section section_4<415,101> with OI=1.27 computed in 0.004 s [0.92 GFlops/s]
Section main<415,528,528,528> with OI=2.55 computed in 93.724 s [109.50 GFlops/s, 0.65 GPts/s]
=========================================================================================


OpesciBench: Running 3 repeats - parameters: arch: unknown, autotune: True, dle: advanced, dse: basic, nbpml: 10, shape: (512, 512, 512), space_order: 8, spacing: (20.0, 20.0, 20.0), time_order: 2, tn: 1000
OpesciBench [16:30:32]: --- Run 0 ---
icc -O3 -g -fPIC -Wall -std=c99 -xhost -shared -qopenmp /tmp/devito-ez4ufkr0/ba427f586b373f72dc393d0a742487c3c926b358.c -o /tmp/devito-ez4ufkr0/ba427f586b373f72dc393d0a742487c3c926b358.so
OpesciBench [16:35:55]: --- Run 0 finished ---

OpesciBench [16:35:55]: --- Run 1 ---
icc -O3 -g -fPIC -Wall -std=c99 -xhost -shared -qopenmp /tmp/devito-ez4ufkr0/ba427f586b373f72dc393d0a742487c3c926b358.c -o /tmp/devito-ez4ufkr0/ba427f586b373f72dc393d0a742487c3c926b358.so
OpesciBench [16:41:19]: --- Run 1 finished ---

OpesciBench [16:41:19]: --- Run 2 ---
icc -O3 -g -fPIC -Wall -std=c99 -xhost -shared -qopenmp /tmp/devito-ez4ufkr0/ba427f586b373f72dc393d0a742487c3c926b358.c -o /tmp/devito-ez4ufkr0/ba427f586b373f72dc393d0a742487c3c926b358.so
OpesciBench [16:46:43]: --- Run 2 finished ---





OpesciBench: Running 3 repeats - parameters: arch: unknown, autotune: True, dle: advanced, dse: advanced, nbpml: 10, shape: (512, 512, 512), space_order: 8, spacing: (20.0, 20.0, 20.0), time_order: 2, tn: 1000
OpesciBench [16:46:43]: --- Run 0 ---
icc -O3 -g -fPIC -Wall -std=c99 -xhost -shared -qopenmp /tmp/devito-ez4ufkr0/4b36f3748a151cfc18654e93621d5a6863c83da0.c -o /tmp/devito-ez4ufkr0/4b36f3748a151cfc18654e93621d5a6863c83da0.so
OpesciBench [16:50:03]: --- Run 0 finished ---

OpesciBench [16:50:03]: --- Run 1 ---
icc -O3 -g -fPIC -Wall -std=c99 -xhost -shared -qopenmp /tmp/devito-ez4ufkr0/4b36f3748a151cfc18654e93621d5a6863c83da0.c -o /tmp/devito-ez4ufkr0/4b36f3748a151cfc18654e93621d5a6863c83da0.so
OpesciBench [16:53:23]: --- Run 1 finished ---

OpesciBench [16:53:23]: --- Run 2 ---
icc -O3 -g -fPIC -Wall -std=c99 -xhost -shared -qopenmp /tmp/devito-ez4ufkr0/4b36f3748a151cfc18654e93621d5a6863c83da0.c -o /tmp/devito-ez4ufkr0/4b36f3748a151cfc18654e93621d5a6863c83da0.so
OpesciBench [16:56:43]: --- Run 2 finished ---





OpesciBench: Running 3 repeats - parameters: arch: unknown, autotune: True, dle: advanced, dse: aggressive, nbpml: 10, shape: (512, 512, 512), space_order: 8, spacing: (20.0, 20.0, 20.0), time_order: 2, tn: 1000
OpesciBench [16:56:43]: --- Run 0 ---
icc -O3 -g -fPIC -Wall -std=c99 -xhost -shared -qopenmp /tmp/devito-ez4ufkr0/3e518cf6126bd4e67c0c5a6ad12c53ffe37eb9c7.c -o /tmp/devito-ez4ufkr0/3e518cf6126bd4e67c0c5a6ad12c53ffe37eb9c7.so
OpesciBench [16:59:04]: --- Run 0 finished ---

OpesciBench [16:59:04]: --- Run 1 ---
icc -O3 -g -fPIC -Wall -std=c99 -xhost -shared -qopenmp /tmp/devito-ez4ufkr0/aa883eef83539bbac256c895d15a9722e231228a.c -o /tmp/devito-ez4ufkr0/aa883eef83539bbac256c895d15a9722e231228a.so
OpesciBench [17:01:26]: --- Run 1 finished ---

OpesciBench [17:01:26]: --- Run 2 ---
icc -O3 -g -fPIC -Wall -std=c99 -xhost -shared -qopenmp /tmp/devito-ez4ufkr0/34ae205b9d00143ad398762a938f3657389c70a9.c -o /tmp/devito-ez4ufkr0/34ae205b9d00143ad398762a938f3657389c70a9.so
OpesciBench [17:03:48]: --- Run 2 finished ---



Thu Dec 21 17:03:48 PST 2017
top - 17:03:48 up 22 days,  7:52,  3 users,  load average: 53.59, 46.03, 42.51
Tasks: 1952 total,   1 running, 1951 sleeping,   0 stopped,   0 zombie
%Cpu(s):  5.6 us,  0.1 sy,  0.0 ni, 94.3 id,  0.0 wa,  0.0 hi,  0.0 si,  0.0 st
KiB Mem : 19652648+total, 18771528+free,  4744524 used,  4066684 buff/cache
KiB Swap: 50331644 total, 47136812 free,  3194832 used. 19103291+avail Mem 

   PID USER      PR  NI    VIRT    RES    SHR S  %CPU %MEM     TIME+ COMMAND
   483 root      20   0       0      0      0 S   6.2  0.0   0:33.25 rcuos/24
   523 root      20   0       0      0      0 S   6.2  0.0   0:17.53 rcuos/64
 83614 cyount    20   0  152236   3932   1476 R   6.2  0.0   0:00.02 top
     1 root      20   0  197856   6604   1468 S   0.0  0.0   1:10.92 systemd
     2 root      20   0       0      0      0 S   0.0  0.0   0:00.29 kthreadd
     3 root      20   0       0      0      0 S   0.0  0.0   0:00.11 ksoftirqd/0
     5 root       0 -20       0      0      0 S   0.0  0.0   0:00.00 kworker/0:0H
     8 root      rt   0       0      0      0 S   0.0  0.0   0:01.43 migration/0
     9 root      20   0       0      0      0 S   0.0  0.0   0:00.00 rcu_bh
    10 root      20   0       0      0      0 S   0.0  0.0   0:00.00 rcuob/0
    11 root      20   0       0      0      0 S   0.0  0.0   0:00.00 rcuob/1
    12 root      20   0       0      0      0 S   0.0  0.0   0:00.00 rcuob/2
    13 root      20   0       0      0      0 S   0.0  0.0   0:00.00 rcuob/3
    14 root      20   0       0      0      0 S   0.0  0.0   0:00.00 rcuob/4
    15 root      20   0       0      0      0 S   0.0  0.0   0:00.00 rcuob/5
    16 root      20   0       0      0      0 S   0.0  0.0   0:00.00 rcuob/6
    17 root      20   0       0      0      0 S   0.0  0.0   0:00.00 rcuob/7
    18 root      20   0       0      0      0 S   0.0  0.0   0:00.00 rcuob/8
    19 root      20   0       0      0      0 S   0.0  0.0   0:00.00 rcuob/9
    20 root      20   0       0      0      0 S   0.0  0.0   0:00.00 rcuob/10
    21 root      20   0       0      0      0 S   0.0  0.0   0:00.00 rcuob/11
    22 root      20   0       0      0      0 S   0.0  0.0   0:00.00 rcuob/12
    23 root      20   0       0      0      0 S   0.0  0.0   0:00.00 rcuob/13
