Thu Dec 21 10:57:28 PST 2017
Linux ortce-skl3 3.10.0-327.el7.x86_64 #1 SMP Thu Oct 29 17:29:29 EDT 2015 x86_64 x86_64 x86_64 GNU/Linux
Architecture:          x86_64
CPU op-mode(s):        32-bit, 64-bit
Byte Order:            Little Endian
CPU(s):                112
On-line CPU(s) list:   0-111
Thread(s) per core:    2
Core(s) per socket:    28
Socket(s):             2
NUMA node(s):          2
Vendor ID:             GenuineIntel
CPU family:            6
Model:                 85
Model name:            Intel(R) Xeon(R) Platinum 8180 CPU @ 2.50GHz
Stepping:              4
CPU MHz:               2501.000
BogoMIPS:              4993.64
Virtualization:        VT-x
L1d cache:             32K
L1i cache:             32K
L2 cache:              1024K
L3 cache:              39424K
NUMA node0 CPU(s):     0-27,56-83
NUMA node1 CPU(s):     28-55,84-111
Linux ortce-skl3 3.10.0-327.el7.x86_64 #1 SMP Thu Oct 29 17:29:29 EDT 2015 x86_64 x86_64 x86_64 GNU/Linux
available: 2 nodes (0-1)
node 0 cpus: 0 1 2 3 4 5 6 7 8 9 10 11 12 13 14 15 16 17 18 19 20 21 22 23 24 25 26 27 56 57 58 59 60 61 62 63 64 65 66 67 68 69 70 71 72 73 74 75 76 77 78 79 80 81 82 83
node 0 size: 96973 MB
node 0 free: 90399 MB
node 1 cpus: 28 29 30 31 32 33 34 35 36 37 38 39 40 41 42 43 44 45 46 47 48 49 50 51 52 53 54 55 84 85 86 87 88 89 90 91 92 93 94 95 96 97 98 99 100 101 102 103 104 105 106 107 108 109 110 111
node 1 size: 98304 MB
node 1 free: 92941 MB
node distances:
node   0   1 
  0:  10  21 
  1:  21  10 

Per-node system memory usage (in MBs):
                          Node 0          Node 1           Total
                 --------------- --------------- ---------------
MemTotal                96973.63        98304.00       195277.63
MemFree                 90399.30        92941.11       183340.41
MemUsed                  6574.33         5362.89        11937.22
Active                    365.77          557.49          923.26
Inactive                 2570.77         2165.05         4735.82
Active(anon)              190.59           16.51          207.09
Inactive(anon)           1560.03          675.34         2235.37
Active(file)              175.18          540.98          716.16
Inactive(file)           1010.74         1489.71         2500.45
Unevictable                 0.00            0.00            0.00
Mlocked                     0.00            0.00            0.00
Dirty                       0.00            0.00            0.00
Writeback                   0.00            0.00            0.00
FilePages                2719.47         2700.89         5420.36
Mapped                     39.64           11.33           50.97
AnonPages                 266.31           25.70          292.02
Shmem                      14.21            2.65           16.86
KernelStack                33.17            9.55           42.72
PageTables                 28.26           22.37           50.62
NFS_Unstable                0.00            0.00            0.00
Bounce                      0.00            0.00            0.00
WritebackTmp                0.00            0.00            0.00
Slab                      398.83          335.87          734.70
SReclaimable              203.34          141.13          344.47
SUnreclaim                195.49          194.74          390.23
AnonHugePages              88.00            2.00           90.00
HugePages_Total             0.00            0.00            0.00
HugePages_Free              0.00            0.00            0.00
HugePages_Surp              0.00            0.00            0.00
top - 10:57:29 up 22 days,  1:46,  3 users,  load average: 55.60, 50.00, 46.11
Tasks: 1952 total,   1 running, 1951 sleeping,   0 stopped,   0 zombie
%Cpu(s):  5.2 us,  0.1 sy,  0.0 ni, 94.7 id,  0.0 wa,  0.0 hi,  0.0 si,  0.0 st
KiB Mem : 19652648+total, 18773881+free,  4724264 used,  4063412 buff/cache
KiB Swap: 50331644 total, 47136372 free,  3195272 used. 19104748+avail Mem 

   PID USER      PR  NI    VIRT    RES    SHR S  %CPU %MEM     TIME+ COMMAND
 55626 cyount    20   0  152236   3928   1472 R  11.8  0.0   0:00.02 top
432461 root      20   0       0      0      0 S   5.9  0.0   1:12.58 kworker/0:0
     1 root      20   0  197856   6604   1468 S   0.0  0.0   1:10.23 systemd
     2 root      20   0       0      0      0 S   0.0  0.0   0:00.29 kthreadd
     3 root      20   0       0      0      0 S   0.0  0.0   0:00.10 ksoftirqd/0
     5 root       0 -20       0      0      0 S   0.0  0.0   0:00.00 kworker/0:0H
     8 root      rt   0       0      0      0 S   0.0  0.0   0:01.43 migration/0
     9 root      20   0       0      0      0 S   0.0  0.0   0:00.00 rcu_bh
    10 root      20   0       0      0      0 S   0.0  0.0   0:00.00 rcuob/0
    11 root      20   0       0      0      0 S   0.0  0.0   0:00.00 rcuob/1
    12 root      20   0       0      0      0 S   0.0  0.0   0:00.00 rcuob/2
    13 root      20   0       0      0      0 S   0.0  0.0   0:00.00 rcuob/3
    14 root      20   0       0      0      0 S   0.0  0.0   0:00.00 rcuob/4
    15 root      20   0       0      0      0 S   0.0  0.0   0:00.00 rcuob/5
    16 root      20   0       0      0      0 S   0.0  0.0   0:00.00 rcuob/6
    17 root      20   0       0      0      0 S   0.0  0.0   0:00.00 rcuob/7
    18 root      20   0       0      0      0 S   0.0  0.0   0:00.00 rcuob/8
    19 root      20   0       0      0      0 S   0.0  0.0   0:00.00 rcuob/9
    20 root      20   0       0      0      0 S   0.0  0.0   0:00.00 rcuob/10
    21 root      20   0       0      0      0 S   0.0  0.0   0:00.00 rcuob/11
    22 root      20   0       0      0      0 S   0.0  0.0   0:00.00 rcuob/12
    23 root      20   0       0      0      0 S   0.0  0.0   0:00.00 rcuob/13
    24 root      20   0       0      0      0 S   0.0  0.0   0:00.00 rcuob/14
env DEVITO_PLATFORM=skx DEVITO_ISA=avx512 DEVITO_DEBUG_COMPILER=1 DEVITO_DLE_OPTIONS=blockinner:True DEVITO_AUTOTUNING=aggressive DEVITO_BACKEND=core DEVITO_OPENMP=1 DEVITO_ARCH=intel DEVITO_LOGGING=DEBUG DEVITO_YASK_AUTOTUNING=preemptive DEVITO_YASK_DUMP=devito.bench.2017-12-21/tti/core/bmO3/ortce-skl3/grid768/so8 numactl --cpubind=1 python examples/seismic/benchmark.py bench -bm O3 -P tti -so 8 -to 2 -d 768 768 768 --tn 1000 -x 3 -r devito.bench.2017-12-21/tti/core/bmO3/ortce-skl3/grid768/so8
Allocating memory for m ((788, 788, 788))
Allocating memory for damp ((788, 788, 788))
Allocating memory for epsilon ((788, 788, 788))
Allocating memory for delta ((788, 788, 788))
Allocating memory for theta ((788, 788, 788))
Allocating memory for phi ((788, 788, 788))
Allocating memory for src ((417, 1))
Allocating memory for src_coords ((1, 3))
Allocating memory for nrec_coords ((101, 3))
Allocating memory for rec_coords ((101, 3))
DSE: extract_time_varying [flops: 1417, elapsed: 0.11] >>
     extract_time_invariants [flops: 1145, elapsed: 0.06] >>
     eliminate_inter_stencil_redundancies [flops: 635, elapsed: 0.18] >>
     extract_sum_of_products [flops: 461, elapsed: 0.03] >>
     eliminate_inter_stencil_redundancies [flops: 307, elapsed: 0.05] >>
     extract_sum_of_products [flops: 264, elapsed: 0.01] >>
     factorize [flops: 202, elapsed: 0.11] >>
     eliminate_intra_stencil_redundancies [flops: 167, elapsed: 0.03] >>
     finalize [flops: 168, elapsed: 0.00]
     [Total elapsed: 0.59 s]
DLE: avoid_denormals [elapsed: 0.00] >>
     loop_fission [elapsed: 0.01] >>
     loop_blocking [elapsed: 0.32] >>
     simdize [elapsed: 0.21] >>
     ompize [elapsed: 0.04] >>
     create_elemental_functions [elapsed: 0.27] >>
     minimize_remainders [elapsed: 0.02]
     [Total elapsed: 0.86 s]
Allocating memory for rec ((417, 101))
Allocating memory for u ((3, 788, 788, 788))
Allocating memory for v ((3, 788, 788, 788))
IntelCompiler: compiled /tmp/devito-wki722ow/57a0a91cc3ec8f6c912f3eef8e6832d729b9c276.c [2.57 s]
AutoTuner: Block shape <8,8,8> took 1.203487 (s) in 3 time steps
AutoTuner: Block shape <16,16,16> took 1.162122 (s) in 3 time steps
AutoTuner: Block shape <24,24,24> took 1.221969 (s) in 3 time steps
AutoTuner: Block shape <32,32,32> took 1.405855 (s) in 3 time steps
AutoTuner: Block shape <40,40,40> took 1.315467 (s) in 3 time steps
AutoTuner: Block shape <8,8,16> took 1.157103 (s) in 3 time steps
AutoTuner: Block shape <8,8,24> took 1.095485 (s) in 3 time steps
AutoTuner: Block shape <8,8,32> took 1.141489 (s) in 3 time steps
AutoTuner: Block shape <8,8,40> took 1.095328 (s) in 3 time steps
AutoTuner: Block shape <8,8,64> took 1.126883 (s) in 3 time steps
AutoTuner: Block shape <8,8,128> took 1.164207 (s) in 3 time steps
AutoTuner: Block shape <8,8,256> took 1.292792 (s) in 3 time steps
AutoTuner: Block shape <8,8,512> took 1.385491 (s) in 3 time steps
AutoTuner: Block shape <8,8,780> took 1.490104 (s) in 3 time steps
AutoTuner: Block shape <16,16,8> took 1.108520 (s) in 3 time steps
AutoTuner: Block shape <16,16,24> took 1.049951 (s) in 3 time steps
AutoTuner: Block shape <16,16,32> took 1.132160 (s) in 3 time steps
AutoTuner: Block shape <16,16,40> took 1.073846 (s) in 3 time steps
AutoTuner: Block shape <16,16,64> took 1.184483 (s) in 3 time steps
AutoTuner: Block shape <16,16,128> took 1.263725 (s) in 3 time steps
AutoTuner: Block shape <16,16,256> took 1.308572 (s) in 3 time steps
AutoTuner: Block shape <16,16,512> took 1.368897 (s) in 3 time steps
AutoTuner: Block shape <24,24,8> took 1.371436 (s) in 3 time steps
AutoTuner: Block shape <24,24,16> took 1.391619 (s) in 3 time steps
AutoTuner: Block shape <24,24,32> took 1.326004 (s) in 3 time steps
AutoTuner: Block shape <24,24,40> took 1.220111 (s) in 3 time steps
AutoTuner: Block shape <24,24,64> took 1.276617 (s) in 3 time steps
AutoTuner: Block shape <24,24,128> took 1.281370 (s) in 3 time steps
AutoTuner: Block shape <24,24,256> took 1.280015 (s) in 3 time steps
AutoTuner: Block shape <32,32,8> took 1.676568 (s) in 3 time steps
AutoTuner: Block shape <32,32,16> took 1.579342 (s) in 3 time steps
AutoTuner: Block shape <32,32,24> took 1.339548 (s) in 3 time steps
AutoTuner: Block shape <32,32,40> took 1.281363 (s) in 3 time steps
AutoTuner: Block shape <32,32,64> took 1.323716 (s) in 3 time steps
AutoTuner: Block shape <32,32,128> took 1.260029 (s) in 3 time steps
AutoTuner: Block shape <16,8,8> took 1.132072 (s) in 3 time steps
AutoTuner: Block shape <8,16,8> took 1.109151 (s) in 3 time steps
AutoTuner: Block shape <16,8,16> took 1.151725 (s) in 3 time steps
AutoTuner: Block shape <8,16,16> took 1.120648 (s) in 3 time steps
AutoTuner: Block shape <32,16,16> took 1.366880 (s) in 3 time steps
AutoTuner: Block shape <16,32,16> took 1.366123 (s) in 3 time steps
AutoTuner: Block shape <32,16,32> took 1.316611 (s) in 3 time steps
AutoTuner: Block shape <16,32,32> took 1.318862 (s) in 3 time steps
AutoTuner: Block shape <48,24,24> took 1.360476 (s) in 3 time steps
AutoTuner: Block shape <24,48,24> took 1.370856 (s) in 3 time steps
AutoTuner: Block shape <24,24,48> took 1.291820 (s) in 3 time steps
AutoTuner: Block shape <48,48,24> took 1.415902 (s) in 3 time steps
AutoTuner: Block shape <48,24,48> took 1.338825 (s) in 3 time steps
AutoTuner: Block shape <24,48,48> took 1.395653 (s) in 3 time steps
AutoTuner: Block shape <48,48,48> took 1.371948 (s) in 3 time steps
AutoTuner: Block shape <64,32,32> took 1.440543 (s) in 3 time steps
AutoTuner: Block shape <32,64,32> took 1.502834 (s) in 3 time steps
AutoTuner: Block shape <64,64,32> took 1.473703 (s) in 3 time steps
AutoTuner: Block shape <64,32,64> took 1.309789 (s) in 3 time steps
AutoTuner: Block shape <32,64,64> took 1.340541 (s) in 3 time steps
AutoTuner: Block shape <80,40,40> took 1.331131 (s) in 3 time steps
AutoTuner: Block shape <40,80,40> took 1.361503 (s) in 3 time steps
AutoTuner: Block shape <40,40,80> took 1.291159 (s) in 3 time steps
Auto-tuned block shape: {'x0_block_size': 16, 'y0_block_size': 16, 'z0_block_size': 24}
=========================================================================================
Section section_0<784,784,784> with OI=0.16 computed in 0.314 s [6.15 GFlops/s]
Section section_3<415,1> with OI=0.64 computed in 0.000 s [0.11 GFlops/s]
Section section_4<415,101> with OI=1.27 computed in 0.004 s [1.01 GFlops/s]
Section main<415,784,784,784> with OI=2.57 computed in 290.895 s [115.50 GFlops/s, 0.69 GPts/s]
=========================================================================================
Allocating memory for m ((788, 788, 788))
Allocating memory for damp ((788, 788, 788))
Allocating memory for epsilon ((788, 788, 788))
Allocating memory for delta ((788, 788, 788))
Allocating memory for theta ((788, 788, 788))
Allocating memory for phi ((788, 788, 788))
Allocating memory for src ((417, 1))
Allocating memory for src_coords ((1, 3))
Allocating memory for nrec_coords ((101, 3))
Allocating memory for rec_coords ((101, 3))
DSE: extract_time_varying [flops: 1417, elapsed: 0.11] >>
     extract_time_invariants [flops: 1145, elapsed: 0.06] >>
     eliminate_inter_stencil_redundancies [flops: 635, elapsed: 0.18] >>
     extract_sum_of_products [flops: 461, elapsed: 0.03] >>
     eliminate_inter_stencil_redundancies [flops: 307, elapsed: 0.05] >>
     extract_sum_of_products [flops: 264, elapsed: 0.01] >>
     factorize [flops: 202, elapsed: 0.11] >>
     eliminate_intra_stencil_redundancies [flops: 167, elapsed: 0.03] >>
     finalize [flops: 168, elapsed: 0.00]
     [Total elapsed: 0.59 s]
DLE: avoid_denormals [elapsed: 0.00] >>
     loop_fission [elapsed: 0.01] >>
     loop_blocking [elapsed: 0.32] >>
     simdize [elapsed: 0.04] >>
     ompize [elapsed: 0.04] >>
     create_elemental_functions [elapsed: 0.27] >>
     minimize_remainders [elapsed: 0.02]
     [Total elapsed: 0.70 s]
Allocating memory for rec ((417, 101))
Allocating memory for u ((3, 788, 788, 788))
Allocating memory for v ((3, 788, 788, 788))
IntelCompiler: compiled /tmp/devito-wki722ow/8fb524f2226c63207552cd85790b4b1ec41ce497.c [2.58 s]
AutoTuner: Block shape <8,8,8> took 1.191214 (s) in 3 time steps
AutoTuner: Block shape <16,16,16> took 1.167745 (s) in 3 time steps
AutoTuner: Block shape <24,24,24> took 1.227996 (s) in 3 time steps
AutoTuner: Block shape <32,32,32> took 1.408243 (s) in 3 time steps
AutoTuner: Block shape <40,40,40> took 1.318852 (s) in 3 time steps
AutoTuner: Block shape <8,8,16> took 1.170645 (s) in 3 time steps
AutoTuner: Block shape <8,8,24> took 1.092345 (s) in 3 time steps
AutoTuner: Block shape <8,8,32> took 1.133400 (s) in 3 time steps
AutoTuner: Block shape <8,8,40> took 1.094389 (s) in 3 time steps
AutoTuner: Block shape <8,8,64> took 1.124248 (s) in 3 time steps
AutoTuner: Block shape <8,8,128> took 1.167937 (s) in 3 time steps
AutoTuner: Block shape <8,8,256> took 1.295186 (s) in 3 time steps
AutoTuner: Block shape <8,8,512> took 1.389785 (s) in 3 time steps
AutoTuner: Block shape <8,8,780> took 1.495292 (s) in 3 time steps
AutoTuner: Block shape <16,16,8> took 1.116436 (s) in 3 time steps
AutoTuner: Block shape <16,16,24> took 1.051765 (s) in 3 time steps
AutoTuner: Block shape <16,16,32> took 1.141847 (s) in 3 time steps
AutoTuner: Block shape <16,16,40> took 1.077300 (s) in 3 time steps
AutoTuner: Block shape <16,16,64> took 1.188700 (s) in 3 time steps
AutoTuner: Block shape <16,16,128> took 1.266982 (s) in 3 time steps
AutoTuner: Block shape <16,16,256> took 1.308327 (s) in 3 time steps
AutoTuner: Block shape <16,16,512> took 1.370493 (s) in 3 time steps
AutoTuner: Block shape <24,24,8> took 1.381982 (s) in 3 time steps
AutoTuner: Block shape <24,24,16> took 1.398202 (s) in 3 time steps
AutoTuner: Block shape <24,24,32> took 1.330602 (s) in 3 time steps
AutoTuner: Block shape <24,24,40> took 1.224639 (s) in 3 time steps
AutoTuner: Block shape <24,24,64> took 1.277157 (s) in 3 time steps
AutoTuner: Block shape <24,24,128> took 1.277002 (s) in 3 time steps
AutoTuner: Block shape <24,24,256> took 1.284312 (s) in 3 time steps
AutoTuner: Block shape <32,32,8> took 1.680578 (s) in 3 time steps
AutoTuner: Block shape <32,32,16> took 1.584105 (s) in 3 time steps
AutoTuner: Block shape <32,32,24> took 1.343008 (s) in 3 time steps
AutoTuner: Block shape <32,32,40> took 1.284297 (s) in 3 time steps
AutoTuner: Block shape <32,32,64> took 1.324362 (s) in 3 time steps
AutoTuner: Block shape <32,32,128> took 1.262143 (s) in 3 time steps
AutoTuner: Block shape <16,8,8> took 1.139287 (s) in 3 time steps
AutoTuner: Block shape <8,16,8> took 1.125088 (s) in 3 time steps
AutoTuner: Block shape <16,8,16> took 1.150612 (s) in 3 time steps
AutoTuner: Block shape <8,16,16> took 1.129067 (s) in 3 time steps
AutoTuner: Block shape <32,16,16> took 1.372644 (s) in 3 time steps
AutoTuner: Block shape <16,32,16> took 1.371708 (s) in 3 time steps
AutoTuner: Block shape <32,16,32> took 1.319706 (s) in 3 time steps
AutoTuner: Block shape <16,32,32> took 1.323030 (s) in 3 time steps
AutoTuner: Block shape <48,24,24> took 1.362016 (s) in 3 time steps
AutoTuner: Block shape <24,48,24> took 1.375341 (s) in 3 time steps
AutoTuner: Block shape <24,24,48> took 1.295437 (s) in 3 time steps
AutoTuner: Block shape <48,48,24> took 1.419975 (s) in 3 time steps
AutoTuner: Block shape <48,24,48> took 1.341768 (s) in 3 time steps
AutoTuner: Block shape <24,48,48> took 1.398502 (s) in 3 time steps
AutoTuner: Block shape <48,48,48> took 1.373966 (s) in 3 time steps
AutoTuner: Block shape <64,32,32> took 1.445461 (s) in 3 time steps
AutoTuner: Block shape <32,64,32> took 1.504749 (s) in 3 time steps
AutoTuner: Block shape <64,64,32> took 1.476527 (s) in 3 time steps
AutoTuner: Block shape <64,32,64> took 1.309532 (s) in 3 time steps
AutoTuner: Block shape <32,64,64> took 1.345111 (s) in 3 time steps
AutoTuner: Block shape <80,40,40> took 1.333416 (s) in 3 time steps
AutoTuner: Block shape <40,80,40> took 1.366219 (s) in 3 time steps
AutoTuner: Block shape <40,40,80> took 1.293483 (s) in 3 time steps
Auto-tuned block shape: {'x0_block_size': 16, 'y0_block_size': 16, 'z0_block_size': 24}
=========================================================================================
Section section_0<784,784,784> with OI=0.16 computed in 0.314 s [6.13 GFlops/s]
Section section_3<415,1> with OI=0.64 computed in 0.000 s [0.10 GFlops/s]
Section section_4<415,101> with OI=1.27 computed in 0.004 s [0.99 GFlops/s]
Section main<415,784,784,784> with OI=2.57 computed in 292.306 s [114.94 GFlops/s, 0.68 GPts/s]
=========================================================================================
Allocating memory for m ((788, 788, 788))
Allocating memory for damp ((788, 788, 788))
Allocating memory for epsilon ((788, 788, 788))
Allocating memory for delta ((788, 788, 788))
Allocating memory for theta ((788, 788, 788))
Allocating memory for phi ((788, 788, 788))
Allocating memory for src ((417, 1))
Allocating memory for src_coords ((1, 3))
Allocating memory for nrec_coords ((101, 3))
Allocating memory for rec_coords ((101, 3))
DSE: extract_time_varying [flops: 1417, elapsed: 0.11] >>
     extract_time_invariants [flops: 1145, elapsed: 0.06] >>
     eliminate_inter_stencil_redundancies [flops: 635, elapsed: 0.18] >>
     extract_sum_of_products [flops: 461, elapsed: 0.03] >>
     eliminate_inter_stencil_redundancies [flops: 307, elapsed: 0.05] >>
     extract_sum_of_products [flops: 264, elapsed: 0.01] >>
     factorize [flops: 202, elapsed: 0.11] >>
     eliminate_intra_stencil_redundancies [flops: 167, elapsed: 0.04] >>
     finalize [flops: 168, elapsed: 0.00]
     [Total elapsed: 0.59 s]
DLE: avoid_denormals [elapsed: 0.00] >>
     loop_fission [elapsed: 0.01] >>
     loop_blocking [elapsed: 0.30] >>
     simdize [elapsed: 0.04] >>
     ompize [elapsed: 0.07] >>
     create_elemental_functions [elapsed: 0.27] >>
     minimize_remainders [elapsed: 0.02]
     [Total elapsed: 0.70 s]
Allocating memory for rec ((417, 101))
Allocating memory for u ((3, 788, 788, 788))
Allocating memory for v ((3, 788, 788, 788))
IntelCompiler: compiled /tmp/devito-wki722ow/e2fe624ed994aa4ec2b7baa64ad3679d750a72aa.c [2.56 s]
AutoTuner: Block shape <8,8,8> took 1.189946 (s) in 3 time steps
AutoTuner: Block shape <16,16,16> took 1.166548 (s) in 3 time steps
AutoTuner: Block shape <24,24,24> took 1.227702 (s) in 3 time steps
AutoTuner: Block shape <32,32,32> took 1.407297 (s) in 3 time steps
AutoTuner: Block shape <40,40,40> took 1.318090 (s) in 3 time steps
AutoTuner: Block shape <8,8,16> took 1.171222 (s) in 3 time steps
AutoTuner: Block shape <8,8,24> took 1.096878 (s) in 3 time steps
AutoTuner: Block shape <8,8,32> took 1.133743 (s) in 3 time steps
AutoTuner: Block shape <8,8,40> took 1.095383 (s) in 3 time steps
AutoTuner: Block shape <8,8,64> took 1.128445 (s) in 3 time steps
AutoTuner: Block shape <8,8,128> took 1.166609 (s) in 3 time steps
AutoTuner: Block shape <8,8,256> took 1.292549 (s) in 3 time steps
AutoTuner: Block shape <8,8,512> took 1.387648 (s) in 3 time steps
AutoTuner: Block shape <8,8,780> took 1.493297 (s) in 3 time steps
AutoTuner: Block shape <16,16,8> took 1.115578 (s) in 3 time steps
AutoTuner: Block shape <16,16,24> took 1.055682 (s) in 3 time steps
AutoTuner: Block shape <16,16,32> took 1.139471 (s) in 3 time steps
AutoTuner: Block shape <16,16,40> took 1.079095 (s) in 3 time steps
AutoTuner: Block shape <16,16,64> took 1.189409 (s) in 3 time steps
AutoTuner: Block shape <16,16,128> took 1.267380 (s) in 3 time steps
AutoTuner: Block shape <16,16,256> took 1.307518 (s) in 3 time steps
AutoTuner: Block shape <16,16,512> took 1.369579 (s) in 3 time steps
AutoTuner: Block shape <24,24,8> took 1.378915 (s) in 3 time steps
AutoTuner: Block shape <24,24,16> took 1.393873 (s) in 3 time steps
AutoTuner: Block shape <24,24,32> took 1.331355 (s) in 3 time steps
AutoTuner: Block shape <24,24,40> took 1.220342 (s) in 3 time steps
AutoTuner: Block shape <24,24,64> took 1.277239 (s) in 3 time steps
AutoTuner: Block shape <24,24,128> took 1.276560 (s) in 3 time steps
AutoTuner: Block shape <24,24,256> took 1.283363 (s) in 3 time steps
AutoTuner: Block shape <32,32,8> took 1.679600 (s) in 3 time steps
AutoTuner: Block shape <32,32,16> took 1.582727 (s) in 3 time steps
AutoTuner: Block shape <32,32,24> took 1.340832 (s) in 3 time steps
AutoTuner: Block shape <32,32,40> took 1.283253 (s) in 3 time steps
AutoTuner: Block shape <32,32,64> took 1.324310 (s) in 3 time steps
AutoTuner: Block shape <32,32,128> took 1.261012 (s) in 3 time steps
AutoTuner: Block shape <16,8,8> took 1.139688 (s) in 3 time steps
AutoTuner: Block shape <8,16,8> took 1.124780 (s) in 3 time steps
AutoTuner: Block shape <16,8,16> took 1.160154 (s) in 3 time steps
AutoTuner: Block shape <8,16,16> took 1.128533 (s) in 3 time steps
AutoTuner: Block shape <32,16,16> took 1.369832 (s) in 3 time steps
AutoTuner: Block shape <16,32,16> took 1.370441 (s) in 3 time steps
AutoTuner: Block shape <32,16,32> took 1.318524 (s) in 3 time steps
AutoTuner: Block shape <16,32,32> took 1.322570 (s) in 3 time steps
AutoTuner: Block shape <48,24,24> took 1.361200 (s) in 3 time steps
AutoTuner: Block shape <24,48,24> took 1.374647 (s) in 3 time steps
AutoTuner: Block shape <24,24,48> took 1.293630 (s) in 3 time steps
AutoTuner: Block shape <48,48,24> took 1.419358 (s) in 3 time steps
AutoTuner: Block shape <48,24,48> took 1.340125 (s) in 3 time steps
AutoTuner: Block shape <24,48,48> took 1.397406 (s) in 3 time steps
AutoTuner: Block shape <48,48,48> took 1.372253 (s) in 3 time steps
AutoTuner: Block shape <64,32,32> took 1.443246 (s) in 3 time steps
AutoTuner: Block shape <32,64,32> took 1.502628 (s) in 3 time steps
AutoTuner: Block shape <64,64,32> took 1.473566 (s) in 3 time steps
AutoTuner: Block shape <64,32,64> took 1.309766 (s) in 3 time steps
AutoTuner: Block shape <32,64,64> took 1.343307 (s) in 3 time steps
AutoTuner: Block shape <80,40,40> took 1.333883 (s) in 3 time steps
AutoTuner: Block shape <40,80,40> took 1.363957 (s) in 3 time steps
AutoTuner: Block shape <40,40,80> took 1.290789 (s) in 3 time steps
Auto-tuned block shape: {'x0_block_size': 16, 'y0_block_size': 16, 'z0_block_size': 24}
=========================================================================================
Section section_0<784,784,784> with OI=0.16 computed in 0.313 s [6.15 GFlops/s]
Section section_3<415,1> with OI=0.64 computed in 0.000 s [0.11 GFlops/s]
Section section_4<415,101> with OI=1.27 computed in 0.004 s [1.01 GFlops/s]
Section main<415,784,784,784> with OI=2.57 computed in 292.204 s [114.98 GFlops/s, 0.68 GPts/s]
=========================================================================================


OpesciBench: Running 3 repeats - parameters: arch: unknown, autotune: True, dle: advanced, dse: aggressive, nbpml: 10, shape: (768, 768, 768), space_order: 8, spacing: (20.0, 20.0, 20.0), time_order: 2, tn: 1000
OpesciBench [10:57:30]: --- Run 0 ---
icc -O3 -g -fPIC -Wall -std=c99 -xhost -shared -qopenmp /tmp/devito-wki722ow/57a0a91cc3ec8f6c912f3eef8e6832d729b9c276.c -o /tmp/devito-wki722ow/57a0a91cc3ec8f6c912f3eef8e6832d729b9c276.so
OpesciBench [11:04:33]: --- Run 0 finished ---

OpesciBench [11:04:33]: --- Run 1 ---
icc -O3 -g -fPIC -Wall -std=c99 -xhost -shared -qopenmp /tmp/devito-wki722ow/8fb524f2226c63207552cd85790b4b1ec41ce497.c -o /tmp/devito-wki722ow/8fb524f2226c63207552cd85790b4b1ec41ce497.so
OpesciBench [11:11:39]: --- Run 1 finished ---

OpesciBench [11:11:39]: --- Run 2 ---
icc -O3 -g -fPIC -Wall -std=c99 -xhost -shared -qopenmp /tmp/devito-wki722ow/e2fe624ed994aa4ec2b7baa64ad3679d750a72aa.c -o /tmp/devito-wki722ow/e2fe624ed994aa4ec2b7baa64ad3679d750a72aa.so
OpesciBench [11:18:44]: --- Run 2 finished ---



Thu Dec 21 11:18:44 PST 2017
top - 11:18:44 up 22 days,  2:07,  3 users,  load average: 55.93, 52.24, 48.97
Tasks: 1952 total,   1 running, 1951 sleeping,   0 stopped,   0 zombie
%Cpu(s):  5.2 us,  0.1 sy,  0.0 ni, 94.7 id,  0.0 wa,  0.0 hi,  0.0 si,  0.0 st
KiB Mem : 19652648+total, 18773075+free,  4732172 used,  4063564 buff/cache
KiB Swap: 50331644 total, 47136380 free,  3195264 used. 19103969+avail Mem 

   PID USER      PR  NI    VIRT    RES    SHR S  %CPU %MEM     TIME+ COMMAND
 57171 cyount    20   0  152236   3924   1472 R  11.8  0.0   0:00.02 top
     1 root      20   0  197856   6604   1468 S   0.0  0.0   1:10.26 systemd
     2 root      20   0       0      0      0 S   0.0  0.0   0:00.29 kthreadd
     3 root      20   0       0      0      0 S   0.0  0.0   0:00.10 ksoftirqd/0
     5 root       0 -20       0      0      0 S   0.0  0.0   0:00.00 kworker/0:0H
     8 root      rt   0       0      0      0 S   0.0  0.0   0:01.43 migration/0
     9 root      20   0       0      0      0 S   0.0  0.0   0:00.00 rcu_bh
    10 root      20   0       0      0      0 S   0.0  0.0   0:00.00 rcuob/0
    11 root      20   0       0      0      0 S   0.0  0.0   0:00.00 rcuob/1
    12 root      20   0       0      0      0 S   0.0  0.0   0:00.00 rcuob/2
    13 root      20   0       0      0      0 S   0.0  0.0   0:00.00 rcuob/3
    14 root      20   0       0      0      0 S   0.0  0.0   0:00.00 rcuob/4
    15 root      20   0       0      0      0 S   0.0  0.0   0:00.00 rcuob/5
    16 root      20   0       0      0      0 S   0.0  0.0   0:00.00 rcuob/6
    17 root      20   0       0      0      0 S   0.0  0.0   0:00.00 rcuob/7
    18 root      20   0       0      0      0 S   0.0  0.0   0:00.00 rcuob/8
    19 root      20   0       0      0      0 S   0.0  0.0   0:00.00 rcuob/9
    20 root      20   0       0      0      0 S   0.0  0.0   0:00.00 rcuob/10
    21 root      20   0       0      0      0 S   0.0  0.0   0:00.00 rcuob/11
    22 root      20   0       0      0      0 S   0.0  0.0   0:00.00 rcuob/12
    23 root      20   0       0      0      0 S   0.0  0.0   0:00.00 rcuob/13
    24 root      20   0       0      0      0 S   0.0  0.0   0:00.00 rcuob/14
    25 root      20   0       0      0      0 S   0.0  0.0   0:00.00 rcuob/15
