Thu Dec 21 13:47:21 PST 2017
Linux ortce-skl3 3.10.0-327.el7.x86_64 #1 SMP Thu Oct 29 17:29:29 EDT 2015 x86_64 x86_64 x86_64 GNU/Linux
Architecture:          x86_64
CPU op-mode(s):        32-bit, 64-bit
Byte Order:            Little Endian
CPU(s):                112
On-line CPU(s) list:   0-111
Thread(s) per core:    2
Core(s) per socket:    28
Socket(s):             2
NUMA node(s):          2
Vendor ID:             GenuineIntel
CPU family:            6
Model:                 85
Model name:            Intel(R) Xeon(R) Platinum 8180 CPU @ 2.50GHz
Stepping:              4
CPU MHz:               2501.000
BogoMIPS:              4993.64
Virtualization:        VT-x
L1d cache:             32K
L1i cache:             32K
L2 cache:              1024K
L3 cache:              39424K
NUMA node0 CPU(s):     0-27,56-83
NUMA node1 CPU(s):     28-55,84-111
Linux ortce-skl3 3.10.0-327.el7.x86_64 #1 SMP Thu Oct 29 17:29:29 EDT 2015 x86_64 x86_64 x86_64 GNU/Linux
available: 2 nodes (0-1)
node 0 cpus: 0 1 2 3 4 5 6 7 8 9 10 11 12 13 14 15 16 17 18 19 20 21 22 23 24 25 26 27 56 57 58 59 60 61 62 63 64 65 66 67 68 69 70 71 72 73 74 75 76 77 78 79 80 81 82 83
node 0 size: 96973 MB
node 0 free: 90395 MB
node 1 cpus: 28 29 30 31 32 33 34 35 36 37 38 39 40 41 42 43 44 45 46 47 48 49 50 51 52 53 54 55 84 85 86 87 88 89 90 91 92 93 94 95 96 97 98 99 100 101 102 103 104 105 106 107 108 109 110 111
node 1 size: 98304 MB
node 1 free: 92947 MB
node distances:
node   0   1 
  0:  10  21 
  1:  21  10 

Per-node system memory usage (in MBs):
                          Node 0          Node 1           Total
                 --------------- --------------- ---------------
MemTotal                96973.63        98304.00       195277.63
MemFree                 90395.38        92947.16       183342.54
MemUsed                  6578.25         5356.84        11935.09
Active                    364.82          557.54          922.37
Inactive                 2572.84         2162.74         4735.59
Active(anon)              189.43           13.41          202.85
Inactive(anon)           1561.89          673.79         2235.68
Active(file)              175.39          544.13          719.52
Inactive(file)           1010.95         1488.96         2499.91
Unevictable                 0.00            0.00            0.00
Mlocked                     0.00            0.00            0.00
Dirty                       0.00            0.00            0.00
Writeback                   0.00            0.00            0.00
FilePages                2720.03         2703.14         5423.17
Mapped                     39.06           10.56           49.62
AnonPages                 266.34           21.07          287.41
Shmem                      14.23            2.66           16.89
KernelStack                33.25            9.45           42.70
PageTables                 28.44           22.11           50.55
NFS_Unstable                0.00            0.00            0.00
Bounce                      0.00            0.00            0.00
WritebackTmp                0.00            0.00            0.00
Slab                      398.70          332.12          730.82
SReclaimable              204.08          141.21          345.29
SUnreclaim                194.62          190.91          385.53
AnonHugePages              88.00            2.00           90.00
HugePages_Total             0.00            0.00            0.00
HugePages_Free              0.00            0.00            0.00
HugePages_Surp              0.00            0.00            0.00
top - 13:47:22 up 22 days,  4:36,  3 users,  load average: 56.00, 54.96, 51.89
Tasks: 1951 total,   1 running, 1950 sleeping,   0 stopped,   0 zombie
%Cpu(s):  5.4 us,  0.1 sy,  0.0 ni, 94.5 id,  0.0 wa,  0.0 hi,  0.0 si,  0.0 st
KiB Mem : 19652648+total, 18774102+free,  4723116 used,  4062352 buff/cache
KiB Swap: 50331644 total, 47136772 free,  3194872 used. 19105340+avail Mem 

   PID USER      PR  NI    VIRT    RES    SHR S  %CPU %MEM     TIME+ COMMAND
 68272 cyount    20   0  152236   3924   1472 R  11.8  0.0   0:00.02 top
     1 root      20   0  197856   6604   1468 S   0.0  0.0   1:10.54 systemd
     2 root      20   0       0      0      0 S   0.0  0.0   0:00.29 kthreadd
     3 root      20   0       0      0      0 S   0.0  0.0   0:00.11 ksoftirqd/0
     5 root       0 -20       0      0      0 S   0.0  0.0   0:00.00 kworker/0:0H
     8 root      rt   0       0      0      0 S   0.0  0.0   0:01.43 migration/0
     9 root      20   0       0      0      0 S   0.0  0.0   0:00.00 rcu_bh
    10 root      20   0       0      0      0 S   0.0  0.0   0:00.00 rcuob/0
    11 root      20   0       0      0      0 S   0.0  0.0   0:00.00 rcuob/1
    12 root      20   0       0      0      0 S   0.0  0.0   0:00.00 rcuob/2
    13 root      20   0       0      0      0 S   0.0  0.0   0:00.00 rcuob/3
    14 root      20   0       0      0      0 S   0.0  0.0   0:00.00 rcuob/4
    15 root      20   0       0      0      0 S   0.0  0.0   0:00.00 rcuob/5
    16 root      20   0       0      0      0 S   0.0  0.0   0:00.00 rcuob/6
    17 root      20   0       0      0      0 S   0.0  0.0   0:00.00 rcuob/7
    18 root      20   0       0      0      0 S   0.0  0.0   0:00.00 rcuob/8
    19 root      20   0       0      0      0 S   0.0  0.0   0:00.00 rcuob/9
    20 root      20   0       0      0      0 S   0.0  0.0   0:00.00 rcuob/10
    21 root      20   0       0      0      0 S   0.0  0.0   0:00.00 rcuob/11
    22 root      20   0       0      0      0 S   0.0  0.0   0:00.00 rcuob/12
    23 root      20   0       0      0      0 S   0.0  0.0   0:00.00 rcuob/13
    24 root      20   0       0      0      0 S   0.0  0.0   0:00.00 rcuob/14
    25 root      20   0       0      0      0 S   0.0  0.0   0:00.00 rcuob/15
env DEVITO_PLATFORM=skx DEVITO_ISA=avx512 DEVITO_DEBUG_COMPILER=1 DEVITO_DLE_OPTIONS=blockinner:True DEVITO_AUTOTUNING=aggressive DEVITO_BACKEND=core DEVITO_OPENMP=1 DEVITO_ARCH=intel DEVITO_LOGGING=DEBUG DEVITO_YASK_AUTOTUNING=preemptive DEVITO_YASK_DUMP=devito.bench.2017-12-21/tti/core/bmO3/ortce-skl3/grid1024/so12 numactl --cpubind=1 python examples/seismic/benchmark.py bench -bm O3 -P tti -so 12 -to 2 -d 1024 1024 1024 --tn 1000 -x 3 -r devito.bench.2017-12-21/tti/core/bmO3/ortce-skl3/grid1024/so12
Allocating memory for m ((1044, 1044, 1044))
Allocating memory for damp ((1044, 1044, 1044))
Allocating memory for epsilon ((1044, 1044, 1044))
Allocating memory for delta ((1044, 1044, 1044))
Allocating memory for theta ((1044, 1044, 1044))
Allocating memory for phi ((1044, 1044, 1044))
Allocating memory for src ((417, 1))
Allocating memory for src_coords ((1, 3))
Allocating memory for nrec_coords ((101, 3))
Allocating memory for rec_coords ((101, 3))
DSE: extract_time_varying [flops: 2541, elapsed: 0.22] >>
     extract_time_invariants [flops: 2133, elapsed: 0.10] >>
     eliminate_inter_stencil_redundancies [flops: 939, elapsed: 0.28] >>
     extract_sum_of_products [flops: 681, elapsed: 0.04] >>
     eliminate_inter_stencil_redundancies [flops: 443, elapsed: 0.07] >>
     extract_sum_of_products [flops: 378, elapsed: 0.02] >>
     factorize [flops: 285, elapsed: 0.19] >>
     eliminate_intra_stencil_redundancies [flops: 233, elapsed: 0.05] >>
     finalize [flops: 234, elapsed: 0.00]
     [Total elapsed: 0.98 s]
DLE: avoid_denormals [elapsed: 0.00] >>
     loop_fission [elapsed: 0.01] >>
     loop_blocking [elapsed: 0.36] >>
     simdize [elapsed: 0.31] >>
     ompize [elapsed: 0.04] >>
     create_elemental_functions [elapsed: 0.32] >>
     minimize_remainders [elapsed: 0.02]
     [Total elapsed: 1.06 s]
Allocating memory for rec ((417, 101))
Allocating memory for u ((3, 1044, 1044, 1044))
Allocating memory for v ((3, 1044, 1044, 1044))
IntelCompiler: compiled /tmp/devito-qru4ir6g/aac9464fe294ad29e770d3e30caa2196820ef9fe.c [4.19 s]
AutoTuner: Block shape <8,8,8> took 4.142513 (s) in 3 time steps
AutoTuner: Block shape <16,16,16> took 4.066041 (s) in 3 time steps
AutoTuner: Block shape <24,24,24> took 3.778689 (s) in 3 time steps
AutoTuner: Block shape <32,32,32> took 4.046457 (s) in 3 time steps
AutoTuner: Block shape <40,40,40> took 3.746558 (s) in 3 time steps
AutoTuner: Block shape <8,8,16> took 4.126984 (s) in 3 time steps
AutoTuner: Block shape <8,8,24> took 3.758726 (s) in 3 time steps
AutoTuner: Block shape <8,8,32> took 3.937529 (s) in 3 time steps
AutoTuner: Block shape <8,8,40> took 3.722428 (s) in 3 time steps
AutoTuner: Block shape <8,8,64> took 3.974022 (s) in 3 time steps
AutoTuner: Block shape <8,8,128> took 4.145933 (s) in 3 time steps
AutoTuner: Block shape <8,8,256> took 4.401655 (s) in 3 time steps
AutoTuner: Block shape <8,8,512> took 4.681253 (s) in 3 time steps
AutoTuner: Block shape <8,8,1024> took 5.113752 (s) in 3 time steps
AutoTuner: Block shape <8,8,1032> took 5.098410 (s) in 3 time steps
AutoTuner: Block shape <16,16,8> took 3.630256 (s) in 3 time steps
AutoTuner: Block shape <16,16,24> took 3.510397 (s) in 3 time steps
AutoTuner: Block shape <16,16,32> took 3.833127 (s) in 3 time steps
AutoTuner: Block shape <16,16,40> took 3.528909 (s) in 3 time steps
AutoTuner: Block shape <16,16,64> took 3.765782 (s) in 3 time steps
AutoTuner: Block shape <16,16,128> took 3.858179 (s) in 3 time steps
AutoTuner: Block shape <16,16,256> took 3.911336 (s) in 3 time steps
AutoTuner: Block shape <16,16,512> took 4.320587 (s) in 3 time steps
AutoTuner: Block shape <24,24,8> took 4.304356 (s) in 3 time steps
AutoTuner: Block shape <24,24,16> took 4.497310 (s) in 3 time steps
AutoTuner: Block shape <24,24,32> took 3.986798 (s) in 3 time steps
AutoTuner: Block shape <24,24,40> took 3.640020 (s) in 3 time steps
AutoTuner: Block shape <24,24,64> took 3.806347 (s) in 3 time steps
AutoTuner: Block shape <24,24,128> took 3.715928 (s) in 3 time steps
AutoTuner: Block shape <24,24,256> took 3.886475 (s) in 3 time steps
AutoTuner: Block shape <32,32,8> took 4.845001 (s) in 3 time steps
AutoTuner: Block shape <32,32,16> took 4.596313 (s) in 3 time steps
AutoTuner: Block shape <32,32,24> took 3.827790 (s) in 3 time steps
AutoTuner: Block shape <32,32,40> took 3.707605 (s) in 3 time steps
AutoTuner: Block shape <32,32,64> took 3.795570 (s) in 3 time steps
AutoTuner: Block shape <32,32,128> took 3.680619 (s) in 3 time steps
AutoTuner: Block shape <16,8,8> took 3.788924 (s) in 3 time steps
AutoTuner: Block shape <8,16,8> took 3.733678 (s) in 3 time steps
AutoTuner: Block shape <16,8,16> took 3.950724 (s) in 3 time steps
AutoTuner: Block shape <8,16,16> took 3.927215 (s) in 3 time steps
AutoTuner: Block shape <32,16,16> took 4.483800 (s) in 3 time steps
AutoTuner: Block shape <16,32,16> took 4.474844 (s) in 3 time steps
AutoTuner: Block shape <32,16,32> took 3.969545 (s) in 3 time steps
AutoTuner: Block shape <16,32,32> took 4.019124 (s) in 3 time steps
AutoTuner: Block shape <48,24,24> took 3.865377 (s) in 3 time steps
AutoTuner: Block shape <24,48,24> took 3.946907 (s) in 3 time steps
AutoTuner: Block shape <24,24,48> took 3.849515 (s) in 3 time steps
AutoTuner: Block shape <48,48,24> took 3.949165 (s) in 3 time steps
AutoTuner: Block shape <48,24,48> took 3.832657 (s) in 3 time steps
AutoTuner: Block shape <24,48,48> took 3.963588 (s) in 3 time steps
AutoTuner: Block shape <48,48,48> took 3.829708 (s) in 3 time steps
AutoTuner: Block shape <64,32,32> took 4.031925 (s) in 3 time steps
AutoTuner: Block shape <32,64,32> took 4.169072 (s) in 3 time steps
AutoTuner: Block shape <64,64,32> took 4.041534 (s) in 3 time steps
AutoTuner: Block shape <64,32,64> took 3.688019 (s) in 3 time steps
AutoTuner: Block shape <32,64,64> took 3.876699 (s) in 3 time steps
AutoTuner: Block shape <80,40,40> took 3.696261 (s) in 3 time steps
AutoTuner: Block shape <40,80,40> took 3.824745 (s) in 3 time steps
AutoTuner: Block shape <40,40,80> took 3.680747 (s) in 3 time steps
Auto-tuned block shape: {'x0_block_size': 16, 'y0_block_size': 16, 'z0_block_size': 24}
=========================================================================================
Section section_0<1038,1038,1038> with OI=0.16 computed in 0.730 s [6.13 GFlops/s]
Section section_3<415,1> with OI=0.64 computed in 0.000 s [0.09 GFlops/s]
Section section_4<415,101> with OI=1.27 computed in 0.005 s [0.82 GFlops/s]
Section main<415,1038,1038,1038> with OI=3.58 computed in 963.409 s [112.73 GFlops/s, 0.48 GPts/s]
=========================================================================================
Allocating memory for m ((1044, 1044, 1044))
Allocating memory for damp ((1044, 1044, 1044))
Allocating memory for epsilon ((1044, 1044, 1044))
Allocating memory for delta ((1044, 1044, 1044))
Allocating memory for theta ((1044, 1044, 1044))
Allocating memory for phi ((1044, 1044, 1044))
Allocating memory for src ((417, 1))
Allocating memory for src_coords ((1, 3))
Allocating memory for nrec_coords ((101, 3))
Allocating memory for rec_coords ((101, 3))
DSE: extract_time_varying [flops: 2541, elapsed: 0.22] >>
     extract_time_invariants [flops: 2133, elapsed: 0.10] >>
     eliminate_inter_stencil_redundancies [flops: 939, elapsed: 0.28] >>
     extract_sum_of_products [flops: 681, elapsed: 0.04] >>
     eliminate_inter_stencil_redundancies [flops: 443, elapsed: 0.07] >>
     extract_sum_of_products [flops: 378, elapsed: 0.02] >>
     factorize [flops: 285, elapsed: 0.19] >>
     eliminate_intra_stencil_redundancies [flops: 233, elapsed: 0.05] >>
     finalize [flops: 234, elapsed: 0.00]
     [Total elapsed: 0.98 s]
DLE: avoid_denormals [elapsed: 0.00] >>
     loop_fission [elapsed: 0.01] >>
     loop_blocking [elapsed: 0.36] >>
     simdize [elapsed: 0.04] >>
     ompize [elapsed: 0.04] >>
     create_elemental_functions [elapsed: 0.28] >>
     minimize_remainders [elapsed: 0.02]
     [Total elapsed: 0.75 s]
Allocating memory for rec ((417, 101))
Allocating memory for u ((3, 1044, 1044, 1044))
Allocating memory for v ((3, 1044, 1044, 1044))
IntelCompiler: compiled /tmp/devito-qru4ir6g/47edbfad79bf7f6ead359a65e6aec774bddfb208.c [4.20 s]
AutoTuner: Block shape <8,8,8> took 4.120479 (s) in 3 time steps
AutoTuner: Block shape <16,16,16> took 4.060229 (s) in 3 time steps
AutoTuner: Block shape <24,24,24> took 3.786264 (s) in 3 time steps
AutoTuner: Block shape <32,32,32> took 4.050868 (s) in 3 time steps
AutoTuner: Block shape <40,40,40> took 3.757951 (s) in 3 time steps
AutoTuner: Block shape <8,8,16> took 4.142935 (s) in 3 time steps
AutoTuner: Block shape <8,8,24> took 3.769046 (s) in 3 time steps
AutoTuner: Block shape <8,8,32> took 3.956079 (s) in 3 time steps
AutoTuner: Block shape <8,8,40> took 3.738370 (s) in 3 time steps
AutoTuner: Block shape <8,8,64> took 3.978313 (s) in 3 time steps
AutoTuner: Block shape <8,8,128> took 4.145086 (s) in 3 time steps
AutoTuner: Block shape <8,8,256> took 4.390524 (s) in 3 time steps
AutoTuner: Block shape <8,8,512> took 4.692869 (s) in 3 time steps
AutoTuner: Block shape <8,8,1024> took 5.118600 (s) in 3 time steps
AutoTuner: Block shape <8,8,1032> took 5.102061 (s) in 3 time steps
AutoTuner: Block shape <16,16,8> took 3.621190 (s) in 3 time steps
AutoTuner: Block shape <16,16,24> took 3.517580 (s) in 3 time steps
AutoTuner: Block shape <16,16,32> took 3.832161 (s) in 3 time steps
AutoTuner: Block shape <16,16,40> took 3.531831 (s) in 3 time steps
AutoTuner: Block shape <16,16,64> took 3.752894 (s) in 3 time steps
AutoTuner: Block shape <16,16,128> took 3.845610 (s) in 3 time steps
AutoTuner: Block shape <16,16,256> took 3.912110 (s) in 3 time steps
AutoTuner: Block shape <16,16,512> took 4.319034 (s) in 3 time steps
AutoTuner: Block shape <24,24,8> took 4.319472 (s) in 3 time steps
AutoTuner: Block shape <24,24,16> took 4.508240 (s) in 3 time steps
AutoTuner: Block shape <24,24,32> took 3.992740 (s) in 3 time steps
AutoTuner: Block shape <24,24,40> took 3.655415 (s) in 3 time steps
AutoTuner: Block shape <24,24,64> took 3.825578 (s) in 3 time steps
AutoTuner: Block shape <24,24,128> took 3.716277 (s) in 3 time steps
AutoTuner: Block shape <24,24,256> took 3.897684 (s) in 3 time steps
AutoTuner: Block shape <32,32,8> took 4.856914 (s) in 3 time steps
AutoTuner: Block shape <32,32,16> took 4.594273 (s) in 3 time steps
AutoTuner: Block shape <32,32,24> took 3.839806 (s) in 3 time steps
AutoTuner: Block shape <32,32,40> took 3.717638 (s) in 3 time steps
AutoTuner: Block shape <32,32,64> took 3.808620 (s) in 3 time steps
AutoTuner: Block shape <32,32,128> took 3.676096 (s) in 3 time steps
AutoTuner: Block shape <16,8,8> took 3.783747 (s) in 3 time steps
AutoTuner: Block shape <8,16,8> took 3.750932 (s) in 3 time steps
AutoTuner: Block shape <16,8,16> took 3.937791 (s) in 3 time steps
AutoTuner: Block shape <8,16,16> took 3.921177 (s) in 3 time steps
AutoTuner: Block shape <32,16,16> took 4.479713 (s) in 3 time steps
AutoTuner: Block shape <16,32,16> took 4.463063 (s) in 3 time steps
AutoTuner: Block shape <32,16,32> took 3.978826 (s) in 3 time steps
AutoTuner: Block shape <16,32,32> took 4.016627 (s) in 3 time steps
AutoTuner: Block shape <48,24,24> took 3.871362 (s) in 3 time steps
AutoTuner: Block shape <24,48,24> took 3.965891 (s) in 3 time steps
AutoTuner: Block shape <24,24,48> took 3.849706 (s) in 3 time steps
AutoTuner: Block shape <48,48,24> took 3.961878 (s) in 3 time steps
AutoTuner: Block shape <48,24,48> took 3.837830 (s) in 3 time steps
AutoTuner: Block shape <24,48,48> took 3.970359 (s) in 3 time steps
AutoTuner: Block shape <48,48,48> took 3.831178 (s) in 3 time steps
AutoTuner: Block shape <64,32,32> took 4.041030 (s) in 3 time steps
AutoTuner: Block shape <32,64,32> took 4.172892 (s) in 3 time steps
AutoTuner: Block shape <64,64,32> took 4.048669 (s) in 3 time steps
AutoTuner: Block shape <64,32,64> took 3.686420 (s) in 3 time steps
AutoTuner: Block shape <32,64,64> took 3.880047 (s) in 3 time steps
AutoTuner: Block shape <80,40,40> took 3.703187 (s) in 3 time steps
AutoTuner: Block shape <40,80,40> took 3.830461 (s) in 3 time steps
AutoTuner: Block shape <40,40,80> took 3.688163 (s) in 3 time steps
Auto-tuned block shape: {'x0_block_size': 16, 'y0_block_size': 16, 'z0_block_size': 24}
=========================================================================================
Section section_0<1038,1038,1038> with OI=0.16 computed in 0.728 s [6.15 GFlops/s]
Section section_3<415,1> with OI=0.64 computed in 0.001 s [0.08 GFlops/s]
Section section_4<415,101> with OI=1.27 computed in 0.005 s [0.79 GFlops/s]
Section main<415,1038,1038,1038> with OI=3.58 computed in 965.760 s [112.46 GFlops/s, 0.48 GPts/s]
=========================================================================================
Allocating memory for m ((1044, 1044, 1044))
Allocating memory for damp ((1044, 1044, 1044))
Allocating memory for epsilon ((1044, 1044, 1044))
Allocating memory for delta ((1044, 1044, 1044))
Allocating memory for theta ((1044, 1044, 1044))
Allocating memory for phi ((1044, 1044, 1044))
Allocating memory for src ((417, 1))
Allocating memory for src_coords ((1, 3))
Allocating memory for nrec_coords ((101, 3))
Allocating memory for rec_coords ((101, 3))
DSE: extract_time_varying [flops: 2541, elapsed: 0.22] >>
     extract_time_invariants [flops: 2133, elapsed: 0.10] >>
     eliminate_inter_stencil_redundancies [flops: 939, elapsed: 0.28] >>
     extract_sum_of_products [flops: 681, elapsed: 0.04] >>
     eliminate_inter_stencil_redundancies [flops: 443, elapsed: 0.07] >>
     extract_sum_of_products [flops: 378, elapsed: 0.02] >>
     factorize [flops: 285, elapsed: 0.19] >>
     eliminate_intra_stencil_redundancies [flops: 233, elapsed: 0.05] >>
     finalize [flops: 234, elapsed: 0.00]
     [Total elapsed: 0.98 s]
DLE: avoid_denormals [elapsed: 0.00] >>
     loop_fission [elapsed: 0.01] >>
     loop_blocking [elapsed: 0.36] >>
     simdize [elapsed: 0.04] >>
     ompize [elapsed: 0.04] >>
     create_elemental_functions [elapsed: 0.28] >>
     minimize_remainders [elapsed: 0.02]
     [Total elapsed: 0.75 s]
Allocating memory for rec ((417, 101))
Allocating memory for u ((3, 1044, 1044, 1044))
Allocating memory for v ((3, 1044, 1044, 1044))
IntelCompiler: compiled /tmp/devito-qru4ir6g/f8b135173b14ba69ddd6878c6fd5bbb8177ed37c.c [4.22 s]
AutoTuner: Block shape <8,8,8> took 4.116417 (s) in 3 time steps
AutoTuner: Block shape <16,16,16> took 4.090449 (s) in 3 time steps
AutoTuner: Block shape <24,24,24> took 3.776542 (s) in 3 time steps
AutoTuner: Block shape <32,32,32> took 4.058285 (s) in 3 time steps
AutoTuner: Block shape <40,40,40> took 3.762213 (s) in 3 time steps
AutoTuner: Block shape <8,8,16> took 4.150589 (s) in 3 time steps
AutoTuner: Block shape <8,8,24> took 3.777126 (s) in 3 time steps
AutoTuner: Block shape <8,8,32> took 3.968932 (s) in 3 time steps
AutoTuner: Block shape <8,8,40> took 3.746947 (s) in 3 time steps
AutoTuner: Block shape <8,8,64> took 3.994707 (s) in 3 time steps
AutoTuner: Block shape <8,8,128> took 4.138907 (s) in 3 time steps
AutoTuner: Block shape <8,8,256> took 4.410340 (s) in 3 time steps
AutoTuner: Block shape <8,8,512> took 4.688480 (s) in 3 time steps
AutoTuner: Block shape <8,8,1024> took 5.120380 (s) in 3 time steps
AutoTuner: Block shape <8,8,1032> took 5.099887 (s) in 3 time steps
AutoTuner: Block shape <16,16,8> took 3.644215 (s) in 3 time steps
AutoTuner: Block shape <16,16,24> took 3.540912 (s) in 3 time steps
AutoTuner: Block shape <16,16,32> took 3.847780 (s) in 3 time steps
AutoTuner: Block shape <16,16,40> took 3.531818 (s) in 3 time steps
AutoTuner: Block shape <16,16,64> took 3.765740 (s) in 3 time steps
AutoTuner: Block shape <16,16,128> took 3.852034 (s) in 3 time steps
AutoTuner: Block shape <16,16,256> took 3.910123 (s) in 3 time steps
AutoTuner: Block shape <16,16,512> took 4.334146 (s) in 3 time steps
AutoTuner: Block shape <24,24,8> took 4.320127 (s) in 3 time steps
AutoTuner: Block shape <24,24,16> took 4.496915 (s) in 3 time steps
AutoTuner: Block shape <24,24,32> took 3.988591 (s) in 3 time steps
AutoTuner: Block shape <24,24,40> took 3.656058 (s) in 3 time steps
AutoTuner: Block shape <24,24,64> took 3.838855 (s) in 3 time steps
AutoTuner: Block shape <24,24,128> took 3.723875 (s) in 3 time steps
AutoTuner: Block shape <24,24,256> took 3.883126 (s) in 3 time steps
AutoTuner: Block shape <32,32,8> took 4.854470 (s) in 3 time steps
AutoTuner: Block shape <32,32,16> took 4.597207 (s) in 3 time steps
AutoTuner: Block shape <32,32,24> took 3.846440 (s) in 3 time steps
AutoTuner: Block shape <32,32,40> took 3.730733 (s) in 3 time steps
AutoTuner: Block shape <32,32,64> took 3.805876 (s) in 3 time steps
AutoTuner: Block shape <32,32,128> took 3.685840 (s) in 3 time steps
AutoTuner: Block shape <16,8,8> took 3.795550 (s) in 3 time steps
AutoTuner: Block shape <8,16,8> took 3.751534 (s) in 3 time steps
AutoTuner: Block shape <16,8,16> took 3.956429 (s) in 3 time steps
AutoTuner: Block shape <8,16,16> took 3.942121 (s) in 3 time steps
AutoTuner: Block shape <32,16,16> took 4.485760 (s) in 3 time steps
AutoTuner: Block shape <16,32,16> took 4.488901 (s) in 3 time steps
AutoTuner: Block shape <32,16,32> took 3.981248 (s) in 3 time steps
AutoTuner: Block shape <16,32,32> took 4.028922 (s) in 3 time steps
AutoTuner: Block shape <48,24,24> took 3.880384 (s) in 3 time steps
AutoTuner: Block shape <24,48,24> took 3.983321 (s) in 3 time steps
AutoTuner: Block shape <24,24,48> took 3.866166 (s) in 3 time steps
AutoTuner: Block shape <48,48,24> took 3.967277 (s) in 3 time steps
AutoTuner: Block shape <48,24,48> took 3.846149 (s) in 3 time steps
AutoTuner: Block shape <24,48,48> took 3.971242 (s) in 3 time steps
AutoTuner: Block shape <48,48,48> took 3.834876 (s) in 3 time steps
AutoTuner: Block shape <64,32,32> took 4.047772 (s) in 3 time steps
AutoTuner: Block shape <32,64,32> took 4.183082 (s) in 3 time steps
AutoTuner: Block shape <64,64,32> took 4.046113 (s) in 3 time steps
AutoTuner: Block shape <64,32,64> took 3.694410 (s) in 3 time steps
AutoTuner: Block shape <32,64,64> took 3.896401 (s) in 3 time steps
AutoTuner: Block shape <80,40,40> took 3.703584 (s) in 3 time steps
AutoTuner: Block shape <40,80,40> took 3.844107 (s) in 3 time steps
AutoTuner: Block shape <40,40,80> took 3.692304 (s) in 3 time steps
Auto-tuned block shape: {'x0_block_size': 16, 'y0_block_size': 16, 'z0_block_size': 40}
=========================================================================================
Section section_0<1038,1038,1038> with OI=0.16 computed in 0.727 s [6.16 GFlops/s]
Section section_3<415,1> with OI=0.64 computed in 0.001 s [0.08 GFlops/s]
Section section_4<415,101> with OI=1.27 computed in 0.005 s [0.77 GFlops/s]
Section main<415,1038,1038,1038> with OI=3.58 computed in 991.790 s [109.51 GFlops/s, 0.47 GPts/s]
=========================================================================================


OpesciBench: Running 3 repeats - parameters: arch: unknown, autotune: True, dle: advanced, dse: aggressive, nbpml: 10, shape: (1024, 1024, 1024), space_order: 12, spacing: (20.0, 20.0, 20.0), time_order: 2, tn: 1000
OpesciBench [13:47:23]: --- Run 0 ---
icc -O3 -g -fPIC -Wall -std=c99 -xhost -shared -qopenmp /tmp/devito-qru4ir6g/aac9464fe294ad29e770d3e30caa2196820ef9fe.c -o /tmp/devito-qru4ir6g/aac9464fe294ad29e770d3e30caa2196820ef9fe.so
OpesciBench [14:09:30]: --- Run 0 finished ---

OpesciBench [14:09:30]: --- Run 1 ---
icc -O3 -g -fPIC -Wall -std=c99 -xhost -shared -qopenmp /tmp/devito-qru4ir6g/47edbfad79bf7f6ead359a65e6aec774bddfb208.c -o /tmp/devito-qru4ir6g/47edbfad79bf7f6ead359a65e6aec774bddfb208.so
OpesciBench [14:31:41]: --- Run 1 finished ---

OpesciBench [14:31:41]: --- Run 2 ---
icc -O3 -g -fPIC -Wall -std=c99 -xhost -shared -qopenmp /tmp/devito-qru4ir6g/f8b135173b14ba69ddd6878c6fd5bbb8177ed37c.c -o /tmp/devito-qru4ir6g/f8b135173b14ba69ddd6878c6fd5bbb8177ed37c.so
OpesciBench [14:54:18]: --- Run 2 finished ---



Thu Dec 21 14:54:19 PST 2017
top - 14:54:19 up 22 days,  5:43,  3 users,  load average: 56.00, 55.68, 53.51
Tasks: 1951 total,   1 running, 1950 sleeping,   0 stopped,   0 zombie
%Cpu(s):  5.4 us,  0.1 sy,  0.0 ni, 94.5 id,  0.0 wa,  0.0 hi,  0.0 si,  0.0 st
KiB Mem : 19652648+total, 18772230+free,  4740920 used,  4063264 buff/cache
KiB Swap: 50331644 total, 47136792 free,  3194852 used. 19103473+avail Mem 

   PID USER      PR  NI    VIRT    RES    SHR S  %CPU %MEM     TIME+ COMMAND
 72762 cyount    20   0  152236   3928   1476 R   5.9  0.0   0:00.02 top
     1 root      20   0  197856   6604   1468 S   0.0  0.0   1:10.66 systemd
     2 root      20   0       0      0      0 S   0.0  0.0   0:00.29 kthreadd
     3 root      20   0       0      0      0 S   0.0  0.0   0:00.11 ksoftirqd/0
     5 root       0 -20       0      0      0 S   0.0  0.0   0:00.00 kworker/0:0H
     8 root      rt   0       0      0      0 S   0.0  0.0   0:01.43 migration/0
     9 root      20   0       0      0      0 S   0.0  0.0   0:00.00 rcu_bh
    10 root      20   0       0      0      0 S   0.0  0.0   0:00.00 rcuob/0
    11 root      20   0       0      0      0 S   0.0  0.0   0:00.00 rcuob/1
    12 root      20   0       0      0      0 S   0.0  0.0   0:00.00 rcuob/2
    13 root      20   0       0      0      0 S   0.0  0.0   0:00.00 rcuob/3
    14 root      20   0       0      0      0 S   0.0  0.0   0:00.00 rcuob/4
    15 root      20   0       0      0      0 S   0.0  0.0   0:00.00 rcuob/5
    16 root      20   0       0      0      0 S   0.0  0.0   0:00.00 rcuob/6
    17 root      20   0       0      0      0 S   0.0  0.0   0:00.00 rcuob/7
    18 root      20   0       0      0      0 S   0.0  0.0   0:00.00 rcuob/8
    19 root      20   0       0      0      0 S   0.0  0.0   0:00.00 rcuob/9
    20 root      20   0       0      0      0 S   0.0  0.0   0:00.00 rcuob/10
    21 root      20   0       0      0      0 S   0.0  0.0   0:00.00 rcuob/11
    22 root      20   0       0      0      0 S   0.0  0.0   0:00.00 rcuob/12
    23 root      20   0       0      0      0 S   0.0  0.0   0:00.00 rcuob/13
    24 root      20   0       0      0      0 S   0.0  0.0   0:00.00 rcuob/14
    25 root      20   0       0      0      0 S   0.0  0.0   0:00.00 rcuob/15
