Tue Dec 19 15:21:24 PST 2017
Architecture:          x86_64
CPU op-mode(s):        32-bit, 64-bit
Byte Order:            Little Endian
CPU(s):                80
On-line CPU(s) list:   0-79
Thread(s) per core:    2
Core(s) per socket:    20
Socket(s):             2
NUMA node(s):          2
Vendor ID:             GenuineIntel
CPU family:            6
Model:                 85
Model name:            Intel(R) Xeon(R) Gold 6148 CPU @ 2.40GHz
Stepping:              4
CPU MHz:               3099.937
BogoMIPS:              4805.49
Virtualization:        VT-x
L1d cache:             32K
L1i cache:             32K
L2 cache:              1024K
L3 cache:              28160K
NUMA node0 CPU(s):     0-19,40-59
NUMA node1 CPU(s):     20-39,60-79
Linux ortce-skl1 3.10.0-514.el7.x86_64 #1 SMP Wed Oct 19 11:24:13 EDT 2016 x86_64 x86_64 x86_64 GNU/Linux
available: 2 nodes (0-1)
node 0 cpus: 0 1 2 3 4 5 6 7 8 9 10 11 12 13 14 15 16 17 18 19 40 41 42 43 44 45 46 47 48 49 50 51 52 53 54 55 56 57 58 59
node 0 size: 96973 MB
node 0 free: 90531 MB
node 1 cpus: 20 21 22 23 24 25 26 27 28 29 30 31 32 33 34 35 36 37 38 39 60 61 62 63 64 65 66 67 68 69 70 71 72 73 74 75 76 77 78 79
node 1 size: 98304 MB
node 1 free: 92940 MB
node distances:
node   0   1 
  0:  10  21 
  1:  21  10 

Per-node system memory usage (in MBs):
                          Node 0          Node 1           Total
                 --------------- --------------- ---------------
MemTotal                96973.63        98304.00       195277.63
MemFree                 90531.04        92940.05       183471.08
MemUsed                  6442.59         5363.95        11806.55
Active                    167.99          635.38          803.38
Inactive                 3216.23         2035.99         5252.22
Active(anon)                8.02            3.14           11.16
Inactive(anon)             31.36            4.12           35.48
Active(file)              159.98          632.24          792.21
Inactive(file)           3184.86         2031.87         5216.73
Unevictable                 0.00            0.00            0.00
Mlocked                     0.00            0.00            0.00
Dirty                       0.00            0.00            0.00
Writeback                   0.00            0.00            0.00
FilePages                3375.07         2667.71         6042.79
Mapped                     24.43            3.02           27.45
AnonPages                  12.37            4.29           16.66
Shmem                      15.60            0.08           15.68
KernelStack                10.08            9.44           19.52
PageTables                  2.85            3.37            6.22
NFS_Unstable                0.00            0.00            0.00
Bounce                      0.00            0.00            0.00
WritebackTmp                0.00            0.00            0.00
Slab                      300.58          298.80          599.38
SReclaimable              182.21          153.37          335.58
SUnreclaim                118.37          145.43          263.80
AnonHugePages               0.00            0.00            0.00
HugePages_Total             0.00            0.00            0.00
HugePages_Free              0.00            0.00            0.00
HugePages_Surp              0.00            0.00            0.00
top - 15:21:25 up 4 days, 44 min,  1 user,  load average: 36.87, 26.00, 22.76
Tasks: 713 total,   1 running, 712 sleeping,   0 stopped,   0 zombie
%Cpu(s):  8.9 us,  0.1 sy,  0.0 ni, 91.0 id,  0.0 wa,  0.0 hi,  0.0 si,  0.0 st
KiB Mem : 19652252+total, 18787376+free,  1865768 used,  6782984 buff/cache
KiB Swap:  4194300 total,  4124284 free,    70016 used. 19361958+avail Mem 

   PID USER      PR  NI    VIRT    RES    SHR S  %CPU %MEM     TIME+ COMMAND
     1 root      20   0  197536   2844   1516 S   0.0  0.0   0:27.57 systemd
     2 root      20   0       0      0      0 S   0.0  0.0   0:00.04 kthreadd
     3 root      20   0       0      0      0 S   0.0  0.0   0:00.26 ksoftirqd/0
     5 root       0 -20       0      0      0 S   0.0  0.0   0:00.00 kworker/0:0H
     6 root      20   0       0      0      0 S   0.0  0.0   0:14.39 kworker/u896:0
     8 root      rt   0       0      0      0 S   0.0  0.0   0:00.78 migration/0
     9 root      20   0       0      0      0 S   0.0  0.0   0:00.00 rcu_bh
    10 root      20   0       0      0      0 S   0.0  0.0   0:31.67 rcu_sched
    11 root      rt   0       0      0      0 S   0.0  0.0   0:01.61 watchdog/0
    12 root      rt   0       0      0      0 S   0.0  0.0   0:00.99 watchdog/1
    13 root      rt   0       0      0      0 S   0.0  0.0   0:00.78 migration/1
    14 root      20   0       0      0      0 S   0.0  0.0   0:00.01 ksoftirqd/1
    16 root       0 -20       0      0      0 S   0.0  0.0   0:00.00 kworker/1:0H
    17 root      rt   0       0      0      0 S   0.0  0.0   0:00.96 watchdog/2
    18 root      rt   0       0      0      0 S   0.0  0.0   0:00.78 migration/2
    19 root      20   0       0      0      0 S   0.0  0.0   0:00.01 ksoftirqd/2
    22 root      rt   0       0      0      0 S   0.0  0.0   0:01.02 watchdog/3
    23 root      rt   0       0      0      0 S   0.0  0.0   0:00.78 migration/3
    24 root      20   0       0      0      0 S   0.0  0.0   0:00.00 ksoftirqd/3
    27 root      rt   0       0      0      0 S   0.0  0.0   0:00.95 watchdog/4
    28 root      rt   0       0      0      0 S   0.0  0.0   0:00.78 migration/4
    29 root      20   0       0      0      0 S   0.0  0.0   0:00.00 ksoftirqd/4
    31 root       0 -20       0      0      0 S   0.0  0.0   0:00.00 kworker/4:0H
env DEVITO_PLATFORM=skx DEVITO_ISA=avx512 DEVITO_DLE_OPTIONS=blockinner:True DEVITO_AUTOTUNING=aggressive DEVITO_BACKEND=core DEVITO_OPENMP=1 DEVITO_ARCH=intel DEVITO_LOGGING=DEBUG DEVITO_YASK_AUTOTUNING=preemptive DEVITO_YASK_DUMP=devito.bench.2017-12-19/acoustic/core/bmO2/ortce-skl1/grid1024/so12 numactl --cpubind=1 python examples/seismic/benchmark.py bench -bm O2 -P acoustic -so 12 -to 2 -d 1024 1024 1024 --tn 1000 -x 3 -r devito.bench.2017-12-19/acoustic/core/bmO2/ortce-skl1/grid1024/so12
Allocating memory for m ((1044, 1044, 1044))
Allocating memory for damp ((1044, 1044, 1044))
Allocating memory for src ((329, 1))
Allocating memory for src_coords ((1, 3))
Allocating memory for nrec_coords ((1024, 3))
Applying Forward
Allocating memory for rec_coords ((1024, 3))
DSE: extract_time_invariants [flops: 99, elapsed: 0.00] >>
     eliminate_inter_stencil_redundancies [flops: 99, elapsed: 0.00] >>
     eliminate_intra_stencil_redundancies [flops: 90, elapsed: 0.01] >>
     factorize [flops: 60, elapsed: 0.05] >>
     finalize [flops: 64, elapsed: 0.00]
     [Total elapsed: 0.06 s]
DLE: avoid_denormals [elapsed: 0.00] >>
     loop_fission [elapsed: 0.00] >>
     loop_blocking [elapsed: 0.06] >>
     simdize [elapsed: 0.29] >>
     ompize [elapsed: 0.02] >>
     create_elemental_functions [elapsed: 0.07] >>
     minimize_remainders [elapsed: 0.01]
     [Total elapsed: 0.45 s]
Allocating memory for rec ((329, 1024))
Allocating memory for u ((3, 1044, 1044, 1044))
IntelCompiler: compiled /tmp/devito-qi45m1gc/8e198a752d9c918e9a270509145983f013635b07.c [1.33 s]
AutoTuner: Block shape <8,8,8> took 0.825755 (s) in 3 time steps
AutoTuner: Block shape <16,16,16> took 0.707276 (s) in 3 time steps
AutoTuner: Block shape <24,24,24> took 0.632831 (s) in 3 time steps
AutoTuner: Block shape <32,32,32> took 0.684816 (s) in 3 time steps
AutoTuner: Block shape <40,40,40> took 0.662794 (s) in 3 time steps
AutoTuner: Block shape <64,64,64> took 0.628658 (s) in 3 time steps
AutoTuner: Block shape <128,128,128> took 0.795246 (s) in 3 time steps
AutoTuner: Block shape <256,256,256> took 1.186246 (s) in 3 time steps
AutoTuner: Block shape <512,512,512> took 1.169841 (s) in 3 time steps
AutoTuner: Block shape <1024,1024,1024> took 5.804617 (s) in 3 time steps
AutoTuner: Block shape <1032,1032,1032> took 5.509463 (s) in 3 time steps
AutoTuner: Block shape <8,8,16> took 0.766621 (s) in 3 time steps
AutoTuner: Block shape <8,8,24> took 0.628853 (s) in 3 time steps
AutoTuner: Block shape <8,8,32> took 0.611498 (s) in 3 time steps
AutoTuner: Block shape <8,8,40> took 0.598791 (s) in 3 time steps
AutoTuner: Block shape <8,8,64> took 0.583836 (s) in 3 time steps
AutoTuner: Block shape <8,8,128> took 0.569453 (s) in 3 time steps
AutoTuner: Block shape <8,8,256> took 0.563145 (s) in 3 time steps
AutoTuner: Block shape <8,8,512> took 0.516393 (s) in 3 time steps
AutoTuner: Block shape <8,8,1024> took 0.490157 (s) in 3 time steps
AutoTuner: Block shape <8,8,1032> took 0.480547 (s) in 3 time steps
AutoTuner: Block shape <16,16,8> took 0.748840 (s) in 3 time steps
AutoTuner: Block shape <16,16,24> took 0.595477 (s) in 3 time steps
AutoTuner: Block shape <16,16,32> took 0.588702 (s) in 3 time steps
AutoTuner: Block shape <16,16,40> took 0.578611 (s) in 3 time steps
AutoTuner: Block shape <16,16,64> took 0.580728 (s) in 3 time steps
AutoTuner: Block shape <16,16,128> took 0.606771 (s) in 3 time steps
AutoTuner: Block shape <16,16,256> took 0.582665 (s) in 3 time steps
AutoTuner: Block shape <16,16,512> took 0.563651 (s) in 3 time steps
AutoTuner: Block shape <16,16,1024> took 0.680985 (s) in 3 time steps
AutoTuner: Block shape <16,16,1032> took 0.673800 (s) in 3 time steps
AutoTuner: Block shape <24,24,8> took 0.796026 (s) in 3 time steps
AutoTuner: Block shape <24,24,16> took 0.725051 (s) in 3 time steps
AutoTuner: Block shape <24,24,32> took 0.632045 (s) in 3 time steps
AutoTuner: Block shape <24,24,40> took 0.623898 (s) in 3 time steps
AutoTuner: Block shape <24,24,64> took 0.604620 (s) in 3 time steps
AutoTuner: Block shape <24,24,128> took 0.598872 (s) in 3 time steps
AutoTuner: Block shape <24,24,256> took 0.602186 (s) in 3 time steps
AutoTuner: Block shape <24,24,512> took 0.598803 (s) in 3 time steps
AutoTuner: Block shape <24,24,1024> took 0.806136 (s) in 3 time steps
AutoTuner: Block shape <24,24,1032> took 0.790582 (s) in 3 time steps
AutoTuner: Block shape <32,32,8> took 0.901724 (s) in 3 time steps
AutoTuner: Block shape <32,32,16> took 0.780937 (s) in 3 time steps
AutoTuner: Block shape <32,32,24> took 0.708341 (s) in 3 time steps
AutoTuner: Block shape <32,32,40> took 0.659798 (s) in 3 time steps
AutoTuner: Block shape <32,32,64> took 0.611941 (s) in 3 time steps
AutoTuner: Block shape <32,32,128> took 0.598816 (s) in 3 time steps
AutoTuner: Block shape <32,32,256> took 0.577283 (s) in 3 time steps
AutoTuner: Block shape <32,32,512> took 0.688535 (s) in 3 time steps
AutoTuner: Block shape <32,32,1024> took 0.847609 (s) in 3 time steps
AutoTuner: Block shape <32,32,1032> took 0.842995 (s) in 3 time steps
AutoTuner: Block shape <16,8,8> took 0.766021 (s) in 3 time steps
AutoTuner: Block shape <8,16,8> took 0.761079 (s) in 3 time steps
AutoTuner: Block shape <16,8,16> took 0.743408 (s) in 3 time steps
AutoTuner: Block shape <8,16,16> took 0.731011 (s) in 3 time steps
AutoTuner: Block shape <32,16,16> took 0.725096 (s) in 3 time steps
AutoTuner: Block shape <16,32,16> took 0.721872 (s) in 3 time steps
AutoTuner: Block shape <32,16,32> took 0.627525 (s) in 3 time steps
AutoTuner: Block shape <16,32,32> took 0.620416 (s) in 3 time steps
AutoTuner: Block shape <48,24,24> took 0.728455 (s) in 3 time steps
AutoTuner: Block shape <24,48,24> took 0.718059 (s) in 3 time steps
AutoTuner: Block shape <24,24,48> took 0.618117 (s) in 3 time steps
AutoTuner: Block shape <48,48,24> took 0.757418 (s) in 3 time steps
AutoTuner: Block shape <48,24,48> took 0.642419 (s) in 3 time steps
AutoTuner: Block shape <24,48,48> took 0.655049 (s) in 3 time steps
AutoTuner: Block shape <48,48,48> took 0.639230 (s) in 3 time steps
AutoTuner: Block shape <64,32,32> took 0.711822 (s) in 3 time steps
AutoTuner: Block shape <32,64,32> took 0.727911 (s) in 3 time steps
AutoTuner: Block shape <64,64,32> took 0.714282 (s) in 3 time steps
AutoTuner: Block shape <64,32,64> took 0.603116 (s) in 3 time steps
AutoTuner: Block shape <32,64,64> took 0.632908 (s) in 3 time steps
AutoTuner: Block shape <80,40,40> took 0.663274 (s) in 3 time steps
AutoTuner: Block shape <40,80,40> took 0.691750 (s) in 3 time steps
AutoTuner: Block shape <40,40,80> took 0.590755 (s) in 3 time steps
AutoTuner: Block shape <80,80,40> took 0.702099 (s) in 3 time steps
AutoTuner: Block shape <80,40,80> took 0.598592 (s) in 3 time steps
AutoTuner: Block shape <40,80,80> took 0.642312 (s) in 3 time steps
AutoTuner: Block shape <80,80,80> took 0.646645 (s) in 3 time steps
AutoTuner: Block shape <128,64,64> took 0.625809 (s) in 3 time steps
AutoTuner: Block shape <64,128,64> took 0.693741 (s) in 3 time steps
AutoTuner: Block shape <64,64,128> took 0.607337 (s) in 3 time steps
AutoTuner: Block shape <128,128,64> took 0.687474 (s) in 3 time steps
AutoTuner: Block shape <128,64,128> took 0.600419 (s) in 3 time steps
AutoTuner: Block shape <64,128,128> took 0.793232 (s) in 3 time steps
AutoTuner: Block shape <256,128,128> took 0.824273 (s) in 3 time steps
AutoTuner: Block shape <128,256,128> took 1.036825 (s) in 3 time steps
AutoTuner: Block shape <128,128,256> took 0.957474 (s) in 3 time steps
AutoTuner: Block shape <256,256,128> took 1.078925 (s) in 3 time steps
AutoTuner: Block shape <256,128,256> took 0.941385 (s) in 3 time steps
AutoTuner: Block shape <128,256,256> took 1.038947 (s) in 3 time steps
AutoTuner: Block shape <512,256,256> took 1.288172 (s) in 3 time steps
AutoTuner: Block shape <256,512,256> took 1.357107 (s) in 3 time steps
AutoTuner: Block shape <256,256,512> took 1.177719 (s) in 3 time steps
AutoTuner: Block shape <512,512,256> took 1.221564 (s) in 3 time steps
AutoTuner: Block shape <512,256,512> took 0.920791 (s) in 3 time steps
AutoTuner: Block shape <256,512,512> took 0.955101 (s) in 3 time steps
AutoTuner: Block shape <1024,512,512> took 1.910544 (s) in 3 time steps
AutoTuner: Block shape <512,1024,512> took 2.072485 (s) in 3 time steps
AutoTuner: Block shape <512,512,1024> took 1.638554 (s) in 3 time steps
AutoTuner: Block shape <1024,1024,512> took 3.517298 (s) in 3 time steps
AutoTuner: Block shape <1024,512,1024> took 2.998512 (s) in 3 time steps
AutoTuner: Block shape <512,1024,1024> took 3.074697 (s) in 3 time steps
Auto-tuned block shape: {'x0_block_size': 8, 'y0_block_size': 8, 'z0_block_size': 1032}
=========================================================================================
Section section_1<327,1> with OI=0.96 computed in 0.000 s [0.12 GFlops/s]
Section section_2<327,1024> with OI=2.09 computed in 0.009 s [3.16 GFlops/s]
Section main<327,1032,1032,1032> with OI=3.84 computed in 161.088 s [142.79 GFlops/s, 2.23 GPts/s]
=========================================================================================
Allocating memory for m ((1044, 1044, 1044))
Allocating memory for damp ((1044, 1044, 1044))
Allocating memory for src ((329, 1))
Allocating memory for src_coords ((1, 3))
Allocating memory for nrec_coords ((1024, 3))
Applying Forward
Allocating memory for rec_coords ((1024, 3))
DSE: extract_time_invariants [flops: 99, elapsed: 0.00] >>
     eliminate_inter_stencil_redundancies [flops: 99, elapsed: 0.00] >>
     eliminate_intra_stencil_redundancies [flops: 90, elapsed: 0.01] >>
     factorize [flops: 60, elapsed: 0.05] >>
     finalize [flops: 64, elapsed: 0.00]
     [Total elapsed: 0.06 s]
DLE: avoid_denormals [elapsed: 0.00] >>
     loop_fission [elapsed: 0.00] >>
     loop_blocking [elapsed: 0.06] >>
     simdize [elapsed: 0.01] >>
     ompize [elapsed: 0.02] >>
     create_elemental_functions [elapsed: 0.07] >>
     minimize_remainders [elapsed: 0.01]
     [Total elapsed: 0.17 s]
Allocating memory for rec ((329, 1024))
Allocating memory for u ((3, 1044, 1044, 1044))
IntelCompiler: compiled /tmp/devito-qi45m1gc/8e198a752d9c918e9a270509145983f013635b07.c [1.34 s]
AutoTuner: Block shape <8,8,8> took 0.789998 (s) in 3 time steps
AutoTuner: Block shape <16,16,16> took 0.704754 (s) in 3 time steps
AutoTuner: Block shape <24,24,24> took 0.632349 (s) in 3 time steps
AutoTuner: Block shape <32,32,32> took 0.678974 (s) in 3 time steps
AutoTuner: Block shape <40,40,40> took 0.661919 (s) in 3 time steps
AutoTuner: Block shape <64,64,64> took 0.628657 (s) in 3 time steps
AutoTuner: Block shape <128,128,128> took 0.788546 (s) in 3 time steps
AutoTuner: Block shape <256,256,256> took 1.188197 (s) in 3 time steps
AutoTuner: Block shape <512,512,512> took 1.182467 (s) in 3 time steps
AutoTuner: Block shape <1024,1024,1024> took 5.697258 (s) in 3 time steps
AutoTuner: Block shape <1032,1032,1032> took 5.407722 (s) in 3 time steps
AutoTuner: Block shape <8,8,16> took 0.764170 (s) in 3 time steps
AutoTuner: Block shape <8,8,24> took 0.632401 (s) in 3 time steps
AutoTuner: Block shape <8,8,32> took 0.615637 (s) in 3 time steps
AutoTuner: Block shape <8,8,40> took 0.602693 (s) in 3 time steps
AutoTuner: Block shape <8,8,64> took 0.588081 (s) in 3 time steps
AutoTuner: Block shape <8,8,128> took 0.568617 (s) in 3 time steps
AutoTuner: Block shape <8,8,256> took 0.559886 (s) in 3 time steps
AutoTuner: Block shape <8,8,512> took 0.515198 (s) in 3 time steps
AutoTuner: Block shape <8,8,1024> took 0.489614 (s) in 3 time steps
AutoTuner: Block shape <8,8,1032> took 0.480252 (s) in 3 time steps
AutoTuner: Block shape <16,16,8> took 0.752790 (s) in 3 time steps
AutoTuner: Block shape <16,16,24> took 0.596182 (s) in 3 time steps
AutoTuner: Block shape <16,16,32> took 0.591495 (s) in 3 time steps
AutoTuner: Block shape <16,16,40> took 0.580285 (s) in 3 time steps
AutoTuner: Block shape <16,16,64> took 0.581468 (s) in 3 time steps
AutoTuner: Block shape <16,16,128> took 0.600819 (s) in 3 time steps
AutoTuner: Block shape <16,16,256> took 0.578352 (s) in 3 time steps
AutoTuner: Block shape <16,16,512> took 0.558057 (s) in 3 time steps
AutoTuner: Block shape <16,16,1024> took 0.687292 (s) in 3 time steps
AutoTuner: Block shape <16,16,1032> took 0.679715 (s) in 3 time steps
AutoTuner: Block shape <24,24,8> took 0.783168 (s) in 3 time steps
AutoTuner: Block shape <24,24,16> took 0.721200 (s) in 3 time steps
AutoTuner: Block shape <24,24,32> took 0.629456 (s) in 3 time steps
AutoTuner: Block shape <24,24,40> took 0.620013 (s) in 3 time steps
AutoTuner: Block shape <24,24,64> took 0.605349 (s) in 3 time steps
AutoTuner: Block shape <24,24,128> took 0.595027 (s) in 3 time steps
AutoTuner: Block shape <24,24,256> took 0.584697 (s) in 3 time steps
AutoTuner: Block shape <24,24,512> took 0.602142 (s) in 3 time steps
AutoTuner: Block shape <24,24,1024> took 0.798704 (s) in 3 time steps
AutoTuner: Block shape <24,24,1032> took 0.794459 (s) in 3 time steps
AutoTuner: Block shape <32,32,8> took 0.891200 (s) in 3 time steps
AutoTuner: Block shape <32,32,16> took 0.775666 (s) in 3 time steps
AutoTuner: Block shape <32,32,24> took 0.699982 (s) in 3 time steps
AutoTuner: Block shape <32,32,40> took 0.650767 (s) in 3 time steps
AutoTuner: Block shape <32,32,64> took 0.607644 (s) in 3 time steps
AutoTuner: Block shape <32,32,128> took 0.597838 (s) in 3 time steps
AutoTuner: Block shape <32,32,256> took 0.577310 (s) in 3 time steps
AutoTuner: Block shape <32,32,512> took 0.679648 (s) in 3 time steps
AutoTuner: Block shape <32,32,1024> took 0.853081 (s) in 3 time steps
AutoTuner: Block shape <32,32,1032> took 0.845504 (s) in 3 time steps
AutoTuner: Block shape <16,8,8> took 0.767322 (s) in 3 time steps
AutoTuner: Block shape <8,16,8> took 0.767855 (s) in 3 time steps
AutoTuner: Block shape <16,8,16> took 0.738099 (s) in 3 time steps
AutoTuner: Block shape <8,16,16> took 0.728750 (s) in 3 time steps
AutoTuner: Block shape <32,16,16> took 0.723814 (s) in 3 time steps
AutoTuner: Block shape <16,32,16> took 0.715781 (s) in 3 time steps
AutoTuner: Block shape <32,16,32> took 0.622863 (s) in 3 time steps
AutoTuner: Block shape <16,32,32> took 0.621385 (s) in 3 time steps
AutoTuner: Block shape <48,24,24> took 0.717157 (s) in 3 time steps
AutoTuner: Block shape <24,48,24> took 0.711504 (s) in 3 time steps
AutoTuner: Block shape <24,24,48> took 0.616060 (s) in 3 time steps
AutoTuner: Block shape <48,48,24> took 0.749749 (s) in 3 time steps
AutoTuner: Block shape <48,24,48> took 0.640408 (s) in 3 time steps
AutoTuner: Block shape <24,48,48> took 0.638380 (s) in 3 time steps
AutoTuner: Block shape <48,48,48> took 0.637215 (s) in 3 time steps
AutoTuner: Block shape <64,32,32> took 0.705756 (s) in 3 time steps
AutoTuner: Block shape <32,64,32> took 0.705986 (s) in 3 time steps
AutoTuner: Block shape <64,64,32> took 0.706489 (s) in 3 time steps
AutoTuner: Block shape <64,32,64> took 0.603509 (s) in 3 time steps
AutoTuner: Block shape <32,64,64> took 0.625356 (s) in 3 time steps
AutoTuner: Block shape <80,40,40> took 0.662983 (s) in 3 time steps
AutoTuner: Block shape <40,80,40> took 0.688438 (s) in 3 time steps
AutoTuner: Block shape <40,40,80> took 0.589823 (s) in 3 time steps
AutoTuner: Block shape <80,80,40> took 0.693566 (s) in 3 time steps
AutoTuner: Block shape <80,40,80> took 0.599755 (s) in 3 time steps
AutoTuner: Block shape <40,80,80> took 0.643392 (s) in 3 time steps
AutoTuner: Block shape <80,80,80> took 0.653701 (s) in 3 time steps
AutoTuner: Block shape <128,64,64> took 0.624846 (s) in 3 time steps
AutoTuner: Block shape <64,128,64> took 0.688396 (s) in 3 time steps
AutoTuner: Block shape <64,64,128> took 0.607659 (s) in 3 time steps
AutoTuner: Block shape <128,128,64> took 0.686639 (s) in 3 time steps
AutoTuner: Block shape <128,64,128> took 0.603636 (s) in 3 time steps
AutoTuner: Block shape <64,128,128> took 0.792493 (s) in 3 time steps
AutoTuner: Block shape <256,128,128> took 0.817235 (s) in 3 time steps
AutoTuner: Block shape <128,256,128> took 1.043751 (s) in 3 time steps
AutoTuner: Block shape <128,128,256> took 0.970210 (s) in 3 time steps
AutoTuner: Block shape <256,256,128> took 1.075370 (s) in 3 time steps
AutoTuner: Block shape <256,128,256> took 0.938486 (s) in 3 time steps
AutoTuner: Block shape <128,256,256> took 1.037534 (s) in 3 time steps
AutoTuner: Block shape <512,256,256> took 1.273830 (s) in 3 time steps
AutoTuner: Block shape <256,512,256> took 1.357207 (s) in 3 time steps
AutoTuner: Block shape <256,256,512> took 1.177468 (s) in 3 time steps
AutoTuner: Block shape <512,512,256> took 1.204598 (s) in 3 time steps
AutoTuner: Block shape <512,256,512> took 0.912276 (s) in 3 time steps
AutoTuner: Block shape <256,512,512> took 0.941081 (s) in 3 time steps
AutoTuner: Block shape <1024,512,512> took 1.888286 (s) in 3 time steps
AutoTuner: Block shape <512,1024,512> took 2.051152 (s) in 3 time steps
AutoTuner: Block shape <512,512,1024> took 1.624845 (s) in 3 time steps
AutoTuner: Block shape <1024,1024,512> took 3.438984 (s) in 3 time steps
AutoTuner: Block shape <1024,512,1024> took 2.941867 (s) in 3 time steps
AutoTuner: Block shape <512,1024,1024> took 2.983622 (s) in 3 time steps
Auto-tuned block shape: {'x0_block_size': 8, 'y0_block_size': 8, 'z0_block_size': 1032}
=========================================================================================
Section section_1<327,1> with OI=0.96 computed in 0.000 s [0.12 GFlops/s]
Section section_2<327,1024> with OI=2.09 computed in 0.009 s [3.19 GFlops/s]
Section main<327,1032,1032,1032> with OI=3.84 computed in 159.867 s [143.88 GFlops/s, 2.25 GPts/s]
=========================================================================================
Allocating memory for m ((1044, 1044, 1044))
Allocating memory for damp ((1044, 1044, 1044))
Allocating memory for src ((329, 1))
Allocating memory for src_coords ((1, 3))
Allocating memory for nrec_coords ((1024, 3))
Applying Forward
Allocating memory for rec_coords ((1024, 3))
DSE: extract_time_invariants [flops: 99, elapsed: 0.00] >>
     eliminate_inter_stencil_redundancies [flops: 99, elapsed: 0.00] >>
     eliminate_intra_stencil_redundancies [flops: 90, elapsed: 0.01] >>
     factorize [flops: 60, elapsed: 0.05] >>
     finalize [flops: 64, elapsed: 0.00]
     [Total elapsed: 0.06 s]
DLE: avoid_denormals [elapsed: 0.00] >>
     loop_fission [elapsed: 0.00] >>
     loop_blocking [elapsed: 0.06] >>
     simdize [elapsed: 0.01] >>
     ompize [elapsed: 0.02] >>
     create_elemental_functions [elapsed: 0.07] >>
     minimize_remainders [elapsed: 0.01]
     [Total elapsed: 0.17 s]
Allocating memory for rec ((329, 1024))
Allocating memory for u ((3, 1044, 1044, 1044))
IntelCompiler: compiled /tmp/devito-qi45m1gc/8e198a752d9c918e9a270509145983f013635b07.c [1.34 s]
AutoTuner: Block shape <8,8,8> took 0.786322 (s) in 3 time steps
AutoTuner: Block shape <16,16,16> took 0.707386 (s) in 3 time steps
AutoTuner: Block shape <24,24,24> took 0.635377 (s) in 3 time steps
AutoTuner: Block shape <32,32,32> took 0.680901 (s) in 3 time steps
AutoTuner: Block shape <40,40,40> took 0.663515 (s) in 3 time steps
AutoTuner: Block shape <64,64,64> took 0.629816 (s) in 3 time steps
AutoTuner: Block shape <128,128,128> took 0.810716 (s) in 3 time steps
AutoTuner: Block shape <256,256,256> took 1.190595 (s) in 3 time steps
AutoTuner: Block shape <512,512,512> took 1.166351 (s) in 3 time steps
AutoTuner: Block shape <1024,1024,1024> took 5.613948 (s) in 3 time steps
AutoTuner: Block shape <1032,1032,1032> took 5.323544 (s) in 3 time steps
AutoTuner: Block shape <8,8,16> took 0.764632 (s) in 3 time steps
AutoTuner: Block shape <8,8,24> took 0.632744 (s) in 3 time steps
AutoTuner: Block shape <8,8,32> took 0.616027 (s) in 3 time steps
AutoTuner: Block shape <8,8,40> took 0.603065 (s) in 3 time steps
AutoTuner: Block shape <8,8,64> took 0.588017 (s) in 3 time steps
AutoTuner: Block shape <8,8,128> took 0.567616 (s) in 3 time steps
AutoTuner: Block shape <8,8,256> took 0.561486 (s) in 3 time steps
AutoTuner: Block shape <8,8,512> took 0.516502 (s) in 3 time steps
AutoTuner: Block shape <8,8,1024> took 0.488310 (s) in 3 time steps
AutoTuner: Block shape <8,8,1032> took 0.475017 (s) in 3 time steps
AutoTuner: Block shape <16,16,8> took 0.754986 (s) in 3 time steps
AutoTuner: Block shape <16,16,24> took 0.600026 (s) in 3 time steps
AutoTuner: Block shape <16,16,32> took 0.593443 (s) in 3 time steps
AutoTuner: Block shape <16,16,40> took 0.586056 (s) in 3 time steps
AutoTuner: Block shape <16,16,64> took 0.586248 (s) in 3 time steps
AutoTuner: Block shape <16,16,128> took 0.604459 (s) in 3 time steps
AutoTuner: Block shape <16,16,256> took 0.581312 (s) in 3 time steps
AutoTuner: Block shape <16,16,512> took 0.562819 (s) in 3 time steps
AutoTuner: Block shape <16,16,1024> took 0.693142 (s) in 3 time steps
AutoTuner: Block shape <16,16,1032> took 0.682794 (s) in 3 time steps
AutoTuner: Block shape <24,24,8> took 0.785623 (s) in 3 time steps
AutoTuner: Block shape <24,24,16> took 0.724184 (s) in 3 time steps
AutoTuner: Block shape <24,24,32> took 0.633207 (s) in 3 time steps
AutoTuner: Block shape <24,24,40> took 0.620637 (s) in 3 time steps
AutoTuner: Block shape <24,24,64> took 0.607779 (s) in 3 time steps
AutoTuner: Block shape <24,24,128> took 0.622593 (s) in 3 time steps
AutoTuner: Block shape <24,24,256> took 0.610393 (s) in 3 time steps
AutoTuner: Block shape <24,24,512> took 0.613548 (s) in 3 time steps
AutoTuner: Block shape <24,24,1024> took 0.816281 (s) in 3 time steps
AutoTuner: Block shape <24,24,1032> took 0.808903 (s) in 3 time steps
AutoTuner: Block shape <32,32,8> took 0.890673 (s) in 3 time steps
AutoTuner: Block shape <32,32,16> took 0.777416 (s) in 3 time steps
AutoTuner: Block shape <32,32,24> took 0.701315 (s) in 3 time steps
AutoTuner: Block shape <32,32,40> took 0.654725 (s) in 3 time steps
AutoTuner: Block shape <32,32,64> took 0.623898 (s) in 3 time steps
AutoTuner: Block shape <32,32,128> took 0.611065 (s) in 3 time steps
AutoTuner: Block shape <32,32,256> took 0.588654 (s) in 3 time steps
AutoTuner: Block shape <32,32,512> took 0.691274 (s) in 3 time steps
AutoTuner: Block shape <32,32,1024> took 0.855593 (s) in 3 time steps
AutoTuner: Block shape <32,32,1032> took 0.847818 (s) in 3 time steps
AutoTuner: Block shape <16,8,8> took 0.769473 (s) in 3 time steps
AutoTuner: Block shape <8,16,8> took 0.767765 (s) in 3 time steps
AutoTuner: Block shape <16,8,16> took 0.742073 (s) in 3 time steps
AutoTuner: Block shape <8,16,16> took 0.729660 (s) in 3 time steps
AutoTuner: Block shape <32,16,16> took 0.724788 (s) in 3 time steps
AutoTuner: Block shape <16,32,16> took 0.718394 (s) in 3 time steps
AutoTuner: Block shape <32,16,32> took 0.623825 (s) in 3 time steps
AutoTuner: Block shape <16,32,32> took 0.622630 (s) in 3 time steps
AutoTuner: Block shape <48,24,24> took 0.726345 (s) in 3 time steps
AutoTuner: Block shape <24,48,24> took 0.710501 (s) in 3 time steps
AutoTuner: Block shape <24,24,48> took 0.616420 (s) in 3 time steps
AutoTuner: Block shape <48,48,24> took 0.749778 (s) in 3 time steps
AutoTuner: Block shape <48,24,48> took 0.640688 (s) in 3 time steps
AutoTuner: Block shape <24,48,48> took 0.660332 (s) in 3 time steps
AutoTuner: Block shape <48,48,48> took 0.649541 (s) in 3 time steps
AutoTuner: Block shape <64,32,32> took 0.706603 (s) in 3 time steps
AutoTuner: Block shape <32,64,32> took 0.726491 (s) in 3 time steps
AutoTuner: Block shape <64,64,32> took 0.711168 (s) in 3 time steps
AutoTuner: Block shape <64,32,64> took 0.604867 (s) in 3 time steps
AutoTuner: Block shape <32,64,64> took 0.639050 (s) in 3 time steps
AutoTuner: Block shape <80,40,40> took 0.661267 (s) in 3 time steps
AutoTuner: Block shape <40,80,40> took 0.693240 (s) in 3 time steps
AutoTuner: Block shape <40,40,80> took 0.594436 (s) in 3 time steps
AutoTuner: Block shape <80,80,40> took 0.697682 (s) in 3 time steps
AutoTuner: Block shape <80,40,80> took 0.599582 (s) in 3 time steps
AutoTuner: Block shape <40,80,80> took 0.641403 (s) in 3 time steps
AutoTuner: Block shape <80,80,80> took 0.646842 (s) in 3 time steps
AutoTuner: Block shape <128,64,64> took 0.632827 (s) in 3 time steps
AutoTuner: Block shape <64,128,64> took 0.690426 (s) in 3 time steps
AutoTuner: Block shape <64,64,128> took 0.609835 (s) in 3 time steps
AutoTuner: Block shape <128,128,64> took 0.682063 (s) in 3 time steps
AutoTuner: Block shape <128,64,128> took 0.616597 (s) in 3 time steps
AutoTuner: Block shape <64,128,128> took 0.794830 (s) in 3 time steps
AutoTuner: Block shape <256,128,128> took 0.810036 (s) in 3 time steps
AutoTuner: Block shape <128,256,128> took 1.017379 (s) in 3 time steps
AutoTuner: Block shape <128,128,256> took 0.923282 (s) in 3 time steps
AutoTuner: Block shape <256,256,128> took 1.070626 (s) in 3 time steps
AutoTuner: Block shape <256,128,256> took 0.935311 (s) in 3 time steps
AutoTuner: Block shape <128,256,256> took 1.033003 (s) in 3 time steps
AutoTuner: Block shape <512,256,256> took 1.259741 (s) in 3 time steps
AutoTuner: Block shape <256,512,256> took 1.317810 (s) in 3 time steps
AutoTuner: Block shape <256,256,512> took 1.139536 (s) in 3 time steps
AutoTuner: Block shape <512,512,256> took 1.267809 (s) in 3 time steps
AutoTuner: Block shape <512,256,512> took 0.917141 (s) in 3 time steps
AutoTuner: Block shape <256,512,512> took 0.949107 (s) in 3 time steps
AutoTuner: Block shape <1024,512,512> took 1.910424 (s) in 3 time steps
AutoTuner: Block shape <512,1024,512> took 2.077132 (s) in 3 time steps
AutoTuner: Block shape <512,512,1024> took 1.642632 (s) in 3 time steps
AutoTuner: Block shape <1024,1024,512> took 3.519253 (s) in 3 time steps
AutoTuner: Block shape <1024,512,1024> took 3.015566 (s) in 3 time steps
AutoTuner: Block shape <512,1024,1024> took 3.074068 (s) in 3 time steps
Auto-tuned block shape: {'x0_block_size': 8, 'y0_block_size': 8, 'z0_block_size': 1032}
=========================================================================================
Section section_1<327,1> with OI=0.96 computed in 0.000 s [0.13 GFlops/s]
Section section_2<327,1024> with OI=2.09 computed in 0.009 s [3.15 GFlops/s]
Section main<327,1032,1032,1032> with OI=3.84 computed in 159.376 s [144.33 GFlops/s, 2.26 GPts/s]
=========================================================================================


OpesciBench: Running 3 repeats - parameters: arch: unknown, autotune: True, dle: advanced, dse: advanced, nbpml: 10, shape: (1024, 1024, 1024), space_order: 12, spacing: (20.0, 20.0, 20.0), time_order: 2, tn: 1000
OpesciBench [15:21:27]: --- Run 0 ---
OpesciBench [15:27:39]: --- Run 0 finished ---

OpesciBench [15:27:39]: --- Run 1 ---
OpesciBench [15:33:49]: --- Run 1 finished ---

OpesciBench [15:33:49]: --- Run 2 ---
OpesciBench [15:39:58]: --- Run 2 finished ---



Tue Dec 19 15:39:58 PST 2017
top - 15:39:58 up 4 days,  1:03,  1 user,  load average: 38.47, 28.79, 24.75
Tasks: 714 total,   1 running, 713 sleeping,   0 stopped,   0 zombie
%Cpu(s):  9.0 us,  0.1 sy,  0.0 ni, 90.9 id,  0.0 wa,  0.0 hi,  0.0 si,  0.0 st
KiB Mem : 19652252+total, 18787651+free,  1863280 used,  6782736 buff/cache
KiB Swap:  4194300 total,  4124284 free,    70016 used. 19362246+avail Mem 

   PID USER      PR  NI    VIRT    RES    SHR S  %CPU %MEM     TIME+ COMMAND
281294 cyount    20   0  162524   3112   1888 R   6.2  0.0   0:00.03 top
     1 root      20   0  197536   2844   1516 S   0.0  0.0   0:27.58 systemd
     2 root      20   0       0      0      0 S   0.0  0.0   0:00.04 kthreadd
     3 root      20   0       0      0      0 S   0.0  0.0   0:00.26 ksoftirqd/0
     5 root       0 -20       0      0      0 S   0.0  0.0   0:00.00 kworker/0:0H
     6 root      20   0       0      0      0 S   0.0  0.0   0:14.39 kworker/u896:0
     8 root      rt   0       0      0      0 S   0.0  0.0   0:00.78 migration/0
     9 root      20   0       0      0      0 S   0.0  0.0   0:00.00 rcu_bh
    10 root      20   0       0      0      0 S   0.0  0.0   0:31.75 rcu_sched
    11 root      rt   0       0      0      0 S   0.0  0.0   0:01.61 watchdog/0
    12 root      rt   0       0      0      0 S   0.0  0.0   0:00.99 watchdog/1
    13 root      rt   0       0      0      0 S   0.0  0.0   0:00.78 migration/1
    14 root      20   0       0      0      0 S   0.0  0.0   0:00.01 ksoftirqd/1
    16 root       0 -20       0      0      0 S   0.0  0.0   0:00.00 kworker/1:0H
    17 root      rt   0       0      0      0 S   0.0  0.0   0:00.97 watchdog/2
    18 root      rt   0       0      0      0 S   0.0  0.0   0:00.78 migration/2
    19 root      20   0       0      0      0 S   0.0  0.0   0:00.01 ksoftirqd/2
    22 root      rt   0       0      0      0 S   0.0  0.0   0:01.02 watchdog/3
    23 root      rt   0       0      0      0 S   0.0  0.0   0:00.78 migration/3
    24 root      20   0       0      0      0 S   0.0  0.0   0:00.00 ksoftirqd/3
    27 root      rt   0       0      0      0 S   0.0  0.0   0:00.95 watchdog/4
    28 root      rt   0       0      0      0 S   0.0  0.0   0:00.78 migration/4
    29 root      20   0       0      0      0 S   0.0  0.0   0:00.00 ksoftirqd/4
