Tue Dec 19 14:42:58 PST 2017
Architecture:          x86_64
CPU op-mode(s):        32-bit, 64-bit
Byte Order:            Little Endian
CPU(s):                112
On-line CPU(s) list:   0-111
Thread(s) per core:    2
Core(s) per socket:    28
Socket(s):             2
NUMA node(s):          2
Vendor ID:             GenuineIntel
CPU family:            6
Model:                 85
Model name:            Intel(R) Xeon(R) Platinum 8180 CPU @ 2.50GHz
Stepping:              4
CPU MHz:               2501.000
BogoMIPS:              4993.64
Virtualization:        VT-x
L1d cache:             32K
L1i cache:             32K
L2 cache:              1024K
L3 cache:              39424K
NUMA node0 CPU(s):     0-27,56-83
NUMA node1 CPU(s):     28-55,84-111
Linux ortce-skl3 3.10.0-327.el7.x86_64 #1 SMP Thu Oct 29 17:29:29 EDT 2015 x86_64 x86_64 x86_64 GNU/Linux
available: 2 nodes (0-1)
node 0 cpus: 0 1 2 3 4 5 6 7 8 9 10 11 12 13 14 15 16 17 18 19 20 21 22 23 24 25 26 27 56 57 58 59 60 61 62 63 64 65 66 67 68 69 70 71 72 73 74 75 76 77 78 79 80 81 82 83
node 0 size: 96973 MB
node 0 free: 91414 MB
node 1 cpus: 28 29 30 31 32 33 34 35 36 37 38 39 40 41 42 43 44 45 46 47 48 49 50 51 52 53 54 55 84 85 86 87 88 89 90 91 92 93 94 95 96 97 98 99 100 101 102 103 104 105 106 107 108 109 110 111
node 1 size: 98304 MB
node 1 free: 93292 MB
node distances:
node   0   1 
  0:  10  21 
  1:  21  10 

Per-node system memory usage (in MBs):
                          Node 0          Node 1           Total
                 --------------- --------------- ---------------
MemTotal                96973.63        98304.00       195277.63
MemFree                 91414.79        93292.93       184707.71
MemUsed                  5558.84         5011.07        10569.91
Active                    250.68          426.62          677.30
Inactive                 1685.07         1973.56         3658.64
Active(anon)              193.46           13.59          207.05
Inactive(anon)           1550.30          678.89         2229.20
Active(file)               57.21          413.04          470.25
Inactive(file)            134.77         1294.67         1429.44
Unevictable                 0.00            0.00            0.00
Mlocked                     0.00            0.00            0.00
Dirty                       0.00            0.00            0.00
Writeback                   0.00            0.00            0.00
FilePages                1745.67         2377.27         4122.94
Mapped                     36.36           10.41           46.77
AnonPages                 264.01          178.64          442.66
Shmem                      14.05            2.33           16.39
KernelStack                33.20           10.34           43.55
PageTables                 28.20           22.17           50.37
NFS_Unstable                0.00            0.00            0.00
Bounce                      0.00            0.00            0.00
WritebackTmp                0.00            0.00            0.00
Slab                      379.12          311.55          690.68
SReclaimable              183.66          111.76          295.42
SUnreclaim                195.46          199.80          395.25
AnonHugePages              68.00          152.00          220.00
HugePages_Total             0.00            0.00            0.00
HugePages_Free              0.00            0.00            0.00
HugePages_Surp              0.00            0.00            0.00
top - 14:42:58 up 20 days,  5:31,  3 users,  load average: 46.49, 35.56, 26.45
Tasks: 1951 total,   1 running, 1950 sleeping,   0 stopped,   0 zombie
%Cpu(s):  4.9 us,  0.1 sy,  0.0 ni, 95.1 id,  0.0 wa,  0.0 hi,  0.0 si,  0.0 st
KiB Mem : 19652648+total, 18914001+free,  4717144 used,  2669324 buff/cache
KiB Swap: 50331644 total, 47096008 free,  3235636 used. 19104995+avail Mem 

   PID USER      PR  NI    VIRT    RES    SHR S  %CPU %MEM     TIME+ COMMAND
356612 tbcosta   20   0  152480   2920    492 S  12.5  0.0  58:25.42 top
226321 cyount    20   0  152228   3932   1476 R   6.2  0.0   0:00.02 top
355814 tbcosta   20   0   23996    880    412 S   6.2  0.0   2:36.26 tmux
     1 root      20   0  197856   6204   1468 S   0.0  0.0   1:05.20 systemd
     2 root      20   0       0      0      0 S   0.0  0.0   0:00.28 kthreadd
     3 root      20   0       0      0      0 S   0.0  0.0   0:00.07 ksoftirqd/0
     5 root       0 -20       0      0      0 S   0.0  0.0   0:00.00 kworker/0:0H
     8 root      rt   0       0      0      0 S   0.0  0.0   0:01.43 migration/0
     9 root      20   0       0      0      0 S   0.0  0.0   0:00.00 rcu_bh
    10 root      20   0       0      0      0 S   0.0  0.0   0:00.00 rcuob/0
    11 root      20   0       0      0      0 S   0.0  0.0   0:00.00 rcuob/1
    12 root      20   0       0      0      0 S   0.0  0.0   0:00.00 rcuob/2
    13 root      20   0       0      0      0 S   0.0  0.0   0:00.00 rcuob/3
    14 root      20   0       0      0      0 S   0.0  0.0   0:00.00 rcuob/4
    15 root      20   0       0      0      0 S   0.0  0.0   0:00.00 rcuob/5
    16 root      20   0       0      0      0 S   0.0  0.0   0:00.00 rcuob/6
    17 root      20   0       0      0      0 S   0.0  0.0   0:00.00 rcuob/7
    18 root      20   0       0      0      0 S   0.0  0.0   0:00.00 rcuob/8
    19 root      20   0       0      0      0 S   0.0  0.0   0:00.00 rcuob/9
    20 root      20   0       0      0      0 S   0.0  0.0   0:00.00 rcuob/10
    21 root      20   0       0      0      0 S   0.0  0.0   0:00.00 rcuob/11
    22 root      20   0       0      0      0 S   0.0  0.0   0:00.00 rcuob/12
    23 root      20   0       0      0      0 S   0.0  0.0   0:00.00 rcuob/13
env DEVITO_PLATFORM=skx DEVITO_ISA=avx512 DEVITO_DLE_OPTIONS=blockinner:True DEVITO_AUTOTUNING=aggressive DEVITO_BACKEND=core DEVITO_OPENMP=1 DEVITO_ARCH=intel DEVITO_LOGGING=DEBUG DEVITO_YASK_AUTOTUNING=preemptive DEVITO_YASK_DUMP=devito.bench.2017-12-19/acoustic/core/bmO2/ortce-skl3/grid768/so16 numactl --cpubind=1 python examples/seismic/benchmark.py bench -bm O2 -P acoustic -so 16 -to 2 -d 768 768 768 --tn 1000 -x 3 -r devito.bench.2017-12-19/acoustic/core/bmO2/ortce-skl3/grid768/so16
Allocating memory for m ((788, 788, 788))
Allocating memory for damp ((788, 788, 788))
Allocating memory for src ((329, 1))
Allocating memory for src_coords ((1, 3))
Allocating memory for nrec_coords ((768, 3))
Applying Forward
Allocating memory for rec_coords ((768, 3))
DSE: extract_time_invariants [flops: 123, elapsed: 0.00] >>
     eliminate_inter_stencil_redundancies [flops: 123, elapsed: 0.00] >>
     eliminate_intra_stencil_redundancies [flops: 114, elapsed: 0.01] >>
     factorize [flops: 74, elapsed: 0.07] >>
     finalize [flops: 78, elapsed: 0.00]
     [Total elapsed: 0.08 s]
DLE: avoid_denormals [elapsed: 0.00] >>
     loop_fission [elapsed: 0.00] >>
     loop_blocking [elapsed: 0.06] >>
     simdize [elapsed: 0.16] >>
     ompize [elapsed: 0.03] >>
     create_elemental_functions [elapsed: 0.07] >>
     minimize_remainders [elapsed: 0.01]
     [Total elapsed: 0.32 s]
Allocating memory for rec ((329, 768))
Allocating memory for u ((3, 788, 788, 788))
IntelCompiler: compiled /tmp/devito-v55cmnmm/f5bd60e5f3379d67dd6f9ed9828db576276e35f9.c [1.60 s]
AutoTuner: Block shape <8,8,8> took 0.327108 (s) in 3 time steps
AutoTuner: Block shape <16,16,16> took 0.246134 (s) in 3 time steps
AutoTuner: Block shape <24,24,24> took 0.227952 (s) in 3 time steps
AutoTuner: Block shape <32,32,32> took 0.248079 (s) in 3 time steps
AutoTuner: Block shape <40,40,40> took 0.244354 (s) in 3 time steps
AutoTuner: Block shape <64,64,64> took 0.232947 (s) in 3 time steps
AutoTuner: Block shape <128,128,128> took 0.355058 (s) in 3 time steps
AutoTuner: Block shape <256,256,256> took 0.612327 (s) in 3 time steps
AutoTuner: Block shape <512,512,512> took 3.118752 (s) in 3 time steps
AutoTuner: Block shape <772,772,772> took 2.308562 (s) in 3 time steps
AutoTuner: Block shape <8,8,16> took 0.268616 (s) in 3 time steps
AutoTuner: Block shape <8,8,24> took 0.242386 (s) in 3 time steps
AutoTuner: Block shape <8,8,32> took 0.235460 (s) in 3 time steps
AutoTuner: Block shape <8,8,40> took 0.233936 (s) in 3 time steps
AutoTuner: Block shape <8,8,64> took 0.229384 (s) in 3 time steps
AutoTuner: Block shape <8,8,128> took 0.219624 (s) in 3 time steps
AutoTuner: Block shape <8,8,256> took 0.229983 (s) in 3 time steps
AutoTuner: Block shape <8,8,512> took 0.231474 (s) in 3 time steps
AutoTuner: Block shape <8,8,772> took 0.234900 (s) in 3 time steps
AutoTuner: Block shape <16,16,8> took 0.293443 (s) in 3 time steps
AutoTuner: Block shape <16,16,24> took 0.223842 (s) in 3 time steps
AutoTuner: Block shape <16,16,32> took 0.220942 (s) in 3 time steps
AutoTuner: Block shape <16,16,40> took 0.221398 (s) in 3 time steps
AutoTuner: Block shape <16,16,64> took 0.225421 (s) in 3 time steps
AutoTuner: Block shape <16,16,128> took 0.235284 (s) in 3 time steps
AutoTuner: Block shape <16,16,256> took 0.239138 (s) in 3 time steps
AutoTuner: Block shape <16,16,512> took 0.232475 (s) in 3 time steps
AutoTuner: Block shape <16,16,772> took 0.269244 (s) in 3 time steps
AutoTuner: Block shape <24,24,8> took 0.292959 (s) in 3 time steps
AutoTuner: Block shape <24,24,16> took 0.243651 (s) in 3 time steps
AutoTuner: Block shape <24,24,32> took 0.229524 (s) in 3 time steps
AutoTuner: Block shape <24,24,40> took 0.231700 (s) in 3 time steps
AutoTuner: Block shape <24,24,64> took 0.229951 (s) in 3 time steps
AutoTuner: Block shape <24,24,128> took 0.224696 (s) in 3 time steps
AutoTuner: Block shape <24,24,256> took 0.219238 (s) in 3 time steps
AutoTuner: Block shape <24,24,512> took 0.250906 (s) in 3 time steps
AutoTuner: Block shape <24,24,772> took 0.337147 (s) in 3 time steps
AutoTuner: Block shape <32,32,8> took 0.318171 (s) in 3 time steps
AutoTuner: Block shape <32,32,16> took 0.259148 (s) in 3 time steps
AutoTuner: Block shape <32,32,24> took 0.252593 (s) in 3 time steps
AutoTuner: Block shape <32,32,40> took 0.242127 (s) in 3 time steps
AutoTuner: Block shape <32,32,64> took 0.229620 (s) in 3 time steps
AutoTuner: Block shape <32,32,128> took 0.223062 (s) in 3 time steps
AutoTuner: Block shape <32,32,256> took 0.220920 (s) in 3 time steps
AutoTuner: Block shape <32,32,512> took 0.292384 (s) in 3 time steps
AutoTuner: Block shape <32,32,772> took 0.372158 (s) in 3 time steps
AutoTuner: Block shape <16,8,8> took 0.302969 (s) in 3 time steps
AutoTuner: Block shape <8,16,8> took 0.304602 (s) in 3 time steps
AutoTuner: Block shape <16,8,16> took 0.257759 (s) in 3 time steps
AutoTuner: Block shape <8,16,16> took 0.259822 (s) in 3 time steps
AutoTuner: Block shape <32,16,16> took 0.246603 (s) in 3 time steps
AutoTuner: Block shape <16,32,16> took 0.245273 (s) in 3 time steps
AutoTuner: Block shape <32,16,32> took 0.228045 (s) in 3 time steps
AutoTuner: Block shape <16,32,32> took 0.229569 (s) in 3 time steps
AutoTuner: Block shape <48,24,24> took 0.258046 (s) in 3 time steps
AutoTuner: Block shape <24,48,24> took 0.258425 (s) in 3 time steps
AutoTuner: Block shape <24,24,48> took 0.232066 (s) in 3 time steps
AutoTuner: Block shape <48,48,24> took 0.272172 (s) in 3 time steps
AutoTuner: Block shape <48,24,48> took 0.239558 (s) in 3 time steps
AutoTuner: Block shape <24,48,48> took 0.237485 (s) in 3 time steps
AutoTuner: Block shape <48,48,48> took 0.235988 (s) in 3 time steps
AutoTuner: Block shape <64,32,32> took 0.257544 (s) in 3 time steps
AutoTuner: Block shape <32,64,32> took 0.257156 (s) in 3 time steps
AutoTuner: Block shape <64,64,32> took 0.256014 (s) in 3 time steps
AutoTuner: Block shape <64,32,64> took 0.227252 (s) in 3 time steps
AutoTuner: Block shape <32,64,64> took 0.234717 (s) in 3 time steps
AutoTuner: Block shape <80,40,40> took 0.247078 (s) in 3 time steps
AutoTuner: Block shape <40,80,40> took 0.255173 (s) in 3 time steps
AutoTuner: Block shape <40,40,80> took 0.225128 (s) in 3 time steps
AutoTuner: Block shape <80,80,40> took 0.262104 (s) in 3 time steps
AutoTuner: Block shape <80,40,80> took 0.229244 (s) in 3 time steps
AutoTuner: Block shape <40,80,80> took 0.246609 (s) in 3 time steps
AutoTuner: Block shape <80,80,80> took 0.256254 (s) in 3 time steps
AutoTuner: Block shape <128,64,64> took 0.234872 (s) in 3 time steps
AutoTuner: Block shape <64,128,64> took 0.266317 (s) in 3 time steps
AutoTuner: Block shape <64,64,128> took 0.234288 (s) in 3 time steps
AutoTuner: Block shape <128,128,64> took 0.261111 (s) in 3 time steps
AutoTuner: Block shape <128,64,128> took 0.230390 (s) in 3 time steps
AutoTuner: Block shape <64,128,128> took 0.355368 (s) in 3 time steps
AutoTuner: Block shape <256,128,128> took 0.351364 (s) in 3 time steps
AutoTuner: Block shape <128,256,128> took 0.442046 (s) in 3 time steps
AutoTuner: Block shape <128,128,256> took 0.407093 (s) in 3 time steps
AutoTuner: Block shape <256,256,128> took 0.421125 (s) in 3 time steps
AutoTuner: Block shape <256,128,256> took 0.395425 (s) in 3 time steps
AutoTuner: Block shape <128,256,256> took 0.436206 (s) in 3 time steps
AutoTuner: Block shape <512,256,256> took 0.638071 (s) in 3 time steps
AutoTuner: Block shape <256,512,256> took 0.597566 (s) in 3 time steps
AutoTuner: Block shape <256,256,512> took 0.574378 (s) in 3 time steps
AutoTuner: Block shape <512,512,256> took 1.153853 (s) in 3 time steps
AutoTuner: Block shape <512,256,512> took 1.146159 (s) in 3 time steps
AutoTuner: Block shape <256,512,512> took 1.353937 (s) in 3 time steps
Auto-tuned block shape: {'x0_block_size': 24, 'y0_block_size': 24, 'z0_block_size': 256}
=========================================================================================
Section section_1<327,1> with OI=0.96 computed in 0.000 s [0.20 GFlops/s]
Section section_2<327,768> with OI=2.09 computed in 0.003 s [7.67 GFlops/s]
Section main<327,772,772,772> with OI=4.56 computed in 69.364 s [169.18 GFlops/s, 2.17 GPts/s]
=========================================================================================
Allocating memory for m ((788, 788, 788))
Allocating memory for damp ((788, 788, 788))
Allocating memory for src ((329, 1))
Allocating memory for src_coords ((1, 3))
Allocating memory for nrec_coords ((768, 3))
Applying Forward
Allocating memory for rec_coords ((768, 3))
DSE: extract_time_invariants [flops: 123, elapsed: 0.00] >>
     eliminate_inter_stencil_redundancies [flops: 123, elapsed: 0.00] >>
     eliminate_intra_stencil_redundancies [flops: 114, elapsed: 0.01] >>
     factorize [flops: 74, elapsed: 0.07] >>
     finalize [flops: 78, elapsed: 0.00]
     [Total elapsed: 0.08 s]
DLE: avoid_denormals [elapsed: 0.00] >>
     loop_fission [elapsed: 0.00] >>
     loop_blocking [elapsed: 0.06] >>
     simdize [elapsed: 0.01] >>
     ompize [elapsed: 0.03] >>
     create_elemental_functions [elapsed: 0.07] >>
     minimize_remainders [elapsed: 0.01]
     [Total elapsed: 0.18 s]
Allocating memory for rec ((329, 768))
Allocating memory for u ((3, 788, 788, 788))
IntelCompiler: compiled /tmp/devito-v55cmnmm/f5bd60e5f3379d67dd6f9ed9828db576276e35f9.c [1.63 s]
AutoTuner: Block shape <8,8,8> took 0.334481 (s) in 3 time steps
AutoTuner: Block shape <16,16,16> took 0.244265 (s) in 3 time steps
AutoTuner: Block shape <24,24,24> took 0.226591 (s) in 3 time steps
AutoTuner: Block shape <32,32,32> took 0.245262 (s) in 3 time steps
AutoTuner: Block shape <40,40,40> took 0.242924 (s) in 3 time steps
AutoTuner: Block shape <64,64,64> took 0.231064 (s) in 3 time steps
AutoTuner: Block shape <128,128,128> took 0.353205 (s) in 3 time steps
AutoTuner: Block shape <256,256,256> took 0.537699 (s) in 3 time steps
AutoTuner: Block shape <512,512,512> took 3.119716 (s) in 3 time steps
AutoTuner: Block shape <772,772,772> took 2.294421 (s) in 3 time steps
AutoTuner: Block shape <8,8,16> took 0.267039 (s) in 3 time steps
AutoTuner: Block shape <8,8,24> took 0.241187 (s) in 3 time steps
AutoTuner: Block shape <8,8,32> took 0.234510 (s) in 3 time steps
AutoTuner: Block shape <8,8,40> took 0.232692 (s) in 3 time steps
AutoTuner: Block shape <8,8,64> took 0.228131 (s) in 3 time steps
AutoTuner: Block shape <8,8,128> took 0.219765 (s) in 3 time steps
AutoTuner: Block shape <8,8,256> took 0.232313 (s) in 3 time steps
AutoTuner: Block shape <8,8,512> took 0.231701 (s) in 3 time steps
AutoTuner: Block shape <8,8,772> took 0.233504 (s) in 3 time steps
AutoTuner: Block shape <16,16,8> took 0.292443 (s) in 3 time steps
AutoTuner: Block shape <16,16,24> took 0.220618 (s) in 3 time steps
AutoTuner: Block shape <16,16,32> took 0.218369 (s) in 3 time steps
AutoTuner: Block shape <16,16,40> took 0.219263 (s) in 3 time steps
AutoTuner: Block shape <16,16,64> took 0.223782 (s) in 3 time steps
AutoTuner: Block shape <16,16,128> took 0.234799 (s) in 3 time steps
AutoTuner: Block shape <16,16,256> took 0.232813 (s) in 3 time steps
AutoTuner: Block shape <16,16,512> took 0.228774 (s) in 3 time steps
AutoTuner: Block shape <16,16,772> took 0.263691 (s) in 3 time steps
AutoTuner: Block shape <24,24,8> took 0.291592 (s) in 3 time steps
AutoTuner: Block shape <24,24,16> took 0.242316 (s) in 3 time steps
AutoTuner: Block shape <24,24,32> took 0.229196 (s) in 3 time steps
AutoTuner: Block shape <24,24,40> took 0.230174 (s) in 3 time steps
AutoTuner: Block shape <24,24,64> took 0.228514 (s) in 3 time steps
AutoTuner: Block shape <24,24,128> took 0.223282 (s) in 3 time steps
AutoTuner: Block shape <24,24,256> took 0.217414 (s) in 3 time steps
AutoTuner: Block shape <24,24,512> took 0.244938 (s) in 3 time steps
AutoTuner: Block shape <24,24,772> took 0.331355 (s) in 3 time steps
AutoTuner: Block shape <32,32,8> took 0.316825 (s) in 3 time steps
AutoTuner: Block shape <32,32,16> took 0.257746 (s) in 3 time steps
AutoTuner: Block shape <32,32,24> took 0.250774 (s) in 3 time steps
AutoTuner: Block shape <32,32,40> took 0.240558 (s) in 3 time steps
AutoTuner: Block shape <32,32,64> took 0.227820 (s) in 3 time steps
AutoTuner: Block shape <32,32,128> took 0.221018 (s) in 3 time steps
AutoTuner: Block shape <32,32,256> took 0.217815 (s) in 3 time steps
AutoTuner: Block shape <32,32,512> took 0.280603 (s) in 3 time steps
AutoTuner: Block shape <32,32,772> took 0.359894 (s) in 3 time steps
AutoTuner: Block shape <16,8,8> took 0.303003 (s) in 3 time steps
AutoTuner: Block shape <8,16,8> took 0.304091 (s) in 3 time steps
AutoTuner: Block shape <16,8,16> took 0.256257 (s) in 3 time steps
AutoTuner: Block shape <8,16,16> took 0.257990 (s) in 3 time steps
AutoTuner: Block shape <32,16,16> took 0.244738 (s) in 3 time steps
AutoTuner: Block shape <16,32,16> took 0.244822 (s) in 3 time steps
AutoTuner: Block shape <32,16,32> took 0.227607 (s) in 3 time steps
AutoTuner: Block shape <16,32,32> took 0.228822 (s) in 3 time steps
AutoTuner: Block shape <48,24,24> took 0.256440 (s) in 3 time steps
AutoTuner: Block shape <24,48,24> took 0.256359 (s) in 3 time steps
AutoTuner: Block shape <24,24,48> took 0.230090 (s) in 3 time steps
AutoTuner: Block shape <48,48,24> took 0.269912 (s) in 3 time steps
AutoTuner: Block shape <48,24,48> took 0.237423 (s) in 3 time steps
AutoTuner: Block shape <24,48,48> took 0.235927 (s) in 3 time steps
AutoTuner: Block shape <48,48,48> took 0.234200 (s) in 3 time steps
AutoTuner: Block shape <64,32,32> took 0.256402 (s) in 3 time steps
AutoTuner: Block shape <32,64,32> took 0.255340 (s) in 3 time steps
AutoTuner: Block shape <64,64,32> took 0.255345 (s) in 3 time steps
AutoTuner: Block shape <64,32,64> took 0.225918 (s) in 3 time steps
AutoTuner: Block shape <32,64,64> took 0.232363 (s) in 3 time steps
AutoTuner: Block shape <80,40,40> took 0.246277 (s) in 3 time steps
AutoTuner: Block shape <40,80,40> took 0.252510 (s) in 3 time steps
AutoTuner: Block shape <40,40,80> took 0.222021 (s) in 3 time steps
AutoTuner: Block shape <80,80,40> took 0.257728 (s) in 3 time steps
AutoTuner: Block shape <80,40,80> took 0.224410 (s) in 3 time steps
AutoTuner: Block shape <40,80,80> took 0.238868 (s) in 3 time steps
AutoTuner: Block shape <80,80,80> took 0.245687 (s) in 3 time steps
AutoTuner: Block shape <128,64,64> took 0.231153 (s) in 3 time steps
AutoTuner: Block shape <64,128,64> took 0.261182 (s) in 3 time steps
AutoTuner: Block shape <64,64,128> took 0.226593 (s) in 3 time steps
AutoTuner: Block shape <128,128,64> took 0.256773 (s) in 3 time steps
AutoTuner: Block shape <128,64,128> took 0.227278 (s) in 3 time steps
AutoTuner: Block shape <64,128,128> took 0.354789 (s) in 3 time steps
AutoTuner: Block shape <256,128,128> took 0.349949 (s) in 3 time steps
AutoTuner: Block shape <128,256,128> took 0.438234 (s) in 3 time steps
AutoTuner: Block shape <128,128,256> took 0.404838 (s) in 3 time steps
AutoTuner: Block shape <256,256,128> took 0.412780 (s) in 3 time steps
AutoTuner: Block shape <256,128,256> took 0.392044 (s) in 3 time steps
AutoTuner: Block shape <128,256,256> took 0.429638 (s) in 3 time steps
AutoTuner: Block shape <512,256,256> took 0.506548 (s) in 3 time steps
AutoTuner: Block shape <256,512,256> took 0.604068 (s) in 3 time steps
AutoTuner: Block shape <256,256,512> took 0.578176 (s) in 3 time steps
AutoTuner: Block shape <512,512,256> took 1.151268 (s) in 3 time steps
AutoTuner: Block shape <512,256,512> took 1.152484 (s) in 3 time steps
AutoTuner: Block shape <256,512,512> took 1.358397 (s) in 3 time steps
Auto-tuned block shape: {'x0_block_size': 24, 'y0_block_size': 24, 'z0_block_size': 256}
=========================================================================================
Section section_1<327,1> with OI=0.96 computed in 0.000 s [0.19 GFlops/s]
Section section_2<327,768> with OI=2.09 computed in 0.003 s [7.85 GFlops/s]
Section main<327,772,772,772> with OI=4.56 computed in 69.179 s [169.64 GFlops/s, 2.17 GPts/s]
=========================================================================================
Allocating memory for m ((788, 788, 788))
Allocating memory for damp ((788, 788, 788))
Allocating memory for src ((329, 1))
Allocating memory for src_coords ((1, 3))
Allocating memory for nrec_coords ((768, 3))
Applying Forward
Allocating memory for rec_coords ((768, 3))
DSE: extract_time_invariants [flops: 123, elapsed: 0.00] >>
     eliminate_inter_stencil_redundancies [flops: 123, elapsed: 0.00] >>
     eliminate_intra_stencil_redundancies [flops: 114, elapsed: 0.01] >>
     factorize [flops: 74, elapsed: 0.07] >>
     finalize [flops: 78, elapsed: 0.00]
     [Total elapsed: 0.08 s]
DLE: avoid_denormals [elapsed: 0.00] >>
     loop_fission [elapsed: 0.00] >>
     loop_blocking [elapsed: 0.06] >>
     simdize [elapsed: 0.01] >>
     ompize [elapsed: 0.03] >>
     create_elemental_functions [elapsed: 0.07] >>
     minimize_remainders [elapsed: 0.01]
     [Total elapsed: 0.18 s]
Allocating memory for rec ((329, 768))
Allocating memory for u ((3, 788, 788, 788))
IntelCompiler: compiled /tmp/devito-v55cmnmm/f5bd60e5f3379d67dd6f9ed9828db576276e35f9.c [1.62 s]
AutoTuner: Block shape <8,8,8> took 0.301953 (s) in 3 time steps
AutoTuner: Block shape <16,16,16> took 0.243266 (s) in 3 time steps
AutoTuner: Block shape <24,24,24> took 0.225218 (s) in 3 time steps
AutoTuner: Block shape <32,32,32> took 0.244677 (s) in 3 time steps
AutoTuner: Block shape <40,40,40> took 0.242187 (s) in 3 time steps
AutoTuner: Block shape <64,64,64> took 0.230826 (s) in 3 time steps
AutoTuner: Block shape <128,128,128> took 0.352807 (s) in 3 time steps
AutoTuner: Block shape <256,256,256> took 0.486223 (s) in 3 time steps
AutoTuner: Block shape <512,512,512> took 3.118456 (s) in 3 time steps
AutoTuner: Block shape <772,772,772> took 2.304776 (s) in 3 time steps
AutoTuner: Block shape <8,8,16> took 0.267882 (s) in 3 time steps
AutoTuner: Block shape <8,8,24> took 0.241104 (s) in 3 time steps
AutoTuner: Block shape <8,8,32> took 0.234114 (s) in 3 time steps
AutoTuner: Block shape <8,8,40> took 0.232002 (s) in 3 time steps
AutoTuner: Block shape <8,8,64> took 0.227768 (s) in 3 time steps
AutoTuner: Block shape <8,8,128> took 0.219083 (s) in 3 time steps
AutoTuner: Block shape <8,8,256> took 0.231322 (s) in 3 time steps
AutoTuner: Block shape <8,8,512> took 0.231531 (s) in 3 time steps
AutoTuner: Block shape <8,8,772> took 0.233173 (s) in 3 time steps
AutoTuner: Block shape <16,16,8> took 0.292152 (s) in 3 time steps
AutoTuner: Block shape <16,16,24> took 0.220216 (s) in 3 time steps
AutoTuner: Block shape <16,16,32> took 0.218266 (s) in 3 time steps
AutoTuner: Block shape <16,16,40> took 0.219242 (s) in 3 time steps
AutoTuner: Block shape <16,16,64> took 0.223431 (s) in 3 time steps
AutoTuner: Block shape <16,16,128> took 0.235823 (s) in 3 time steps
AutoTuner: Block shape <16,16,256> took 0.240873 (s) in 3 time steps
AutoTuner: Block shape <16,16,512> took 0.229110 (s) in 3 time steps
AutoTuner: Block shape <16,16,772> took 0.263427 (s) in 3 time steps
AutoTuner: Block shape <24,24,8> took 0.291117 (s) in 3 time steps
AutoTuner: Block shape <24,24,16> took 0.241755 (s) in 3 time steps
AutoTuner: Block shape <24,24,32> took 0.228125 (s) in 3 time steps
AutoTuner: Block shape <24,24,40> took 0.229795 (s) in 3 time steps
AutoTuner: Block shape <24,24,64> took 0.227963 (s) in 3 time steps
AutoTuner: Block shape <24,24,128> took 0.223704 (s) in 3 time steps
AutoTuner: Block shape <24,24,256> took 0.218848 (s) in 3 time steps
AutoTuner: Block shape <24,24,512> took 0.243413 (s) in 3 time steps
AutoTuner: Block shape <24,24,772> took 0.332687 (s) in 3 time steps
AutoTuner: Block shape <32,32,8> took 0.316009 (s) in 3 time steps
AutoTuner: Block shape <32,32,16> took 0.256625 (s) in 3 time steps
AutoTuner: Block shape <32,32,24> took 0.249527 (s) in 3 time steps
AutoTuner: Block shape <32,32,40> took 0.239749 (s) in 3 time steps
AutoTuner: Block shape <32,32,64> took 0.227846 (s) in 3 time steps
AutoTuner: Block shape <32,32,128> took 0.219914 (s) in 3 time steps
AutoTuner: Block shape <32,32,256> took 0.217986 (s) in 3 time steps
AutoTuner: Block shape <32,32,512> took 0.280518 (s) in 3 time steps
AutoTuner: Block shape <32,32,772> took 0.359988 (s) in 3 time steps
AutoTuner: Block shape <16,8,8> took 0.302373 (s) in 3 time steps
AutoTuner: Block shape <8,16,8> took 0.303652 (s) in 3 time steps
AutoTuner: Block shape <16,8,16> took 0.256222 (s) in 3 time steps
AutoTuner: Block shape <8,16,16> took 0.257873 (s) in 3 time steps
AutoTuner: Block shape <32,16,16> took 0.243463 (s) in 3 time steps
AutoTuner: Block shape <16,32,16> took 0.243401 (s) in 3 time steps
AutoTuner: Block shape <32,16,32> took 0.227299 (s) in 3 time steps
AutoTuner: Block shape <16,32,32> took 0.228484 (s) in 3 time steps
AutoTuner: Block shape <48,24,24> took 0.256266 (s) in 3 time steps
AutoTuner: Block shape <24,48,24> took 0.255808 (s) in 3 time steps
AutoTuner: Block shape <24,24,48> took 0.229831 (s) in 3 time steps
AutoTuner: Block shape <48,48,24> took 0.269938 (s) in 3 time steps
AutoTuner: Block shape <48,24,48> took 0.237751 (s) in 3 time steps
AutoTuner: Block shape <24,48,48> took 0.235547 (s) in 3 time steps
AutoTuner: Block shape <48,48,48> took 0.234613 (s) in 3 time steps
AutoTuner: Block shape <64,32,32> took 0.255598 (s) in 3 time steps
AutoTuner: Block shape <32,64,32> took 0.254669 (s) in 3 time steps
AutoTuner: Block shape <64,64,32> took 0.254719 (s) in 3 time steps
AutoTuner: Block shape <64,32,64> took 0.225660 (s) in 3 time steps
AutoTuner: Block shape <32,64,64> took 0.232281 (s) in 3 time steps
AutoTuner: Block shape <80,40,40> took 0.246158 (s) in 3 time steps
AutoTuner: Block shape <40,80,40> took 0.253003 (s) in 3 time steps
AutoTuner: Block shape <40,40,80> took 0.221992 (s) in 3 time steps
AutoTuner: Block shape <80,80,40> took 0.257430 (s) in 3 time steps
AutoTuner: Block shape <80,40,80> took 0.224352 (s) in 3 time steps
AutoTuner: Block shape <40,80,80> took 0.238279 (s) in 3 time steps
AutoTuner: Block shape <80,80,80> took 0.245529 (s) in 3 time steps
AutoTuner: Block shape <128,64,64> took 0.231134 (s) in 3 time steps
AutoTuner: Block shape <64,128,64> took 0.259967 (s) in 3 time steps
AutoTuner: Block shape <64,64,128> took 0.227254 (s) in 3 time steps
AutoTuner: Block shape <128,128,64> took 0.257038 (s) in 3 time steps
AutoTuner: Block shape <128,64,128> took 0.227351 (s) in 3 time steps
AutoTuner: Block shape <64,128,128> took 0.354972 (s) in 3 time steps
AutoTuner: Block shape <256,128,128> took 0.349599 (s) in 3 time steps
AutoTuner: Block shape <128,256,128> took 0.437523 (s) in 3 time steps
AutoTuner: Block shape <128,128,256> took 0.403667 (s) in 3 time steps
AutoTuner: Block shape <256,256,128> took 0.412074 (s) in 3 time steps
AutoTuner: Block shape <256,128,256> took 0.392062 (s) in 3 time steps
AutoTuner: Block shape <128,256,256> took 0.428555 (s) in 3 time steps
AutoTuner: Block shape <512,256,256> took 0.506688 (s) in 3 time steps
AutoTuner: Block shape <256,512,256> took 0.605217 (s) in 3 time steps
AutoTuner: Block shape <256,256,512> took 0.578317 (s) in 3 time steps
AutoTuner: Block shape <512,512,256> took 1.154647 (s) in 3 time steps
AutoTuner: Block shape <512,256,512> took 1.152030 (s) in 3 time steps
AutoTuner: Block shape <256,512,512> took 1.351811 (s) in 3 time steps
Auto-tuned block shape: {'x0_block_size': 32, 'y0_block_size': 32, 'z0_block_size': 256}
=========================================================================================
Section section_1<327,1> with OI=0.96 computed in 0.000 s [0.19 GFlops/s]
Section section_2<327,768> with OI=2.09 computed in 0.003 s [8.01 GFlops/s]
Section main<327,772,772,772> with OI=4.56 computed in 69.589 s [168.64 GFlops/s, 2.16 GPts/s]
=========================================================================================


OpesciBench: Running 3 repeats - parameters: arch: unknown, autotune: True, dle: advanced, dse: advanced, nbpml: 10, shape: (768, 768, 768), space_order: 16, spacing: (20.0, 20.0, 20.0), time_order: 2, tn: 1000
OpesciBench [14:42:59]: --- Run 0 ---
OpesciBench [14:45:30]: --- Run 0 finished ---

OpesciBench [14:45:30]: --- Run 1 ---
OpesciBench [14:48:01]: --- Run 1 finished ---

OpesciBench [14:48:01]: --- Run 2 ---
OpesciBench [14:50:32]: --- Run 2 finished ---



Tue Dec 19 14:50:32 PST 2017
top - 14:50:32 up 20 days,  5:39,  3 users,  load average: 46.61, 35.69, 29.09
Tasks: 1952 total,   1 running, 1951 sleeping,   0 stopped,   0 zombie
%Cpu(s):  4.9 us,  0.1 sy,  0.0 ni, 95.1 id,  0.0 wa,  0.0 hi,  0.0 si,  0.0 st
KiB Mem : 19652648+total, 18913875+free,  4716688 used,  2671036 buff/cache
KiB Swap: 50331644 total, 47096012 free,  3235632 used. 19104897+avail Mem 

   PID USER      PR  NI    VIRT    RES    SHR S  %CPU %MEM     TIME+ COMMAND
226757 cyount    20   0  152228   3928   1476 R  12.5  0.0   0:00.02 top
     1 root      20   0  197856   6204   1468 S   0.0  0.0   1:05.21 systemd
     2 root      20   0       0      0      0 S   0.0  0.0   0:00.28 kthreadd
     3 root      20   0       0      0      0 S   0.0  0.0   0:00.07 ksoftirqd/0
     5 root       0 -20       0      0      0 S   0.0  0.0   0:00.00 kworker/0:0H
     8 root      rt   0       0      0      0 S   0.0  0.0   0:01.43 migration/0
     9 root      20   0       0      0      0 S   0.0  0.0   0:00.00 rcu_bh
    10 root      20   0       0      0      0 S   0.0  0.0   0:00.00 rcuob/0
    11 root      20   0       0      0      0 S   0.0  0.0   0:00.00 rcuob/1
    12 root      20   0       0      0      0 S   0.0  0.0   0:00.00 rcuob/2
    13 root      20   0       0      0      0 S   0.0  0.0   0:00.00 rcuob/3
    14 root      20   0       0      0      0 S   0.0  0.0   0:00.00 rcuob/4
    15 root      20   0       0      0      0 S   0.0  0.0   0:00.00 rcuob/5
    16 root      20   0       0      0      0 S   0.0  0.0   0:00.00 rcuob/6
    17 root      20   0       0      0      0 S   0.0  0.0   0:00.00 rcuob/7
    18 root      20   0       0      0      0 S   0.0  0.0   0:00.00 rcuob/8
    19 root      20   0       0      0      0 S   0.0  0.0   0:00.00 rcuob/9
    20 root      20   0       0      0      0 S   0.0  0.0   0:00.00 rcuob/10
    21 root      20   0       0      0      0 S   0.0  0.0   0:00.00 rcuob/11
    22 root      20   0       0      0      0 S   0.0  0.0   0:00.00 rcuob/12
    23 root      20   0       0      0      0 S   0.0  0.0   0:00.00 rcuob/13
    24 root      20   0       0      0      0 S   0.0  0.0   0:00.00 rcuob/14
    25 root      20   0       0      0      0 S   0.0  0.0   0:00.00 rcuob/15
