Fri Dec 22 10:59:23 PST 2017
Linux ortce-skl1 3.10.0-514.el7.x86_64 #1 SMP Wed Oct 19 11:24:13 EDT 2016 x86_64 x86_64 x86_64 GNU/Linux
Architecture:          x86_64
CPU op-mode(s):        32-bit, 64-bit
Byte Order:            Little Endian
CPU(s):                80
On-line CPU(s) list:   0-79
Thread(s) per core:    2
Core(s) per socket:    20
Socket(s):             2
NUMA node(s):          2
Vendor ID:             GenuineIntel
CPU family:            6
Model:                 85
Model name:            Intel(R) Xeon(R) Gold 6148 CPU @ 2.40GHz
Stepping:              4
CPU MHz:               3099.937
BogoMIPS:              4805.49
Virtualization:        VT-x
L1d cache:             32K
L1i cache:             32K
L2 cache:              1024K
L3 cache:              28160K
NUMA node0 CPU(s):     0-19,40-59
NUMA node1 CPU(s):     20-39,60-79
Linux ortce-skl1 3.10.0-514.el7.x86_64 #1 SMP Wed Oct 19 11:24:13 EDT 2016 x86_64 x86_64 x86_64 GNU/Linux
available: 2 nodes (0-1)
node 0 cpus: 0 1 2 3 4 5 6 7 8 9 10 11 12 13 14 15 16 17 18 19 40 41 42 43 44 45 46 47 48 49 50 51 52 53 54 55 56 57 58 59
node 0 size: 96973 MB
node 0 free: 88660 MB
node 1 cpus: 20 21 22 23 24 25 26 27 28 29 30 31 32 33 34 35 36 37 38 39 60 61 62 63 64 65 66 67 68 69 70 71 72 73 74 75 76 77 78 79
node 1 size: 98304 MB
node 1 free: 92078 MB
node distances:
node   0   1 
  0:  10  21 
  1:  21  10 

Per-node system memory usage (in MBs):
                          Node 0          Node 1           Total
                 --------------- --------------- ---------------
MemTotal                96973.63        98304.00       195277.63
MemFree                 88660.96        92078.99       180739.95
MemUsed                  8312.67         6225.01        14537.68
Active                   1789.94         1096.83         2886.77
Inactive                 3414.76         2413.92         5828.68
Active(anon)                9.44           15.41           24.85
Inactive(anon)             39.42            4.11           43.53
Active(file)             1780.50         1081.41         2861.91
Inactive(file)           3375.34         2409.82         5785.15
Unevictable                 0.00            0.00            0.00
Mlocked                     0.00            0.00            0.00
Dirty                       0.00            0.01            0.01
Writeback                   0.00            0.00            0.00
FilePages                5194.05         3494.86         8688.91
Mapped                     30.31            3.55           33.86
AnonPages                  14.11          128.99          143.10
Shmem                      23.81            0.07           23.88
KernelStack                10.09            9.44           19.53
PageTables                  3.55            4.00            7.55
NFS_Unstable                0.00            0.00            0.00
Bounce                      0.00            0.00            0.00
WritebackTmp                0.00            0.00            0.00
Slab                      342.20          333.28          675.48
SReclaimable              216.86          188.29          405.15
SUnreclaim                125.34          144.99          270.33
AnonHugePages               0.00          112.00          112.00
HugePages_Total             0.00            0.00            0.00
HugePages_Free              0.00            0.00            0.00
HugePages_Surp              0.00            0.00            0.00
top - 10:59:24 up 6 days, 20:22,  1 user,  load average: 40.02, 39.31, 37.63
Tasks: 715 total,   1 running, 714 sleeping,   0 stopped,   0 zombie
%Cpu(s): 13.5 us,  0.2 sy,  0.0 ni, 86.3 id,  0.0 wa,  0.0 hi,  0.0 si,  0.0 st
KiB Mem : 19652252+total, 18507660+free,  1875172 used,  9570744 buff/cache
KiB Swap:  4194300 total,  4124544 free,    69756 used. 19359510+avail Mem 

   PID USER      PR  NI    VIRT    RES    SHR S  %CPU %MEM     TIME+ COMMAND
  7013 cyount    20   0  162572   2928   1888 R  13.3  0.0   0:00.03 top
     1 root      20   0  197536   2864   1516 S   0.0  0.0   0:31.20 systemd
     2 root      20   0       0      0      0 S   0.0  0.0   0:00.06 kthreadd
     3 root      20   0       0      0      0 S   0.0  0.0   0:00.33 ksoftirqd/0
     5 root       0 -20       0      0      0 S   0.0  0.0   0:00.00 kworker/0:0H
     6 root      20   0       0      0      0 S   0.0  0.0   0:14.39 kworker/u896:0
     8 root      rt   0       0      0      0 S   0.0  0.0   0:00.78 migration/0
     9 root      20   0       0      0      0 S   0.0  0.0   0:00.00 rcu_bh
    10 root      20   0       0      0      0 S   0.0  0.0   0:55.03 rcu_sched
    11 root      rt   0       0      0      0 S   0.0  0.0   0:02.29 watchdog/0
    12 root      rt   0       0      0      0 S   0.0  0.0   0:01.66 watchdog/1
    13 root      rt   0       0      0      0 S   0.0  0.0   0:00.83 migration/1
    14 root      20   0       0      0      0 S   0.0  0.0   0:00.02 ksoftirqd/1
    16 root       0 -20       0      0      0 S   0.0  0.0   0:00.00 kworker/1:0H
    17 root      rt   0       0      0      0 S   0.0  0.0   0:01.61 watchdog/2
    18 root      rt   0       0      0      0 S   0.0  0.0   0:00.78 migration/2
    19 root      20   0       0      0      0 S   0.0  0.0   0:00.02 ksoftirqd/2
    22 root      rt   0       0      0      0 S   0.0  0.0   0:01.68 watchdog/3
    23 root      rt   0       0      0      0 S   0.0  0.0   0:00.84 migration/3
    24 root      20   0       0      0      0 S   0.0  0.0   0:00.01 ksoftirqd/3
    27 root      rt   0       0      0      0 S   0.0  0.0   0:01.61 watchdog/4
    28 root      rt   0       0      0      0 S   0.0  0.0   0:00.81 migration/4
    29 root      20   0       0      0      0 S   0.0  0.0   0:00.01 ksoftirqd/4
env DEVITO_PLATFORM=skx DEVITO_ISA=avx512 DEVITO_DEBUG_COMPILER=1 DEVITO_DLE_OPTIONS=blockinner:True DEVITO_AUTOTUNING=aggressive DEVITO_BACKEND=core DEVITO_OPENMP=1 DEVITO_ARCH=intel DEVITO_LOGGING=DEBUG DEVITO_YASK_AUTOTUNING=preemptive DEVITO_YASK_DUMP=devito.bench.2017-12-22/tti/core/bmdse/ortce-skl1/grid1024/so4 numactl --cpubind=1 python examples/seismic/benchmark.py bench -bm dse -P tti -so 4 -to 2 -d 1024 1024 1024 --tn 1000 -x 3 -r devito.bench.2017-12-22/tti/core/bmdse/ortce-skl1/grid1024/so4
Allocating memory for m ((1044, 1044, 1044))
Allocating memory for damp ((1044, 1044, 1044))
Allocating memory for epsilon ((1044, 1044, 1044))
Allocating memory for delta ((1044, 1044, 1044))
Allocating memory for theta ((1044, 1044, 1044))
Allocating memory for phi ((1044, 1044, 1044))
Allocating memory for src ((417, 1))
Allocating memory for src_coords ((1, 3))
Allocating memory for nrec_coords ((101, 3))
Allocating memory for rec_coords ((101, 3))
DSE: eliminate_intra_stencil_redundancies [flops: 297, elapsed: 0.09] >>
     finalize [flops: 299, elapsed: 0.01]
     [Total elapsed: 0.10 s]
DLE: avoid_denormals [elapsed: 0.00] >>
     loop_fission [elapsed: 0.01] >>
     loop_blocking [elapsed: 0.09] >>
     simdize [elapsed: 0.36] >>
     ompize [elapsed: 0.04] >>
     create_elemental_functions [elapsed: 0.16] >>
     minimize_remainders [elapsed: 0.01]
     [Total elapsed: 0.67 s]
Allocating memory for rec ((417, 101))
Allocating memory for u ((3, 1044, 1044, 1044))
Allocating memory for v ((3, 1044, 1044, 1044))
IntelCompiler: compiled /tmp/devito-2tfoiqdj/e76a5e5431156145bcabff0eed0bfc122ac5460b.c [1.85 s]
AutoTuner: Block shape <8,8,8> took 2.858379 (s) in 3 time steps
AutoTuner: Block shape <16,16,16> took 2.915541 (s) in 3 time steps
AutoTuner: Block shape <24,24,24> took 3.032628 (s) in 3 time steps
AutoTuner: Block shape <32,32,32> took 3.034705 (s) in 3 time steps
AutoTuner: Block shape <40,40,40> took 2.964245 (s) in 3 time steps
AutoTuner: Block shape <64,64,64> took 3.016824 (s) in 3 time steps
AutoTuner: Block shape <128,128,128> took 3.643170 (s) in 3 time steps
AutoTuner: Block shape <256,256,256> took 3.938845 (s) in 3 time steps
AutoTuner: Block shape <512,512,512> took 4.976999 (s) in 3 time steps
AutoTuner: Block shape <1024,1024,1024> took 28.568005 (s) in 3 time steps
AutoTuner: Block shape <1040,1040,1040> took 27.476910 (s) in 3 time steps
AutoTuner: Block shape <8,8,16> took 3.019591 (s) in 3 time steps
AutoTuner: Block shape <8,8,24> took 2.793392 (s) in 3 time steps
AutoTuner: Block shape <8,8,32> took 2.715635 (s) in 3 time steps
AutoTuner: Block shape <8,8,40> took 2.714137 (s) in 3 time steps
AutoTuner: Block shape <8,8,64> took 2.792960 (s) in 3 time steps
AutoTuner: Block shape <8,8,128> took 2.651873 (s) in 3 time steps
AutoTuner: Block shape <8,8,256> took 2.284606 (s) in 3 time steps
AutoTuner: Block shape <8,8,512> took 2.372590 (s) in 3 time steps
AutoTuner: Block shape <8,8,1024> took 3.165083 (s) in 3 time steps
AutoTuner: Block shape <8,8,1040> took 3.153287 (s) in 3 time steps
AutoTuner: Block shape <16,16,8> took 2.708557 (s) in 3 time steps
AutoTuner: Block shape <16,16,24> took 2.764811 (s) in 3 time steps
AutoTuner: Block shape <16,16,32> took 2.764817 (s) in 3 time steps
AutoTuner: Block shape <16,16,40> took 2.799378 (s) in 3 time steps
AutoTuner: Block shape <16,16,64> took 2.898695 (s) in 3 time steps
AutoTuner: Block shape <16,16,128> took 2.693841 (s) in 3 time steps
AutoTuner: Block shape <16,16,256> took 2.619215 (s) in 3 time steps
AutoTuner: Block shape <16,16,512> took 3.046790 (s) in 3 time steps
AutoTuner: Block shape <16,16,1024> took 3.439340 (s) in 3 time steps
AutoTuner: Block shape <16,16,1040> took 3.429691 (s) in 3 time steps
AutoTuner: Block shape <24,24,8> took 3.014316 (s) in 3 time steps
AutoTuner: Block shape <24,24,16> took 3.143044 (s) in 3 time steps
AutoTuner: Block shape <24,24,32> took 2.992723 (s) in 3 time steps
AutoTuner: Block shape <24,24,40> took 2.961490 (s) in 3 time steps
AutoTuner: Block shape <24,24,64> took 2.908336 (s) in 3 time steps
AutoTuner: Block shape <24,24,128> took 2.811083 (s) in 3 time steps
AutoTuner: Block shape <24,24,256> took 2.954811 (s) in 3 time steps
AutoTuner: Block shape <24,24,512> took 3.289340 (s) in 3 time steps
AutoTuner: Block shape <24,24,1024> took 3.523304 (s) in 3 time steps
AutoTuner: Block shape <24,24,1040> took 3.516707 (s) in 3 time steps
AutoTuner: Block shape <32,32,8> took 3.645156 (s) in 3 time steps
AutoTuner: Block shape <32,32,16> took 3.283408 (s) in 3 time steps
AutoTuner: Block shape <32,32,24> took 3.136506 (s) in 3 time steps
AutoTuner: Block shape <32,32,40> took 2.965255 (s) in 3 time steps
AutoTuner: Block shape <32,32,64> took 2.908351 (s) in 3 time steps
AutoTuner: Block shape <32,32,128> took 2.903793 (s) in 3 time steps
AutoTuner: Block shape <32,32,256> took 3.054095 (s) in 3 time steps
AutoTuner: Block shape <32,32,512> took 3.428171 (s) in 3 time steps
AutoTuner: Block shape <32,32,1024> took 3.617377 (s) in 3 time steps
AutoTuner: Block shape <32,32,1040> took 3.606939 (s) in 3 time steps
AutoTuner: Block shape <16,8,8> took 2.769601 (s) in 3 time steps
AutoTuner: Block shape <8,16,8> took 2.762411 (s) in 3 time steps
AutoTuner: Block shape <16,8,16> took 2.958396 (s) in 3 time steps
AutoTuner: Block shape <8,16,16> took 2.947206 (s) in 3 time steps
AutoTuner: Block shape <32,16,16> took 3.115443 (s) in 3 time steps
AutoTuner: Block shape <16,32,16> took 3.101988 (s) in 3 time steps
AutoTuner: Block shape <32,16,32> took 2.982396 (s) in 3 time steps
AutoTuner: Block shape <16,32,32> took 2.975264 (s) in 3 time steps
AutoTuner: Block shape <48,24,24> took 3.145378 (s) in 3 time steps
AutoTuner: Block shape <24,48,24> took 3.142090 (s) in 3 time steps
AutoTuner: Block shape <24,24,48> took 2.942124 (s) in 3 time steps
AutoTuner: Block shape <48,48,24> took 3.141445 (s) in 3 time steps
AutoTuner: Block shape <48,24,48> took 2.935561 (s) in 3 time steps
AutoTuner: Block shape <24,48,48> took 2.949109 (s) in 3 time steps
AutoTuner: Block shape <48,48,48> took 2.956969 (s) in 3 time steps
AutoTuner: Block shape <64,32,32> took 3.035048 (s) in 3 time steps
AutoTuner: Block shape <32,64,32> took 3.054447 (s) in 3 time steps
AutoTuner: Block shape <64,64,32> took 3.063284 (s) in 3 time steps
AutoTuner: Block shape <64,32,64> took 2.906640 (s) in 3 time steps
AutoTuner: Block shape <32,64,64> took 3.012578 (s) in 3 time steps
AutoTuner: Block shape <80,40,40> took 2.964148 (s) in 3 time steps
AutoTuner: Block shape <40,80,40> took 3.075452 (s) in 3 time steps
AutoTuner: Block shape <40,40,80> took 2.906659 (s) in 3 time steps
AutoTuner: Block shape <80,80,40> took 3.065981 (s) in 3 time steps
AutoTuner: Block shape <80,40,80> took 2.897533 (s) in 3 time steps
AutoTuner: Block shape <40,80,80> took 3.174606 (s) in 3 time steps
AutoTuner: Block shape <80,80,80> took 3.163321 (s) in 3 time steps
AutoTuner: Block shape <128,64,64> took 2.990164 (s) in 3 time steps
AutoTuner: Block shape <64,128,64> took 3.396917 (s) in 3 time steps
AutoTuner: Block shape <64,64,128> took 3.159722 (s) in 3 time steps
AutoTuner: Block shape <128,128,64> took 3.448888 (s) in 3 time steps
AutoTuner: Block shape <128,64,128> took 3.200898 (s) in 3 time steps
AutoTuner: Block shape <64,128,128> took 3.632979 (s) in 3 time steps
AutoTuner: Block shape <256,128,128> took 3.700167 (s) in 3 time steps
AutoTuner: Block shape <128,256,128> took 3.750711 (s) in 3 time steps
AutoTuner: Block shape <128,128,256> took 3.614801 (s) in 3 time steps
AutoTuner: Block shape <256,256,128> took 3.947227 (s) in 3 time steps
AutoTuner: Block shape <256,128,256> took 3.755403 (s) in 3 time steps
AutoTuner: Block shape <128,256,256> took 3.788561 (s) in 3 time steps
AutoTuner: Block shape <512,256,256> took 3.811696 (s) in 3 time steps
AutoTuner: Block shape <256,512,256> took 3.907782 (s) in 3 time steps
AutoTuner: Block shape <256,256,512> took 3.532331 (s) in 3 time steps
AutoTuner: Block shape <512,512,256> took 3.554676 (s) in 3 time steps
AutoTuner: Block shape <512,256,512> took 3.251334 (s) in 3 time steps
AutoTuner: Block shape <256,512,512> took 3.108885 (s) in 3 time steps
AutoTuner: Block shape <1024,512,512> took 9.074696 (s) in 3 time steps
AutoTuner: Block shape <512,1024,512> took 9.104924 (s) in 3 time steps
AutoTuner: Block shape <512,512,1024> took 8.119223 (s) in 3 time steps
AutoTuner: Block shape <1024,1024,512> took 16.628412 (s) in 3 time steps
AutoTuner: Block shape <1024,512,1024> took 14.817931 (s) in 3 time steps
AutoTuner: Block shape <512,1024,1024> took 14.801040 (s) in 3 time steps
Auto-tuned block shape: {'x0_block_size': 8, 'y0_block_size': 8, 'z0_block_size': 256}
=========================================================================================
Section section_1<415,1> with OI=0.64 computed in 0.000 s [0.11 GFlops/s]
Section section_2<415,101> with OI=1.27 computed in 0.004 s [1.05 GFlops/s]
Section main<415,1040,1040,1040> with OI=7.35 computed in 953.127 s [146.44 GFlops/s, 0.49 GPts/s]
=========================================================================================
Allocating memory for m ((1044, 1044, 1044))
Allocating memory for damp ((1044, 1044, 1044))
Allocating memory for epsilon ((1044, 1044, 1044))
Allocating memory for delta ((1044, 1044, 1044))
Allocating memory for theta ((1044, 1044, 1044))
Allocating memory for phi ((1044, 1044, 1044))
Allocating memory for src ((417, 1))
Allocating memory for src_coords ((1, 3))
Allocating memory for nrec_coords ((101, 3))
Allocating memory for rec_coords ((101, 3))
DSE: eliminate_intra_stencil_redundancies [flops: 297, elapsed: 0.09] >>
     finalize [flops: 299, elapsed: 0.01]
     [Total elapsed: 0.10 s]
DLE: avoid_denormals [elapsed: 0.00] >>
     loop_fission [elapsed: 0.01] >>
     loop_blocking [elapsed: 0.09] >>
     simdize [elapsed: 0.04] >>
     ompize [elapsed: 0.04] >>
     create_elemental_functions [elapsed: 0.15] >>
     minimize_remainders [elapsed: 0.01]
     [Total elapsed: 0.35 s]
Allocating memory for rec ((417, 101))
Allocating memory for u ((3, 1044, 1044, 1044))
Allocating memory for v ((3, 1044, 1044, 1044))
IntelCompiler: compiled /tmp/devito-2tfoiqdj/e76a5e5431156145bcabff0eed0bfc122ac5460b.c [1.85 s]
AutoTuner: Block shape <8,8,8> took 2.864243 (s) in 3 time steps
AutoTuner: Block shape <16,16,16> took 2.928787 (s) in 3 time steps
AutoTuner: Block shape <24,24,24> took 3.044119 (s) in 3 time steps
AutoTuner: Block shape <32,32,32> took 3.044543 (s) in 3 time steps
AutoTuner: Block shape <40,40,40> took 2.972464 (s) in 3 time steps
AutoTuner: Block shape <64,64,64> took 3.043935 (s) in 3 time steps
AutoTuner: Block shape <128,128,128> took 3.666575 (s) in 3 time steps
AutoTuner: Block shape <256,256,256> took 3.936183 (s) in 3 time steps
AutoTuner: Block shape <512,512,512> took 5.013675 (s) in 3 time steps
AutoTuner: Block shape <1024,1024,1024> took 28.622100 (s) in 3 time steps
AutoTuner: Block shape <1040,1040,1040> took 27.519010 (s) in 3 time steps
AutoTuner: Block shape <8,8,16> took 3.007316 (s) in 3 time steps
AutoTuner: Block shape <8,8,24> took 2.781379 (s) in 3 time steps
AutoTuner: Block shape <8,8,32> took 2.703213 (s) in 3 time steps
AutoTuner: Block shape <8,8,40> took 2.699717 (s) in 3 time steps
AutoTuner: Block shape <8,8,64> took 2.781650 (s) in 3 time steps
AutoTuner: Block shape <8,8,128> took 2.654120 (s) in 3 time steps
AutoTuner: Block shape <8,8,256> took 2.286749 (s) in 3 time steps
AutoTuner: Block shape <8,8,512> took 2.369217 (s) in 3 time steps
AutoTuner: Block shape <8,8,1024> took 3.181174 (s) in 3 time steps
AutoTuner: Block shape <8,8,1040> took 3.171487 (s) in 3 time steps
AutoTuner: Block shape <16,16,8> took 2.701506 (s) in 3 time steps
AutoTuner: Block shape <16,16,24> took 2.755882 (s) in 3 time steps
AutoTuner: Block shape <16,16,32> took 2.761329 (s) in 3 time steps
AutoTuner: Block shape <16,16,40> took 2.792624 (s) in 3 time steps
AutoTuner: Block shape <16,16,64> took 2.891766 (s) in 3 time steps
AutoTuner: Block shape <16,16,128> took 2.703010 (s) in 3 time steps
AutoTuner: Block shape <16,16,256> took 2.632537 (s) in 3 time steps
AutoTuner: Block shape <16,16,512> took 3.065004 (s) in 3 time steps
AutoTuner: Block shape <16,16,1024> took 3.440000 (s) in 3 time steps
AutoTuner: Block shape <16,16,1040> took 3.430254 (s) in 3 time steps
AutoTuner: Block shape <24,24,8> took 3.027944 (s) in 3 time steps
AutoTuner: Block shape <24,24,16> took 3.147452 (s) in 3 time steps
AutoTuner: Block shape <24,24,32> took 2.988973 (s) in 3 time steps
AutoTuner: Block shape <24,24,40> took 2.955353 (s) in 3 time steps
AutoTuner: Block shape <24,24,64> took 2.902108 (s) in 3 time steps
AutoTuner: Block shape <24,24,128> took 2.818929 (s) in 3 time steps
AutoTuner: Block shape <24,24,256> took 2.963854 (s) in 3 time steps
AutoTuner: Block shape <24,24,512> took 3.305279 (s) in 3 time steps
AutoTuner: Block shape <24,24,1024> took 3.530063 (s) in 3 time steps
AutoTuner: Block shape <24,24,1040> took 3.520773 (s) in 3 time steps
AutoTuner: Block shape <32,32,8> took 3.650733 (s) in 3 time steps
AutoTuner: Block shape <32,32,16> took 3.279740 (s) in 3 time steps
AutoTuner: Block shape <32,32,24> took 3.132107 (s) in 3 time steps
AutoTuner: Block shape <32,32,40> took 2.958628 (s) in 3 time steps
AutoTuner: Block shape <32,32,64> took 2.903265 (s) in 3 time steps
AutoTuner: Block shape <32,32,128> took 2.906409 (s) in 3 time steps
AutoTuner: Block shape <32,32,256> took 3.062958 (s) in 3 time steps
AutoTuner: Block shape <32,32,512> took 3.434799 (s) in 3 time steps
AutoTuner: Block shape <32,32,1024> took 3.609418 (s) in 3 time steps
AutoTuner: Block shape <32,32,1040> took 3.599881 (s) in 3 time steps
AutoTuner: Block shape <16,8,8> took 2.770264 (s) in 3 time steps
AutoTuner: Block shape <8,16,8> took 2.760797 (s) in 3 time steps
AutoTuner: Block shape <16,8,16> took 2.950639 (s) in 3 time steps
AutoTuner: Block shape <8,16,16> took 2.939975 (s) in 3 time steps
AutoTuner: Block shape <32,16,16> took 3.116858 (s) in 3 time steps
AutoTuner: Block shape <16,32,16> took 3.104046 (s) in 3 time steps
AutoTuner: Block shape <32,16,32> took 2.977869 (s) in 3 time steps
AutoTuner: Block shape <16,32,32> took 2.970362 (s) in 3 time steps
AutoTuner: Block shape <48,24,24> took 3.140496 (s) in 3 time steps
AutoTuner: Block shape <24,48,24> took 3.137845 (s) in 3 time steps
AutoTuner: Block shape <24,24,48> took 2.935548 (s) in 3 time steps
AutoTuner: Block shape <48,48,24> took 3.137143 (s) in 3 time steps
AutoTuner: Block shape <48,24,48> took 2.930349 (s) in 3 time steps
AutoTuner: Block shape <24,48,48> took 2.950587 (s) in 3 time steps
AutoTuner: Block shape <48,48,48> took 2.961152 (s) in 3 time steps
AutoTuner: Block shape <64,32,32> took 3.031119 (s) in 3 time steps
AutoTuner: Block shape <32,64,32> took 3.060930 (s) in 3 time steps
AutoTuner: Block shape <64,64,32> took 3.071976 (s) in 3 time steps
AutoTuner: Block shape <64,32,64> took 2.904572 (s) in 3 time steps
AutoTuner: Block shape <32,64,64> took 3.027361 (s) in 3 time steps
AutoTuner: Block shape <80,40,40> took 2.960595 (s) in 3 time steps
AutoTuner: Block shape <40,80,40> took 3.096742 (s) in 3 time steps
AutoTuner: Block shape <40,40,80> took 2.912481 (s) in 3 time steps
AutoTuner: Block shape <80,80,40> took 3.085197 (s) in 3 time steps
AutoTuner: Block shape <80,40,80> took 2.902876 (s) in 3 time steps
AutoTuner: Block shape <40,80,80> took 3.189774 (s) in 3 time steps
AutoTuner: Block shape <80,80,80> took 3.180883 (s) in 3 time steps
AutoTuner: Block shape <128,64,64> took 3.007985 (s) in 3 time steps
AutoTuner: Block shape <64,128,64> took 3.409773 (s) in 3 time steps
AutoTuner: Block shape <64,64,128> took 3.160618 (s) in 3 time steps
AutoTuner: Block shape <128,128,64> took 3.446614 (s) in 3 time steps
AutoTuner: Block shape <128,64,128> took 3.196862 (s) in 3 time steps
AutoTuner: Block shape <64,128,128> took 3.628959 (s) in 3 time steps
AutoTuner: Block shape <256,128,128> took 3.742019 (s) in 3 time steps
AutoTuner: Block shape <128,256,128> took 3.767785 (s) in 3 time steps
AutoTuner: Block shape <128,128,256> took 3.632890 (s) in 3 time steps
AutoTuner: Block shape <256,256,128> took 3.946956 (s) in 3 time steps
AutoTuner: Block shape <256,128,256> took 3.742330 (s) in 3 time steps
AutoTuner: Block shape <128,256,256> took 3.790723 (s) in 3 time steps
AutoTuner: Block shape <512,256,256> took 3.824647 (s) in 3 time steps
AutoTuner: Block shape <256,512,256> took 3.811765 (s) in 3 time steps
AutoTuner: Block shape <256,256,512> took 3.587739 (s) in 3 time steps
AutoTuner: Block shape <512,512,256> took 3.658934 (s) in 3 time steps
AutoTuner: Block shape <512,256,512> took 3.121969 (s) in 3 time steps
AutoTuner: Block shape <256,512,512> took 3.111941 (s) in 3 time steps
AutoTuner: Block shape <1024,512,512> took 9.078416 (s) in 3 time steps
AutoTuner: Block shape <512,1024,512> took 9.081750 (s) in 3 time steps
AutoTuner: Block shape <512,512,1024> took 8.136533 (s) in 3 time steps
AutoTuner: Block shape <1024,1024,512> took 16.616516 (s) in 3 time steps
AutoTuner: Block shape <1024,512,1024> took 14.887251 (s) in 3 time steps
AutoTuner: Block shape <512,1024,1024> took 14.869425 (s) in 3 time steps
Auto-tuned block shape: {'x0_block_size': 8, 'y0_block_size': 8, 'z0_block_size': 256}
=========================================================================================
Section section_1<415,1> with OI=0.64 computed in 0.000 s [0.11 GFlops/s]
Section section_2<415,101> with OI=1.27 computed in 0.004 s [0.95 GFlops/s]
Section main<415,1040,1040,1040> with OI=7.35 computed in 956.117 s [145.99 GFlops/s, 0.49 GPts/s]
=========================================================================================
Allocating memory for m ((1044, 1044, 1044))
Allocating memory for damp ((1044, 1044, 1044))
Allocating memory for epsilon ((1044, 1044, 1044))
Allocating memory for delta ((1044, 1044, 1044))
Allocating memory for theta ((1044, 1044, 1044))
Allocating memory for phi ((1044, 1044, 1044))
Allocating memory for src ((417, 1))
Allocating memory for src_coords ((1, 3))
Allocating memory for nrec_coords ((101, 3))
Allocating memory for rec_coords ((101, 3))
DSE: eliminate_intra_stencil_redundancies [flops: 297, elapsed: 0.09] >>
     finalize [flops: 299, elapsed: 0.01]
     [Total elapsed: 0.10 s]
DLE: avoid_denormals [elapsed: 0.00] >>
     loop_fission [elapsed: 0.01] >>
     loop_blocking [elapsed: 0.09] >>
     simdize [elapsed: 0.04] >>
     ompize [elapsed: 0.04] >>
     create_elemental_functions [elapsed: 0.15] >>
     minimize_remainders [elapsed: 0.01]
     [Total elapsed: 0.35 s]
Allocating memory for rec ((417, 101))
Allocating memory for u ((3, 1044, 1044, 1044))
Allocating memory for v ((3, 1044, 1044, 1044))
IntelCompiler: compiled /tmp/devito-2tfoiqdj/e76a5e5431156145bcabff0eed0bfc122ac5460b.c [1.85 s]
AutoTuner: Block shape <8,8,8> took 2.857105 (s) in 3 time steps
AutoTuner: Block shape <16,16,16> took 2.918316 (s) in 3 time steps
AutoTuner: Block shape <24,24,24> took 3.034287 (s) in 3 time steps
AutoTuner: Block shape <32,32,32> took 3.036812 (s) in 3 time steps
AutoTuner: Block shape <40,40,40> took 2.966626 (s) in 3 time steps
AutoTuner: Block shape <64,64,64> took 3.036874 (s) in 3 time steps
AutoTuner: Block shape <128,128,128> took 3.647065 (s) in 3 time steps
AutoTuner: Block shape <256,256,256> took 3.883376 (s) in 3 time steps
AutoTuner: Block shape <512,512,512> took 4.950755 (s) in 3 time steps
AutoTuner: Block shape <1024,1024,1024> took 28.620763 (s) in 3 time steps
AutoTuner: Block shape <1040,1040,1040> took 27.550019 (s) in 3 time steps
AutoTuner: Block shape <8,8,16> took 3.019183 (s) in 3 time steps
AutoTuner: Block shape <8,8,24> took 2.792783 (s) in 3 time steps
AutoTuner: Block shape <8,8,32> took 2.714192 (s) in 3 time steps
AutoTuner: Block shape <8,8,40> took 2.709348 (s) in 3 time steps
AutoTuner: Block shape <8,8,64> took 2.793218 (s) in 3 time steps
AutoTuner: Block shape <8,8,128> took 2.656651 (s) in 3 time steps
AutoTuner: Block shape <8,8,256> took 2.298016 (s) in 3 time steps
AutoTuner: Block shape <8,8,512> took 2.380078 (s) in 3 time steps
AutoTuner: Block shape <8,8,1024> took 3.184245 (s) in 3 time steps
AutoTuner: Block shape <8,8,1040> took 3.173779 (s) in 3 time steps
AutoTuner: Block shape <16,16,8> took 2.707626 (s) in 3 time steps
AutoTuner: Block shape <16,16,24> took 2.765560 (s) in 3 time steps
AutoTuner: Block shape <16,16,32> took 2.767752 (s) in 3 time steps
AutoTuner: Block shape <16,16,40> took 2.801615 (s) in 3 time steps
AutoTuner: Block shape <16,16,64> took 2.901715 (s) in 3 time steps
AutoTuner: Block shape <16,16,128> took 2.705151 (s) in 3 time steps
AutoTuner: Block shape <16,16,256> took 2.638545 (s) in 3 time steps
AutoTuner: Block shape <16,16,512> took 3.065368 (s) in 3 time steps
AutoTuner: Block shape <16,16,1024> took 3.454337 (s) in 3 time steps
AutoTuner: Block shape <16,16,1040> took 3.445119 (s) in 3 time steps
AutoTuner: Block shape <24,24,8> took 3.030218 (s) in 3 time steps
AutoTuner: Block shape <24,24,16> took 3.149689 (s) in 3 time steps
AutoTuner: Block shape <24,24,32> took 2.997501 (s) in 3 time steps
AutoTuner: Block shape <24,24,40> took 2.963910 (s) in 3 time steps
AutoTuner: Block shape <24,24,64> took 2.911013 (s) in 3 time steps
AutoTuner: Block shape <24,24,128> took 2.824003 (s) in 3 time steps
AutoTuner: Block shape <24,24,256> took 2.966671 (s) in 3 time steps
AutoTuner: Block shape <24,24,512> took 3.304309 (s) in 3 time steps
AutoTuner: Block shape <24,24,1024> took 3.536253 (s) in 3 time steps
AutoTuner: Block shape <24,24,1040> took 3.526309 (s) in 3 time steps
AutoTuner: Block shape <32,32,8> took 3.647891 (s) in 3 time steps
AutoTuner: Block shape <32,32,16> took 3.288410 (s) in 3 time steps
AutoTuner: Block shape <32,32,24> took 3.142076 (s) in 3 time steps
AutoTuner: Block shape <32,32,40> took 2.968582 (s) in 3 time steps
AutoTuner: Block shape <32,32,64> took 2.913584 (s) in 3 time steps
AutoTuner: Block shape <32,32,128> took 2.919672 (s) in 3 time steps
AutoTuner: Block shape <32,32,256> took 3.066078 (s) in 3 time steps
AutoTuner: Block shape <32,32,512> took 3.440550 (s) in 3 time steps
AutoTuner: Block shape <32,32,1024> took 3.592458 (s) in 3 time steps
AutoTuner: Block shape <32,32,1040> took 3.579736 (s) in 3 time steps
AutoTuner: Block shape <16,8,8> took 2.778373 (s) in 3 time steps
AutoTuner: Block shape <8,16,8> took 2.768467 (s) in 3 time steps
AutoTuner: Block shape <16,8,16> took 2.962012 (s) in 3 time steps
AutoTuner: Block shape <8,16,16> took 2.950069 (s) in 3 time steps
AutoTuner: Block shape <32,16,16> took 3.120782 (s) in 3 time steps
AutoTuner: Block shape <16,32,16> took 3.108558 (s) in 3 time steps
AutoTuner: Block shape <32,16,32> took 2.985190 (s) in 3 time steps
AutoTuner: Block shape <16,32,32> took 2.977239 (s) in 3 time steps
AutoTuner: Block shape <48,24,24> took 3.150238 (s) in 3 time steps
AutoTuner: Block shape <24,48,24> took 3.146921 (s) in 3 time steps
AutoTuner: Block shape <24,24,48> took 2.943842 (s) in 3 time steps
AutoTuner: Block shape <48,48,24> took 3.144896 (s) in 3 time steps
AutoTuner: Block shape <48,24,48> took 2.937016 (s) in 3 time steps
AutoTuner: Block shape <24,48,48> took 2.958315 (s) in 3 time steps
AutoTuner: Block shape <48,48,48> took 2.969934 (s) in 3 time steps
AutoTuner: Block shape <64,32,32> took 3.037543 (s) in 3 time steps
AutoTuner: Block shape <32,64,32> took 3.068723 (s) in 3 time steps
AutoTuner: Block shape <64,64,32> took 3.078319 (s) in 3 time steps
AutoTuner: Block shape <64,32,64> took 2.912260 (s) in 3 time steps
AutoTuner: Block shape <32,64,64> took 3.036087 (s) in 3 time steps
AutoTuner: Block shape <80,40,40> took 2.968772 (s) in 3 time steps
AutoTuner: Block shape <40,80,40> took 3.106627 (s) in 3 time steps
AutoTuner: Block shape <40,40,80> took 2.923866 (s) in 3 time steps
AutoTuner: Block shape <80,80,40> took 3.096478 (s) in 3 time steps
AutoTuner: Block shape <80,40,80> took 2.915188 (s) in 3 time steps
AutoTuner: Block shape <40,80,80> took 3.191841 (s) in 3 time steps
AutoTuner: Block shape <80,80,80> took 3.182152 (s) in 3 time steps
AutoTuner: Block shape <128,64,64> took 3.018977 (s) in 3 time steps
AutoTuner: Block shape <64,128,64> took 3.410428 (s) in 3 time steps
AutoTuner: Block shape <64,64,128> took 3.157991 (s) in 3 time steps
AutoTuner: Block shape <128,128,64> took 3.447104 (s) in 3 time steps
AutoTuner: Block shape <128,64,128> took 3.184854 (s) in 3 time steps
AutoTuner: Block shape <64,128,128> took 3.610354 (s) in 3 time steps
AutoTuner: Block shape <256,128,128> took 3.710648 (s) in 3 time steps
AutoTuner: Block shape <128,256,128> took 3.768979 (s) in 3 time steps
AutoTuner: Block shape <128,128,256> took 3.630204 (s) in 3 time steps
AutoTuner: Block shape <256,256,128> took 3.968486 (s) in 3 time steps
AutoTuner: Block shape <256,128,256> took 3.768845 (s) in 3 time steps
AutoTuner: Block shape <128,256,256> took 3.805856 (s) in 3 time steps
AutoTuner: Block shape <512,256,256> took 3.889070 (s) in 3 time steps
AutoTuner: Block shape <256,512,256> took 3.962051 (s) in 3 time steps
AutoTuner: Block shape <256,256,512> took 3.645688 (s) in 3 time steps
AutoTuner: Block shape <512,512,256> took 3.555418 (s) in 3 time steps
AutoTuner: Block shape <512,256,512> took 3.118317 (s) in 3 time steps
AutoTuner: Block shape <256,512,512> took 3.121665 (s) in 3 time steps
AutoTuner: Block shape <1024,512,512> took 9.092040 (s) in 3 time steps
AutoTuner: Block shape <512,1024,512> took 9.104900 (s) in 3 time steps
AutoTuner: Block shape <512,512,1024> took 8.138555 (s) in 3 time steps
AutoTuner: Block shape <1024,1024,512> took 16.733989 (s) in 3 time steps
AutoTuner: Block shape <1024,512,1024> took 14.912744 (s) in 3 time steps
AutoTuner: Block shape <512,1024,1024> took 14.880036 (s) in 3 time steps
Auto-tuned block shape: {'x0_block_size': 8, 'y0_block_size': 8, 'z0_block_size': 256}
=========================================================================================
Section section_1<415,1> with OI=0.64 computed in 0.000 s [0.13 GFlops/s]
Section section_2<415,101> with OI=1.27 computed in 0.004 s [0.95 GFlops/s]
Section main<415,1040,1040,1040> with OI=7.35 computed in 947.473 s [147.32 GFlops/s, 0.49 GPts/s]
=========================================================================================
Allocating memory for m ((1044, 1044, 1044))
Allocating memory for damp ((1044, 1044, 1044))
Allocating memory for epsilon ((1044, 1044, 1044))
Allocating memory for delta ((1044, 1044, 1044))
Allocating memory for theta ((1044, 1044, 1044))
Allocating memory for phi ((1044, 1044, 1044))
Allocating memory for src ((417, 1))
Allocating memory for src_coords ((1, 3))
Allocating memory for nrec_coords ((101, 3))
Allocating memory for rec_coords ((101, 3))
DSE: extract_time_invariants [flops: 533, elapsed: 0.05] >>
     eliminate_inter_stencil_redundancies [flops: 491, elapsed: 0.10] >>
     eliminate_intra_stencil_redundancies [flops: 241, elapsed: 0.07] >>
     factorize [flops: 226, elapsed: 0.08] >>
     finalize [flops: 228, elapsed: 0.00]
     [Total elapsed: 0.30 s]
DLE: avoid_denormals [elapsed: 0.00] >>
     loop_fission [elapsed: 0.01] >>
     loop_blocking [elapsed: 0.08] >>
     simdize [elapsed: 0.04] >>
     ompize [elapsed: 0.03] >>
     create_elemental_functions [elapsed: 0.15] >>
     minimize_remainders [elapsed: 0.01]
     [Total elapsed: 0.32 s]
Allocating memory for rec ((417, 101))
Allocating memory for u ((3, 1044, 1044, 1044))
Allocating memory for v ((3, 1044, 1044, 1044))
IntelCompiler: compiled /tmp/devito-2tfoiqdj/1a300a6eae984663d1c29483feabc8e5c918b4e1.c [2.99 s]
AutoTuner: Block shape <8,8,8> took 2.309807 (s) in 3 time steps
AutoTuner: Block shape <16,16,16> took 2.356021 (s) in 3 time steps
AutoTuner: Block shape <24,24,24> took 2.525428 (s) in 3 time steps
AutoTuner: Block shape <32,32,32> took 2.473257 (s) in 3 time steps
AutoTuner: Block shape <40,40,40> took 2.415968 (s) in 3 time steps
AutoTuner: Block shape <64,64,64> took 2.454284 (s) in 3 time steps
AutoTuner: Block shape <128,128,128> took 2.770922 (s) in 3 time steps
AutoTuner: Block shape <256,256,256> took 3.114165 (s) in 3 time steps
AutoTuner: Block shape <512,512,512> took 3.106462 (s) in 3 time steps
AutoTuner: Block shape <1024,1024,1024> took 11.823625 (s) in 3 time steps
AutoTuner: Block shape <1040,1040,1040> took 10.964440 (s) in 3 time steps
AutoTuner: Block shape <8,8,16> took 2.382972 (s) in 3 time steps
AutoTuner: Block shape <8,8,24> took 2.265351 (s) in 3 time steps
AutoTuner: Block shape <8,8,32> took 2.248963 (s) in 3 time steps
AutoTuner: Block shape <8,8,40> took 2.237565 (s) in 3 time steps
AutoTuner: Block shape <8,8,64> took 2.276935 (s) in 3 time steps
AutoTuner: Block shape <8,8,128> took 2.268728 (s) in 3 time steps
AutoTuner: Block shape <8,8,256> took 2.137806 (s) in 3 time steps
AutoTuner: Block shape <8,8,512> took 2.199052 (s) in 3 time steps
AutoTuner: Block shape <8,8,1024> took 2.510953 (s) in 3 time steps
AutoTuner: Block shape <8,8,1040> took 2.506363 (s) in 3 time steps
AutoTuner: Block shape <16,16,8> took 2.260326 (s) in 3 time steps
AutoTuner: Block shape <16,16,24> took 2.327400 (s) in 3 time steps
AutoTuner: Block shape <16,16,32> took 2.352420 (s) in 3 time steps
AutoTuner: Block shape <16,16,40> took 2.368668 (s) in 3 time steps
AutoTuner: Block shape <16,16,64> took 2.383793 (s) in 3 time steps
AutoTuner: Block shape <16,16,128> took 2.321284 (s) in 3 time steps
AutoTuner: Block shape <16,16,256> took 2.286871 (s) in 3 time steps
AutoTuner: Block shape <16,16,512> took 2.428800 (s) in 3 time steps
AutoTuner: Block shape <16,16,1024> took 2.606683 (s) in 3 time steps
AutoTuner: Block shape <16,16,1040> took 2.595812 (s) in 3 time steps
AutoTuner: Block shape <24,24,8> took 2.659536 (s) in 3 time steps
AutoTuner: Block shape <24,24,16> took 2.588735 (s) in 3 time steps
AutoTuner: Block shape <24,24,32> took 2.472777 (s) in 3 time steps
AutoTuner: Block shape <24,24,40> took 2.430640 (s) in 3 time steps
AutoTuner: Block shape <24,24,64> took 2.380320 (s) in 3 time steps
AutoTuner: Block shape <24,24,128> took 2.339269 (s) in 3 time steps
AutoTuner: Block shape <24,24,256> took 2.369675 (s) in 3 time steps
AutoTuner: Block shape <24,24,512> took 2.555476 (s) in 3 time steps
AutoTuner: Block shape <24,24,1024> took 2.645012 (s) in 3 time steps
AutoTuner: Block shape <24,24,1040> took 2.632597 (s) in 3 time steps
AutoTuner: Block shape <32,32,8> took 3.204010 (s) in 3 time steps
AutoTuner: Block shape <32,32,16> took 2.688140 (s) in 3 time steps
AutoTuner: Block shape <32,32,24> took 2.563448 (s) in 3 time steps
AutoTuner: Block shape <32,32,40> took 2.424025 (s) in 3 time steps
AutoTuner: Block shape <32,32,64> took 2.376942 (s) in 3 time steps
AutoTuner: Block shape <32,32,128> took 2.369363 (s) in 3 time steps
AutoTuner: Block shape <32,32,256> took 2.436334 (s) in 3 time steps
AutoTuner: Block shape <32,32,512> took 2.634848 (s) in 3 time steps
AutoTuner: Block shape <32,32,1024> took 2.674893 (s) in 3 time steps
AutoTuner: Block shape <32,32,1040> took 2.662797 (s) in 3 time steps
AutoTuner: Block shape <16,8,8> took 2.262637 (s) in 3 time steps
AutoTuner: Block shape <8,16,8> took 2.253866 (s) in 3 time steps
AutoTuner: Block shape <16,8,16> took 2.355309 (s) in 3 time steps
AutoTuner: Block shape <8,16,16> took 2.337961 (s) in 3 time steps
AutoTuner: Block shape <32,16,16> took 2.571363 (s) in 3 time steps
AutoTuner: Block shape <16,32,16> took 2.553264 (s) in 3 time steps
AutoTuner: Block shape <32,16,32> took 2.477282 (s) in 3 time steps
AutoTuner: Block shape <16,32,32> took 2.461872 (s) in 3 time steps
AutoTuner: Block shape <48,24,24> took 2.569707 (s) in 3 time steps
AutoTuner: Block shape <24,48,24> took 2.559207 (s) in 3 time steps
AutoTuner: Block shape <24,24,48> took 2.398048 (s) in 3 time steps
AutoTuner: Block shape <48,48,24> took 2.560273 (s) in 3 time steps
AutoTuner: Block shape <48,24,48> took 2.394966 (s) in 3 time steps
AutoTuner: Block shape <24,48,48> took 2.412700 (s) in 3 time steps
AutoTuner: Block shape <48,48,48> took 2.415090 (s) in 3 time steps
AutoTuner: Block shape <64,32,32> took 2.475683 (s) in 3 time steps
AutoTuner: Block shape <32,64,32> took 2.498871 (s) in 3 time steps
AutoTuner: Block shape <64,64,32> took 2.494777 (s) in 3 time steps
AutoTuner: Block shape <64,32,64> took 2.371804 (s) in 3 time steps
AutoTuner: Block shape <32,64,64> took 2.459921 (s) in 3 time steps
AutoTuner: Block shape <80,40,40> took 2.420494 (s) in 3 time steps
AutoTuner: Block shape <40,80,40> took 2.534353 (s) in 3 time steps
AutoTuner: Block shape <40,40,80> took 2.369284 (s) in 3 time steps
AutoTuner: Block shape <80,80,40> took 2.515392 (s) in 3 time steps
AutoTuner: Block shape <80,40,80> took 2.356748 (s) in 3 time steps
AutoTuner: Block shape <40,80,80> took 2.523681 (s) in 3 time steps
AutoTuner: Block shape <80,80,80> took 2.508588 (s) in 3 time steps
AutoTuner: Block shape <128,64,64> took 2.456839 (s) in 3 time steps
AutoTuner: Block shape <64,128,64> took 2.705644 (s) in 3 time steps
AutoTuner: Block shape <64,64,128> took 2.519212 (s) in 3 time steps
AutoTuner: Block shape <128,128,64> took 2.709941 (s) in 3 time steps
AutoTuner: Block shape <128,64,128> took 2.541548 (s) in 3 time steps
AutoTuner: Block shape <64,128,128> took 2.755274 (s) in 3 time steps
AutoTuner: Block shape <256,128,128> took 2.884063 (s) in 3 time steps
AutoTuner: Block shape <128,256,128> took 2.939895 (s) in 3 time steps
AutoTuner: Block shape <128,128,256> took 2.846647 (s) in 3 time steps
AutoTuner: Block shape <256,256,128> took 2.930925 (s) in 3 time steps
AutoTuner: Block shape <256,128,256> took 2.804205 (s) in 3 time steps
AutoTuner: Block shape <128,256,256> took 2.855925 (s) in 3 time steps
AutoTuner: Block shape <512,256,256> took 3.210666 (s) in 3 time steps
AutoTuner: Block shape <256,512,256> took 3.238350 (s) in 3 time steps
AutoTuner: Block shape <256,256,512> took 2.981368 (s) in 3 time steps
AutoTuner: Block shape <512,512,256> took 3.068430 (s) in 3 time steps
AutoTuner: Block shape <512,256,512> took 2.683100 (s) in 3 time steps
AutoTuner: Block shape <256,512,512> took 2.691270 (s) in 3 time steps
AutoTuner: Block shape <1024,512,512> took 5.042874 (s) in 3 time steps
AutoTuner: Block shape <512,1024,512> took 5.064344 (s) in 3 time steps
AutoTuner: Block shape <512,512,1024> took 3.964487 (s) in 3 time steps
AutoTuner: Block shape <1024,1024,512> took 8.737683 (s) in 3 time steps
AutoTuner: Block shape <1024,512,1024> took 6.628165 (s) in 3 time steps
AutoTuner: Block shape <512,1024,1024> took 6.628357 (s) in 3 time steps
Auto-tuned block shape: {'x0_block_size': 8, 'y0_block_size': 8, 'z0_block_size': 256}
=========================================================================================
Section section_0<1042,1042,1042> with OI=0.35 computed in 0.671 s [11.81 GFlops/s]
Section section_2<415,1> with OI=0.64 computed in 0.000 s [0.12 GFlops/s]
Section section_3<415,101> with OI=1.27 computed in 0.004 s [0.95 GFlops/s]
Section main<415,1040,1040,1040> with OI=5.10 computed in 581.005 s [183.19 GFlops/s, 0.80 GPts/s]
=========================================================================================
Allocating memory for m ((1044, 1044, 1044))
Allocating memory for damp ((1044, 1044, 1044))
Allocating memory for epsilon ((1044, 1044, 1044))
Allocating memory for delta ((1044, 1044, 1044))
Allocating memory for theta ((1044, 1044, 1044))
Allocating memory for phi ((1044, 1044, 1044))
Allocating memory for src ((417, 1))
Allocating memory for src_coords ((1, 3))
Allocating memory for nrec_coords ((101, 3))
Allocating memory for rec_coords ((101, 3))
DSE: extract_time_invariants [flops: 533, elapsed: 0.05] >>
     eliminate_inter_stencil_redundancies [flops: 491, elapsed: 0.10] >>
     eliminate_intra_stencil_redundancies [flops: 241, elapsed: 0.07] >>
     factorize [flops: 226, elapsed: 0.08] >>
     finalize [flops: 228, elapsed: 0.00]
     [Total elapsed: 0.30 s]
DLE: avoid_denormals [elapsed: 0.00] >>
     loop_fission [elapsed: 0.01] >>
     loop_blocking [elapsed: 0.08] >>
     simdize [elapsed: 0.04] >>
     ompize [elapsed: 0.03] >>
     create_elemental_functions [elapsed: 0.15] >>
     minimize_remainders [elapsed: 0.01]
     [Total elapsed: 0.32 s]
Allocating memory for rec ((417, 101))
Allocating memory for u ((3, 1044, 1044, 1044))
Allocating memory for v ((3, 1044, 1044, 1044))
IntelCompiler: compiled /tmp/devito-2tfoiqdj/1a300a6eae984663d1c29483feabc8e5c918b4e1.c [3.00 s]
AutoTuner: Block shape <8,8,8> took 2.307610 (s) in 3 time steps
AutoTuner: Block shape <16,16,16> took 2.369455 (s) in 3 time steps
AutoTuner: Block shape <24,24,24> took 2.538708 (s) in 3 time steps
AutoTuner: Block shape <32,32,32> took 2.490566 (s) in 3 time steps
AutoTuner: Block shape <40,40,40> took 2.422461 (s) in 3 time steps
AutoTuner: Block shape <64,64,64> took 2.464189 (s) in 3 time steps
AutoTuner: Block shape <128,128,128> took 2.777379 (s) in 3 time steps
AutoTuner: Block shape <256,256,256> took 3.102286 (s) in 3 time steps
AutoTuner: Block shape <512,512,512> took 3.380840 (s) in 3 time steps
AutoTuner: Block shape <1024,1024,1024> took 11.853387 (s) in 3 time steps
AutoTuner: Block shape <1040,1040,1040> took 10.949305 (s) in 3 time steps
AutoTuner: Block shape <8,8,16> took 2.377579 (s) in 3 time steps
AutoTuner: Block shape <8,8,24> took 2.258991 (s) in 3 time steps
AutoTuner: Block shape <8,8,32> took 2.242971 (s) in 3 time steps
AutoTuner: Block shape <8,8,40> took 2.232516 (s) in 3 time steps
AutoTuner: Block shape <8,8,64> took 2.272762 (s) in 3 time steps
AutoTuner: Block shape <8,8,128> took 2.270459 (s) in 3 time steps
AutoTuner: Block shape <8,8,256> took 2.130159 (s) in 3 time steps
AutoTuner: Block shape <8,8,512> took 2.195224 (s) in 3 time steps
AutoTuner: Block shape <8,8,1024> took 2.496243 (s) in 3 time steps
AutoTuner: Block shape <8,8,1040> took 2.487902 (s) in 3 time steps
AutoTuner: Block shape <16,16,8> took 2.265798 (s) in 3 time steps
AutoTuner: Block shape <16,16,24> took 2.335318 (s) in 3 time steps
AutoTuner: Block shape <16,16,32> took 2.356137 (s) in 3 time steps
AutoTuner: Block shape <16,16,40> took 2.370570 (s) in 3 time steps
AutoTuner: Block shape <16,16,64> took 2.390590 (s) in 3 time steps
AutoTuner: Block shape <16,16,128> took 2.322519 (s) in 3 time steps
AutoTuner: Block shape <16,16,256> took 2.282698 (s) in 3 time steps
AutoTuner: Block shape <16,16,512> took 2.435833 (s) in 3 time steps
AutoTuner: Block shape <16,16,1024> took 2.614677 (s) in 3 time steps
AutoTuner: Block shape <16,16,1040> took 2.604568 (s) in 3 time steps
AutoTuner: Block shape <24,24,8> took 2.655492 (s) in 3 time steps
AutoTuner: Block shape <24,24,16> took 2.594156 (s) in 3 time steps
AutoTuner: Block shape <24,24,32> took 2.470158 (s) in 3 time steps
AutoTuner: Block shape <24,24,40> took 2.425391 (s) in 3 time steps
AutoTuner: Block shape <24,24,64> took 2.380039 (s) in 3 time steps
AutoTuner: Block shape <24,24,128> took 2.336527 (s) in 3 time steps
AutoTuner: Block shape <24,24,256> took 2.355833 (s) in 3 time steps
AutoTuner: Block shape <24,24,512> took 2.554127 (s) in 3 time steps
AutoTuner: Block shape <24,24,1024> took 2.641651 (s) in 3 time steps
AutoTuner: Block shape <24,24,1040> took 2.636728 (s) in 3 time steps
AutoTuner: Block shape <32,32,8> took 3.203512 (s) in 3 time steps
AutoTuner: Block shape <32,32,16> took 2.689977 (s) in 3 time steps
AutoTuner: Block shape <32,32,24> took 2.574305 (s) in 3 time steps
AutoTuner: Block shape <32,32,40> took 2.432939 (s) in 3 time steps
AutoTuner: Block shape <32,32,64> took 2.386217 (s) in 3 time steps
AutoTuner: Block shape <32,32,128> took 2.361098 (s) in 3 time steps
AutoTuner: Block shape <32,32,256> took 2.448405 (s) in 3 time steps
AutoTuner: Block shape <32,32,512> took 2.635569 (s) in 3 time steps
AutoTuner: Block shape <32,32,1024> took 2.674717 (s) in 3 time steps
AutoTuner: Block shape <32,32,1040> took 2.663799 (s) in 3 time steps
AutoTuner: Block shape <16,8,8> took 2.264679 (s) in 3 time steps
AutoTuner: Block shape <8,16,8> took 2.247941 (s) in 3 time steps
AutoTuner: Block shape <16,8,16> took 2.362209 (s) in 3 time steps
AutoTuner: Block shape <8,16,16> took 2.332701 (s) in 3 time steps
AutoTuner: Block shape <32,16,16> took 2.577237 (s) in 3 time steps
AutoTuner: Block shape <16,32,16> took 2.551064 (s) in 3 time steps
AutoTuner: Block shape <32,16,32> took 2.485580 (s) in 3 time steps
AutoTuner: Block shape <16,32,32> took 2.472265 (s) in 3 time steps
AutoTuner: Block shape <48,24,24> took 2.566029 (s) in 3 time steps
AutoTuner: Block shape <24,48,24> took 2.558704 (s) in 3 time steps
AutoTuner: Block shape <24,24,48> took 2.402808 (s) in 3 time steps
AutoTuner: Block shape <48,48,24> took 2.556703 (s) in 3 time steps
AutoTuner: Block shape <48,24,48> took 2.396067 (s) in 3 time steps
AutoTuner: Block shape <24,48,48> took 2.410027 (s) in 3 time steps
AutoTuner: Block shape <48,48,48> took 2.417014 (s) in 3 time steps
AutoTuner: Block shape <64,32,32> took 2.481785 (s) in 3 time steps
AutoTuner: Block shape <32,64,32> took 2.512932 (s) in 3 time steps
AutoTuner: Block shape <64,64,32> took 2.505447 (s) in 3 time steps
AutoTuner: Block shape <64,32,64> took 2.373065 (s) in 3 time steps
AutoTuner: Block shape <32,64,64> took 2.465943 (s) in 3 time steps
AutoTuner: Block shape <80,40,40> took 2.412122 (s) in 3 time steps
AutoTuner: Block shape <40,80,40> took 2.523613 (s) in 3 time steps
AutoTuner: Block shape <40,40,80> took 2.363707 (s) in 3 time steps
AutoTuner: Block shape <80,80,40> took 2.514956 (s) in 3 time steps
AutoTuner: Block shape <80,40,80> took 2.347215 (s) in 3 time steps
AutoTuner: Block shape <40,80,80> took 2.509953 (s) in 3 time steps
AutoTuner: Block shape <80,80,80> took 2.500717 (s) in 3 time steps
AutoTuner: Block shape <128,64,64> took 2.456408 (s) in 3 time steps
AutoTuner: Block shape <64,128,64> took 2.712149 (s) in 3 time steps
AutoTuner: Block shape <64,64,128> took 2.523664 (s) in 3 time steps
AutoTuner: Block shape <128,128,64> took 2.714889 (s) in 3 time steps
AutoTuner: Block shape <128,64,128> took 2.548620 (s) in 3 time steps
AutoTuner: Block shape <64,128,128> took 2.760144 (s) in 3 time steps
AutoTuner: Block shape <256,128,128> took 2.899794 (s) in 3 time steps
AutoTuner: Block shape <128,256,128> took 2.951506 (s) in 3 time steps
AutoTuner: Block shape <128,128,256> took 2.731496 (s) in 3 time steps
AutoTuner: Block shape <256,256,128> took 2.925066 (s) in 3 time steps
AutoTuner: Block shape <256,128,256> took 2.772845 (s) in 3 time steps
AutoTuner: Block shape <128,256,256> took 2.813756 (s) in 3 time steps
AutoTuner: Block shape <512,256,256> took 3.261806 (s) in 3 time steps
AutoTuner: Block shape <256,512,256> took 3.326866 (s) in 3 time steps
AutoTuner: Block shape <256,256,512> took 2.930268 (s) in 3 time steps
AutoTuner: Block shape <512,512,256> took 3.090396 (s) in 3 time steps
AutoTuner: Block shape <512,256,512> took 2.655190 (s) in 3 time steps
AutoTuner: Block shape <256,512,512> took 2.667884 (s) in 3 time steps
AutoTuner: Block shape <1024,512,512> took 4.998386 (s) in 3 time steps
AutoTuner: Block shape <512,1024,512> took 5.027997 (s) in 3 time steps
AutoTuner: Block shape <512,512,1024> took 3.954541 (s) in 3 time steps
AutoTuner: Block shape <1024,1024,512> took 8.681287 (s) in 3 time steps
AutoTuner: Block shape <1024,512,1024> took 6.627889 (s) in 3 time steps
AutoTuner: Block shape <512,1024,1024> took 6.632148 (s) in 3 time steps
Auto-tuned block shape: {'x0_block_size': 8, 'y0_block_size': 8, 'z0_block_size': 256}
=========================================================================================
Section section_0<1042,1042,1042> with OI=0.35 computed in 0.671 s [11.81 GFlops/s]
Section section_2<415,1> with OI=0.64 computed in 0.000 s [0.12 GFlops/s]
Section section_3<415,101> with OI=1.27 computed in 0.004 s [0.97 GFlops/s]
Section main<415,1040,1040,1040> with OI=5.10 computed in 580.510 s [183.35 GFlops/s, 0.80 GPts/s]
=========================================================================================
Allocating memory for m ((1044, 1044, 1044))
Allocating memory for damp ((1044, 1044, 1044))
Allocating memory for epsilon ((1044, 1044, 1044))
Allocating memory for delta ((1044, 1044, 1044))
Allocating memory for theta ((1044, 1044, 1044))
Allocating memory for phi ((1044, 1044, 1044))
Allocating memory for src ((417, 1))
Allocating memory for src_coords ((1, 3))
Allocating memory for nrec_coords ((101, 3))
Allocating memory for rec_coords ((101, 3))
DSE: extract_time_invariants [flops: 533, elapsed: 0.05] >>
     eliminate_inter_stencil_redundancies [flops: 491, elapsed: 0.10] >>
     eliminate_intra_stencil_redundancies [flops: 241, elapsed: 0.07] >>
     factorize [flops: 226, elapsed: 0.08] >>
     finalize [flops: 228, elapsed: 0.00]
     [Total elapsed: 0.30 s]
DLE: avoid_denormals [elapsed: 0.00] >>
     loop_fission [elapsed: 0.01] >>
     loop_blocking [elapsed: 0.08] >>
     simdize [elapsed: 0.04] >>
     ompize [elapsed: 0.03] >>
     create_elemental_functions [elapsed: 0.15] >>
     minimize_remainders [elapsed: 0.01]
     [Total elapsed: 0.32 s]
Allocating memory for rec ((417, 101))
Allocating memory for u ((3, 1044, 1044, 1044))
Allocating memory for v ((3, 1044, 1044, 1044))
IntelCompiler: compiled /tmp/devito-2tfoiqdj/1a300a6eae984663d1c29483feabc8e5c918b4e1.c [3.00 s]
AutoTuner: Block shape <8,8,8> took 2.310775 (s) in 3 time steps
AutoTuner: Block shape <16,16,16> took 2.355711 (s) in 3 time steps
AutoTuner: Block shape <24,24,24> took 2.528371 (s) in 3 time steps
AutoTuner: Block shape <32,32,32> took 2.492056 (s) in 3 time steps
AutoTuner: Block shape <40,40,40> took 2.415277 (s) in 3 time steps
AutoTuner: Block shape <64,64,64> took 2.463662 (s) in 3 time steps
AutoTuner: Block shape <128,128,128> took 2.759811 (s) in 3 time steps
AutoTuner: Block shape <256,256,256> took 3.049620 (s) in 3 time steps
AutoTuner: Block shape <512,512,512> took 3.089899 (s) in 3 time steps
AutoTuner: Block shape <1024,1024,1024> took 11.678215 (s) in 3 time steps
AutoTuner: Block shape <1040,1040,1040> took 10.799835 (s) in 3 time steps
AutoTuner: Block shape <8,8,16> took 2.383189 (s) in 3 time steps
AutoTuner: Block shape <8,8,24> took 2.262789 (s) in 3 time steps
AutoTuner: Block shape <8,8,32> took 2.245318 (s) in 3 time steps
AutoTuner: Block shape <8,8,40> took 2.234117 (s) in 3 time steps
AutoTuner: Block shape <8,8,64> took 2.279907 (s) in 3 time steps
AutoTuner: Block shape <8,8,128> took 2.272596 (s) in 3 time steps
AutoTuner: Block shape <8,8,256> took 2.135579 (s) in 3 time steps
AutoTuner: Block shape <8,8,512> took 2.195655 (s) in 3 time steps
AutoTuner: Block shape <8,8,1024> took 2.496463 (s) in 3 time steps
AutoTuner: Block shape <8,8,1040> took 2.485136 (s) in 3 time steps
AutoTuner: Block shape <16,16,8> took 2.262016 (s) in 3 time steps
AutoTuner: Block shape <16,16,24> took 2.331871 (s) in 3 time steps
AutoTuner: Block shape <16,16,32> took 2.358933 (s) in 3 time steps
AutoTuner: Block shape <16,16,40> took 2.369726 (s) in 3 time steps
AutoTuner: Block shape <16,16,64> took 2.389547 (s) in 3 time steps
AutoTuner: Block shape <16,16,128> took 2.317760 (s) in 3 time steps
AutoTuner: Block shape <16,16,256> took 2.279398 (s) in 3 time steps
AutoTuner: Block shape <16,16,512> took 2.426827 (s) in 3 time steps
AutoTuner: Block shape <16,16,1024> took 2.606059 (s) in 3 time steps
AutoTuner: Block shape <16,16,1040> took 2.595387 (s) in 3 time steps
AutoTuner: Block shape <24,24,8> took 2.661527 (s) in 3 time steps
AutoTuner: Block shape <24,24,16> took 2.588706 (s) in 3 time steps
AutoTuner: Block shape <24,24,32> took 2.474138 (s) in 3 time steps
AutoTuner: Block shape <24,24,40> took 2.424816 (s) in 3 time steps
AutoTuner: Block shape <24,24,64> took 2.381332 (s) in 3 time steps
AutoTuner: Block shape <24,24,128> took 2.331770 (s) in 3 time steps
AutoTuner: Block shape <24,24,256> took 2.361628 (s) in 3 time steps
AutoTuner: Block shape <24,24,512> took 2.556816 (s) in 3 time steps
AutoTuner: Block shape <24,24,1024> took 2.640651 (s) in 3 time steps
AutoTuner: Block shape <24,24,1040> took 2.626970 (s) in 3 time steps
AutoTuner: Block shape <32,32,8> took 3.202986 (s) in 3 time steps
AutoTuner: Block shape <32,32,16> took 2.683074 (s) in 3 time steps
AutoTuner: Block shape <32,32,24> took 2.570326 (s) in 3 time steps
AutoTuner: Block shape <32,32,40> took 2.427531 (s) in 3 time steps
AutoTuner: Block shape <32,32,64> took 2.381770 (s) in 3 time steps
AutoTuner: Block shape <32,32,128> took 2.358446 (s) in 3 time steps
AutoTuner: Block shape <32,32,256> took 2.439573 (s) in 3 time steps
AutoTuner: Block shape <32,32,512> took 2.630732 (s) in 3 time steps
AutoTuner: Block shape <32,32,1024> took 2.683383 (s) in 3 time steps
AutoTuner: Block shape <32,32,1040> took 2.668980 (s) in 3 time steps
AutoTuner: Block shape <16,8,8> took 2.263694 (s) in 3 time steps
AutoTuner: Block shape <8,16,8> took 2.257710 (s) in 3 time steps
AutoTuner: Block shape <16,8,16> took 2.347873 (s) in 3 time steps
AutoTuner: Block shape <8,16,16> took 2.339926 (s) in 3 time steps
AutoTuner: Block shape <32,16,16> took 2.570921 (s) in 3 time steps
AutoTuner: Block shape <16,32,16> took 2.556951 (s) in 3 time steps
AutoTuner: Block shape <32,16,32> took 2.481799 (s) in 3 time steps
AutoTuner: Block shape <16,32,32> took 2.462681 (s) in 3 time steps
AutoTuner: Block shape <48,24,24> took 2.561804 (s) in 3 time steps
AutoTuner: Block shape <24,48,24> took 2.558652 (s) in 3 time steps
AutoTuner: Block shape <24,24,48> took 2.402402 (s) in 3 time steps
AutoTuner: Block shape <48,48,24> took 2.553899 (s) in 3 time steps
AutoTuner: Block shape <48,24,48> took 2.392476 (s) in 3 time steps
AutoTuner: Block shape <24,48,48> took 2.407097 (s) in 3 time steps
AutoTuner: Block shape <48,48,48> took 2.411624 (s) in 3 time steps
AutoTuner: Block shape <64,32,32> took 2.487441 (s) in 3 time steps
AutoTuner: Block shape <32,64,32> took 2.502173 (s) in 3 time steps
AutoTuner: Block shape <64,64,32> took 2.497424 (s) in 3 time steps
AutoTuner: Block shape <64,32,64> took 2.372723 (s) in 3 time steps
AutoTuner: Block shape <32,64,64> took 2.462704 (s) in 3 time steps
AutoTuner: Block shape <80,40,40> took 2.416314 (s) in 3 time steps
AutoTuner: Block shape <40,80,40> took 2.521253 (s) in 3 time steps
AutoTuner: Block shape <40,40,80> took 2.359619 (s) in 3 time steps
AutoTuner: Block shape <80,80,40> took 2.517054 (s) in 3 time steps
AutoTuner: Block shape <80,40,80> took 2.356687 (s) in 3 time steps
AutoTuner: Block shape <40,80,80> took 2.510245 (s) in 3 time steps
AutoTuner: Block shape <80,80,80> took 2.510394 (s) in 3 time steps
AutoTuner: Block shape <128,64,64> took 2.464576 (s) in 3 time steps
AutoTuner: Block shape <64,128,64> took 2.722335 (s) in 3 time steps
AutoTuner: Block shape <64,64,128> took 2.533807 (s) in 3 time steps
AutoTuner: Block shape <128,128,64> took 2.707295 (s) in 3 time steps
AutoTuner: Block shape <128,64,128> took 2.541532 (s) in 3 time steps
AutoTuner: Block shape <64,128,128> took 2.762659 (s) in 3 time steps
AutoTuner: Block shape <256,128,128> took 2.880742 (s) in 3 time steps
AutoTuner: Block shape <128,256,128> took 2.940088 (s) in 3 time steps
AutoTuner: Block shape <128,128,256> took 2.849476 (s) in 3 time steps
AutoTuner: Block shape <256,256,128> took 2.931181 (s) in 3 time steps
AutoTuner: Block shape <256,128,256> took 2.795709 (s) in 3 time steps
AutoTuner: Block shape <128,256,256> took 2.853078 (s) in 3 time steps
AutoTuner: Block shape <512,256,256> took 3.225133 (s) in 3 time steps
AutoTuner: Block shape <256,512,256> took 3.119233 (s) in 3 time steps
AutoTuner: Block shape <256,256,512> took 2.906235 (s) in 3 time steps
AutoTuner: Block shape <512,512,256> took 3.019209 (s) in 3 time steps
AutoTuner: Block shape <512,256,512> took 2.635927 (s) in 3 time steps
AutoTuner: Block shape <256,512,512> took 2.618256 (s) in 3 time steps
AutoTuner: Block shape <1024,512,512> took 4.978608 (s) in 3 time steps
AutoTuner: Block shape <512,1024,512> took 5.011948 (s) in 3 time steps
AutoTuner: Block shape <512,512,1024> took 3.957215 (s) in 3 time steps
AutoTuner: Block shape <1024,1024,512> took 8.668362 (s) in 3 time steps
AutoTuner: Block shape <1024,512,1024> took 6.606448 (s) in 3 time steps
AutoTuner: Block shape <512,1024,1024> took 6.602598 (s) in 3 time steps
Auto-tuned block shape: {'x0_block_size': 8, 'y0_block_size': 8, 'z0_block_size': 256}
=========================================================================================
Section section_0<1042,1042,1042> with OI=0.35 computed in 0.670 s [11.83 GFlops/s]
Section section_2<415,1> with OI=0.64 computed in 0.000 s [0.11 GFlops/s]
Section section_3<415,101> with OI=1.27 computed in 0.004 s [0.97 GFlops/s]
Section main<415,1040,1040,1040> with OI=5.10 computed in 580.379 s [183.39 GFlops/s, 0.80 GPts/s]
=========================================================================================
Allocating memory for m ((1044, 1044, 1044))
Allocating memory for damp ((1044, 1044, 1044))
Allocating memory for epsilon ((1044, 1044, 1044))
Allocating memory for delta ((1044, 1044, 1044))
Allocating memory for theta ((1044, 1044, 1044))
Allocating memory for phi ((1044, 1044, 1044))
Allocating memory for src ((417, 1))
Allocating memory for src_coords ((1, 3))
Allocating memory for nrec_coords ((101, 3))
Allocating memory for rec_coords ((101, 3))
DSE: extract_time_varying [flops: 581, elapsed: 0.04] >>
     extract_time_invariants [flops: 445, elapsed: 0.03] >>
     eliminate_inter_stencil_redundancies [flops: 331, elapsed: 0.08] >>
     extract_sum_of_products [flops: 241, elapsed: 0.02] >>
     eliminate_inter_stencil_redundancies [flops: 171, elapsed: 0.03] >>
     extract_sum_of_products [flops: 150, elapsed: 0.01] >>
     factorize [flops: 119, elapsed: 0.03] >>
     eliminate_intra_stencil_redundancies [flops: 101, elapsed: 0.02] >>
     finalize [flops: 102, elapsed: 0.00]
     [Total elapsed: 0.26 s]
DLE: avoid_denormals [elapsed: 0.00] >>
     loop_fission [elapsed: 0.01] >>
     loop_blocking [elapsed: 0.22] >>
     simdize [elapsed: 0.04] >>
     ompize [elapsed: 0.03] >>
     create_elemental_functions [elapsed: 0.27] >>
     minimize_remainders [elapsed: 0.02]
     [Total elapsed: 0.58 s]
Allocating memory for rec ((417, 101))
Allocating memory for u ((3, 1044, 1044, 1044))
Allocating memory for v ((3, 1044, 1044, 1044))
IntelCompiler: compiled /tmp/devito-2tfoiqdj/ebbc18cbc297027e8c587ed24c6e5830c49e727b.c [1.78 s]
AutoTuner: Block shape <8,8,8> took 2.635063 (s) in 3 time steps
AutoTuner: Block shape <16,16,16> took 2.764454 (s) in 3 time steps
AutoTuner: Block shape <24,24,24> took 2.947300 (s) in 3 time steps
AutoTuner: Block shape <32,32,32> took 3.336635 (s) in 3 time steps
AutoTuner: Block shape <40,40,40> took 3.145590 (s) in 3 time steps
AutoTuner: Block shape <8,8,16> took 2.549064 (s) in 3 time steps
AutoTuner: Block shape <8,8,24> took 2.403683 (s) in 3 time steps
AutoTuner: Block shape <8,8,32> took 2.401831 (s) in 3 time steps
AutoTuner: Block shape <8,8,40> took 2.351137 (s) in 3 time steps
AutoTuner: Block shape <8,8,64> took 2.413306 (s) in 3 time steps
AutoTuner: Block shape <8,8,128> took 2.499108 (s) in 3 time steps
AutoTuner: Block shape <8,8,256> took 2.649022 (s) in 3 time steps
AutoTuner: Block shape <8,8,512> took 2.905893 (s) in 3 time steps
AutoTuner: Block shape <8,8,1024> took 3.122601 (s) in 3 time steps
AutoTuner: Block shape <8,8,1040> took 3.127836 (s) in 3 time steps
AutoTuner: Block shape <16,16,8> took 2.605332 (s) in 3 time steps
AutoTuner: Block shape <16,16,24> took 2.535516 (s) in 3 time steps
AutoTuner: Block shape <16,16,32> took 2.699110 (s) in 3 time steps
AutoTuner: Block shape <16,16,40> took 2.560161 (s) in 3 time steps
AutoTuner: Block shape <16,16,64> took 2.702492 (s) in 3 time steps
AutoTuner: Block shape <16,16,128> took 2.812357 (s) in 3 time steps
AutoTuner: Block shape <16,16,256> took 2.896121 (s) in 3 time steps
AutoTuner: Block shape <16,16,512> took 2.942733 (s) in 3 time steps
AutoTuner: Block shape <24,24,8> took 3.264512 (s) in 3 time steps
AutoTuner: Block shape <24,24,16> took 3.342771 (s) in 3 time steps
AutoTuner: Block shape <24,24,32> took 3.105544 (s) in 3 time steps
AutoTuner: Block shape <24,24,40> took 2.890749 (s) in 3 time steps
AutoTuner: Block shape <24,24,64> took 2.957947 (s) in 3 time steps
AutoTuner: Block shape <24,24,128> took 2.916469 (s) in 3 time steps
AutoTuner: Block shape <24,24,256> took 2.885992 (s) in 3 time steps
AutoTuner: Block shape <32,32,8> took 4.012406 (s) in 3 time steps
AutoTuner: Block shape <32,32,16> took 3.764935 (s) in 3 time steps
AutoTuner: Block shape <32,32,24> took 3.242444 (s) in 3 time steps
AutoTuner: Block shape <32,32,40> took 3.080282 (s) in 3 time steps
AutoTuner: Block shape <32,32,64> took 3.080883 (s) in 3 time steps
AutoTuner: Block shape <32,32,128> took 2.953412 (s) in 3 time steps
AutoTuner: Block shape <16,8,8> took 2.538514 (s) in 3 time steps
AutoTuner: Block shape <8,16,8> took 2.540763 (s) in 3 time steps
AutoTuner: Block shape <16,8,16> took 2.516945 (s) in 3 time steps
AutoTuner: Block shape <8,16,16> took 2.550132 (s) in 3 time steps
AutoTuner: Block shape <32,16,16> took 3.279738 (s) in 3 time steps
AutoTuner: Block shape <16,32,16> took 3.288595 (s) in 3 time steps
AutoTuner: Block shape <32,16,32> took 3.076356 (s) in 3 time steps
AutoTuner: Block shape <16,32,32> took 3.063243 (s) in 3 time steps
AutoTuner: Block shape <48,24,24> took 3.277604 (s) in 3 time steps
AutoTuner: Block shape <24,48,24> took 3.300335 (s) in 3 time steps
AutoTuner: Block shape <24,24,48> took 3.007752 (s) in 3 time steps
AutoTuner: Block shape <48,48,24> took 3.454751 (s) in 3 time steps
AutoTuner: Block shape <48,24,48> took 3.168751 (s) in 3 time steps
AutoTuner: Block shape <24,48,48> took 3.230304 (s) in 3 time steps
AutoTuner: Block shape <48,48,48> took 3.266630 (s) in 3 time steps
AutoTuner: Block shape <64,32,32> took 3.454171 (s) in 3 time steps
AutoTuner: Block shape <32,64,32> took 3.526178 (s) in 3 time steps
AutoTuner: Block shape <64,64,32> took 3.527622 (s) in 3 time steps
AutoTuner: Block shape <64,32,64> took 3.111244 (s) in 3 time steps
AutoTuner: Block shape <32,64,64> took 3.172288 (s) in 3 time steps
AutoTuner: Block shape <80,40,40> took 3.179570 (s) in 3 time steps
AutoTuner: Block shape <40,80,40> took 3.256140 (s) in 3 time steps
AutoTuner: Block shape <40,40,80> took 3.046455 (s) in 3 time steps
Auto-tuned block shape: {'x0_block_size': 8, 'y0_block_size': 8, 'z0_block_size': 40}
=========================================================================================
Section section_0<1042,1042,1042> with OI=0.17 computed in 0.758 s [5.97 GFlops/s]
Section section_3<415,1> with OI=0.64 computed in 0.000 s [0.10 GFlops/s]
Section section_4<415,101> with OI=1.27 computed in 0.004 s [0.93 GFlops/s]
Section main<415,1042,1042,1042> with OI=1.58 computed in 546.750 s [87.59 GFlops/s, 0.86 GPts/s]
=========================================================================================
Allocating memory for m ((1044, 1044, 1044))
Allocating memory for damp ((1044, 1044, 1044))
Allocating memory for epsilon ((1044, 1044, 1044))
Allocating memory for delta ((1044, 1044, 1044))
Allocating memory for theta ((1044, 1044, 1044))
Allocating memory for phi ((1044, 1044, 1044))
Allocating memory for src ((417, 1))
Allocating memory for src_coords ((1, 3))
Allocating memory for nrec_coords ((101, 3))
Allocating memory for rec_coords ((101, 3))
DSE: extract_time_varying [flops: 581, elapsed: 0.04] >>
     extract_time_invariants [flops: 445, elapsed: 0.03] >>
     eliminate_inter_stencil_redundancies [flops: 331, elapsed: 0.08] >>
     extract_sum_of_products [flops: 241, elapsed: 0.02] >>
     eliminate_inter_stencil_redundancies [flops: 171, elapsed: 0.03] >>
     extract_sum_of_products [flops: 150, elapsed: 0.01] >>
     factorize [flops: 119, elapsed: 0.03] >>
     eliminate_intra_stencil_redundancies [flops: 101, elapsed: 0.02] >>
     finalize [flops: 102, elapsed: 0.00]
     [Total elapsed: 0.26 s]
DLE: avoid_denormals [elapsed: 0.00] >>
     loop_fission [elapsed: 0.01] >>
     loop_blocking [elapsed: 0.22] >>
     simdize [elapsed: 0.04] >>
     ompize [elapsed: 0.03] >>
     create_elemental_functions [elapsed: 0.27] >>
     minimize_remainders [elapsed: 0.02]
     [Total elapsed: 0.58 s]
Allocating memory for rec ((417, 101))
Allocating memory for u ((3, 1044, 1044, 1044))
Allocating memory for v ((3, 1044, 1044, 1044))
IntelCompiler: compiled /tmp/devito-2tfoiqdj/d5b1d8894f51f9dd0d0e75bf7c569abf04f8d37e.c [1.78 s]
AutoTuner: Block shape <8,8,8> took 2.634301 (s) in 3 time steps
AutoTuner: Block shape <16,16,16> took 2.760143 (s) in 3 time steps
AutoTuner: Block shape <24,24,24> took 2.939947 (s) in 3 time steps
AutoTuner: Block shape <32,32,32> took 3.334000 (s) in 3 time steps
AutoTuner: Block shape <40,40,40> took 3.147944 (s) in 3 time steps
AutoTuner: Block shape <8,8,16> took 2.550106 (s) in 3 time steps
AutoTuner: Block shape <8,8,24> took 2.403865 (s) in 3 time steps
AutoTuner: Block shape <8,8,32> took 2.409882 (s) in 3 time steps
AutoTuner: Block shape <8,8,40> took 2.354187 (s) in 3 time steps
AutoTuner: Block shape <8,8,64> took 2.419478 (s) in 3 time steps
AutoTuner: Block shape <8,8,128> took 2.496849 (s) in 3 time steps
AutoTuner: Block shape <8,8,256> took 2.640799 (s) in 3 time steps
AutoTuner: Block shape <8,8,512> took 2.904914 (s) in 3 time steps
AutoTuner: Block shape <8,8,1024> took 3.132233 (s) in 3 time steps
AutoTuner: Block shape <8,8,1040> took 3.127936 (s) in 3 time steps
AutoTuner: Block shape <16,16,8> took 2.612554 (s) in 3 time steps
AutoTuner: Block shape <16,16,24> took 2.542869 (s) in 3 time steps
AutoTuner: Block shape <16,16,32> took 2.698115 (s) in 3 time steps
AutoTuner: Block shape <16,16,40> took 2.562817 (s) in 3 time steps
AutoTuner: Block shape <16,16,64> took 2.704340 (s) in 3 time steps
AutoTuner: Block shape <16,16,128> took 2.816323 (s) in 3 time steps
AutoTuner: Block shape <16,16,256> took 2.909026 (s) in 3 time steps
AutoTuner: Block shape <16,16,512> took 2.948347 (s) in 3 time steps
AutoTuner: Block shape <24,24,8> took 3.266652 (s) in 3 time steps
AutoTuner: Block shape <24,24,16> took 3.341076 (s) in 3 time steps
AutoTuner: Block shape <24,24,32> took 3.100791 (s) in 3 time steps
AutoTuner: Block shape <24,24,40> took 2.894900 (s) in 3 time steps
AutoTuner: Block shape <24,24,64> took 2.963188 (s) in 3 time steps
AutoTuner: Block shape <24,24,128> took 2.921351 (s) in 3 time steps
AutoTuner: Block shape <24,24,256> took 2.892580 (s) in 3 time steps
AutoTuner: Block shape <32,32,8> took 4.030041 (s) in 3 time steps
AutoTuner: Block shape <32,32,16> took 3.779798 (s) in 3 time steps
AutoTuner: Block shape <32,32,24> took 3.254794 (s) in 3 time steps
AutoTuner: Block shape <32,32,40> took 3.072980 (s) in 3 time steps
AutoTuner: Block shape <32,32,64> took 3.083216 (s) in 3 time steps
AutoTuner: Block shape <32,32,128> took 2.955731 (s) in 3 time steps
AutoTuner: Block shape <16,8,8> took 2.538224 (s) in 3 time steps
AutoTuner: Block shape <8,16,8> took 2.542768 (s) in 3 time steps
AutoTuner: Block shape <16,8,16> took 2.524680 (s) in 3 time steps
AutoTuner: Block shape <8,16,16> took 2.555851 (s) in 3 time steps
AutoTuner: Block shape <32,16,16> took 3.292235 (s) in 3 time steps
AutoTuner: Block shape <16,32,16> took 3.295296 (s) in 3 time steps
AutoTuner: Block shape <32,16,32> took 3.081922 (s) in 3 time steps
AutoTuner: Block shape <16,32,32> took 3.071761 (s) in 3 time steps
AutoTuner: Block shape <48,24,24> took 3.289409 (s) in 3 time steps
AutoTuner: Block shape <24,48,24> took 3.301571 (s) in 3 time steps
AutoTuner: Block shape <24,24,48> took 3.000660 (s) in 3 time steps
AutoTuner: Block shape <48,48,24> took 3.450653 (s) in 3 time steps
AutoTuner: Block shape <48,24,48> took 3.166167 (s) in 3 time steps
AutoTuner: Block shape <24,48,48> took 3.228874 (s) in 3 time steps
AutoTuner: Block shape <48,48,48> took 3.264152 (s) in 3 time steps
AutoTuner: Block shape <64,32,32> took 3.458183 (s) in 3 time steps
AutoTuner: Block shape <32,64,32> took 3.526847 (s) in 3 time steps
AutoTuner: Block shape <64,64,32> took 3.533585 (s) in 3 time steps
AutoTuner: Block shape <64,32,64> took 3.106706 (s) in 3 time steps
AutoTuner: Block shape <32,64,64> took 3.173099 (s) in 3 time steps
AutoTuner: Block shape <80,40,40> took 3.178966 (s) in 3 time steps
AutoTuner: Block shape <40,80,40> took 3.252322 (s) in 3 time steps
AutoTuner: Block shape <40,40,80> took 3.047860 (s) in 3 time steps
Auto-tuned block shape: {'x0_block_size': 8, 'y0_block_size': 8, 'z0_block_size': 40}
=========================================================================================
Section section_0<1042,1042,1042> with OI=0.17 computed in 0.757 s [5.98 GFlops/s]
Section section_3<415,1> with OI=0.64 computed in 0.001 s [0.08 GFlops/s]
Section section_4<415,101> with OI=1.27 computed in 0.004 s [0.93 GFlops/s]
Section main<415,1042,1042,1042> with OI=1.58 computed in 546.122 s [87.69 GFlops/s, 0.86 GPts/s]
=========================================================================================
Allocating memory for m ((1044, 1044, 1044))
Allocating memory for damp ((1044, 1044, 1044))
Allocating memory for epsilon ((1044, 1044, 1044))
Allocating memory for delta ((1044, 1044, 1044))
Allocating memory for theta ((1044, 1044, 1044))
Allocating memory for phi ((1044, 1044, 1044))
Allocating memory for src ((417, 1))
Allocating memory for src_coords ((1, 3))
Allocating memory for nrec_coords ((101, 3))
Allocating memory for rec_coords ((101, 3))
DSE: extract_time_varying [flops: 581, elapsed: 0.04] >>
     extract_time_invariants [flops: 445, elapsed: 0.03] >>
     eliminate_inter_stencil_redundancies [flops: 331, elapsed: 0.08] >>
     extract_sum_of_products [flops: 241, elapsed: 0.02] >>
     eliminate_inter_stencil_redundancies [flops: 171, elapsed: 0.03] >>
     extract_sum_of_products [flops: 150, elapsed: 0.01] >>
     factorize [flops: 119, elapsed: 0.03] >>
     eliminate_intra_stencil_redundancies [flops: 101, elapsed: 0.02] >>
     finalize [flops: 102, elapsed: 0.00]
     [Total elapsed: 0.26 s]
DLE: avoid_denormals [elapsed: 0.00] >>
     loop_fission [elapsed: 0.01] >>
     loop_blocking [elapsed: 0.22] >>
     simdize [elapsed: 0.04] >>
     ompize [elapsed: 0.03] >>
     create_elemental_functions [elapsed: 0.26] >>
     minimize_remainders [elapsed: 0.02]
     [Total elapsed: 0.58 s]
Allocating memory for rec ((417, 101))
Allocating memory for u ((3, 1044, 1044, 1044))
Allocating memory for v ((3, 1044, 1044, 1044))
IntelCompiler: compiled /tmp/devito-2tfoiqdj/1431b3a6af446e7c4402b3eb09d2a6b6c758550f.c [1.78 s]
AutoTuner: Block shape <8,8,8> took 2.629963 (s) in 3 time steps
AutoTuner: Block shape <16,16,16> took 2.765369 (s) in 3 time steps
AutoTuner: Block shape <24,24,24> took 2.952357 (s) in 3 time steps
AutoTuner: Block shape <32,32,32> took 3.335078 (s) in 3 time steps
AutoTuner: Block shape <40,40,40> took 3.143205 (s) in 3 time steps
AutoTuner: Block shape <8,8,16> took 2.556360 (s) in 3 time steps
AutoTuner: Block shape <8,8,24> took 2.401372 (s) in 3 time steps
AutoTuner: Block shape <8,8,32> took 2.405638 (s) in 3 time steps
AutoTuner: Block shape <8,8,40> took 2.353259 (s) in 3 time steps
AutoTuner: Block shape <8,8,64> took 2.419212 (s) in 3 time steps
AutoTuner: Block shape <8,8,128> took 2.497476 (s) in 3 time steps
AutoTuner: Block shape <8,8,256> took 2.642435 (s) in 3 time steps
AutoTuner: Block shape <8,8,512> took 2.915204 (s) in 3 time steps
AutoTuner: Block shape <8,8,1024> took 3.126464 (s) in 3 time steps
AutoTuner: Block shape <8,8,1040> took 3.125831 (s) in 3 time steps
AutoTuner: Block shape <16,16,8> took 2.610180 (s) in 3 time steps
AutoTuner: Block shape <16,16,24> took 2.540589 (s) in 3 time steps
AutoTuner: Block shape <16,16,32> took 2.696967 (s) in 3 time steps
AutoTuner: Block shape <16,16,40> took 2.559429 (s) in 3 time steps
AutoTuner: Block shape <16,16,64> took 2.696086 (s) in 3 time steps
AutoTuner: Block shape <16,16,128> took 2.813128 (s) in 3 time steps
AutoTuner: Block shape <16,16,256> took 2.896717 (s) in 3 time steps
AutoTuner: Block shape <16,16,512> took 2.951173 (s) in 3 time steps
AutoTuner: Block shape <24,24,8> took 3.267106 (s) in 3 time steps
AutoTuner: Block shape <24,24,16> took 3.342889 (s) in 3 time steps
AutoTuner: Block shape <24,24,32> took 3.101507 (s) in 3 time steps
AutoTuner: Block shape <24,24,40> took 2.895600 (s) in 3 time steps
AutoTuner: Block shape <24,24,64> took 2.967839 (s) in 3 time steps
AutoTuner: Block shape <24,24,128> took 2.920729 (s) in 3 time steps
AutoTuner: Block shape <24,24,256> took 2.890428 (s) in 3 time steps
AutoTuner: Block shape <32,32,8> took 4.021611 (s) in 3 time steps
AutoTuner: Block shape <32,32,16> took 3.773802 (s) in 3 time steps
AutoTuner: Block shape <32,32,24> took 3.251556 (s) in 3 time steps
AutoTuner: Block shape <32,32,40> took 3.075985 (s) in 3 time steps
AutoTuner: Block shape <32,32,64> took 3.078070 (s) in 3 time steps
AutoTuner: Block shape <32,32,128> took 2.951585 (s) in 3 time steps
AutoTuner: Block shape <16,8,8> took 2.540926 (s) in 3 time steps
AutoTuner: Block shape <8,16,8> took 2.540381 (s) in 3 time steps
AutoTuner: Block shape <16,8,16> took 2.522983 (s) in 3 time steps
AutoTuner: Block shape <8,16,16> took 2.558785 (s) in 3 time steps
AutoTuner: Block shape <32,16,16> took 3.295112 (s) in 3 time steps
AutoTuner: Block shape <16,32,16> took 3.289893 (s) in 3 time steps
AutoTuner: Block shape <32,16,32> took 3.076425 (s) in 3 time steps
AutoTuner: Block shape <16,32,32> took 3.066877 (s) in 3 time steps
AutoTuner: Block shape <48,24,24> took 3.285410 (s) in 3 time steps
AutoTuner: Block shape <24,48,24> took 3.316701 (s) in 3 time steps
AutoTuner: Block shape <24,24,48> took 3.005469 (s) in 3 time steps
AutoTuner: Block shape <48,48,24> took 3.458086 (s) in 3 time steps
AutoTuner: Block shape <48,24,48> took 3.165061 (s) in 3 time steps
AutoTuner: Block shape <24,48,48> took 3.235789 (s) in 3 time steps
AutoTuner: Block shape <48,48,48> took 3.271085 (s) in 3 time steps
AutoTuner: Block shape <64,32,32> took 3.459850 (s) in 3 time steps
AutoTuner: Block shape <32,64,32> took 3.526247 (s) in 3 time steps
AutoTuner: Block shape <64,64,32> took 3.531793 (s) in 3 time steps
AutoTuner: Block shape <64,32,64> took 3.102567 (s) in 3 time steps
AutoTuner: Block shape <32,64,64> took 3.178596 (s) in 3 time steps
AutoTuner: Block shape <80,40,40> took 3.177877 (s) in 3 time steps
AutoTuner: Block shape <40,80,40> took 3.255417 (s) in 3 time steps
AutoTuner: Block shape <40,40,80> took 3.057320 (s) in 3 time steps
Auto-tuned block shape: {'x0_block_size': 8, 'y0_block_size': 8, 'z0_block_size': 40}
=========================================================================================
Section section_0<1042,1042,1042> with OI=0.17 computed in 0.760 s [5.96 GFlops/s]
Section section_3<415,1> with OI=0.64 computed in 0.001 s [0.08 GFlops/s]
Section section_4<415,101> with OI=1.27 computed in 0.004 s [1.07 GFlops/s]
Section main<415,1042,1042,1042> with OI=1.58 computed in 546.659 s [87.61 GFlops/s, 0.86 GPts/s]
=========================================================================================


OpesciBench: Running 3 repeats - parameters: arch: unknown, autotune: True, dle: advanced, dse: basic, nbpml: 10, shape: (1024, 1024, 1024), space_order: 4, spacing: (20.0, 20.0, 20.0), time_order: 2, tn: 1000
OpesciBench [10:59:26]: --- Run 0 ---
icc -O3 -g -fPIC -Wall -std=c99 -xhost -shared -qopenmp /tmp/devito-2tfoiqdj/e76a5e5431156145bcabff0eed0bfc122ac5460b.c -o /tmp/devito-2tfoiqdj/e76a5e5431156145bcabff0eed0bfc122ac5460b.so
OpesciBench [11:24:22]: --- Run 0 finished ---

OpesciBench [11:24:22]: --- Run 1 ---
icc -O3 -g -fPIC -Wall -std=c99 -xhost -shared -qopenmp /tmp/devito-2tfoiqdj/e76a5e5431156145bcabff0eed0bfc122ac5460b.c -o /tmp/devito-2tfoiqdj/e76a5e5431156145bcabff0eed0bfc122ac5460b.so
OpesciBench [11:49:19]: --- Run 1 finished ---

OpesciBench [11:49:19]: --- Run 2 ---
icc -O3 -g -fPIC -Wall -std=c99 -xhost -shared -qopenmp /tmp/devito-2tfoiqdj/e76a5e5431156145bcabff0eed0bfc122ac5460b.c -o /tmp/devito-2tfoiqdj/e76a5e5431156145bcabff0eed0bfc122ac5460b.so
OpesciBench [12:14:08]: --- Run 2 finished ---





OpesciBench: Running 3 repeats - parameters: arch: unknown, autotune: True, dle: advanced, dse: advanced, nbpml: 10, shape: (1024, 1024, 1024), space_order: 4, spacing: (20.0, 20.0, 20.0), time_order: 2, tn: 1000
OpesciBench [12:14:08]: --- Run 0 ---
icc -O3 -g -fPIC -Wall -std=c99 -xhost -shared -qopenmp /tmp/devito-2tfoiqdj/1a300a6eae984663d1c29483feabc8e5c918b4e1.c -o /tmp/devito-2tfoiqdj/1a300a6eae984663d1c29483feabc8e5c918b4e1.so
OpesciBench [12:30:49]: --- Run 0 finished ---

OpesciBench [12:30:49]: --- Run 1 ---
icc -O3 -g -fPIC -Wall -std=c99 -xhost -shared -qopenmp /tmp/devito-2tfoiqdj/1a300a6eae984663d1c29483feabc8e5c918b4e1.c -o /tmp/devito-2tfoiqdj/1a300a6eae984663d1c29483feabc8e5c918b4e1.so
OpesciBench [12:47:31]: --- Run 1 finished ---

OpesciBench [12:47:31]: --- Run 2 ---
icc -O3 -g -fPIC -Wall -std=c99 -xhost -shared -qopenmp /tmp/devito-2tfoiqdj/1a300a6eae984663d1c29483feabc8e5c918b4e1.c -o /tmp/devito-2tfoiqdj/1a300a6eae984663d1c29483feabc8e5c918b4e1.so
OpesciBench [13:04:12]: --- Run 2 finished ---





OpesciBench: Running 3 repeats - parameters: arch: unknown, autotune: True, dle: advanced, dse: aggressive, nbpml: 10, shape: (1024, 1024, 1024), space_order: 4, spacing: (20.0, 20.0, 20.0), time_order: 2, tn: 1000
OpesciBench [13:04:12]: --- Run 0 ---
icc -O3 -g -fPIC -Wall -std=c99 -xhost -shared -qopenmp /tmp/devito-2tfoiqdj/ebbc18cbc297027e8c587ed24c6e5830c49e727b.c -o /tmp/devito-2tfoiqdj/ebbc18cbc297027e8c587ed24c6e5830c49e727b.so
OpesciBench [13:18:16]: --- Run 0 finished ---

OpesciBench [13:18:16]: --- Run 1 ---
icc -O3 -g -fPIC -Wall -std=c99 -xhost -shared -qopenmp /tmp/devito-2tfoiqdj/d5b1d8894f51f9dd0d0e75bf7c569abf04f8d37e.c -o /tmp/devito-2tfoiqdj/d5b1d8894f51f9dd0d0e75bf7c569abf04f8d37e.so
OpesciBench [13:32:19]: --- Run 1 finished ---

OpesciBench [13:32:19]: --- Run 2 ---
icc -O3 -g -fPIC -Wall -std=c99 -xhost -shared -qopenmp /tmp/devito-2tfoiqdj/1431b3a6af446e7c4402b3eb09d2a6b6c758550f.c -o /tmp/devito-2tfoiqdj/1431b3a6af446e7c4402b3eb09d2a6b6c758550f.so
OpesciBench [13:46:23]: --- Run 2 finished ---



Fri Dec 22 13:46:24 PST 2017
top - 13:46:24 up 6 days, 23:09,  1 user,  load average: 40.02, 38.82, 36.31
Tasks: 714 total,   1 running, 713 sleeping,   0 stopped,   0 zombie
%Cpu(s): 13.9 us,  0.2 sy,  0.0 ni, 85.8 id,  0.0 wa,  0.0 hi,  0.0 si,  0.0 st
KiB Mem : 19652252+total, 18506993+free,  1882252 used,  9570336 buff/cache
KiB Swap:  4194300 total,  4124552 free,    69748 used. 19358950+avail Mem 

   PID USER      PR  NI    VIRT    RES    SHR S  %CPU %MEM     TIME+ COMMAND
  9289 cyount    20   0  162568   2932   1888 R   6.2  0.0   0:00.03 top
     1 root      20   0  197536   2864   1516 S   0.0  0.0   0:31.34 systemd
     2 root      20   0       0      0      0 S   0.0  0.0   0:00.06 kthreadd
     3 root      20   0       0      0      0 S   0.0  0.0   0:00.34 ksoftirqd/0
     5 root       0 -20       0      0      0 S   0.0  0.0   0:00.00 kworker/0:0H
     6 root      20   0       0      0      0 S   0.0  0.0   0:14.39 kworker/u896:0
     8 root      rt   0       0      0      0 S   0.0  0.0   0:00.78 migration/0
     9 root      20   0       0      0      0 S   0.0  0.0   0:00.00 rcu_bh
    10 root      20   0       0      0      0 S   0.0  0.0   0:55.71 rcu_sched
    11 root      rt   0       0      0      0 S   0.0  0.0   0:02.32 watchdog/0
    12 root      rt   0       0      0      0 S   0.0  0.0   0:01.69 watchdog/1
    13 root      rt   0       0      0      0 S   0.0  0.0   0:00.83 migration/1
    14 root      20   0       0      0      0 S   0.0  0.0   0:00.02 ksoftirqd/1
    16 root       0 -20       0      0      0 S   0.0  0.0   0:00.00 kworker/1:0H
    17 root      rt   0       0      0      0 S   0.0  0.0   0:01.64 watchdog/2
    18 root      rt   0       0      0      0 S   0.0  0.0   0:00.78 migration/2
    19 root      20   0       0      0      0 S   0.0  0.0   0:00.02 ksoftirqd/2
    22 root      rt   0       0      0      0 S   0.0  0.0   0:01.70 watchdog/3
    23 root      rt   0       0      0      0 S   0.0  0.0   0:00.84 migration/3
    24 root      20   0       0      0      0 S   0.0  0.0   0:00.01 ksoftirqd/3
    27 root      rt   0       0      0      0 S   0.0  0.0   0:01.64 watchdog/4
    28 root      rt   0       0      0      0 S   0.0  0.0   0:00.81 migration/4
    29 root      20   0       0      0      0 S   0.0  0.0   0:00.01 ksoftirqd/4
