Thu Dec 21 14:54:19 PST 2017
Linux ortce-skl3 3.10.0-327.el7.x86_64 #1 SMP Thu Oct 29 17:29:29 EDT 2015 x86_64 x86_64 x86_64 GNU/Linux
Architecture:          x86_64
CPU op-mode(s):        32-bit, 64-bit
Byte Order:            Little Endian
CPU(s):                112
On-line CPU(s) list:   0-111
Thread(s) per core:    2
Core(s) per socket:    28
Socket(s):             2
NUMA node(s):          2
Vendor ID:             GenuineIntel
CPU family:            6
Model:                 85
Model name:            Intel(R) Xeon(R) Platinum 8180 CPU @ 2.50GHz
Stepping:              4
CPU MHz:               2501.000
BogoMIPS:              4993.64
Virtualization:        VT-x
L1d cache:             32K
L1i cache:             32K
L2 cache:              1024K
L3 cache:              39424K
NUMA node0 CPU(s):     0-27,56-83
NUMA node1 CPU(s):     28-55,84-111
Linux ortce-skl3 3.10.0-327.el7.x86_64 #1 SMP Thu Oct 29 17:29:29 EDT 2015 x86_64 x86_64 x86_64 GNU/Linux
available: 2 nodes (0-1)
node 0 cpus: 0 1 2 3 4 5 6 7 8 9 10 11 12 13 14 15 16 17 18 19 20 21 22 23 24 25 26 27 56 57 58 59 60 61 62 63 64 65 66 67 68 69 70 71 72 73 74 75 76 77 78 79 80 81 82 83
node 0 size: 96973 MB
node 0 free: 90390 MB
node 1 cpus: 28 29 30 31 32 33 34 35 36 37 38 39 40 41 42 43 44 45 46 47 48 49 50 51 52 53 54 55 84 85 86 87 88 89 90 91 92 93 94 95 96 97 98 99 100 101 102 103 104 105 106 107 108 109 110 111
node 1 size: 98304 MB
node 1 free: 92932 MB
node distances:
node   0   1 
  0:  10  21 
  1:  21  10 

Per-node system memory usage (in MBs):
                          Node 0          Node 1           Total
                 --------------- --------------- ---------------
MemTotal                96973.63        98304.00       195277.63
MemFree                 90390.68        92932.23       183322.92
MemUsed                  6582.95         5371.77        11954.71
Active                    367.69          574.48          942.17
Inactive                 2573.54         2162.16         4735.70
Active(anon)              192.22           29.89          222.11
Inactive(anon)           1562.49          673.20         2235.69
Active(file)              175.47          544.59          720.06
Inactive(file)           1011.05         1488.97         2500.02
Unevictable                 0.00            0.00            0.00
Mlocked                     0.00            0.00            0.00
Dirty                       0.00            0.00            0.00
Writeback                   0.00            0.00            0.00
FilePages                2720.40         2703.41         5423.81
Mapped                     40.34           10.30           50.64
AnonPages                 368.88          170.77          539.64
Shmem                      14.23            2.66           16.89
KernelStack                33.25           10.30           43.55
PageTables                 28.33           22.29           50.62
NFS_Unstable                0.00            0.00            0.00
Bounce                      0.00            0.00            0.00
WritebackTmp                0.00            0.00            0.00
Slab                      399.93          331.13          731.07
SReclaimable              203.46          141.22          344.68
SUnreclaim                196.47          189.91          386.39
AnonHugePages             188.00          136.00          324.00
HugePages_Total             0.00            0.00            0.00
HugePages_Free              0.00            0.00            0.00
HugePages_Surp              0.00            0.00            0.00
top - 14:54:19 up 22 days,  5:43,  3 users,  load average: 56.00, 55.68, 53.51
Tasks: 1951 total,   1 running, 1950 sleeping,   0 stopped,   0 zombie
%Cpu(s):  5.4 us,  0.1 sy,  0.0 ni, 94.5 id,  0.0 wa,  0.0 hi,  0.0 si,  0.0 st
KiB Mem : 19652648+total, 18772067+free,  4742540 used,  4063272 buff/cache
KiB Swap: 50331644 total, 47136792 free,  3194852 used. 19103312+avail Mem 

   PID USER      PR  NI    VIRT    RES    SHR S  %CPU %MEM     TIME+ COMMAND
 72781 cyount    20   0  152236   3932   1476 R  11.8  0.0   0:00.02 top
     1 root      20   0  197856   6604   1468 S   0.0  0.0   1:10.66 systemd
     2 root      20   0       0      0      0 S   0.0  0.0   0:00.29 kthreadd
     3 root      20   0       0      0      0 S   0.0  0.0   0:00.11 ksoftirqd/0
     5 root       0 -20       0      0      0 S   0.0  0.0   0:00.00 kworker/0:0H
     8 root      rt   0       0      0      0 S   0.0  0.0   0:01.43 migration/0
     9 root      20   0       0      0      0 S   0.0  0.0   0:00.00 rcu_bh
    10 root      20   0       0      0      0 S   0.0  0.0   0:00.00 rcuob/0
    11 root      20   0       0      0      0 S   0.0  0.0   0:00.00 rcuob/1
    12 root      20   0       0      0      0 S   0.0  0.0   0:00.00 rcuob/2
    13 root      20   0       0      0      0 S   0.0  0.0   0:00.00 rcuob/3
    14 root      20   0       0      0      0 S   0.0  0.0   0:00.00 rcuob/4
    15 root      20   0       0      0      0 S   0.0  0.0   0:00.00 rcuob/5
    16 root      20   0       0      0      0 S   0.0  0.0   0:00.00 rcuob/6
    17 root      20   0       0      0      0 S   0.0  0.0   0:00.00 rcuob/7
    18 root      20   0       0      0      0 S   0.0  0.0   0:00.00 rcuob/8
    19 root      20   0       0      0      0 S   0.0  0.0   0:00.00 rcuob/9
    20 root      20   0       0      0      0 S   0.0  0.0   0:00.00 rcuob/10
    21 root      20   0       0      0      0 S   0.0  0.0   0:00.00 rcuob/11
    22 root      20   0       0      0      0 S   0.0  0.0   0:00.00 rcuob/12
    23 root      20   0       0      0      0 S   0.0  0.0   0:00.00 rcuob/13
    24 root      20   0       0      0      0 S   0.0  0.0   0:00.00 rcuob/14
    25 root      20   0       0      0      0 S   0.0  0.0   0:00.00 rcuob/15
env DEVITO_PLATFORM=skx DEVITO_ISA=avx512 DEVITO_DEBUG_COMPILER=1 DEVITO_DLE_OPTIONS=blockinner:True DEVITO_AUTOTUNING=aggressive DEVITO_BACKEND=core DEVITO_OPENMP=1 DEVITO_ARCH=intel DEVITO_LOGGING=DEBUG DEVITO_YASK_AUTOTUNING=preemptive DEVITO_YASK_DUMP=devito.bench.2017-12-21/tti/core/bmO3/ortce-skl3/grid1024/so16 numactl --cpubind=1 python examples/seismic/benchmark.py bench -bm O3 -P tti -so 16 -to 2 -d 1024 1024 1024 --tn 1000 -x 3 -r devito.bench.2017-12-21/tti/core/bmO3/ortce-skl3/grid1024/so16
Allocating memory for m ((1044, 1044, 1044))
Allocating memory for damp ((1044, 1044, 1044))
Allocating memory for epsilon ((1044, 1044, 1044))
Allocating memory for delta ((1044, 1044, 1044))
Allocating memory for theta ((1044, 1044, 1044))
Allocating memory for phi ((1044, 1044, 1044))
Allocating memory for src ((417, 1))
Allocating memory for src_coords ((1, 3))
Allocating memory for nrec_coords ((101, 3))
Allocating memory for rec_coords ((101, 3))
DSE: extract_time_varying [flops: 3953, elapsed: 0.37] >>
     extract_time_invariants [flops: 3409, elapsed: 0.15] >>
     eliminate_inter_stencil_redundancies [flops: 1243, elapsed: 0.40] >>
     extract_sum_of_products [flops: 901, elapsed: 0.06] >>
     eliminate_inter_stencil_redundancies [flops: 579, elapsed: 0.09] >>
     extract_sum_of_products [flops: 492, elapsed: 0.03] >>
     factorize [flops: 368, elapsed: 0.28] >>
     eliminate_intra_stencil_redundancies [flops: 299, elapsed: 0.06] >>
     finalize [flops: 300, elapsed: 0.00]
     [Total elapsed: 1.45 s]
DLE: avoid_denormals [elapsed: 0.00] >>
     loop_fission [elapsed: 0.01] >>
     loop_blocking [elapsed: 0.42] >>
     simdize [elapsed: 0.32] >>
     ompize [elapsed: 0.04] >>
     create_elemental_functions [elapsed: 0.29] >>
     minimize_remainders [elapsed: 0.02]
     [Total elapsed: 1.09 s]
Allocating memory for rec ((417, 101))
Allocating memory for u ((3, 1044, 1044, 1044))
Allocating memory for v ((3, 1044, 1044, 1044))
IntelCompiler: compiled /tmp/devito-_ysfci9s/3c2461b87c0f87f56ef4c5a12f17b533d3514453.c [6.73 s]
AutoTuner: Block shape <8,8,8> took 6.349363 (s) in 3 time steps
AutoTuner: Block shape <16,16,16> took 4.879422 (s) in 3 time steps
AutoTuner: Block shape <24,24,24> took 4.886870 (s) in 3 time steps
AutoTuner: Block shape <32,32,32> took 4.272423 (s) in 3 time steps
AutoTuner: Block shape <40,40,40> took 4.287698 (s) in 3 time steps
AutoTuner: Block shape <8,8,16> took 4.973045 (s) in 3 time steps
AutoTuner: Block shape <8,8,24> took 5.420112 (s) in 3 time steps
AutoTuner: Block shape <8,8,32> took 4.936825 (s) in 3 time steps
AutoTuner: Block shape <8,8,40> took 5.417810 (s) in 3 time steps
AutoTuner: Block shape <8,8,64> took 5.096996 (s) in 3 time steps
AutoTuner: Block shape <8,8,128> took 5.163108 (s) in 3 time steps
AutoTuner: Block shape <8,8,256> took 5.465037 (s) in 3 time steps
AutoTuner: Block shape <8,8,512> took 6.055944 (s) in 3 time steps
AutoTuner: Block shape <16,16,8> took 6.690161 (s) in 3 time steps
AutoTuner: Block shape <16,16,24> took 5.059139 (s) in 3 time steps
AutoTuner: Block shape <16,16,32> took 4.426225 (s) in 3 time steps
AutoTuner: Block shape <16,16,40> took 4.617994 (s) in 3 time steps
AutoTuner: Block shape <16,16,64> took 4.166129 (s) in 3 time steps
AutoTuner: Block shape <16,16,128> took 4.257944 (s) in 3 time steps
AutoTuner: Block shape <16,16,256> took 4.466916 (s) in 3 time steps
AutoTuner: Block shape <24,24,8> took 7.544521 (s) in 3 time steps
AutoTuner: Block shape <24,24,16> took 5.039616 (s) in 3 time steps
AutoTuner: Block shape <24,24,32> took 4.276851 (s) in 3 time steps
AutoTuner: Block shape <24,24,40> took 4.402164 (s) in 3 time steps
AutoTuner: Block shape <24,24,64> took 4.087709 (s) in 3 time steps
AutoTuner: Block shape <24,24,128> took 3.981618 (s) in 3 time steps
AutoTuner: Block shape <32,32,8> took 7.560361 (s) in 3 time steps
AutoTuner: Block shape <32,32,16> took 4.927142 (s) in 3 time steps
AutoTuner: Block shape <32,32,24> took 4.748919 (s) in 3 time steps
AutoTuner: Block shape <32,32,40> took 4.364929 (s) in 3 time steps
AutoTuner: Block shape <32,32,64> took 3.974462 (s) in 3 time steps
AutoTuner: Block shape <32,32,128> took 4.093634 (s) in 3 time steps
AutoTuner: Block shape <16,8,8> took 6.111708 (s) in 3 time steps
AutoTuner: Block shape <8,16,8> took 6.056311 (s) in 3 time steps
AutoTuner: Block shape <16,8,16> took 4.874660 (s) in 3 time steps
AutoTuner: Block shape <8,16,16> took 4.845506 (s) in 3 time steps
AutoTuner: Block shape <32,16,16> took 5.110506 (s) in 3 time steps
AutoTuner: Block shape <16,32,16> took 5.105484 (s) in 3 time steps
AutoTuner: Block shape <32,16,32> took 4.342953 (s) in 3 time steps
AutoTuner: Block shape <16,32,32> took 4.416677 (s) in 3 time steps
AutoTuner: Block shape <48,24,24> took 4.748563 (s) in 3 time steps
AutoTuner: Block shape <24,48,24> took 4.985488 (s) in 3 time steps
AutoTuner: Block shape <24,24,48> took 4.118911 (s) in 3 time steps
AutoTuner: Block shape <48,48,24> took 4.743277 (s) in 3 time steps
AutoTuner: Block shape <48,24,48> took 3.987880 (s) in 3 time steps
AutoTuner: Block shape <24,48,48> took 4.210709 (s) in 3 time steps
AutoTuner: Block shape <48,48,48> took 3.977085 (s) in 3 time steps
AutoTuner: Block shape <64,32,32> took 4.151269 (s) in 3 time steps
AutoTuner: Block shape <32,64,32> took 4.393172 (s) in 3 time steps
AutoTuner: Block shape <64,64,32> took 4.210455 (s) in 3 time steps
AutoTuner: Block shape <64,32,64> took 3.798921 (s) in 3 time steps
AutoTuner: Block shape <32,64,64> took 4.488938 (s) in 3 time steps
AutoTuner: Block shape <40,40,80> took 3.913458 (s) in 3 time steps
Auto-tuned block shape: {'x0_block_size': 64, 'y0_block_size': 32, 'z0_block_size': 64}
=========================================================================================
Section section_0<1036,1036,1036> with OI=0.16 computed in 0.728 s [6.11 GFlops/s]
Section section_3<415,1> with OI=0.64 computed in 0.000 s [0.10 GFlops/s]
Section section_4<415,101> with OI=1.27 computed in 0.004 s [0.93 GFlops/s]
Section main<415,1036,1036,1036> with OI=4.56 computed in 1182.189 s [117.10 GFlops/s, 0.39 GPts/s]
=========================================================================================
Allocating memory for m ((1044, 1044, 1044))
Allocating memory for damp ((1044, 1044, 1044))
Allocating memory for epsilon ((1044, 1044, 1044))
Allocating memory for delta ((1044, 1044, 1044))
Allocating memory for theta ((1044, 1044, 1044))
Allocating memory for phi ((1044, 1044, 1044))
Allocating memory for src ((417, 1))
Allocating memory for src_coords ((1, 3))
Allocating memory for nrec_coords ((101, 3))
Allocating memory for rec_coords ((101, 3))
DSE: extract_time_varying [flops: 3953, elapsed: 0.37] >>
     extract_time_invariants [flops: 3409, elapsed: 0.15] >>
     eliminate_inter_stencil_redundancies [flops: 1243, elapsed: 0.40] >>
     extract_sum_of_products [flops: 901, elapsed: 0.06] >>
     eliminate_inter_stencil_redundancies [flops: 579, elapsed: 0.09] >>
     extract_sum_of_products [flops: 492, elapsed: 0.03] >>
     factorize [flops: 368, elapsed: 0.28] >>
     eliminate_intra_stencil_redundancies [flops: 299, elapsed: 0.06] >>
     finalize [flops: 300, elapsed: 0.00]
     [Total elapsed: 1.45 s]
DLE: avoid_denormals [elapsed: 0.00] >>
     loop_fission [elapsed: 0.01] >>
     loop_blocking [elapsed: 0.45] >>
     simdize [elapsed: 0.04] >>
     ompize [elapsed: 0.04] >>
     create_elemental_functions [elapsed: 0.29] >>
     minimize_remainders [elapsed: 0.02]
     [Total elapsed: 0.85 s]
Allocating memory for rec ((417, 101))
Allocating memory for u ((3, 1044, 1044, 1044))
Allocating memory for v ((3, 1044, 1044, 1044))
IntelCompiler: compiled /tmp/devito-_ysfci9s/f824d1b66bbc1803e1adf3abf04cb2527daf5eaf.c [6.72 s]
AutoTuner: Block shape <8,8,8> took 6.464417 (s) in 3 time steps
AutoTuner: Block shape <16,16,16> took 4.953747 (s) in 3 time steps
AutoTuner: Block shape <24,24,24> took 4.902390 (s) in 3 time steps
AutoTuner: Block shape <32,32,32> took 4.293127 (s) in 3 time steps
AutoTuner: Block shape <40,40,40> took 4.318977 (s) in 3 time steps
AutoTuner: Block shape <8,8,16> took 5.049282 (s) in 3 time steps
AutoTuner: Block shape <8,8,24> took 5.480021 (s) in 3 time steps
AutoTuner: Block shape <8,8,32> took 4.980010 (s) in 3 time steps
AutoTuner: Block shape <8,8,40> took 5.481483 (s) in 3 time steps
AutoTuner: Block shape <8,8,64> took 5.128948 (s) in 3 time steps
AutoTuner: Block shape <8,8,128> took 5.183927 (s) in 3 time steps
AutoTuner: Block shape <8,8,256> took 5.479521 (s) in 3 time steps
AutoTuner: Block shape <8,8,512> took 6.111059 (s) in 3 time steps
AutoTuner: Block shape <16,16,8> took 6.752502 (s) in 3 time steps
AutoTuner: Block shape <16,16,24> took 5.101270 (s) in 3 time steps
AutoTuner: Block shape <16,16,32> took 4.454807 (s) in 3 time steps
AutoTuner: Block shape <16,16,40> took 4.650380 (s) in 3 time steps
AutoTuner: Block shape <16,16,64> took 4.189808 (s) in 3 time steps
AutoTuner: Block shape <16,16,128> took 4.265921 (s) in 3 time steps
AutoTuner: Block shape <16,16,256> took 4.498389 (s) in 3 time steps
AutoTuner: Block shape <24,24,8> took 7.573665 (s) in 3 time steps
AutoTuner: Block shape <24,24,16> took 5.064821 (s) in 3 time steps
AutoTuner: Block shape <24,24,32> took 4.298827 (s) in 3 time steps
AutoTuner: Block shape <24,24,40> took 4.407434 (s) in 3 time steps
AutoTuner: Block shape <24,24,64> took 4.122076 (s) in 3 time steps
AutoTuner: Block shape <24,24,128> took 4.009710 (s) in 3 time steps
AutoTuner: Block shape <32,32,8> took 7.573115 (s) in 3 time steps
AutoTuner: Block shape <32,32,16> took 4.936720 (s) in 3 time steps
AutoTuner: Block shape <32,32,24> took 4.783459 (s) in 3 time steps
AutoTuner: Block shape <32,32,40> took 4.393056 (s) in 3 time steps
AutoTuner: Block shape <32,32,64> took 4.002685 (s) in 3 time steps
AutoTuner: Block shape <32,32,128> took 4.094768 (s) in 3 time steps
AutoTuner: Block shape <16,8,8> took 6.199203 (s) in 3 time steps
AutoTuner: Block shape <8,16,8> took 6.145034 (s) in 3 time steps
AutoTuner: Block shape <16,8,16> took 4.933677 (s) in 3 time steps
AutoTuner: Block shape <8,16,16> took 4.900056 (s) in 3 time steps
AutoTuner: Block shape <32,16,16> took 5.142461 (s) in 3 time steps
AutoTuner: Block shape <16,32,16> took 5.118765 (s) in 3 time steps
AutoTuner: Block shape <32,16,32> took 4.355218 (s) in 3 time steps
AutoTuner: Block shape <16,32,32> took 4.430032 (s) in 3 time steps
AutoTuner: Block shape <48,24,24> took 4.775824 (s) in 3 time steps
AutoTuner: Block shape <24,48,24> took 5.026071 (s) in 3 time steps
AutoTuner: Block shape <24,24,48> took 4.134179 (s) in 3 time steps
AutoTuner: Block shape <48,48,24> took 4.787996 (s) in 3 time steps
AutoTuner: Block shape <48,24,48> took 4.036041 (s) in 3 time steps
AutoTuner: Block shape <24,48,48> took 4.234468 (s) in 3 time steps
AutoTuner: Block shape <48,48,48> took 3.994615 (s) in 3 time steps
AutoTuner: Block shape <64,32,32> took 4.186027 (s) in 3 time steps
AutoTuner: Block shape <32,64,32> took 4.411453 (s) in 3 time steps
AutoTuner: Block shape <64,64,32> took 4.213727 (s) in 3 time steps
AutoTuner: Block shape <64,32,64> took 3.837739 (s) in 3 time steps
AutoTuner: Block shape <32,64,64> took 4.433120 (s) in 3 time steps
AutoTuner: Block shape <40,40,80> took 3.911934 (s) in 3 time steps
Auto-tuned block shape: {'x0_block_size': 64, 'y0_block_size': 32, 'z0_block_size': 64}
=========================================================================================
Section section_0<1036,1036,1036> with OI=0.16 computed in 0.728 s [6.11 GFlops/s]
Section section_3<415,1> with OI=0.64 computed in 0.000 s [0.11 GFlops/s]
Section section_4<415,101> with OI=1.27 computed in 0.005 s [0.79 GFlops/s]
Section main<415,1036,1036,1036> with OI=4.56 computed in 1185.287 s [116.80 GFlops/s, 0.39 GPts/s]
=========================================================================================
Allocating memory for m ((1044, 1044, 1044))
Allocating memory for damp ((1044, 1044, 1044))
Allocating memory for epsilon ((1044, 1044, 1044))
Allocating memory for delta ((1044, 1044, 1044))
Allocating memory for theta ((1044, 1044, 1044))
Allocating memory for phi ((1044, 1044, 1044))
Allocating memory for src ((417, 1))
Allocating memory for src_coords ((1, 3))
Allocating memory for nrec_coords ((101, 3))
Allocating memory for rec_coords ((101, 3))
DSE: extract_time_varying [flops: 3953, elapsed: 0.40] >>
     extract_time_invariants [flops: 3409, elapsed: 0.15] >>
     eliminate_inter_stencil_redundancies [flops: 1243, elapsed: 0.40] >>
     extract_sum_of_products [flops: 901, elapsed: 0.06] >>
     eliminate_inter_stencil_redundancies [flops: 579, elapsed: 0.09] >>
     extract_sum_of_products [flops: 492, elapsed: 0.03] >>
     factorize [flops: 368, elapsed: 0.28] >>
     eliminate_intra_stencil_redundancies [flops: 299, elapsed: 0.06] >>
     finalize [flops: 300, elapsed: 0.01]
     [Total elapsed: 1.48 s]
DLE: avoid_denormals [elapsed: 0.00] >>
     loop_fission [elapsed: 0.01] >>
     loop_blocking [elapsed: 0.42] >>
     simdize [elapsed: 0.04] >>
     ompize [elapsed: 0.04] >>
     create_elemental_functions [elapsed: 0.34] >>
     minimize_remainders [elapsed: 0.02]
     [Total elapsed: 0.86 s]
Allocating memory for rec ((417, 101))
Allocating memory for u ((3, 1044, 1044, 1044))
Allocating memory for v ((3, 1044, 1044, 1044))
IntelCompiler: compiled /tmp/devito-_ysfci9s/abff3cf8af7bc5b526108879b20a729f1ef62139.c [6.76 s]
AutoTuner: Block shape <8,8,8> took 6.469112 (s) in 3 time steps
AutoTuner: Block shape <16,16,16> took 4.942268 (s) in 3 time steps
AutoTuner: Block shape <24,24,24> took 4.900521 (s) in 3 time steps
AutoTuner: Block shape <32,32,32> took 4.303871 (s) in 3 time steps
AutoTuner: Block shape <40,40,40> took 4.322722 (s) in 3 time steps
AutoTuner: Block shape <8,8,16> took 5.056910 (s) in 3 time steps
AutoTuner: Block shape <8,8,24> took 5.486643 (s) in 3 time steps
AutoTuner: Block shape <8,8,32> took 4.983858 (s) in 3 time steps
AutoTuner: Block shape <8,8,40> took 5.483289 (s) in 3 time steps
AutoTuner: Block shape <8,8,64> took 5.141403 (s) in 3 time steps
AutoTuner: Block shape <8,8,128> took 5.185167 (s) in 3 time steps
AutoTuner: Block shape <8,8,256> took 5.495626 (s) in 3 time steps
AutoTuner: Block shape <8,8,512> took 6.129081 (s) in 3 time steps
AutoTuner: Block shape <16,16,8> took 6.764308 (s) in 3 time steps
AutoTuner: Block shape <16,16,24> took 5.100230 (s) in 3 time steps
AutoTuner: Block shape <16,16,32> took 4.465963 (s) in 3 time steps
AutoTuner: Block shape <16,16,40> took 4.654183 (s) in 3 time steps
AutoTuner: Block shape <16,16,64> took 4.193516 (s) in 3 time steps
AutoTuner: Block shape <16,16,128> took 4.286544 (s) in 3 time steps
AutoTuner: Block shape <16,16,256> took 4.506450 (s) in 3 time steps
AutoTuner: Block shape <24,24,8> took 7.567033 (s) in 3 time steps
AutoTuner: Block shape <24,24,16> took 5.068608 (s) in 3 time steps
AutoTuner: Block shape <24,24,32> took 4.295322 (s) in 3 time steps
AutoTuner: Block shape <24,24,40> took 4.421485 (s) in 3 time steps
AutoTuner: Block shape <24,24,64> took 4.101555 (s) in 3 time steps
AutoTuner: Block shape <24,24,128> took 4.012298 (s) in 3 time steps
AutoTuner: Block shape <32,32,8> took 7.590564 (s) in 3 time steps
AutoTuner: Block shape <32,32,16> took 4.941370 (s) in 3 time steps
AutoTuner: Block shape <32,32,24> took 4.785634 (s) in 3 time steps
AutoTuner: Block shape <32,32,40> took 4.393852 (s) in 3 time steps
AutoTuner: Block shape <32,32,64> took 3.992014 (s) in 3 time steps
AutoTuner: Block shape <32,32,128> took 4.078582 (s) in 3 time steps
AutoTuner: Block shape <16,8,8> took 6.194677 (s) in 3 time steps
AutoTuner: Block shape <8,16,8> took 6.131548 (s) in 3 time steps
AutoTuner: Block shape <16,8,16> took 4.937670 (s) in 3 time steps
AutoTuner: Block shape <8,16,16> took 4.893827 (s) in 3 time steps
AutoTuner: Block shape <32,16,16> took 5.133681 (s) in 3 time steps
AutoTuner: Block shape <16,32,16> took 5.133173 (s) in 3 time steps
AutoTuner: Block shape <32,16,32> took 4.360792 (s) in 3 time steps
AutoTuner: Block shape <16,32,32> took 4.429170 (s) in 3 time steps
AutoTuner: Block shape <48,24,24> took 4.775962 (s) in 3 time steps
AutoTuner: Block shape <24,48,24> took 5.026679 (s) in 3 time steps
AutoTuner: Block shape <24,24,48> took 4.141386 (s) in 3 time steps
AutoTuner: Block shape <48,48,24> took 4.780470 (s) in 3 time steps
AutoTuner: Block shape <48,24,48> took 4.041193 (s) in 3 time steps
AutoTuner: Block shape <24,48,48> took 4.223849 (s) in 3 time steps
AutoTuner: Block shape <48,48,48> took 3.989370 (s) in 3 time steps
AutoTuner: Block shape <64,32,32> took 4.196283 (s) in 3 time steps
AutoTuner: Block shape <32,64,32> took 4.413840 (s) in 3 time steps
AutoTuner: Block shape <64,64,32> took 4.227046 (s) in 3 time steps
AutoTuner: Block shape <64,32,64> took 3.836909 (s) in 3 time steps
AutoTuner: Block shape <32,64,64> took 4.447100 (s) in 3 time steps
AutoTuner: Block shape <40,40,80> took 3.912209 (s) in 3 time steps
Auto-tuned block shape: {'x0_block_size': 64, 'y0_block_size': 32, 'z0_block_size': 64}
=========================================================================================
Section section_0<1036,1036,1036> with OI=0.16 computed in 0.726 s [6.12 GFlops/s]
Section section_3<415,1> with OI=0.64 computed in 0.000 s [0.10 GFlops/s]
Section section_4<415,101> with OI=1.27 computed in 0.004 s [0.91 GFlops/s]
Section main<415,1036,1036,1036> with OI=4.56 computed in 1184.411 s [116.88 GFlops/s, 0.39 GPts/s]
=========================================================================================


OpesciBench: Running 3 repeats - parameters: arch: unknown, autotune: True, dle: advanced, dse: aggressive, nbpml: 10, shape: (1024, 1024, 1024), space_order: 16, spacing: (20.0, 20.0, 20.0), time_order: 2, tn: 1000
OpesciBench [14:54:21]: --- Run 0 ---
icc -O3 -g -fPIC -Wall -std=c99 -xhost -shared -qopenmp /tmp/devito-_ysfci9s/3c2461b87c0f87f56ef4c5a12f17b533d3514453.c -o /tmp/devito-_ysfci9s/3c2461b87c0f87f56ef4c5a12f17b533d3514453.so
OpesciBench [15:20:34]: --- Run 0 finished ---

OpesciBench [15:20:34]: --- Run 1 ---
icc -O3 -g -fPIC -Wall -std=c99 -xhost -shared -qopenmp /tmp/devito-_ysfci9s/f824d1b66bbc1803e1adf3abf04cb2527daf5eaf.c -o /tmp/devito-_ysfci9s/f824d1b66bbc1803e1adf3abf04cb2527daf5eaf.so
OpesciBench [15:46:53]: --- Run 1 finished ---

OpesciBench [15:46:53]: --- Run 2 ---
icc -O3 -g -fPIC -Wall -std=c99 -xhost -shared -qopenmp /tmp/devito-_ysfci9s/abff3cf8af7bc5b526108879b20a729f1ef62139.c -o /tmp/devito-_ysfci9s/abff3cf8af7bc5b526108879b20a729f1ef62139.so
OpesciBench [16:13:12]: --- Run 2 finished ---



Thu Dec 21 16:13:12 PST 2017
top - 16:13:13 up 22 days,  7:02,  3 users,  load average: 56.00, 55.85, 54.04
Tasks: 1951 total,   1 running, 1950 sleeping,   0 stopped,   0 zombie
%Cpu(s):  5.5 us,  0.1 sy,  0.0 ni, 94.4 id,  0.0 wa,  0.0 hi,  0.0 si,  0.0 st
KiB Mem : 19652648+total, 18772345+free,  4741720 used,  4061312 buff/cache
KiB Swap: 50331644 total, 47136800 free,  3194844 used. 19103665+avail Mem 

   PID USER      PR  NI    VIRT    RES    SHR S  %CPU %MEM     TIME+ COMMAND
 78934 cyount    20   0  152236   3932   1476 R   6.2  0.0   0:00.02 top
     1 root      20   0  197856   6604   1468 S   0.0  0.0   1:10.82 systemd
     2 root      20   0       0      0      0 S   0.0  0.0   0:00.29 kthreadd
     3 root      20   0       0      0      0 S   0.0  0.0   0:00.11 ksoftirqd/0
     5 root       0 -20       0      0      0 S   0.0  0.0   0:00.00 kworker/0:0H
     8 root      rt   0       0      0      0 S   0.0  0.0   0:01.43 migration/0
     9 root      20   0       0      0      0 S   0.0  0.0   0:00.00 rcu_bh
    10 root      20   0       0      0      0 S   0.0  0.0   0:00.00 rcuob/0
    11 root      20   0       0      0      0 S   0.0  0.0   0:00.00 rcuob/1
    12 root      20   0       0      0      0 S   0.0  0.0   0:00.00 rcuob/2
    13 root      20   0       0      0      0 S   0.0  0.0   0:00.00 rcuob/3
    14 root      20   0       0      0      0 S   0.0  0.0   0:00.00 rcuob/4
    15 root      20   0       0      0      0 S   0.0  0.0   0:00.00 rcuob/5
    16 root      20   0       0      0      0 S   0.0  0.0   0:00.00 rcuob/6
    17 root      20   0       0      0      0 S   0.0  0.0   0:00.00 rcuob/7
    18 root      20   0       0      0      0 S   0.0  0.0   0:00.00 rcuob/8
    19 root      20   0       0      0      0 S   0.0  0.0   0:00.00 rcuob/9
    20 root      20   0       0      0      0 S   0.0  0.0   0:00.00 rcuob/10
    21 root      20   0       0      0      0 S   0.0  0.0   0:00.00 rcuob/11
    22 root      20   0       0      0      0 S   0.0  0.0   0:00.00 rcuob/12
    23 root      20   0       0      0      0 S   0.0  0.0   0:00.00 rcuob/13
    24 root      20   0       0      0      0 S   0.0  0.0   0:00.00 rcuob/14
    25 root      20   0       0      0      0 S   0.0  0.0   0:00.00 rcuob/15
