Thu Dec 21 11:18:44 PST 2017
Linux ortce-skl3 3.10.0-327.el7.x86_64 #1 SMP Thu Oct 29 17:29:29 EDT 2015 x86_64 x86_64 x86_64 GNU/Linux
Architecture:          x86_64
CPU op-mode(s):        32-bit, 64-bit
Byte Order:            Little Endian
CPU(s):                112
On-line CPU(s) list:   0-111
Thread(s) per core:    2
Core(s) per socket:    28
Socket(s):             2
NUMA node(s):          2
Vendor ID:             GenuineIntel
CPU family:            6
Model:                 85
Model name:            Intel(R) Xeon(R) Platinum 8180 CPU @ 2.50GHz
Stepping:              4
CPU MHz:               2501.000
BogoMIPS:              4993.64
Virtualization:        VT-x
L1d cache:             32K
L1i cache:             32K
L2 cache:              1024K
L3 cache:              39424K
NUMA node0 CPU(s):     0-27,56-83
NUMA node1 CPU(s):     28-55,84-111
Linux ortce-skl3 3.10.0-327.el7.x86_64 #1 SMP Thu Oct 29 17:29:29 EDT 2015 x86_64 x86_64 x86_64 GNU/Linux
available: 2 nodes (0-1)
node 0 cpus: 0 1 2 3 4 5 6 7 8 9 10 11 12 13 14 15 16 17 18 19 20 21 22 23 24 25 26 27 56 57 58 59 60 61 62 63 64 65 66 67 68 69 70 71 72 73 74 75 76 77 78 79 80 81 82 83
node 0 size: 96973 MB
node 0 free: 90390 MB
node 1 cpus: 28 29 30 31 32 33 34 35 36 37 38 39 40 41 42 43 44 45 46 47 48 49 50 51 52 53 54 55 84 85 86 87 88 89 90 91 92 93 94 95 96 97 98 99 100 101 102 103 104 105 106 107 108 109 110 111
node 1 size: 98304 MB
node 1 free: 92940 MB
node distances:
node   0   1 
  0:  10  21 
  1:  21  10 

Per-node system memory usage (in MBs):
                          Node 0          Node 1           Total
                 --------------- --------------- ---------------
MemTotal                96973.63        98304.00       195277.63
MemFree                 90390.91        92940.18       183331.09
MemUsed                  6582.72         5363.82        11946.54
Active                    366.29          557.86          924.14
Inactive                 2571.04         2164.85         4735.89
Active(anon)              191.07           16.43          207.51
Inactive(anon)           1560.27          675.12         2235.40
Active(file)              175.21          541.42          716.63
Inactive(file)           1010.76         1489.73         2500.49
Unevictable                 0.00            0.00            0.00
Mlocked                     0.00            0.00            0.00
Dirty                       0.00            0.00            0.00
Writeback                   0.00            0.00            0.00
FilePages                2719.58         2701.32         5420.89
Mapped                     38.93           11.33           50.26
AnonPages                 266.20           25.42          291.62
Shmem                      14.21            2.65           16.87
KernelStack                33.17            9.61           42.78
PageTables                 28.25           22.37           50.62
NFS_Unstable                0.00            0.00            0.00
Bounce                      0.00            0.00            0.00
WritebackTmp                0.00            0.00            0.00
Slab                      398.67          336.16          734.83
SReclaimable              203.05          141.17          344.23
SUnreclaim                195.62          194.98          390.60
AnonHugePages              88.00            2.00           90.00
HugePages_Total             0.00            0.00            0.00
HugePages_Free              0.00            0.00            0.00
HugePages_Surp              0.00            0.00            0.00
top - 11:18:45 up 22 days,  2:07,  3 users,  load average: 55.93, 52.24, 48.97
Tasks: 1952 total,   1 running, 1951 sleeping,   0 stopped,   0 zombie
%Cpu(s):  5.2 us,  0.1 sy,  0.0 ni, 94.7 id,  0.0 wa,  0.0 hi,  0.0 si,  0.0 st
KiB Mem : 19652648+total, 18772918+free,  4733228 used,  4064068 buff/cache
KiB Swap: 50331644 total, 47136380 free,  3195264 used. 19103814+avail Mem 

   PID USER      PR  NI    VIRT    RES    SHR S  %CPU %MEM     TIME+ COMMAND
 57190 cyount    20   0  152236   3924   1472 R  11.8  0.0   0:00.02 top
     1 root      20   0  197856   6604   1468 S   0.0  0.0   1:10.26 systemd
     2 root      20   0       0      0      0 S   0.0  0.0   0:00.29 kthreadd
     3 root      20   0       0      0      0 S   0.0  0.0   0:00.10 ksoftirqd/0
     5 root       0 -20       0      0      0 S   0.0  0.0   0:00.00 kworker/0:0H
     8 root      rt   0       0      0      0 S   0.0  0.0   0:01.43 migration/0
     9 root      20   0       0      0      0 S   0.0  0.0   0:00.00 rcu_bh
    10 root      20   0       0      0      0 S   0.0  0.0   0:00.00 rcuob/0
    11 root      20   0       0      0      0 S   0.0  0.0   0:00.00 rcuob/1
    12 root      20   0       0      0      0 S   0.0  0.0   0:00.00 rcuob/2
    13 root      20   0       0      0      0 S   0.0  0.0   0:00.00 rcuob/3
    14 root      20   0       0      0      0 S   0.0  0.0   0:00.00 rcuob/4
    15 root      20   0       0      0      0 S   0.0  0.0   0:00.00 rcuob/5
    16 root      20   0       0      0      0 S   0.0  0.0   0:00.00 rcuob/6
    17 root      20   0       0      0      0 S   0.0  0.0   0:00.00 rcuob/7
    18 root      20   0       0      0      0 S   0.0  0.0   0:00.00 rcuob/8
    19 root      20   0       0      0      0 S   0.0  0.0   0:00.00 rcuob/9
    20 root      20   0       0      0      0 S   0.0  0.0   0:00.00 rcuob/10
    21 root      20   0       0      0      0 S   0.0  0.0   0:00.00 rcuob/11
    22 root      20   0       0      0      0 S   0.0  0.0   0:00.00 rcuob/12
    23 root      20   0       0      0      0 S   0.0  0.0   0:00.00 rcuob/13
    24 root      20   0       0      0      0 S   0.0  0.0   0:00.00 rcuob/14
    25 root      20   0       0      0      0 S   0.0  0.0   0:00.00 rcuob/15
env DEVITO_PLATFORM=skx DEVITO_ISA=avx512 DEVITO_DEBUG_COMPILER=1 DEVITO_DLE_OPTIONS=blockinner:True DEVITO_AUTOTUNING=aggressive DEVITO_BACKEND=core DEVITO_OPENMP=1 DEVITO_ARCH=intel DEVITO_LOGGING=DEBUG DEVITO_YASK_AUTOTUNING=preemptive DEVITO_YASK_DUMP=devito.bench.2017-12-21/tti/core/bmO3/ortce-skl3/grid768/so12 numactl --cpubind=1 python examples/seismic/benchmark.py bench -bm O3 -P tti -so 12 -to 2 -d 768 768 768 --tn 1000 -x 3 -r devito.bench.2017-12-21/tti/core/bmO3/ortce-skl3/grid768/so12
Allocating memory for m ((788, 788, 788))
Allocating memory for damp ((788, 788, 788))
Allocating memory for epsilon ((788, 788, 788))
Allocating memory for delta ((788, 788, 788))
Allocating memory for theta ((788, 788, 788))
Allocating memory for phi ((788, 788, 788))
Allocating memory for src ((417, 1))
Allocating memory for src_coords ((1, 3))
Allocating memory for nrec_coords ((101, 3))
Allocating memory for rec_coords ((101, 3))
DSE: extract_time_varying [flops: 2541, elapsed: 0.22] >>
     extract_time_invariants [flops: 2133, elapsed: 0.10] >>
     eliminate_inter_stencil_redundancies [flops: 939, elapsed: 0.28] >>
     extract_sum_of_products [flops: 681, elapsed: 0.04] >>
     eliminate_inter_stencil_redundancies [flops: 443, elapsed: 0.07] >>
     extract_sum_of_products [flops: 378, elapsed: 0.02] >>
     factorize [flops: 285, elapsed: 0.19] >>
     eliminate_intra_stencil_redundancies [flops: 233, elapsed: 0.05] >>
     finalize [flops: 234, elapsed: 0.00]
     [Total elapsed: 0.97 s]
DLE: avoid_denormals [elapsed: 0.00] >>
     loop_fission [elapsed: 0.01] >>
     loop_blocking [elapsed: 0.36] >>
     simdize [elapsed: 0.21] >>
     ompize [elapsed: 0.04] >>
     create_elemental_functions [elapsed: 0.32] >>
     minimize_remainders [elapsed: 0.02]
     [Total elapsed: 0.95 s]
Allocating memory for rec ((417, 101))
Allocating memory for u ((3, 788, 788, 788))
Allocating memory for v ((3, 788, 788, 788))
IntelCompiler: compiled /tmp/devito-pqq3ixhm/aac9464fe294ad29e770d3e30caa2196820ef9fe.c [4.16 s]
AutoTuner: Block shape <8,8,8> took 1.686089 (s) in 3 time steps
AutoTuner: Block shape <16,16,16> took 1.557214 (s) in 3 time steps
AutoTuner: Block shape <24,24,24> took 1.503817 (s) in 3 time steps
AutoTuner: Block shape <32,32,32> took 1.678185 (s) in 3 time steps
AutoTuner: Block shape <40,40,40> took 1.555172 (s) in 3 time steps
AutoTuner: Block shape <8,8,16> took 1.640948 (s) in 3 time steps
AutoTuner: Block shape <8,8,24> took 1.484848 (s) in 3 time steps
AutoTuner: Block shape <8,8,32> took 1.552366 (s) in 3 time steps
AutoTuner: Block shape <8,8,40> took 1.462280 (s) in 3 time steps
AutoTuner: Block shape <8,8,64> took 1.539930 (s) in 3 time steps
AutoTuner: Block shape <8,8,128> took 1.626403 (s) in 3 time steps
AutoTuner: Block shape <8,8,256> took 1.835915 (s) in 3 time steps
AutoTuner: Block shape <8,8,512> took 1.910134 (s) in 3 time steps
AutoTuner: Block shape <8,8,776> took 2.046576 (s) in 3 time steps
AutoTuner: Block shape <16,16,8> took 1.453638 (s) in 3 time steps
AutoTuner: Block shape <16,16,24> took 1.341851 (s) in 3 time steps
AutoTuner: Block shape <16,16,32> took 1.474258 (s) in 3 time steps
AutoTuner: Block shape <16,16,40> took 1.366323 (s) in 3 time steps
AutoTuner: Block shape <16,16,64> took 1.502146 (s) in 3 time steps
AutoTuner: Block shape <16,16,128> took 1.591551 (s) in 3 time steps
AutoTuner: Block shape <16,16,256> took 1.620874 (s) in 3 time steps
AutoTuner: Block shape <16,16,512> took 1.775827 (s) in 3 time steps
AutoTuner: Block shape <24,24,8> took 1.733605 (s) in 3 time steps
AutoTuner: Block shape <24,24,16> took 1.785865 (s) in 3 time steps
AutoTuner: Block shape <24,24,32> took 1.619475 (s) in 3 time steps
AutoTuner: Block shape <24,24,40> took 1.470666 (s) in 3 time steps
AutoTuner: Block shape <24,24,64> took 1.559057 (s) in 3 time steps
AutoTuner: Block shape <24,24,128> took 1.519420 (s) in 3 time steps
AutoTuner: Block shape <24,24,256> took 1.638812 (s) in 3 time steps
AutoTuner: Block shape <32,32,8> took 2.052481 (s) in 3 time steps
AutoTuner: Block shape <32,32,16> took 1.930452 (s) in 3 time steps
AutoTuner: Block shape <32,32,24> took 1.584813 (s) in 3 time steps
AutoTuner: Block shape <32,32,40> took 1.524292 (s) in 3 time steps
AutoTuner: Block shape <32,32,64> took 1.564995 (s) in 3 time steps
AutoTuner: Block shape <32,32,128> took 1.507166 (s) in 3 time steps
AutoTuner: Block shape <16,8,8> took 1.533963 (s) in 3 time steps
AutoTuner: Block shape <8,16,8> took 1.504811 (s) in 3 time steps
AutoTuner: Block shape <16,8,16> took 1.555025 (s) in 3 time steps
AutoTuner: Block shape <8,16,16> took 1.526601 (s) in 3 time steps
AutoTuner: Block shape <32,16,16> took 1.774417 (s) in 3 time steps
AutoTuner: Block shape <16,32,16> took 1.770106 (s) in 3 time steps
AutoTuner: Block shape <32,16,32> took 1.620982 (s) in 3 time steps
AutoTuner: Block shape <16,32,32> took 1.641687 (s) in 3 time steps
AutoTuner: Block shape <48,24,24> took 1.602993 (s) in 3 time steps
AutoTuner: Block shape <24,48,24> took 1.644592 (s) in 3 time steps
AutoTuner: Block shape <24,24,48> took 1.568757 (s) in 3 time steps
AutoTuner: Block shape <48,48,24> took 1.663799 (s) in 3 time steps
AutoTuner: Block shape <48,24,48> took 1.581554 (s) in 3 time steps
AutoTuner: Block shape <24,48,48> took 1.650296 (s) in 3 time steps
AutoTuner: Block shape <48,48,48> took 1.583996 (s) in 3 time steps
AutoTuner: Block shape <64,32,32> took 1.683464 (s) in 3 time steps
AutoTuner: Block shape <32,64,32> took 1.748205 (s) in 3 time steps
AutoTuner: Block shape <64,64,32> took 1.684212 (s) in 3 time steps
AutoTuner: Block shape <64,32,64> took 1.513657 (s) in 3 time steps
AutoTuner: Block shape <32,64,64> took 1.612707 (s) in 3 time steps
AutoTuner: Block shape <80,40,40> took 1.538619 (s) in 3 time steps
AutoTuner: Block shape <40,80,40> took 1.587204 (s) in 3 time steps
AutoTuner: Block shape <40,40,80> took 1.510261 (s) in 3 time steps
Auto-tuned block shape: {'x0_block_size': 16, 'y0_block_size': 16, 'z0_block_size': 24}
=========================================================================================
Section section_0<782,782,782> with OI=0.16 computed in 0.313 s [6.12 GFlops/s]
Section section_3<415,1> with OI=0.64 computed in 0.000 s [0.11 GFlops/s]
Section section_4<415,101> with OI=1.27 computed in 0.004 s [1.02 GFlops/s]
Section main<415,782,782,782> with OI=3.56 computed in 413.298 s [112.36 GFlops/s, 0.48 GPts/s]
=========================================================================================
Allocating memory for m ((788, 788, 788))
Allocating memory for damp ((788, 788, 788))
Allocating memory for epsilon ((788, 788, 788))
Allocating memory for delta ((788, 788, 788))
Allocating memory for theta ((788, 788, 788))
Allocating memory for phi ((788, 788, 788))
Allocating memory for src ((417, 1))
Allocating memory for src_coords ((1, 3))
Allocating memory for nrec_coords ((101, 3))
Allocating memory for rec_coords ((101, 3))
DSE: extract_time_varying [flops: 2541, elapsed: 0.22] >>
     extract_time_invariants [flops: 2133, elapsed: 0.10] >>
     eliminate_inter_stencil_redundancies [flops: 939, elapsed: 0.28] >>
     extract_sum_of_products [flops: 681, elapsed: 0.04] >>
     eliminate_inter_stencil_redundancies [flops: 443, elapsed: 0.07] >>
     extract_sum_of_products [flops: 378, elapsed: 0.02] >>
     factorize [flops: 285, elapsed: 0.19] >>
     eliminate_intra_stencil_redundancies [flops: 233, elapsed: 0.05] >>
     finalize [flops: 234, elapsed: 0.00]
     [Total elapsed: 0.97 s]
DLE: avoid_denormals [elapsed: 0.00] >>
     loop_fission [elapsed: 0.01] >>
     loop_blocking [elapsed: 0.36] >>
     simdize [elapsed: 0.04] >>
     ompize [elapsed: 0.04] >>
     create_elemental_functions [elapsed: 0.28] >>
     minimize_remainders [elapsed: 0.02]
     [Total elapsed: 0.75 s]
Allocating memory for rec ((417, 101))
Allocating memory for u ((3, 788, 788, 788))
Allocating memory for v ((3, 788, 788, 788))
IntelCompiler: compiled /tmp/devito-pqq3ixhm/47edbfad79bf7f6ead359a65e6aec774bddfb208.c [4.14 s]
AutoTuner: Block shape <8,8,8> took 1.682012 (s) in 3 time steps
AutoTuner: Block shape <16,16,16> took 1.567495 (s) in 3 time steps
AutoTuner: Block shape <24,24,24> took 1.511291 (s) in 3 time steps
AutoTuner: Block shape <32,32,32> took 1.683145 (s) in 3 time steps
AutoTuner: Block shape <40,40,40> took 1.553017 (s) in 3 time steps
AutoTuner: Block shape <8,8,16> took 1.653730 (s) in 3 time steps
AutoTuner: Block shape <8,8,24> took 1.493935 (s) in 3 time steps
AutoTuner: Block shape <8,8,32> took 1.554171 (s) in 3 time steps
AutoTuner: Block shape <8,8,40> took 1.461094 (s) in 3 time steps
AutoTuner: Block shape <8,8,64> took 1.540328 (s) in 3 time steps
AutoTuner: Block shape <8,8,128> took 1.624813 (s) in 3 time steps
AutoTuner: Block shape <8,8,256> took 1.840925 (s) in 3 time steps
AutoTuner: Block shape <8,8,512> took 1.917284 (s) in 3 time steps
AutoTuner: Block shape <8,8,776> took 2.050860 (s) in 3 time steps
AutoTuner: Block shape <16,16,8> took 1.458998 (s) in 3 time steps
AutoTuner: Block shape <16,16,24> took 1.348324 (s) in 3 time steps
AutoTuner: Block shape <16,16,32> took 1.480110 (s) in 3 time steps
AutoTuner: Block shape <16,16,40> took 1.369922 (s) in 3 time steps
AutoTuner: Block shape <16,16,64> took 1.506773 (s) in 3 time steps
AutoTuner: Block shape <16,16,128> took 1.591914 (s) in 3 time steps
AutoTuner: Block shape <16,16,256> took 1.623217 (s) in 3 time steps
AutoTuner: Block shape <16,16,512> took 1.777118 (s) in 3 time steps
AutoTuner: Block shape <24,24,8> took 1.745314 (s) in 3 time steps
AutoTuner: Block shape <24,24,16> took 1.793036 (s) in 3 time steps
AutoTuner: Block shape <24,24,32> took 1.622095 (s) in 3 time steps
AutoTuner: Block shape <24,24,40> took 1.469533 (s) in 3 time steps
AutoTuner: Block shape <24,24,64> took 1.555574 (s) in 3 time steps
AutoTuner: Block shape <24,24,128> took 1.521139 (s) in 3 time steps
AutoTuner: Block shape <24,24,256> took 1.639777 (s) in 3 time steps
AutoTuner: Block shape <32,32,8> took 2.060169 (s) in 3 time steps
AutoTuner: Block shape <32,32,16> took 1.937425 (s) in 3 time steps
AutoTuner: Block shape <32,32,24> took 1.586221 (s) in 3 time steps
AutoTuner: Block shape <32,32,40> took 1.527387 (s) in 3 time steps
AutoTuner: Block shape <32,32,64> took 1.566850 (s) in 3 time steps
AutoTuner: Block shape <32,32,128> took 1.508790 (s) in 3 time steps
AutoTuner: Block shape <16,8,8> took 1.538950 (s) in 3 time steps
AutoTuner: Block shape <8,16,8> took 1.516261 (s) in 3 time steps
AutoTuner: Block shape <16,8,16> took 1.554852 (s) in 3 time steps
AutoTuner: Block shape <8,16,16> took 1.532874 (s) in 3 time steps
AutoTuner: Block shape <32,16,16> took 1.778590 (s) in 3 time steps
AutoTuner: Block shape <16,32,16> took 1.776130 (s) in 3 time steps
AutoTuner: Block shape <32,16,32> took 1.627965 (s) in 3 time steps
AutoTuner: Block shape <16,32,32> took 1.642204 (s) in 3 time steps
AutoTuner: Block shape <48,24,24> took 1.605007 (s) in 3 time steps
AutoTuner: Block shape <24,48,24> took 1.647195 (s) in 3 time steps
AutoTuner: Block shape <24,24,48> took 1.564606 (s) in 3 time steps
AutoTuner: Block shape <48,48,24> took 1.666415 (s) in 3 time steps
AutoTuner: Block shape <48,24,48> took 1.581841 (s) in 3 time steps
AutoTuner: Block shape <24,48,48> took 1.650739 (s) in 3 time steps
AutoTuner: Block shape <48,48,48> took 1.584520 (s) in 3 time steps
AutoTuner: Block shape <64,32,32> took 1.684043 (s) in 3 time steps
AutoTuner: Block shape <32,64,32> took 1.748405 (s) in 3 time steps
AutoTuner: Block shape <64,64,32> took 1.685742 (s) in 3 time steps
AutoTuner: Block shape <64,32,64> took 1.513535 (s) in 3 time steps
AutoTuner: Block shape <32,64,64> took 1.613230 (s) in 3 time steps
AutoTuner: Block shape <80,40,40> took 1.538849 (s) in 3 time steps
AutoTuner: Block shape <40,80,40> took 1.587887 (s) in 3 time steps
AutoTuner: Block shape <40,40,80> took 1.509287 (s) in 3 time steps
Auto-tuned block shape: {'x0_block_size': 16, 'y0_block_size': 16, 'z0_block_size': 24}
=========================================================================================
Section section_0<782,782,782> with OI=0.16 computed in 0.313 s [6.10 GFlops/s]
Section section_3<415,1> with OI=0.64 computed in 0.000 s [0.12 GFlops/s]
Section section_4<415,101> with OI=1.27 computed in 0.004 s [1.02 GFlops/s]
Section main<415,782,782,782> with OI=3.56 computed in 413.496 s [112.31 GFlops/s, 0.48 GPts/s]
=========================================================================================
Allocating memory for m ((788, 788, 788))
Allocating memory for damp ((788, 788, 788))
Allocating memory for epsilon ((788, 788, 788))
Allocating memory for delta ((788, 788, 788))
Allocating memory for theta ((788, 788, 788))
Allocating memory for phi ((788, 788, 788))
Allocating memory for src ((417, 1))
Allocating memory for src_coords ((1, 3))
Allocating memory for nrec_coords ((101, 3))
Allocating memory for rec_coords ((101, 3))
DSE: extract_time_varying [flops: 2541, elapsed: 0.22] >>
     extract_time_invariants [flops: 2133, elapsed: 0.10] >>
     eliminate_inter_stencil_redundancies [flops: 939, elapsed: 0.28] >>
     extract_sum_of_products [flops: 681, elapsed: 0.04] >>
     eliminate_inter_stencil_redundancies [flops: 443, elapsed: 0.07] >>
     extract_sum_of_products [flops: 378, elapsed: 0.02] >>
     factorize [flops: 285, elapsed: 0.19] >>
     eliminate_intra_stencil_redundancies [flops: 233, elapsed: 0.05] >>
     finalize [flops: 234, elapsed: 0.00]
     [Total elapsed: 0.97 s]
DLE: avoid_denormals [elapsed: 0.00] >>
     loop_fission [elapsed: 0.01] >>
     loop_blocking [elapsed: 0.36] >>
     simdize [elapsed: 0.04] >>
     ompize [elapsed: 0.04] >>
     create_elemental_functions [elapsed: 0.28] >>
     minimize_remainders [elapsed: 0.02]
     [Total elapsed: 0.75 s]
Allocating memory for rec ((417, 101))
Allocating memory for u ((3, 788, 788, 788))
Allocating memory for v ((3, 788, 788, 788))
IntelCompiler: compiled /tmp/devito-pqq3ixhm/f8b135173b14ba69ddd6878c6fd5bbb8177ed37c.c [4.15 s]
AutoTuner: Block shape <8,8,8> took 1.681356 (s) in 3 time steps
AutoTuner: Block shape <16,16,16> took 1.558514 (s) in 3 time steps
AutoTuner: Block shape <24,24,24> took 1.505723 (s) in 3 time steps
AutoTuner: Block shape <32,32,32> took 1.682049 (s) in 3 time steps
AutoTuner: Block shape <40,40,40> took 1.552054 (s) in 3 time steps
AutoTuner: Block shape <8,8,16> took 1.658719 (s) in 3 time steps
AutoTuner: Block shape <8,8,24> took 1.493885 (s) in 3 time steps
AutoTuner: Block shape <8,8,32> took 1.551660 (s) in 3 time steps
AutoTuner: Block shape <8,8,40> took 1.457654 (s) in 3 time steps
AutoTuner: Block shape <8,8,64> took 1.538162 (s) in 3 time steps
AutoTuner: Block shape <8,8,128> took 1.628341 (s) in 3 time steps
AutoTuner: Block shape <8,8,256> took 1.833340 (s) in 3 time steps
AutoTuner: Block shape <8,8,512> took 1.918947 (s) in 3 time steps
AutoTuner: Block shape <8,8,776> took 2.059144 (s) in 3 time steps
AutoTuner: Block shape <16,16,8> took 1.455097 (s) in 3 time steps
AutoTuner: Block shape <16,16,24> took 1.344287 (s) in 3 time steps
AutoTuner: Block shape <16,16,32> took 1.477583 (s) in 3 time steps
AutoTuner: Block shape <16,16,40> took 1.368797 (s) in 3 time steps
AutoTuner: Block shape <16,16,64> took 1.503790 (s) in 3 time steps
AutoTuner: Block shape <16,16,128> took 1.587271 (s) in 3 time steps
AutoTuner: Block shape <16,16,256> took 1.624560 (s) in 3 time steps
AutoTuner: Block shape <16,16,512> took 1.776986 (s) in 3 time steps
AutoTuner: Block shape <24,24,8> took 1.738178 (s) in 3 time steps
AutoTuner: Block shape <24,24,16> took 1.789293 (s) in 3 time steps
AutoTuner: Block shape <24,24,32> took 1.620245 (s) in 3 time steps
AutoTuner: Block shape <24,24,40> took 1.467427 (s) in 3 time steps
AutoTuner: Block shape <24,24,64> took 1.553710 (s) in 3 time steps
AutoTuner: Block shape <24,24,128> took 1.518957 (s) in 3 time steps
AutoTuner: Block shape <24,24,256> took 1.639146 (s) in 3 time steps
AutoTuner: Block shape <32,32,8> took 2.058396 (s) in 3 time steps
AutoTuner: Block shape <32,32,16> took 1.933924 (s) in 3 time steps
AutoTuner: Block shape <32,32,24> took 1.583696 (s) in 3 time steps
AutoTuner: Block shape <32,32,40> took 1.527012 (s) in 3 time steps
AutoTuner: Block shape <32,32,64> took 1.565690 (s) in 3 time steps
AutoTuner: Block shape <32,32,128> took 1.508263 (s) in 3 time steps
AutoTuner: Block shape <16,8,8> took 1.536341 (s) in 3 time steps
AutoTuner: Block shape <8,16,8> took 1.512057 (s) in 3 time steps
AutoTuner: Block shape <16,8,16> took 1.552821 (s) in 3 time steps
AutoTuner: Block shape <8,16,16> took 1.528992 (s) in 3 time steps
AutoTuner: Block shape <32,16,16> took 1.777202 (s) in 3 time steps
AutoTuner: Block shape <16,32,16> took 1.777427 (s) in 3 time steps
AutoTuner: Block shape <32,16,32> took 1.627232 (s) in 3 time steps
AutoTuner: Block shape <16,32,32> took 1.642080 (s) in 3 time steps
AutoTuner: Block shape <48,24,24> took 1.602222 (s) in 3 time steps
AutoTuner: Block shape <24,48,24> took 1.648487 (s) in 3 time steps
AutoTuner: Block shape <24,24,48> took 1.567116 (s) in 3 time steps
AutoTuner: Block shape <48,48,24> took 1.663277 (s) in 3 time steps
AutoTuner: Block shape <48,24,48> took 1.583138 (s) in 3 time steps
AutoTuner: Block shape <24,48,48> took 1.650851 (s) in 3 time steps
AutoTuner: Block shape <48,48,48> took 1.586185 (s) in 3 time steps
AutoTuner: Block shape <64,32,32> took 1.683011 (s) in 3 time steps
AutoTuner: Block shape <32,64,32> took 1.752007 (s) in 3 time steps
AutoTuner: Block shape <64,64,32> took 1.686012 (s) in 3 time steps
AutoTuner: Block shape <64,32,64> took 1.513587 (s) in 3 time steps
AutoTuner: Block shape <32,64,64> took 1.612078 (s) in 3 time steps
AutoTuner: Block shape <80,40,40> took 1.539153 (s) in 3 time steps
AutoTuner: Block shape <40,80,40> took 1.589060 (s) in 3 time steps
AutoTuner: Block shape <40,40,80> took 1.510922 (s) in 3 time steps
Auto-tuned block shape: {'x0_block_size': 16, 'y0_block_size': 16, 'z0_block_size': 24}
=========================================================================================
Section section_0<782,782,782> with OI=0.16 computed in 0.313 s [6.11 GFlops/s]
Section section_3<415,1> with OI=0.64 computed in 0.000 s [0.13 GFlops/s]
Section section_4<415,101> with OI=1.27 computed in 0.004 s [1.03 GFlops/s]
Section main<415,782,782,782> with OI=3.56 computed in 413.077 s [112.42 GFlops/s, 0.48 GPts/s]
=========================================================================================


OpesciBench: Running 3 repeats - parameters: arch: unknown, autotune: True, dle: advanced, dse: aggressive, nbpml: 10, shape: (768, 768, 768), space_order: 12, spacing: (20.0, 20.0, 20.0), time_order: 2, tn: 1000
OpesciBench [11:18:46]: --- Run 0 ---
icc -O3 -g -fPIC -Wall -std=c99 -xhost -shared -qopenmp /tmp/devito-pqq3ixhm/aac9464fe294ad29e770d3e30caa2196820ef9fe.c -o /tmp/devito-pqq3ixhm/aac9464fe294ad29e770d3e30caa2196820ef9fe.so
OpesciBench [11:28:15]: --- Run 0 finished ---

OpesciBench [11:28:15]: --- Run 1 ---
icc -O3 -g -fPIC -Wall -std=c99 -xhost -shared -qopenmp /tmp/devito-pqq3ixhm/47edbfad79bf7f6ead359a65e6aec774bddfb208.c -o /tmp/devito-pqq3ixhm/47edbfad79bf7f6ead359a65e6aec774bddfb208.so
OpesciBench [11:37:45]: --- Run 1 finished ---

OpesciBench [11:37:45]: --- Run 2 ---
icc -O3 -g -fPIC -Wall -std=c99 -xhost -shared -qopenmp /tmp/devito-pqq3ixhm/f8b135173b14ba69ddd6878c6fd5bbb8177ed37c.c -o /tmp/devito-pqq3ixhm/f8b135173b14ba69ddd6878c6fd5bbb8177ed37c.so
OpesciBench [11:47:15]: --- Run 2 finished ---



Thu Dec 21 11:47:15 PST 2017
top - 11:47:15 up 22 days,  2:36,  3 users,  load average: 56.00, 53.87, 51.20
Tasks: 1952 total,   1 running, 1951 sleeping,   0 stopped,   0 zombie
%Cpu(s):  5.2 us,  0.1 sy,  0.0 ni, 94.7 id,  0.0 wa,  0.0 hi,  0.0 si,  0.0 st
KiB Mem : 19652648+total, 18773432+free,  4728112 used,  4064056 buff/cache
KiB Swap: 50331644 total, 47136388 free,  3195256 used. 19104417+avail Mem 

   PID USER      PR  NI    VIRT    RES    SHR S  %CPU %MEM     TIME+ COMMAND
 59345 cyount    20   0  152236   3928   1472 R  11.1  0.0   0:00.03 top
     1 root      20   0  197856   6604   1468 S   0.0  0.0   1:10.31 systemd
     2 root      20   0       0      0      0 S   0.0  0.0   0:00.29 kthreadd
     3 root      20   0       0      0      0 S   0.0  0.0   0:00.10 ksoftirqd/0
     5 root       0 -20       0      0      0 S   0.0  0.0   0:00.00 kworker/0:0H
     8 root      rt   0       0      0      0 S   0.0  0.0   0:01.43 migration/0
     9 root      20   0       0      0      0 S   0.0  0.0   0:00.00 rcu_bh
    10 root      20   0       0      0      0 S   0.0  0.0   0:00.00 rcuob/0
    11 root      20   0       0      0      0 S   0.0  0.0   0:00.00 rcuob/1
    12 root      20   0       0      0      0 S   0.0  0.0   0:00.00 rcuob/2
    13 root      20   0       0      0      0 S   0.0  0.0   0:00.00 rcuob/3
    14 root      20   0       0      0      0 S   0.0  0.0   0:00.00 rcuob/4
    15 root      20   0       0      0      0 S   0.0  0.0   0:00.00 rcuob/5
    16 root      20   0       0      0      0 S   0.0  0.0   0:00.00 rcuob/6
    17 root      20   0       0      0      0 S   0.0  0.0   0:00.00 rcuob/7
    18 root      20   0       0      0      0 S   0.0  0.0   0:00.00 rcuob/8
    19 root      20   0       0      0      0 S   0.0  0.0   0:00.00 rcuob/9
    20 root      20   0       0      0      0 S   0.0  0.0   0:00.00 rcuob/10
    21 root      20   0       0      0      0 S   0.0  0.0   0:00.00 rcuob/11
    22 root      20   0       0      0      0 S   0.0  0.0   0:00.00 rcuob/12
    23 root      20   0       0      0      0 S   0.0  0.0   0:00.00 rcuob/13
    24 root      20   0       0      0      0 S   0.0  0.0   0:00.00 rcuob/14
    25 root      20   0       0      0      0 S   0.0  0.0   0:00.00 rcuob/15
