Thu Dec 21 18:02:48 PST 2017
Linux ortce-skl3 3.10.0-327.el7.x86_64 #1 SMP Thu Oct 29 17:29:29 EDT 2015 x86_64 x86_64 x86_64 GNU/Linux
Architecture:          x86_64
CPU op-mode(s):        32-bit, 64-bit
Byte Order:            Little Endian
CPU(s):                112
On-line CPU(s) list:   0-111
Thread(s) per core:    2
Core(s) per socket:    28
Socket(s):             2
NUMA node(s):          2
Vendor ID:             GenuineIntel
CPU family:            6
Model:                 85
Model name:            Intel(R) Xeon(R) Platinum 8180 CPU @ 2.50GHz
Stepping:              4
CPU MHz:               2501.000
BogoMIPS:              4993.64
Virtualization:        VT-x
L1d cache:             32K
L1i cache:             32K
L2 cache:              1024K
L3 cache:              39424K
NUMA node0 CPU(s):     0-27,56-83
NUMA node1 CPU(s):     28-55,84-111
Linux ortce-skl3 3.10.0-327.el7.x86_64 #1 SMP Thu Oct 29 17:29:29 EDT 2015 x86_64 x86_64 x86_64 GNU/Linux
available: 2 nodes (0-1)
node 0 cpus: 0 1 2 3 4 5 6 7 8 9 10 11 12 13 14 15 16 17 18 19 20 21 22 23 24 25 26 27 56 57 58 59 60 61 62 63 64 65 66 67 68 69 70 71 72 73 74 75 76 77 78 79 80 81 82 83
node 0 size: 96973 MB
node 0 free: 90369 MB
node 1 cpus: 28 29 30 31 32 33 34 35 36 37 38 39 40 41 42 43 44 45 46 47 48 49 50 51 52 53 54 55 84 85 86 87 88 89 90 91 92 93 94 95 96 97 98 99 100 101 102 103 104 105 106 107 108 109 110 111
node 1 size: 98304 MB
node 1 free: 92927 MB
node distances:
node   0   1 
  0:  10  21 
  1:  21  10 

Per-node system memory usage (in MBs):
                          Node 0          Node 1           Total
                 --------------- --------------- ---------------
MemTotal                96973.63        98304.00       195277.63
MemFree                 90369.96        92927.88       183297.84
MemUsed                  6603.67         5376.12        11979.79
Active                    389.42          579.53          968.95
Inactive                 2575.04         2163.26         4738.30
Active(anon)              213.71           31.66          245.37
Inactive(anon)           1563.71          672.04         2235.75
Active(file)              175.71          547.87          723.58
Inactive(file)           1011.33         1491.22         2502.55
Unevictable                 0.00            0.00            0.00
Mlocked                     0.00            0.00            0.00
Dirty                       0.00            0.00            0.00
Writeback                   0.00            0.00            0.00
FilePages                2720.99         2708.92         5429.91
Mapped                     40.79           11.23           52.02
AnonPages                 292.32           48.50          340.82
Shmem                      14.23            2.67           16.90
KernelStack                33.27           10.34           43.61
PageTables                 28.38           22.68           51.06
NFS_Unstable                0.00            0.00            0.00
Bounce                      0.00            0.00            0.00
WritebackTmp                0.00            0.00            0.00
Slab                      398.66          329.86          728.52
SReclaimable              204.55          141.38          345.93
SUnreclaim                194.12          188.48          382.59
AnonHugePages             104.00           14.00          118.00
HugePages_Total             0.00            0.00            0.00
HugePages_Free              0.00            0.00            0.00
HugePages_Surp              0.00            0.00            0.00
top - 18:02:48 up 22 days,  8:51,  3 users,  load average: 54.50, 47.80, 40.72
Tasks: 1953 total,   1 running, 1952 sleeping,   0 stopped,   0 zombie
%Cpu(s):  5.6 us,  0.1 sy,  0.0 ni, 94.3 id,  0.0 wa,  0.0 hi,  0.0 si,  0.0 st
KiB Mem : 19652648+total, 18769643+free,  4763684 used,  4066364 buff/cache
KiB Swap: 50331644 total, 47136812 free,  3194832 used. 19101635+avail Mem 

   PID USER      PR  NI    VIRT    RES    SHR S  %CPU %MEM     TIME+ COMMAND
 87981 cyount    20   0  152236   3932   1476 R  12.5  0.0   0:00.02 top
     1 root      20   0  197856   6604   1468 S   0.0  0.0   1:11.03 systemd
     2 root      20   0       0      0      0 S   0.0  0.0   0:00.30 kthreadd
     3 root      20   0       0      0      0 S   0.0  0.0   0:00.11 ksoftirqd/0
     5 root       0 -20       0      0      0 S   0.0  0.0   0:00.00 kworker/0:0H
     8 root      rt   0       0      0      0 S   0.0  0.0   0:01.43 migration/0
     9 root      20   0       0      0      0 S   0.0  0.0   0:00.00 rcu_bh
    10 root      20   0       0      0      0 S   0.0  0.0   0:00.00 rcuob/0
    11 root      20   0       0      0      0 S   0.0  0.0   0:00.00 rcuob/1
    12 root      20   0       0      0      0 S   0.0  0.0   0:00.00 rcuob/2
    13 root      20   0       0      0      0 S   0.0  0.0   0:00.00 rcuob/3
    14 root      20   0       0      0      0 S   0.0  0.0   0:00.00 rcuob/4
    15 root      20   0       0      0      0 S   0.0  0.0   0:00.00 rcuob/5
    16 root      20   0       0      0      0 S   0.0  0.0   0:00.00 rcuob/6
    17 root      20   0       0      0      0 S   0.0  0.0   0:00.00 rcuob/7
    18 root      20   0       0      0      0 S   0.0  0.0   0:00.00 rcuob/8
    19 root      20   0       0      0      0 S   0.0  0.0   0:00.00 rcuob/9
    20 root      20   0       0      0      0 S   0.0  0.0   0:00.00 rcuob/10
    21 root      20   0       0      0      0 S   0.0  0.0   0:00.00 rcuob/11
    22 root      20   0       0      0      0 S   0.0  0.0   0:00.00 rcuob/12
    23 root      20   0       0      0      0 S   0.0  0.0   0:00.00 rcuob/13
    24 root      20   0       0      0      0 S   0.0  0.0   0:00.00 rcuob/14
    25 root      20   0       0      0      0 S   0.0  0.0   0:00.00 rcuob/15
env DEVITO_PLATFORM=skx DEVITO_ISA=avx512 DEVITO_DEBUG_COMPILER=1 DEVITO_DLE_OPTIONS=blockinner:True DEVITO_AUTOTUNING=aggressive DEVITO_BACKEND=core DEVITO_OPENMP=1 DEVITO_ARCH=intel DEVITO_LOGGING=DEBUG DEVITO_YASK_AUTOTUNING=preemptive DEVITO_YASK_DUMP=devito.bench.2017-12-21/tti/core/bmdse/ortce-skl3/grid512/so16 numactl --cpubind=1 python examples/seismic/benchmark.py bench -bm dse -P tti -so 16 -to 2 -d 512 512 512 --tn 1000 -x 3 -r devito.bench.2017-12-21/tti/core/bmdse/ortce-skl3/grid512/so16
Allocating memory for m ((532, 532, 532))
Allocating memory for damp ((532, 532, 532))
Allocating memory for epsilon ((532, 532, 532))
Allocating memory for delta ((532, 532, 532))
Allocating memory for theta ((532, 532, 532))
Allocating memory for phi ((532, 532, 532))
Allocating memory for src ((417, 1))
Allocating memory for src_coords ((1, 3))
Allocating memory for nrec_coords ((101, 3))
Allocating memory for rec_coords ((101, 3))
DSE: eliminate_intra_stencil_redundancies [flops: 2835, elapsed: 1.89] >>
     finalize [flops: 2837, elapsed: 0.06]
     [Total elapsed: 1.95 s]
DLE: avoid_denormals [elapsed: 0.00] >>
     loop_fission [elapsed: 0.03] >>
     loop_blocking [elapsed: 0.30] >>
     simdize [elapsed: 0.32] >>
     ompize [elapsed: 0.09] >>
     create_elemental_functions [elapsed: 0.53] >>
     minimize_remainders [elapsed: 0.04]
     [Total elapsed: 1.31 s]
Allocating memory for rec ((417, 101))
Allocating memory for u ((3, 532, 532, 532))
Allocating memory for v ((3, 532, 532, 532))
IntelCompiler: compiled /tmp/devito-aldqn1ky/3fd64013e5691d1cd9ca08fe7c65c27f84bdcf2f.c [529.07 s]
AutoTuner: Block shape <8,8,8> took 1.242633 (s) in 3 time steps
AutoTuner: Block shape <16,16,16> took 1.124098 (s) in 3 time steps
AutoTuner: Block shape <24,24,24> took 1.150969 (s) in 3 time steps
AutoTuner: Block shape <32,32,32> took 1.154811 (s) in 3 time steps
AutoTuner: Block shape <40,40,40> took 1.281762 (s) in 3 time steps
AutoTuner: Block shape <64,64,64> took 1.353193 (s) in 3 time steps
AutoTuner: Block shape <128,128,128> took 1.874202 (s) in 3 time steps
AutoTuner: Block shape <256,256,256> took 5.356868 (s) in 3 time steps
AutoTuner: Block shape <512,512,512> took 36.888400 (s) in 3 time steps
AutoTuner: Block shape <516,516,516> took 35.936411 (s) in 3 time steps
AutoTuner: Block shape <8,8,16> took 1.132698 (s) in 3 time steps
AutoTuner: Block shape <8,8,24> took 1.116345 (s) in 3 time steps
AutoTuner: Block shape <8,8,32> took 1.141217 (s) in 3 time steps
AutoTuner: Block shape <8,8,40> took 1.133815 (s) in 3 time steps
AutoTuner: Block shape <8,8,64> took 1.131493 (s) in 3 time steps
AutoTuner: Block shape <8,8,128> took 1.154142 (s) in 3 time steps
AutoTuner: Block shape <8,8,256> took 1.201663 (s) in 3 time steps
AutoTuner: Block shape <8,8,512> took 1.384800 (s) in 3 time steps
AutoTuner: Block shape <8,8,516> took 1.414759 (s) in 3 time steps
AutoTuner: Block shape <16,16,8> took 1.214972 (s) in 3 time steps
AutoTuner: Block shape <16,16,24> took 1.141988 (s) in 3 time steps
AutoTuner: Block shape <16,16,32> took 1.133155 (s) in 3 time steps
AutoTuner: Block shape <16,16,40> took 1.126784 (s) in 3 time steps
AutoTuner: Block shape <16,16,64> took 1.130565 (s) in 3 time steps
AutoTuner: Block shape <16,16,128> took 1.154406 (s) in 3 time steps
AutoTuner: Block shape <16,16,256> took 1.264033 (s) in 3 time steps
AutoTuner: Block shape <16,16,512> took 1.498046 (s) in 3 time steps
AutoTuner: Block shape <16,16,516> took 1.517389 (s) in 3 time steps
AutoTuner: Block shape <24,24,8> took 1.233437 (s) in 3 time steps
AutoTuner: Block shape <24,24,16> took 1.179851 (s) in 3 time steps
AutoTuner: Block shape <24,24,32> took 1.140721 (s) in 3 time steps
AutoTuner: Block shape <24,24,40> took 1.154374 (s) in 3 time steps
AutoTuner: Block shape <24,24,64> took 1.142818 (s) in 3 time steps
AutoTuner: Block shape <24,24,128> took 1.206096 (s) in 3 time steps
AutoTuner: Block shape <24,24,256> took 1.350555 (s) in 3 time steps
AutoTuner: Block shape <24,24,512> took 1.606811 (s) in 3 time steps
AutoTuner: Block shape <24,24,516> took 1.618242 (s) in 3 time steps
AutoTuner: Block shape <32,32,8> took 1.255389 (s) in 3 time steps
AutoTuner: Block shape <32,32,16> took 1.197440 (s) in 3 time steps
AutoTuner: Block shape <32,32,24> took 1.174000 (s) in 3 time steps
AutoTuner: Block shape <32,32,40> took 1.168384 (s) in 3 time steps
AutoTuner: Block shape <32,32,64> took 1.171483 (s) in 3 time steps
AutoTuner: Block shape <32,32,128> took 1.262859 (s) in 3 time steps
AutoTuner: Block shape <32,32,256> took 1.420062 (s) in 3 time steps
AutoTuner: Block shape <32,32,512> took 1.634589 (s) in 3 time steps
AutoTuner: Block shape <32,32,516> took 1.645317 (s) in 3 time steps
AutoTuner: Block shape <16,8,8> took 1.213990 (s) in 3 time steps
AutoTuner: Block shape <8,16,8> took 1.221291 (s) in 3 time steps
AutoTuner: Block shape <16,8,16> took 1.174424 (s) in 3 time steps
AutoTuner: Block shape <8,16,16> took 1.171585 (s) in 3 time steps
AutoTuner: Block shape <32,16,16> took 1.180077 (s) in 3 time steps
AutoTuner: Block shape <16,32,16> took 1.187893 (s) in 3 time steps
AutoTuner: Block shape <32,16,32> took 1.137530 (s) in 3 time steps
AutoTuner: Block shape <16,32,32> took 1.157170 (s) in 3 time steps
AutoTuner: Block shape <48,24,24> took 1.173770 (s) in 3 time steps
AutoTuner: Block shape <24,48,24> took 1.221971 (s) in 3 time steps
AutoTuner: Block shape <24,24,48> took 1.155145 (s) in 3 time steps
AutoTuner: Block shape <48,48,24> took 1.270583 (s) in 3 time steps
AutoTuner: Block shape <48,24,48> took 1.188102 (s) in 3 time steps
AutoTuner: Block shape <24,48,48> took 1.239344 (s) in 3 time steps
AutoTuner: Block shape <48,48,48> took 1.310566 (s) in 3 time steps
AutoTuner: Block shape <64,32,32> took 1.168935 (s) in 3 time steps
AutoTuner: Block shape <32,64,32> took 1.238363 (s) in 3 time steps
AutoTuner: Block shape <64,64,32> took 1.260519 (s) in 3 time steps
AutoTuner: Block shape <64,32,64> took 1.192966 (s) in 3 time steps
AutoTuner: Block shape <32,64,64> took 1.318375 (s) in 3 time steps
AutoTuner: Block shape <80,40,40> took 1.383389 (s) in 3 time steps
AutoTuner: Block shape <40,80,40> took 1.471867 (s) in 3 time steps
AutoTuner: Block shape <40,40,80> took 1.385441 (s) in 3 time steps
AutoTuner: Block shape <80,80,40> took 1.498845 (s) in 3 time steps
AutoTuner: Block shape <80,40,80> took 1.435550 (s) in 3 time steps
AutoTuner: Block shape <40,80,80> took 1.570655 (s) in 3 time steps
AutoTuner: Block shape <80,80,80> took 1.584475 (s) in 3 time steps
AutoTuner: Block shape <128,64,64> took 1.372607 (s) in 3 time steps
AutoTuner: Block shape <64,128,64> took 1.511109 (s) in 3 time steps
AutoTuner: Block shape <64,64,128> took 1.443336 (s) in 3 time steps
AutoTuner: Block shape <128,128,64> took 1.782538 (s) in 3 time steps
AutoTuner: Block shape <128,64,128> took 1.505122 (s) in 3 time steps
AutoTuner: Block shape <64,128,128> took 1.590324 (s) in 3 time steps
AutoTuner: Block shape <256,128,128> took 2.294417 (s) in 3 time steps
AutoTuner: Block shape <128,256,128> took 2.338068 (s) in 3 time steps
AutoTuner: Block shape <128,128,256> took 2.288511 (s) in 3 time steps
AutoTuner: Block shape <256,256,128> took 3.015293 (s) in 3 time steps
AutoTuner: Block shape <256,128,256> took 2.784033 (s) in 3 time steps
AutoTuner: Block shape <128,256,256> took 2.877966 (s) in 3 time steps
AutoTuner: Block shape <512,256,256> took 9.746369 (s) in 3 time steps
AutoTuner: Block shape <256,512,256> took 10.308695 (s) in 3 time steps
AutoTuner: Block shape <256,256,512> took 9.988469 (s) in 3 time steps
AutoTuner: Block shape <512,512,256> took 19.480847 (s) in 3 time steps
AutoTuner: Block shape <512,256,512> took 18.160514 (s) in 3 time steps
AutoTuner: Block shape <256,512,512> took 18.973447 (s) in 3 time steps
Auto-tuned block shape: {'x0_block_size': 8, 'y0_block_size': 8, 'z0_block_size': 24}
=========================================================================================
Section section_1<415,1> with OI=0.64 computed in 0.000 s [0.13 GFlops/s]
Section section_2<415,101> with OI=1.27 computed in 0.004 s [0.95 GFlops/s]
Section main<415,516,516,516> with OI=64.41 computed in 478.394 s [338.12 GFlops/s, 0.12 GPts/s]
=========================================================================================
Allocating memory for m ((532, 532, 532))
Allocating memory for damp ((532, 532, 532))
Allocating memory for epsilon ((532, 532, 532))
Allocating memory for delta ((532, 532, 532))
Allocating memory for theta ((532, 532, 532))
Allocating memory for phi ((532, 532, 532))
Allocating memory for src ((417, 1))
Allocating memory for src_coords ((1, 3))
Allocating memory for nrec_coords ((101, 3))
Allocating memory for rec_coords ((101, 3))
DSE: eliminate_intra_stencil_redundancies [flops: 2835, elapsed: 1.89] >>
     finalize [flops: 2837, elapsed: 0.06]
     [Total elapsed: 1.95 s]
DLE: avoid_denormals [elapsed: 0.00] >>
     loop_fission [elapsed: 0.03] >>
     loop_blocking [elapsed: 0.29] >>
     simdize [elapsed: 0.20] >>
     ompize [elapsed: 0.09] >>
     create_elemental_functions [elapsed: 0.52] >>
     minimize_remainders [elapsed: 0.04]
     [Total elapsed: 1.17 s]
Allocating memory for rec ((417, 101))
Allocating memory for u ((3, 532, 532, 532))
Allocating memory for v ((3, 532, 532, 532))
IntelCompiler: compiled /tmp/devito-aldqn1ky/3fd64013e5691d1cd9ca08fe7c65c27f84bdcf2f.c [522.14 s]
AutoTuner: Block shape <8,8,8> took 1.186421 (s) in 3 time steps
AutoTuner: Block shape <16,16,16> took 1.123624 (s) in 3 time steps
AutoTuner: Block shape <24,24,24> took 1.148095 (s) in 3 time steps
AutoTuner: Block shape <32,32,32> took 1.157251 (s) in 3 time steps
AutoTuner: Block shape <40,40,40> took 1.271635 (s) in 3 time steps
AutoTuner: Block shape <64,64,64> took 1.357539 (s) in 3 time steps
AutoTuner: Block shape <128,128,128> took 1.818302 (s) in 3 time steps
AutoTuner: Block shape <256,256,256> took 5.406049 (s) in 3 time steps
AutoTuner: Block shape <512,512,512> took 38.155115 (s) in 3 time steps
AutoTuner: Block shape <516,516,516> took 37.909161 (s) in 3 time steps
AutoTuner: Block shape <8,8,16> took 1.134617 (s) in 3 time steps
AutoTuner: Block shape <8,8,24> took 1.119919 (s) in 3 time steps
AutoTuner: Block shape <8,8,32> took 1.142110 (s) in 3 time steps
AutoTuner: Block shape <8,8,40> took 1.139784 (s) in 3 time steps
AutoTuner: Block shape <8,8,64> took 1.132600 (s) in 3 time steps
AutoTuner: Block shape <8,8,128> took 1.158592 (s) in 3 time steps
AutoTuner: Block shape <8,8,256> took 1.197550 (s) in 3 time steps
AutoTuner: Block shape <8,8,512> took 1.388186 (s) in 3 time steps
AutoTuner: Block shape <8,8,516> took 1.416644 (s) in 3 time steps
AutoTuner: Block shape <16,16,8> took 1.209267 (s) in 3 time steps
AutoTuner: Block shape <16,16,24> took 1.143070 (s) in 3 time steps
AutoTuner: Block shape <16,16,32> took 1.131049 (s) in 3 time steps
AutoTuner: Block shape <16,16,40> took 1.131397 (s) in 3 time steps
AutoTuner: Block shape <16,16,64> took 1.139222 (s) in 3 time steps
AutoTuner: Block shape <16,16,128> took 1.156969 (s) in 3 time steps
AutoTuner: Block shape <16,16,256> took 1.255769 (s) in 3 time steps
AutoTuner: Block shape <16,16,512> took 1.489037 (s) in 3 time steps
AutoTuner: Block shape <16,16,516> took 1.508061 (s) in 3 time steps
AutoTuner: Block shape <24,24,8> took 1.231335 (s) in 3 time steps
AutoTuner: Block shape <24,24,16> took 1.177853 (s) in 3 time steps
AutoTuner: Block shape <24,24,32> took 1.148429 (s) in 3 time steps
AutoTuner: Block shape <24,24,40> took 1.155781 (s) in 3 time steps
AutoTuner: Block shape <24,24,64> took 1.161411 (s) in 3 time steps
AutoTuner: Block shape <24,24,128> took 1.203269 (s) in 3 time steps
AutoTuner: Block shape <24,24,256> took 1.344618 (s) in 3 time steps
AutoTuner: Block shape <24,24,512> took 1.608713 (s) in 3 time steps
AutoTuner: Block shape <24,24,516> took 1.618025 (s) in 3 time steps
AutoTuner: Block shape <32,32,8> took 1.252249 (s) in 3 time steps
AutoTuner: Block shape <32,32,16> took 1.186785 (s) in 3 time steps
AutoTuner: Block shape <32,32,24> took 1.164321 (s) in 3 time steps
AutoTuner: Block shape <32,32,40> took 1.179118 (s) in 3 time steps
AutoTuner: Block shape <32,32,64> took 1.176892 (s) in 3 time steps
AutoTuner: Block shape <32,32,128> took 1.267864 (s) in 3 time steps
AutoTuner: Block shape <32,32,256> took 1.407371 (s) in 3 time steps
AutoTuner: Block shape <32,32,512> took 1.606566 (s) in 3 time steps
AutoTuner: Block shape <32,32,516> took 1.619023 (s) in 3 time steps
AutoTuner: Block shape <16,8,8> took 1.211707 (s) in 3 time steps
AutoTuner: Block shape <8,16,8> took 1.217877 (s) in 3 time steps
AutoTuner: Block shape <16,8,16> took 1.173428 (s) in 3 time steps
AutoTuner: Block shape <8,16,16> took 1.171486 (s) in 3 time steps
AutoTuner: Block shape <32,16,16> took 1.181328 (s) in 3 time steps
AutoTuner: Block shape <16,32,16> took 1.178533 (s) in 3 time steps
AutoTuner: Block shape <32,16,32> took 1.137890 (s) in 3 time steps
AutoTuner: Block shape <16,32,32> took 1.163552 (s) in 3 time steps
AutoTuner: Block shape <48,24,24> took 1.166495 (s) in 3 time steps
AutoTuner: Block shape <24,48,24> took 1.210099 (s) in 3 time steps
AutoTuner: Block shape <24,24,48> took 1.159582 (s) in 3 time steps
AutoTuner: Block shape <48,48,24> took 1.253634 (s) in 3 time steps
AutoTuner: Block shape <48,24,48> took 1.196336 (s) in 3 time steps
AutoTuner: Block shape <24,48,48> took 1.235445 (s) in 3 time steps
AutoTuner: Block shape <48,48,48> took 1.297358 (s) in 3 time steps
AutoTuner: Block shape <64,32,32> took 1.164169 (s) in 3 time steps
AutoTuner: Block shape <32,64,32> took 1.236453 (s) in 3 time steps
AutoTuner: Block shape <64,64,32> took 1.257034 (s) in 3 time steps
AutoTuner: Block shape <64,32,64> took 1.183631 (s) in 3 time steps
AutoTuner: Block shape <32,64,64> took 1.314220 (s) in 3 time steps
AutoTuner: Block shape <80,40,40> took 1.347727 (s) in 3 time steps
AutoTuner: Block shape <40,80,40> took 1.439801 (s) in 3 time steps
AutoTuner: Block shape <40,40,80> took 1.356391 (s) in 3 time steps
AutoTuner: Block shape <80,80,40> took 1.483312 (s) in 3 time steps
AutoTuner: Block shape <80,40,80> took 1.413096 (s) in 3 time steps
AutoTuner: Block shape <40,80,80> took 1.548058 (s) in 3 time steps
AutoTuner: Block shape <80,80,80> took 1.592976 (s) in 3 time steps
AutoTuner: Block shape <128,64,64> took 1.377754 (s) in 3 time steps
AutoTuner: Block shape <64,128,64> took 1.512388 (s) in 3 time steps
AutoTuner: Block shape <64,64,128> took 1.445381 (s) in 3 time steps
AutoTuner: Block shape <128,128,64> took 1.592691 (s) in 3 time steps
AutoTuner: Block shape <128,64,128> took 1.512828 (s) in 3 time steps
AutoTuner: Block shape <64,128,128> took 1.598218 (s) in 3 time steps
AutoTuner: Block shape <256,128,128> took 2.234259 (s) in 3 time steps
AutoTuner: Block shape <128,256,128> took 2.458824 (s) in 3 time steps
AutoTuner: Block shape <128,128,256> took 2.295914 (s) in 3 time steps
AutoTuner: Block shape <256,256,128> took 2.996512 (s) in 3 time steps
AutoTuner: Block shape <256,128,256> took 2.799285 (s) in 3 time steps
AutoTuner: Block shape <128,256,256> took 2.896680 (s) in 3 time steps
AutoTuner: Block shape <512,256,256> took 9.827561 (s) in 3 time steps
AutoTuner: Block shape <256,512,256> took 10.444723 (s) in 3 time steps
AutoTuner: Block shape <256,256,512> took 9.999660 (s) in 3 time steps
AutoTuner: Block shape <512,512,256> took 19.679388 (s) in 3 time steps
AutoTuner: Block shape <512,256,512> took 18.821306 (s) in 3 time steps
AutoTuner: Block shape <256,512,512> took 19.231839 (s) in 3 time steps
Auto-tuned block shape: {'x0_block_size': 8, 'y0_block_size': 8, 'z0_block_size': 24}
=========================================================================================
Section section_1<415,1> with OI=0.64 computed in 0.000 s [0.13 GFlops/s]
Section section_2<415,101> with OI=1.27 computed in 0.005 s [0.82 GFlops/s]
Section main<415,516,516,516> with OI=64.41 computed in 477.430 s [338.80 GFlops/s, 0.12 GPts/s]
=========================================================================================
Allocating memory for m ((532, 532, 532))
Allocating memory for damp ((532, 532, 532))
Allocating memory for epsilon ((532, 532, 532))
Allocating memory for delta ((532, 532, 532))
Allocating memory for theta ((532, 532, 532))
Allocating memory for phi ((532, 532, 532))
Allocating memory for src ((417, 1))
Allocating memory for src_coords ((1, 3))
Allocating memory for nrec_coords ((101, 3))
Allocating memory for rec_coords ((101, 3))
DSE: eliminate_intra_stencil_redundancies [flops: 2835, elapsed: 1.89] >>
     finalize [flops: 2837, elapsed: 0.06]
     [Total elapsed: 1.94 s]
DLE: avoid_denormals [elapsed: 0.00] >>
     loop_fission [elapsed: 0.03] >>
     loop_blocking [elapsed: 0.29] >>
     simdize [elapsed: 0.20] >>
     ompize [elapsed: 0.09] >>
     create_elemental_functions [elapsed: 0.49] >>
     minimize_remainders [elapsed: 0.04]
     [Total elapsed: 1.15 s]
Allocating memory for rec ((417, 101))
Allocating memory for u ((3, 532, 532, 532))
Allocating memory for v ((3, 532, 532, 532))
IntelCompiler: compiled /tmp/devito-aldqn1ky/3fd64013e5691d1cd9ca08fe7c65c27f84bdcf2f.c [554.65 s]
AutoTuner: Block shape <8,8,8> took 1.185031 (s) in 3 time steps
AutoTuner: Block shape <16,16,16> took 1.123068 (s) in 3 time steps
AutoTuner: Block shape <24,24,24> took 1.144175 (s) in 3 time steps
AutoTuner: Block shape <32,32,32> took 1.159822 (s) in 3 time steps
AutoTuner: Block shape <40,40,40> took 1.270377 (s) in 3 time steps
AutoTuner: Block shape <64,64,64> took 1.359765 (s) in 3 time steps
AutoTuner: Block shape <128,128,128> took 1.827545 (s) in 3 time steps
AutoTuner: Block shape <256,256,256> took 5.418563 (s) in 3 time steps
AutoTuner: Block shape <512,512,512> took 37.842175 (s) in 3 time steps
AutoTuner: Block shape <516,516,516> took 37.234817 (s) in 3 time steps
AutoTuner: Block shape <8,8,16> took 1.133678 (s) in 3 time steps
AutoTuner: Block shape <8,8,24> took 1.119187 (s) in 3 time steps
AutoTuner: Block shape <8,8,32> took 1.142788 (s) in 3 time steps
AutoTuner: Block shape <8,8,40> took 1.141178 (s) in 3 time steps
AutoTuner: Block shape <8,8,64> took 1.133865 (s) in 3 time steps
AutoTuner: Block shape <8,8,128> took 1.152697 (s) in 3 time steps
AutoTuner: Block shape <8,8,256> took 1.198915 (s) in 3 time steps
AutoTuner: Block shape <8,8,512> took 1.387737 (s) in 3 time steps
AutoTuner: Block shape <8,8,516> took 1.417745 (s) in 3 time steps
AutoTuner: Block shape <16,16,8> took 1.208466 (s) in 3 time steps
AutoTuner: Block shape <16,16,24> took 1.140670 (s) in 3 time steps
AutoTuner: Block shape <16,16,32> took 1.127676 (s) in 3 time steps
AutoTuner: Block shape <16,16,40> took 1.128856 (s) in 3 time steps
AutoTuner: Block shape <16,16,64> took 1.134326 (s) in 3 time steps
AutoTuner: Block shape <16,16,128> took 1.155950 (s) in 3 time steps
AutoTuner: Block shape <16,16,256> took 1.258935 (s) in 3 time steps
AutoTuner: Block shape <16,16,512> took 1.487983 (s) in 3 time steps
AutoTuner: Block shape <16,16,516> took 1.506373 (s) in 3 time steps
AutoTuner: Block shape <24,24,8> took 1.230638 (s) in 3 time steps
AutoTuner: Block shape <24,24,16> took 1.174416 (s) in 3 time steps
AutoTuner: Block shape <24,24,32> took 1.142281 (s) in 3 time steps
AutoTuner: Block shape <24,24,40> took 1.168780 (s) in 3 time steps
AutoTuner: Block shape <24,24,64> took 1.152278 (s) in 3 time steps
AutoTuner: Block shape <24,24,128> took 1.204753 (s) in 3 time steps
AutoTuner: Block shape <24,24,256> took 1.343879 (s) in 3 time steps
AutoTuner: Block shape <24,24,512> took 1.602872 (s) in 3 time steps
AutoTuner: Block shape <24,24,516> took 1.611842 (s) in 3 time steps
AutoTuner: Block shape <32,32,8> took 1.249142 (s) in 3 time steps
AutoTuner: Block shape <32,32,16> took 1.180506 (s) in 3 time steps
AutoTuner: Block shape <32,32,24> took 1.164040 (s) in 3 time steps
AutoTuner: Block shape <32,32,40> took 1.177451 (s) in 3 time steps
AutoTuner: Block shape <32,32,64> took 1.174448 (s) in 3 time steps
AutoTuner: Block shape <32,32,128> took 1.264718 (s) in 3 time steps
AutoTuner: Block shape <32,32,256> took 1.410571 (s) in 3 time steps
AutoTuner: Block shape <32,32,512> took 1.606977 (s) in 3 time steps
AutoTuner: Block shape <32,32,516> took 1.614635 (s) in 3 time steps
AutoTuner: Block shape <16,8,8> took 1.207653 (s) in 3 time steps
AutoTuner: Block shape <8,16,8> took 1.214721 (s) in 3 time steps
AutoTuner: Block shape <16,8,16> took 1.171466 (s) in 3 time steps
AutoTuner: Block shape <8,16,16> took 1.167743 (s) in 3 time steps
AutoTuner: Block shape <32,16,16> took 1.178636 (s) in 3 time steps
AutoTuner: Block shape <16,32,16> took 1.180492 (s) in 3 time steps
AutoTuner: Block shape <32,16,32> took 1.135264 (s) in 3 time steps
AutoTuner: Block shape <16,32,32> took 1.168971 (s) in 3 time steps
AutoTuner: Block shape <48,24,24> took 1.166036 (s) in 3 time steps
AutoTuner: Block shape <24,48,24> took 1.212452 (s) in 3 time steps
AutoTuner: Block shape <24,24,48> took 1.158569 (s) in 3 time steps
AutoTuner: Block shape <48,48,24> took 1.251843 (s) in 3 time steps
AutoTuner: Block shape <48,24,48> took 1.189158 (s) in 3 time steps
AutoTuner: Block shape <24,48,48> took 1.235311 (s) in 3 time steps
AutoTuner: Block shape <48,48,48> took 1.298425 (s) in 3 time steps
AutoTuner: Block shape <64,32,32> took 1.166833 (s) in 3 time steps
AutoTuner: Block shape <32,64,32> took 1.232391 (s) in 3 time steps
AutoTuner: Block shape <64,64,32> took 1.256874 (s) in 3 time steps
AutoTuner: Block shape <64,32,64> took 1.191317 (s) in 3 time steps
AutoTuner: Block shape <32,64,64> took 1.322335 (s) in 3 time steps
AutoTuner: Block shape <80,40,40> took 1.348408 (s) in 3 time steps
AutoTuner: Block shape <40,80,40> took 1.435925 (s) in 3 time steps
AutoTuner: Block shape <40,40,80> took 1.355060 (s) in 3 time steps
AutoTuner: Block shape <80,80,40> took 1.486913 (s) in 3 time steps
AutoTuner: Block shape <80,40,80> took 1.409998 (s) in 3 time steps
AutoTuner: Block shape <40,80,80> took 1.547490 (s) in 3 time steps
AutoTuner: Block shape <80,80,80> took 1.594466 (s) in 3 time steps
AutoTuner: Block shape <128,64,64> took 1.376061 (s) in 3 time steps
AutoTuner: Block shape <64,128,64> took 1.513521 (s) in 3 time steps
AutoTuner: Block shape <64,64,128> took 1.446386 (s) in 3 time steps
AutoTuner: Block shape <128,128,64> took 1.598496 (s) in 3 time steps
AutoTuner: Block shape <128,64,128> took 1.517036 (s) in 3 time steps
AutoTuner: Block shape <64,128,128> took 1.601792 (s) in 3 time steps
AutoTuner: Block shape <256,128,128> took 2.207677 (s) in 3 time steps
AutoTuner: Block shape <128,256,128> took 2.329717 (s) in 3 time steps
AutoTuner: Block shape <128,128,256> took 2.338286 (s) in 3 time steps
AutoTuner: Block shape <256,256,128> took 3.026641 (s) in 3 time steps
AutoTuner: Block shape <256,128,256> took 2.818897 (s) in 3 time steps
AutoTuner: Block shape <128,256,256> took 2.897769 (s) in 3 time steps
AutoTuner: Block shape <512,256,256> took 9.829541 (s) in 3 time steps
AutoTuner: Block shape <256,512,256> took 10.510152 (s) in 3 time steps
AutoTuner: Block shape <256,256,512> took 9.992190 (s) in 3 time steps
AutoTuner: Block shape <512,512,256> took 19.714202 (s) in 3 time steps
AutoTuner: Block shape <512,256,512> took 18.839779 (s) in 3 time steps
AutoTuner: Block shape <256,512,512> took 19.293256 (s) in 3 time steps
Auto-tuned block shape: {'x0_block_size': 8, 'y0_block_size': 8, 'z0_block_size': 24}
=========================================================================================
Section section_1<415,1> with OI=0.64 computed in 0.000 s [0.14 GFlops/s]
Section section_2<415,101> with OI=1.27 computed in 0.005 s [0.81 GFlops/s]
Section main<415,516,516,516> with OI=64.41 computed in 477.124 s [339.02 GFlops/s, 0.12 GPts/s]
=========================================================================================
Allocating memory for m ((532, 532, 532))
Allocating memory for damp ((532, 532, 532))
Allocating memory for epsilon ((532, 532, 532))
Allocating memory for delta ((532, 532, 532))
Allocating memory for theta ((532, 532, 532))
Allocating memory for phi ((532, 532, 532))
Allocating memory for src ((417, 1))
Allocating memory for src_coords ((1, 3))
Allocating memory for nrec_coords ((101, 3))
Allocating memory for rec_coords ((101, 3))
DSE: extract_time_invariants [flops: 5483, elapsed: 0.46] >>
     eliminate_inter_stencil_redundancies [flops: 5315, elapsed: 0.70] >>
     eliminate_intra_stencil_redundancies [flops: 2611, elapsed: 0.88] >>
     factorize [flops: 2119, elapsed: 3.03] >>
     finalize [flops: 2121, elapsed: 0.05]
     [Total elapsed: 5.13 s]
DLE: avoid_denormals [elapsed: 0.00] >>
     loop_fission [elapsed: 0.03] >>
     loop_blocking [elapsed: 0.25] >>
     simdize [elapsed: 0.17] >>
     ompize [elapsed: 0.07] >>
     create_elemental_functions [elapsed: 0.48] >>
     minimize_remainders [elapsed: 0.03]
     [Total elapsed: 1.03 s]
Allocating memory for rec ((417, 101))
Allocating memory for u ((3, 532, 532, 532))
Allocating memory for v ((3, 532, 532, 532))
IntelCompiler: compiled /tmp/devito-aldqn1ky/2d3a0b46ca3d2e22c51e1de8c4f4a04a6d591a3d.c [563.53 s]
AutoTuner: Block shape <8,8,8> took 0.779097 (s) in 3 time steps
AutoTuner: Block shape <16,16,16> took 0.699046 (s) in 3 time steps
AutoTuner: Block shape <24,24,24> took 0.706006 (s) in 3 time steps
AutoTuner: Block shape <32,32,32> took 0.711125 (s) in 3 time steps
AutoTuner: Block shape <40,40,40> took 0.771328 (s) in 3 time steps
AutoTuner: Block shape <64,64,64> took 0.858668 (s) in 3 time steps
AutoTuner: Block shape <128,128,128> took 1.189447 (s) in 3 time steps
AutoTuner: Block shape <256,256,256> took 3.468554 (s) in 3 time steps
AutoTuner: Block shape <512,512,512> took 24.356351 (s) in 3 time steps
AutoTuner: Block shape <516,516,516> took 22.970719 (s) in 3 time steps
AutoTuner: Block shape <8,8,16> took 0.725177 (s) in 3 time steps
AutoTuner: Block shape <8,8,24> took 0.709191 (s) in 3 time steps
AutoTuner: Block shape <8,8,32> took 0.701668 (s) in 3 time steps
AutoTuner: Block shape <8,8,40> took 0.705639 (s) in 3 time steps
AutoTuner: Block shape <8,8,64> took 0.718608 (s) in 3 time steps
AutoTuner: Block shape <8,8,128> took 0.732231 (s) in 3 time steps
AutoTuner: Block shape <8,8,256> took 0.756888 (s) in 3 time steps
AutoTuner: Block shape <8,8,512> took 0.945905 (s) in 3 time steps
AutoTuner: Block shape <8,8,516> took 0.964751 (s) in 3 time steps
AutoTuner: Block shape <16,16,8> took 0.762793 (s) in 3 time steps
AutoTuner: Block shape <16,16,24> took 0.705087 (s) in 3 time steps
AutoTuner: Block shape <16,16,32> took 0.709567 (s) in 3 time steps
AutoTuner: Block shape <16,16,40> took 0.706741 (s) in 3 time steps
AutoTuner: Block shape <16,16,64> took 0.710416 (s) in 3 time steps
AutoTuner: Block shape <16,16,128> took 0.716322 (s) in 3 time steps
AutoTuner: Block shape <16,16,256> took 0.826922 (s) in 3 time steps
AutoTuner: Block shape <16,16,512> took 1.028704 (s) in 3 time steps
AutoTuner: Block shape <16,16,516> took 1.043748 (s) in 3 time steps
AutoTuner: Block shape <24,24,8> took 0.768920 (s) in 3 time steps
AutoTuner: Block shape <24,24,16> took 0.736690 (s) in 3 time steps
AutoTuner: Block shape <24,24,32> took 0.721151 (s) in 3 time steps
AutoTuner: Block shape <24,24,40> took 0.726641 (s) in 3 time steps
AutoTuner: Block shape <24,24,64> took 0.710944 (s) in 3 time steps
AutoTuner: Block shape <24,24,128> took 0.759536 (s) in 3 time steps
AutoTuner: Block shape <24,24,256> took 0.895505 (s) in 3 time steps
AutoTuner: Block shape <24,24,512> took 1.106433 (s) in 3 time steps
AutoTuner: Block shape <24,24,516> took 1.110907 (s) in 3 time steps
AutoTuner: Block shape <32,32,8> took 0.791919 (s) in 3 time steps
AutoTuner: Block shape <32,32,16> took 0.760455 (s) in 3 time steps
AutoTuner: Block shape <32,32,24> took 0.739457 (s) in 3 time steps
AutoTuner: Block shape <32,32,40> took 0.723203 (s) in 3 time steps
AutoTuner: Block shape <32,32,64> took 0.723269 (s) in 3 time steps
AutoTuner: Block shape <32,32,128> took 0.814439 (s) in 3 time steps
AutoTuner: Block shape <32,32,256> took 0.940270 (s) in 3 time steps
AutoTuner: Block shape <32,32,512> took 1.111118 (s) in 3 time steps
AutoTuner: Block shape <32,32,516> took 1.114973 (s) in 3 time steps
AutoTuner: Block shape <16,8,8> took 0.779364 (s) in 3 time steps
AutoTuner: Block shape <8,16,8> took 0.777527 (s) in 3 time steps
AutoTuner: Block shape <16,8,16> took 0.732265 (s) in 3 time steps
AutoTuner: Block shape <8,16,16> took 0.731164 (s) in 3 time steps
AutoTuner: Block shape <32,16,16> took 0.727166 (s) in 3 time steps
AutoTuner: Block shape <16,32,16> took 0.738893 (s) in 3 time steps
AutoTuner: Block shape <32,16,32> took 0.710367 (s) in 3 time steps
AutoTuner: Block shape <16,32,32> took 0.721917 (s) in 3 time steps
AutoTuner: Block shape <48,24,24> took 0.749708 (s) in 3 time steps
AutoTuner: Block shape <24,48,24> took 0.755127 (s) in 3 time steps
AutoTuner: Block shape <24,24,48> took 0.724260 (s) in 3 time steps
AutoTuner: Block shape <48,48,24> took 0.771989 (s) in 3 time steps
AutoTuner: Block shape <48,24,48> took 0.737677 (s) in 3 time steps
AutoTuner: Block shape <24,48,48> took 0.764361 (s) in 3 time steps
AutoTuner: Block shape <48,48,48> took 0.794059 (s) in 3 time steps
AutoTuner: Block shape <64,32,32> took 0.734905 (s) in 3 time steps
AutoTuner: Block shape <32,64,32> took 0.762521 (s) in 3 time steps
AutoTuner: Block shape <64,64,32> took 0.770439 (s) in 3 time steps
AutoTuner: Block shape <64,32,64> took 0.723319 (s) in 3 time steps
AutoTuner: Block shape <32,64,64> took 0.840560 (s) in 3 time steps
AutoTuner: Block shape <80,40,40> took 0.809859 (s) in 3 time steps
AutoTuner: Block shape <40,80,40> took 0.893881 (s) in 3 time steps
AutoTuner: Block shape <40,40,80> took 0.837127 (s) in 3 time steps
AutoTuner: Block shape <80,80,40> took 0.917600 (s) in 3 time steps
AutoTuner: Block shape <80,40,80> took 0.870025 (s) in 3 time steps
AutoTuner: Block shape <40,80,80> took 0.983990 (s) in 3 time steps
AutoTuner: Block shape <80,80,80> took 1.010751 (s) in 3 time steps
AutoTuner: Block shape <128,64,64> took 0.873933 (s) in 3 time steps
AutoTuner: Block shape <64,128,64> took 1.006768 (s) in 3 time steps
AutoTuner: Block shape <64,64,128> took 0.957157 (s) in 3 time steps
AutoTuner: Block shape <128,128,64> took 1.055920 (s) in 3 time steps
AutoTuner: Block shape <128,64,128> took 1.005580 (s) in 3 time steps
AutoTuner: Block shape <64,128,128> took 1.090624 (s) in 3 time steps
AutoTuner: Block shape <256,128,128> took 1.467034 (s) in 3 time steps
AutoTuner: Block shape <128,256,128> took 1.596452 (s) in 3 time steps
AutoTuner: Block shape <128,128,256> took 1.535615 (s) in 3 time steps
AutoTuner: Block shape <256,256,128> took 2.088789 (s) in 3 time steps
AutoTuner: Block shape <256,128,256> took 1.859058 (s) in 3 time steps
AutoTuner: Block shape <128,256,256> took 1.941144 (s) in 3 time steps
AutoTuner: Block shape <512,256,256> took 6.382494 (s) in 3 time steps
AutoTuner: Block shape <256,512,256> took 6.686455 (s) in 3 time steps
AutoTuner: Block shape <256,256,512> took 6.410504 (s) in 3 time steps
AutoTuner: Block shape <512,512,256> took 12.902117 (s) in 3 time steps
AutoTuner: Block shape <512,256,512> took 12.197159 (s) in 3 time steps
AutoTuner: Block shape <256,512,512> took 12.372949 (s) in 3 time steps
Auto-tuned block shape: {'x0_block_size': 16, 'y0_block_size': 16, 'z0_block_size': 16}
=========================================================================================
Section section_0<524,524,524> with OI=0.33 computed in 0.076 s [13.24 GFlops/s]
Section section_2<415,1> with OI=0.64 computed in 0.000 s [0.16 GFlops/s]
Section section_3<415,101> with OI=1.27 computed in 0.005 s [0.80 GFlops/s]
Section main<415,516,516,516> with OI=43.77 computed in 263.891 s [458.26 GFlops/s, 0.22 GPts/s]
=========================================================================================
Allocating memory for m ((532, 532, 532))
Allocating memory for damp ((532, 532, 532))
Allocating memory for epsilon ((532, 532, 532))
Allocating memory for delta ((532, 532, 532))
Allocating memory for theta ((532, 532, 532))
Allocating memory for phi ((532, 532, 532))
Allocating memory for src ((417, 1))
Allocating memory for src_coords ((1, 3))
Allocating memory for nrec_coords ((101, 3))
Allocating memory for rec_coords ((101, 3))
DSE: extract_time_invariants [flops: 5483, elapsed: 0.43] >>
     eliminate_inter_stencil_redundancies [flops: 5315, elapsed: 0.70] >>
     eliminate_intra_stencil_redundancies [flops: 2611, elapsed: 0.88] >>
     factorize [flops: 2119, elapsed: 3.07] >>
     finalize [flops: 2121, elapsed: 0.05]
     [Total elapsed: 5.13 s]
DLE: avoid_denormals [elapsed: 0.00] >>
     loop_fission [elapsed: 0.03] >>
     loop_blocking [elapsed: 0.25] >>
     simdize [elapsed: 0.17] >>
     ompize [elapsed: 0.07] >>
     create_elemental_functions [elapsed: 0.44] >>
     minimize_remainders [elapsed: 0.03]
     [Total elapsed: 0.99 s]
Allocating memory for rec ((417, 101))
Allocating memory for u ((3, 532, 532, 532))
Allocating memory for v ((3, 532, 532, 532))
IntelCompiler: compiled /tmp/devito-aldqn1ky/2d3a0b46ca3d2e22c51e1de8c4f4a04a6d591a3d.c [531.17 s]
AutoTuner: Block shape <8,8,8> took 0.777247 (s) in 3 time steps
AutoTuner: Block shape <16,16,16> took 0.700614 (s) in 3 time steps
AutoTuner: Block shape <24,24,24> took 0.703594 (s) in 3 time steps
AutoTuner: Block shape <32,32,32> took 0.713244 (s) in 3 time steps
AutoTuner: Block shape <40,40,40> took 0.773199 (s) in 3 time steps
AutoTuner: Block shape <64,64,64> took 0.859790 (s) in 3 time steps
AutoTuner: Block shape <128,128,128> took 1.192072 (s) in 3 time steps
AutoTuner: Block shape <256,256,256> took 3.462590 (s) in 3 time steps
AutoTuner: Block shape <512,512,512> took 24.302311 (s) in 3 time steps
AutoTuner: Block shape <516,516,516> took 23.006627 (s) in 3 time steps
AutoTuner: Block shape <8,8,16> took 0.724912 (s) in 3 time steps
AutoTuner: Block shape <8,8,24> took 0.707535 (s) in 3 time steps
AutoTuner: Block shape <8,8,32> took 0.703342 (s) in 3 time steps
AutoTuner: Block shape <8,8,40> took 0.701207 (s) in 3 time steps
AutoTuner: Block shape <8,8,64> took 0.719556 (s) in 3 time steps
AutoTuner: Block shape <8,8,128> took 0.732001 (s) in 3 time steps
AutoTuner: Block shape <8,8,256> took 0.757531 (s) in 3 time steps
AutoTuner: Block shape <8,8,512> took 0.944362 (s) in 3 time steps
AutoTuner: Block shape <8,8,516> took 0.964903 (s) in 3 time steps
AutoTuner: Block shape <16,16,8> took 0.762761 (s) in 3 time steps
AutoTuner: Block shape <16,16,24> took 0.708981 (s) in 3 time steps
AutoTuner: Block shape <16,16,32> took 0.701612 (s) in 3 time steps
AutoTuner: Block shape <16,16,40> took 0.706002 (s) in 3 time steps
AutoTuner: Block shape <16,16,64> took 0.713140 (s) in 3 time steps
AutoTuner: Block shape <16,16,128> took 0.717223 (s) in 3 time steps
AutoTuner: Block shape <16,16,256> took 0.826501 (s) in 3 time steps
AutoTuner: Block shape <16,16,512> took 1.031434 (s) in 3 time steps
AutoTuner: Block shape <16,16,516> took 1.045589 (s) in 3 time steps
AutoTuner: Block shape <24,24,8> took 0.770369 (s) in 3 time steps
AutoTuner: Block shape <24,24,16> took 0.737114 (s) in 3 time steps
AutoTuner: Block shape <24,24,32> took 0.724523 (s) in 3 time steps
AutoTuner: Block shape <24,24,40> took 0.726803 (s) in 3 time steps
AutoTuner: Block shape <24,24,64> took 0.712647 (s) in 3 time steps
AutoTuner: Block shape <24,24,128> took 0.761955 (s) in 3 time steps
AutoTuner: Block shape <24,24,256> took 0.894709 (s) in 3 time steps
AutoTuner: Block shape <24,24,512> took 1.105149 (s) in 3 time steps
AutoTuner: Block shape <24,24,516> took 1.109469 (s) in 3 time steps
AutoTuner: Block shape <32,32,8> took 0.795146 (s) in 3 time steps
AutoTuner: Block shape <32,32,16> took 0.757337 (s) in 3 time steps
AutoTuner: Block shape <32,32,24> took 0.739838 (s) in 3 time steps
AutoTuner: Block shape <32,32,40> took 0.724269 (s) in 3 time steps
AutoTuner: Block shape <32,32,64> took 0.721067 (s) in 3 time steps
AutoTuner: Block shape <32,32,128> took 0.815377 (s) in 3 time steps
AutoTuner: Block shape <32,32,256> took 0.938291 (s) in 3 time steps
AutoTuner: Block shape <32,32,512> took 1.114401 (s) in 3 time steps
AutoTuner: Block shape <32,32,516> took 1.119045 (s) in 3 time steps
AutoTuner: Block shape <16,8,8> took 0.778411 (s) in 3 time steps
AutoTuner: Block shape <8,16,8> took 0.771236 (s) in 3 time steps
AutoTuner: Block shape <16,8,16> took 0.731134 (s) in 3 time steps
AutoTuner: Block shape <8,16,16> took 0.728655 (s) in 3 time steps
AutoTuner: Block shape <32,16,16> took 0.729349 (s) in 3 time steps
AutoTuner: Block shape <16,32,16> took 0.737261 (s) in 3 time steps
AutoTuner: Block shape <32,16,32> took 0.714189 (s) in 3 time steps
AutoTuner: Block shape <16,32,32> took 0.721627 (s) in 3 time steps
AutoTuner: Block shape <48,24,24> took 0.750859 (s) in 3 time steps
AutoTuner: Block shape <24,48,24> took 0.754631 (s) in 3 time steps
AutoTuner: Block shape <24,24,48> took 0.719951 (s) in 3 time steps
AutoTuner: Block shape <48,48,24> took 0.772357 (s) in 3 time steps
AutoTuner: Block shape <48,24,48> took 0.731967 (s) in 3 time steps
AutoTuner: Block shape <24,48,48> took 0.766468 (s) in 3 time steps
AutoTuner: Block shape <48,48,48> took 0.796308 (s) in 3 time steps
AutoTuner: Block shape <64,32,32> took 0.731027 (s) in 3 time steps
AutoTuner: Block shape <32,64,32> took 0.764800 (s) in 3 time steps
AutoTuner: Block shape <64,64,32> took 0.770687 (s) in 3 time steps
AutoTuner: Block shape <64,32,64> took 0.726100 (s) in 3 time steps
AutoTuner: Block shape <32,64,64> took 0.842030 (s) in 3 time steps
AutoTuner: Block shape <80,40,40> took 0.809175 (s) in 3 time steps
AutoTuner: Block shape <40,80,40> took 0.896644 (s) in 3 time steps
AutoTuner: Block shape <40,40,80> took 0.839824 (s) in 3 time steps
AutoTuner: Block shape <80,80,40> took 0.918570 (s) in 3 time steps
AutoTuner: Block shape <80,40,80> took 0.872734 (s) in 3 time steps
AutoTuner: Block shape <40,80,80> took 0.985891 (s) in 3 time steps
AutoTuner: Block shape <80,80,80> took 1.010640 (s) in 3 time steps
AutoTuner: Block shape <128,64,64> took 0.878284 (s) in 3 time steps
AutoTuner: Block shape <64,128,64> took 1.006898 (s) in 3 time steps
AutoTuner: Block shape <64,64,128> took 0.960568 (s) in 3 time steps
AutoTuner: Block shape <128,128,64> took 1.057588 (s) in 3 time steps
AutoTuner: Block shape <128,64,128> took 1.006121 (s) in 3 time steps
AutoTuner: Block shape <64,128,128> took 1.089069 (s) in 3 time steps
AutoTuner: Block shape <256,128,128> took 1.509971 (s) in 3 time steps
AutoTuner: Block shape <128,256,128> took 1.583156 (s) in 3 time steps
AutoTuner: Block shape <128,128,256> took 1.524572 (s) in 3 time steps
AutoTuner: Block shape <256,256,128> took 2.013760 (s) in 3 time steps
AutoTuner: Block shape <256,128,256> took 1.859078 (s) in 3 time steps
AutoTuner: Block shape <128,256,256> took 1.934102 (s) in 3 time steps
AutoTuner: Block shape <512,256,256> took 6.393034 (s) in 3 time steps
AutoTuner: Block shape <256,512,256> took 6.680757 (s) in 3 time steps
AutoTuner: Block shape <256,256,512> took 6.398071 (s) in 3 time steps
AutoTuner: Block shape <512,512,256> took 12.899511 (s) in 3 time steps
AutoTuner: Block shape <512,256,512> took 12.175567 (s) in 3 time steps
AutoTuner: Block shape <256,512,512> took 12.389087 (s) in 3 time steps
Auto-tuned block shape: {'x0_block_size': 16, 'y0_block_size': 16, 'z0_block_size': 16}
=========================================================================================
Section section_0<524,524,524> with OI=0.33 computed in 0.076 s [13.31 GFlops/s]
Section section_2<415,1> with OI=0.64 computed in 0.000 s [0.14 GFlops/s]
Section section_3<415,101> with OI=1.27 computed in 0.005 s [0.81 GFlops/s]
Section main<415,516,516,516> with OI=43.77 computed in 263.695 s [458.60 GFlops/s, 0.22 GPts/s]
=========================================================================================
Allocating memory for m ((532, 532, 532))
Allocating memory for damp ((532, 532, 532))
Allocating memory for epsilon ((532, 532, 532))
Allocating memory for delta ((532, 532, 532))
Allocating memory for theta ((532, 532, 532))
Allocating memory for phi ((532, 532, 532))
Allocating memory for src ((417, 1))
Allocating memory for src_coords ((1, 3))
Allocating memory for nrec_coords ((101, 3))
Allocating memory for rec_coords ((101, 3))
DSE: extract_time_invariants [flops: 5483, elapsed: 0.43] >>
     eliminate_inter_stencil_redundancies [flops: 5315, elapsed: 0.70] >>
     eliminate_intra_stencil_redundancies [flops: 2611, elapsed: 0.88] >>
     factorize [flops: 2119, elapsed: 3.09] >>
     finalize [flops: 2121, elapsed: 0.05]
     [Total elapsed: 5.15 s]
DLE: avoid_denormals [elapsed: 0.00] >>
     loop_fission [elapsed: 0.03] >>
     loop_blocking [elapsed: 0.25] >>
     simdize [elapsed: 0.17] >>
     ompize [elapsed: 0.07] >>
     create_elemental_functions [elapsed: 0.44] >>
     minimize_remainders [elapsed: 0.03]
     [Total elapsed: 0.99 s]
Allocating memory for rec ((417, 101))
Allocating memory for u ((3, 532, 532, 532))
Allocating memory for v ((3, 532, 532, 532))
IntelCompiler: compiled /tmp/devito-aldqn1ky/2d3a0b46ca3d2e22c51e1de8c4f4a04a6d591a3d.c [538.59 s]
AutoTuner: Block shape <8,8,8> took 0.776957 (s) in 3 time steps
AutoTuner: Block shape <16,16,16> took 0.699445 (s) in 3 time steps
AutoTuner: Block shape <24,24,24> took 0.704458 (s) in 3 time steps
AutoTuner: Block shape <32,32,32> took 0.713966 (s) in 3 time steps
AutoTuner: Block shape <40,40,40> took 0.773167 (s) in 3 time steps
AutoTuner: Block shape <64,64,64> took 0.859888 (s) in 3 time steps
AutoTuner: Block shape <128,128,128> took 1.189296 (s) in 3 time steps
AutoTuner: Block shape <256,256,256> took 3.469374 (s) in 3 time steps
AutoTuner: Block shape <512,512,512> took 24.375322 (s) in 3 time steps
AutoTuner: Block shape <516,516,516> took 23.090720 (s) in 3 time steps
AutoTuner: Block shape <8,8,16> took 0.726063 (s) in 3 time steps
AutoTuner: Block shape <8,8,24> took 0.709895 (s) in 3 time steps
AutoTuner: Block shape <8,8,32> took 0.702562 (s) in 3 time steps
AutoTuner: Block shape <8,8,40> took 0.700502 (s) in 3 time steps
AutoTuner: Block shape <8,8,64> took 0.720527 (s) in 3 time steps
AutoTuner: Block shape <8,8,128> took 0.732598 (s) in 3 time steps
AutoTuner: Block shape <8,8,256> took 0.757323 (s) in 3 time steps
AutoTuner: Block shape <8,8,512> took 0.947328 (s) in 3 time steps
AutoTuner: Block shape <8,8,516> took 0.965217 (s) in 3 time steps
AutoTuner: Block shape <16,16,8> took 0.757900 (s) in 3 time steps
AutoTuner: Block shape <16,16,24> took 0.701793 (s) in 3 time steps
AutoTuner: Block shape <16,16,32> took 0.707006 (s) in 3 time steps
AutoTuner: Block shape <16,16,40> took 0.706934 (s) in 3 time steps
AutoTuner: Block shape <16,16,64> took 0.713748 (s) in 3 time steps
AutoTuner: Block shape <16,16,128> took 0.718038 (s) in 3 time steps
AutoTuner: Block shape <16,16,256> took 0.827762 (s) in 3 time steps
AutoTuner: Block shape <16,16,512> took 1.031651 (s) in 3 time steps
AutoTuner: Block shape <16,16,516> took 1.045240 (s) in 3 time steps
AutoTuner: Block shape <24,24,8> took 0.772281 (s) in 3 time steps
AutoTuner: Block shape <24,24,16> took 0.738428 (s) in 3 time steps
AutoTuner: Block shape <24,24,32> took 0.724188 (s) in 3 time steps
AutoTuner: Block shape <24,24,40> took 0.729623 (s) in 3 time steps
AutoTuner: Block shape <24,24,64> took 0.713805 (s) in 3 time steps
AutoTuner: Block shape <24,24,128> took 0.763423 (s) in 3 time steps
AutoTuner: Block shape <24,24,256> took 0.895292 (s) in 3 time steps
AutoTuner: Block shape <24,24,512> took 1.105223 (s) in 3 time steps
AutoTuner: Block shape <24,24,516> took 1.110930 (s) in 3 time steps
AutoTuner: Block shape <32,32,8> took 0.800251 (s) in 3 time steps
AutoTuner: Block shape <32,32,16> took 0.761083 (s) in 3 time steps
AutoTuner: Block shape <32,32,24> took 0.738622 (s) in 3 time steps
AutoTuner: Block shape <32,32,40> took 0.723502 (s) in 3 time steps
AutoTuner: Block shape <32,32,64> took 0.720789 (s) in 3 time steps
AutoTuner: Block shape <32,32,128> took 0.817353 (s) in 3 time steps
AutoTuner: Block shape <32,32,256> took 0.937562 (s) in 3 time steps
AutoTuner: Block shape <32,32,512> took 1.112592 (s) in 3 time steps
AutoTuner: Block shape <32,32,516> took 1.118629 (s) in 3 time steps
AutoTuner: Block shape <16,8,8> took 0.779545 (s) in 3 time steps
AutoTuner: Block shape <8,16,8> took 0.771478 (s) in 3 time steps
AutoTuner: Block shape <16,8,16> took 0.732079 (s) in 3 time steps
AutoTuner: Block shape <8,16,16> took 0.730947 (s) in 3 time steps
AutoTuner: Block shape <32,16,16> took 0.732750 (s) in 3 time steps
AutoTuner: Block shape <16,32,16> took 0.734428 (s) in 3 time steps
AutoTuner: Block shape <32,16,32> took 0.712792 (s) in 3 time steps
AutoTuner: Block shape <16,32,32> took 0.720260 (s) in 3 time steps
AutoTuner: Block shape <48,24,24> took 0.753896 (s) in 3 time steps
AutoTuner: Block shape <24,48,24> took 0.755813 (s) in 3 time steps
AutoTuner: Block shape <24,24,48> took 0.720402 (s) in 3 time steps
AutoTuner: Block shape <48,48,24> took 0.772094 (s) in 3 time steps
AutoTuner: Block shape <48,24,48> took 0.732244 (s) in 3 time steps
AutoTuner: Block shape <24,48,48> took 0.766433 (s) in 3 time steps
AutoTuner: Block shape <48,48,48> took 0.796602 (s) in 3 time steps
AutoTuner: Block shape <64,32,32> took 0.729838 (s) in 3 time steps
AutoTuner: Block shape <32,64,32> took 0.766024 (s) in 3 time steps
AutoTuner: Block shape <64,64,32> took 0.771143 (s) in 3 time steps
AutoTuner: Block shape <64,32,64> took 0.726396 (s) in 3 time steps
AutoTuner: Block shape <32,64,64> took 0.841358 (s) in 3 time steps
AutoTuner: Block shape <80,40,40> took 0.811376 (s) in 3 time steps
AutoTuner: Block shape <40,80,40> took 0.897963 (s) in 3 time steps
AutoTuner: Block shape <40,40,80> took 0.839954 (s) in 3 time steps
AutoTuner: Block shape <80,80,40> took 0.918728 (s) in 3 time steps
AutoTuner: Block shape <80,40,80> took 0.870624 (s) in 3 time steps
AutoTuner: Block shape <40,80,80> took 0.986722 (s) in 3 time steps
AutoTuner: Block shape <80,80,80> took 1.013788 (s) in 3 time steps
AutoTuner: Block shape <128,64,64> took 0.877322 (s) in 3 time steps
AutoTuner: Block shape <64,128,64> took 1.007244 (s) in 3 time steps
AutoTuner: Block shape <64,64,128> took 0.959355 (s) in 3 time steps
AutoTuner: Block shape <128,128,64> took 1.056624 (s) in 3 time steps
AutoTuner: Block shape <128,64,128> took 1.006413 (s) in 3 time steps
AutoTuner: Block shape <64,128,128> took 1.090776 (s) in 3 time steps
AutoTuner: Block shape <256,128,128> took 1.502439 (s) in 3 time steps
AutoTuner: Block shape <128,256,128> took 1.582764 (s) in 3 time steps
AutoTuner: Block shape <128,128,256> took 1.557852 (s) in 3 time steps
AutoTuner: Block shape <256,256,128> took 2.022537 (s) in 3 time steps
AutoTuner: Block shape <256,128,256> took 1.857462 (s) in 3 time steps
AutoTuner: Block shape <128,256,256> took 1.942783 (s) in 3 time steps
AutoTuner: Block shape <512,256,256> took 6.404465 (s) in 3 time steps
AutoTuner: Block shape <256,512,256> took 6.692427 (s) in 3 time steps
AutoTuner: Block shape <256,256,512> took 6.398140 (s) in 3 time steps
AutoTuner: Block shape <512,512,256> took 12.926319 (s) in 3 time steps
AutoTuner: Block shape <512,256,512> took 12.251842 (s) in 3 time steps
AutoTuner: Block shape <256,512,512> took 12.409818 (s) in 3 time steps
Auto-tuned block shape: {'x0_block_size': 16, 'y0_block_size': 16, 'z0_block_size': 16}
=========================================================================================
Section section_0<524,524,524> with OI=0.33 computed in 0.075 s [13.41 GFlops/s]
Section section_2<415,1> with OI=0.64 computed in 0.000 s [0.13 GFlops/s]
Section section_3<415,101> with OI=1.27 computed in 0.004 s [1.04 GFlops/s]
Section main<415,516,516,516> with OI=43.77 computed in 263.703 s [458.59 GFlops/s, 0.22 GPts/s]
=========================================================================================
Allocating memory for m ((532, 532, 532))
Allocating memory for damp ((532, 532, 532))
Allocating memory for epsilon ((532, 532, 532))
Allocating memory for delta ((532, 532, 532))
Allocating memory for theta ((532, 532, 532))
Allocating memory for phi ((532, 532, 532))
Allocating memory for src ((417, 1))
Allocating memory for src_coords ((1, 3))
Allocating memory for nrec_coords ((101, 3))
Allocating memory for rec_coords ((101, 3))
DSE: extract_time_varying [flops: 3953, elapsed: 0.36] >>
     extract_time_invariants [flops: 3409, elapsed: 0.15] >>
     eliminate_inter_stencil_redundancies [flops: 1243, elapsed: 0.41] >>
     extract_sum_of_products [flops: 901, elapsed: 0.06] >>
     eliminate_inter_stencil_redundancies [flops: 579, elapsed: 0.09] >>
     extract_sum_of_products [flops: 492, elapsed: 0.03] >>
     factorize [flops: 368, elapsed: 0.32] >>
     eliminate_intra_stencil_redundancies [flops: 299, elapsed: 0.06] >>
     finalize [flops: 300, elapsed: 0.01]
     [Total elapsed: 1.48 s]
DLE: avoid_denormals [elapsed: 0.00] >>
     loop_fission [elapsed: 0.01] >>
     loop_blocking [elapsed: 0.42] >>
     simdize [elapsed: 0.04] >>
     ompize [elapsed: 0.04] >>
     create_elemental_functions [elapsed: 0.29] >>
     minimize_remainders [elapsed: 0.02]
     [Total elapsed: 0.81 s]
Allocating memory for rec ((417, 101))
Allocating memory for u ((3, 532, 532, 532))
Allocating memory for v ((3, 532, 532, 532))
IntelCompiler: compiled /tmp/devito-aldqn1ky/c819e5f729991eae33c8979e7b521d6add386faa.c [6.71 s]
AutoTuner: Block shape <8,8,8> took 0.776240 (s) in 3 time steps
AutoTuner: Block shape <16,16,16> took 0.571756 (s) in 3 time steps
AutoTuner: Block shape <24,24,24> took 0.628112 (s) in 3 time steps
AutoTuner: Block shape <32,32,32> took 0.574679 (s) in 3 time steps
AutoTuner: Block shape <40,40,40> took 0.569085 (s) in 3 time steps
AutoTuner: Block shape <8,8,16> took 0.599694 (s) in 3 time steps
AutoTuner: Block shape <8,8,24> took 0.637523 (s) in 3 time steps
AutoTuner: Block shape <8,8,32> took 0.584059 (s) in 3 time steps
AutoTuner: Block shape <8,8,40> took 0.652996 (s) in 3 time steps
AutoTuner: Block shape <8,8,64> took 0.639797 (s) in 3 time steps
AutoTuner: Block shape <8,8,128> took 0.663322 (s) in 3 time steps
AutoTuner: Block shape <8,8,256> took 0.701157 (s) in 3 time steps
AutoTuner: Block shape <8,8,512> took 0.760755 (s) in 3 time steps
AutoTuner: Block shape <8,8,516> took 0.763580 (s) in 3 time steps
AutoTuner: Block shape <16,16,8> took 0.797863 (s) in 3 time steps
AutoTuner: Block shape <16,16,24> took 0.620154 (s) in 3 time steps
AutoTuner: Block shape <16,16,32> took 0.542092 (s) in 3 time steps
AutoTuner: Block shape <16,16,40> took 0.587959 (s) in 3 time steps
AutoTuner: Block shape <16,16,64> took 0.553760 (s) in 3 time steps
AutoTuner: Block shape <16,16,128> took 0.554201 (s) in 3 time steps
AutoTuner: Block shape <16,16,256> took 0.571944 (s) in 3 time steps
AutoTuner: Block shape <24,24,8> took 0.958463 (s) in 3 time steps
AutoTuner: Block shape <24,24,16> took 0.616161 (s) in 3 time steps
AutoTuner: Block shape <24,24,32> took 0.555344 (s) in 3 time steps
AutoTuner: Block shape <24,24,40> took 0.582374 (s) in 3 time steps
AutoTuner: Block shape <24,24,64> took 0.539142 (s) in 3 time steps
AutoTuner: Block shape <24,24,128> took 0.506792 (s) in 3 time steps
AutoTuner: Block shape <32,32,8> took 1.001520 (s) in 3 time steps
AutoTuner: Block shape <32,32,16> took 0.653070 (s) in 3 time steps
AutoTuner: Block shape <32,32,24> took 0.641887 (s) in 3 time steps
AutoTuner: Block shape <32,32,40> took 0.577601 (s) in 3 time steps
AutoTuner: Block shape <32,32,64> took 0.510907 (s) in 3 time steps
AutoTuner: Block shape <32,32,128> took 0.522076 (s) in 3 time steps
AutoTuner: Block shape <16,8,8> took 0.724830 (s) in 3 time steps
AutoTuner: Block shape <8,16,8> took 0.718748 (s) in 3 time steps
AutoTuner: Block shape <16,8,16> took 0.562114 (s) in 3 time steps
AutoTuner: Block shape <8,16,16> took 0.566543 (s) in 3 time steps
AutoTuner: Block shape <32,16,16> took 0.624459 (s) in 3 time steps
AutoTuner: Block shape <16,32,16> took 0.630959 (s) in 3 time steps
AutoTuner: Block shape <32,16,32> took 0.556647 (s) in 3 time steps
AutoTuner: Block shape <16,32,32> took 0.578393 (s) in 3 time steps
AutoTuner: Block shape <48,24,24> took 0.635617 (s) in 3 time steps
AutoTuner: Block shape <24,48,24> took 0.666171 (s) in 3 time steps
AutoTuner: Block shape <24,24,48> took 0.545008 (s) in 3 time steps
AutoTuner: Block shape <48,48,24> took 0.635359 (s) in 3 time steps
AutoTuner: Block shape <48,24,48> took 0.540586 (s) in 3 time steps
AutoTuner: Block shape <24,48,48> took 0.539759 (s) in 3 time steps
AutoTuner: Block shape <48,48,48> took 0.520302 (s) in 3 time steps
AutoTuner: Block shape <64,32,32> took 0.566034 (s) in 3 time steps
AutoTuner: Block shape <32,64,32> took 0.564764 (s) in 3 time steps
AutoTuner: Block shape <64,64,32> took 0.544947 (s) in 3 time steps
AutoTuner: Block shape <64,32,64> took 0.491356 (s) in 3 time steps
AutoTuner: Block shape <32,64,64> took 0.574993 (s) in 3 time steps
AutoTuner: Block shape <40,40,80> took 0.513246 (s) in 3 time steps
Auto-tuned block shape: {'x0_block_size': 64, 'y0_block_size': 32, 'z0_block_size': 64}
=========================================================================================
Section section_0<524,524,524> with OI=0.16 computed in 0.096 s [6.02 GFlops/s]
Section section_3<415,1> with OI=0.64 computed in 0.000 s [0.13 GFlops/s]
Section section_4<415,101> with OI=1.27 computed in 0.003 s [1.10 GFlops/s]
Section main<415,524,524,524> with OI=4.46 computed in 158.609 s [112.94 GFlops/s, 0.38 GPts/s]
=========================================================================================
Allocating memory for m ((532, 532, 532))
Allocating memory for damp ((532, 532, 532))
Allocating memory for epsilon ((532, 532, 532))
Allocating memory for delta ((532, 532, 532))
Allocating memory for theta ((532, 532, 532))
Allocating memory for phi ((532, 532, 532))
Allocating memory for src ((417, 1))
Allocating memory for src_coords ((1, 3))
Allocating memory for nrec_coords ((101, 3))
Allocating memory for rec_coords ((101, 3))
DSE: extract_time_varying [flops: 3953, elapsed: 0.36] >>
     extract_time_invariants [flops: 3409, elapsed: 0.15] >>
     eliminate_inter_stencil_redundancies [flops: 1243, elapsed: 0.41] >>
     extract_sum_of_products [flops: 901, elapsed: 0.06] >>
     eliminate_inter_stencil_redundancies [flops: 579, elapsed: 0.09] >>
     extract_sum_of_products [flops: 492, elapsed: 0.03] >>
     factorize [flops: 368, elapsed: 0.27] >>
     eliminate_intra_stencil_redundancies [flops: 299, elapsed: 0.06] >>
     finalize [flops: 300, elapsed: 0.01]
     [Total elapsed: 1.44 s]
DLE: avoid_denormals [elapsed: 0.00] >>
     loop_fission [elapsed: 0.01] >>
     loop_blocking [elapsed: 0.42] >>
     simdize [elapsed: 0.04] >>
     ompize [elapsed: 0.04] >>
     create_elemental_functions [elapsed: 0.29] >>
     minimize_remainders [elapsed: 0.02]
     [Total elapsed: 0.81 s]
Allocating memory for rec ((417, 101))
Allocating memory for u ((3, 532, 532, 532))
Allocating memory for v ((3, 532, 532, 532))
IntelCompiler: compiled /tmp/devito-aldqn1ky/e06cef8e18e60847727813b0812e1d8168402cde.c [6.70 s]
AutoTuner: Block shape <8,8,8> took 0.769663 (s) in 3 time steps
AutoTuner: Block shape <16,16,16> took 0.572234 (s) in 3 time steps
AutoTuner: Block shape <24,24,24> took 0.628592 (s) in 3 time steps
AutoTuner: Block shape <32,32,32> took 0.575695 (s) in 3 time steps
AutoTuner: Block shape <40,40,40> took 0.567733 (s) in 3 time steps
AutoTuner: Block shape <8,8,16> took 0.595391 (s) in 3 time steps
AutoTuner: Block shape <8,8,24> took 0.639662 (s) in 3 time steps
AutoTuner: Block shape <8,8,32> took 0.581904 (s) in 3 time steps
AutoTuner: Block shape <8,8,40> took 0.651918 (s) in 3 time steps
AutoTuner: Block shape <8,8,64> took 0.639730 (s) in 3 time steps
AutoTuner: Block shape <8,8,128> took 0.664876 (s) in 3 time steps
AutoTuner: Block shape <8,8,256> took 0.701808 (s) in 3 time steps
AutoTuner: Block shape <8,8,512> took 0.761173 (s) in 3 time steps
AutoTuner: Block shape <8,8,516> took 0.761943 (s) in 3 time steps
AutoTuner: Block shape <16,16,8> took 0.791291 (s) in 3 time steps
AutoTuner: Block shape <16,16,24> took 0.617359 (s) in 3 time steps
AutoTuner: Block shape <16,16,32> took 0.542061 (s) in 3 time steps
AutoTuner: Block shape <16,16,40> took 0.587577 (s) in 3 time steps
AutoTuner: Block shape <16,16,64> took 0.555687 (s) in 3 time steps
AutoTuner: Block shape <16,16,128> took 0.551698 (s) in 3 time steps
AutoTuner: Block shape <16,16,256> took 0.570952 (s) in 3 time steps
AutoTuner: Block shape <24,24,8> took 0.958149 (s) in 3 time steps
AutoTuner: Block shape <24,24,16> took 0.616403 (s) in 3 time steps
AutoTuner: Block shape <24,24,32> took 0.555835 (s) in 3 time steps
AutoTuner: Block shape <24,24,40> took 0.582681 (s) in 3 time steps
AutoTuner: Block shape <24,24,64> took 0.536985 (s) in 3 time steps
AutoTuner: Block shape <24,24,128> took 0.507234 (s) in 3 time steps
AutoTuner: Block shape <32,32,8> took 1.001119 (s) in 3 time steps
AutoTuner: Block shape <32,32,16> took 0.652702 (s) in 3 time steps
AutoTuner: Block shape <32,32,24> took 0.643914 (s) in 3 time steps
AutoTuner: Block shape <32,32,40> took 0.576155 (s) in 3 time steps
AutoTuner: Block shape <32,32,64> took 0.509333 (s) in 3 time steps
AutoTuner: Block shape <32,32,128> took 0.522444 (s) in 3 time steps
AutoTuner: Block shape <16,8,8> took 0.723760 (s) in 3 time steps
AutoTuner: Block shape <8,16,8> took 0.721306 (s) in 3 time steps
AutoTuner: Block shape <16,8,16> took 0.563761 (s) in 3 time steps
AutoTuner: Block shape <8,16,16> took 0.562736 (s) in 3 time steps
AutoTuner: Block shape <32,16,16> took 0.625058 (s) in 3 time steps
AutoTuner: Block shape <16,32,16> took 0.631051 (s) in 3 time steps
AutoTuner: Block shape <32,16,32> took 0.556812 (s) in 3 time steps
AutoTuner: Block shape <16,32,32> took 0.577870 (s) in 3 time steps
AutoTuner: Block shape <48,24,24> took 0.634948 (s) in 3 time steps
AutoTuner: Block shape <24,48,24> took 0.666617 (s) in 3 time steps
AutoTuner: Block shape <24,24,48> took 0.543543 (s) in 3 time steps
AutoTuner: Block shape <48,48,24> took 0.638278 (s) in 3 time steps
AutoTuner: Block shape <48,24,48> took 0.540601 (s) in 3 time steps
AutoTuner: Block shape <24,48,48> took 0.541696 (s) in 3 time steps
AutoTuner: Block shape <48,48,48> took 0.519502 (s) in 3 time steps
AutoTuner: Block shape <64,32,32> took 0.566653 (s) in 3 time steps
AutoTuner: Block shape <32,64,32> took 0.563971 (s) in 3 time steps
AutoTuner: Block shape <64,64,32> took 0.542699 (s) in 3 time steps
AutoTuner: Block shape <64,32,64> took 0.492836 (s) in 3 time steps
AutoTuner: Block shape <32,64,64> took 0.574036 (s) in 3 time steps
AutoTuner: Block shape <40,40,80> took 0.515262 (s) in 3 time steps
Auto-tuned block shape: {'x0_block_size': 64, 'y0_block_size': 32, 'z0_block_size': 64}
=========================================================================================
Section section_0<524,524,524> with OI=0.16 computed in 0.096 s [6.01 GFlops/s]
Section section_3<415,1> with OI=0.64 computed in 0.000 s [0.13 GFlops/s]
Section section_4<415,101> with OI=1.27 computed in 0.003 s [1.12 GFlops/s]
Section main<415,524,524,524> with OI=4.46 computed in 158.733 s [112.85 GFlops/s, 0.38 GPts/s]
=========================================================================================
Allocating memory for m ((532, 532, 532))
Allocating memory for damp ((532, 532, 532))
Allocating memory for epsilon ((532, 532, 532))
Allocating memory for delta ((532, 532, 532))
Allocating memory for theta ((532, 532, 532))
Allocating memory for phi ((532, 532, 532))
Allocating memory for src ((417, 1))
Allocating memory for src_coords ((1, 3))
Allocating memory for nrec_coords ((101, 3))
Allocating memory for rec_coords ((101, 3))
DSE: extract_time_varying [flops: 3953, elapsed: 0.36] >>
     extract_time_invariants [flops: 3409, elapsed: 0.15] >>
     eliminate_inter_stencil_redundancies [flops: 1243, elapsed: 0.41] >>
     extract_sum_of_products [flops: 901, elapsed: 0.06] >>
     eliminate_inter_stencil_redundancies [flops: 579, elapsed: 0.09] >>
     extract_sum_of_products [flops: 492, elapsed: 0.03] >>
     factorize [flops: 368, elapsed: 0.28] >>
     eliminate_intra_stencil_redundancies [flops: 299, elapsed: 0.06] >>
     finalize [flops: 300, elapsed: 0.01]
     [Total elapsed: 1.44 s]
DLE: avoid_denormals [elapsed: 0.00] >>
     loop_fission [elapsed: 0.01] >>
     loop_blocking [elapsed: 0.42] >>
     simdize [elapsed: 0.04] >>
     ompize [elapsed: 0.04] >>
     create_elemental_functions [elapsed: 0.29] >>
     minimize_remainders [elapsed: 0.02]
     [Total elapsed: 0.82 s]
Allocating memory for rec ((417, 101))
Allocating memory for u ((3, 532, 532, 532))
Allocating memory for v ((3, 532, 532, 532))
IntelCompiler: compiled /tmp/devito-aldqn1ky/bad782043a968d077e3ab3931865f51c5da5e613.c [6.73 s]
AutoTuner: Block shape <8,8,8> took 0.783297 (s) in 3 time steps
AutoTuner: Block shape <16,16,16> took 0.572816 (s) in 3 time steps
AutoTuner: Block shape <24,24,24> took 0.630690 (s) in 3 time steps
AutoTuner: Block shape <32,32,32> took 0.578190 (s) in 3 time steps
AutoTuner: Block shape <40,40,40> took 0.570808 (s) in 3 time steps
AutoTuner: Block shape <8,8,16> took 0.598572 (s) in 3 time steps
AutoTuner: Block shape <8,8,24> took 0.640275 (s) in 3 time steps
AutoTuner: Block shape <8,8,32> took 0.585404 (s) in 3 time steps
AutoTuner: Block shape <8,8,40> took 0.655055 (s) in 3 time steps
AutoTuner: Block shape <8,8,64> took 0.639286 (s) in 3 time steps
AutoTuner: Block shape <8,8,128> took 0.663025 (s) in 3 time steps
AutoTuner: Block shape <8,8,256> took 0.701689 (s) in 3 time steps
AutoTuner: Block shape <8,8,512> took 0.764194 (s) in 3 time steps
AutoTuner: Block shape <8,8,516> took 0.760794 (s) in 3 time steps
AutoTuner: Block shape <16,16,8> took 0.796737 (s) in 3 time steps
AutoTuner: Block shape <16,16,24> took 0.622474 (s) in 3 time steps
AutoTuner: Block shape <16,16,32> took 0.540543 (s) in 3 time steps
AutoTuner: Block shape <16,16,40> took 0.589543 (s) in 3 time steps
AutoTuner: Block shape <16,16,64> took 0.555425 (s) in 3 time steps
AutoTuner: Block shape <16,16,128> took 0.552826 (s) in 3 time steps
AutoTuner: Block shape <16,16,256> took 0.571614 (s) in 3 time steps
AutoTuner: Block shape <24,24,8> took 0.960394 (s) in 3 time steps
AutoTuner: Block shape <24,24,16> took 0.619150 (s) in 3 time steps
AutoTuner: Block shape <24,24,32> took 0.557073 (s) in 3 time steps
AutoTuner: Block shape <24,24,40> took 0.584564 (s) in 3 time steps
AutoTuner: Block shape <24,24,64> took 0.538383 (s) in 3 time steps
AutoTuner: Block shape <24,24,128> took 0.509136 (s) in 3 time steps
AutoTuner: Block shape <32,32,8> took 1.004306 (s) in 3 time steps
AutoTuner: Block shape <32,32,16> took 0.653914 (s) in 3 time steps
AutoTuner: Block shape <32,32,24> took 0.644092 (s) in 3 time steps
AutoTuner: Block shape <32,32,40> took 0.576764 (s) in 3 time steps
AutoTuner: Block shape <32,32,64> took 0.511828 (s) in 3 time steps
AutoTuner: Block shape <32,32,128> took 0.523925 (s) in 3 time steps
AutoTuner: Block shape <16,8,8> took 0.723314 (s) in 3 time steps
AutoTuner: Block shape <8,16,8> took 0.724836 (s) in 3 time steps
AutoTuner: Block shape <16,8,16> took 0.563572 (s) in 3 time steps
AutoTuner: Block shape <8,16,16> took 0.566661 (s) in 3 time steps
AutoTuner: Block shape <32,16,16> took 0.624066 (s) in 3 time steps
AutoTuner: Block shape <16,32,16> took 0.633154 (s) in 3 time steps
AutoTuner: Block shape <32,16,32> took 0.558686 (s) in 3 time steps
AutoTuner: Block shape <16,32,32> took 0.579726 (s) in 3 time steps
AutoTuner: Block shape <48,24,24> took 0.635414 (s) in 3 time steps
AutoTuner: Block shape <24,48,24> took 0.666465 (s) in 3 time steps
AutoTuner: Block shape <24,24,48> took 0.546075 (s) in 3 time steps
AutoTuner: Block shape <48,48,24> took 0.634614 (s) in 3 time steps
AutoTuner: Block shape <48,24,48> took 0.539288 (s) in 3 time steps
AutoTuner: Block shape <24,48,48> took 0.542685 (s) in 3 time steps
AutoTuner: Block shape <48,48,48> took 0.521009 (s) in 3 time steps
AutoTuner: Block shape <64,32,32> took 0.562920 (s) in 3 time steps
AutoTuner: Block shape <32,64,32> took 0.565715 (s) in 3 time steps
AutoTuner: Block shape <64,64,32> took 0.545510 (s) in 3 time steps
AutoTuner: Block shape <64,32,64> took 0.494472 (s) in 3 time steps
AutoTuner: Block shape <32,64,64> took 0.575215 (s) in 3 time steps
AutoTuner: Block shape <40,40,80> took 0.515925 (s) in 3 time steps
Auto-tuned block shape: {'x0_block_size': 64, 'y0_block_size': 32, 'z0_block_size': 64}
=========================================================================================
Section section_0<524,524,524> with OI=0.16 computed in 0.096 s [6.01 GFlops/s]
Section section_3<415,1> with OI=0.64 computed in 0.000 s [0.16 GFlops/s]
Section section_4<415,101> with OI=1.27 computed in 0.004 s [0.92 GFlops/s]
Section main<415,524,524,524> with OI=4.46 computed in 159.089 s [112.60 GFlops/s, 0.38 GPts/s]
=========================================================================================


OpesciBench: Running 3 repeats - parameters: arch: unknown, autotune: True, dle: advanced, dse: basic, nbpml: 10, shape: (512, 512, 512), space_order: 16, spacing: (20.0, 20.0, 20.0), time_order: 2, tn: 1000
OpesciBench [18:02:50]: --- Run 0 ---
icc -O3 -g -fPIC -Wall -std=c99 -xhost -shared -qopenmp /tmp/devito-aldqn1ky/3fd64013e5691d1cd9ca08fe7c65c27f84bdcf2f.c -o /tmp/devito-aldqn1ky/3fd64013e5691d1cd9ca08fe7c65c27f84bdcf2f.so
OpesciBench [18:24:49]: --- Run 0 finished ---

OpesciBench [18:24:49]: --- Run 1 ---
icc -O3 -g -fPIC -Wall -std=c99 -xhost -shared -qopenmp /tmp/devito-aldqn1ky/3fd64013e5691d1cd9ca08fe7c65c27f84bdcf2f.c -o /tmp/devito-aldqn1ky/3fd64013e5691d1cd9ca08fe7c65c27f84bdcf2f.so
OpesciBench [18:46:45]: --- Run 1 finished ---

OpesciBench [18:46:45]: --- Run 2 ---
icc -O3 -g -fPIC -Wall -std=c99 -xhost -shared -qopenmp /tmp/devito-aldqn1ky/3fd64013e5691d1cd9ca08fe7c65c27f84bdcf2f.c -o /tmp/devito-aldqn1ky/3fd64013e5691d1cd9ca08fe7c65c27f84bdcf2f.so
OpesciBench [19:09:11]: --- Run 2 finished ---





OpesciBench: Running 3 repeats - parameters: arch: unknown, autotune: True, dle: advanced, dse: advanced, nbpml: 10, shape: (512, 512, 512), space_order: 16, spacing: (20.0, 20.0, 20.0), time_order: 2, tn: 1000
OpesciBench [19:09:11]: --- Run 0 ---
icc -O3 -g -fPIC -Wall -std=c99 -xhost -shared -qopenmp /tmp/devito-aldqn1ky/2d3a0b46ca3d2e22c51e1de8c4f4a04a6d591a3d.c -o /tmp/devito-aldqn1ky/2d3a0b46ca3d2e22c51e1de8c4f4a04a6d591a3d.so
OpesciBench [19:26:34]: --- Run 0 finished ---

OpesciBench [19:26:34]: --- Run 1 ---
icc -O3 -g -fPIC -Wall -std=c99 -xhost -shared -qopenmp /tmp/devito-aldqn1ky/2d3a0b46ca3d2e22c51e1de8c4f4a04a6d591a3d.c -o /tmp/devito-aldqn1ky/2d3a0b46ca3d2e22c51e1de8c4f4a04a6d591a3d.so
OpesciBench [19:43:25]: --- Run 1 finished ---

OpesciBench [19:43:25]: --- Run 2 ---
icc -O3 -g -fPIC -Wall -std=c99 -xhost -shared -qopenmp /tmp/devito-aldqn1ky/2d3a0b46ca3d2e22c51e1de8c4f4a04a6d591a3d.c -o /tmp/devito-aldqn1ky/2d3a0b46ca3d2e22c51e1de8c4f4a04a6d591a3d.so
OpesciBench [20:00:24]: --- Run 2 finished ---





OpesciBench: Running 3 repeats - parameters: arch: unknown, autotune: True, dle: advanced, dse: aggressive, nbpml: 10, shape: (512, 512, 512), space_order: 16, spacing: (20.0, 20.0, 20.0), time_order: 2, tn: 1000
OpesciBench [20:00:24]: --- Run 0 ---
icc -O3 -g -fPIC -Wall -std=c99 -xhost -shared -qopenmp /tmp/devito-aldqn1ky/c819e5f729991eae33c8979e7b521d6add386faa.c -o /tmp/devito-aldqn1ky/c819e5f729991eae33c8979e7b521d6add386faa.so
OpesciBench [20:04:11]: --- Run 0 finished ---

OpesciBench [20:04:11]: --- Run 1 ---
icc -O3 -g -fPIC -Wall -std=c99 -xhost -shared -qopenmp /tmp/devito-aldqn1ky/e06cef8e18e60847727813b0812e1d8168402cde.c -o /tmp/devito-aldqn1ky/e06cef8e18e60847727813b0812e1d8168402cde.so
OpesciBench [20:07:59]: --- Run 1 finished ---

OpesciBench [20:07:59]: --- Run 2 ---
icc -O3 -g -fPIC -Wall -std=c99 -xhost -shared -qopenmp /tmp/devito-aldqn1ky/bad782043a968d077e3ab3931865f51c5da5e613.c -o /tmp/devito-aldqn1ky/bad782043a968d077e3ab3931865f51c5da5e613.so
OpesciBench [20:11:47]: --- Run 2 finished ---



Thu Dec 21 20:11:47 PST 2017
top - 20:11:47 up 22 days, 11:00,  3 users,  load average: 54.83, 48.17, 36.98
Tasks: 1953 total,   1 running, 1952 sleeping,   0 stopped,   0 zombie
%Cpu(s):  5.7 us,  0.1 sy,  0.0 ni, 94.2 id,  0.0 wa,  0.0 hi,  0.0 si,  0.0 st
KiB Mem : 19652648+total, 18770044+free,  4762924 used,  4063108 buff/cache
KiB Swap: 50331644 total, 47136824 free,  3194820 used. 19101948+avail Mem 

   PID USER      PR  NI    VIRT    RES    SHR S  %CPU %MEM     TIME+ COMMAND
 96718 cyount    20   0  152236   3936   1476 R   5.9  0.0   0:00.02 top
     1 root      20   0  197856   6604   1468 S   0.0  0.0   1:11.27 systemd
     2 root      20   0       0      0      0 S   0.0  0.0   0:00.30 kthreadd
     3 root      20   0       0      0      0 S   0.0  0.0   0:00.12 ksoftirqd/0
     5 root       0 -20       0      0      0 S   0.0  0.0   0:00.00 kworker/0:0H
     8 root      rt   0       0      0      0 S   0.0  0.0   0:01.43 migration/0
     9 root      20   0       0      0      0 S   0.0  0.0   0:00.00 rcu_bh
    10 root      20   0       0      0      0 S   0.0  0.0   0:00.00 rcuob/0
    11 root      20   0       0      0      0 S   0.0  0.0   0:00.00 rcuob/1
    12 root      20   0       0      0      0 S   0.0  0.0   0:00.00 rcuob/2
    13 root      20   0       0      0      0 S   0.0  0.0   0:00.00 rcuob/3
    14 root      20   0       0      0      0 S   0.0  0.0   0:00.00 rcuob/4
    15 root      20   0       0      0      0 S   0.0  0.0   0:00.00 rcuob/5
    16 root      20   0       0      0      0 S   0.0  0.0   0:00.00 rcuob/6
    17 root      20   0       0      0      0 S   0.0  0.0   0:00.00 rcuob/7
    18 root      20   0       0      0      0 S   0.0  0.0   0:00.00 rcuob/8
    19 root      20   0       0      0      0 S   0.0  0.0   0:00.00 rcuob/9
    20 root      20   0       0      0      0 S   0.0  0.0   0:00.00 rcuob/10
    21 root      20   0       0      0      0 S   0.0  0.0   0:00.00 rcuob/11
    22 root      20   0       0      0      0 S   0.0  0.0   0:00.00 rcuob/12
    23 root      20   0       0      0      0 S   0.0  0.0   0:00.00 rcuob/13
    24 root      20   0       0      0      0 S   0.0  0.0   0:00.00 rcuob/14
    25 root      20   0       0      0      0 S   0.0  0.0   0:00.00 rcuob/15
